load envirionment

/hpc/group/borsuklab/csr33/object_detection/naip_tiles/m_3311718_sw_11_060_20200424.tif
/hpc/group/borsuklab/csr33/object_detection/naip_tiles/m_3108157_nw_17_060_20191110_20200106.tif
/hpc/group/borsuklab/csr33/object_detection/naip_tiles/m_2608024_sw_17_060_20191120_20200113.tif
/hpc/group/borsuklab/csr33/object_detection/naip_tiles/m_4007435_sw_18_060_20190917_20191209.tif
/hpc/group/borsuklab/csr33/object_detection/naip_tiles/m_4407059_sw_19_060_20211007.tif
/hpc/group/borsuklab/csr33/object_detection/naip_tiles/m_2809612_se_14_060_20201106.tif
/hpc/group/borsuklab/csr33/object_detection/naip_tiles/m_3707644_sw_18_060_20210912.tif
/hpc/group/borsuklab/csr33/object_detection/naip_tiles/m_2909111_ne_15_060_20190706_20191001.tif
/hpc/group/borsuklab/csr33/object_detection/naip_tiles/m_3009323_nw_15_060_20190904_20191001.tif
/hpc/group/borsuklab/csr33/object_detection/naip_tiles/m_3008207_sw_17_060_20191110_20200108.tif
/hpc/group/borsuklab/csr33/object_detection/naip_tiles/m_4207049_nw_19_060_20210826.tif
/hpc/group/borsuklab/csr33/object_detection/naip_tiles/m_3507601_se_18_060_20200922.tif
/hpc/group/borsuklab/csr33/object_detection/naip_tiles/m_3707534_sw_18_060_20211017.tif
/hpc/group/borsuklab/csr33/object_detection/naip_tiles/m_3607649_nw_18_060_20200922.tif
m_4207049_nw_19_060_20210826 320
m_4007435_sw_18_060_20190917_20191209 300
m_3311718_sw_11_060_20200424 340
m_3607649_nw_18_060_20200922 340
m_3108157_nw_17_060_20191110_20200106 340
m_3707534_sw_18_060_20211017 340
m_4407059_sw_19_060_20211007 336
m_3008207_sw_17_060_20191110_20200108 340
m_2809612_se_14_060_20201106 360
m_3707644_sw_18_060_20210912 357
m_3507601_se_18_060_20200922 357
m_2608024_sw_17_060_20191120_20200113 360
m_3009323_nw_15_060_20190904_20191001 360
m_2909111_ne_15_060_20190706_20191001 360
113.7146565914154
