Anaconda3 2021.05
# packages in environment at /hpc/group/borsuklab/cred/.conda/envs/yolov8_env:
#
# Name                    Version                   Build  Channel
_libgcc_mutex             0.1                        main  
_openmp_mutex             5.1                       1_gnu  
absl-py                   2.0.0                    pypi_0    pypi
antlr4-python3-runtime    4.9.3                    pypi_0    pypi
asttokens                 2.4.1                    pypi_0    pypi
attrs                     23.2.0                   pypi_0    pypi
bzip2                     1.0.8                h7b6447c_0  
ca-certificates           2023.12.12           h06a4308_0  
cachetools                5.3.2                    pypi_0    pypi
certifi                   2023.11.17               pypi_0    pypi
charset-normalizer        3.3.2                    pypi_0    pypi
comet-ml                  3.36.0                   pypi_0    pypi
comm                      0.1.2           py311h06a4308_0  
configobj                 5.0.8                    pypi_0    pypi
contourpy                 1.2.0                    pypi_0    pypi
cycler                    0.12.1                   pypi_0    pypi
debugpy                   1.6.7           py311h6a678d5_0  
decorator                 5.1.1              pyhd3eb1b0_0  
dulwich                   0.21.7                   pypi_0    pypi
everett                   3.1.0                    pypi_0    pypi
executing                 2.0.1                    pypi_0    pypi
filelock                  3.13.1                   pypi_0    pypi
fonttools                 4.47.2                   pypi_0    pypi
fsspec                    2023.12.2                pypi_0    pypi
gitdb                     4.0.11                   pypi_0    pypi
gitpython                 3.1.41                   pypi_0    pypi
google-auth               2.26.2                   pypi_0    pypi
google-auth-oauthlib      1.2.0                    pypi_0    pypi
grpcio                    1.60.0                   pypi_0    pypi
hydra-core                1.3.2                    pypi_0    pypi
idna                      3.6                      pypi_0    pypi
ipykernel                 6.25.0          py311h92b7b1e_0  
ipython                   8.20.0          py311h06a4308_0  
jedi                      0.19.1                   pypi_0    pypi
jinja2                    3.1.3                    pypi_0    pypi
jsonschema                4.20.0                   pypi_0    pypi
jsonschema-specifications 2023.12.1                pypi_0    pypi
jupyter_client            8.6.0           py311h06a4308_0  
jupyter_core              5.5.0           py311h06a4308_0  
kiwisolver                1.4.5                    pypi_0    pypi
ld_impl_linux-64          2.38                 h1181459_1  
libffi                    3.4.4                h6a678d5_0  
libgcc-ng                 11.2.0               h1234567_1  
libgomp                   11.2.0               h1234567_1  
libsodium                 1.0.18               h7b6447c_0  
libstdcxx-ng              11.2.0               h1234567_1  
libuuid                   1.41.5               h5eee18b_0  
markdown                  3.5.2                    pypi_0    pypi
markdown-it-py            3.0.0                    pypi_0    pypi
markupsafe                2.1.3                    pypi_0    pypi
matplotlib                3.8.2                    pypi_0    pypi
matplotlib-inline         0.1.6           py311h06a4308_0  
mdurl                     0.1.2                    pypi_0    pypi
mpmath                    1.3.0                    pypi_0    pypi
ncurses                   6.4                  h6a678d5_0  
nest-asyncio              1.5.6           py311h06a4308_0  
networkx                  3.2.1                    pypi_0    pypi
numpy                     1.26.3                   pypi_0    pypi
nvidia-cublas-cu12        12.1.3.1                 pypi_0    pypi
nvidia-cuda-cupti-cu12    12.1.105                 pypi_0    pypi
nvidia-cuda-nvrtc-cu12    12.1.105                 pypi_0    pypi
nvidia-cuda-runtime-cu12  12.1.105                 pypi_0    pypi
nvidia-cudnn-cu12         8.9.2.26                 pypi_0    pypi
nvidia-cufft-cu12         11.0.2.54                pypi_0    pypi
nvidia-curand-cu12        10.3.2.106               pypi_0    pypi
nvidia-cusolver-cu12      11.4.5.107               pypi_0    pypi
nvidia-cusparse-cu12      12.1.0.106               pypi_0    pypi
nvidia-nccl-cu12          2.18.1                   pypi_0    pypi
nvidia-nvjitlink-cu12     12.3.101                 pypi_0    pypi
nvidia-nvtx-cu12          12.1.105                 pypi_0    pypi
oauthlib                  3.2.2                    pypi_0    pypi
omegaconf                 2.3.0                    pypi_0    pypi
opencv-python             4.9.0.80                 pypi_0    pypi
openssl                   3.0.12               h7f8727e_0  
packaging                 23.2                     pypi_0    pypi
pandas                    2.1.4                    pypi_0    pypi
parso                     0.8.3              pyhd3eb1b0_0  
pexpect                   4.9.0                    pypi_0    pypi
pillow                    10.2.0                   pypi_0    pypi
pip                       23.3.1          py311h06a4308_0  
platformdirs              3.10.0          py311h06a4308_0  
prompt-toolkit            3.0.43          py311h06a4308_0  
prompt_toolkit            3.0.43               hd3eb1b0_0  
protobuf                  4.23.4                   pypi_0    pypi
psutil                    5.9.7                    pypi_0    pypi
ptyprocess                0.7.0              pyhd3eb1b0_2  
pure_eval                 0.2.2              pyhd3eb1b0_0  
pyasn1                    0.5.1                    pypi_0    pypi
pyasn1-modules            0.3.0                    pypi_0    pypi
pygments                  2.17.2                   pypi_0    pypi
pyparsing                 3.1.1                    pypi_0    pypi
python                    3.11.7               h955ad1f_0  
python-box                6.1.0                    pypi_0    pypi
python-dateutil           2.8.2              pyhd3eb1b0_0  
pytz                      2023.3.post1             pypi_0    pypi
pyyaml                    6.0.1                    pypi_0    pypi
pyzmq                     25.1.0          py311h6a678d5_0  
readline                  8.2                  h5eee18b_0  
referencing               0.32.1                   pypi_0    pypi
requests                  2.31.0                   pypi_0    pypi
requests-oauthlib         1.3.1                    pypi_0    pypi
requests-toolbelt         1.0.0                    pypi_0    pypi
rich                      13.7.0                   pypi_0    pypi
rpds-py                   0.17.1                   pypi_0    pypi
rsa                       4.9                      pypi_0    pypi
scipy                     1.11.4                   pypi_0    pypi
seaborn                   0.13.1                   pypi_0    pypi
semantic-version          2.10.0                   pypi_0    pypi
sentry-sdk                1.39.2                   pypi_0    pypi
setuptools                68.2.2          py311h06a4308_0  
simplejson                3.19.2                   pypi_0    pypi
six                       1.16.0             pyhd3eb1b0_1  
smmap                     5.0.1                    pypi_0    pypi
sqlite                    3.41.2               h5eee18b_0  
stack-data                0.6.3                    pypi_0    pypi
stack_data                0.2.0              pyhd3eb1b0_0  
sympy                     1.12                     pypi_0    pypi
tensorboard               2.15.1                   pypi_0    pypi
tensorboard-data-server   0.7.2                    pypi_0    pypi
thop                      0.1.1-2209072238          pypi_0    pypi
tk                        8.6.12               h1ccaba5_0  
torch                     2.1.2                    pypi_0    pypi
torchvision               0.16.2                   pypi_0    pypi
tornado                   6.3.3           py311h5eee18b_0  
tqdm                      4.66.1                   pypi_0    pypi
traitlets                 5.14.1                   pypi_0    pypi
triton                    2.1.0                    pypi_0    pypi
typing-extensions         4.9.0                    pypi_0    pypi
tzdata                    2023.4                   pypi_0    pypi
ultralytics               8.0.0                    pypi_0    pypi
urllib3                   2.1.0                    pypi_0    pypi
wcwidth                   0.2.13                   pypi_0    pypi
websocket-client          1.3.3                    pypi_0    pypi
werkzeug                  3.0.1                    pypi_0    pypi
wheel                     0.41.2          py311h06a4308_0  
wrapt                     1.16.0                   pypi_0    pypi
wurlitzer                 3.0.3                    pypi_0    pypi
xz                        5.4.5                h5eee18b_0  
zeromq                    4.3.4                h2531618_0  
zlib                      1.2.13               h5eee18b_0  
[2024-01-14 15:03:14,033][urllib3.connectionpool][WARNING] - Retrying (Retry(total=2, connect=None, read=None, redirect=None, status=None)) after connection broken by 'ReadTimeoutError("HTTPSConnectionPool(host='www.comet.com', port=443): Read timed out. (read timeout=10)")': /clientlib/status-report/update
[2024-01-14 15:04:07,943][urllib3.connectionpool][WARNING] - Retrying (Retry(total=2, connect=None, read=None, redirect=None, status=None)) after connection broken by 'ReadTimeoutError("HTTPSConnectionPool(host='www.comet.com', port=443): Read timed out. (read timeout=10)")': /clientlib/batch/logger/experiment/metric
