load envirionment

/work/csr33/images_for_predictions/naip_tiles/m_3407703_se_18_060_20200930.tif
/work/csr33/images_for_predictions/naip_tiles/m_2709728_ne_14_060_20200430.tif
/work/csr33/images_for_predictions/naip_tiles/m_3907559_nw_18_060_20210623.tif
/work/csr33/images_for_predictions/naip_tiles/m_3907533_nw_18_060_20211020.tif
/work/csr33/images_for_predictions/naip_tiles/m_3807745_ne_18_060_20210903.tif
/work/csr33/images_for_predictions/naip_tiles/m_4307005_ne_19_060_20210722.tif
/work/csr33/images_for_predictions/naip_tiles/m_3307923_nw_17_060_20210501.tif
/work/csr33/images_for_predictions/naip_tiles/m_2608007_ne_17_060_20191120_20200113.tif
/work/csr33/images_for_predictions/naip_tiles/m_3009048_se_15_030_20211116.tif
/work/csr33/images_for_predictions/naip_tiles/m_3407810_ne_17_060_20200603.tif
/work/csr33/images_for_predictions/naip_tiles/m_2609752_nw_14_060_20201209.tif
/work/csr33/images_for_predictions/naip_tiles/m_3607559_ne_18_060_20200516.tif
/work/csr33/images_for_predictions/naip_tiles/m_3507730_nw_18_060_20200930.tif
/work/csr33/images_for_predictions/naip_tiles/m_4406807_nw_19_060_20210920.tif
/work/csr33/images_for_predictions/naip_tiles/m_2508029_nw_17_060_20191126_20200113.tif
/work/csr33/images_for_predictions/naip_tiles/m_2808002_nw_17_060_20211130.tif
/work/csr33/images_for_predictions/naip_tiles/m_3009551_se_15_060_20201030.tif
m_4307005_ne_19_060_20210722 300
/work/csr33/images_for_predictions/naip_tiles/m_3707743_nw_18_060_20210628.tif
m_4406807_nw_19_060_20210920 300
m_3907559_nw_18_060_20210623 320
m_3907533_nw_18_060_20211020 320
m_3407810_ne_17_060_20200603 340
m_3607559_ne_18_060_20200516 340
m_3307923_nw_17_060_20210501 340
m_3507730_nw_18_060_20200930 340
m_3807745_ne_18_060_20210903 340
m_3407703_se_18_060_20200930 357
m_2709728_ne_14_060_20200430 360
m_2608007_ne_17_060_20191120_20200113 360
m_2808002_nw_17_060_20211130 360
m_2508029_nw_17_060_20191126_20200113 360
m_2609752_nw_14_060_20201209 360
m_3707743_nw_18_060_20210628 340
m_3009551_se_15_060_20201030 360
m_3009048_se_15_030_20211116 1365
517.3801648616791
