load envirionment

/work/csr33/images_for_predictions/naip_tiles/m_4606860_sw_19_060_20210817.tif
/work/csr33/images_for_predictions/naip_tiles/m_4007548_nw_18_060_20191015_20191203.tif
/work/csr33/images_for_predictions/naip_tiles/m_3807648_se_18_060_20210618.tif
/work/csr33/images_for_predictions/naip_tiles/m_3009216_sw_15_030_20211212.tif
/work/csr33/images_for_predictions/naip_tiles/m_3907633_se_18_060_20210616.tif
/work/csr33/images_for_predictions/naip_tiles/m_2909001_ne_15_060_20190707_20191001.tif
/work/csr33/images_for_predictions/naip_tiles/m_4207128_sw_19_060_20211024.tif
/work/csr33/images_for_predictions/naip_tiles/m_2608121_sw_17_060_20211203.tif
/work/csr33/images_for_predictions/naip_tiles/m_2909418_nw_15_060_20201112.tif
/work/csr33/images_for_predictions/naip_tiles/m_3211623_se_11_060_20200420.tif
/work/csr33/images_for_predictions/naip_tiles/m_3208008_se_17_060_20210426.tif
/work/csr33/images_for_predictions/naip_tiles/m_3307936_ne_17_060_20210501.tif
/work/csr33/images_for_predictions/naip_tiles/m_2908125_se_17_060_20211129.tif
/work/csr33/images_for_predictions/naip_tiles/m_3307960_ne_17_060_20210501.tif
/work/csr33/images_for_predictions/naip_tiles/m_3009152_sw_15_030_20211114.tif
/work/csr33/images_for_predictions/naip_tiles/m_3108829_sw_16_030_20211123.tif
/work/csr33/images_for_predictions/naip_tiles/m_3008141_ne_17_060_20211129.tif
m_4606860_sw_19_060_20210817 300
/work/csr33/images_for_predictions/naip_tiles/m_4307030_nw_19_060_20210722.tif
m_3807648_se_18_060_20210618 320
m_3907633_se_18_060_20210616 320
m_4007548_nw_18_060_20191015_20191203 320
m_4207128_sw_19_060_20211024 336
m_3211623_se_11_060_20200420 340
m_3307960_ne_17_060_20210501 340
m_3208008_se_17_060_20210426 340
m_3307936_ne_17_060_20210501 340
m_2608121_sw_17_060_20211203 360
m_2909001_ne_15_060_20190707_20191001 360
m_2909418_nw_15_060_20201112 360
m_2908125_se_17_060_20211129 360
m_4307030_nw_19_060_20210722 320
m_3008141_ne_17_060_20211129 360
m_3009216_sw_15_030_20211212 1326
m_3009152_sw_15_030_20211114 1326
m_3108829_sw_16_030_20211123 1400
673.8051211833954
