load envirionment

/work/csr33/images_for_predictions/naip_tiles/m_3009321_ne_15_030_20211122.tif
/work/csr33/images_for_predictions/naip_tiles/m_3009213_sw_15_030_20211222.tif
/work/csr33/images_for_predictions/naip_tiles/m_3208130_sw_17_060_20210426.tif
/work/csr33/images_for_predictions/naip_tiles/m_3707622_ne_18_060_20210926.tif
/work/csr33/images_for_predictions/naip_tiles/m_2909406_sw_15_060_20201112.tif
/work/csr33/images_for_predictions/naip_tiles/m_2708052_ne_17_060_20191215_20200113.tif
/work/csr33/images_for_predictions/naip_tiles/m_3807514_se_18_060_20210624.tif
/work/csr33/images_for_predictions/naip_tiles/m_3008424_se_16_060_20211116.tif
/work/csr33/images_for_predictions/naip_tiles/m_3907427_sw_18_060_20190730_20191209.tif
/work/csr33/images_for_predictions/naip_tiles/m_3208011_se_17_060_20210426.tif
/work/csr33/images_for_predictions/naip_tiles/m_2808232_se_17_060_20211202.tif
/work/csr33/images_for_predictions/naip_tiles/m_3607650_nw_18_060_20200922.tif
/work/csr33/images_for_predictions/naip_tiles/m_4107222_se_18_060_20210926.tif
/work/csr33/images_for_predictions/naip_tiles/m_3008961_sw_16_030_20211116.tif
/work/csr33/images_for_predictions/naip_tiles/m_3411956_sw_11_060_20200524.tif
/work/csr33/images_for_predictions/naip_tiles/m_2808247_nw_17_060_20211130.tif
/work/csr33/images_for_predictions/naip_tiles/m_2708060_se_17_060_20191215_20200113.tif
m_4107222_se_18_060_20210926 336
/work/csr33/images_for_predictions/naip_tiles/m_4207148_se_19_060_20210826.tif
m_3907427_sw_18_060_20190730_20191209 320
m_3208011_se_17_060_20210426 340
m_3807514_se_18_060_20210624 320
m_2909406_sw_15_060_20201112 340
m_3707622_ne_18_060_20210926 340
m_3607650_nw_18_060_20200922 340
m_3411956_sw_11_060_20200524 340
m_3208130_sw_17_060_20210426 340
m_2808247_nw_17_060_20211130 360
m_2808232_se_17_060_20211202 360
m_2708052_ne_17_060_20191215_20200113 360
m_3008424_se_16_060_20211116 360
m_4207148_se_19_060_20210826 336
m_2708060_se_17_060_20191215_20200113 360
m_3009321_ne_15_030_20211122 1326
m_3009213_sw_15_030_20211222 1326
m_3008961_sw_16_030_20211116 1365
293.0714976787567
