load envirionment

/work/csr33/images_for_predictions/naip_tiles/m_3607626_nw_18_060_20210827.tif
/work/csr33/images_for_predictions/naip_tiles/m_3311747_ne_11_060_20200520.tif
/work/csr33/images_for_predictions/naip_tiles/m_2809764_ne_14_060_20201029.tif
/work/csr33/images_for_predictions/naip_tiles/m_2909009_ne_15_060_20190707_20191001.tif
/work/csr33/images_for_predictions/naip_tiles/m_4506734_ne_19_060_20210815.tif
/work/csr33/images_for_predictions/naip_tiles/m_4107123_sw_19_060_20210826.tif
/work/csr33/images_for_predictions/naip_tiles/m_3507763_se_18_060_20201031.tif
/work/csr33/images_for_predictions/naip_tiles/m_2608134_se_17_060_20211223.tif
/work/csr33/images_for_predictions/naip_tiles/m_3308062_sw_17_060_20210426.tif
/work/csr33/images_for_predictions/naip_tiles/m_3208034_nw_17_060_20210426.tif
/work/csr33/images_for_predictions/naip_tiles/m_2509704_nw_14_060_20201209.tif
/work/csr33/images_for_predictions/naip_tiles/m_4107324_ne_18_060_20211106.tif
/work/csr33/images_for_predictions/naip_tiles/m_3412032_nw_10_060_20200522.tif
/work/csr33/images_for_predictions/naip_tiles/m_3211722_se_11_060_20200520.tif
/work/csr33/images_for_predictions/naip_tiles/m_4207304_ne_18_060_20211107.tif
/work/csr33/images_for_predictions/naip_tiles/m_4107325_se_18_060_20211105.tif
/work/csr33/images_for_predictions/naip_tiles/m_4107010_se_19_060_20210904.tif
m_4506734_ne_19_060_20210815 300
/work/csr33/images_for_predictions/naip_tiles/m_3907639_ne_18_060_20180826_20190212.tif
m_4207304_ne_18_060_20211107 320
m_4107324_ne_18_060_20211106 320
m_4107325_se_18_060_20211105 320
m_3311747_ne_11_060_20200520 340
m_3308062_sw_17_060_20210426 340
m_3208034_nw_17_060_20210426 340
m_4107123_sw_19_060_20210826 336
m_2608134_se_17_060_20211223 360
m_3607626_nw_18_060_20210827 340
m_3211722_se_11_060_20200520 340
m_3412032_nw_10_060_20200522 340
m_2809764_ne_14_060_20201029 360
m_3507763_se_18_060_20201031 357
m_2509704_nw_14_060_20201209 360
m_2909009_ne_15_060_20190707_20191001 360
m_3907639_ne_18_060_20180826_20190212 320
m_4107010_se_19_060_20210904 336
212.0104537010193
