load envirionment

/work/csr33/images_for_predictions/naip_tiles/m_4107360_ne_18_060_20211106.tif
/work/csr33/images_for_predictions/naip_tiles/m_2708220_ne_17_060_20211130.tif
/work/csr33/images_for_predictions/naip_tiles/m_3707657_nw_18_060_20210827.tif
/work/csr33/images_for_predictions/naip_tiles/m_3807643_nw_18_060_20210617.tif
/work/csr33/images_for_predictions/naip_tiles/m_4107461_nw_18_060_20190830_20191209.tif
/work/csr33/images_for_predictions/naip_tiles/m_3009210_sw_15_030_20211221.tif
/work/csr33/images_for_predictions/naip_tiles/m_4007444_ne_18_060_20190830_20191209.tif
/work/csr33/images_for_predictions/naip_tiles/m_4406939_sw_19_060_20211006.tif
/work/csr33/images_for_predictions/naip_tiles/m_3208004_sw_17_060_20210507.tif
/work/csr33/images_for_predictions/naip_tiles/m_4207123_se_19_060_20211024.tif
/work/csr33/images_for_predictions/naip_tiles/m_3707712_nw_18_060_20210910.tif
/work/csr33/images_for_predictions/naip_tiles/m_3008944_sw_16_030_20211114.tif
/work/csr33/images_for_predictions/naip_tiles/m_3009442_sw_15_060_20201112.tif
/work/csr33/images_for_predictions/naip_tiles/m_3607632_se_18_060_20210913.tif
/work/csr33/images_for_predictions/naip_tiles/m_3008535_sw_16_060_20191118_20200114.tif
/work/csr33/images_for_predictions/naip_tiles/m_2508041_ne_17_060_20211203.tif
/work/csr33/images_for_predictions/naip_tiles/m_3311836_sw_11_060_20200504.tif
m_4007444_ne_18_060_20190830_20191209 300
/work/csr33/images_for_predictions/naip_tiles/m_3607756_sw_18_060_20200922.tif
m_4107461_nw_18_060_20190830_20191209 300
m_4406939_sw_19_060_20211006 300
m_4107360_ne_18_060_20211106 320
m_3807643_nw_18_060_20210617 320
m_3707712_nw_18_060_20210910 340
m_4207123_se_19_060_20211024 336
m_3008535_sw_16_060_20191118_20200114 340
m_3607632_se_18_060_20210913 340
m_3707657_nw_18_060_20210827 340
m_3009442_sw_15_060_20201112 340
m_3208004_sw_17_060_20210507 340
m_2708220_ne_17_060_20211130 360
m_2508041_ne_17_060_20211203 360
m_3311836_sw_11_060_20200504 340
m_3607756_sw_18_060_20200922 357
m_3009210_sw_15_030_20211221 1326
m_3008944_sw_16_030_20211114 1476
1351.1423437595367
