load envirionment

/work/csr33/images_for_predictions/naip_tiles/m_3807712_sw_18_060_20210903.tif
/work/csr33/images_for_predictions/naip_tiles/m_2909442_sw_15_060_20201116.tif
/work/csr33/images_for_predictions/naip_tiles/m_3009415_nw_15_060_20201030.tif
/work/csr33/images_for_predictions/naip_tiles/m_3008803_nw_16_030_20211123.tif
/work/csr33/images_for_predictions/naip_tiles/m_2608024_ne_17_060_20191120_20200113.tif
/work/csr33/images_for_predictions/naip_tiles/m_3407613_nw_18_060_20201018.tif
/work/csr33/images_for_predictions/naip_tiles/m_3412019_se_10_1_20140926_20150115.tif
/work/csr33/images_for_predictions/naip_tiles/m_3607649_se_18_060_20200922.tif
/work/csr33/images_for_predictions/naip_tiles/m_4406925_nw_19_060_20210827.tif
/work/csr33/images_for_predictions/naip_tiles/m_4307027_ne_19_060_20211007.tif
/work/csr33/images_for_predictions/naip_tiles/m_3009043_sw_15_030_20211120.tif
/work/csr33/images_for_predictions/naip_tiles/m_2909561_nw_15_060_20201117.tif
/work/csr33/images_for_predictions/naip_tiles/m_3009312_sw_15_060_20201031.tif
/work/csr33/images_for_predictions/naip_tiles/m_3008719_se_16_030_20211119.tif
/work/csr33/images_for_predictions/naip_tiles/m_3108822_sw_16_030_20211123.tif
/work/csr33/images_for_predictions/naip_tiles/m_3311658_ne_11_060_20200415.tif
/work/csr33/images_for_predictions/naip_tiles/m_2908140_sw_17_060_20211130.tif
m_3412019_se_10_1_20140926_20150115 132
/work/csr33/images_for_predictions/naip_tiles/m_3009324_se_15_060_20190904_20191001.tif
m_4406925_nw_19_060_20210827 300
m_4307027_ne_19_060_20211007 300
m_3009415_nw_15_060_20201030 340
m_3407613_nw_18_060_20201018 340
m_3311658_ne_11_060_20200415 340
m_3009312_sw_15_060_20201031 340
m_2608024_ne_17_060_20191120_20200113 360
m_2909442_sw_15_060_20201116 360
m_3607649_se_18_060_20200922 357
m_3807712_sw_18_060_20210903 357
m_2909561_nw_15_060_20201117 360
m_2908140_sw_17_060_20211130 360
m_3009324_se_15_060_20190904_20191001 360
m_3009043_sw_15_030_20211120 1365
m_3008719_se_16_030_20211119 1400
m_3108822_sw_16_030_20211123 1400
m_3008803_nw_16_030_20211123 1440
1311.1070652008057
