load envirionment

/work/csr33/images_for_predictions/naip_tiles/m_4207341_sw_18_060_20210920.tif
/work/csr33/images_for_predictions/naip_tiles/m_3008543_sw_16_060_20191118_20200114.tif
/work/csr33/images_for_predictions/naip_tiles/m_2908104_ne_17_060_20211129.tif
/work/csr33/images_for_predictions/naip_tiles/m_3108149_nw_17_060_20191110_20200102.tif
/work/csr33/images_for_predictions/naip_tiles/m_3009322_nw_15_060_20190904_20191001.tif
/work/csr33/images_for_predictions/naip_tiles/m_2908947_se_16_030_20211130.tif
/work/csr33/images_for_predictions/naip_tiles/m_3009430_sw_15_060_20201104.tif
/work/csr33/images_for_predictions/naip_tiles/m_2508043_sw_17_060_20211203.tif
/work/csr33/images_for_predictions/naip_tiles/m_2508051_sw_17_060_20211203.tif
/work/csr33/images_for_predictions/naip_tiles/m_3507550_ne_18_060_20201018.tif
/work/csr33/images_for_predictions/naip_tiles/m_3307933_sw_17_060_20210508.tif
/work/csr33/images_for_predictions/naip_tiles/m_2508115_se_17_060_20211203.tif
/work/csr33/images_for_predictions/naip_tiles/m_2809752_sw_14_060_20201115.tif
/work/csr33/images_for_predictions/naip_tiles/m_3009318_sw_15_060_20201031.tif
/work/csr33/images_for_predictions/naip_tiles/m_2909521_nw_15_060_20201118.tif
/work/csr33/images_for_predictions/naip_tiles/m_2809748_ne_14_060_20201029.tif
/work/csr33/images_for_predictions/naip_tiles/m_3008519_ne_16_060_20191118_20200114.tif
m_4207341_sw_18_060_20210920 320
/work/csr33/images_for_predictions/naip_tiles/m_2908235_nw_17_060_20211129.tif
m_3008543_sw_16_060_20191118_20200114 340
m_3009318_sw_15_060_20201031 340
m_3108149_nw_17_060_20191110_20200102 340
m_3307933_sw_17_060_20210508 340
m_3507550_ne_18_060_20201018 340
m_3009430_sw_15_060_20201104 340
m_2809752_sw_14_060_20201115 360
m_3009322_nw_15_060_20190904_20191001 360
m_2809748_ne_14_060_20201029 360
m_2909521_nw_15_060_20201118 360
m_2508115_se_17_060_20211203 360
m_2908104_ne_17_060_20211129 360
m_2508043_sw_17_060_20211203 380
m_2508051_sw_17_060_20211203 380
m_3008519_ne_16_060_20191118_20200114 340
m_2908235_nw_17_060_20211129 360
m_2908947_se_16_030_20211130 1365
652.0825119018555
