load envirionment

/work/csr33/images_for_predictions/naip_tiles/m_3412016_sw_10_060_20200522.tif
/work/csr33/images_for_predictions/naip_tiles/m_2608054_ne_17_060_20191120_20200113.tif
/work/csr33/images_for_predictions/naip_tiles/m_2708047_sw_17_060_20191215_20200113.tif
/work/csr33/images_for_predictions/naip_tiles/m_3807755_se_18_060_20210630.tif
/work/csr33/images_for_predictions/naip_tiles/m_3907557_se_18_060_20210606.tif
/work/csr33/images_for_predictions/naip_tiles/m_3009252_se_15_030_20211223.tif
/work/csr33/images_for_predictions/naip_tiles/m_2808206_nw_17_060_20211130.tif
/work/csr33/images_for_predictions/naip_tiles/m_2709757_sw_14_060_20200501.tif
/work/csr33/images_for_predictions/naip_tiles/m_3411935_sw_11_060_20200521.tif
/work/csr33/images_for_predictions/naip_tiles/m_4307006_nw_19_060_20210722.tif
/work/csr33/images_for_predictions/naip_tiles/m_3008722_nw_16_060_20191103_20200114.tif
/work/csr33/images_for_predictions/naip_tiles/m_3607655_se_18_060_20200922.tif
/work/csr33/images_for_predictions/naip_tiles/m_4007317_nw_18_060_20211105.tif
/work/csr33/images_for_predictions/naip_tiles/m_3208031_nw_17_060_20210426.tif
/work/csr33/images_for_predictions/naip_tiles/m_3707601_nw_18_060_20210910.tif
/work/csr33/images_for_predictions/naip_tiles/m_3407727_nw_18_060_20200930.tif
/work/csr33/images_for_predictions/naip_tiles/m_3208132_se_17_060_20210426.tif
m_4307006_nw_19_060_20210722 320
/work/csr33/images_for_predictions/naip_tiles/m_2909307_nw_15_060_20190706_20191001.tif
m_3907557_se_18_060_20210606 320
m_4007317_nw_18_060_20211105 320
m_3008722_nw_16_060_20191103_20200114 340
m_3707601_nw_18_060_20210910 340
m_3807755_se_18_060_20210630 357
m_3208031_nw_17_060_20210426 340
m_3411935_sw_11_060_20200521 340
m_3607655_se_18_060_20200922 340
m_3412016_sw_10_060_20200522 340
m_2709757_sw_14_060_20200501 360
m_2708047_sw_17_060_20191215_20200113 360
m_2608054_ne_17_060_20191120_20200113 360
m_3407727_nw_18_060_20200930 360
m_2808206_nw_17_060_20211130 360
m_3208132_se_17_060_20210426 340
m_2909307_nw_15_060_20190706_20191001 360
m_3009252_se_15_030_20211223 1326
295.1119828224182
