load envirionment

/work/csr33/images_for_predictions/naip_tiles/m_4007311_sw_18_060_20211001.tif
/work/csr33/images_for_predictions/naip_tiles/m_3307940_sw_17_060_20210501.tif
/work/csr33/images_for_predictions/naip_tiles/m_3407727_ne_18_060_20200930.tif
/work/csr33/images_for_predictions/naip_tiles/m_3607729_se_18_060_20210910.tif
/work/csr33/images_for_predictions/naip_tiles/m_3311706_sw_11_060_20200423.tif
/work/csr33/images_for_predictions/naip_tiles/m_3108119_sw_17_060_20191110_20200102.tif
/work/csr33/images_for_predictions/naip_tiles/m_3009363_se_15_060_20190706_20191001.tif
/work/csr33/images_for_predictions/naip_tiles/m_3707617_ne_18_060_20210827.tif
/work/csr33/images_for_predictions/naip_tiles/m_4107120_se_19_060_20210826.tif
/work/csr33/images_for_predictions/naip_tiles/m_3208115_ne_17_060_20210426.tif
/work/csr33/images_for_predictions/naip_tiles/m_3008815_se_16_030_20211112.tif
/work/csr33/images_for_predictions/naip_tiles/m_2909433_ne_15_060_20201116.tif
/work/csr33/images_for_predictions/naip_tiles/m_4506744_se_19_060_20210723.tif
/work/csr33/images_for_predictions/naip_tiles/m_4007436_ne_18_060_20190830_20191209.tif
/work/csr33/images_for_predictions/naip_tiles/m_4307026_sw_19_060_20211007.tif
/work/csr33/images_for_predictions/naip_tiles/m_4107114_sw_19_060_20210826.tif
/work/csr33/images_for_predictions/naip_tiles/m_3407717_ne_18_060_20200904.tif
m_4007436_ne_18_060_20190830_20191209 300
/work/csr33/images_for_predictions/naip_tiles/m_3008337_nw_17_060_20191113_20200114.tif
m_4007311_sw_18_060_20211001 320
m_4506744_se_19_060_20210723 315
m_4307026_sw_19_060_20211007 336
m_3307940_sw_17_060_20210501 340
m_4107120_se_19_060_20210826 336
m_4107114_sw_19_060_20210826 336
m_3311706_sw_11_060_20200423 340
m_3407727_ne_18_060_20200930 340
m_3108119_sw_17_060_20191110_20200102 340
m_3707617_ne_18_060_20210827 340
m_3208115_ne_17_060_20210426 340
m_2909433_ne_15_060_20201116 360
m_3009363_se_15_060_20190706_20191001 360
m_3607729_se_18_060_20210910 357
m_3407717_ne_18_060_20200904 340
m_3008337_nw_17_060_20191113_20200114 360
m_3008815_se_16_030_20211112 1400
765.4988520145416
