load envirionment

/work/csr33/images_for_predictions/naip_tiles/m_3907624_sw_18_060_20211020.tif
/work/csr33/images_for_predictions/naip_tiles/m_4107132_sw_19_060_20210826.tif
/work/csr33/images_for_predictions/naip_tiles/m_3108152_ne_17_060_20211203.tif
/work/csr33/images_for_predictions/naip_tiles/m_3307938_nw_17_060_20210501.tif
/work/csr33/images_for_predictions/naip_tiles/m_3411926_se_11_060_20200521.tif
/work/csr33/images_for_predictions/naip_tiles/m_3807645_se_18_060_20211020.tif
/work/csr33/images_for_predictions/naip_tiles/m_2508131_ne_17_060_20211203.tif
/work/csr33/images_for_predictions/naip_tiles/m_3807633_se_18_060_20210617.tif
/work/csr33/images_for_predictions/naip_tiles/m_3411928_se_11_060_20200521.tif
/work/csr33/images_for_predictions/naip_tiles/m_4107464_ne_18_060_20211105.tif
/work/csr33/images_for_predictions/naip_tiles/m_3907533_sw_18_060_20211020.tif
/work/csr33/images_for_predictions/naip_tiles/m_4506749_se_19_060_20210815.tif
/work/csr33/images_for_predictions/naip_tiles/m_2909317_sw_15_060_20201102.tif
/work/csr33/images_for_predictions/naip_tiles/m_3507619_ne_18_060_20201001.tif
/work/csr33/images_for_predictions/naip_tiles/m_4107349_nw_18_060_20211105.tif
/work/csr33/images_for_predictions/naip_tiles/m_3108824_nw_16_030_20211120.tif
/work/csr33/images_for_predictions/naip_tiles/m_3009451_se_15_060_20201112.tif
m_4506749_se_19_060_20210815 300
/work/csr33/images_for_predictions/naip_tiles/m_4107022_se_19_060_20210826.tif
m_3907624_sw_18_060_20211020 320
m_3807645_se_18_060_20211020 320
m_3807633_se_18_060_20210617 320
m_4107349_nw_18_060_20211105 320
m_4107464_ne_18_060_20211105 320
m_3907533_sw_18_060_20211020 320
m_2909317_sw_15_060_20201102 340
m_4107132_sw_19_060_20210826 336
m_3108152_ne_17_060_20211203 340
m_3411928_se_11_060_20200521 340
m_3307938_nw_17_060_20210501 340
m_3507619_ne_18_060_20201001 340
m_3411926_se_11_060_20200521 340
m_2508131_ne_17_060_20211203 360
m_4107022_se_19_060_20210826 320
m_3009451_se_15_060_20201112 340
m_3108824_nw_16_030_20211120 1400
730.2779381275177
