load envirionment

/work/csr33/images_for_predictions/naip_tiles/m_3008443_ne_16_060_20191128_20200114.tif
/work/csr33/images_for_predictions/naip_tiles/m_4007452_sw_18_060_20190730_20191209.tif
/work/csr33/images_for_predictions/naip_tiles/m_2508007_se_17_060_20191120_20200113.tif
/work/csr33/images_for_predictions/naip_tiles/m_4107330_se_18_060_20211103.tif
/work/csr33/images_for_predictions/naip_tiles/m_3311655_nw_11_060_20200415.tif
/work/csr33/images_for_predictions/naip_tiles/m_2808034_sw_17_060_20191202_20200113.tif
/work/csr33/images_for_predictions/naip_tiles/m_3807642_nw_18_060_20210617.tif
/work/csr33/images_for_predictions/naip_tiles/m_4107217_sw_18_060_20211106.tif
/work/csr33/images_for_predictions/naip_tiles/m_2909138_ne_15_060_20190831_20191001.tif
/work/csr33/images_for_predictions/naip_tiles/m_4406805_se_19_060_20210914.tif
/work/csr33/images_for_predictions/naip_tiles/m_4406706_ne_19_060_20210711.tif
/work/csr33/images_for_predictions/naip_tiles/m_3008326_sw_17_060_20191113_20200114.tif
/work/csr33/images_for_predictions/naip_tiles/m_4307017_ne_19_060_20211007.tif
/work/csr33/images_for_predictions/naip_tiles/m_2809608_ne_14_060_20201029.tif
/work/csr33/images_for_predictions/naip_tiles/m_3208006_nw_17_060_20210426.tif
/work/csr33/images_for_predictions/naip_tiles/m_3009128_ne_15_030_20211114.tif
/work/csr33/images_for_predictions/naip_tiles/m_2808236_nw_17_060_20211130.tif
m_4007452_sw_18_060_20190730_20191209 300
/work/csr33/images_for_predictions/naip_tiles/m_3807720_se_18_060_20210903.tif
m_4307017_ne_19_060_20211007 300
m_4406706_ne_19_060_20210711 300
m_4406805_se_19_060_20210914 300
m_3807642_nw_18_060_20210617 320
m_4107330_se_18_060_20211103 336
m_4107217_sw_18_060_20211106 336
m_3208006_nw_17_060_20210426 340
m_3311655_nw_11_060_20200415 340
m_2508007_se_17_060_20191120_20200113 360
m_2809608_ne_14_060_20201029 360
m_2909138_ne_15_060_20190831_20191001 360
m_2808034_sw_17_060_20191202_20200113 360
m_3008326_sw_17_060_20191113_20200114 360
m_3008443_ne_16_060_20191128_20200114 360
m_2808236_nw_17_060_20211130 360
m_3807720_se_18_060_20210903 357
m_3009128_ne_15_030_20211114 1326
1248.204743385315
