load envirionment

/work/csr33/images_for_predictions/naip_tiles/m_2909409_sw_15_060_20201112.tif
/work/csr33/images_for_predictions/naip_tiles/m_2909217_ne_15_060_20190905_20191001.tif
/work/csr33/images_for_predictions/naip_tiles/m_4207314_ne_18_060_20211106.tif
/work/csr33/images_for_predictions/naip_tiles/m_3407856_ne_17_060_20200904.tif
/work/csr33/images_for_predictions/naip_tiles/m_3507742_nw_18_060_20200904.tif
/work/csr33/images_for_predictions/naip_tiles/m_3108129_nw_17_060_20191110_20200102.tif
/work/csr33/images_for_predictions/naip_tiles/m_2908307_se_17_060_20211116.tif
/work/csr33/images_for_predictions/naip_tiles/m_3311836_se_11_060_20200504.tif
/work/csr33/images_for_predictions/naip_tiles/m_3009032_nw_15_030_20211123.tif
/work/csr33/images_for_predictions/naip_tiles/m_4007434_se_18_060_20190917_20191209.tif
/work/csr33/images_for_predictions/naip_tiles/m_2909504_se_15_060_20201118.tif
/work/csr33/images_for_predictions/naip_tiles/m_3311721_se_11_060_20200423.tif
/work/csr33/images_for_predictions/naip_tiles/m_3311663_sw_11_060_20200415.tif
/work/csr33/images_for_predictions/naip_tiles/m_3907512_se_18_060_20211019.tif
/work/csr33/images_for_predictions/naip_tiles/m_4107232_nw_18_060_20210926.tif
/work/csr33/images_for_predictions/naip_tiles/m_3008161_se_17_060_20211130.tif
/work/csr33/images_for_predictions/naip_tiles/m_3009308_sw_15_060_20190904_20191001.tif
m_4007434_se_18_060_20190917_20191209 300
/work/csr33/images_for_predictions/naip_tiles/m_3009458_ne_15_060_20201118.tif
m_4207314_ne_18_060_20211106 320
m_3907512_se_18_060_20211019 320
m_4107232_nw_18_060_20210926 320
m_3108129_nw_17_060_20191110_20200102 340
m_3311721_se_11_060_20200423 340
m_3507742_nw_18_060_20200904 340
m_3407856_ne_17_060_20200904 340
m_3311836_se_11_060_20200504 340
m_3311663_sw_11_060_20200415 340
m_3008161_se_17_060_20211130 360
m_2909504_se_15_060_20201118 360
m_2909217_ne_15_060_20190905_20191001 360
m_2909409_sw_15_060_20201112 360
m_2908307_se_17_060_20211116 378
m_3009308_sw_15_060_20190904_20191001 360
m_3009458_ne_15_060_20201118 360
m_3009032_nw_15_030_20211123 1365
1704.8761484622955
