load envirionment

/work/csr33/images_for_predictions/naip_tiles/m_4107424_nw_18_060_20211105.tif
/work/csr33/images_for_predictions/naip_tiles/m_3208012_ne_17_060_20210426.tif
/work/csr33/images_for_predictions/naip_tiles/m_3009245_sw_15_030_20211222.tif
/work/csr33/images_for_predictions/naip_tiles/m_2908402_sw_16_060_20191128_20200114.tif
/work/csr33/images_for_predictions/naip_tiles/m_3009206_nw_15_030_20211222.tif
/work/csr33/images_for_predictions/naip_tiles/m_3009207_sw_15_030_20211222.tif
/work/csr33/images_for_predictions/naip_tiles/m_3807657_se_18_060_20210910.tif
/work/csr33/images_for_predictions/naip_tiles/m_3307945_se_17_060_20210501.tif
/work/csr33/images_for_predictions/naip_tiles/m_3009439_se_15_060_20201102.tif
/work/csr33/images_for_predictions/naip_tiles/m_3807531_sw_18_060_20211019.tif
/work/csr33/images_for_predictions/naip_tiles/m_3907450_nw_18_060_20190830_20191209.tif
/work/csr33/images_for_predictions/naip_tiles/m_2908232_se_17_060_20211202.tif
/work/csr33/images_for_predictions/naip_tiles/m_3807517_ne_18_060_20210618.tif
/work/csr33/images_for_predictions/naip_tiles/m_3807760_ne_18_060_20210903.tif
/work/csr33/images_for_predictions/naip_tiles/m_4307003_se_19_060_20211007.tif
/work/csr33/images_for_predictions/naip_tiles/m_4207452_se_18_060_20190826_20191209.tif
/work/csr33/images_for_predictions/naip_tiles/m_3008818_nw_16_030_20211119.tif
m_4207452_se_18_060_20190826_20191209 300
/work/csr33/images_for_predictions/naip_tiles/m_3707609_se_18_060_20210827.tif
m_3807531_sw_18_060_20211019 320
m_4307003_se_19_060_20211007 315
m_3907450_nw_18_060_20190830_20191209 320
m_3807517_ne_18_060_20210618 320
m_4107424_nw_18_060_20211105 320
m_3307945_se_17_060_20210501 340
m_3807760_ne_18_060_20210903 340
m_3208012_ne_17_060_20210426 340
m_3009439_se_15_060_20201102 340
m_3807657_se_18_060_20210910 357
m_2908402_sw_16_060_20191128_20200114 360
m_2908232_se_17_060_20211202 360
m_3707609_se_18_060_20210827 357
m_3009245_sw_15_030_20211222 1326
m_3009207_sw_15_030_20211222 1326
m_3009206_nw_15_030_20211222 1326
m_3008818_nw_16_030_20211119 1440
680.6743030548096
