load envirionment

/work/csr33/images_for_predictions/naip_tiles/m_2908250_nw_17_060_20211129.tif
/work/csr33/images_for_predictions/naip_tiles/m_3009408_nw_15_060_20201030.tif
/work/csr33/images_for_predictions/naip_tiles/m_3807520_ne_18_060_20210624.tif
/work/csr33/images_for_predictions/naip_tiles/m_2809750_sw_14_060_20201116.tif
/work/csr33/images_for_predictions/naip_tiles/m_3607644_ne_18_060_20200922.tif
/work/csr33/images_for_predictions/naip_tiles/m_3008439_se_16_060_20191205_20200114.tif
/work/csr33/images_for_predictions/naip_tiles/m_3807518_nw_18_060_20210618.tif
/work/csr33/images_for_predictions/naip_tiles/m_2909016_ne_15_030_20211129.tif
/work/csr33/images_for_predictions/naip_tiles/m_3208116_se_17_060_20210426.tif
/work/csr33/images_for_predictions/naip_tiles/m_4107144_nw_19_060_20210926.tif
/work/csr33/images_for_predictions/naip_tiles/m_4207117_se_19_060_20211105.tif
/work/csr33/images_for_predictions/naip_tiles/m_4506734_sw_19_060_20210815.tif
/work/csr33/images_for_predictions/naip_tiles/m_3311764_nw_11_060_20200428.tif
/work/csr33/images_for_predictions/naip_tiles/m_3707541_nw_18_060_20211017.tif
/work/csr33/images_for_predictions/naip_tiles/m_3907661_nw_18_060_20210606.tif
/work/csr33/images_for_predictions/naip_tiles/m_3507728_sw_18_060_20200930.tif
/work/csr33/images_for_predictions/naip_tiles/m_3907642_nw_18_060_20210616.tif
m_4506734_sw_19_060_20210815 300
/work/csr33/images_for_predictions/naip_tiles/m_3009130_se_15_030_20211116.tif
m_3807520_ne_18_060_20210624 320
m_3707541_nw_18_060_20211017 340
m_4107144_nw_19_060_20210926 320
m_3807518_nw_18_060_20210618 320
m_3907661_nw_18_060_20210606 320
m_4207117_se_19_060_20211105 336
m_3607644_ne_18_060_20200922 340
m_3009408_nw_15_060_20201030 340
m_3208116_se_17_060_20210426 340
m_3311764_nw_11_060_20200428 340
m_2908250_nw_17_060_20211129 360
m_3507728_sw_18_060_20200930 357
m_2809750_sw_14_060_20201116 360
m_3008439_se_16_060_20191205_20200114 360
m_3907642_nw_18_060_20210616 320
m_2909016_ne_15_030_20211129 1365
m_3009130_se_15_030_20211116 1326
311.2131543159485
