load envirionment

/work/csr33/images_for_predictions/naip_tiles/m_3407860_se_17_060_20200922.tif
/work/csr33/images_for_predictions/naip_tiles/m_2809643_se_14_060_20201029.tif
/work/csr33/images_for_predictions/naip_tiles/m_3607601_ne_18_060_20210827.tif
/work/csr33/images_for_predictions/naip_tiles/m_3008346_sw_17_060_20211116.tif
/work/csr33/images_for_predictions/naip_tiles/m_2608215_sw_17_060_20211217.tif
/work/csr33/images_for_predictions/naip_tiles/m_3009564_sw_15_060_20201118.tif
/work/csr33/images_for_predictions/naip_tiles/m_3009407_ne_15_060_20201030.tif
/work/csr33/images_for_predictions/naip_tiles/m_3008619_nw_16_060_20191109_20200114.tif
/work/csr33/images_for_predictions/naip_tiles/m_3008103_se_17_060_20191110_20200108.tif
/work/csr33/images_for_predictions/naip_tiles/m_3108133_se_17_060_20191110_20200102.tif
/work/csr33/images_for_predictions/naip_tiles/m_3009434_ne_15_060_20201118.tif
/work/csr33/images_for_predictions/naip_tiles/m_3311613_nw_11_060_20200416.tif
/work/csr33/images_for_predictions/naip_tiles/m_3008342_sw_17_060_20191117_20200114.tif
/work/csr33/images_for_predictions/naip_tiles/m_3108720_ne_16_030_20211115.tif
/work/csr33/images_for_predictions/naip_tiles/m_3907655_ne_18_060_20211101.tif
/work/csr33/images_for_predictions/naip_tiles/m_2708151_ne_17_060_20191129_20200113.tif
/work/csr33/images_for_predictions/naip_tiles/m_2909024_ne_15_030_20211115.tif
m_3009434_ne_15_060_20201118 340
/work/csr33/images_for_predictions/naip_tiles/m_3009215_sw_15_030_20211212.tif
m_3907655_ne_18_060_20211101 320
m_3008103_se_17_060_20191110_20200108 340
m_3607601_ne_18_060_20210827 340
m_3008619_nw_16_060_20191109_20200114 340
m_3009407_ne_15_060_20201030 340
m_3311613_nw_11_060_20200416 340
m_3108133_se_17_060_20191110_20200102 340
m_3407860_se_17_060_20200922 357
m_3009564_sw_15_060_20201118 360
m_3008342_sw_17_060_20191117_20200114 360
m_2708151_ne_17_060_20191129_20200113 360
m_2809643_se_14_060_20201029 360
m_2608215_sw_17_060_20211217 380
m_3008346_sw_17_060_20211116 378
m_3108720_ne_16_030_20211115 1360
m_2909024_ne_15_030_20211115 1365
m_3009215_sw_15_030_20211212 1326
409.55334734916687
