load envirionment

/work/csr33/images_for_predictions/naip_tiles/m_3208129_sw_17_060_20211202.tif
/work/csr33/images_for_predictions/naip_tiles/m_3507517_sw_18_060_20200516.tif
/work/csr33/images_for_predictions/naip_tiles/m_3807602_ne_18_060_20210617.tif
/work/csr33/images_for_predictions/naip_tiles/m_4007428_nw_18_060_20190830_20191209.tif
/work/csr33/images_for_predictions/naip_tiles/m_3607754_nw_18_060_20200922.tif
/work/csr33/images_for_predictions/naip_tiles/m_3008715_ne_16_060_20191103_20200114.tif
/work/csr33/images_for_predictions/naip_tiles/m_4506857_sw_19_060_20210816.tif
/work/csr33/images_for_predictions/naip_tiles/m_3009461_ne_15_060_20201112.tif
/work/csr33/images_for_predictions/naip_tiles/m_2708157_nw_17_060_20211204.tif
/work/csr33/images_for_predictions/naip_tiles/m_3607633_sw_18_060_20200922.tif
/work/csr33/images_for_predictions/naip_tiles/m_3412031_se_10_060_20200522.tif
/work/csr33/images_for_predictions/naip_tiles/m_3009205_nw_15_030_20211222.tif
/work/csr33/images_for_predictions/naip_tiles/m_3008358_ne_17_060_20191117_20200114.tif
/work/csr33/images_for_predictions/naip_tiles/m_2708002_nw_17_060_20191129_20200113.tif
/work/csr33/images_for_predictions/naip_tiles/m_3009252_sw_15_060_20190706_20191001.tif
/work/csr33/images_for_predictions/naip_tiles/m_3008914_sw_16_030_20211112.tif
/work/csr33/images_for_predictions/naip_tiles/m_4107056_nw_19_060_20210826.tif
m_4506857_sw_19_060_20210816 300
/work/csr33/images_for_predictions/naip_tiles/m_3008717_ne_16_030_20211119.tif
m_4007428_nw_18_060_20190830_20191209 300
m_3807602_ne_18_060_20210617 320
m_3008715_ne_16_060_20191103_20200114 340
m_3009461_ne_15_060_20201112 340
m_3412031_se_10_060_20200522 340
m_3607754_nw_18_060_20200922 340
m_3208129_sw_17_060_20211202 340
m_3507517_sw_18_060_20200516 340
m_3009252_sw_15_060_20190706_20191001 360
m_3607633_sw_18_060_20200922 357
m_3008358_ne_17_060_20191117_20200114 360
m_2708157_nw_17_060_20211204 360
m_2708002_nw_17_060_20191129_20200113 360
m_4107056_nw_19_060_20210826 320
m_3009205_nw_15_030_20211222 1326
m_3008914_sw_16_030_20211112 1476
m_3008717_ne_16_030_20211119 1400
787.0161764621735
