load envirionment

/work/csr33/images_for_predictions/naip_tiles/m_2608019_nw_17_060_20191203_20200113.tif
/work/csr33/images_for_predictions/naip_tiles/m_3807652_ne_18_060_20211020.tif
/work/csr33/images_for_predictions/naip_tiles/m_2908306_se_17_060_20211116.tif
/work/csr33/images_for_predictions/naip_tiles/m_2808253_se_17_060_20211130.tif
/work/csr33/images_for_predictions/naip_tiles/m_4107125_ne_19_060_20210926.tif
/work/csr33/images_for_predictions/naip_tiles/m_3707748_se_18_060_20210912.tif
/work/csr33/images_for_predictions/naip_tiles/m_3411927_se_11_060_20200521.tif
/work/csr33/images_for_predictions/naip_tiles/m_3607647_se_18_060_20201001.tif
/work/csr33/images_for_predictions/naip_tiles/m_2609759_sw_14_060_20201216.tif
/work/csr33/images_for_predictions/naip_tiles/m_2809746_se_14_060_20200501.tif
/work/csr33/images_for_predictions/naip_tiles/m_3311737_nw_11_060_20200423.tif
/work/csr33/images_for_predictions/naip_tiles/m_3008830_se_16_030_20211119.tif
/work/csr33/images_for_predictions/naip_tiles/m_3507706_nw_18_060_20200922.tif
/work/csr33/images_for_predictions/naip_tiles/m_2508019_sw_17_060_20211203.tif
/work/csr33/images_for_predictions/naip_tiles/m_2909433_se_15_060_20201116.tif
/work/csr33/images_for_predictions/naip_tiles/m_2909004_ne_15_030_20211130.tif
/work/csr33/images_for_predictions/naip_tiles/m_4007422_se_18_060_20190830_20191209.tif
m_3807652_ne_18_060_20211020 320
/work/csr33/images_for_predictions/naip_tiles/m_2909010_ne_15_060_20190707_20191001.tif
m_4107125_ne_19_060_20210926 320
m_3507706_nw_18_060_20200922 340
m_3311737_nw_11_060_20200423 340
m_3607647_se_18_060_20201001 340
m_3411927_se_11_060_20200521 340
m_2609759_sw_14_060_20201216 360
m_3707748_se_18_060_20210912 357
m_2809746_se_14_060_20200501 360
m_2808253_se_17_060_20211130 360
m_2608019_nw_17_060_20191203_20200113 360
m_2909433_se_15_060_20201116 360
m_2508019_sw_17_060_20211203 380
m_2908306_se_17_060_20211116 378
m_4007422_se_18_060_20190830_20191209 300
m_2909010_ne_15_060_20190707_20191001 360
m_2909004_ne_15_030_20211130 1365
m_3008830_se_16_030_20211119 1400
810.4278416633606
