load envirionment

/work/csr33/images_for_predictions/naip_tiles/m_4107233_nw_18_060_20211105.tif
/work/csr33/images_for_predictions/naip_tiles/m_2909113_nw_15_060_20190706_20191001.tif
/work/csr33/images_for_predictions/naip_tiles/m_2708055_nw_17_060_20191215_20200113.tif
/work/csr33/images_for_predictions/naip_tiles/m_3507636_sw_18_060_20201018.tif
/work/csr33/images_for_predictions/naip_tiles/m_2708246_ne_17_060_20211130.tif
/work/csr33/images_for_predictions/naip_tiles/m_2708126_nw_17_060_20211202.tif
/work/csr33/images_for_predictions/naip_tiles/m_4406823_nw_19_060_20210920.tif
/work/csr33/images_for_predictions/naip_tiles/m_3907620_ne_18_060_20210606.tif
/work/csr33/images_for_predictions/naip_tiles/m_4207130_sw_19_060_20211024.tif
/work/csr33/images_for_predictions/naip_tiles/m_4207463_ne_18_060_20211105.tif
/work/csr33/images_for_predictions/naip_tiles/m_2608224_nw_17_060_20211217.tif
/work/csr33/images_for_predictions/naip_tiles/m_3307808_se_17_060_20200904.tif
/work/csr33/images_for_predictions/naip_tiles/m_3208123_se_17_060_20210426.tif
/work/csr33/images_for_predictions/naip_tiles/m_3009023_sw_15_030_20211116.tif
/work/csr33/images_for_predictions/naip_tiles/m_3907536_sw_18_060_20210630.tif
/work/csr33/images_for_predictions/naip_tiles/m_3211628_nw_11_060_20200415.tif
/work/csr33/images_for_predictions/naip_tiles/m_4506834_ne_19_060_20210816.tif
m_4406823_nw_19_060_20210920 300
/work/csr33/images_for_predictions/naip_tiles/m_4207322_nw_18_060_20211106.tif
m_4207463_ne_18_060_20211105 320
m_3907536_sw_18_060_20210630 320
m_3907620_ne_18_060_20210606 320
m_4107233_nw_18_060_20211105 320
m_4207130_sw_19_060_20211024 336
m_3211628_nw_11_060_20200415 340
m_3507636_sw_18_060_20201018 340
m_3208123_se_17_060_20210426 340
m_2708126_nw_17_060_20211202 360
m_2909113_nw_15_060_20190706_20191001 360
m_2708055_nw_17_060_20191215_20200113 360
m_2708246_ne_17_060_20211130 360
m_2608224_nw_17_060_20211217 380
m_3307808_se_17_060_20200904 378
m_4506834_ne_19_060_20210816 300
m_4207322_nw_18_060_20211106 320
m_3009023_sw_15_030_20211116 1365
333.2592384815216
