load envirionment

/work/csr33/images_for_predictions/naip_tiles/m_3807515_sw_18_060_20210624.tif
/work/csr33/images_for_predictions/naip_tiles/m_3008339_nw_17_060_20211130.tif
/work/csr33/images_for_predictions/naip_tiles/m_2808011_sw_17_060_20191119_20200113.tif
/work/csr33/images_for_predictions/naip_tiles/m_2708010_sw_17_060_20191129_20200113.tif
/work/csr33/images_for_predictions/naip_tiles/m_2709753_nw_14_060_20200430.tif
/work/csr33/images_for_predictions/naip_tiles/m_3008847_nw_16_030_20211113.tif
/work/csr33/images_for_predictions/naip_tiles/m_2908934_nw_16_030_20211202.tif
/work/csr33/images_for_predictions/naip_tiles/m_3907641_se_18_060_20210616.tif
/work/csr33/images_for_predictions/naip_tiles/m_3009039_sw_15_030_20211116.tif
/work/csr33/images_for_predictions/naip_tiles/m_3807730_ne_18_060_20210910.tif
/work/csr33/images_for_predictions/naip_tiles/m_2908304_nw_17_060_20191121_20200114.tif
/work/csr33/images_for_predictions/naip_tiles/m_4506760_se_19_060_20210723.tif
/work/csr33/images_for_predictions/naip_tiles/m_3008357_se_17_060_20191117_20200114.tif
/work/csr33/images_for_predictions/naip_tiles/m_3607650_ne_18_060_20200516.tif
/work/csr33/images_for_predictions/naip_tiles/m_3507755_sw_18_060_20200930.tif
/work/csr33/images_for_predictions/naip_tiles/m_4207336_ne_18_060_20211107.tif
/work/csr33/images_for_predictions/naip_tiles/m_2708255_se_17_060_20211201.tif
m_4506760_se_19_060_20210723 315
/work/csr33/images_for_predictions/naip_tiles/m_3707615_nw_18_060_20210926.tif
m_3907641_se_18_060_20210616 320
m_3807515_sw_18_060_20210624 320
m_3008357_se_17_060_20191117_20200114 360
m_4207336_ne_18_060_20211107 320
m_3807730_ne_18_060_20210910 340
m_2808011_sw_17_060_20191119_20200113 340
m_3507755_sw_18_060_20200930 357
m_3607650_ne_18_060_20200516 340
m_2908304_nw_17_060_20191121_20200114 360
m_3008339_nw_17_060_20211130 360
m_2708010_sw_17_060_20191129_20200113 360
m_2709753_nw_14_060_20200430 360
m_2708255_se_17_060_20211201 360
m_3707615_nw_18_060_20210926 340
m_3009039_sw_15_030_20211116 1365
m_2908934_nw_16_030_20211202 1365
m_3008847_nw_16_030_20211113 1440
295.9643359184265
