load envirionment

/work/csr33/images_for_predictions/naip_tiles/m_4506751_sw_19_060_20210723.tif
/work/csr33/images_for_predictions/naip_tiles/m_3008550_nw_16_060_20191109_20200114.tif
/work/csr33/images_for_predictions/naip_tiles/m_3507728_se_18_060_20200930.tif
/work/csr33/images_for_predictions/naip_tiles/m_3008327_sw_17_060_20191113_20200114.tif
/work/csr33/images_for_predictions/naip_tiles/m_3008335_ne_17_060_20191113_20200114.tif
/work/csr33/images_for_predictions/naip_tiles/m_3907620_nw_18_060_20210617.tif
/work/csr33/images_for_predictions/naip_tiles/m_4007461_se_18_060_20190730_20191209.tif
/work/csr33/images_for_predictions/naip_tiles/m_3707720_nw_18_060_20210910.tif
/work/csr33/images_for_predictions/naip_tiles/m_2909015_se_15_030_20211123.tif
/work/csr33/images_for_predictions/naip_tiles/m_3008444_ne_16_060_20191129_20200114.tif
/work/csr33/images_for_predictions/naip_tiles/m_3807632_se_18_060_20210618.tif
/work/csr33/images_for_predictions/naip_tiles/m_3407837_ne_17_060_20200922.tif
/work/csr33/images_for_predictions/naip_tiles/m_4106949_nw_19_060_20210826.tif
/work/csr33/images_for_predictions/naip_tiles/m_3008110_nw_17_060_20191110_20200108.tif
/work/csr33/images_for_predictions/naip_tiles/m_2808236_se_17_060_20211130.tif
/work/csr33/images_for_predictions/naip_tiles/m_3008546_sw_16_060_20191118_20200114.tif
/work/csr33/images_for_predictions/naip_tiles/m_3807612_sw_18_060_20211020.tif
m_4506751_sw_19_060_20210723 300
/work/csr33/images_for_predictions/naip_tiles/m_2708213_sw_17_060_20211130.tif
m_3907620_nw_18_060_20210617 320
m_4106949_nw_19_060_20210826 320
m_3807632_se_18_060_20210618 320
m_4007461_se_18_060_20190730_20191209 320
m_3707720_nw_18_060_20210910 340
m_3407837_ne_17_060_20200922 340
m_3008550_nw_16_060_20191109_20200114 340
m_3008546_sw_16_060_20191118_20200114 340
m_3008110_nw_17_060_20191110_20200108 340
m_3008444_ne_16_060_20191129_20200114 360
m_3507728_se_18_060_20200930 357
m_3008327_sw_17_060_20191113_20200114 360
m_2808236_se_17_060_20211130 360
m_3008335_ne_17_060_20191113_20200114 360
m_3807612_sw_18_060_20211020 320
m_2708213_sw_17_060_20211130 360
m_2909015_se_15_030_20211123 1365
361.29758644104004
