load envirionment

/work/csr33/images_for_predictions/naip_tiles/m_3008548_sw_16_060_20191128_20200114.tif
/work/csr33/images_for_predictions/naip_tiles/m_4307015_nw_19_060_20211007.tif
/work/csr33/images_for_predictions/naip_tiles/m_2909429_sw_15_060_20201116.tif
/work/csr33/images_for_predictions/naip_tiles/m_2508046_se_17_060_20191126_20200113.tif
/work/csr33/images_for_predictions/naip_tiles/m_2809632_nw_14_060_20201029.tif
/work/csr33/images_for_predictions/naip_tiles/m_2609712_se_14_060_20201029.tif
/work/csr33/images_for_predictions/naip_tiles/m_2609720_nw_14_060_20201209.tif
/work/csr33/images_for_predictions/naip_tiles/m_4007555_nw_18_060_20191024_20191203.tif
/work/csr33/images_for_predictions/naip_tiles/m_3208019_sw_17_060_20210426.tif
/work/csr33/images_for_predictions/naip_tiles/m_3407715_sw_18_060_20201031.tif
/work/csr33/images_for_predictions/naip_tiles/m_2909228_nw_15_060_20190706_20191001.tif
/work/csr33/images_for_predictions/naip_tiles/m_3008348_ne_17_060_20211117.tif
/work/csr33/images_for_predictions/naip_tiles/m_3507738_sw_18_060_20200930.tif
/work/csr33/images_for_predictions/naip_tiles/m_2909103_se_15_060_20190706_20191001.tif
/work/csr33/images_for_predictions/naip_tiles/m_3208002_sw_17_060_20210426.tif
/work/csr33/images_for_predictions/naip_tiles/m_3108822_nw_16_030_20211123.tif
/work/csr33/images_for_predictions/naip_tiles/m_3009345_se_15_030_20211122.tif
m_4307015_nw_19_060_20211007 320
/work/csr33/images_for_predictions/naip_tiles/m_3507627_se_18_060_20201018.tif
m_4007555_nw_18_060_20191024_20191203 320
m_3208019_sw_17_060_20210426 340
m_3008548_sw_16_060_20191128_20200114 340
m_3208002_sw_17_060_20210426 340
m_2909429_sw_15_060_20201116 360
m_2909103_se_15_060_20190706_20191001 360
m_3407715_sw_18_060_20201031 357
m_2508046_se_17_060_20191126_20200113 360
m_3507738_sw_18_060_20200930 357
m_2809632_nw_14_060_20201029 360
m_2609720_nw_14_060_20201209 360
m_2609712_se_14_060_20201029 360
m_2909228_nw_15_060_20190706_20191001 360
m_3008348_ne_17_060_20211117 360
m_3507627_se_18_060_20201018 357
m_3108822_nw_16_030_20211123 1400
m_3009345_se_15_030_20211122 1326
304.61463809013367
