load envirionment

/work/csr33/images_for_predictions/naip_tiles/m_2808009_ne_17_060_20211202.tif
/work/csr33/images_for_predictions/naip_tiles/m_3108854_ne_16_030_20211123.tif
/work/csr33/images_for_predictions/naip_tiles/m_3208159_ne_17_060_20191109_20200102.tif
/work/csr33/images_for_predictions/naip_tiles/m_3008460_se_16_060_20191129_20200114.tif
/work/csr33/images_for_predictions/naip_tiles/m_3009053_ne_15_060_20190831_20191001.tif
/work/csr33/images_for_predictions/naip_tiles/m_3807616_se_18_060_20210618.tif
/work/csr33/images_for_predictions/naip_tiles/m_3411849_nw_11_060_20200522.tif
/work/csr33/images_for_predictions/naip_tiles/m_3311610_ne_11_060_20200615.tif
/work/csr33/images_for_predictions/naip_tiles/m_2508013_nw_17_060_20191126_20200113.tif
/work/csr33/images_for_predictions/naip_tiles/m_2808019_sw_17_060_20191130_20200113.tif
/work/csr33/images_for_predictions/naip_tiles/m_2708119_se_17_060_20211202.tif
/work/csr33/images_for_predictions/naip_tiles/m_4007547_nw_18_060_20191019_20191203.tif
/work/csr33/images_for_predictions/naip_tiles/m_3108159_ne_17_060_20191110_20200102.tif
/work/csr33/images_for_predictions/naip_tiles/m_3507551_ne_18_060_20201018.tif
/work/csr33/images_for_predictions/naip_tiles/m_4207445_nw_18_060_20211110.tif
/work/csr33/images_for_predictions/naip_tiles/m_2909041_ne_15_060_20190830_20191001.tif
/work/csr33/images_for_predictions/naip_tiles/m_3208016_se_17_060_20210426.tif
m_3807616_se_18_060_20210618 320
/work/csr33/images_for_predictions/naip_tiles/m_2909046_se_15_030_20211123.tif
m_4207445_nw_18_060_20211110 320
m_4007547_nw_18_060_20191019_20191203 320
m_3108159_ne_17_060_20191110_20200102 340
m_2808019_sw_17_060_20191130_20200113 340
m_3411849_nw_11_060_20200522 340
m_3208159_ne_17_060_20191109_20200102 340
m_3507551_ne_18_060_20201018 340
m_3311610_ne_11_060_20200615 340
m_3008460_se_16_060_20191129_20200114 360
m_3009053_ne_15_060_20190831_20191001 360
m_2909041_ne_15_060_20190830_20191001 360
m_2508013_nw_17_060_20191126_20200113 360
m_2708119_se_17_060_20211202 360
m_2808009_ne_17_060_20211202 360
m_3208016_se_17_060_20210426 340
m_3108854_ne_16_030_20211123 1400
m_2909046_se_15_030_20211123 1365
971.4040105342865
