load envirionment

/work/csr33/images_for_predictions/naip_tiles/m_2908227_ne_17_060_20211129.tif
/work/csr33/images_for_predictions/naip_tiles/m_3507617_ne_18_060_20200922.tif
/work/csr33/images_for_predictions/naip_tiles/m_3008435_sw_16_060_20191128_20200114.tif
/work/csr33/images_for_predictions/naip_tiles/m_3507635_nw_18_060_20201018.tif
/work/csr33/images_for_predictions/naip_tiles/m_3009408_ne_15_060_20201014.tif
/work/csr33/images_for_predictions/naip_tiles/m_4107343_se_18_060_20211106.tif
/work/csr33/images_for_predictions/naip_tiles/m_4207361_sw_18_060_20211106.tif
/work/csr33/images_for_predictions/naip_tiles/m_2708142_sw_17_060_20211202.tif
/work/csr33/images_for_predictions/naip_tiles/m_3707520_sw_18_060_20211017.tif
/work/csr33/images_for_predictions/naip_tiles/m_3009160_se_15_030_20211114.tif
/work/csr33/images_for_predictions/naip_tiles/m_4506840_ne_19_060_20210831.tif
/work/csr33/images_for_predictions/naip_tiles/m_4007307_sw_18_060_20211103.tif
/work/csr33/images_for_predictions/naip_tiles/m_3311837_nw_11_060_20200504.tif
/work/csr33/images_for_predictions/naip_tiles/m_2608224_sw_17_060_20211217.tif
/work/csr33/images_for_predictions/naip_tiles/m_3307955_sw_17_060_20210501.tif
/work/csr33/images_for_predictions/naip_tiles/m_3008951_nw_16_030_20211116.tif
/work/csr33/images_for_predictions/naip_tiles/m_3008333_nw_17_060_20191117_20200114.tif
m_4506840_ne_19_060_20210831 300
/work/csr33/images_for_predictions/naip_tiles/m_2909524_sw_15_060_20201118.tif
m_4107343_se_18_060_20211106 320
m_4207361_sw_18_060_20211106 336
m_4007307_sw_18_060_20211103 336
m_3707520_sw_18_060_20211017 340
m_3311837_nw_11_060_20200504 340
m_3009408_ne_15_060_20201014 340
m_3507617_ne_18_060_20200922 340
m_3507635_nw_18_060_20201018 340
m_3307955_sw_17_060_20210501 340
m_3008435_sw_16_060_20191128_20200114 360
m_2708142_sw_17_060_20211202 360
m_2908227_ne_17_060_20211129 360
m_2608224_sw_17_060_20211217 380
m_3008333_nw_17_060_20191117_20200114 360
m_2909524_sw_15_060_20201118 360
m_3009160_se_15_030_20211114 1326
m_3008951_nw_16_030_20211116 1365
717.7635536193848
