load envirionment

/work/csr33/images_for_predictions/naip_tiles/m_4107233_sw_18_060_20211105.tif
/work/csr33/images_for_predictions/naip_tiles/m_2909221_sw_15_060_20190905_20191001.tif
/work/csr33/images_for_predictions/naip_tiles/m_4506750_nw_19_060_20210815.tif
/work/csr33/images_for_predictions/naip_tiles/m_3607602_nw_18_060_20210827.tif
/work/csr33/images_for_predictions/naip_tiles/m_4307016_nw_19_060_20211006.tif
/work/csr33/images_for_predictions/naip_tiles/m_3008911_nw_16_030_20211112.tif
/work/csr33/images_for_predictions/naip_tiles/m_2609735_sw_14_060_20201216.tif
/work/csr33/images_for_predictions/naip_tiles/m_3807626_se_18_060_20210617.tif
/work/csr33/images_for_predictions/naip_tiles/m_3707714_se_18_060_20210903.tif
/work/csr33/images_for_predictions/naip_tiles/m_3008734_sw_16_030_20211113.tif
/work/csr33/images_for_predictions/naip_tiles/m_3008603_ne_16_030_20211109.tif
/work/csr33/images_for_predictions/naip_tiles/m_4506749_sw_19_060_20210815.tif
/work/csr33/images_for_predictions/naip_tiles/m_2909102_ne_15_060_20190706_20191001.tif
/work/csr33/images_for_predictions/naip_tiles/m_3707745_sw_18_060_20210910.tif
/work/csr33/images_for_predictions/naip_tiles/m_3807610_sw_18_060_20210617.tif
/work/csr33/images_for_predictions/naip_tiles/m_4107242_nw_18_060_20211105.tif
/work/csr33/images_for_predictions/naip_tiles/m_2708052_nw_17_060_20191215_20200113.tif
m_4506750_nw_19_060_20210815 300
/work/csr33/images_for_predictions/naip_tiles/m_3008458_sw_16_060_20191128_20200114.tif
m_4506749_sw_19_060_20210815 300
m_4307016_nw_19_060_20211006 300
m_4107242_nw_18_060_20211105 320
m_3807610_sw_18_060_20210617 320
m_3807626_se_18_060_20210617 320
m_4107233_sw_18_060_20211105 336
m_3607602_nw_18_060_20210827 340
m_2909102_ne_15_060_20190706_20191001 360
m_3707745_sw_18_060_20210910 357
m_2609735_sw_14_060_20201216 360
m_2909221_sw_15_060_20190905_20191001 360
m_3707714_se_18_060_20210903 357
m_2708052_nw_17_060_20191215_20200113 360
m_3008458_sw_16_060_20191128_20200114 360
m_3008603_ne_16_030_20211109 1400
m_3008734_sw_16_030_20211113 1400
m_3008911_nw_16_030_20211112 1440
425.5698072910309
