load envirionment

/work/csr33/images_for_predictions/naip_tiles/m_3507626_se_18_060_20201018.tif
/work/csr33/images_for_predictions/naip_tiles/m_3907639_sw_18_060_20180826_20190212.tif
/work/csr33/images_for_predictions/naip_tiles/m_4207445_ne_18_060_20211110.tif
/work/csr33/images_for_predictions/naip_tiles/m_3707606_nw_18_060_20210926.tif
/work/csr33/images_for_predictions/naip_tiles/m_2909156_ne_15_060_20190830_20191001.tif
/work/csr33/images_for_predictions/naip_tiles/m_3507607_ne_18_060_20200922.tif
/work/csr33/images_for_predictions/naip_tiles/m_2908409_sw_16_060_20191128_20200114.tif
/work/csr33/images_for_predictions/naip_tiles/m_3008828_sw_16_030_20211119.tif
/work/csr33/images_for_predictions/naip_tiles/m_3108150_sw_17_060_20191110_20200102.tif
/work/csr33/images_for_predictions/naip_tiles/m_3211731_se_11_060_20200520.tif
/work/csr33/images_for_predictions/naip_tiles/m_3108117_sw_17_060_20191110_20200102.tif
/work/csr33/images_for_predictions/naip_tiles/m_3207909_ne_17_060_20210426.tif
/work/csr33/images_for_predictions/naip_tiles/m_2708248_se_17_060_20211202.tif
/work/csr33/images_for_predictions/naip_tiles/m_3407612_se_18_060_20201018.tif
/work/csr33/images_for_predictions/naip_tiles/m_2709713_ne_14_060_20200430.tif
/work/csr33/images_for_predictions/naip_tiles/m_3311808_nw_11_060_20200505.tif
/work/csr33/images_for_predictions/naip_tiles/m_2909147_sw_15_060_20190830_20191001.tif
m_4207445_ne_18_060_20211110 300
/work/csr33/images_for_predictions/naip_tiles/m_3411929_sw_11_060_20200521.tif
m_3907639_sw_18_060_20180826_20190212 320
m_3108117_sw_17_060_20191110_20200102 340
m_3707606_nw_18_060_20210926 340
m_3207909_ne_17_060_20210426 340
m_3211731_se_11_060_20200520 340
m_3311808_nw_11_060_20200505 340
m_3407612_se_18_060_20201018 340
m_3108150_sw_17_060_20191110_20200102 340
m_2909156_ne_15_060_20190830_20191001 360
m_3507607_ne_18_060_20200922 340
m_2709713_ne_14_060_20200430 360
m_2708248_se_17_060_20211202 360
m_3507626_se_18_060_20201018 357
m_2908409_sw_16_060_20191128_20200114 360
m_3411929_sw_11_060_20200521 340
m_2909147_sw_15_060_20190830_20191001 360
m_3008828_sw_16_030_20211119 1440
569.2036290168762
