load envirionment

/work/csr33/images_for_predictions/naip_tiles/m_2608026_ne_17_060_20191207_20200113.tif
/work/csr33/images_for_predictions/naip_tiles/m_3607534_sw_18_060_20200516.tif
/work/csr33/images_for_predictions/naip_tiles/m_2708223_sw_17_060_20211130.tif
/work/csr33/images_for_predictions/naip_tiles/m_4007531_nw_18_060_20191019_20191203.tif
/work/csr33/images_for_predictions/naip_tiles/m_2709758_nw_14_060_20200501.tif
/work/csr33/images_for_predictions/naip_tiles/m_2808050_nw_17_060_20191207_20200113.tif
/work/csr33/images_for_predictions/naip_tiles/m_3008820_nw_16_030_20211119.tif
/work/csr33/images_for_predictions/naip_tiles/m_3009556_se_15_060_20201118.tif
/work/csr33/images_for_predictions/naip_tiles/m_2508061_nw_17_060_20191126_20200113.tif
/work/csr33/images_for_predictions/naip_tiles/m_4406944_nw_19_060_20210904.tif
/work/csr33/images_for_predictions/naip_tiles/m_2609754_nw_14_060_20200430.tif
/work/csr33/images_for_predictions/naip_tiles/m_3308055_se_17_060_20210501.tif
/work/csr33/images_for_predictions/naip_tiles/m_4207430_se_18_060_20210920.tif
/work/csr33/images_for_predictions/naip_tiles/m_2609759_nw_14_060_20201216.tif
/work/csr33/images_for_predictions/naip_tiles/m_3707626_ne_18_060_20210912.tif
/work/csr33/images_for_predictions/naip_tiles/m_3308063_ne_17_060_20210501.tif
/work/csr33/images_for_predictions/naip_tiles/m_4107412_sw_18_060_20211106.tif
m_4207430_se_18_060_20210920 300
/work/csr33/images_for_predictions/naip_tiles/m_3807509_sw_18_060_20210618.tif
m_4406944_nw_19_060_20210904 300
m_4007531_nw_18_060_20191019_20191203 320
m_3607534_sw_18_060_20200516 340
m_3308055_se_17_060_20210501 340
m_3707626_ne_18_060_20210912 340
m_3308063_ne_17_060_20210501 340
m_2609754_nw_14_060_20200430 360
m_2709758_nw_14_060_20200501 360
m_2808050_nw_17_060_20191207_20200113 360
m_2508061_nw_17_060_20191126_20200113 360
m_2609759_nw_14_060_20201216 360
m_2708223_sw_17_060_20211130 360
m_3009556_se_15_060_20201118 360
m_2608026_ne_17_060_20191207_20200113 360
m_3807509_sw_18_060_20210618 320
m_4107412_sw_18_060_20211106 320
m_3008820_nw_16_030_20211119 1440
656.2850067615509
