load envirionment

/work/csr33/images_for_predictions/naip_tiles/m_2908515_ne_16_060_20191118_20200114.tif
/work/csr33/images_for_predictions/naip_tiles/m_3108110_ne_17_060_20191110_20200102.tif
/work/csr33/images_for_predictions/naip_tiles/m_4506859_ne_19_060_20211006.tif
/work/csr33/images_for_predictions/naip_tiles/m_2909450_nw_15_060_20201116.tif
/work/csr33/images_for_predictions/naip_tiles/m_3907458_ne_18_060_20190730_20191209.tif
/work/csr33/images_for_predictions/naip_tiles/m_2808034_nw_17_060_20191202_20200113.tif
/work/csr33/images_for_predictions/naip_tiles/m_2608039_ne_17_060_20191120_20200113.tif
/work/csr33/images_for_predictions/naip_tiles/m_3907414_sw_18_060_20190920_20191209.tif
/work/csr33/images_for_predictions/naip_tiles/m_3807555_nw_18_060_20210605.tif
/work/csr33/images_for_predictions/naip_tiles/m_2508123_ne_17_060_20211203.tif
/work/csr33/images_for_predictions/naip_tiles/m_3208151_sw_17_060_20191109_20200102.tif
/work/csr33/images_for_predictions/naip_tiles/m_4406802_nw_19_060_20211006.tif
/work/csr33/images_for_predictions/naip_tiles/m_2808248_se_17_060_20211202.tif
/work/csr33/images_for_predictions/naip_tiles/m_3108712_sw_16_030_20211115.tif
/work/csr33/images_for_predictions/naip_tiles/m_4406706_sw_19_060_20210711.tif
/work/csr33/images_for_predictions/naip_tiles/m_3707652_se_18_060_20210926.tif
/work/csr33/images_for_predictions/naip_tiles/m_3311649_sw_11_060_20200425.tif
m_4406802_nw_19_060_20211006 300
/work/csr33/images_for_predictions/naip_tiles/m_3108719_se_16_030_20211115.tif
m_4506859_ne_19_060_20211006 300
m_4406706_sw_19_060_20210711 315
m_3907458_ne_18_060_20190730_20191209 320
m_3807555_nw_18_060_20210605 320
m_3907414_sw_18_060_20190920_20191209 320
m_2808034_nw_17_060_20191202_20200113 340
m_3108110_ne_17_060_20191110_20200102 340
m_3707652_se_18_060_20210926 340
m_3208151_sw_17_060_20191109_20200102 340
m_2908515_ne_16_060_20191118_20200114 360
m_2808248_se_17_060_20211202 360
m_2508123_ne_17_060_20211203 360
m_2608039_ne_17_060_20191120_20200113 360
m_2909450_nw_15_060_20201116 360
m_3311649_sw_11_060_20200425 340
m_3108712_sw_16_030_20211115 1400
m_3108719_se_16_030_20211115 1360
313.1964395046234
