load envirionment

/work/csr33/images_for_predictions/naip_tiles/m_3208024_se_17_060_20210426.tif
/work/csr33/images_for_predictions/naip_tiles/m_2908409_se_16_060_20191128_20200114.tif
/work/csr33/images_for_predictions/naip_tiles/m_3807728_ne_18_060_20210903.tif
/work/csr33/images_for_predictions/naip_tiles/m_3009024_nw_15_030_20211123.tif
/work/csr33/images_for_predictions/naip_tiles/m_3008430_se_16_060_20211116.tif
/work/csr33/images_for_predictions/naip_tiles/m_4107016_sw_19_060_20210826.tif
/work/csr33/images_for_predictions/naip_tiles/m_4007451_sw_18_060_20191014_20191203.tif
/work/csr33/images_for_predictions/naip_tiles/m_4207118_nw_19_060_20211105.tif
/work/csr33/images_for_predictions/naip_tiles/m_3412029_sw_10_060_20200607.tif
/work/csr33/images_for_predictions/naip_tiles/m_3311609_ne_11_060_20200422.tif
/work/csr33/images_for_predictions/naip_tiles/m_3411861_ne_11_060_20200515.tif
/work/csr33/images_for_predictions/naip_tiles/m_4007209_se_18_060_20211105.tif
/work/csr33/images_for_predictions/naip_tiles/m_3008905_sw_16_030_20211112.tif
/work/csr33/images_for_predictions/naip_tiles/m_3009341_ne_15_060_20201102.tif
/work/csr33/images_for_predictions/naip_tiles/m_2608224_ne_17_060_20211217.tif
/work/csr33/images_for_predictions/naip_tiles/m_2908516_ne_16_060_20191120_20200114.tif
/work/csr33/images_for_predictions/naip_tiles/m_3311702_nw_11_060_20200424.tif
m_4107016_sw_19_060_20210826 320
/work/csr33/images_for_predictions/naip_tiles/m_3407853_ne_17_060_20200922.tif
m_4207118_nw_19_060_20211105 320
m_4007451_sw_18_060_20191014_20191203 320
m_3009341_ne_15_060_20201102 340
m_3412029_sw_10_060_20200607 340
m_3311609_ne_11_060_20200422 340
m_4007209_se_18_060_20211105 336
m_3208024_se_17_060_20210426 340
m_3411861_ne_11_060_20200515 340
m_3807728_ne_18_060_20210903 340
m_2908516_ne_16_060_20191120_20200114 360
m_2908409_se_16_060_20191128_20200114 360
m_2608224_ne_17_060_20211217 360
m_3008430_se_16_060_20211116 378
m_3311702_nw_11_060_20200424 340
m_3407853_ne_17_060_20200922 340
m_3009024_nw_15_030_20211123 1365
m_3008905_sw_16_030_20211112 1476
406.9474081993103
