load envirionment

/work/csr33/images_for_predictions/naip_tiles/m_3507720_ne_18_060_20200930.tif
/work/csr33/images_for_predictions/naip_tiles/m_3707617_sw_18_060_20210827.tif
/work/csr33/images_for_predictions/naip_tiles/m_2809617_sw_14_060_20201116.tif
/work/csr33/images_for_predictions/naip_tiles/m_3008614_nw_16_060_20191109_20200114.tif
/work/csr33/images_for_predictions/naip_tiles/m_2809649_sw_14_060_20201116.tif
/work/csr33/images_for_predictions/naip_tiles/m_2909212_ne_15_060_20190706_20191001.tif
/work/csr33/images_for_predictions/naip_tiles/m_3207903_se_17_060_20210501.tif
/work/csr33/images_for_predictions/naip_tiles/m_2608013_ne_17_060_20191207_20200113.tif
/work/csr33/images_for_predictions/naip_tiles/m_2608162_sw_17_060_20211203.tif
/work/csr33/images_for_predictions/naip_tiles/m_3008358_se_17_060_20191117_20200114.tif
/work/csr33/images_for_predictions/naip_tiles/m_4107235_ne_18_060_20211001.tif
/work/csr33/images_for_predictions/naip_tiles/m_2708141_ne_17_060_20211202.tif
/work/csr33/images_for_predictions/naip_tiles/m_3512064_se_10_060_20200522.tif
/work/csr33/images_for_predictions/naip_tiles/m_3311642_se_11_060_20200415.tif
/work/csr33/images_for_predictions/naip_tiles/m_3109060_se_15_030_20211120.tif
/work/csr33/images_for_predictions/naip_tiles/m_3008710_se_16_030_20211119.tif
/work/csr33/images_for_predictions/naip_tiles/m_2909220_se_15_060_20190905_20191001.tif
m_4107235_ne_18_060_20211001 320
/work/csr33/images_for_predictions/naip_tiles/m_2608119_se_17_060_20211223.tif
m_3311642_se_11_060_20200415 340
m_3008358_se_17_060_20191117_20200114 360
m_3207903_se_17_060_20210501 340
m_3008614_nw_16_060_20191109_20200114 340
m_3512064_se_10_060_20200522 340
m_3507720_ne_18_060_20200930 340
m_3707617_sw_18_060_20210827 357
m_2809617_sw_14_060_20201116 360
m_2809649_sw_14_060_20201116 360
m_2708141_ne_17_060_20211202 360
m_2608013_ne_17_060_20191207_20200113 360
m_2909212_ne_15_060_20190706_20191001 360
m_2608162_sw_17_060_20211203 380
m_2909220_se_15_060_20190905_20191001 360
m_2608119_se_17_060_20211223 360
m_3008710_se_16_030_20211119 1400
m_3109060_se_15_030_20211120 1435
374.52825593948364
