load envirionment

/work/csr33/images_for_predictions/naip_tiles/m_3311836_ne_11_060_20200504.tif
/work/csr33/images_for_predictions/naip_tiles/m_3607756_ne_18_060_20200922.tif
/work/csr33/images_for_predictions/naip_tiles/m_3008640_nw_16_060_20191109_20200114.tif
/work/csr33/images_for_predictions/naip_tiles/m_4207009_sw_19_060_20211024.tif
/work/csr33/images_for_predictions/naip_tiles/m_4307155_ne_19_060_20211024.tif
/work/csr33/images_for_predictions/naip_tiles/m_4506837_se_19_060_20210929.tif
/work/csr33/images_for_predictions/naip_tiles/m_3009049_sw_15_030_20211119.tif
/work/csr33/images_for_predictions/naip_tiles/m_3907513_sw_18_060_20210630.tif
/work/csr33/images_for_predictions/naip_tiles/m_3109456_se_15_060_20201014.tif
/work/csr33/images_for_predictions/naip_tiles/m_3008549_nw_16_060_20191109_20200114.tif
/work/csr33/images_for_predictions/naip_tiles/m_4406829_sw_19_060_20210914.tif
/work/csr33/images_for_predictions/naip_tiles/m_3211625_se_11_060_20200425.tif
/work/csr33/images_for_predictions/naip_tiles/m_2908209_sw_17_060_20211117.tif
/work/csr33/images_for_predictions/naip_tiles/m_3009351_ne_15_060_20190901_20191001.tif
/work/csr33/images_for_predictions/naip_tiles/m_3008714_ne_16_060_20191103_20200114.tif
/work/csr33/images_for_predictions/naip_tiles/m_3507731_ne_18_060_20201031.tif
/work/csr33/images_for_predictions/naip_tiles/m_2908143_nw_17_060_20211129.tif
m_4506837_se_19_060_20210929 300
/work/csr33/images_for_predictions/naip_tiles/m_3108713_sw_16_030_20211115.tif
m_4406829_sw_19_060_20210914 300
m_4307155_ne_19_060_20211024 320
m_3907513_sw_18_060_20210630 320
m_3008549_nw_16_060_20191109_20200114 340
m_3109456_se_15_060_20201014 340
m_3311836_ne_11_060_20200504 340
m_3211625_se_11_060_20200425 340
m_3607756_ne_18_060_20200922 340
m_4207009_sw_19_060_20211024 336
m_3008640_nw_16_060_20191109_20200114 340
m_3507731_ne_18_060_20201031 340
m_3008714_ne_16_060_20191103_20200114 340
m_3009351_ne_15_060_20190901_20191001 360
m_2908209_sw_17_060_20211117 378
m_2908143_nw_17_060_20211129 360
m_3009049_sw_15_030_20211119 1365
m_3108713_sw_16_030_20211115 1400
391.18103075027466
