load envirionment

/work/csr33/images_for_predictions/naip_tiles/m_2909147_ne_15_060_20190830_20191001.tif
/work/csr33/images_for_predictions/naip_tiles/m_2508009_se_17_060_20211203.tif
/work/csr33/images_for_predictions/naip_tiles/m_2609702_nw_14_060_20200501.tif
/work/csr33/images_for_predictions/naip_tiles/m_2809762_nw_14_060_20200501.tif
/work/csr33/images_for_predictions/naip_tiles/m_3311602_sw_11_060_20200415.tif
/work/csr33/images_for_predictions/naip_tiles/m_3211624_nw_11_060_20200420.tif
/work/csr33/images_for_predictions/naip_tiles/m_3108232_sw_17_060_20191110_20200102.tif
/work/csr33/images_for_predictions/naip_tiles/m_3507625_sw_18_060_20201031.tif
/work/csr33/images_for_predictions/naip_tiles/m_4207448_sw_18_060_20210920.tif
/work/csr33/images_for_predictions/naip_tiles/m_2909416_ne_15_060_20201102.tif
/work/csr33/images_for_predictions/naip_tiles/m_3707612_sw_18_060_20210912.tif
/work/csr33/images_for_predictions/naip_tiles/m_3507760_ne_18_060_20200930.tif
/work/csr33/images_for_predictions/naip_tiles/m_4406832_sw_19_060_20210901.tif
/work/csr33/images_for_predictions/naip_tiles/m_3407861_sw_17_060_20200922.tif
/work/csr33/images_for_predictions/naip_tiles/m_4107139_nw_19_060_20210826.tif
/work/csr33/images_for_predictions/naip_tiles/m_2809642_ne_14_060_20201029.tif
/work/csr33/images_for_predictions/naip_tiles/m_3412019_ne_10_1_20140926_20150115.tif
m_4406832_sw_19_060_20210901 300
/work/csr33/images_for_predictions/naip_tiles/m_4107230_se_18_060_20210926.tif
m_4107139_nw_19_060_20210826 320
m_4207448_sw_18_060_20210920 320
m_2909416_ne_15_060_20201102 340
m_3311602_sw_11_060_20200415 340
m_3211624_nw_11_060_20200420 340
m_3108232_sw_17_060_20191110_20200102 340
m_3507760_ne_18_060_20200930 340
m_2909147_ne_15_060_20190830_20191001 360
m_3707612_sw_18_060_20210912 357
m_2809762_nw_14_060_20200501 360
m_2809642_ne_14_060_20201029 360
m_2508009_se_17_060_20211203 360
m_3507625_sw_18_060_20201031 357
m_2609702_nw_14_060_20200501 360
m_3407861_sw_17_060_20200922 378
m_3412019_ne_10_1_20140926_20150115 132
m_4107230_se_18_060_20210926 336
538.2496132850647
