load envirionment

/work/csr33/images_for_predictions/naip_tiles/m_2708210_nw_17_060_20211201.tif
/work/csr33/images_for_predictions/naip_tiles/m_2708235_se_17_060_20211130.tif
/work/csr33/images_for_predictions/naip_tiles/m_3009150_se_15_030_20211113.tif
/work/csr33/images_for_predictions/naip_tiles/m_2608031_ne_17_060_20191120_20200113.tif
/work/csr33/images_for_predictions/naip_tiles/m_3307922_nw_17_060_20210501.tif
/work/csr33/images_for_predictions/naip_tiles/m_3008617_sw_16_060_20191103_20200114.tif
/work/csr33/images_for_predictions/naip_tiles/m_2708052_se_17_060_20191215_20200113.tif
/work/csr33/images_for_predictions/naip_tiles/m_3607605_sw_18_060_20210913.tif
/work/csr33/images_for_predictions/naip_tiles/m_2809626_nw_14_060_20201029.tif
/work/csr33/images_for_predictions/naip_tiles/m_4406711_sw_19_060_20210907.tif
/work/csr33/images_for_predictions/naip_tiles/m_2908348_sw_17_060_20211117.tif
/work/csr33/images_for_predictions/naip_tiles/m_2908305_nw_17_060_20211130.tif
/work/csr33/images_for_predictions/naip_tiles/m_3407604_se_18_060_20201018.tif
/work/csr33/images_for_predictions/naip_tiles/m_4107346_se_18_060_20211103.tif
/work/csr33/images_for_predictions/naip_tiles/m_3008843_nw_16_030_20211114.tif
/work/csr33/images_for_predictions/naip_tiles/m_3009448_nw_15_060_20201102.tif
/work/csr33/images_for_predictions/naip_tiles/m_3008135_nw_17_060_20211129.tif
m_4406711_sw_19_060_20210907 300
/work/csr33/images_for_predictions/naip_tiles/m_4406812_se_19_060_20210914.tif
m_3607605_sw_18_060_20210913 340
m_3008617_sw_16_060_20191103_20200114 340
m_4107346_se_18_060_20211103 336
m_3407604_se_18_060_20201018 340
m_3009448_nw_15_060_20201102 340
m_3307922_nw_17_060_20210501 340
m_2608031_ne_17_060_20191120_20200113 360
m_2708235_se_17_060_20211130 360
m_2708052_se_17_060_20191215_20200113 360
m_2809626_nw_14_060_20201029 360
m_2908305_nw_17_060_20211130 360
m_2708210_nw_17_060_20211201 360
m_2908348_sw_17_060_20211117 378
m_4406812_se_19_060_20210914 300
m_3008135_nw_17_060_20211129 360
m_3009150_se_15_030_20211113 1326
m_3008843_nw_16_030_20211114 1440
1603.042307138443
