load envirionment

/work/csr33/images_for_predictions/naip_tiles/m_4506851_ne_19_060_20211006.tif
/work/csr33/images_for_predictions/naip_tiles/m_2708264_nw_17_060_20211217.tif
/work/csr33/images_for_predictions/naip_tiles/m_2708009_ne_17_060_20191129_20200113.tif
/work/csr33/images_for_predictions/naip_tiles/m_4107042_ne_19_060_20210904.tif
/work/csr33/images_for_predictions/naip_tiles/m_3009227_ne_15_060_20190904_20191001.tif
/work/csr33/images_for_predictions/naip_tiles/m_3311823_ne_11_060_20200505.tif
/work/csr33/images_for_predictions/naip_tiles/m_2508132_ne_17_060_20211203.tif
/work/csr33/images_for_predictions/naip_tiles/m_3008157_ne_17_060_20211129.tif
/work/csr33/images_for_predictions/naip_tiles/m_2508014_ne_17_060_20211207.tif
/work/csr33/images_for_predictions/naip_tiles/m_2908253_nw_17_060_20211129.tif
/work/csr33/images_for_predictions/naip_tiles/m_3008451_nw_16_060_20191128_20200114.tif
/work/csr33/images_for_predictions/naip_tiles/m_3807561_ne_18_060_20210605.tif
/work/csr33/images_for_predictions/naip_tiles/m_2909104_se_15_060_20190706_20191001.tif
/work/csr33/images_for_predictions/naip_tiles/m_3108752_sw_16_030_20211115.tif
/work/csr33/images_for_predictions/naip_tiles/m_4207453_ne_18_060_20211110.tif
/work/csr33/images_for_predictions/naip_tiles/m_3407844_nw_17_060_20200922.tif
/work/csr33/images_for_predictions/naip_tiles/m_3407719_ne_18_060_20200930.tif
m_4207453_ne_18_060_20211110 320
/work/csr33/images_for_predictions/naip_tiles/m_2909034_sw_15_060_20190831_20191001.tif
m_4506851_ne_19_060_20211006 300
m_3807561_ne_18_060_20210605 320
m_4107042_ne_19_060_20210904 320
m_3311823_ne_11_060_20200505 340
m_2908253_nw_17_060_20211129 360
m_3008157_ne_17_060_20211129 360
m_2508014_ne_17_060_20211207 360
m_3009227_ne_15_060_20190904_20191001 360
m_2508132_ne_17_060_20211203 360
m_3407844_nw_17_060_20200922 360
m_2909104_se_15_060_20190706_20191001 360
m_3008451_nw_16_060_20191128_20200114 360
m_2708009_ne_17_060_20191129_20200113 360
m_2708264_nw_17_060_20211217 360
m_3407719_ne_18_060_20200930 340
m_2909034_sw_15_060_20190831_20191001 378
m_3108752_sw_16_030_20211115 1400
826.3781096935272
