load envirionment

/work/csr33/images_for_predictions/naip_tiles/m_4107011_nw_19_060_20210904.tif
/work/csr33/images_for_predictions/naip_tiles/m_2908323_ne_17_060_20211116.tif
/work/csr33/images_for_predictions/naip_tiles/m_3311661_ne_11_060_20200415.tif
/work/csr33/images_for_predictions/naip_tiles/m_3009131_se_15_030_20211114.tif
/work/csr33/images_for_predictions/naip_tiles/m_3807715_ne_18_060_20210630.tif
/work/csr33/images_for_predictions/naip_tiles/m_3907544_sw_18_060_20210630.tif
/work/csr33/images_for_predictions/naip_tiles/m_4307009_sw_19_060_20211007.tif
/work/csr33/images_for_predictions/naip_tiles/m_3008634_se_16_060_20191109_20200114.tif
/work/csr33/images_for_predictions/naip_tiles/m_3009251_nw_15_060_20190905_20191001.tif
/work/csr33/images_for_predictions/naip_tiles/m_4307003_nw_19_060_20211007.tif
/work/csr33/images_for_predictions/naip_tiles/m_3009240_sw_15_030_20211212.tif
/work/csr33/images_for_predictions/naip_tiles/m_3008622_se_16_060_20191109_20200114.tif
/work/csr33/images_for_predictions/naip_tiles/m_3009202_sw_15_030_20211221.tif
/work/csr33/images_for_predictions/naip_tiles/m_3411920_sw_11_060_20200521.tif
/work/csr33/images_for_predictions/naip_tiles/m_3008438_se_16_060_20191129_20200114.tif
/work/csr33/images_for_predictions/naip_tiles/m_3907511_se_18_060_20210630.tif
/work/csr33/images_for_predictions/naip_tiles/m_3907657_ne_18_060_20210617.tif
m_3907544_sw_18_060_20210630 320
/work/csr33/images_for_predictions/naip_tiles/m_2908912_se_16_030_20211129.tif
m_3907511_se_18_060_20210630 320
m_4307003_nw_19_060_20211007 320
m_4107011_nw_19_060_20210904 320
m_3807715_ne_18_060_20210630 320
m_3008622_se_16_060_20191109_20200114 340
m_3008634_se_16_060_20191109_20200114 340
m_4307009_sw_19_060_20211007 336
m_3311661_ne_11_060_20200415 340
m_3411920_sw_11_060_20200521 340
m_3009251_nw_15_060_20190905_20191001 360
m_2908323_ne_17_060_20211116 360
m_3008438_se_16_060_20191129_20200114 360
m_3907657_ne_18_060_20210617 320
m_3009202_sw_15_030_20211221 1326
m_3009240_sw_15_030_20211212 1326
m_3009131_se_15_030_20211114 1326
m_2908912_se_16_030_20211129 1365
595.7747433185577
