load envirionment

/work/csr33/images_for_predictions/naip_tiles/m_4007301_se_18_060_20211105.tif
/work/csr33/images_for_predictions/naip_tiles/m_4406916_se_19_060_20211006.tif
/work/csr33/images_for_predictions/naip_tiles/m_2909036_ne_15_030_20211130.tif
/work/csr33/images_for_predictions/naip_tiles/m_3207925_nw_17_060_20210426.tif
/work/csr33/images_for_predictions/naip_tiles/m_2608017_ne_17_060_20191130_20200113.tif
/work/csr33/images_for_predictions/naip_tiles/m_4207329_sw_18_060_20211107.tif
/work/csr33/images_for_predictions/naip_tiles/m_2508124_ne_17_060_20211203.tif
/work/csr33/images_for_predictions/naip_tiles/m_4406819_ne_19_060_20210914.tif
/work/csr33/images_for_predictions/naip_tiles/m_3108743_nw_16_030_20211115.tif
/work/csr33/images_for_predictions/naip_tiles/m_3307919_sw_17_060_20210501.tif
/work/csr33/images_for_predictions/naip_tiles/m_3008606_nw_16_030_20211112.tif
/work/csr33/images_for_predictions/naip_tiles/m_3009045_nw_15_030_20211115.tif
/work/csr33/images_for_predictions/naip_tiles/m_3108854_se_16_030_20211123.tif
/work/csr33/images_for_predictions/naip_tiles/m_4107243_ne_18_060_20211001.tif
/work/csr33/images_for_predictions/naip_tiles/m_3807526_nw_18_060_20210618.tif
/work/csr33/images_for_predictions/naip_tiles/m_3211605_ne_11_060_20200415.tif
/work/csr33/images_for_predictions/naip_tiles/m_3507537_sw_18_060_20201018.tif
m_4406819_ne_19_060_20210914 300
/work/csr33/images_for_predictions/naip_tiles/m_2809740_nw_14_060_20201029.tif
m_4007301_se_18_060_20211105 320
m_4406916_se_19_060_20211006 300
m_4107243_ne_18_060_20211001 320
m_3807526_nw_18_060_20210618 320
m_3307919_sw_17_060_20210501 340
m_4207329_sw_18_060_20211107 336
m_3207925_nw_17_060_20210426 340
m_3211605_ne_11_060_20200415 340
m_2508124_ne_17_060_20211203 360
m_2608017_ne_17_060_20191130_20200113 360
m_3507537_sw_18_060_20201018 340
m_2809740_nw_14_060_20201029 360
m_3009045_nw_15_030_20211115 1365
m_2909036_ne_15_030_20211130 1365
m_3008606_nw_16_030_20211112 1400
m_3108743_nw_16_030_20211115 1400
m_3108854_se_16_030_20211123 1400
436.190288066864
