load envirionment

/work/csr33/images_for_predictions/naip_tiles/m_3108711_sw_16_030_20211115.tif
/work/csr33/images_for_predictions/naip_tiles/m_2608103_nw_17_060_20191129_20200113.tif
/work/csr33/images_for_predictions/naip_tiles/m_2508009_nw_17_060_20211203.tif
/work/csr33/images_for_predictions/naip_tiles/m_4307059_sw_19_060_20211007.tif
/work/csr33/images_for_predictions/naip_tiles/m_3907535_nw_18_060_20210629.tif
/work/csr33/images_for_predictions/naip_tiles/m_3008533_nw_16_060_20191109_20200114.tif
/work/csr33/images_for_predictions/naip_tiles/m_3108760_sw_16_030_20211115.tif
/work/csr33/images_for_predictions/naip_tiles/m_3907507_sw_18_060_20191019_20191203.tif
/work/csr33/images_for_predictions/naip_tiles/m_4107356_ne_18_060_20211105.tif
/work/csr33/images_for_predictions/naip_tiles/m_2909201_se_15_060_20190706_20191001.tif
/work/csr33/images_for_predictions/naip_tiles/m_3009042_ne_15_030_20211120.tif
/work/csr33/images_for_predictions/naip_tiles/m_4307016_se_19_060_20211006.tif
/work/csr33/images_for_predictions/naip_tiles/m_2809601_sw_14_060_20201116.tif
/work/csr33/images_for_predictions/naip_tiles/m_2709741_sw_14_060_20200501.tif
/work/csr33/images_for_predictions/naip_tiles/m_3507612_ne_18_060_20200922.tif
/work/csr33/images_for_predictions/naip_tiles/m_3008103_sw_17_060_20191110_20200108.tif
/work/csr33/images_for_predictions/naip_tiles/m_3707711_sw_18_060_20210910.tif
m_3008103_sw_17_060_20191110_20200108 340
/work/csr33/images_for_predictions/naip_tiles/m_3607735_ne_18_060_20200922.tif
m_4307016_se_19_060_20211006 300
m_3907535_nw_18_060_20210629 320
m_3907507_sw_18_060_20191019_20191203 320
m_4107356_ne_18_060_20211105 320
m_3008533_nw_16_060_20191109_20200114 340
m_2608103_nw_17_060_20191129_20200113 360
m_4307059_sw_19_060_20211007 336
m_3507612_ne_18_060_20200922 340
m_2709741_sw_14_060_20200501 360
m_2909201_se_15_060_20190706_20191001 360
m_2809601_sw_14_060_20201116 360
m_2508009_nw_17_060_20211203 380
m_3607735_ne_18_060_20200922 340
m_3707711_sw_18_060_20210910 357
m_3108711_sw_16_030_20211115 1400
m_3009042_ne_15_030_20211120 1365
m_3108760_sw_16_030_20211115 1400
300.3264784812927
