load envirionment

/work/csr33/images_for_predictions/naip_tiles/m_4107245_sw_18_060_20210904.tif
/work/csr33/images_for_predictions/naip_tiles/m_2608047_sw_17_060_20191120_20200113.tif
/work/csr33/images_for_predictions/naip_tiles/m_4107360_nw_18_060_20211106.tif
/work/csr33/images_for_predictions/naip_tiles/m_3507652_sw_18_060_20201018.tif
/work/csr33/images_for_predictions/naip_tiles/m_2708238_sw_17_060_20211130.tif
/work/csr33/images_for_predictions/naip_tiles/m_3009309_ne_15_060_20201006.tif
/work/csr33/images_for_predictions/naip_tiles/m_2809759_nw_14_060_20201115.tif
/work/csr33/images_for_predictions/naip_tiles/m_3507557_nw_18_060_20201018.tif
/work/csr33/images_for_predictions/naip_tiles/m_3108105_se_17_060_20191110_20200102.tif
/work/csr33/images_for_predictions/naip_tiles/m_3108658_sw_16_030_20211112.tif
/work/csr33/images_for_predictions/naip_tiles/m_4007312_sw_18_060_20211106.tif
/work/csr33/images_for_predictions/naip_tiles/m_3507614_sw_18_060_20200922.tif
/work/csr33/images_for_predictions/naip_tiles/m_3311720_nw_11_060_20200423.tif
/work/csr33/images_for_predictions/naip_tiles/m_3407823_sw_17_060_20201102.tif
/work/csr33/images_for_predictions/naip_tiles/m_3009416_ne_15_060_20201014.tif
/work/csr33/images_for_predictions/naip_tiles/m_4207156_se_19_060_20210826.tif
/work/csr33/images_for_predictions/naip_tiles/m_3807736_sw_18_060_20210903.tif
m_4007312_sw_18_060_20211106 320
/work/csr33/images_for_predictions/naip_tiles/m_3008830_sw_16_030_20211119.tif
m_3311720_nw_11_060_20200423 340
m_3507557_nw_18_060_20201018 340
m_4107360_nw_18_060_20211106 320
m_4207156_se_19_060_20210826 336
m_3009309_ne_15_060_20201006 340
m_3507652_sw_18_060_20201018 340
m_3507614_sw_18_060_20200922 340
m_4107245_sw_18_060_20210904 336
m_3009416_ne_15_060_20201014 340
m_2708238_sw_17_060_20211130 360
m_2608047_sw_17_060_20191120_20200113 360
m_2809759_nw_14_060_20201115 360
m_3108105_se_17_060_20191110_20200102 340
m_3407823_sw_17_060_20201102 378
m_3807736_sw_18_060_20210903 357
m_3108658_sw_16_030_20211112 1400
m_3008830_sw_16_030_20211119 1440
675.6614289283752
