load envirionment

/work/csr33/images_for_predictions/naip_tiles/m_3507727_se_18_060_20200930.tif
/work/csr33/images_for_predictions/naip_tiles/m_4406961_ne_19_060_20210904.tif
/work/csr33/images_for_predictions/naip_tiles/m_2608003_nw_17_060_20191215_20200113.tif
/work/csr33/images_for_predictions/naip_tiles/m_4207456_se_18_060_20210920.tif
/work/csr33/images_for_predictions/naip_tiles/m_2809513_nw_15_060_20201117.tif
/work/csr33/images_for_predictions/naip_tiles/m_4506849_ne_19_060_20210816.tif
/work/csr33/images_for_predictions/naip_tiles/m_3009242_sw_15_030_20211221.tif
/work/csr33/images_for_predictions/naip_tiles/m_3008810_se_16_030_20211112.tif
/work/csr33/images_for_predictions/naip_tiles/m_4107336_sw_18_060_20211106.tif
/work/csr33/images_for_predictions/naip_tiles/m_2608206_nw_17_060_20211204.tif
/work/csr33/images_for_predictions/naip_tiles/m_4506844_sw_19_060_20211006.tif
/work/csr33/images_for_predictions/naip_tiles/m_4207432_se_18_060_20210920.tif
/work/csr33/images_for_predictions/naip_tiles/m_3807662_nw_18_060_20211020.tif
/work/csr33/images_for_predictions/naip_tiles/m_4107004_se_19_060_20210904.tif
/work/csr33/images_for_predictions/naip_tiles/m_2708133_nw_17_060_20211202.tif
/work/csr33/images_for_predictions/naip_tiles/m_2608027_se_17_060_20191203_20200113.tif
/work/csr33/images_for_predictions/naip_tiles/m_2908129_nw_17_060_20211130.tif
m_4506849_ne_19_060_20210816 300
/work/csr33/images_for_predictions/naip_tiles/m_3108120_ne_17_060_20191110_20200102.tif
m_4506844_sw_19_060_20211006 300
m_4406961_ne_19_060_20210904 300
m_3807662_nw_18_060_20211020 320
m_4207456_se_18_060_20210920 320
m_4207432_se_18_060_20210920 320
m_4107336_sw_18_060_20211106 320
m_4107004_se_19_060_20210904 336
m_3507727_se_18_060_20200930 357
m_2608003_nw_17_060_20191215_20200113 360
m_2809513_nw_15_060_20201117 360
m_2708133_nw_17_060_20211202 360
m_2608027_se_17_060_20191203_20200113 360
m_2608206_nw_17_060_20211204 380
m_3108120_ne_17_060_20191110_20200102 340
m_2908129_nw_17_060_20211130 360
m_3009242_sw_15_030_20211221 1326
m_3008810_se_16_030_20211112 1400
553.5822424888611
