load envirionment

/work/csr33/images_for_predictions/naip_tiles/m_3907658_sw_18_060_20210617.tif
/work/csr33/images_for_predictions/naip_tiles/m_2908226_ne_17_060_20211129.tif
/work/csr33/images_for_predictions/naip_tiles/m_4406803_ne_19_060_20210914.tif
/work/csr33/images_for_predictions/naip_tiles/m_2909132_nw_15_060_20190902_20191001.tif
/work/csr33/images_for_predictions/naip_tiles/m_4107220_ne_18_060_20210904.tif
/work/csr33/images_for_predictions/naip_tiles/m_2908219_sw_17_060_20211129.tif
/work/csr33/images_for_predictions/naip_tiles/m_3108846_nw_16_030_20211123.tif
/work/csr33/images_for_predictions/naip_tiles/m_4207328_nw_18_060_20211107.tif
/work/csr33/images_for_predictions/naip_tiles/m_3907546_nw_18_060_20190726_20191209.tif
/work/csr33/images_for_predictions/naip_tiles/m_3307947_ne_17_060_20210501.tif
/work/csr33/images_for_predictions/naip_tiles/m_3607705_ne_18_060_20210910.tif
/work/csr33/images_for_predictions/naip_tiles/m_4207009_se_19_060_20211024.tif
/work/csr33/images_for_predictions/naip_tiles/m_3008913_nw_16_030_20211112.tif
/work/csr33/images_for_predictions/naip_tiles/m_3807512_sw_18_060_20211019.tif
/work/csr33/images_for_predictions/naip_tiles/m_4406807_se_19_060_20210920.tif
/work/csr33/images_for_predictions/naip_tiles/m_4506858_se_19_060_20210816.tif
/work/csr33/images_for_predictions/naip_tiles/m_3807533_sw_18_060_20210618.tif
m_4506858_se_19_060_20210816 300
/work/csr33/images_for_predictions/naip_tiles/m_3307936_se_17_060_20210501.tif
m_4406803_ne_19_060_20210914 300
m_4406807_se_19_060_20210920 300
m_4207328_nw_18_060_20211107 320
m_3907658_sw_18_060_20210617 320
m_3807512_sw_18_060_20211019 320
m_3907546_nw_18_060_20190726_20191209 320
m_4107220_ne_18_060_20210904 320
m_4207009_se_19_060_20211024 336
m_3307947_ne_17_060_20210501 340
m_3607705_ne_18_060_20210910 340
m_2908219_sw_17_060_20211129 360
m_2908226_ne_17_060_20211129 360
m_2909132_nw_15_060_20190902_20191001 360
m_3807533_sw_18_060_20210618 320
m_3307936_se_17_060_20210501 340
m_3108846_nw_16_030_20211123 1400
m_3008913_nw_16_030_20211112 1440
1232.0862255096436
