load envirionment

/work/csr33/images_for_predictions/naip_tiles/m_3607731_nw_18_060_20210903.tif
/work/csr33/images_for_predictions/naip_tiles/m_4007432_nw_18_060_20211105.tif
/work/csr33/images_for_predictions/naip_tiles/m_3207904_nw_17_060_20210501.tif
/work/csr33/images_for_predictions/naip_tiles/m_3008142_ne_17_060_20211129.tif
/work/csr33/images_for_predictions/naip_tiles/m_4207129_ne_19_060_20211024.tif
/work/csr33/images_for_predictions/naip_tiles/m_2909117_se_15_060_20190706_20191001.tif
/work/csr33/images_for_predictions/naip_tiles/m_3009141_sw_15_030_20211113.tif
/work/csr33/images_for_predictions/naip_tiles/m_3009327_sw_15_060_20201031.tif
/work/csr33/images_for_predictions/naip_tiles/m_3707739_ne_18_060_20210912.tif
/work/csr33/images_for_predictions/naip_tiles/m_3008215_nw_17_060_20191110_20200108.tif
/work/csr33/images_for_predictions/naip_tiles/m_3008829_ne_16_030_20211119.tif
/work/csr33/images_for_predictions/naip_tiles/m_3108736_ne_16_030_20211115.tif
/work/csr33/images_for_predictions/naip_tiles/m_2808252_sw_17_060_20211130.tif
/work/csr33/images_for_predictions/naip_tiles/m_4107438_sw_18_060_20190917_20191209.tif
/work/csr33/images_for_predictions/naip_tiles/m_2809602_nw_14_060_20201029.tif
/work/csr33/images_for_predictions/naip_tiles/m_3507619_se_18_060_20201001.tif
/work/csr33/images_for_predictions/naip_tiles/m_4606845_ne_19_060_20210817.tif
m_4007432_nw_18_060_20211105 320
/work/csr33/images_for_predictions/naip_tiles/m_4406925_ne_19_060_20210827.tif
m_4107438_sw_18_060_20190917_20191209 300
m_4207129_ne_19_060_20211024 320
m_3607731_nw_18_060_20210903 340
m_3707739_ne_18_060_20210912 340
m_3207904_nw_17_060_20210501 340
m_3008215_nw_17_060_20191110_20200108 340
m_3009327_sw_15_060_20201031 340
m_2909117_se_15_060_20190706_20191001 360
m_3507619_se_18_060_20201001 357
m_2808252_sw_17_060_20211130 360
m_2809602_nw_14_060_20201029 360
m_3008142_ne_17_060_20211129 360
m_4606845_ne_19_060_20210817 300
m_4406925_ne_19_060_20210827 300
m_3009141_sw_15_030_20211113 1326
m_3108736_ne_16_030_20211115 1360
m_3008829_ne_16_030_20211119 1400
411.88108921051025
