load envirionment

/work/csr33/images_for_predictions/naip_tiles/m_4107125_nw_19_060_20210926.tif
/work/csr33/images_for_predictions/naip_tiles/m_4107404_nw_18_060_20190917_20191209.tif
/work/csr33/images_for_predictions/naip_tiles/m_2908236_se_17_060_20211129.tif
/work/csr33/images_for_predictions/naip_tiles/m_3307926_ne_17_060_20210508.tif
/work/csr33/images_for_predictions/naip_tiles/m_3108159_nw_17_060_20191110_20200102.tif
/work/csr33/images_for_predictions/naip_tiles/m_4107222_ne_18_060_20210926.tif
/work/csr33/images_for_predictions/naip_tiles/m_4506843_sw_19_060_20210816.tif
/work/csr33/images_for_predictions/naip_tiles/m_2708038_nw_17_060_20191215_20200113.tif
/work/csr33/images_for_predictions/naip_tiles/m_3009308_se_15_060_20190904_20191001.tif
/work/csr33/images_for_predictions/naip_tiles/m_2909503_sw_15_060_20201030.tif
/work/csr33/images_for_predictions/naip_tiles/m_2809658_nw_14_060_20201029.tif
/work/csr33/images_for_predictions/naip_tiles/m_3407605_se_18_060_20201018.tif
/work/csr33/images_for_predictions/naip_tiles/m_3008208_ne_17_060_20191110_20200108.tif
/work/csr33/images_for_predictions/naip_tiles/m_2909229_se_15_060_20190706_20191001.tif
/work/csr33/images_for_predictions/naip_tiles/m_3607744_sw_18_060_20200922.tif
/work/csr33/images_for_predictions/naip_tiles/m_4007449_ne_18_060_20191014_20191203.tif
/work/csr33/images_for_predictions/naip_tiles/m_3109357_ne_15_060_20201006.tif
m_4107404_nw_18_060_20190917_20191209 300
/work/csr33/images_for_predictions/naip_tiles/m_3208163_ne_17_060_20211202.tif
m_4506843_sw_19_060_20210816 300
m_4107222_ne_18_060_20210926 320
m_4107125_nw_19_060_20210926 320
m_4007449_ne_18_060_20191014_20191203 320
m_3407605_se_18_060_20201018 340
m_2809658_nw_14_060_20201029 360
m_3307926_ne_17_060_20210508 340
m_3108159_nw_17_060_20191110_20200102 340
m_3009308_se_15_060_20190904_20191001 340
m_3008208_ne_17_060_20191110_20200108 340
m_2708038_nw_17_060_20191215_20200113 360
m_3607744_sw_18_060_20200922 357
m_2909503_sw_15_060_20201030 360
m_2909229_se_15_060_20190706_20191001 360
m_2908236_se_17_060_20211129 360
m_3109357_ne_15_060_20201006 340
m_3208163_ne_17_060_20211202 340
569.4495930671692
