load envirionment

/work/csr33/images_for_predictions/naip_tiles/m_3108105_sw_17_060_20191110_20200102.tif
/work/csr33/images_for_predictions/naip_tiles/m_3008355_nw_17_060_20211130.tif
/work/csr33/images_for_predictions/naip_tiles/m_2708215_nw_17_060_20211130.tif
/work/csr33/images_for_predictions/naip_tiles/m_3008620_ne_16_060_20191109_20200114.tif
/work/csr33/images_for_predictions/naip_tiles/m_3009245_ne_15_030_20211222.tif
/work/csr33/images_for_predictions/naip_tiles/m_3807764_se_18_060_20210630.tif
/work/csr33/images_for_predictions/naip_tiles/m_2908934_se_16_030_20211202.tif
/work/csr33/images_for_predictions/naip_tiles/m_4107135_ne_19_060_20210826.tif
/work/csr33/images_for_predictions/naip_tiles/m_3807546_nw_18_060_20210605.tif
/work/csr33/images_for_predictions/naip_tiles/m_4007320_sw_18_060_20211106.tif
/work/csr33/images_for_predictions/naip_tiles/m_2908118_se_17_060_20211129.tif
/work/csr33/images_for_predictions/naip_tiles/m_2908316_ne_17_060_20211130.tif
/work/csr33/images_for_predictions/naip_tiles/m_4107212_se_18_060_20210904.tif
/work/csr33/images_for_predictions/naip_tiles/m_3108109_nw_17_060_20191110_20200102.tif
/work/csr33/images_for_predictions/naip_tiles/m_3008530_sw_16_060_20191118_20200114.tif
/work/csr33/images_for_predictions/naip_tiles/m_3407736_se_18_060_20200930.tif
/work/csr33/images_for_predictions/naip_tiles/m_4107406_sw_18_060_20211106.tif
m_4107135_ne_19_060_20210826 320
/work/csr33/images_for_predictions/naip_tiles/m_4207341_se_18_060_20210920.tif
m_3807546_nw_18_060_20210605 320
m_4007320_sw_18_060_20211106 320
m_3008620_ne_16_060_20191109_20200114 340
m_4107212_se_18_060_20210904 336
m_3108109_nw_17_060_20191110_20200102 340
m_3008530_sw_16_060_20191118_20200114 340
m_3108105_sw_17_060_20191110_20200102 340
m_2908118_se_17_060_20211129 360
m_3807764_se_18_060_20210630 357
m_3407736_se_18_060_20200930 357
m_2908316_ne_17_060_20211130 360
m_2708215_nw_17_060_20211130 360
m_3008355_nw_17_060_20211130 360
m_4207341_se_18_060_20210920 320
m_4107406_sw_18_060_20211106 320
m_3009245_ne_15_030_20211222 1326
m_2908934_se_16_030_20211202 1365
386.72269225120544
