load envirionment

/work/csr33/images_for_predictions/naip_tiles/m_2908057_se_17_060_20211130.tif
/work/csr33/images_for_predictions/naip_tiles/m_4207326_ne_18_060_20211107.tif
/work/csr33/images_for_predictions/naip_tiles/m_2508012_sw_17_060_20211203.tif
/work/csr33/images_for_predictions/naip_tiles/m_2608122_nw_17_060_20191128_20200113.tif
/work/csr33/images_for_predictions/naip_tiles/m_4107244_ne_18_060_20210904.tif
/work/csr33/images_for_predictions/naip_tiles/m_3008933_nw_16_030_20211115.tif
/work/csr33/images_for_predictions/naip_tiles/m_3008951_ne_16_030_20211115.tif
/work/csr33/images_for_predictions/naip_tiles/m_4406827_ne_19_060_20210914.tif
/work/csr33/images_for_predictions/naip_tiles/m_3208128_se_17_060_20191109_20200102.tif
/work/csr33/images_for_predictions/naip_tiles/m_4207064_nw_19_060_20210826.tif
/work/csr33/images_for_predictions/naip_tiles/m_3008822_nw_16_030_20211119.tif
/work/csr33/images_for_predictions/naip_tiles/m_3311746_ne_11_060_20200520.tif
/work/csr33/images_for_predictions/naip_tiles/m_4406823_sw_19_060_20210920.tif
/work/csr33/images_for_predictions/naip_tiles/m_4107331_ne_18_060_20211106.tif
/work/csr33/images_for_predictions/naip_tiles/m_4107248_sw_18_060_20210926.tif
/work/csr33/images_for_predictions/naip_tiles/m_3707654_se_18_060_20210913.tif
/work/csr33/images_for_predictions/naip_tiles/m_2708262_ne_17_060_20211130.tif
m_4406827_ne_19_060_20210914 300
/work/csr33/images_for_predictions/naip_tiles/m_2708224_nw_17_060_20211202.tif
m_4406823_sw_19_060_20210920 300
m_4207064_nw_19_060_20210826 320
m_4207326_ne_18_060_20211107 320
m_4107331_ne_18_060_20211106 320
m_4107244_ne_18_060_20210904 320
m_4107248_sw_18_060_20210926 336
m_3208128_se_17_060_20191109_20200102 340
m_3707654_se_18_060_20210913 340
m_3311746_ne_11_060_20200520 340
m_2908057_se_17_060_20211130 360
m_2608122_nw_17_060_20191128_20200113 360
m_2508012_sw_17_060_20211203 380
m_2708262_ne_17_060_20211130 360
m_2708224_nw_17_060_20211202 360
m_3008951_ne_16_030_20211115 1365
m_3008822_nw_16_030_20211119 1400
m_3008933_nw_16_030_20211115 1400
1087.9746673107147
