load envirionment

/work/csr33/images_for_predictions/naip_tiles/m_3008353_se_17_060_20211130.tif
/work/csr33/images_for_predictions/naip_tiles/m_2808019_nw_17_060_20191130_20200113.tif
/work/csr33/images_for_predictions/naip_tiles/m_3707660_ne_18_060_20210926.tif
/work/csr33/images_for_predictions/naip_tiles/m_3407711_se_18_060_20200904.tif
/work/csr33/images_for_predictions/naip_tiles/m_2808222_nw_17_060_20211130.tif
/work/csr33/images_for_predictions/naip_tiles/m_3311614_nw_11_060_20200416.tif
/work/csr33/images_for_predictions/naip_tiles/m_2908944_ne_16_030_20211202.tif
/work/csr33/images_for_predictions/naip_tiles/m_3407955_se_17_060_20210508.tif
/work/csr33/images_for_predictions/naip_tiles/m_4007444_se_18_060_20190830_20191209.tif
/work/csr33/images_for_predictions/naip_tiles/m_3008149_sw_17_060_20211202.tif
/work/csr33/images_for_predictions/naip_tiles/m_3008648_se_16_060_20191109_20200114.tif
/work/csr33/images_for_predictions/naip_tiles/m_3008837_nw_16_030_20211113.tif
/work/csr33/images_for_predictions/naip_tiles/m_3108862_nw_16_030_20211123.tif
/work/csr33/images_for_predictions/naip_tiles/m_4107316_se_18_060_20211106.tif
/work/csr33/images_for_predictions/naip_tiles/m_4107222_sw_18_060_20210926.tif
/work/csr33/images_for_predictions/naip_tiles/m_4406720_ne_19_060_20210907.tif
/work/csr33/images_for_predictions/naip_tiles/m_3008141_se_17_060_20211129.tif
m_4007444_se_18_060_20190830_20191209 300
/work/csr33/images_for_predictions/naip_tiles/m_4207351_nw_18_060_20211107.tif
m_4406720_ne_19_060_20210907 300
m_3311614_nw_11_060_20200416 340
m_3008648_se_16_060_20191109_20200114 340
m_4107316_se_18_060_20211106 336
m_4107222_sw_18_060_20210926 336
m_3407955_se_17_060_20210508 340
m_2808019_nw_17_060_20191130_20200113 340
m_3707660_ne_18_060_20210926 340
m_3407711_se_18_060_20200904 357
m_2808222_nw_17_060_20211130 360
m_3008149_sw_17_060_20211202 360
m_3008353_se_17_060_20211130 378
m_4207351_nw_18_060_20211107 320
m_3008141_se_17_060_20211129 360
m_2908944_ne_16_030_20211202 1365
m_3108862_nw_16_030_20211123 1400
m_3008837_nw_16_030_20211113 1440
320.5417068004608
