load envirionment

/work/csr33/images_for_predictions/naip_tiles/m_3707601_ne_18_060_20210910.tif
/work/csr33/images_for_predictions/naip_tiles/m_3307825_nw_17_060_20210501.tif
/work/csr33/images_for_predictions/naip_tiles/m_3407724_ne_18_060_20201031.tif
/work/csr33/images_for_predictions/naip_tiles/m_2909130_ne_15_060_20190902_20191001.tif
/work/csr33/images_for_predictions/naip_tiles/m_3307949_se_17_060_20210508.tif
/work/csr33/images_for_predictions/naip_tiles/m_2908331_ne_17_060_20211116.tif
/work/csr33/images_for_predictions/naip_tiles/m_2909126_nw_15_060_20190706_20191001.tif
/work/csr33/images_for_predictions/naip_tiles/m_4107339_nw_18_060_20211103.tif
/work/csr33/images_for_predictions/naip_tiles/m_3211620_se_11_060_20200415.tif
/work/csr33/images_for_predictions/naip_tiles/m_3507659_se_18_060_20201031.tif
/work/csr33/images_for_predictions/naip_tiles/m_2809604_nw_14_060_20201106.tif
/work/csr33/images_for_predictions/naip_tiles/m_4207028_nw_19_060_20210904.tif
/work/csr33/images_for_predictions/naip_tiles/m_4307018_nw_19_060_20211007.tif
/work/csr33/images_for_predictions/naip_tiles/m_3707708_sw_18_060_20210827.tif
/work/csr33/images_for_predictions/naip_tiles/m_3008628_se_16_060_20191109_20200114.tif
/work/csr33/images_for_predictions/naip_tiles/m_4107403_ne_18_060_20190917_20191210.tif
/work/csr33/images_for_predictions/naip_tiles/m_4506857_nw_19_060_20210816.tif
m_3008628_se_16_060_20191109_20200114 340
/work/csr33/images_for_predictions/naip_tiles/m_2508107_se_17_060_20211203.tif
m_4107403_ne_18_060_20190917_20191210 300
m_4107339_nw_18_060_20211103 320
m_4307018_nw_19_060_20211007 320
m_4207028_nw_19_060_20210904 320
m_3211620_se_11_060_20200415 340
m_3307949_se_17_060_20210508 340
m_3707601_ne_18_060_20210910 340
m_3307825_nw_17_060_20210501 340
m_3407724_ne_18_060_20201031 340
m_3707708_sw_18_060_20210827 357
m_2909126_nw_15_060_20190706_20191001 360
m_2809604_nw_14_060_20201106 360
m_3507659_se_18_060_20201031 357
m_2909130_ne_15_060_20190902_20191001 360
m_2908331_ne_17_060_20211116 360
m_4506857_nw_19_060_20210816 300
m_2508107_se_17_060_20211203 360
257.10909843444824
