load envirionment

/work/csr33/images_for_predictions/naip_tiles/m_3008551_nw_16_060_20191118_20200114.tif
/work/csr33/images_for_predictions/naip_tiles/m_3009110_nw_15_030_20211113.tif
/work/csr33/images_for_predictions/naip_tiles/m_3009350_se_15_060_20201031.tif
/work/csr33/images_for_predictions/naip_tiles/m_3109358_se_15_060_20201006.tif
/work/csr33/images_for_predictions/naip_tiles/m_4007422_ne_18_060_20190830_20191209.tif
/work/csr33/images_for_predictions/naip_tiles/m_2909217_se_15_060_20190905_20191001.tif
/work/csr33/images_for_predictions/naip_tiles/m_3009232_se_15_030_20211114.tif
/work/csr33/images_for_predictions/naip_tiles/m_3009352_ne_15_060_20190901_20191001.tif
/work/csr33/images_for_predictions/naip_tiles/m_3907631_se_18_060_20211101.tif
/work/csr33/images_for_predictions/naip_tiles/m_2909658_ne_14_060_20201116.tif
/work/csr33/images_for_predictions/naip_tiles/m_4107440_nw_18_060_20211105.tif
/work/csr33/images_for_predictions/naip_tiles/m_2809603_nw_14_060_20201107.tif
/work/csr33/images_for_predictions/naip_tiles/m_3108853_sw_16_030_20211123.tif
/work/csr33/images_for_predictions/naip_tiles/m_3208155_se_17_060_20210507.tif
/work/csr33/images_for_predictions/naip_tiles/m_3208161_ne_17_060_20191109_20200102.tif
/work/csr33/images_for_predictions/naip_tiles/m_3008239_ne_17_060_20191110_20200108.tif
/work/csr33/images_for_predictions/naip_tiles/m_3407621_nw_18_060_20201018.tif
m_4007422_ne_18_060_20190830_20191209 300
/work/csr33/images_for_predictions/naip_tiles/m_4307154_se_19_060_20211024.tif
m_3907631_se_18_060_20211101 320
m_4107440_nw_18_060_20211105 320
m_3109358_se_15_060_20201006 340
m_3008239_ne_17_060_20191110_20200108 340
m_3008551_nw_16_060_20191118_20200114 340
m_3208155_se_17_060_20210507 340
m_3208161_ne_17_060_20191109_20200102 340
m_3009350_se_15_060_20201031 340
m_2909217_se_15_060_20190905_20191001 360
m_3009352_ne_15_060_20190901_20191001 360
m_2909658_ne_14_060_20201116 360
m_2809603_nw_14_060_20201107 360
m_3407621_nw_18_060_20201018 340
m_4307154_se_19_060_20211024 336
m_3009232_se_15_030_20211114 1326
m_3009110_nw_15_030_20211113 1326
m_3108853_sw_16_030_20211123 1400
600.0447130203247
