load envirionment

/work/csr33/images_for_predictions/naip_tiles/m_2808220_nw_17_060_20211130.tif
/work/csr33/images_for_predictions/naip_tiles/m_4207017_nw_19_060_20211024.tif
/work/csr33/images_for_predictions/naip_tiles/m_3311729_se_11_060_20200423.tif
/work/csr33/images_for_predictions/naip_tiles/m_3807617_ne_18_060_20210617.tif
/work/csr33/images_for_predictions/naip_tiles/m_3108255_sw_17_060_20191110_20200102.tif
/work/csr33/images_for_predictions/naip_tiles/m_2909406_se_15_060_20201112.tif
/work/csr33/images_for_predictions/naip_tiles/m_4207148_sw_19_060_20210826.tif
/work/csr33/images_for_predictions/naip_tiles/m_4307034_sw_19_060_20211007.tif
/work/csr33/images_for_predictions/naip_tiles/m_2709749_se_14_060_20200501.tif
/work/csr33/images_for_predictions/naip_tiles/m_2708044_se_17_060_20191215_20200113.tif
/work/csr33/images_for_predictions/naip_tiles/m_2608135_nw_17_060_20211223.tif
/work/csr33/images_for_predictions/naip_tiles/m_3009309_se_15_060_20201006.tif
/work/csr33/images_for_predictions/naip_tiles/m_3009261_se_15_030_20211222.tif
/work/csr33/images_for_predictions/naip_tiles/m_4207342_sw_18_060_20210920.tif
/work/csr33/images_for_predictions/naip_tiles/m_2908315_ne_17_060_20211116.tif
/work/csr33/images_for_predictions/naip_tiles/m_2608143_se_17_060_20211223.tif
/work/csr33/images_for_predictions/naip_tiles/m_3009236_nw_15_060_20190706_20191001.tif
m_4207017_nw_19_060_20211024 320
/work/csr33/images_for_predictions/naip_tiles/m_2908110_se_17_060_20211129.tif
m_4207342_sw_18_060_20210920 320
m_3807617_ne_18_060_20210617 320
m_3311729_se_11_060_20200423 340
m_4207148_sw_19_060_20210826 336
m_4307034_sw_19_060_20211007 336
m_2909406_se_15_060_20201112 340
m_3108255_sw_17_060_20191110_20200102 340
m_3009309_se_15_060_20201006 340
m_2608143_se_17_060_20211223 360
m_2908315_ne_17_060_20211116 360
m_2708044_se_17_060_20191215_20200113 360
m_2709749_se_14_060_20200501 360
m_2808220_nw_17_060_20211130 360
m_2608135_nw_17_060_20211223 380
m_2908110_se_17_060_20211129 360
m_3009236_nw_15_060_20190706_20191001 360
m_3009261_se_15_030_20211222 1326
465.60223269462585
