load envirionment

/work/csr33/images_for_predictions/naip_tiles/m_4007532_nw_18_060_20191019_20191203.tif
/work/csr33/images_for_predictions/naip_tiles/m_3307919_ne_17_060_20210501.tif
/work/csr33/images_for_predictions/naip_tiles/m_3807540_sw_18_060_20210605.tif
/work/csr33/images_for_predictions/naip_tiles/m_3009356_sw_15_060_20190905_20191001.tif
/work/csr33/images_for_predictions/naip_tiles/m_3307957_ne_17_060_20210508.tif
/work/csr33/images_for_predictions/naip_tiles/m_3009005_nw_15_030_20211120.tif
/work/csr33/images_for_predictions/naip_tiles/m_3009138_ne_15_030_20211116.tif
/work/csr33/images_for_predictions/naip_tiles/m_3108840_ne_16_030_20211120.tif
/work/csr33/images_for_predictions/naip_tiles/m_4007212_sw_18_060_20211105.tif
/work/csr33/images_for_predictions/naip_tiles/m_3907664_ne_18_060_20211020.tif
/work/csr33/images_for_predictions/naip_tiles/m_2808035_se_17_060_20191130_20200113.tif
/work/csr33/images_for_predictions/naip_tiles/m_3607617_nw_18_060_20210827.tif
/work/csr33/images_for_predictions/naip_tiles/m_2909013_sw_15_030_20211130.tif
/work/csr33/images_for_predictions/naip_tiles/m_3607659_se_18_060_20201001.tif
/work/csr33/images_for_predictions/naip_tiles/m_3008706_sw_16_060_20191103_20200114.tif
/work/csr33/images_for_predictions/naip_tiles/m_3807635_nw_18_060_20210617.tif
/work/csr33/images_for_predictions/naip_tiles/m_3008611_ne_16_060_20191109_20200114.tif
m_3907664_ne_18_060_20211020 320
/work/csr33/images_for_predictions/naip_tiles/m_2909402_sw_15_060_20201112.tif
m_3807635_nw_18_060_20210617 320
m_3807540_sw_18_060_20210605 320
m_3307919_ne_17_060_20210501 340
m_4007532_nw_18_060_20191019_20191203 320
m_3607659_se_18_060_20201001 357
m_3008706_sw_16_060_20191103_20200114 340
m_4007212_sw_18_060_20211105 336
m_3607617_nw_18_060_20210827 340
m_3307957_ne_17_060_20210508 340
m_2808035_se_17_060_20191130_20200113 360
m_3009356_sw_15_060_20190905_20191001 360
m_3008611_ne_16_060_20191109_20200114 340
m_2909402_sw_15_060_20201112 360
m_3009138_ne_15_030_20211116 1326
m_2909013_sw_15_030_20211130 1365
m_3108840_ne_16_030_20211120 1400
m_3009005_nw_15_030_20211120 1440
422.5310249328613
