load envirionment

/work/csr33/images_for_predictions/naip_tiles/m_3008562_sw_16_060_20191118_20200114.tif
/work/csr33/images_for_predictions/naip_tiles/m_3607634_ne_18_060_20200516.tif
/work/csr33/images_for_predictions/naip_tiles/m_2908140_nw_17_060_20211130.tif
/work/csr33/images_for_predictions/naip_tiles/m_3507517_se_18_060_20201018.tif
/work/csr33/images_for_predictions/naip_tiles/m_3108106_nw_17_060_20191109_20200102.tif
/work/csr33/images_for_predictions/naip_tiles/m_2809649_nw_14_060_20201116.tif
/work/csr33/images_for_predictions/naip_tiles/m_4407059_se_19_060_20211007.tif
/work/csr33/images_for_predictions/naip_tiles/m_2908228_sw_17_060_20211129.tif
/work/csr33/images_for_predictions/naip_tiles/m_4107225_nw_18_060_20211106.tif
/work/csr33/images_for_predictions/naip_tiles/m_2809658_sw_14_060_20201029.tif
/work/csr33/images_for_predictions/naip_tiles/m_3008448_sw_16_060_20191205_20200114.tif
/work/csr33/images_for_predictions/naip_tiles/m_2609763_sw_14_060_20201029.tif
/work/csr33/images_for_predictions/naip_tiles/m_3008362_nw_17_060_20211130.tif
/work/csr33/images_for_predictions/naip_tiles/m_3807541_ne_18_060_20210618.tif
/work/csr33/images_for_predictions/naip_tiles/m_2808230_ne_17_060_20211130.tif
/work/csr33/images_for_predictions/naip_tiles/m_3208035_sw_17_060_20210426.tif
/work/csr33/images_for_predictions/naip_tiles/m_2708029_se_17_060_20191215_20200113.tif
m_4407059_se_19_060_20211007 315
/work/csr33/images_for_predictions/naip_tiles/m_2808240_ne_17_060_20211202.tif
m_3807541_ne_18_060_20210618 320
m_4107225_nw_18_060_20211106 320
m_3607634_ne_18_060_20200516 340
m_3507517_se_18_060_20201018 340
m_3208035_sw_17_060_20210426 340
m_3108106_nw_17_060_20191109_20200102 340
m_2609763_sw_14_060_20201029 360
m_2809658_sw_14_060_20201029 360
m_2808230_ne_17_060_20211130 360
m_2908140_nw_17_060_20211130 360
m_3008562_sw_16_060_20191118_20200114 360
m_2908228_sw_17_060_20211129 360
m_3008448_sw_16_060_20191205_20200114 360
m_2809649_nw_14_060_20201116 360
m_3008362_nw_17_060_20211130 360
m_2708029_se_17_060_20191215_20200113 360
m_2808240_ne_17_060_20211202 360
242.644602060318
