load envirionment

/work/csr33/images_for_predictions/naip_tiles/m_4007206_nw_18_060_20210926.tif
/work/csr33/images_for_predictions/naip_tiles/m_2608144_se_17_060_20191123_20200113.tif
/work/csr33/images_for_predictions/naip_tiles/m_3108763_se_16_030_20211109.tif
/work/csr33/images_for_predictions/naip_tiles/m_4606852_se_19_060_20210817.tif
/work/csr33/images_for_predictions/naip_tiles/m_3009149_nw_15_030_20211113.tif
/work/csr33/images_for_predictions/naip_tiles/m_3009154_sw_15_030_20211116.tif
/work/csr33/images_for_predictions/naip_tiles/m_3008206_sw_17_060_20191110_20200108.tif
/work/csr33/images_for_predictions/naip_tiles/m_3311651_nw_11_060_20200415.tif
/work/csr33/images_for_predictions/naip_tiles/m_2908304_sw_17_060_20191121_20200114.tif
/work/csr33/images_for_predictions/naip_tiles/m_3311738_ne_11_060_20200423.tif
/work/csr33/images_for_predictions/naip_tiles/m_3707646_nw_18_060_20210926.tif
/work/csr33/images_for_predictions/naip_tiles/m_3008718_se_16_030_20211119.tif
/work/csr33/images_for_predictions/naip_tiles/m_2708062_sw_17_060_20191215_20200113.tif
/work/csr33/images_for_predictions/naip_tiles/m_3008724_ne_16_060_20191103_20200114.tif
/work/csr33/images_for_predictions/naip_tiles/m_3108702_nw_16_030_20211115.tif
/work/csr33/images_for_predictions/naip_tiles/m_3607763_sw_18_060_20200922.tif
/work/csr33/images_for_predictions/naip_tiles/m_4506826_ne_19_060_20210816.tif
m_4606852_se_19_060_20210817 300
/work/csr33/images_for_predictions/naip_tiles/m_3607656_ne_18_060_20200516.tif
m_4007206_nw_18_060_20210926 320
m_2708062_sw_17_060_20191215_20200113 360
m_3707646_nw_18_060_20210926 340
m_3008724_ne_16_060_20191103_20200114 340
m_3311651_nw_11_060_20200415 340
m_3311738_ne_11_060_20200423 340
m_3008206_sw_17_060_20191110_20200108 340
m_3607763_sw_18_060_20200922 357
m_2608144_se_17_060_20191123_20200113 360
m_2908304_sw_17_060_20191121_20200114 360
m_4506826_ne_19_060_20210816 300
m_3607656_ne_18_060_20200516 340
m_3009154_sw_15_030_20211116 1326
m_3009149_nw_15_030_20211113 1326
m_3108763_se_16_030_20211109 1360
m_3008718_se_16_030_20211119 1400
m_3108702_nw_16_030_20211115 1400
479.1374001502991
