load envirionment

/work/csr33/images_for_predictions/naip_tiles/m_4107432_sw_18_060_20211105.tif
/work/csr33/images_for_predictions/naip_tiles/m_4406715_ne_19_060_20210711.tif
/work/csr33/images_for_predictions/naip_tiles/m_3008445_nw_16_060_20191129_20200114.tif
/work/csr33/images_for_predictions/naip_tiles/m_2908963_se_16_030_20211130.tif
/work/csr33/images_for_predictions/naip_tiles/m_3211732_ne_11_060_20200520.tif
/work/csr33/images_for_predictions/naip_tiles/m_3307962_ne_17_060_20210501.tif
/work/csr33/images_for_predictions/naip_tiles/m_3108718_sw_16_030_20211115.tif
/work/csr33/images_for_predictions/naip_tiles/m_3507713_se_18_060_20200922.tif
/work/csr33/images_for_predictions/naip_tiles/m_2608047_se_17_060_20191120_20200113.tif
/work/csr33/images_for_predictions/naip_tiles/m_2908125_sw_17_060_20211202.tif
/work/csr33/images_for_predictions/naip_tiles/m_2708128_se_17_060_20191129_20200113.tif
/work/csr33/images_for_predictions/naip_tiles/m_3008744_nw_16_030_20211113.tif
/work/csr33/images_for_predictions/naip_tiles/m_3807615_se_18_060_20210623.tif
/work/csr33/images_for_predictions/naip_tiles/m_3707753_nw_18_060_20210910.tif
/work/csr33/images_for_predictions/naip_tiles/m_2708152_sw_17_060_20191129_20200113.tif
/work/csr33/images_for_predictions/naip_tiles/m_4506827_sw_19_060_20210816.tif
/work/csr33/images_for_predictions/naip_tiles/m_3008437_se_16_060_20191129_20200114.tif
m_4406715_ne_19_060_20210711 300
/work/csr33/images_for_predictions/naip_tiles/m_2709744_nw_14_060_20200430.tif
m_4506827_sw_19_060_20210816 300
m_3807615_se_18_060_20210623 320
m_4107432_sw_18_060_20211105 320
m_3307962_ne_17_060_20210501 340
m_3211732_ne_11_060_20200520 340
m_3707753_nw_18_060_20210910 340
m_2908125_sw_17_060_20211202 360
m_3507713_se_18_060_20200922 357
m_2708128_se_17_060_20191129_20200113 360
m_2608047_se_17_060_20191120_20200113 360
m_3008445_nw_16_060_20191129_20200114 360
m_2708152_sw_17_060_20191129_20200113 360
m_3008437_se_16_060_20191129_20200114 360
m_2709744_nw_14_060_20200430 360
m_2908963_se_16_030_20211130 1365
m_3008744_nw_16_030_20211113 1400
m_3108718_sw_16_030_20211115 1400
479.27289390563965
