load envirionment

/work/csr33/images_for_predictions/naip_tiles/m_3108102_se_17_060_20191110_20200102.tif
/work/csr33/images_for_predictions/naip_tiles/m_3008547_se_16_060_20191128_20200114.tif
/work/csr33/images_for_predictions/naip_tiles/m_3607736_sw_18_060_20200922.tif
/work/csr33/images_for_predictions/naip_tiles/m_3507722_nw_18_060_20200922.tif
/work/csr33/images_for_predictions/naip_tiles/m_4107230_nw_18_060_20210926.tif
/work/csr33/images_for_predictions/naip_tiles/m_3907410_sw_18_060_20190830_20191209.tif
/work/csr33/images_for_predictions/naip_tiles/m_3009336_ne_15_060_20190901_20191001.tif
/work/csr33/images_for_predictions/naip_tiles/m_4406824_ne_19_060_20210815.tif
/work/csr33/images_for_predictions/naip_tiles/m_2908506_sw_16_060_20191118_20200114.tif
/work/csr33/images_for_predictions/naip_tiles/m_4307156_sw_19_060_20211024.tif
/work/csr33/images_for_predictions/naip_tiles/m_3807651_ne_18_060_20210617.tif
/work/csr33/images_for_predictions/naip_tiles/m_4406934_ne_19_060_20210827.tif
/work/csr33/images_for_predictions/naip_tiles/m_3407621_sw_18_060_20201018.tif
/work/csr33/images_for_predictions/naip_tiles/m_3311764_sw_11_060_20200428.tif
/work/csr33/images_for_predictions/naip_tiles/m_4506812_ne_19_060_20210921.tif
/work/csr33/images_for_predictions/naip_tiles/m_2608134_nw_17_060_20211223.tif
/work/csr33/images_for_predictions/naip_tiles/m_3307817_nw_17_060_20210501.tif
m_4506812_ne_19_060_20210921 300
/work/csr33/images_for_predictions/naip_tiles/m_3009348_ne_15_060_20190901_20191001.tif
m_4406934_ne_19_060_20210827 300
m_4406824_ne_19_060_20210815 300
m_3807651_ne_18_060_20210617 320
m_3907410_sw_18_060_20190830_20191209 320
m_4107230_nw_18_060_20210926 320
m_4307156_sw_19_060_20211024 336
m_3311764_sw_11_060_20200428 340
m_3507722_nw_18_060_20200922 340
m_3008547_se_16_060_20191128_20200114 340
m_3108102_se_17_060_20191110_20200102 340
m_3407621_sw_18_060_20201018 340
m_3607736_sw_18_060_20200922 357
m_3009336_ne_15_060_20190901_20191001 360
m_2908506_sw_16_060_20191118_20200114 360
m_2608134_nw_17_060_20211223 380
m_3307817_nw_17_060_20210501 340
m_3009348_ne_15_060_20190901_20191001 360
748.6521134376526
