load envirionment

/work/csr33/images_for_predictions/naip_tiles/m_4406839_sw_19_060_20210920.tif
/work/csr33/images_for_predictions/naip_tiles/m_3307908_ne_17_060_20210501.tif
/work/csr33/images_for_predictions/naip_tiles/m_2708263_sw_17_060_20211130.tif
/work/csr33/images_for_predictions/naip_tiles/m_2608053_nw_17_060_20191203_20200113.tif
/work/csr33/images_for_predictions/naip_tiles/m_3008564_nw_16_060_20191118_20200114.tif
/work/csr33/images_for_predictions/naip_tiles/m_3807521_se_18_060_20211019.tif
/work/csr33/images_for_predictions/naip_tiles/m_2608062_se_17_060_20191120_20200113.tif
/work/csr33/images_for_predictions/naip_tiles/m_3807618_se_18_060_20210617.tif
/work/csr33/images_for_predictions/naip_tiles/m_2708262_nw_17_060_20211130.tif
/work/csr33/images_for_predictions/naip_tiles/m_4506836_ne_19_060_20210929.tif
/work/csr33/images_for_predictions/naip_tiles/m_2908917_se_16_030_20211130.tif
/work/csr33/images_for_predictions/naip_tiles/m_2908405_ne_16_060_20191129_20200114.tif
/work/csr33/images_for_predictions/naip_tiles/m_3108106_ne_17_060_20191109_20200102.tif
/work/csr33/images_for_predictions/naip_tiles/m_4406928_se_19_060_20210904.tif
/work/csr33/images_for_predictions/naip_tiles/m_2908918_nw_16_030_20211129.tif
/work/csr33/images_for_predictions/naip_tiles/m_4107003_ne_19_060_20210904.tif
/work/csr33/images_for_predictions/naip_tiles/m_3307926_sw_17_060_20210508.tif
m_4406928_se_19_060_20210904 300
/work/csr33/images_for_predictions/naip_tiles/m_3211621_sw_11_060_20200415.tif
m_3807521_se_18_060_20211019 320
m_4506836_ne_19_060_20210929 300
m_4406839_sw_19_060_20210920 300
m_4107003_ne_19_060_20210904 320
m_3807618_se_18_060_20210617 320
m_3108106_ne_17_060_20191109_20200102 340
m_3307908_ne_17_060_20210501 340
m_2908405_ne_16_060_20191129_20200114 360
m_2608053_nw_17_060_20191203_20200113 360
m_2608062_se_17_060_20191120_20200113 360
m_3008564_nw_16_060_20191118_20200114 360
m_2708263_sw_17_060_20211130 380
m_2708262_nw_17_060_20211130 380
m_3307926_sw_17_060_20210508 340
m_3211621_sw_11_060_20200415 340
m_2908917_se_16_030_20211130 1365
m_2908918_nw_16_030_20211129 1365
431.238808631897
