load envirionment

/work/csr33/images_for_predictions/naip_tiles/m_3008159_nw_17_060_20211129.tif
/work/csr33/images_for_predictions/naip_tiles/m_3009026_sw_15_030_20211119.tif
/work/csr33/images_for_predictions/naip_tiles/m_3008257_se_17_060_20211117.tif
/work/csr33/images_for_predictions/naip_tiles/m_4406826_nw_19_060_20210913.tif
/work/csr33/images_for_predictions/naip_tiles/m_3607542_nw_18_060_20200516.tif
/work/csr33/images_for_predictions/naip_tiles/m_2508047_nw_17_060_20191126_20200113.tif
/work/csr33/images_for_predictions/naip_tiles/m_2708203_sw_17_060_20211130.tif
/work/csr33/images_for_predictions/naip_tiles/m_4107313_nw_18_060_20211106.tif
/work/csr33/images_for_predictions/naip_tiles/m_3008161_sw_17_060_20211130.tif
/work/csr33/images_for_predictions/naip_tiles/m_4107262_nw_18_060_20210926.tif
/work/csr33/images_for_predictions/naip_tiles/m_3707604_sw_18_060_20210926.tif
/work/csr33/images_for_predictions/naip_tiles/m_2708203_se_17_060_20211130.tif
/work/csr33/images_for_predictions/naip_tiles/m_3707736_sw_18_060_20210910.tif
/work/csr33/images_for_predictions/naip_tiles/m_3307953_se_17_060_20210501.tif
/work/csr33/images_for_predictions/naip_tiles/m_3407840_nw_17_060_20200904.tif
/work/csr33/images_for_predictions/naip_tiles/m_2809608_se_14_060_20201029.tif
/work/csr33/images_for_predictions/naip_tiles/m_3009113_se_15_030_20211114.tif
m_4406826_nw_19_060_20210913 300
/work/csr33/images_for_predictions/naip_tiles/m_2909424_ne_15_060_20201102.tif
m_4107313_nw_18_060_20211106 320
m_4107262_nw_18_060_20210926 320
m_3307953_se_17_060_20210501 340
m_3607542_nw_18_060_20200516 340
m_3707604_sw_18_060_20210926 357
m_2508047_nw_17_060_20191126_20200113 360
m_3008257_se_17_060_20211117 378
m_2809608_se_14_060_20201029 360
m_3008159_nw_17_060_20211129 360
m_3008161_sw_17_060_20211130 360
m_2708203_se_17_060_20211130 360
m_3707736_sw_18_060_20210910 357
m_2708203_sw_17_060_20211130 360
m_3407840_nw_17_060_20200904 360
m_2909424_ne_15_060_20201102 340
m_3009026_sw_15_030_20211119 1365
m_3009113_se_15_030_20211114 1326
526.8016195297241
