load envirionment

/work/csr33/images_for_predictions/naip_tiles/m_3311902_ne_11_060_20200607.tif
/work/csr33/images_for_predictions/naip_tiles/m_3411928_sw_11_060_20200521.tif
/work/csr33/images_for_predictions/naip_tiles/m_2909118_sw_15_060_20190706_20191001.tif
/work/csr33/images_for_predictions/naip_tiles/m_3208138_se_17_060_20191109_20200102.tif
/work/csr33/images_for_predictions/naip_tiles/m_3008630_nw_16_060_20191109_20200114.tif
/work/csr33/images_for_predictions/naip_tiles/m_4207025_sw_19_060_20211024.tif
/work/csr33/images_for_predictions/naip_tiles/m_3208163_sw_17_060_20211202.tif
/work/csr33/images_for_predictions/naip_tiles/m_2508054_ne_17_060_20191126_20200113.tif
/work/csr33/images_for_predictions/naip_tiles/m_3008537_nw_16_060_20191118_20200114.tif
/work/csr33/images_for_predictions/naip_tiles/m_4107327_ne_18_060_20211106.tif
/work/csr33/images_for_predictions/naip_tiles/m_3008159_ne_17_060_20211129.tif
/work/csr33/images_for_predictions/naip_tiles/m_4207001_se_19_060_20211024.tif
/work/csr33/images_for_predictions/naip_tiles/m_3009435_nw_15_060_20201112.tif
/work/csr33/images_for_predictions/naip_tiles/m_3412008_ne_10_060_20200522.tif
/work/csr33/images_for_predictions/naip_tiles/m_4007564_nw_18_060_20191015_20191203.tif
/work/csr33/images_for_predictions/naip_tiles/m_3607724_sw_18_060_20210827.tif
/work/csr33/images_for_predictions/naip_tiles/m_3008356_nw_17_060_20211117.tif
m_3008630_nw_16_060_20191109_20200114 340
/work/csr33/images_for_predictions/naip_tiles/m_2708038_ne_17_060_20191215_20200113.tif
m_4107327_ne_18_060_20211106 320
m_3411928_sw_11_060_20200521 340
m_4007564_nw_18_060_20191015_20191203 320
m_4207001_se_19_060_20211024 336
m_3311902_ne_11_060_20200607 340
m_4207025_sw_19_060_20211024 336
m_3009435_nw_15_060_20201112 340
m_3208138_se_17_060_20191109_20200102 340
m_3412008_ne_10_060_20200522 340
m_3008159_ne_17_060_20211129 360
m_2508054_ne_17_060_20191126_20200113 360
m_3208163_sw_17_060_20211202 340
m_3008537_nw_16_060_20191118_20200114 340
m_2909118_sw_15_060_20190706_20191001 360
m_3607724_sw_18_060_20210827 357
m_3008356_nw_17_060_20211117 360
m_2708038_ne_17_060_20191215_20200113 360
664.3132147789001
