load envirionment

/work/csr33/images_for_predictions/naip_tiles/m_3707737_sw_18_060_20210910.tif
/work/csr33/images_for_predictions/naip_tiles/m_2608029_ne_17_060_20191207_20200113.tif
/work/csr33/images_for_predictions/naip_tiles/m_3008451_sw_16_060_20191128_20200114.tif
/work/csr33/images_for_predictions/naip_tiles/m_3407828_sw_17_060_20200903.tif
/work/csr33/images_for_predictions/naip_tiles/m_2809617_ne_14_060_20201116.tif
/work/csr33/images_for_predictions/naip_tiles/m_3009057_se_15_030_20211119.tif
/work/csr33/images_for_predictions/naip_tiles/m_2608056_sw_17_060_20191120_20200113.tif
/work/csr33/images_for_predictions/naip_tiles/m_3008539_nw_16_060_20191128_20200114.tif
/work/csr33/images_for_predictions/naip_tiles/m_4107423_se_18_060_20211105.tif
/work/csr33/images_for_predictions/naip_tiles/m_3009021_ne_15_030_20211115.tif
/work/csr33/images_for_predictions/naip_tiles/m_2809626_sw_14_060_20201029.tif
/work/csr33/images_for_predictions/naip_tiles/m_3307910_nw_17_060_20210508.tif
/work/csr33/images_for_predictions/naip_tiles/m_4506835_nw_19_060_20210816.tif
/work/csr33/images_for_predictions/naip_tiles/m_3009044_ne_15_060_20190830_20191001.tif
/work/csr33/images_for_predictions/naip_tiles/m_2608110_ne_17_060_20211223.tif
/work/csr33/images_for_predictions/naip_tiles/m_4307163_ne_19_060_20211024.tif
/work/csr33/images_for_predictions/naip_tiles/m_3407758_nw_18_060_20200904.tif
m_4506835_nw_19_060_20210816 300
/work/csr33/images_for_predictions/naip_tiles/m_4207116_nw_19_060_20211024.tif
m_4107423_se_18_060_20211105 320
m_4307163_ne_19_060_20211024 320
m_2809626_sw_14_060_20201029 360
m_3307910_nw_17_060_20210508 340
m_3008539_nw_16_060_20191128_20200114 340
m_2809617_ne_14_060_20201116 360
m_3009044_ne_15_060_20190830_20191001 360
m_2608056_sw_17_060_20191120_20200113 360
m_2608029_ne_17_060_20191207_20200113 360
m_3707737_sw_18_060_20210910 357
m_3008451_sw_16_060_20191128_20200114 360
m_2608110_ne_17_060_20211223 360
m_3407828_sw_17_060_20200903 378
m_4207116_nw_19_060_20211024 320
m_3407758_nw_18_060_20200904 360
m_3009057_se_15_030_20211119 1365
m_3009021_ne_15_030_20211115 1365
490.67251086235046
