load envirionment

/work/csr33/images_for_predictions/naip_tiles/m_3507643_ne_18_060_20201018.tif
/work/csr33/images_for_predictions/naip_tiles/m_2608009_ne_17_060_20191129_20200113.tif
/work/csr33/images_for_predictions/naip_tiles/m_3907633_ne_18_060_20210616.tif
/work/csr33/images_for_predictions/naip_tiles/m_4207338_sw_18_060_20211106.tif
/work/csr33/images_for_predictions/naip_tiles/m_4506852_ne_19_060_20210929.tif
/work/csr33/images_for_predictions/naip_tiles/m_3009439_ne_15_060_20201102.tif
/work/csr33/images_for_predictions/naip_tiles/m_3008722_sw_16_060_20191103_20200114.tif
/work/csr33/images_for_predictions/naip_tiles/m_4107354_ne_18_060_20211103.tif
/work/csr33/images_for_predictions/naip_tiles/m_3907513_ne_18_060_20210630.tif
/work/csr33/images_for_predictions/naip_tiles/m_2909658_se_14_060_20201116.tif
/work/csr33/images_for_predictions/naip_tiles/m_3008530_ne_16_060_20191118_20200114.tif
/work/csr33/images_for_predictions/naip_tiles/m_3807538_ne_18_060_20210624.tif
/work/csr33/images_for_predictions/naip_tiles/m_2808259_nw_17_060_20211201.tif
/work/csr33/images_for_predictions/naip_tiles/m_2508007_ne_17_060_20191120_20200113.tif
/work/csr33/images_for_predictions/naip_tiles/m_3311814_nw_11_060_20200505.tif
/work/csr33/images_for_predictions/naip_tiles/m_4207163_nw_19_060_20210826.tif
/work/csr33/images_for_predictions/naip_tiles/m_2808244_nw_17_060_20211130.tif
m_4506852_ne_19_060_20210929 300
/work/csr33/images_for_predictions/naip_tiles/m_2908920_nw_16_030_20211129.tif
m_3907513_ne_18_060_20210630 320
m_3907633_ne_18_060_20210616 320
m_4207163_nw_19_060_20210826 320
m_4107354_ne_18_060_20211103 320
m_3807538_ne_18_060_20210624 320
m_4207338_sw_18_060_20211106 336
m_2808259_nw_17_060_20211201 360
m_3009439_ne_15_060_20201102 340
m_3507643_ne_18_060_20201018 340
m_3008722_sw_16_060_20191103_20200114 340
m_3311814_nw_11_060_20200505 340
m_3008530_ne_16_060_20191118_20200114 340
m_2608009_ne_17_060_20191129_20200113 360
m_2508007_ne_17_060_20191120_20200113 360
m_2909658_se_14_060_20201116 360
m_2808244_nw_17_060_20211130 360
m_2908920_nw_16_030_20211129 1365
373.38225626945496
