load envirionment

/work/csr33/images_for_predictions/naip_tiles/m_3208161_se_17_060_20191109_20200102.tif
/work/csr33/images_for_predictions/naip_tiles/m_2809615_ne_14_060_20201029.tif
/work/csr33/images_for_predictions/naip_tiles/m_2909112_se_15_060_20190706_20191001.tif
/work/csr33/images_for_predictions/naip_tiles/m_3907406_ne_18_060_20190920_20191209.tif
/work/csr33/images_for_predictions/naip_tiles/m_4207439_nw_18_060_20210920.tif
/work/csr33/images_for_predictions/naip_tiles/m_2708237_nw_17_060_20211130.tif
/work/csr33/images_for_predictions/naip_tiles/m_3507612_se_18_060_20201001.tif
/work/csr33/images_for_predictions/naip_tiles/m_3507739_se_18_060_20201031.tif
/work/csr33/images_for_predictions/naip_tiles/m_4207051_se_19_060_20210904.tif
/work/csr33/images_for_predictions/naip_tiles/m_4506839_se_19_060_20210929.tif
/work/csr33/images_for_predictions/naip_tiles/m_2909011_nw_15_060_20190707_20191001.tif
/work/csr33/images_for_predictions/naip_tiles/m_3009258_se_15_030_20211221.tif
/work/csr33/images_for_predictions/naip_tiles/m_3009359_nw_15_060_20201031.tif
/work/csr33/images_for_predictions/naip_tiles/m_3008925_nw_16_030_20211115.tif
/work/csr33/images_for_predictions/naip_tiles/m_2909054_se_15_030_20211123.tif
/work/csr33/images_for_predictions/naip_tiles/m_2909551_se_15_060_20201117.tif
/work/csr33/images_for_predictions/naip_tiles/m_3008816_ne_16_030_20211112.tif
m_4506839_se_19_060_20210929 300
/work/csr33/images_for_predictions/naip_tiles/m_4107201_sw_18_060_20211106.tif
m_4207439_nw_18_060_20210920 320
m_3907406_ne_18_060_20190920_20191209 320
m_4207051_se_19_060_20210904 336
m_3208161_se_17_060_20191109_20200102 340
m_3507612_se_18_060_20201001 340
m_3009359_nw_15_060_20201031 340
m_3507739_se_18_060_20201031 357
m_2809615_ne_14_060_20201029 360
m_2909011_nw_15_060_20190707_20191001 360
m_2708237_nw_17_060_20211130 360
m_2909551_se_15_060_20201117 360
m_2909112_se_15_060_20190706_20191001 360
m_4107201_sw_18_060_20211106 336
m_3009258_se_15_030_20211221 1326
m_2909054_se_15_030_20211123 1365
m_3008925_nw_16_030_20211115 1365
m_3008816_ne_16_030_20211112 1400
1356.4095296859741
