load envirionment

/work/csr33/images_for_predictions/naip_tiles/m_4207303_se_18_060_20211107.tif
/work/csr33/images_for_predictions/naip_tiles/m_3407955_ne_17_060_20210513.tif
/work/csr33/images_for_predictions/naip_tiles/m_3108807_ne_16_030_20211120.tif
/work/csr33/images_for_predictions/naip_tiles/m_4406837_sw_19_060_20210914.tif
/work/csr33/images_for_predictions/naip_tiles/m_2908128_ne_17_060_20211129.tif
/work/csr33/images_for_predictions/naip_tiles/m_3707504_se_18_060_20211017.tif
/work/csr33/images_for_predictions/naip_tiles/m_3009441_sw_15_060_20201112.tif
/work/csr33/images_for_predictions/naip_tiles/m_3507756_nw_18_060_20201031.tif
/work/csr33/images_for_predictions/naip_tiles/m_3009408_sw_15_060_20201030.tif
/work/csr33/images_for_predictions/naip_tiles/m_3607716_sw_18_060_20210827.tif
/work/csr33/images_for_predictions/naip_tiles/m_2708229_sw_17_060_20211130.tif
/work/csr33/images_for_predictions/naip_tiles/m_4107143_ne_19_060_20210926.tif
/work/csr33/images_for_predictions/naip_tiles/m_4107009_sw_19_060_20210826.tif
/work/csr33/images_for_predictions/naip_tiles/m_3008240_ne_17_060_20211202.tif
/work/csr33/images_for_predictions/naip_tiles/m_2909107_nw_15_060_20190707_20191001.tif
/work/csr33/images_for_predictions/naip_tiles/m_3607633_se_18_060_20200922.tif
/work/csr33/images_for_predictions/naip_tiles/m_3009355_ne_15_060_20190905_20191001.tif
m_4406837_sw_19_060_20210914 300
/work/csr33/images_for_predictions/naip_tiles/m_3108145_nw_17_060_20211203.tif
m_4207303_se_18_060_20211107 320
m_4107143_ne_19_060_20210926 320
m_3707504_se_18_060_20211017 320
m_4107009_sw_19_060_20210826 336
m_2708229_sw_17_060_20211130 360
m_3009408_sw_15_060_20201030 340
m_3507756_nw_18_060_20201031 340
m_3407955_ne_17_060_20210513 340
m_3607633_se_18_060_20200922 357
m_3607716_sw_18_060_20210827 357
m_2908128_ne_17_060_20211129 360
m_3008240_ne_17_060_20211202 360
m_2909107_nw_15_060_20190707_20191001 360
m_3009441_sw_15_060_20201112 360
m_3009355_ne_15_060_20190905_20191001 360
m_3108145_nw_17_060_20211203 340
m_3108807_ne_16_030_20211120 1400
402.94648265838623
