load envirionment

/work/csr33/images_for_predictions/naip_tiles/m_3707527_sw_18_060_20211017.tif
/work/csr33/images_for_predictions/naip_tiles/m_2909506_se_15_060_20201130.tif
/work/csr33/images_for_predictions/naip_tiles/m_2909227_ne_15_060_20190706_20191001.tif
/work/csr33/images_for_predictions/naip_tiles/m_3108118_sw_17_060_20191110_20200102.tif
/work/csr33/images_for_predictions/naip_tiles/m_3607762_sw_18_060_20200922.tif
/work/csr33/images_for_predictions/naip_tiles/m_3411928_ne_11_060_20200521.tif
/work/csr33/images_for_predictions/naip_tiles/m_3407609_sw_18_060_20201024.tif
/work/csr33/images_for_predictions/naip_tiles/m_2909410_nw_15_060_20201112.tif
/work/csr33/images_for_predictions/naip_tiles/m_3907553_sw_18_060_20210630.tif
/work/csr33/images_for_predictions/naip_tiles/m_3108145_sw_17_060_20211203.tif
/work/csr33/images_for_predictions/naip_tiles/m_3311738_nw_11_060_20200423.tif
/work/csr33/images_for_predictions/naip_tiles/m_4107239_sw_18_060_20210926.tif
/work/csr33/images_for_predictions/naip_tiles/m_3807746_ne_18_060_20210630.tif
/work/csr33/images_for_predictions/naip_tiles/m_2609718_ne_14_060_20201001.tif
/work/csr33/images_for_predictions/naip_tiles/m_4306902_nw_19_060_20211006.tif
/work/csr33/images_for_predictions/naip_tiles/m_3407735_nw_18_060_20200930.tif
/work/csr33/images_for_predictions/naip_tiles/m_3407827_se_17_060_20200903.tif
m_4306902_nw_19_060_20211006 300
/work/csr33/images_for_predictions/naip_tiles/m_2709702_sw_14_060_20200501.tif
m_3907553_sw_18_060_20210630 320
m_3707527_sw_18_060_20211017 340
m_4107239_sw_18_060_20210926 336
m_3807746_ne_18_060_20210630 340
m_3311738_nw_11_060_20200423 340
m_3108145_sw_17_060_20211203 340
m_3411928_ne_11_060_20200521 340
m_3108118_sw_17_060_20191110_20200102 340
m_2609718_ne_14_060_20201001 360
m_3407735_nw_18_060_20200930 360
m_2909227_ne_15_060_20190706_20191001 360
m_3607762_sw_18_060_20200922 357
m_3407609_sw_18_060_20201024 357
m_2909506_se_15_060_20201130 360
m_2909410_nw_15_060_20201112 360
m_3407827_se_17_060_20200903 357
m_2709702_sw_14_060_20200501 360
457.4416160583496
