load envirionment

/work/csr33/images_for_predictions/naip_tiles/m_3311625_nw_11_060_20200415.tif
/work/csr33/images_for_predictions/naip_tiles/m_3607631_nw_18_060_20210913.tif
/work/csr33/images_for_predictions/naip_tiles/m_3607612_sw_18_060_20210926.tif
/work/csr33/images_for_predictions/naip_tiles/m_2609717_ne_14_060_20200503.tif
/work/csr33/images_for_predictions/naip_tiles/m_3108808_nw_16_030_20211120.tif
/work/csr33/images_for_predictions/naip_tiles/m_3407831_se_17_060_20200904.tif
/work/csr33/images_for_predictions/naip_tiles/m_2708062_se_17_060_20191215_20200113.tif
/work/csr33/images_for_predictions/naip_tiles/m_3208145_ne_17_060_20191109_20200102.tif
/work/csr33/images_for_predictions/naip_tiles/m_4406716_sw_19_060_20210711.tif
/work/csr33/images_for_predictions/naip_tiles/m_4007546_nw_18_060_20191019_20191203.tif
/work/csr33/images_for_predictions/naip_tiles/m_2908913_sw_16_030_20211129.tif
/work/csr33/images_for_predictions/naip_tiles/m_4407056_nw_19_060_20210827.tif
/work/csr33/images_for_predictions/naip_tiles/m_3507720_nw_18_060_20200922.tif
/work/csr33/images_for_predictions/naip_tiles/m_4107223_nw_18_060_20210926.tif
/work/csr33/images_for_predictions/naip_tiles/m_4107218_sw_18_060_20211105.tif
/work/csr33/images_for_predictions/naip_tiles/m_4207326_nw_18_060_20210920.tif
/work/csr33/images_for_predictions/naip_tiles/m_4007459_ne_18_060_20190730_20191209.tif
m_4207326_nw_18_060_20210920 320
/work/csr33/images_for_predictions/naip_tiles/m_3009128_sw_15_030_20211114.tif
m_4407056_nw_19_060_20210827 300
m_4406716_sw_19_060_20210711 315
m_4007546_nw_18_060_20191019_20191203 320
m_4107223_nw_18_060_20210926 320
m_4107218_sw_18_060_20211105 336
m_3311625_nw_11_060_20200415 340
m_3607631_nw_18_060_20210913 340
m_3507720_nw_18_060_20200922 340
m_3208145_ne_17_060_20191109_20200102 340
m_3607612_sw_18_060_20210926 357
m_2609717_ne_14_060_20200503 360
m_2708062_se_17_060_20191215_20200113 360
m_3407831_se_17_060_20200904 357
m_4007459_ne_18_060_20190730_20191209 300
m_2908913_sw_16_030_20211129 1365
m_3108808_nw_16_030_20211120 1400
m_3009128_sw_15_030_20211114 1326
812.9551591873169
