load envirionment

/work/csr33/images_for_predictions/naip_tiles/m_3009329_se_15_030_20211122.tif
/work/csr33/images_for_predictions/naip_tiles/m_2908120_nw_17_060_20211129.tif
/work/csr33/images_for_predictions/naip_tiles/m_3008803_ne_16_030_20211123.tif
/work/csr33/images_for_predictions/naip_tiles/m_3907430_ne_18_060_20190730_20191209.tif
/work/csr33/images_for_predictions/naip_tiles/m_2908945_se_16_030_20211130.tif
/work/csr33/images_for_predictions/naip_tiles/m_2908210_ne_17_060_20211129.tif
/work/csr33/images_for_predictions/naip_tiles/m_4107332_se_18_060_20211106.tif
/work/csr33/images_for_predictions/naip_tiles/m_2708236_sw_17_060_20211130.tif
/work/csr33/images_for_predictions/naip_tiles/m_2608158_se_17_060_20211223.tif
/work/csr33/images_for_predictions/naip_tiles/m_3008559_ne_16_060_20191118_20200114.tif
/work/csr33/images_for_predictions/naip_tiles/m_2609705_ne_14_060_20200430.tif
/work/csr33/images_for_predictions/naip_tiles/m_2809732_sw_14_060_20201029.tif
/work/csr33/images_for_predictions/naip_tiles/m_3907628_se_18_060_20210606.tif
/work/csr33/images_for_predictions/naip_tiles/m_4407048_nw_19_060_20210827.tif
/work/csr33/images_for_predictions/naip_tiles/m_3009340_se_15_060_20190901_20191001.tif
/work/csr33/images_for_predictions/naip_tiles/m_3807756_se_18_060_20210910.tif
/work/csr33/images_for_predictions/naip_tiles/m_3108760_se_16_030_20211115.tif
m_4407048_nw_19_060_20210827 300
/work/csr33/images_for_predictions/naip_tiles/m_3009013_sw_15_060_20190726_20191001.tif
m_3907628_se_18_060_20210606 320
m_4107332_se_18_060_20211106 336
m_3907430_ne_18_060_20190730_20191209 320
m_3008559_ne_16_060_20191118_20200114 340
m_2608158_se_17_060_20211223 360
m_3807756_se_18_060_20210910 357
m_2609705_ne_14_060_20200430 360
m_2908120_nw_17_060_20211129 360
m_2809732_sw_14_060_20201029 360
m_2908210_ne_17_060_20211129 360
m_3009340_se_15_060_20190901_20191001 360
m_2708236_sw_17_060_20211130 380
m_3009013_sw_15_060_20190726_20191001 378
m_3009329_se_15_030_20211122 1326
m_2908945_se_16_030_20211130 1365
m_3008803_ne_16_030_20211123 1400
m_3108760_se_16_030_20211115 1400
472.3893005847931
