load envirionment

/work/csr33/images_for_predictions/naip_tiles/m_4506836_nw_19_060_20211006.tif
/work/csr33/images_for_predictions/naip_tiles/m_3009060_ne_15_060_20190831_20191001.tif
/work/csr33/images_for_predictions/naip_tiles/m_3009239_ne_15_030_20211212.tif
/work/csr33/images_for_predictions/naip_tiles/m_2809649_se_14_060_20201116.tif
/work/csr33/images_for_predictions/naip_tiles/m_3807628_sw_18_060_20211020.tif
/work/csr33/images_for_predictions/naip_tiles/m_4107305_sw_18_060_20211106.tif
/work/csr33/images_for_predictions/naip_tiles/m_3307950_nw_17_060_20210508.tif
/work/csr33/images_for_predictions/naip_tiles/m_3407733_nw_18_060_20200904.tif
/work/csr33/images_for_predictions/naip_tiles/m_2708216_se_17_060_20211202.tif
/work/csr33/images_for_predictions/naip_tiles/m_3412021_se_10_060_20200607.tif
/work/csr33/images_for_predictions/naip_tiles/m_2608004_ne_17_060_20191215_20200113.tif
/work/csr33/images_for_predictions/naip_tiles/m_2809645_sw_14_060_20200501.tif
/work/csr33/images_for_predictions/naip_tiles/m_3009444_ne_15_060_20201112.tif
/work/csr33/images_for_predictions/naip_tiles/m_3707645_nw_18_060_20210926.tif
/work/csr33/images_for_predictions/naip_tiles/m_3907630_sw_18_060_20211101.tif
/work/csr33/images_for_predictions/naip_tiles/m_3008712_se_16_030_20211119.tif
/work/csr33/images_for_predictions/naip_tiles/m_4506855_nw_19_060_20210929.tif
m_3907630_sw_18_060_20211101 320
/work/csr33/images_for_predictions/naip_tiles/m_3807563_nw_18_060_20210605.tif
m_4506836_nw_19_060_20211006 300
m_3807628_sw_18_060_20211020 320
m_4107305_sw_18_060_20211106 336
m_3707645_nw_18_060_20210926 340
m_3307950_nw_17_060_20210508 340
m_3412021_se_10_060_20200607 340
m_3009444_ne_15_060_20201112 340
m_3009060_ne_15_060_20190831_20191001 360
m_2708216_se_17_060_20211202 360
m_2809645_sw_14_060_20200501 360
m_2809649_se_14_060_20201116 360
m_3407733_nw_18_060_20200904 360
m_2608004_ne_17_060_20191215_20200113 360
m_4506855_nw_19_060_20210929 300
m_3807563_nw_18_060_20210605 320
m_3009239_ne_15_030_20211212 1326
m_3008712_se_16_030_20211119 1400
1546.333999156952
