load envirionment

/work/csr33/images_for_predictions/naip_tiles/m_4307007_nw_19_060_20211007.tif
/work/csr33/images_for_predictions/naip_tiles/m_2909050_sw_15_060_20190830_20191001.tif
/work/csr33/images_for_predictions/naip_tiles/m_3707727_ne_18_060_20210910.tif
/work/csr33/images_for_predictions/naip_tiles/m_4107429_ne_18_060_20211106.tif
/work/csr33/images_for_predictions/naip_tiles/m_4107116_sw_19_060_20210826.tif
/work/csr33/images_for_predictions/naip_tiles/m_2909035_ne_15_030_20211130.tif
/work/csr33/images_for_predictions/naip_tiles/m_3707747_sw_18_060_20210912.tif
/work/csr33/images_for_predictions/naip_tiles/m_3607738_sw_18_060_20200922.tif
/work/csr33/images_for_predictions/naip_tiles/m_3108141_sw_17_060_20191110_20200106.tif
/work/csr33/images_for_predictions/naip_tiles/m_3108962_sw_16_030_20211114.tif
/work/csr33/images_for_predictions/naip_tiles/m_3009043_nw_15_030_20211120.tif
/work/csr33/images_for_predictions/naip_tiles/m_2808205_nw_17_060_20211130.tif
/work/csr33/images_for_predictions/naip_tiles/m_2909218_se_15_060_20190905_20191001.tif
/work/csr33/images_for_predictions/naip_tiles/m_4007451_se_18_060_20190730_20191209.tif
/work/csr33/images_for_predictions/naip_tiles/m_3009464_se_15_060_20201102.tif
/work/csr33/images_for_predictions/naip_tiles/m_3009004_ne_15_030_20211120.tif
/work/csr33/images_for_predictions/naip_tiles/m_3308164_ne_17_060_20210421.tif
m_4107429_ne_18_060_20211106 320
/work/csr33/images_for_predictions/naip_tiles/m_4007213_nw_18_060_20210904.tif
m_4307007_nw_19_060_20211007 300
m_4107116_sw_19_060_20210826 336
m_3707727_ne_18_060_20210910 340
m_2909050_sw_15_060_20190830_20191001 378
m_3108141_sw_17_060_20191110_20200106 340
m_3607738_sw_18_060_20200922 357
m_2909218_se_15_060_20190905_20191001 360
m_4007451_se_18_060_20190730_20191209 300
m_3707747_sw_18_060_20210912 357
m_3009464_se_15_060_20201102 340
m_2808205_nw_17_060_20211130 360
m_4007213_nw_18_060_20210904 320
m_3308164_ne_17_060_20210421 340
m_2909035_ne_15_030_20211130 1365
m_3009043_nw_15_030_20211120 1365
m_3108962_sw_16_030_20211114 1476
m_3009004_ne_15_030_20211120 1400
192.75441765785217
