load envirionment

/work/csr33/images_for_predictions/naip_tiles/m_3412063_se_10_060_20200607.tif
/work/csr33/images_for_predictions/naip_tiles/m_4307036_nw_19_060_20211007.tif
/work/csr33/images_for_predictions/naip_tiles/m_2909442_nw_15_060_20201116.tif
/work/csr33/images_for_predictions/naip_tiles/m_3607660_ne_18_060_20200922.tif
/work/csr33/images_for_predictions/naip_tiles/m_2508114_nw_17_060_20211203.tif
/work/csr33/images_for_predictions/naip_tiles/m_3008704_sw_16_030_20211112.tif
/work/csr33/images_for_predictions/naip_tiles/m_3009347_sw_15_060_20190901_20191001.tif
/work/csr33/images_for_predictions/naip_tiles/m_3009320_nw_15_060_20201031.tif
/work/csr33/images_for_predictions/naip_tiles/m_4506832_sw_19_060_20210911.tif
/work/csr33/images_for_predictions/naip_tiles/m_2908262_sw_17_060_20211129.tif
/work/csr33/images_for_predictions/naip_tiles/m_4307011_ne_19_060_20211007.tif
/work/csr33/images_for_predictions/naip_tiles/m_3507526_ne_18_060_20201018.tif
/work/csr33/images_for_predictions/naip_tiles/m_3307955_nw_17_060_20210501.tif
/work/csr33/images_for_predictions/naip_tiles/m_3009020_se_15_060_20190830_20191001.tif
/work/csr33/images_for_predictions/naip_tiles/m_2909102_se_15_060_20190706_20191001.tif
/work/csr33/images_for_predictions/naip_tiles/m_2909148_se_15_060_20190830_20191001.tif
/work/csr33/images_for_predictions/naip_tiles/m_3311815_ne_11_060_20200505.tif
m_4506832_sw_19_060_20210911 300
/work/csr33/images_for_predictions/naip_tiles/m_2908057_sw_17_060_20211130.tif
m_4307011_ne_19_060_20211007 300
m_4307036_nw_19_060_20211007 320
m_3412063_se_10_060_20200607 340
m_3607660_ne_18_060_20200922 340
m_3009320_nw_15_060_20201031 340
m_3507526_ne_18_060_20201018 340
m_3307955_nw_17_060_20210501 340
m_2909442_nw_15_060_20201116 360
m_2908262_sw_17_060_20211129 360
m_3009347_sw_15_060_20190901_20191001 360
m_2909102_se_15_060_20190706_20191001 360
m_2909148_se_15_060_20190830_20191001 378
m_2508114_nw_17_060_20211203 380
m_3009020_se_15_060_20190830_20191001 378
m_3311815_ne_11_060_20200505 340
m_2908057_sw_17_060_20211130 360
m_3008704_sw_16_030_20211112 1400
398.8269693851471
