load envirionment

/work/csr33/images_for_predictions/naip_tiles/m_3311603_se_11_060_20200615.tif
/work/csr33/images_for_predictions/naip_tiles/m_4107119_ne_19_060_20210826.tif
/work/csr33/images_for_predictions/naip_tiles/m_4107249_nw_18_060_20211105.tif
/work/csr33/images_for_predictions/naip_tiles/m_3009118_nw_15_030_20211113.tif
/work/csr33/images_for_predictions/naip_tiles/m_3707656_ne_18_060_20210913.tif
/work/csr33/images_for_predictions/naip_tiles/m_4107019_ne_19_060_20210904.tif
/work/csr33/images_for_predictions/naip_tiles/m_2909029_se_15_030_20211130.tif
/work/csr33/images_for_predictions/naip_tiles/m_2908956_ne_16_030_20211130.tif
/work/csr33/images_for_predictions/naip_tiles/m_3807659_ne_18_060_20210910.tif
/work/csr33/images_for_predictions/naip_tiles/m_2808019_ne_17_060_20191130_20200113.tif
/work/csr33/images_for_predictions/naip_tiles/m_3907649_se_18_060_20210617.tif
/work/csr33/images_for_predictions/naip_tiles/m_3108735_nw_16_030_20211115.tif
/work/csr33/images_for_predictions/naip_tiles/m_3407843_sw_17_060_20200922.tif
/work/csr33/images_for_predictions/naip_tiles/m_3009148_se_15_030_20211119.tif
/work/csr33/images_for_predictions/naip_tiles/m_3311636_ne_11_060_20200415.tif
/work/csr33/images_for_predictions/naip_tiles/m_2909213_se_15_060_20190706_20191001.tif
/work/csr33/images_for_predictions/naip_tiles/m_4007563_nw_18_060_20191024_20191203.tif
m_4107119_ne_19_060_20210826 320
/work/csr33/images_for_predictions/naip_tiles/m_4207123_nw_19_060_20211024.tif
m_3907649_se_18_060_20210617 320
m_4107249_nw_18_060_20211105 320
m_4107019_ne_19_060_20210904 320
m_3311636_ne_11_060_20200415 340
m_2909213_se_15_060_20190706_20191001 360
m_2808019_ne_17_060_20191130_20200113 340
m_3807659_ne_18_060_20210910 340
m_3311603_se_11_060_20200615 340
m_3707656_ne_18_060_20210913 340
m_3407843_sw_17_060_20200922 378
m_4007563_nw_18_060_20191024_20191203 320
m_4207123_nw_19_060_20211024 320
m_3009118_nw_15_030_20211113 1326
m_2909029_se_15_030_20211130 1365
m_2908956_ne_16_030_20211130 1365
m_3009148_se_15_030_20211119 1365
m_3108735_nw_16_030_20211115 1400
673.0667316913605
