load envirionment

/work/csr33/images_for_predictions/naip_tiles/m_3311611_ne_11_060_20200615.tif
/work/csr33/images_for_predictions/naip_tiles/m_2909664_nw_14_060_20201029.tif
/work/csr33/images_for_predictions/naip_tiles/m_2608006_nw_17_060_20191215_20200113.tif
/work/csr33/images_for_predictions/naip_tiles/m_3008904_se_16_030_20211112.tif
/work/csr33/images_for_predictions/naip_tiles/m_3907426_ne_18_060_20190730_20191209.tif
/work/csr33/images_for_predictions/naip_tiles/m_3907442_se_18_060_20190830_20191209.tif
/work/csr33/images_for_predictions/naip_tiles/m_2908260_se_17_060_20211129.tif
/work/csr33/images_for_predictions/naip_tiles/m_3108861_ne_16_030_20211123.tif
/work/csr33/images_for_predictions/naip_tiles/m_4407032_se_19_060_20210827.tif
/work/csr33/images_for_predictions/naip_tiles/m_3607621_se_18_060_20210913.tif
/work/csr33/images_for_predictions/naip_tiles/m_3009027_sw_15_030_20211120.tif
/work/csr33/images_for_predictions/naip_tiles/m_3108728_nw_16_030_20211115.tif
/work/csr33/images_for_predictions/naip_tiles/m_3009036_ne_15_060_20190726_20191001.tif
/work/csr33/images_for_predictions/naip_tiles/m_3407835_ne_17_060_20200603.tif
/work/csr33/images_for_predictions/naip_tiles/m_3009217_se_15_030_20211221.tif
/work/csr33/images_for_predictions/naip_tiles/m_4406709_se_19_060_20210815.tif
/work/csr33/images_for_predictions/naip_tiles/m_4406834_ne_19_060_20210723.tif
m_4406709_se_19_060_20210815 300
/work/csr33/images_for_predictions/naip_tiles/m_3109357_nw_15_060_20201006.tif
m_3907426_ne_18_060_20190730_20191209 320
m_4407032_se_19_060_20210827 300
m_3907442_se_18_060_20190830_20191209 320
m_3407835_ne_17_060_20200603 340
m_3311611_ne_11_060_20200615 340
m_3607621_se_18_060_20210913 340
m_2908260_se_17_060_20211129 360
m_2909664_nw_14_060_20201029 360
m_2608006_nw_17_060_20191215_20200113 360
m_3009036_ne_15_060_20190726_20191001 360
m_4406834_ne_19_060_20210723 300
m_3109357_nw_15_060_20201006 340
m_3009217_se_15_030_20211221 1326
m_3009027_sw_15_030_20211120 1365
m_3108728_nw_16_030_20211115 1400
m_3108861_ne_16_030_20211123 1400
m_3008904_se_16_030_20211112 1435
426.940265417099
