load envirionment

/work/csr33/images_for_predictions/naip_tiles/m_4107309_ne_18_060_20211105.tif
/work/csr33/images_for_predictions/naip_tiles/m_3807661_nw_18_060_20211020.tif
/work/csr33/images_for_predictions/naip_tiles/m_3411936_ne_11_060_20200521.tif
/work/csr33/images_for_predictions/naip_tiles/m_3907434_nw_18_060_20190830_20191209.tif
/work/csr33/images_for_predictions/naip_tiles/m_3208124_se_17_060_20210426.tif
/work/csr33/images_for_predictions/naip_tiles/m_2909312_ne_15_060_20190726_20191001.tif
/work/csr33/images_for_predictions/naip_tiles/m_4107226_ne_18_060_20211105.tif
/work/csr33/images_for_predictions/naip_tiles/m_4007449_sw_18_060_20191014_20191203.tif
/work/csr33/images_for_predictions/naip_tiles/m_2909529_se_15_060_20201117.tif
/work/csr33/images_for_predictions/naip_tiles/m_3008257_ne_17_060_20211117.tif
/work/csr33/images_for_predictions/naip_tiles/m_3707727_se_18_060_20210910.tif
/work/csr33/images_for_predictions/naip_tiles/m_3707737_se_18_060_20210910.tif
/work/csr33/images_for_predictions/naip_tiles/m_3108840_se_16_030_20211120.tif
/work/csr33/images_for_predictions/naip_tiles/m_3311620_nw_11_060_20200615.tif
/work/csr33/images_for_predictions/naip_tiles/m_3009249_ne_15_030_20211221.tif
/work/csr33/images_for_predictions/naip_tiles/m_3208108_nw_17_060_20210426.tif
/work/csr33/images_for_predictions/naip_tiles/m_2708141_sw_17_060_20211202.tif
m_4107226_ne_18_060_20211105 320
/work/csr33/images_for_predictions/naip_tiles/m_4007437_se_18_060_20190830_20191209.tif
m_3807661_nw_18_060_20211020 320
m_3907434_nw_18_060_20190830_20191209 320
m_4107309_ne_18_060_20211105 320
m_4007449_sw_18_060_20191014_20191203 320
m_3208124_se_17_060_20210426 340
m_3311620_nw_11_060_20200615 340
m_3411936_ne_11_060_20200521 340
m_3208108_nw_17_060_20210426 340
m_3707727_se_18_060_20210910 357
m_2909312_ne_15_060_20190726_20191001 360
m_3707737_se_18_060_20210910 357
m_3008257_ne_17_060_20211117 360
m_2909529_se_15_060_20201117 360
m_4007437_se_18_060_20190830_20191209 300
m_2708141_sw_17_060_20211202 360
m_3009249_ne_15_030_20211221 1326
m_3108840_se_16_030_20211120 1400
795.6159234046936
