load envirionment
Anaconda3 2021.05

m_4506802_ne_19_060_20210816 300
m_4107344_sw_18_060_20211106 320
m_4107416_se_18_060_20211105 320
m_3907538_se_18_060_20190726_20191209 320
m_3009361_sw_15_060_20190706_20191001 360
m_4207161_sw_19_060_20210826 336
m_4606858_sw_19_060_20210817 300
m_3507752_nw_18_060_20200930 340
m_4307007_sw_19_060_20211007 320
m_4207320_sw_18_060_20211107 336
m_3411925_sw_11_060_20200522 340
m_2809618_nw_14_060_20201029 360
m_3108102_sw_17_060_20191110_20200102 340
m_3607644_nw_18_060_20200922 340
m_3008112_se_17_060_20211203 340
m_2608150_nw_17_060_20211223 380
m_3311610_nw_11_060_20200415 340
m_3311714_sw_11_060_20200423 340
m_2908506_ne_16_060_20191118_20200114 360
m_3407703_nw_18_060_20200930 360
m_3009217_nw_15_060_20190904_20191001 360
m_2808215_se_17_060_20211130 360
m_3009119_sw_15_060_20190904_20191001 360
m_4406961_ne_19_060_20210904 300
m_2608003_nw_17_060_20191215_20200113 360
m_4207456_se_18_060_20210920 320
m_4506849_ne_19_060_20210816 300
m_3507727_se_18_060_20200930 357
m_4506844_sw_19_060_20211006 300
m_2809513_nw_15_060_20201117 360
m_4107336_sw_18_060_20211106 320
m_4207432_se_18_060_20210920 320
m_3807662_nw_18_060_20211020 320
m_4506818_se_19_060_20210816 300
m_4107004_se_19_060_20210904 336
m_3108120_ne_17_060_20191110_20200102 340
m_2909202_ne_15_060_20190706_20191001 360
m_2608027_se_17_060_20191203_20200113 360
m_2708133_nw_17_060_20211202 360
m_2608206_nw_17_060_20211204 380
m_2908129_nw_17_060_20211130 360
m_2508026_se_17_060_20211203 360
m_3008125_ne_17_060_20211129 360
m_3008126_sw_17_060_20211129 360
/work/csr33/images_for_predictions/naip_tiles/m_3009046_sw_15_030_20211115.tif

m_2708208_sw_17_060_20211202 360
m_3411858_ne_11_060_20200515 340
m_4107157_nw_19_060_20210926 320
m_3008612_ne_16_060_20191109_20200114 340
m_3507761_se_18_060_20200930 357
m_2709760_sw_14_060_20200430 360
m_3008527_ne_16_060_20191118_20200114 340
m_4207301_se_18_060_20210920 300
m_3707642_ne_18_060_20210827 340
m_2608121_ne_17_060_20211203 360
m_4406717_nw_19_060_20210815 300
m_3108104_nw_17_060_20191110_20200102 340
m_3707557_nw_18_060_20210913 340
/work/csr33/images_for_predictions/naip_tiles/m_3008814_nw_16_030_20211112.tif

m_3507630_se_18_060_20201018 340
m_2809624_nw_14_060_20201029 360
m_2908209_ne_17_060_20211129 360
m_2808050_se_17_060_20191202_20200113 360
m_2608011_sw_17_060_20191203_20200113 360
m_3311721_sw_11_060_20200423 340
m_3009161_ne_15_030_20211114 1326
m_3807603_nw_18_060_20210617 320
m_3008329_ne_17_060_20211130 360
m_3211715_sw_11_060_20200520 340
m_2909039_ne_15_030_20211123 1365
m_3307810_ne_17_060_20210508 340
m_3108154_sw_17_060_20211203 340
m_2808260_nw_17_060_20211130 360
m_4207257_se_18_060_20211105 336
m_4107229_ne_18_060_20210926 320
m_3008233_sw_17_060_20211117 378
m_3008848_nw_16_030_20211113 1440
m_4107135_nw_19_060_20210926 320
m_2908322_ne_17_060_20211116 360
m_3108264_ne_17_060_20191110_20200102 340
m_3607635_sw_18_060_20200922 357
m_3008233_se_17_060_20211130 378
m_4107009_se_19_060_20210826 336
m_2509704_se_14_060_20201029 360
m_2908259_se_17_060_20211129 360
m_3009242_sw_15_030_20211221 1326
m_4107133_sw_19_060_20210926 336
m_2908130_sw_17_060_20211130 360
m_3311704_ne_11_060_20200423 340
m_3008810_se_16_030_20211112 1400
m_4307028_nw_19_060_20211007 320
m_3009441_nw_15_060_20201112 340
m_3009362_nw_15_060_20190905_20191001 360
m_4506804_nw_19_060_20211006 300
m_3707626_nw_18_060_20210912 340
m_3807609_nw_18_060_20210617 320
m_4406844_ne_19_060_20210914 300
m_3208027_nw_17_060_20210426 340
m_3407821_ne_17_060_20200603 340
m_3307803_se_17_060_20210508 340
m_3412032_se_10_060_20200522 340
m_2908523_ne_16_060_20191118_20200114 360
/work/csr33/images_for_predictions/naip_tiles/m_2608104_sw_17_060_20191129_20200113.tif

m_4406801_ne_19_060_20211006 300
m_3108125_ne_17_060_20191110_20200102 340
m_4107003_sw_19_060_20210904 336
m_2808231_se_17_060_20211201 360
/work/csr33/images_for_predictions/naip_tiles/m_3009255_nw_15_030_20211212.tif

m_3507634_nw_18_060_20201031 340
m_2909536_sw_15_060_20201117 360
m_3607645_se_18_060_20201001 340
m_3507739_sw_18_060_20200930 357
m_2909434_sw_15_060_20201116 360
m_3009028_nw_15_030_20211120 1365
m_3108702_sw_16_030_20211115 1400
m_4207359_sw_18_060_20211107 320
m_3108119_ne_17_060_20191110_20200102 340
m_3008921_sw_16_030_20211119 1476
m_3807561_se_18_060_20210605 320
m_4506856_nw_19_060_20210911 300
m_3807713_se_18_060_20210910 357
m_3807542_ne_18_060_20210618 320
m_4107221_se_18_060_20210926 336
m_2609726_ne_14_060_20201001 360
m_2908252_ne_17_060_20211129 360
m_4307012_se_19_060_20211007 315
m_2808236_ne_17_060_20211130 360
m_4107444_se_18_060_20211106 320
m_4207137_sw_19_060_20210826 336
m_2609704_ne_14_060_20200430 360
m_3008535_ne_16_060_20191118_20200114 340
m_2708019_se_17_060_20191215_20200113 360
m_3311711_ne_11_060_20200424 340
m_3507650_se_18_060_20201031 357
m_2809650_nw_14_060_20201029 360
m_3407757_se_18_060_20200904 357
m_4207154_nw_19_060_20210826 320
m_2608205_ne_17_060_20211204 360
m_3411919_se_11_060_20200521 340
m_2809603_ne_14_060_20201106 360
m_3407859_se_17_060_20200922 357
m_4107225_ne_18_060_20211105 320
m_3311763_ne_11_060_20200520 340
m_4007454_nw_18_060_20190730_20191209 320
m_2708134_se_17_060_20191129_20200113 360
m_2709726_se_14_060_20200501 360
m_3009347_nw_15_060_20190901_20191001 360
m_4207122_se_19_060_20211024 336
m_3208130_sw_17_060_20210426 340
m_3707622_ne_18_060_20210926 340
m_2909406_sw_15_060_20201112 340
m_3807514_se_18_060_20210624 320
m_3008424_se_16_060_20211116 360
m_2708052_ne_17_060_20191215_20200113 360
m_3907427_sw_18_060_20190730_20191209 320
m_3607650_nw_18_060_20200922 340
m_3208011_se_17_060_20210426 340
m_4107222_se_18_060_20210926 336
m_2808232_se_17_060_20211202 360
m_3411956_sw_11_060_20200524 340
m_2808247_nw_17_060_20211130 360
m_2708060_se_17_060_20191215_20200113 360
m_4207148_se_19_060_20210826 336
m_3507754_ne_18_060_20200930 340
m_3707541_sw_18_060_20210913 340
m_4506719_se_19_060_20210723 315
m_3407837_sw_17_060_20200922 378
m_3807630_se_18_060_20211020 320
m_4406706_nw_19_060_20210711 300
m_4406845_se_19_060_20210914 300
m_3607736_se_18_060_20200922 357
m_3009246_ne_15_030_20211222 1326
m_3008134_nw_17_060_20211129 360
m_3009235_ne_15_060_20190706_20191001 360
m_3108741_sw_16_030_20211115 1400
m_2909554_nw_15_060_20201117 360
m_2909410_ne_15_060_20201118 360
m_2808018_se_17_060_20191130_20200113 340
m_4207010_sw_19_060_20211024 336
m_3807619_sw_18_060_20210617 320
m_3008453_sw_16_060_20191129_20200114 360
m_3307919_nw_17_060_20210501 340
m_4307030_ne_19_060_20210722 300
m_4406815_ne_19_060_20210920 300
m_3907514_sw_18_060_20190726_20191209 320
m_4007539_se_18_060_20191019_20191203 320
m_2809746_ne_14_060_20200501 360
m_3807713_nw_18_060_20210903 340
m_2909505_se_15_060_20201118 360
m_3009423_ne_15_060_20201102 340
m_2909218_nw_15_060_20190706_20191001 360
m_4207118_se_19_060_20211105 336
m_2608037_nw_17_060_20191207_20200113 360
m_4007217_nw_18_060_20211105 320
m_3211805_sw_11_060_20200504 340
m_2908101_ne_17_060_20211129 360
m_4307155_nw_19_060_20211024 320
m_3009558_nw_15_060_20201030 360
m_3108831_nw_16_030_20211123 1400
m_3008551_se_16_060_20191118_20200114 340
m_3009321_ne_15_030_20211122 1326
m_3009035_nw_15_030_20211120 1365
m_3407842_se_17_060_20200603 357
m_3009213_sw_15_030_20211222 1326
m_4007408_nw_18_060_20190917_20191209 300
m_3407727_sw_18_060_20200930 378
m_3008101_nw_17_060_20191110_20200108 340
m_4007202_ne_18_060_20211105 320
m_2909514_se_15_060_20201130 360
m_3108129_se_17_060_20191110_20200102 340
m_2808235_ne_17_060_20211130 360
m_4107013_se_19_060_20210826 320
m_3008961_sw_16_030_20211116 1365
m_3311625_ne_11_060_20200415 340
m_2708125_se_17_060_20211202 360
m_2809645_ne_14_060_20200501 360
m_3308056_nw_17_060_20210501 340
m_2808212_nw_17_060_20211130 360
m_3008334_nw_17_060_20191113_20200114 360
m_4307005_sw_19_060_20211007 336
m_2708051_ne_17_060_20191215_20200113 360
m_4107352_se_18_060_20211106 336
m_3008942_sw_16_030_20211116 1365
m_3311650_ne_11_060_20200415 340
m_3009324_sw_15_060_20190904_20191001 360
m_3311736_se_11_060_20200520 340
m_3211620_sw_11_060_20200415 340
m_3308053_ne_17_060_20210501 340
m_3008342_se_17_060_20191117_20200114 360
m_3411959_se_11_060_20200607 340
m_3707708_nw_18_060_20210910 340
m_2709719_nw_14_060_20200501 360
m_3207910_se_17_060_20210426 340
m_4107454_nw_18_060_20211105 320
m_3211627_nw_11_060_20200425 340
m_2708061_sw_17_060_20191215_20200113 360
m_3008360_se_17_060_20191121_20200114 360
m_2908524_nw_16_060_20191118_20200114 360
m_2909415_nw_15_060_20201112 340
m_3108102_ne_17_060_20191109_20200102 340
m_3311806_ne_11_060_20200505 340
m_4307037_ne_19_060_20210722 300
m_3407705_ne_18_060_20200930 340
m_3312008_nw_10_060_20200607 340
m_3311731_se_11_060_20200422 340
m_4107236_ne_18_060_20210904 320
m_3009211_se_15_060_20190904_20191001 360
m_3008944_se_16_030_20211114 1476
m_3807548_sw_18_060_20210605 320
m_4207318_ne_18_060_20211107 320
m_3607627_se_18_060_20210912 357
m_3009103_ne_15_030_20211114 1326
m_3907550_nw_18_060_20210606 320
m_2809707_se_14_060_20200501 360
m_3009310_se_15_060_20201006 340
m_3607626_nw_18_060_20210827 340
m_3311747_ne_11_060_20200520 340
m_4506734_ne_19_060_20210815 300
m_2809764_ne_14_060_20201029 360
m_3008914_nw_16_030_20211112 1440
m_4107123_sw_19_060_20210826 336
m_2909009_ne_15_060_20190707_20191001 360
m_3308062_sw_17_060_20210426 340
m_2608134_se_17_060_20211223 360
m_4107324_ne_18_060_20211106 320
m_3208034_nw_17_060_20210426 340
m_3507763_se_18_060_20201031 357
m_2909015_sw_15_030_20211123 1365
m_2509704_nw_14_060_20201209 360
m_4207304_ne_18_060_20211107 320
m_3211722_se_11_060_20200520 340
m_3412032_nw_10_060_20200522 340
m_3009134_ne_15_030_20211113 1326
m_4107325_se_18_060_20211105 320
m_4107010_se_19_060_20210904 336
m_3907639_ne_18_060_20180826_20190212 320
m_3008839_nw_16_030_20211113 1440
m_3807514_sw_18_060_20211019 320
m_4107338_nw_18_060_20211106 320
m_4207350_nw_18_060_20210920 320
m_3507626_nw_18_060_20201018 340
m_2809518_sw_15_060_20201029 360
m_3208153_nw_17_060_20191109_20200102 340
m_2708021_se_17_060_20191215_20200113 360
m_4107329_nw_18_060_20211106 320
m_3009127_nw_15_060_20190904_20191001 360
m_3607723_ne_18_060_20210827 340
m_3411927_nw_11_060_20200521 340
m_4107157_se_19_060_20210926 336
m_4107244_se_18_060_20210904 336
m_2908243_nw_17_060_20211129 360
m_3407601_ne_18_060_20201031 340
m_2608039_nw_17_060_20191120_20200113 360
m_3507607_sw_18_060_20201001 340
m_3108733_sw_16_030_20211115 1400
m_3307907_ne_17_060_20210508 340
m_3512062_ne_10_060_20200523 340
m_2909503_nw_15_060_20201030 360
m_2609727_se_14_060_20201216 360
m_2909103_nw_15_060_20190706_20191001 360
m_3607646_se_18_060_20200922 340
m_3507731_se_18_060_20200930 357
m_3407954_ne_17_060_20210508 340
m_4007330_ne_18_060_20211103 320
m_4107104_nw_19_060_20210926 320
m_2608032_nw_17_060_20191120_20200113 360
m_4606836_sw_19_060_20210817 300
m_4406817_se_19_060_20210913 300
m_3507641_nw_18_060_20201031 340
m_4107421_sw_18_060_20211106 320
m_3507512_sw_18_060_20200516 340
m_3607657_nw_18_060_20200922 340
m_2709717_se_14_060_20200501 360
m_3009312_nw_15_060_20201104 340
m_3208028_sw_17_060_20210507 340
m_2608061_sw_17_060_20191203_20200113 360
m_3907548_ne_18_060_20190726_20191209 320
m_4207455_nw_18_060_20210920 320
m_4207444_se_18_060_20190826_20191209 300
m_3607617_ne_18_060_20210827 340
m_4107102_se_19_060_20210926 336
m_2609745_nw_14_060_20201029 360
m_3707724_sw_18_060_20210912 357
m_4207460_sw_18_060_20190826_20191209 300
m_3008327_se_17_060_20191113_20200114 360
m_4406713_nw_19_060_20210711 300
m_2909426_ne_15_060_20201116 360
m_2609736_nw_14_060_20201209 360
m_2709733_nw_14_060_20200501 360
m_2908109_ne_17_060_20211129 360
m_3208122_se_17_060_20210426 340
m_2908218_ne_17_060_20211129 360
m_3907403_sw_18_060_20190730_20191209 320
m_4107113_sw_19_060_20210826 336
m_3208005_nw_17_060_20210426 340
m_3009342_nw_15_060_20201031 340
m_3607607_nw_18_060_20210913 340
m_3907532_sw_18_060_20190726_20191209 320
m_4406940_ne_19_060_20211006 300
m_3211606_ne_11_060_20200415 340
m_3507640_sw_18_060_20201018 340
m_4506846_ne_19_060_20210929 300
m_2909063_nw_15_030_20211123 1365
m_3607648_se_18_060_20200516 340
m_2708064_sw_17_060_20191215_20200113 360
m_3607525_sw_18_060_20210913 340
m_3507629_nw_18_060_20201018 340
m_3407954_sw_17_060_20210508 340
m_3607646_sw_18_060_20200922 340
m_3008637_ne_16_060_20191109_20200114 340
m_3707658_se_18_060_20210827 357
m_3707715_se_18_060_20210912 357
m_2908126_ne_17_060_20211129 360
m_3311756_nw_11_060_20200428 340
m_3308054_se_17_060_20210501 340
m_3211614_nw_11_060_20200415 340
m_3009214_ne_15_030_20211222 1326
m_2909413_nw_15_060_20201112 340
m_2508115_nw_17_060_20211203 380
m_3607610_se_18_060_20210827 357
m_3311657_sw_11_060_20200425 340
m_3009349_se_15_060_20201102 340
m_3907413_nw_18_060_20190730_20191209 320
m_3009463_nw_15_060_20201104 340
m_2808060_se_17_060_20191215_20200113 360
m_3009202_se_15_030_20211221 1326
m_3507629_ne_18_060_20200922 340
m_4207322_sw_18_060_20211106 336
m_2908236_ne_17_060_20211129 360
m_3807611_ne_18_060_20210617 320
m_3907401_nw_18_060_20190730_20191209 300
m_3008447_se_16_060_20191205_20200114 360
m_3807401_ne_18_060_20190730_20191209 320
m_3607613_nw_18_060_20210913 340
m_3507706_ne_18_060_20200922 340
m_4107212_sw_18_060_20211001 336
m_2809610_sw_14_060_20201029 360
m_3307943_sw_17_060_20210501 340
m_2809606_ne_14_060_20200501 360
m_3412008_nw_10_060_20200522 340
m_3311807_nw_11_060_20200505 340
m_2809617_nw_14_060_20201116 360
m_4107309_se_18_060_20211105 320
m_3507744_se_18_060_20200930 357
m_4406702_sw_19_060_20210914 300
m_3407737_nw_18_060_20200930 360
m_2608015_nw_17_060_20191120_20200113 360
m_2809723_se_14_060_20200501 360
m_3008811_sw_16_030_20211112 1440
m_4107336_nw_18_060_20211106 320
m_4207364_se_18_060_20211106 336
m_3407961_ne_17_060_20210508 340
m_3009408_se_15_060_20201014 340
m_2608127_sw_17_060_20211223 380
m_3607642_nw_18_060_20200922 340
m_3008946_sw_16_030_20211114 1476
m_4307045_ne_19_060_20210722 300
m_2508140_se_17_060_20211203 360
m_4307004_ne_19_060_20211007 300
m_4307010_nw_19_060_20211007 320
m_4406819_nw_19_060_20210723 300
m_2909407_ne_15_060_20201102 340
m_3707711_se_18_060_20210910 357
m_3907521_ne_18_060_20190726_20191209 320
m_2909113_ne_15_060_20190706_20191001 360
m_4307029_nw_19_060_20210722 320
m_3008623_se_16_060_20191109_20200114 340
m_3907437_nw_18_060_20190730_20191209 320
m_4406718_nw_19_060_20210914 300
m_4406952_sw_19_060_20210904 300
m_4007445_se_18_060_20190730_20191209 300
m_2908128_sw_17_060_20211129 360
m_3108720_sw_16_030_20211115 1400
m_4506834_sw_19_060_20210816 300
m_3407855_nw_17_060_20200603 360
m_3108154_ne_17_060_20211203 340
m_4107234_se_18_060_20211001 336
m_4107137_nw_19_060_20210826 320
m_2909022_nw_15_030_20211130 1365
m_3108657_se_16_030_20211110 1360
m_3507503_sw_18_060_20200516 340
m_3308054_ne_17_060_20210501 340
m_2608010_sw_17_060_20191130_20200114 360
m_3308061_nw_17_060_20210501 340
m_3907504_ne_18_060_20191019_20191203 320
m_2909146_nw_15_060_20190830_20191001 360
m_4207106_nw_19_060_20211024 320
m_3807513_sw_18_060_20211019 320
m_3008927_se_16_030_20211119 1435
m_3411918_se_11_060_20200521 340
m_2508021_ne_17_060_20191126_20200113 360
m_3009036_nw_15_030_20211120 1365
m_4107351_ne_18_060_20211106 320
m_4107241_ne_18_060_20211105 320
m_2709718_nw_14_060_20200501 360
m_3407962_ne_17_060_20210508 340
m_3807761_se_18_060_20210910 357
m_4007424_sw_18_060_20211105 320
m_3707502_nw_18_060_20210618 320
m_2709750_sw_14_060_20200501 360
m_3009162_se_15_030_20211116 1365
m_2909403_se_15_060_20201112 360
m_3507707_se_18_060_20200922 357
m_4007423_ne_18_060_20190830_20191209 300
m_4107428_ne_18_060_20211106 320
m_4207123_sw_19_060_20211024 336
m_3311710_se_11_060_20200424 340
m_2808001_nw_17_060_20211130 360
m_3707713_nw_18_060_20210910 340
m_3009351_se_15_060_20190726_20191001 360
m_3507624_sw_18_060_20201001 340
m_3008734_ne_16_030_20211113 1400
m_2609734_ne_14_060_20201001 360
m_4506736_nw_19_060_20210723 300
m_3009456_nw_15_060_20201102 340
m_3707506_se_18_060_20211017 320
m_2909027_nw_15_060_20190906_20191001 360
m_4207258_se_18_060_20211105 336
m_4107223_se_18_060_20210926 336
m_4007538_sw_18_060_20191019_20191203 320
m_4007442_sw_18_060_20191014_20191203 320
m_3008145_se_17_060_20211130 360
m_3507659_ne_18_060_20201018 340
m_3307905_nw_17_060_20210508 340
m_2909139_ne_15_060_20190831_20191001 360
m_3507602_sw_18_060_20200922 357
m_2708143_sw_17_060_20191129_20200113 360
m_2508044_ne_17_060_20191126_20200113 360
m_2908112_se_17_060_20211129 360
m_2908217_sw_17_060_20211117 378
m_3707737_sw_18_060_20210910 357
m_3008451_sw_16_060_20191128_20200114 360
m_2608029_ne_17_060_20191207_20200113 360
m_2809617_ne_14_060_20201116 360
m_3407828_sw_17_060_20200903 378
m_4107423_se_18_060_20211105 320
m_3008539_nw_16_060_20191128_20200114 340
m_2608056_sw_17_060_20191120_20200113 360
m_2908935_se_16_030_20211202 1365
m_2809626_sw_14_060_20201029 360
m_3307910_nw_17_060_20210508 340
m_3009240_ne_15_030_20211114 1326
m_4506835_nw_19_060_20210816 300
m_3009044_ne_15_060_20190830_20191001 360
m_4307163_ne_19_060_20211024 320
m_2608110_ne_17_060_20211223 360
m_4207116_nw_19_060_20211024 320
m_3407758_nw_18_060_20200904 360
m_3009137_nw_15_030_20211114 1326
m_2808229_ne_17_060_20211130 360
m_3008611_sw_16_060_20191109_20200114 340
m_3008137_nw_17_060_20211130 360
m_4207322_ne_18_060_20211106 320
m_3108823_sw_16_030_20211123 1400
m_3907541_sw_18_060_20210606 320
m_2608037_ne_17_060_20191207_20200113 360
m_3707737_nw_18_060_20210910 340
m_4107134_ne_19_060_20210926 320
m_4107349_sw_18_060_20211105 320
m_3507625_nw_18_060_20201031 340
m_3607657_sw_18_060_20200922 357
m_4107210_se_18_060_20211105 336
m_4107309_nw_18_060_20211105 320
m_2709738_ne_14_060_20200430 360
m_2908910_se_16_030_20211129 1365
m_3907623_nw_18_060_20211020 320
m_4107334_ne_18_060_20211105 320
m_3411858_se_11_060_20200515 340
m_2908156_ne_17_060_20211130 360
m_3907525_ne_18_060_20210606 320
m_3008545_ne_16_060_20191118_20200114 340
m_2909049_nw_15_060_20190830_20191001 360
m_2708004_se_17_060_20191215_20200113 360
m_4207118_ne_19_060_20211105 320
m_3707513_nw_18_060_20211017 340
m_4107240_se_18_060_20210926 336
m_3307801_sw_17_060_20210501 340
m_2908131_ne_17_060_20211130 360
m_2909063_ne_15_030_20211123 1365
m_4406718_sw_19_060_20210907 300
m_4007537_sw_18_060_20191019_20191203 320
m_4207312_ne_18_060_20211107 320
m_3507753_ne_18_060_20200930 340
m_3307920_ne_17_060_20210501 340
m_2708212_sw_17_060_20211130 360
m_3507650_ne_18_060_20201031 340
m_3009057_se_15_030_20211119 1365
m_2909314_ne_15_060_20190706_20191001 360
m_4107325_sw_18_060_20211105 320
m_3211612_se_11_060_20200415 340
m_3208036_nw_17_060_20210507 340
m_3008341_nw_17_060_20191117_20200114 360
m_3009021_ne_15_030_20211115 1365
m_4406922_sw_19_060_20210904 300
/work/csr33/images_for_predictions/naip_tiles/m_3009037_nw_15_030_20211115.tif

m_2909543_se_15_060_20201117 360
m_3807747_ne_18_060_20210617 320
m_3907426_se_18_060_20190730_20191209 320
m_2608117_sw_17_060_20211223 380
m_3008546_se_16_060_20191118_20200114 340
m_4606842_sw_19_060_20210817 300
m_3507652_nw_18_060_20201018 340
m_4007428_se_18_060_20190830_20191209 300
m_2909310_sw_15_060_20190726_20191001 360
m_3009303_nw_15_060_20201006 340
m_3009044_se_15_060_20190831_20191001 378
m_2909022_ne_15_030_20211123 1365
m_3412006_se_10_060_20200523 340
m_4107407_nw_18_060_20211105 320
m_3211606_sw_11_060_20200415 340
m_2608011_nw_17_060_20191203_20200113 360
m_3008109_se_17_060_20211129 360
m_3607616_ne_18_060_20210913 340
m_3008112_sw_17_060_20211203 340
m_3008707_nw_16_030_20211115 1365
m_3008960_se_16_030_20211116 1365
m_2909436_nw_15_060_20201116 360
m_2809760_se_14_060_20200430 360
m_2708208_ne_17_060_20211202 360
m_3009064_sw_15_030_20211123 1365
m_3008603_nw_16_030_20211109 1365
m_3311602_se_11_060_20200615 340
m_3009144_sw_15_030_20211114 1326
m_3208106_se_17_060_20210426 340
m_3507605_se_18_060_20200922 340
m_2808041_ne_17_060_20191207_20200113 360
m_3507723_se_18_060_20201031 357
/work/csr33/images_for_predictions/naip_tiles/m_3108858_sw_16_030_20211124.tif

m_3009120_sw_15_030_20211114 1326
m_3208018_se_17_060_20210426 340
m_2909016_nw_15_030_20211123 1365
m_3009209_se_15_030_20211221 1326
m_4107219_nw_18_060_20211001 320
m_3108752_nw_16_030_20211115 1400
m_3407833_sw_17_060_20200603 378
m_2908921_sw_16_030_20211130 1365
m_2508132_se_17_060_20211203 360
m_4107352_ne_18_060_20211106 320
m_3009038_nw_15_030_20211115 1365
m_3009333_se_15_060_20201102 340
m_3707660_sw_18_060_20210926 357
m_2608005_sw_17_060_20191207_20200113 360
/work/csr33/images_for_predictions/naip_tiles/m_3009154_sw_15_030_20211116.tif

m_2508049_ne_17_060_20211203 360
m_4406712_sw_19_060_20210907 315
m_4406838_sw_19_060_20210919 300
m_2508034_nw_17_060_20211203 380
/work/csr33/images_for_predictions/naip_tiles/m_3009149_nw_15_030_20211113.tif

m_3307946_ne_17_060_20210501 340
m_3108127_ne_17_060_20191110_20200102 340
m_2608018_ne_17_060_20191203_20200113 360
m_3707601_se_18_060_20210827 357
m_2909203_se_15_060_20190706_20191001 360
m_2708028_se_17_060_20191215_20200113 360
m_4506819_ne_19_060_20211006 300
m_3211614_ne_11_060_20200415 340
m_2709752_sw_14_060_20200430 360
m_3907531_se_18_060_20190726_20191209 320
m_4007206_nw_18_060_20210926 320
m_2608144_se_17_060_20191123_20200113 360
m_4606852_se_19_060_20210817 300
m_3008743_ne_16_030_20211113 1400
m_3008206_sw_17_060_20191110_20200108 340
m_3311651_nw_11_060_20200415 340
m_3311738_ne_11_060_20200423 340
m_2908304_sw_17_060_20191121_20200114 360
m_3707646_nw_18_060_20210926 340
m_2708062_sw_17_060_20191215_20200113 360
m_4506826_ne_19_060_20210816 300
m_3008724_ne_16_060_20191103_20200114 340
m_3607763_sw_18_060_20200922 357
m_3607656_ne_18_060_20200516 340
m_3208057_se_17_060_20210507 340
m_4207042_se_19_060_20210904 336
m_4007316_sw_18_060_20211106 336
m_2709714_nw_14_060_20200430 360
m_3009204_se_15_030_20211223 1326
m_3807535_sw_18_060_20210605 320
m_2908106_ne_17_060_20211130 360
m_3009433_sw_15_060_20201112 340
m_3008455_ne_16_060_20191205_20200114 360
m_3108151_se_17_060_20191110_20200102 340
m_3008626_nw_16_060_20191109_20200114 340
m_4007432_ne_18_060_20211105 320
m_2709757_ne_14_060_20200501 360
m_3008937_nw_16_030_20211114 1440
m_3407862_nw_17_060_20200922 360
m_3907644_sw_18_060_20210617 320
m_2808035_nw_17_060_20191130_20200113 360
m_4107035_ne_19_060_20210904 320
m_4506821_nw_19_060_20210921 300
m_4007349_nw_18_060_20190809_20191209 320
m_2908911_sw_16_030_20211129 1365
m_3108136_ne_17_060_20211203 340
m_2909038_sw_15_030_20211130 1365
m_3009212_sw_15_060_20190904_20191001 360
m_4107238_ne_18_060_20210926 320
m_4406706_se_19_060_20210711 315
m_4606842_ne_19_060_20210817 300
m_2908202_ne_17_060_20211129 360
m_3009437_se_15_060_20201112 340
m_3807707_ne_18_060_20210617 320
m_3307937_nw_17_060_20210501 340
m_3009213_nw_15_030_20211222 1326
m_2708150_ne_17_060_20191129_20200113 360
m_3907540_nw_18_060_20190726_20191209 320
m_3807660_ne_18_060_20210912 340
m_3008533_se_16_060_20191109_20200114 340
m_3108763_se_16_030_20211109 1360
m_3807711_ne_18_060_20210903 340
m_3607661_ne_18_060_20200922 340
m_3311755_ne_11_060_20200520 340
m_3407601_se_18_060_20201031 357
m_2809616_nw_14_060_20201029 360
m_4107201_nw_18_060_20211106 320
m_2608109_sw_17_060_20211223 380
m_4506840_nw_19_060_20210911 300
m_3008333_ne_17_060_20191113_20200114 360
m_3008718_se_16_030_20211119 1400
m_3108702_nw_16_030_20211115 1400
m_3407836_se_17_060_20200922 357
m_4406705_ne_19_060_20210711 300
m_3311619_se_11_060_20200615 340
m_4207107_se_19_060_20211024 336
m_2609718_sw_14_060_20201001 360
m_4506825_sw_19_060_20210816 300
m_4506802_sw_19_060_20210816 300
m_2708214_sw_17_060_20211130 360
m_3008258_nw_17_060_20211117 360
m_3807517_sw_18_060_20210618 320
m_3008703_sw_16_030_20211112 1400
m_3311755_nw_11_060_20200520 340
m_2508013_sw_17_060_20191126_20200113 360
m_3407843_nw_17_060_20200603 360
m_2809610_se_14_060_20201029 360
m_3009163_ne_15_030_20211120 1365
m_3807549_se_18_060_20210618 320
m_3008825_nw_16_030_20211119 1440
m_3008521_nw_16_060_20191118_20200114 340
m_4406920_ne_19_060_20210904 300
m_3108743_sw_16_030_20211115 1400
m_4107403_nw_18_060_20211106 320
m_4107340_nw_18_060_20211106 320
m_2908522_se_16_060_20191118_20200114 360
m_3507544_ne_18_060_20201018 340
m_2908125_ne_17_060_20211129 360
m_3311619_ne_11_060_20200615 340
m_3807546_se_18_060_20210605 320
m_3008950_ne_16_030_20211116 1365
m_3008458_se_16_060_20191128_20200114 360
m_4007406_sw_18_060_20190830_20191209 300
m_3907627_se_18_060_20210616 320
m_4107303_se_18_060_20211107 320
m_3009250_ne_15_030_20211221 1326
m_4207319_sw_18_060_20211107 320
m_4406837_ne_19_060_20210914 300
m_3507742_ne_18_060_20200904 340
m_3411910_ne_11_060_20200521 340
m_3008528_sw_16_060_20191118_20200114 340
/work/csr33/images_for_predictions/naip_tiles/m_4406720_sw_19_060_20210907.tif

m_2809643_ne_14_060_20201029 360
m_2608013_nw_17_060_20191207_20200113 360
m_2909035_sw_15_060_20190831_20191001 378
m_2908233_nw_17_060_20211117 360
m_4007319_ne_18_060_20211106 320
m_3807553_nw_18_060_20210605 320
m_2608153_se_17_060_20191128_20200113 360
m_3507643_nw_18_060_20201018 340
m_3412064_se_10_060_20200607 340
m_4406840_nw_19_060_20210901 300
m_4007431_se_18_060_20211105 320
m_3009311_nw_15_060_20201006 340
m_2508022_se_17_060_20191126_20200113 360
m_2808252_ne_17_060_20211130 360
m_3008635_sw_16_060_20191109_20200114 340
m_2909221_se_15_060_20190905_20191001 360
m_2708053_nw_17_060_20191215_20200113 360
m_4406703_se_19_060_20210907 300
m_3311702_sw_11_060_20200424 340
m_3807602_ne_18_060_20210617 320
m_3208129_sw_17_060_20211202 340
m_4007428_nw_18_060_20190830_20191209 300
m_3311626_sw_11_060_20200415 340
m_3507517_sw_18_060_20200516 340
m_4506857_sw_19_060_20210816 300
m_3407847_sw_17_060_20201102 378
m_3008715_ne_16_060_20191103_20200114 340
m_3607754_nw_18_060_20200922 340
m_2909040_ne_15_030_20211202 1365
m_3009461_ne_15_060_20201112 340
m_2708157_nw_17_060_20211204 360
m_3607633_sw_18_060_20200922 357
m_3412031_se_10_060_20200522 340
m_3009004_sw_15_030_20211201 1326
m_3008358_ne_17_060_20191117_20200114 360
m_3009252_sw_15_060_20190706_20191001 360
m_2708002_nw_17_060_20191129_20200113 360
m_4107056_nw_19_060_20210826 320
m_3009436_nw_15_060_20201112 340
m_4007205_nw_18_060_20210904 320
m_3008840_sw_16_030_20211113 1400
m_3807722_nw_18_060_20210903 340
m_4207159_sw_19_060_20210926 336
m_3807756_nw_18_060_20210910 340
m_3009443_sw_15_060_20201112 340
m_4207160_sw_19_060_20210826 336
m_4406928_nw_19_060_20210904 300
m_2609753_sw_14_060_20201029 360
m_2908904_se_16_030_20211129 1365
m_3109159_sw_15_030_20211101 1326
m_3411862_nw_11_060_20200505 340
m_3607644_sw_18_060_20200922 357
m_3707653_sw_18_060_20210926 340
m_2609743_se_14_060_20201216 360
m_3307818_ne_17_060_20210508 340
m_3607636_ne_18_060_20200516 340
m_3607602_sw_18_060_20210827 357
m_4207137_nw_19_060_20211024 320
m_3407850_sw_17_060_20210513 340
m_4107456_sw_18_060_20211105 320
m_3807601_sw_18_060_20210617 320
m_2708159_se_17_060_20191129_20200113 360
m_4107305_nw_18_060_20211106 320
m_3507611_ne_18_060_20201001 340
m_3108830_ne_16_030_20211123 1400
m_3108709_nw_16_030_20211115 1400
m_2908320_ne_17_060_20191121_20200114 360
m_2609701_ne_14_060_20200501 360
m_2808239_sw_17_060_20211130 360
m_4406836_ne_19_060_20210914 300
m_4007447_nw_18_060_20190809_20191209 320
m_4007423_sw_18_060_20211105 320
m_3907401_ne_18_060_20190730_20191209 300
m_4207320_ne_18_060_20211107 320
m_3707662_se_18_060_20210913 340
m_3507612_nw_18_060_20200922 340
m_4007320_se_18_060_20211106 336
m_2708223_ne_17_060_20211130 360
m_3311845_ne_11_060_20200504 340
m_4207140_ne_19_060_20211024 320
m_2908332_sw_17_060_20211117 378
m_2808213_nw_17_060_20211130 360
m_3907561_nw_18_060_20211019 320
m_3009561_se_15_060_20201118 360
m_3807608_sw_18_060_20210623 320
m_2608039_se_17_060_20191120_20200113 360
m_2909209_sw_15_060_20190905_20191001 360
m_2809505_ne_15_060_20201117 360
m_3009205_nw_15_030_20211222 1326
m_4107036_se_19_060_20210904 336
m_4506848_ne_19_060_20210831 300
m_3009319_sw_15_060_20201031 340
m_3008158_nw_17_060_20211129 360
m_3211613_sw_11_060_20200415 340
m_4107422_se_18_060_20211106 320
m_3407849_ne_17_060_20200603 340
m_3009256_nw_15_030_20211212 1326
m_2809738_se_14_060_20200501 360
m_3008914_sw_16_030_20211112 1476
m_4406805_sw_19_060_20210914 300
m_3008562_nw_16_060_20191118_20200114 340
m_3008717_ne_16_030_20211119 1400
m_3308061_sw_17_060_20210501 340
m_2908308_ne_17_060_20211130 360
m_3407611_ne_18_060_20201031 340
m_4207464_sw_18_060_20210920 320
m_4406930_ne_19_060_20211006 300
m_4506863_nw_19_060_20210929 300
m_3507745_se_18_060_20200930 357
m_3807641_nw_18_060_20210617 320
m_3108256_ne_17_060_20191110_20200102 340
m_4207131_ne_19_060_20211024 320
m_2608112_ne_17_060_20211203 360
m_3308057_se_17_060_20210421 340
m_3108136_se_17_060_20211203 340
m_2709751_ne_14_060_20200501 360
m_2609720_ne_14_060_20201029 360
m_3907628_ne_18_060_20210606 320
m_3807624_se_18_060_20210618 320
m_3507738_se_18_060_20200930 357
m_3807622_sw_18_060_20211020 320
m_3009148_ne_15_030_20211119 1326
m_3607746_se_18_060_20200922 357
m_2908955_ne_16_030_20211130 1365
m_3009325_sw_15_060_20201102 340
m_3009233_nw_15_060_20190901_20191001 360
m_4107110_ne_19_060_20210926 320
m_4107002_nw_19_060_20210904 320
m_3807706_ne_18_060_20210617 320
m_3407733_sw_18_060_20200904 378
m_4406960_sw_19_060_20210904 300
/work/csr33/images_for_predictions/naip_tiles/m_3008831_ne_16_030_20211119.tif

m_2608118_nw_17_060_20211223 360
m_3208152_se_17_060_20191109_20200102 340
m_4107461_sw_18_060_20190830_20191209 300
m_2909209_nw_15_060_20190706_20191001 360
m_3008362_se_17_060_20211116 378
m_2809740_sw_14_060_20201029 360
m_3507731_nw_18_060_20200930 340
m_3311617_sw_11_060_20200415 340
m_3311611_sw_11_060_20200615 340
m_3008601_ne_16_030_20211110 1326
m_3009152_nw_15_030_20211114 1326
m_4506825_se_19_060_20210816 300
m_3407722_ne_18_060_20201031 340
m_2508006_sw_17_060_20211207 380
m_3707621_se_18_060_20210914 340
m_3208130_nw_17_060_20210426 340
m_3411920_se_11_060_20200521 340
m_3008715_se_16_060_20191103_20200114 340
m_2909205_nw_15_060_20190706_20191001 360
m_3008740_sw_16_060_20191103_20200114 340
m_2909539_ne_15_060_20201116 360
m_3807544_sw_18_060_20210605 320
m_3807525_se_18_060_20210618 320
m_4007457_sw_18_060_20191014_20191203 320
m_3311813_ne_11_060_20200515 340
m_3108131_nw_17_060_20211202 340
m_3008162_nw_17_060_20211130 360
m_2709706_nw_14_060_20200430 360
m_2808261_sw_17_060_20211130 360
m_2909208_sw_15_060_20190706_20191001 360
m_4007451_nw_18_060_20190730_20191209 300
m_4406831_se_19_060_20210920 300
m_3807520_sw_18_060_20211019 320
m_3307928_sw_17_060_20210501 340
m_4007433_sw_18_060_20191014_20191203 320
m_3307913_ne_17_060_20210501 340
m_3009244_sw_15_060_20190706_20191001 360
m_3507617_sw_18_060_20200922 357
/work/csr33/images_for_predictions/naip_tiles/m_2909032_se_15_030_20211115.tif

m_2909011_ne_15_060_20190707_20191001 360
m_3008456_ne_16_060_20191205_20200114 360
m_2809510_ne_15_060_20201029 360
m_4007439_se_18_060_20190809_20191209 320
m_2908323_se_17_060_20211116 378
m_2909007_nw_15_030_20211123 1365
m_3707604_ne_18_060_20210926 340
m_3707613_ne_18_060_20210926 340
m_4107029_sw_19_060_20210904 336
m_3307951_sw_17_060_20210501 340
m_2909559_se_15_060_20201117 360
m_3407856_sw_17_060_20200603 378
m_2809613_nw_14_060_20200501 360
m_4406941_se_19_060_20210827 300
m_2909531_sw_15_060_20201116 360
m_4107036_ne_19_060_20210904 320
m_3009323_se_15_060_20190904_20191001 360
m_2909218_sw_15_060_20190905_20191001 360
m_3311705_sw_11_060_20200423 340
m_4007548_sw_18_060_20191015_20191203 320
m_3407826_nw_17_060_20200603 340
m_4007440_sw_18_060_20190809_20191209 320
m_2809706_se_14_060_20200501 360
m_2908305_ne_17_060_20211130 360
m_3308050_ne_17_060_20210421 340
m_4307162_nw_19_060_20211024 320
m_2809760_nw_14_060_20201115 360
m_2708037_nw_17_060_20191215_20200113 360
m_2608011_se_17_060_20191203_20200113 360
m_2909126_ne_15_060_20190706_20191001 360
m_3807542_sw_18_060_20210618 320
m_2809506_se_15_060_20201029 360
m_3208007_sw_17_060_20210426 340
m_2908953_nw_16_030_20211130 1365
m_3009119_nw_15_060_20190706_20191001 360
m_3707721_sw_18_060_20210910 357
m_3008129_nw_17_060_20211130 360
m_3807625_ne_18_060_20210617 320
m_2909019_ne_15_030_20211130 1365
m_4007454_ne_18_060_20190730_20191209 320
m_3108149_ne_17_060_20191110_20200102 340
m_4107028_se_19_060_20210904 336
m_3208108_se_17_060_20210426 340
m_4107126_nw_19_060_20210926 320
m_3009160_nw_15_030_20211114 1326
m_3108832_ne_16_030_20211120 1400
m_3008715_nw_16_060_20191103_20200114 340
m_3008351_se_17_060_20191121_20200114 360
m_2708012_nw_17_060_20191215_20200113 360
m_3311807_ne_11_060_20200505 340
m_3009461_sw_15_060_20201112 340
m_2909116_sw_15_060_20190707_20191001 378
m_3307945_sw_17_060_20210501 340
m_4107447_se_18_060_20211105 320
m_2909422_ne_15_060_20201112 340
m_3009335_sw_15_060_20201031 340
m_2909663_ne_14_060_20201107 360
m_3907543_ne_18_060_20210630 320
m_2809620_se_14_060_20201029 360
m_3507759_sw_18_060_20200930 378
m_2708263_nw_17_060_20211130 380
m_4506824_sw_19_060_20210911 300
m_4207313_se_18_060_20211107 336
m_2908261_nw_17_060_20211129 360
m_3009460_ne_15_060_20201112 340
m_4107048_ne_19_060_20210826 320
m_3707505_ne_18_060_20211017 320
m_2909005_sw_15_030_20211130 1365
m_4107422_sw_18_060_20211106 320
m_4007319_nw_18_060_20211001 320
m_2709757_se_14_060_20200501 360
m_3008563_ne_16_060_20191118_20200114 360
m_2909530_se_15_060_20201116 360
m_2909050_se_15_060_20190830_20191001 378
m_2908411_nw_16_060_20191128_20200114 360
m_3407841_se_17_060_20200603 357
m_3208057_ne_17_060_20210507 340
m_3307961_nw_17_060_20210501 340
m_3507762_nw_18_060_20201031 340
m_4207344_nw_18_060_20211107 320
m_3407864_ne_17_060_20200904 340
m_3208034_se_17_060_20210507 340
m_3707721_ne_18_060_20210910 340
m_4107004_sw_19_060_20210904 336
m_3707734_se_18_060_20210628 357
m_2609744_nw_14_060_20201209 360
m_2508046_nw_17_060_20191126_20200113 360
m_2808244_sw_17_060_20211130 360
m_3607655_sw_18_060_20200922 340
m_3307922_sw_17_060_20210501 340
m_3008151_sw_17_060_20211129 360
m_3407964_ne_17_060_20210513 340
m_3807518_sw_18_060_20210618 320
m_2809644_sw_14_060_20201029 360
/work/csr33/images_for_predictions/naip_tiles/m_3009258_nw_15_030_20211221.tif

m_3607656_sw_18_060_20200516 340
m_4107209_se_18_060_20211105 336
/work/csr33/images_for_predictions/naip_tiles/m_3009264_nw_15_030_20211212.tif

m_3108710_se_16_030_20211115 1360
m_4007316_nw_18_060_20211106 320
m_3008919_se_16_030_20211119 1435
m_2908305_sw_17_060_20211130 378
m_3008726_se_16_030_20211113 1400
m_4207456_ne_18_060_20210920 320
m_2909146_sw_15_060_20190830_20191001 360
m_2908102_nw_17_060_20211129 360
m_3211715_nw_11_060_20200520 340
m_4207116_sw_19_060_20211024 336
m_2809633_se_14_060_20201116 360
m_3311807_se_11_060_20200505 340
m_2909020_se_15_060_20190707_20191001 378
m_2809512_se_15_060_20201117 360
m_3807645_sw_18_060_20211020 320
m_4406951_sw_19_060_20210827 300
m_2909128_ne_15_060_20190706_20191001 360
m_2908920_sw_16_030_20211130 1365
m_3008433_nw_16_060_20191120_20200114 340
m_3607533_nw_18_060_20200516 340
m_2708046_sw_17_060_20191215_20200113 360
m_2608061_ne_17_060_20191203_20200114 360
m_4207341_ne_18_060_20210920 320
m_2708228_sw_17_060_20211130 360
m_3109352_se_15_030_20211122 1326
m_3009120_ne_15_030_20211114 1326
m_3008917_sw_16_030_20211115 1365
m_3009209_ne_15_030_20211221 1326
m_2908925_sw_16_030_20211202 1365
m_3008825_se_16_030_20211119 1435
m_3008743_se_16_030_20211113 1400
6035.185622215271
