load envirionment

/work/csr33/images_for_predictions/naip_tiles/m_2608160_nw_17_060_20191123_20200113.tif
/work/csr33/images_for_predictions/naip_tiles/m_2608029_nw_17_060_20191207_20200113.tif
/work/csr33/images_for_predictions/naip_tiles/m_3208137_nw_17_060_20191109_20200102.tif
/work/csr33/images_for_predictions/naip_tiles/m_3009558_ne_15_060_20201030.tif
/work/csr33/images_for_predictions/naip_tiles/m_2808058_ne_17_060_20191202_20200113.tif
/work/csr33/images_for_predictions/naip_tiles/m_2608224_se_17_060_20211217.tif
/work/csr33/images_for_predictions/naip_tiles/m_3607630_sw_18_060_20210913.tif
/work/csr33/images_for_predictions/naip_tiles/m_3008749_ne_16_030_20211113.tif
/work/csr33/images_for_predictions/naip_tiles/m_3907442_nw_18_060_20190830_20191209.tif
/work/csr33/images_for_predictions/naip_tiles/m_4307029_ne_19_060_20210722.tif
/work/csr33/images_for_predictions/naip_tiles/m_3207910_sw_17_060_20210426.tif
/work/csr33/images_for_predictions/naip_tiles/m_3607628_ne_18_060_20210913.tif
/work/csr33/images_for_predictions/naip_tiles/m_2608004_nw_17_060_20191215_20200113.tif
/work/csr33/images_for_predictions/naip_tiles/m_3807641_ne_18_060_20210617.tif
/work/csr33/images_for_predictions/naip_tiles/m_4207360_se_18_060_20211107.tif
/work/csr33/images_for_predictions/naip_tiles/m_2909519_ne_15_060_20201030.tif
/work/csr33/images_for_predictions/naip_tiles/m_3008930_nw_16_030_20211119.tif
m_4307029_ne_19_060_20210722 300
/work/csr33/images_for_predictions/naip_tiles/m_3008829_sw_16_030_20211119.tif
m_3907442_nw_18_060_20190830_20191209 320
m_3807641_ne_18_060_20210617 320
m_4207360_se_18_060_20211107 336
m_3607628_ne_18_060_20210913 340
m_3607630_sw_18_060_20210913 340
m_3207910_sw_17_060_20210426 340
m_3208137_nw_17_060_20191109_20200102 340
m_2608224_se_17_060_20211217 360
m_2909519_ne_15_060_20201030 360
m_2608029_nw_17_060_20191207_20200113 360
m_2608004_nw_17_060_20191215_20200113 360
m_2608160_nw_17_060_20191123_20200113 360
m_2808058_ne_17_060_20191202_20200113 360
m_3009558_ne_15_060_20201030 360
m_3008749_ne_16_030_20211113 1400
m_3008930_nw_16_030_20211119 1440
m_3008829_sw_16_030_20211119 1440
1332.9768991470337
