load envirionment

/work/csr33/images_for_predictions/naip_tiles/m_3208115_se_17_060_20210426.tif
/work/csr33/images_for_predictions/naip_tiles/m_3009261_ne_15_030_20211222.tif
/work/csr33/images_for_predictions/naip_tiles/m_2609710_nw_14_060_20201001.tif
/work/csr33/images_for_predictions/naip_tiles/m_3008810_ne_16_030_20211112.tif
/work/csr33/images_for_predictions/naip_tiles/m_2809758_ne_14_060_20201116.tif
/work/csr33/images_for_predictions/naip_tiles/m_4506828_se_19_060_20211006.tif
/work/csr33/images_for_predictions/naip_tiles/m_3707611_se_18_060_20210912.tif
/work/csr33/images_for_predictions/naip_tiles/m_3308043_se_17_060_20210501.tif
/work/csr33/images_for_predictions/naip_tiles/m_3008358_sw_17_060_20191117_20200114.tif
/work/csr33/images_for_predictions/naip_tiles/m_3008518_se_16_060_20191109_20200114.tif
/work/csr33/images_for_predictions/naip_tiles/m_3008747_ne_16_060_20191103_20200114.tif
/work/csr33/images_for_predictions/naip_tiles/m_3009336_sw_15_060_20190901_20191001.tif
/work/csr33/images_for_predictions/naip_tiles/m_2708232_sw_17_060_20211202.tif
/work/csr33/images_for_predictions/naip_tiles/m_4207106_sw_19_060_20211024.tif
/work/csr33/images_for_predictions/naip_tiles/m_3308055_ne_17_060_20210501.tif
/work/csr33/images_for_predictions/naip_tiles/m_4506863_ne_19_060_20210911.tif
/work/csr33/images_for_predictions/naip_tiles/m_3008344_sw_17_060_20191113_20200114.tif
m_4506863_ne_19_060_20210911 300
/work/csr33/images_for_predictions/naip_tiles/m_3008601_sw_16_060_20191103_20200114.tif
m_4506828_se_19_060_20211006 300
m_4207106_sw_19_060_20211024 336
m_3208115_se_17_060_20210426 340
m_3008747_ne_16_060_20191103_20200114 340
m_3008518_se_16_060_20191109_20200114 340
m_3008358_sw_17_060_20191117_20200114 360
m_3308055_ne_17_060_20210501 340
m_3707611_se_18_060_20210912 357
m_3308043_se_17_060_20210501 340
m_2609710_nw_14_060_20201001 360
m_3009336_sw_15_060_20190901_20191001 360
m_2809758_ne_14_060_20201116 360
m_2708232_sw_17_060_20211202 360
m_3008601_sw_16_060_20191103_20200114 340
m_3008344_sw_17_060_20191113_20200114 360
m_3009261_ne_15_030_20211222 1326
m_3008810_ne_16_030_20211112 1400
963.671796798706
