load envirionment

/work/csr33/images_for_predictions/naip_tiles/m_3009556_ne_15_060_20201118.tif
/work/csr33/images_for_predictions/naip_tiles/m_3507632_ne_18_060_20201001.tif
/work/csr33/images_for_predictions/naip_tiles/m_4307027_se_19_060_20211007.tif
/work/csr33/images_for_predictions/naip_tiles/m_3211724_sw_11_060_20200520.tif
/work/csr33/images_for_predictions/naip_tiles/m_2909140_nw_15_060_20190831_20191001.tif
/work/csr33/images_for_predictions/naip_tiles/m_3807624_sw_18_060_20210623.tif
/work/csr33/images_for_predictions/naip_tiles/m_2608127_se_17_060_20211223.tif
/work/csr33/images_for_predictions/naip_tiles/m_3707714_ne_18_060_20210903.tif
/work/csr33/images_for_predictions/naip_tiles/m_3009449_sw_15_060_20201112.tif
/work/csr33/images_for_predictions/naip_tiles/m_4307011_nw_19_060_20211007.tif
/work/csr33/images_for_predictions/naip_tiles/m_4506831_ne_19_060_20210911.tif
/work/csr33/images_for_predictions/naip_tiles/m_3507634_ne_18_060_20201018.tif
/work/csr33/images_for_predictions/naip_tiles/m_4506858_nw_19_060_20210816.tif
/work/csr33/images_for_predictions/naip_tiles/m_2608125_se_17_060_20211223.tif
/work/csr33/images_for_predictions/naip_tiles/m_3008623_sw_16_060_20191109_20200114.tif
/work/csr33/images_for_predictions/naip_tiles/m_4307011_se_19_060_20211007.tif
/work/csr33/images_for_predictions/naip_tiles/m_2608011_ne_17_060_20191203_20200113.tif
m_4506831_ne_19_060_20210911 300
/work/csr33/images_for_predictions/naip_tiles/m_4406931_ne_19_060_20211006.tif
m_4506858_nw_19_060_20210816 300
m_3008623_sw_16_060_20191109_20200114 340
m_4307011_se_19_060_20211007 315
m_4307027_se_19_060_20211007 315
m_3807624_sw_18_060_20210623 320
m_4307011_nw_19_060_20211007 320
m_3507632_ne_18_060_20201001 340
m_3507634_ne_18_060_20201018 340
m_3707714_ne_18_060_20210903 340
m_3211724_sw_11_060_20200520 340
m_3009556_ne_15_060_20201118 360
m_2608127_se_17_060_20211223 360
m_2608125_se_17_060_20211223 360
m_2909140_nw_15_060_20190831_20191001 360
m_3009449_sw_15_060_20201112 360
m_4406931_ne_19_060_20211006 300
m_2608011_ne_17_060_20191203_20200113 360
274.22788548469543
