load envirionment

/work/csr33/images_for_predictions/naip_tiles/m_2909417_ne_15_060_20201112.tif
/work/csr33/images_for_predictions/naip_tiles/m_3607549_nw_18_060_20200516.tif
/work/csr33/images_for_predictions/naip_tiles/m_3308058_ne_17_060_20210421.tif
/work/csr33/images_for_predictions/naip_tiles/m_2609733_ne_14_060_20200503.tif
/work/csr33/images_for_predictions/naip_tiles/m_3008144_se_17_060_20211129.tif
/work/csr33/images_for_predictions/naip_tiles/m_3308050_sw_17_060_20210421.tif
/work/csr33/images_for_predictions/naip_tiles/m_3009038_sw_15_030_20211115.tif
/work/csr33/images_for_predictions/naip_tiles/m_2908148_nw_17_060_20211130.tif
/work/csr33/images_for_predictions/naip_tiles/m_3009342_sw_15_060_20201031.tif
/work/csr33/images_for_predictions/naip_tiles/m_3009023_ne_15_030_20211116.tif
/work/csr33/images_for_predictions/naip_tiles/m_3008637_nw_16_060_20191109_20200114.tif
/work/csr33/images_for_predictions/naip_tiles/m_4207120_sw_19_060_20211105.tif
/work/csr33/images_for_predictions/naip_tiles/m_4307050_se_19_060_20211007.tif
/work/csr33/images_for_predictions/naip_tiles/m_4406915_se_19_060_20211006.tif
/work/csr33/images_for_predictions/naip_tiles/m_3407726_sw_18_060_20200904.tif
/work/csr33/images_for_predictions/naip_tiles/m_4406711_nw_19_060_20210907.tif
/work/csr33/images_for_predictions/naip_tiles/m_2909421_nw_15_060_20201112.tif
m_4406915_se_19_060_20211006 300
/work/csr33/images_for_predictions/naip_tiles/m_3008346_ne_17_060_20211116.tif
m_4406711_nw_19_060_20210907 300
m_4207120_sw_19_060_20211105 336
m_3308058_ne_17_060_20210421 340
m_3009342_sw_15_060_20201031 340
m_3008637_nw_16_060_20191109_20200114 340
m_4307050_se_19_060_20211007 336
m_3308050_sw_17_060_20210421 340
m_3607549_nw_18_060_20200516 340
m_3008144_se_17_060_20211129 360
m_2909417_ne_15_060_20201112 360
m_2908148_nw_17_060_20211130 360
m_2609733_ne_14_060_20200503 360
m_3407726_sw_18_060_20200904 378
m_2909421_nw_15_060_20201112 360
m_3008346_ne_17_060_20211116 360
m_3009038_sw_15_030_20211115 1365
m_3009023_ne_15_030_20211116 1365
456.96792101860046
