load envirionment

/work/csr33/images_for_predictions/naip_tiles/m_3607740_ne_18_060_20200922.tif
/work/csr33/images_for_predictions/naip_tiles/m_3208015_se_17_060_20210426.tif
/work/csr33/images_for_predictions/naip_tiles/m_3008941_ne_16_030_20211115.tif
/work/csr33/images_for_predictions/naip_tiles/m_3008206_nw_17_060_20191110_20200108.tif
/work/csr33/images_for_predictions/naip_tiles/m_3607626_se_18_060_20210827.tif
/work/csr33/images_for_predictions/naip_tiles/m_3407734_sw_18_060_20200904.tif
/work/csr33/images_for_predictions/naip_tiles/m_4406812_nw_19_060_20210914.tif
/work/csr33/images_for_predictions/naip_tiles/m_3009120_se_15_030_20211114.tif
/work/csr33/images_for_predictions/naip_tiles/m_3607659_nw_18_060_20200922.tif
/work/csr33/images_for_predictions/naip_tiles/m_3607723_sw_18_060_20210827.tif
/work/csr33/images_for_predictions/naip_tiles/m_4506964_se_19_060_20210816.tif
/work/csr33/images_for_predictions/naip_tiles/m_2808237_sw_17_060_20211130.tif
/work/csr33/images_for_predictions/naip_tiles/m_3108726_sw_16_030_20211115.tif
/work/csr33/images_for_predictions/naip_tiles/m_3407720_sw_18_060_20200930.tif
/work/csr33/images_for_predictions/naip_tiles/m_3707612_se_18_060_20210926.tif
/work/csr33/images_for_predictions/naip_tiles/m_3807560_sw_18_060_20210605.tif
/work/csr33/images_for_predictions/naip_tiles/m_3108862_sw_16_030_20211123.tif
m_4506964_se_19_060_20210816 300
/work/csr33/images_for_predictions/naip_tiles/m_4107404_se_18_060_20211106.tif
m_4406812_nw_19_060_20210914 300
m_3807560_sw_18_060_20210605 320
m_3607740_ne_18_060_20200922 340
m_3707612_se_18_060_20210926 340
m_3008206_nw_17_060_20191110_20200108 340
m_3607659_nw_18_060_20200922 340
m_3208015_se_17_060_20210426 340
m_3607723_sw_18_060_20210827 357
m_3607626_se_18_060_20210827 357
m_3407720_sw_18_060_20200930 378
m_2808237_sw_17_060_20211130 360
m_3407734_sw_18_060_20200904 378
m_4107404_se_18_060_20211106 320
m_3009120_se_15_030_20211114 1326
m_3008941_ne_16_030_20211115 1365
m_3108726_sw_16_030_20211115 1400
m_3108862_sw_16_030_20211123 1400
497.3957395553589
