load envirionment

/work/csr33/images_for_predictions/naip_tiles/m_2909539_se_15_060_20201116.tif
/work/csr33/images_for_predictions/naip_tiles/m_3211621_nw_11_060_20200415.tif
/work/csr33/images_for_predictions/naip_tiles/m_3807519_sw_18_060_20210623.tif
/work/csr33/images_for_predictions/naip_tiles/m_3311805_sw_11_060_20200515.tif
/work/csr33/images_for_predictions/naip_tiles/m_3307805_sw_17_060_20200603.tif
/work/csr33/images_for_predictions/naip_tiles/m_3108712_nw_16_030_20211115.tif
/work/csr33/images_for_predictions/naip_tiles/m_3507708_sw_18_060_20200922.tif
/work/csr33/images_for_predictions/naip_tiles/m_4107247_nw_18_060_20210926.tif
/work/csr33/images_for_predictions/naip_tiles/m_2508035_ne_17_060_20211203.tif
/work/csr33/images_for_predictions/naip_tiles/m_2809762_sw_14_060_20200430.tif
/work/csr33/images_for_predictions/naip_tiles/m_3109461_sw_15_060_20201030.tif
/work/csr33/images_for_predictions/naip_tiles/m_3607732_se_18_060_20210827.tif
/work/csr33/images_for_predictions/naip_tiles/m_3311746_sw_11_060_20200520.tif
/work/csr33/images_for_predictions/naip_tiles/m_3607731_sw_18_060_20210903.tif
/work/csr33/images_for_predictions/naip_tiles/m_3009203_sw_15_060_20190904_20191001.tif
/work/csr33/images_for_predictions/naip_tiles/m_2909546_se_15_060_20201029.tif
/work/csr33/images_for_predictions/naip_tiles/m_3311815_sw_11_060_20200505.tif
m_4107247_nw_18_060_20210926 320
/work/csr33/images_for_predictions/naip_tiles/m_3109464_nw_15_060_20201030.tif
m_3807519_sw_18_060_20210623 320
m_3211621_nw_11_060_20200415 340
m_3109461_sw_15_060_20201030 340
m_3311746_sw_11_060_20200520 340
m_3311805_sw_11_060_20200515 340
m_3507708_sw_18_060_20200922 357
m_2508035_ne_17_060_20211203 360
m_3607731_sw_18_060_20210903 357
m_3607732_se_18_060_20210827 357
m_2909539_se_15_060_20201116 360
m_2909546_se_15_060_20201029 360
m_3009203_sw_15_060_20190904_20191001 360
m_2809762_sw_14_060_20200430 360
m_3307805_sw_17_060_20200603 378
m_3109464_nw_15_060_20201030 340
m_3311815_sw_11_060_20200505 340
m_3108712_nw_16_030_20211115 1400
1817.7414281368256
