load envirionment

/work/csr33/images_for_predictions/naip_tiles/m_4307148_nw_19_060_20211024.tif
/work/csr33/images_for_predictions/naip_tiles/m_2808263_ne_17_060_20211130.tif
/work/csr33/images_for_predictions/naip_tiles/m_4107010_sw_19_060_20210904.tif
/work/csr33/images_for_predictions/naip_tiles/m_3907407_ne_18_060_20190809_20191209.tif
/work/csr33/images_for_predictions/naip_tiles/m_3008529_se_16_060_20191118_20200114.tif
/work/csr33/images_for_predictions/naip_tiles/m_2808059_sw_17_060_20191215_20200113.tif
/work/csr33/images_for_predictions/naip_tiles/m_3807504_se_18_060_20210624.tif
/work/csr33/images_for_predictions/naip_tiles/m_3008333_sw_17_060_20191117_20200114.tif
/work/csr33/images_for_predictions/naip_tiles/m_3208050_sw_17_060_20210507.tif
/work/csr33/images_for_predictions/naip_tiles/m_4406954_ne_19_060_20211006.tif
/work/csr33/images_for_predictions/naip_tiles/m_2708062_nw_17_060_20191215_20200113.tif
/work/csr33/images_for_predictions/naip_tiles/m_2709720_se_14_060_20200430.tif
/work/csr33/images_for_predictions/naip_tiles/m_3108150_ne_17_060_20191110_20200102.tif
/work/csr33/images_for_predictions/naip_tiles/m_2908324_ne_17_060_20211117.tif
/work/csr33/images_for_predictions/naip_tiles/m_4107210_nw_18_060_20211105.tif
/work/csr33/images_for_predictions/naip_tiles/m_3907508_sw_18_060_20190726_20191209.tif
/work/csr33/images_for_predictions/naip_tiles/m_3009228_ne_15_030_20211223.tif
m_3907508_sw_18_060_20190726_20191209 300
/work/csr33/images_for_predictions/naip_tiles/m_3009440_sw_15_060_20201102.tif
m_4406954_ne_19_060_20211006 300
m_4307148_nw_19_060_20211024 320
m_4107210_nw_18_060_20211105 320
m_3907407_ne_18_060_20190809_20191209 320
m_3208050_sw_17_060_20210507 340
m_4107010_sw_19_060_20210904 336
m_3108150_ne_17_060_20191110_20200102 340
m_3008333_sw_17_060_20191117_20200114 360
m_3008529_se_16_060_20191118_20200114 340
m_2708062_nw_17_060_20191215_20200113 360
m_2709720_se_14_060_20200430 360
m_2908324_ne_17_060_20211117 360
m_3807504_se_18_060_20210624 320
m_2808059_sw_17_060_20191215_20200113 360
m_2808263_ne_17_060_20211130 360
m_3009440_sw_15_060_20201102 340
m_3009228_ne_15_030_20211223 1326
358.62989830970764
