load envirionment

/work/csr33/images_for_predictions/naip_tiles/m_3907418_nw_18_060_20190830_20191209.tif
/work/csr33/images_for_predictions/naip_tiles/m_3311719_nw_11_060_20200424.tif
/work/csr33/images_for_predictions/naip_tiles/m_3707652_nw_18_060_20210926.tif
/work/csr33/images_for_predictions/naip_tiles/m_4107211_ne_18_060_20211019.tif
/work/csr33/images_for_predictions/naip_tiles/m_4106901_nw_19_060_20210826.tif
/work/csr33/images_for_predictions/naip_tiles/m_3807642_ne_18_060_20210617.tif
/work/csr33/images_for_predictions/naip_tiles/m_3108128_nw_17_060_20191110_20200102.tif
/work/csr33/images_for_predictions/naip_tiles/m_2808254_nw_17_060_20211130.tif
/work/csr33/images_for_predictions/naip_tiles/m_2908242_sw_17_060_20211129.tif
/work/csr33/images_for_predictions/naip_tiles/m_2809511_se_15_060_20201117.tif
/work/csr33/images_for_predictions/naip_tiles/m_2909020_nw_15_030_20211130.tif
/work/csr33/images_for_predictions/naip_tiles/m_3009330_nw_15_060_20190904_20191001.tif
/work/csr33/images_for_predictions/naip_tiles/m_3807611_sw_18_060_20210617.tif
/work/csr33/images_for_predictions/naip_tiles/m_2909558_ne_15_060_20201031.tif
/work/csr33/images_for_predictions/naip_tiles/m_2909301_nw_15_060_20201102.tif
/work/csr33/images_for_predictions/naip_tiles/m_3907531_nw_18_060_20190726_20191209.tif
/work/csr33/images_for_predictions/naip_tiles/m_3907458_sw_18_060_20190830_20191209.tif
m_4107211_ne_18_060_20211019 320
/work/csr33/images_for_predictions/naip_tiles/m_3108143_se_17_060_20191110_20200102.tif
m_3807642_ne_18_060_20210617 320
m_3907531_nw_18_060_20190726_20191209 320
m_3707652_nw_18_060_20210926 340
m_3907418_nw_18_060_20190830_20191209 320
m_4106901_nw_19_060_20210826 320
m_3807611_sw_18_060_20210617 320
m_3311719_nw_11_060_20200424 340
m_2909301_nw_15_060_20201102 340
m_3108128_nw_17_060_20191110_20200102 340
m_3009330_nw_15_060_20190904_20191001 360
m_2808254_nw_17_060_20211130 360
m_2909558_ne_15_060_20201031 360
m_2809511_se_15_060_20201117 360
m_2908242_sw_17_060_20211129 360
m_3907458_sw_18_060_20190830_20191209 320
m_3108143_se_17_060_20191110_20200102 340
m_2909020_nw_15_030_20211130 1365
299.687935590744
