load envirionment

/work/csr33/images_for_predictions/naip_tiles/m_3807716_nw_18_060_20210910.tif
/work/csr33/images_for_predictions/naip_tiles/m_2908925_nw_16_030_20211202.tif
/work/csr33/images_for_predictions/naip_tiles/m_4506849_sw_19_060_20210816.tif
/work/csr33/images_for_predictions/naip_tiles/m_2908919_se_16_030_20211130.tif
/work/csr33/images_for_predictions/naip_tiles/m_4007537_se_18_060_20191019_20191203.tif
/work/csr33/images_for_predictions/naip_tiles/m_3311725_ne_11_060_20200424.tif
/work/csr33/images_for_predictions/naip_tiles/m_4406943_se_19_060_20210904.tif
/work/csr33/images_for_predictions/naip_tiles/m_4107231_nw_18_060_20210926.tif
/work/csr33/images_for_predictions/naip_tiles/m_4107042_nw_19_060_20210904.tif
/work/csr33/images_for_predictions/naip_tiles/m_3009356_ne_15_060_20190905_20191001.tif
/work/csr33/images_for_predictions/naip_tiles/m_3507762_sw_18_060_20201031.tif
/work/csr33/images_for_predictions/naip_tiles/m_4007556_se_18_060_20191014_20191203.tif
/work/csr33/images_for_predictions/naip_tiles/m_3707742_se_18_060_20210628.tif
/work/csr33/images_for_predictions/naip_tiles/m_2608007_sw_17_060_20191120_20200113.tif
/work/csr33/images_for_predictions/naip_tiles/m_2508036_ne_17_060_20191126_20200113.tif
/work/csr33/images_for_predictions/naip_tiles/m_3412023_ne_10_060_20200522.tif
/work/csr33/images_for_predictions/naip_tiles/m_4207145_ne_19_060_20210826.tif
m_4406943_se_19_060_20210904 300
/work/csr33/images_for_predictions/naip_tiles/m_3507661_se_18_060_20201018.tif
m_4506849_sw_19_060_20210816 300
m_4107231_nw_18_060_20210926 320
m_4007537_se_18_060_20191019_20191203 320
m_4107042_nw_19_060_20210904 320
m_4007556_se_18_060_20191014_20191203 320
m_3311725_ne_11_060_20200424 340
m_3807716_nw_18_060_20210910 340
m_3412023_ne_10_060_20200522 340
m_3507762_sw_18_060_20201031 357
m_3707742_se_18_060_20210628 357
m_2508036_ne_17_060_20191126_20200113 360
m_2608007_sw_17_060_20191120_20200113 360
m_3009356_ne_15_060_20190905_20191001 360
m_4207145_ne_19_060_20210826 320
m_3507661_se_18_060_20201018 340
m_2908919_se_16_030_20211130 1365
m_2908925_nw_16_030_20211202 1365
491.269659280777
