load envirionment

/work/csr33/images_for_predictions/naip_tiles/m_4107343_nw_18_060_20211105.tif
/work/csr33/images_for_predictions/naip_tiles/m_3009004_se_15_030_20211120.tif
/work/csr33/images_for_predictions/naip_tiles/m_3009315_nw_15_060_20190904_20191001.tif
/work/csr33/images_for_predictions/naip_tiles/m_3311654_ne_11_060_20200415.tif
/work/csr33/images_for_predictions/naip_tiles/m_4007532_sw_18_060_20191019_20191203.tif
/work/csr33/images_for_predictions/naip_tiles/m_3009051_sw_15_030_20211120.tif
/work/csr33/images_for_predictions/naip_tiles/m_3009255_se_15_030_20211212.tif
/work/csr33/images_for_predictions/naip_tiles/m_3009151_ne_15_030_20211114.tif
/work/csr33/images_for_predictions/naip_tiles/m_4207338_nw_18_060_20211106.tif
/work/csr33/images_for_predictions/naip_tiles/m_3407757_ne_18_060_20200904.tif
/work/csr33/images_for_predictions/naip_tiles/m_3008817_sw_16_030_20211119.tif
/work/csr33/images_for_predictions/naip_tiles/m_3407963_sw_17_060_20210508.tif
/work/csr33/images_for_predictions/naip_tiles/m_4406921_nw_19_060_20210904.tif
/work/csr33/images_for_predictions/naip_tiles/m_3008934_ne_16_030_20211116.tif
/work/csr33/images_for_predictions/naip_tiles/m_3208051_nw_17_060_20210507.tif
/work/csr33/images_for_predictions/naip_tiles/m_3008615_sw_16_060_20191109_20200114.tif
/work/csr33/images_for_predictions/naip_tiles/m_2608010_ne_17_060_20191203_20200113.tif
m_4406921_nw_19_060_20210904 300
/work/csr33/images_for_predictions/naip_tiles/m_3607605_se_18_060_20210913.tif
m_4107343_nw_18_060_20211105 320
m_4207338_nw_18_060_20211106 320
m_4007532_sw_18_060_20191019_20191203 320
m_3407963_sw_17_060_20210508 340
m_3407757_ne_18_060_20200904 340
m_3311654_ne_11_060_20200415 340
m_3008615_sw_16_060_20191109_20200114 340
m_3208051_nw_17_060_20210507 340
m_3009315_nw_15_060_20190904_20191001 360
m_2608010_ne_17_060_20191203_20200113 360
m_3607605_se_18_060_20210913 340
m_3009255_se_15_030_20211212 1326
m_3009004_se_15_030_20211120 1326
m_3009151_ne_15_030_20211114 1326
m_3008934_ne_16_030_20211116 1365
m_3009051_sw_15_030_20211120 1365
m_3008817_sw_16_030_20211119 1476
734.1893916130066
