load envirionment

/work/csr33/images_for_predictions/naip_tiles/m_2908111_sw_17_060_20211129.tif
/work/csr33/images_for_predictions/naip_tiles/m_3008615_nw_16_060_20191109_20200114.tif
/work/csr33/images_for_predictions/naip_tiles/m_3307807_se_17_060_20200603.tif
/work/csr33/images_for_predictions/naip_tiles/m_2909523_nw_15_060_20201130.tif
/work/csr33/images_for_predictions/naip_tiles/m_2908315_nw_17_060_20211130.tif
/work/csr33/images_for_predictions/naip_tiles/m_3307907_sw_17_060_20210501.tif
/work/csr33/images_for_predictions/naip_tiles/m_3008647_ne_16_060_20191109_20200114.tif
/work/csr33/images_for_predictions/naip_tiles/m_3607611_se_18_060_20210912.tif
/work/csr33/images_for_predictions/naip_tiles/m_3211617_se_11_060_20200425.tif
/work/csr33/images_for_predictions/naip_tiles/m_3008422_ne_16_060_20211222.tif
/work/csr33/images_for_predictions/naip_tiles/m_2608054_sw_17_060_20191203_20200113.tif
/work/csr33/images_for_predictions/naip_tiles/m_4207345_ne_18_060_20211107.tif
/work/csr33/images_for_predictions/naip_tiles/m_2909042_se_15_060_20190830_20191001.tif
/work/csr33/images_for_predictions/naip_tiles/m_3907429_nw_18_060_20190730_20191209.tif
/work/csr33/images_for_predictions/naip_tiles/m_3008826_ne_16_030_20211119.tif
/work/csr33/images_for_predictions/naip_tiles/m_4007317_ne_18_060_20211105.tif
/work/csr33/images_for_predictions/naip_tiles/m_3211731_ne_11_060_20200520.tif
m_3907429_nw_18_060_20190730_20191209 320
/work/csr33/images_for_predictions/naip_tiles/m_2709709_ne_14_060_20200501.tif
m_4007317_ne_18_060_20211105 320
m_4207345_ne_18_060_20211107 320
m_3211617_se_11_060_20200425 340
m_3008647_ne_16_060_20191109_20200114 340
m_3008615_nw_16_060_20191109_20200114 340
m_3307907_sw_17_060_20210501 340
m_3607611_se_18_060_20210912 357
m_3307807_se_17_060_20200603 357
m_3008422_ne_16_060_20211222 360
m_2908315_nw_17_060_20211130 360
m_2608054_sw_17_060_20191203_20200113 360
m_2909523_nw_15_060_20201130 360
m_2908111_sw_17_060_20211129 360
m_2909042_se_15_060_20190830_20191001 378
m_3211731_ne_11_060_20200520 340
m_2709709_ne_14_060_20200501 360
m_3008826_ne_16_030_20211119 1400
600.3446719646454
