load envirionment

/work/csr33/images_for_predictions/naip_tiles/m_3407820_nw_17_060_20200903.tif
/work/csr33/images_for_predictions/naip_tiles/m_3807633_ne_18_060_20210617.tif
/work/csr33/images_for_predictions/naip_tiles/m_3807554_se_18_060_20210605.tif
/work/csr33/images_for_predictions/naip_tiles/m_3208137_sw_17_060_20191109_20200102.tif
/work/csr33/images_for_predictions/naip_tiles/m_4007203_se_18_060_20211105.tif
/work/csr33/images_for_predictions/naip_tiles/m_4207018_ne_19_060_20211024.tif
/work/csr33/images_for_predictions/naip_tiles/m_2708230_sw_17_060_20211130.tif
/work/csr33/images_for_predictions/naip_tiles/m_3307959_se_17_060_20210501.tif
/work/csr33/images_for_predictions/naip_tiles/m_3008702_sw_16_030_20211112.tif
/work/csr33/images_for_predictions/naip_tiles/m_3308056_se_17_060_20210501.tif
/work/csr33/images_for_predictions/naip_tiles/m_4107447_sw_18_060_20211105.tif
/work/csr33/images_for_predictions/naip_tiles/m_3009046_nw_15_030_20211115.tif
/work/csr33/images_for_predictions/naip_tiles/m_3807547_ne_18_060_20210605.tif
/work/csr33/images_for_predictions/naip_tiles/m_2909054_ne_15_030_20211123.tif
/work/csr33/images_for_predictions/naip_tiles/m_3008354_se_17_060_20211116.tif
/work/csr33/images_for_predictions/naip_tiles/m_3411861_sw_11_060_20200515.tif
/work/csr33/images_for_predictions/naip_tiles/m_3807602_se_18_060_20210617.tif
m_3807554_se_18_060_20210605 320
/work/csr33/images_for_predictions/naip_tiles/m_3008744_sw_16_030_20211113.tif
m_4107447_sw_18_060_20211105 320
m_4207018_ne_19_060_20211024 320
m_3807547_ne_18_060_20210605 320
m_3807633_ne_18_060_20210617 320
m_4007203_se_18_060_20211105 336
m_3308056_se_17_060_20210501 340
m_3208137_sw_17_060_20191109_20200102 340
m_3307959_se_17_060_20210501 340
m_3411861_sw_11_060_20200515 340
m_3407820_nw_17_060_20200903 360
m_2708230_sw_17_060_20211130 360
m_3008354_se_17_060_20211116 378
m_3807602_se_18_060_20210617 320
m_2909054_ne_15_030_20211123 1365
m_3009046_nw_15_030_20211115 1365
m_3008702_sw_16_030_20211112 1400
m_3008744_sw_16_030_20211113 1400
3219.3476626873016
