load envirionment

/work/csr33/images_for_predictions/naip_tiles/m_4007453_nw_18_060_20190730_20191209.tif
/work/csr33/images_for_predictions/naip_tiles/m_3008831_sw_16_030_20211113.tif
/work/csr33/images_for_predictions/naip_tiles/m_3008531_sw_16_060_20191118_20200114.tif
/work/csr33/images_for_predictions/naip_tiles/m_3009017_ne_15_030_20211119.tif
/work/csr33/images_for_predictions/naip_tiles/m_3707747_ne_18_060_20210912.tif
/work/csr33/images_for_predictions/naip_tiles/m_3807631_nw_18_060_20210623.tif
/work/csr33/images_for_predictions/naip_tiles/m_3707513_ne_18_060_20211017.tif
/work/csr33/images_for_predictions/naip_tiles/m_3707614_sw_18_060_20210926.tif
/work/csr33/images_for_predictions/naip_tiles/m_3907518_se_18_060_20210629.tif
/work/csr33/images_for_predictions/naip_tiles/m_2708253_ne_17_060_20211130.tif
/work/csr33/images_for_predictions/naip_tiles/m_4207002_sw_19_060_20211024.tif
/work/csr33/images_for_predictions/naip_tiles/m_3707627_se_18_060_20210912.tif
/work/csr33/images_for_predictions/naip_tiles/m_4007548_ne_18_060_20191014_20191203.tif
/work/csr33/images_for_predictions/naip_tiles/m_2609744_se_14_060_20201029.tif
/work/csr33/images_for_predictions/naip_tiles/m_2708223_se_17_060_20211201.tif
/work/csr33/images_for_predictions/naip_tiles/m_3108216_sw_17_060_20191110_20200102.tif
/work/csr33/images_for_predictions/naip_tiles/m_3311610_sw_11_060_20200415.tif
m_4007453_nw_18_060_20190730_20191209 300
/work/csr33/images_for_predictions/naip_tiles/m_4107353_ne_18_060_20211106.tif
m_3907518_se_18_060_20210629 320
m_3807631_nw_18_060_20210623 320
m_3707513_ne_18_060_20211017 320
m_4007548_ne_18_060_20191014_20191203 320
m_4207002_sw_19_060_20211024 336
m_3008531_sw_16_060_20191118_20200114 340
m_3108216_sw_17_060_20191110_20200102 340
m_3707747_ne_18_060_20210912 340
m_3707614_sw_18_060_20210926 340
m_3707627_se_18_060_20210912 357
m_2708253_ne_17_060_20211130 360
m_2609744_se_14_060_20201029 360
m_2708223_se_17_060_20211201 360
m_3311610_sw_11_060_20200415 340
m_4107353_ne_18_060_20211106 320
m_3009017_ne_15_030_20211119 1326
m_3008831_sw_16_030_20211113 1400
578.3376710414886
