load envirionment

/work/csr33/images_for_predictions/naip_tiles/m_4207318_se_18_060_20211107.tif
/work/csr33/images_for_predictions/naip_tiles/m_3009059_sw_15_030_20211120.tif
/work/csr33/images_for_predictions/naip_tiles/m_4506810_ne_19_060_20210816.tif
/work/csr33/images_for_predictions/naip_tiles/m_2809615_se_14_060_20201029.tif
/work/csr33/images_for_predictions/naip_tiles/m_3907748_nw_18_060_20210616.tif
/work/csr33/images_for_predictions/naip_tiles/m_2909405_ne_15_060_20201112.tif
/work/csr33/images_for_predictions/naip_tiles/m_4406834_sw_19_060_20210913.tif
/work/csr33/images_for_predictions/naip_tiles/m_4107342_nw_18_060_20211105.tif
/work/csr33/images_for_predictions/naip_tiles/m_2609753_ne_14_060_20201029.tif
/work/csr33/images_for_predictions/naip_tiles/m_4606843_nw_19_060_20210817.tif
/work/csr33/images_for_predictions/naip_tiles/m_4506743_sw_19_060_20210815.tif
/work/csr33/images_for_predictions/naip_tiles/m_4207440_sw_18_060_20210920.tif
/work/csr33/images_for_predictions/naip_tiles/m_3008343_sw_17_060_20191113_20200114.tif
/work/csr33/images_for_predictions/naip_tiles/m_4406916_nw_19_060_20211006.tif
/work/csr33/images_for_predictions/naip_tiles/m_3807539_se_18_060_20210605.tif
/work/csr33/images_for_predictions/naip_tiles/m_4207359_se_18_060_20211107.tif
/work/csr33/images_for_predictions/naip_tiles/m_3008935_ne_16_030_20211115.tif
m_2909405_ne_15_060_20201112 340
/work/csr33/images_for_predictions/naip_tiles/m_3607640_sw_18_060_20200516.tif
m_3907748_nw_18_060_20210616 320
m_4207318_se_18_060_20211107 320
m_4506810_ne_19_060_20210816 300
m_4406834_sw_19_060_20210913 300
m_2609753_ne_14_060_20201029 360
m_4606843_nw_19_060_20210817 300
m_4406916_nw_19_060_20211006 300
m_4506743_sw_19_060_20210815 300
m_4207359_se_18_060_20211107 320
m_2809615_se_14_060_20201029 360
m_4107342_nw_18_060_20211105 320
m_3807539_se_18_060_20210605 320
m_3008343_sw_17_060_20191113_20200114 360
m_4207440_sw_18_060_20210920 320
m_3607640_sw_18_060_20200516 340
m_3009059_sw_15_030_20211120 1365
m_3008935_ne_16_030_20211115 1365
180.19844436645508
