load envirionment

/work/csr33/images_for_predictions/naip_tiles/m_3311712_se_11_060_20200423.tif
/work/csr33/images_for_predictions/naip_tiles/m_4107421_se_18_060_20211106.tif
/work/csr33/images_for_predictions/naip_tiles/m_3707604_nw_18_060_20210926.tif
/work/csr33/images_for_predictions/naip_tiles/m_3907622_ne_18_060_20211020.tif
/work/csr33/images_for_predictions/naip_tiles/m_4307132_nw_19_060_20211024.tif
/work/csr33/images_for_predictions/naip_tiles/m_3008738_sw_16_060_20191103_20200114.tif
/work/csr33/images_for_predictions/naip_tiles/m_3407847_se_17_060_20200904.tif
/work/csr33/images_for_predictions/naip_tiles/m_4007203_sw_18_060_20211105.tif
/work/csr33/images_for_predictions/naip_tiles/m_3707629_se_18_060_20210926.tif
/work/csr33/images_for_predictions/naip_tiles/m_3009358_nw_15_060_20201031.tif
/work/csr33/images_for_predictions/naip_tiles/m_3008153_sw_17_060_20211130.tif
/work/csr33/images_for_predictions/naip_tiles/m_4506744_nw_19_060_20210723.tif
/work/csr33/images_for_predictions/naip_tiles/m_3108856_sw_16_030_20211120.tif
/work/csr33/images_for_predictions/naip_tiles/m_3008551_ne_16_060_20191118_20200114.tif
/work/csr33/images_for_predictions/naip_tiles/m_3607634_nw_18_060_20200922.tif
/work/csr33/images_for_predictions/naip_tiles/m_4107327_se_18_060_20211106.tif
/work/csr33/images_for_predictions/naip_tiles/m_3807619_ne_18_060_20210617.tif
m_4506744_nw_19_060_20210723 300
/work/csr33/images_for_predictions/naip_tiles/m_3009321_sw_15_060_20190904_20191001.tif
m_4307132_nw_19_060_20211024 320
m_4107421_se_18_060_20211106 320
m_3907622_ne_18_060_20211020 320
m_4107327_se_18_060_20211106 320
m_4007203_sw_18_060_20211105 336
m_3009358_nw_15_060_20201031 340
m_3311712_se_11_060_20200423 340
m_3707629_se_18_060_20210926 340
m_3008738_sw_16_060_20191103_20200114 340
m_3008551_ne_16_060_20191118_20200114 340
m_3707604_nw_18_060_20210926 340
m_3607634_nw_18_060_20200922 340
m_3407847_se_17_060_20200904 357
m_3008153_sw_17_060_20211130 360
m_3807619_ne_18_060_20210617 320
m_3009321_sw_15_060_20190904_20191001 360
m_3108856_sw_16_030_20211120 1400
470.6193935871124
