load envirionment

/work/csr33/images_for_predictions/naip_tiles/m_3008803_se_16_030_20211112.tif
/work/csr33/images_for_predictions/naip_tiles/m_3607616_se_18_060_20210913.tif
/work/csr33/images_for_predictions/naip_tiles/m_3411859_ne_11_060_20200515.tif
/work/csr33/images_for_predictions/naip_tiles/m_3707633_sw_18_060_20210827.tif
/work/csr33/images_for_predictions/naip_tiles/m_2909009_sw_15_060_20190707_20191001.tif
/work/csr33/images_for_predictions/naip_tiles/m_4406842_nw_19_060_20210723.tif
/work/csr33/images_for_predictions/naip_tiles/m_4107327_sw_18_060_20211105.tif
/work/csr33/images_for_predictions/naip_tiles/m_4107423_sw_18_060_20211105.tif
/work/csr33/images_for_predictions/naip_tiles/m_3407851_ne_17_060_20200922.tif
/work/csr33/images_for_predictions/naip_tiles/m_3008602_se_16_060_20191109_20200114.tif
/work/csr33/images_for_predictions/naip_tiles/m_3009434_sw_15_060_20201112.tif
/work/csr33/images_for_predictions/naip_tiles/m_2809631_ne_14_060_20201029.tif
/work/csr33/images_for_predictions/naip_tiles/m_3807752_se_18_060_20210903.tif
/work/csr33/images_for_predictions/naip_tiles/m_2608063_se_17_060_20191120_20200113.tif
/work/csr33/images_for_predictions/naip_tiles/m_3907540_ne_18_060_20190726_20191209.tif
/work/csr33/images_for_predictions/naip_tiles/m_3211707_ne_11_060_20200520.tif
/work/csr33/images_for_predictions/naip_tiles/m_2608103_ne_17_060_20191129_20200113.tif
m_4406842_nw_19_060_20210723 300
/work/csr33/images_for_predictions/naip_tiles/m_2909308_sw_15_060_20190706_20191001.tif
m_4107327_sw_18_060_20211105 320
m_3907540_ne_18_060_20190726_20191209 320
m_4107423_sw_18_060_20211105 320
m_3607616_se_18_060_20210913 340
m_3008602_se_16_060_20191109_20200114 340
m_3009434_sw_15_060_20201112 340
m_3411859_ne_11_060_20200515 340
m_3407851_ne_17_060_20200922 340
m_3211707_ne_11_060_20200520 340
m_2809631_ne_14_060_20201029 360
m_3807752_se_18_060_20210903 357
m_3707633_sw_18_060_20210827 357
m_2608063_se_17_060_20191120_20200113 360
m_2909009_sw_15_060_20190707_20191001 378
m_2608103_ne_17_060_20191129_20200113 360
m_2909308_sw_15_060_20190706_20191001 360
m_3008803_se_16_030_20211112 1400
853.1355533599854
