load envirionment

/work/csr33/images_for_predictions/naip_tiles/m_3207901_ne_17_060_20210426.tif
/work/csr33/images_for_predictions/naip_tiles/m_4207336_nw_18_060_20211107.tif
/work/csr33/images_for_predictions/naip_tiles/m_3807704_se_18_060_20210903.tif
/work/csr33/images_for_predictions/naip_tiles/m_3311903_ne_11_060_20200607.tif
/work/csr33/images_for_predictions/naip_tiles/m_3411946_ne_11_060_20200521.tif
/work/csr33/images_for_predictions/naip_tiles/m_4007562_nw_18_060_20191024_20191203.tif
/work/csr33/images_for_predictions/naip_tiles/m_4207462_sw_18_060_20211106.tif
/work/csr33/images_for_predictions/naip_tiles/m_2808260_sw_17_060_20211130.tif
/work/csr33/images_for_predictions/naip_tiles/m_3008350_se_17_060_20191117_20200114.tif
/work/csr33/images_for_predictions/naip_tiles/m_4207064_se_19_060_20210826.tif
/work/csr33/images_for_predictions/naip_tiles/m_3807628_ne_18_060_20211020.tif
/work/csr33/images_for_predictions/naip_tiles/m_2909406_nw_15_060_20201112.tif
/work/csr33/images_for_predictions/naip_tiles/m_3208004_ne_17_060_20210426.tif
/work/csr33/images_for_predictions/naip_tiles/m_2909314_nw_15_060_20190726_20191001.tif
/work/csr33/images_for_predictions/naip_tiles/m_2908147_se_17_060_20211130.tif
/work/csr33/images_for_predictions/naip_tiles/m_3009138_se_15_030_20211116.tif
/work/csr33/images_for_predictions/naip_tiles/m_2909504_nw_15_060_20201030.tif
m_4207462_sw_18_060_20211106 320
/work/csr33/images_for_predictions/naip_tiles/m_3907429_sw_18_060_20190730_20191209.tif
m_4007562_nw_18_060_20191024_20191203 320
m_4207064_se_19_060_20210826 320
m_4207336_nw_18_060_20211107 320
m_3807628_ne_18_060_20211020 320
m_3311903_ne_11_060_20200607 340
m_3208004_ne_17_060_20210426 340
m_2909406_nw_15_060_20201112 340
m_3411946_ne_11_060_20200521 340
m_3207901_ne_17_060_20210426 340
m_2909314_nw_15_060_20190726_20191001 360
m_2908147_se_17_060_20211130 360
m_3807704_se_18_060_20210903 357
m_2808260_sw_17_060_20211130 360
m_3008350_se_17_060_20191117_20200114 360
m_3907429_sw_18_060_20190730_20191209 320
m_2909504_nw_15_060_20201030 360
m_3009138_se_15_030_20211116 1326
392.52341628074646
