load envirionment

/work/csr33/images_for_predictions/naip_tiles/m_3807511_se_18_060_20210623.tif
/work/csr33/images_for_predictions/naip_tiles/m_3008463_ne_16_060_20191129_20200114.tif
/work/csr33/images_for_predictions/naip_tiles/m_3507657_sw_18_060_20201031.tif
/work/csr33/images_for_predictions/naip_tiles/m_4007406_nw_18_060_20190830_20191209.tif
/work/csr33/images_for_predictions/naip_tiles/m_2908918_sw_16_030_20211130.tif
/work/csr33/images_for_predictions/naip_tiles/m_2908513_ne_16_060_20191118_20200114.tif
/work/csr33/images_for_predictions/naip_tiles/m_3707512_sw_18_060_20211017.tif
/work/csr33/images_for_predictions/naip_tiles/m_3907413_sw_18_060_20190730_20191209.tif
/work/csr33/images_for_predictions/naip_tiles/m_2809724_nw_14_060_20201029.tif
/work/csr33/images_for_predictions/naip_tiles/m_2709711_se_14_060_20200501.tif
/work/csr33/images_for_predictions/naip_tiles/m_4207304_se_18_060_20211107.tif
/work/csr33/images_for_predictions/naip_tiles/m_4007463_nw_18_060_20190809_20191209.tif
/work/csr33/images_for_predictions/naip_tiles/m_3008729_nw_16_030_20211119.tif
/work/csr33/images_for_predictions/naip_tiles/m_3009230_se_15_030_20211222.tif
/work/csr33/images_for_predictions/naip_tiles/m_3208131_nw_17_060_20210426.tif
/work/csr33/images_for_predictions/naip_tiles/m_2909031_se_15_030_20211123.tif
/work/csr33/images_for_predictions/naip_tiles/m_3208042_se_17_060_20210507.tif
m_4007406_nw_18_060_20190830_20191209 300
/work/csr33/images_for_predictions/naip_tiles/m_2908203_sw_17_060_20211129.tif
m_4007463_nw_18_060_20190809_20191209 320
m_3907413_sw_18_060_20190730_20191209 320
m_3807511_se_18_060_20210623 320
m_4207304_se_18_060_20211107 336
m_3707512_sw_18_060_20211017 340
m_3208131_nw_17_060_20210426 340
m_3008463_ne_16_060_20191129_20200114 360
m_3507657_sw_18_060_20201031 357
m_2709711_se_14_060_20200501 360
m_2809724_nw_14_060_20201029 360
m_2908513_ne_16_060_20191118_20200114 360
m_3208042_se_17_060_20210507 340
m_2908203_sw_17_060_20211129 360
m_3009230_se_15_030_20211222 1326
m_2908918_sw_16_030_20211130 1365
m_2909031_se_15_030_20211123 1365
m_3008729_nw_16_030_20211119 1400
502.4034597873688
