load envirionment

/work/csr33/images_for_predictions/naip_tiles/m_4406806_se_19_060_20210919.tif
/work/csr33/images_for_predictions/naip_tiles/m_3407620_nw_18_060_20201018.tif
/work/csr33/images_for_predictions/naip_tiles/m_4007563_sw_18_060_20191024_20191203.tif
/work/csr33/images_for_predictions/naip_tiles/m_2909027_sw_15_060_20190831_20191001.tif
/work/csr33/images_for_predictions/naip_tiles/m_4107439_se_18_060_20211105.tif
/work/csr33/images_for_predictions/naip_tiles/m_3807703_sw_18_060_20210912.tif
/work/csr33/images_for_predictions/naip_tiles/m_3411964_ne_11_060_20200524.tif
/work/csr33/images_for_predictions/naip_tiles/m_4506729_sw_19_060_20210723.tif
/work/csr33/images_for_predictions/naip_tiles/m_3009353_ne_15_030_20211122.tif
/work/csr33/images_for_predictions/naip_tiles/m_4107017_nw_19_060_20210826.tif
/work/csr33/images_for_predictions/naip_tiles/m_3507755_nw_18_060_20200930.tif
/work/csr33/images_for_predictions/naip_tiles/m_2508131_nw_17_060_20211203.tif
/work/csr33/images_for_predictions/naip_tiles/m_3807538_se_18_060_20210605.tif
/work/csr33/images_for_predictions/naip_tiles/m_3907656_se_18_060_20211020.tif
/work/csr33/images_for_predictions/naip_tiles/m_3009348_sw_15_060_20190901_20191001.tif
/work/csr33/images_for_predictions/naip_tiles/m_2909130_nw_15_060_20190902_20191001.tif
/work/csr33/images_for_predictions/naip_tiles/m_3008933_ne_16_030_20211115.tif
m_4406806_se_19_060_20210919 300
/work/csr33/images_for_predictions/naip_tiles/m_2909305_nw_15_060_20190706_20191001.tif
m_4506729_sw_19_060_20210723 315
m_4007563_sw_18_060_20191024_20191203 320
m_3907656_se_18_060_20211020 320
m_4107017_nw_19_060_20210826 320
m_3807538_se_18_060_20210605 320
m_4107439_se_18_060_20211105 320
m_3507755_nw_18_060_20200930 340
m_3411964_ne_11_060_20200524 340
m_3407620_nw_18_060_20201018 340
m_3807703_sw_18_060_20210912 357
m_3009348_sw_15_060_20190901_20191001 360
m_2909130_nw_15_060_20190902_20191001 360
m_2909027_sw_15_060_20190831_20191001 378
m_2508131_nw_17_060_20211203 380
m_2909305_nw_15_060_20190706_20191001 360
m_3009353_ne_15_030_20211122 1326
m_3008933_ne_16_030_20211115 1365
1155.6630716323853
