load envirionment

/work/csr33/images_for_predictions/naip_tiles/m_2608046_nw_17_060_20191203_20200113.tif
/work/csr33/images_for_predictions/naip_tiles/m_3009451_sw_15_060_20201112.tif
/work/csr33/images_for_predictions/naip_tiles/m_2708005_sw_17_060_20191215_20200113.tif
/work/csr33/images_for_predictions/naip_tiles/m_4107445_nw_18_060_20211106.tif
/work/csr33/images_for_predictions/naip_tiles/m_3907641_nw_18_060_20210616.tif
/work/csr33/images_for_predictions/naip_tiles/m_2608126_sw_17_060_20211223.tif
/work/csr33/images_for_predictions/naip_tiles/m_3707605_sw_18_060_20210926.tif
/work/csr33/images_for_predictions/naip_tiles/m_4207349_ne_18_060_20210920.tif
/work/csr33/images_for_predictions/naip_tiles/m_3008363_sw_17_060_20211130.tif
/work/csr33/images_for_predictions/naip_tiles/m_4106917_ne_19_060_20210826.tif
/work/csr33/images_for_predictions/naip_tiles/m_3807607_se_18_060_20210623.tif
/work/csr33/images_for_predictions/naip_tiles/m_2809636_se_14_060_20200501.tif
/work/csr33/images_for_predictions/naip_tiles/m_2808246_nw_17_060_20211130.tif
/work/csr33/images_for_predictions/naip_tiles/m_3507727_sw_18_060_20200930.tif
/work/csr33/images_for_predictions/naip_tiles/m_3208020_sw_17_060_20210507.tif
/work/csr33/images_for_predictions/naip_tiles/m_2908962_sw_16_030_20211130.tif
/work/csr33/images_for_predictions/naip_tiles/m_3311716_se_11_060_20200422.tif
m_3907641_nw_18_060_20210616 320
/work/csr33/images_for_predictions/naip_tiles/m_3907414_se_18_060_20190920_20191209.tif
m_4107445_nw_18_060_20211106 320
m_3807607_se_18_060_20210623 320
m_4207349_ne_18_060_20210920 320
m_4106917_ne_19_060_20210826 320
m_3707605_sw_18_060_20210926 340
m_3208020_sw_17_060_20210507 340
m_3009451_sw_15_060_20201112 340
m_2808246_nw_17_060_20211130 360
m_2708005_sw_17_060_20191215_20200113 360
m_2608046_nw_17_060_20191203_20200113 360
m_3507727_sw_18_060_20200930 357
m_2809636_se_14_060_20200501 360
m_3008363_sw_17_060_20211130 378
m_2608126_sw_17_060_20211223 380
m_3311716_se_11_060_20200422 340
m_3907414_se_18_060_20190920_20191209 320
m_2908962_sw_16_030_20211130 1365
230.66812705993652
