load envirionment

/work/csr33/images_for_predictions/naip_tiles/m_3907520_nw_18_060_20211019.tif
/work/csr33/images_for_predictions/naip_tiles/m_4007420_ne_18_060_20190830_20191209.tif
/work/csr33/images_for_predictions/naip_tiles/m_3109463_se_15_060_20201030.tif
/work/csr33/images_for_predictions/naip_tiles/m_3008741_se_16_030_20211113.tif
/work/csr33/images_for_predictions/naip_tiles/m_4007304_sw_18_060_20211105.tif
/work/csr33/images_for_predictions/naip_tiles/m_3108130_ne_17_060_20191110_20200102.tif
/work/csr33/images_for_predictions/naip_tiles/m_3807644_nw_18_060_20211020.tif
/work/csr33/images_for_predictions/naip_tiles/m_2909203_sw_15_060_20190706_20191001.tif
/work/csr33/images_for_predictions/naip_tiles/m_3807558_nw_18_060_20210618.tif
/work/csr33/images_for_predictions/naip_tiles/m_3009342_se_15_060_20201031.tif
/work/csr33/images_for_predictions/naip_tiles/m_4007422_nw_18_060_20190830_20191209.tif
/work/csr33/images_for_predictions/naip_tiles/m_3108111_ne_17_060_20191110_20200102.tif
/work/csr33/images_for_predictions/naip_tiles/m_3109463_sw_15_060_20201030.tif
/work/csr33/images_for_predictions/naip_tiles/m_3907629_sw_18_060_20210606.tif
/work/csr33/images_for_predictions/naip_tiles/m_2909034_ne_15_060_20190831_20191001.tif
/work/csr33/images_for_predictions/naip_tiles/m_3307925_se_17_060_20210508.tif
/work/csr33/images_for_predictions/naip_tiles/m_3009352_se_15_060_20190901_20191001.tif
m_4007422_nw_18_060_20190830_20191209 300
/work/csr33/images_for_predictions/naip_tiles/m_2809651_ne_14_060_20201029.tif
m_4007420_ne_18_060_20190830_20191209 300
m_3807558_nw_18_060_20210618 320
m_3807644_nw_18_060_20211020 320
m_4007304_sw_18_060_20211105 320
m_3907520_nw_18_060_20211019 320
m_3907629_sw_18_060_20210606 320
m_3108111_ne_17_060_20191110_20200102 340
m_3109463_sw_15_060_20201030 340
m_3307925_se_17_060_20210508 340
m_3109463_se_15_060_20201030 340
m_3108130_ne_17_060_20191110_20200102 340
m_3009342_se_15_060_20201031 340
m_2909203_sw_15_060_20190706_20191001 360
m_2909034_ne_15_060_20190831_20191001 360
m_2809651_ne_14_060_20201029 360
m_3009352_se_15_060_20190901_20191001 360
m_3008741_se_16_030_20211113 1400
272.45411372184753
