load envirionment

/work/csr33/images_for_predictions/naip_tiles/m_3707706_ne_18_060_20210903.tif
/work/csr33/images_for_predictions/naip_tiles/m_4406823_se_19_060_20210920.tif
/work/csr33/images_for_predictions/naip_tiles/m_3208044_nw_17_060_20210507.tif
/work/csr33/images_for_predictions/naip_tiles/m_3008555_nw_16_060_20191128_20200114.tif
/work/csr33/images_for_predictions/naip_tiles/m_2909311_nw_15_060_20190726_20191001.tif
/work/csr33/images_for_predictions/naip_tiles/m_2908348_nw_17_060_20211117.tif
/work/csr33/images_for_predictions/naip_tiles/m_2909048_nw_15_030_20211115.tif
/work/csr33/images_for_predictions/naip_tiles/m_2708262_se_17_060_20211130.tif
/work/csr33/images_for_predictions/naip_tiles/m_3008352_sw_17_060_20191121_20200114.tif
/work/csr33/images_for_predictions/naip_tiles/m_2608038_se_17_060_20191120_20200113.tif
/work/csr33/images_for_predictions/naip_tiles/m_3208033_sw_17_060_20210507.tif
/work/csr33/images_for_predictions/naip_tiles/m_2608006_sw_17_060_20191120_20200113.tif
/work/csr33/images_for_predictions/naip_tiles/m_4506854_ne_19_060_20210929.tif
/work/csr33/images_for_predictions/naip_tiles/m_3008638_ne_16_060_20191109_20200114.tif
/work/csr33/images_for_predictions/naip_tiles/m_4307025_ne_19_060_20211007.tif
/work/csr33/images_for_predictions/naip_tiles/m_4107344_ne_18_060_20211106.tif
/work/csr33/images_for_predictions/naip_tiles/m_3807503_nw_18_060_20210623.tif
m_4506854_ne_19_060_20210929 300
/work/csr33/images_for_predictions/naip_tiles/m_2909522_ne_15_060_20201130.tif
m_4406823_se_19_060_20210920 300
m_4307025_ne_19_060_20211007 320
m_4107344_ne_18_060_20211106 320
m_3008638_ne_16_060_20191109_20200114 340
m_3208044_nw_17_060_20210507 340
m_3208033_sw_17_060_20210507 340
m_3707706_ne_18_060_20210903 340
m_3008555_nw_16_060_20191128_20200114 340
m_2608038_se_17_060_20191120_20200113 360
m_3008352_sw_17_060_20191121_20200114 360
m_2608006_sw_17_060_20191120_20200113 360
m_2909311_nw_15_060_20190726_20191001 360
m_2708262_se_17_060_20211130 360
m_2908348_nw_17_060_20211117 360
m_3807503_nw_18_060_20210623 320
m_2909522_ne_15_060_20201130 360
m_2909048_nw_15_030_20211115 1365
904.7880218029022
