load envirionment

/work/csr33/images_for_predictions/naip_tiles/m_2808058_sw_17_060_20191129_20200113.tif
/work/csr33/images_for_predictions/naip_tiles/m_3411956_nw_11_060_20200524.tif
/work/csr33/images_for_predictions/naip_tiles/m_3008835_sw_16_030_20211114.tif
/work/csr33/images_for_predictions/naip_tiles/m_3008636_nw_16_060_20191109_20200114.tif
/work/csr33/images_for_predictions/naip_tiles/m_4207261_sw_18_060_20211001.tif
/work/csr33/images_for_predictions/naip_tiles/m_2909029_sw_15_030_20211130.tif
/work/csr33/images_for_predictions/naip_tiles/m_3009339_sw_15_060_20190901_20191001.tif
/work/csr33/images_for_predictions/naip_tiles/m_3411901_nw_11_060_20200525.tif
/work/csr33/images_for_predictions/naip_tiles/m_3208030_ne_17_060_20210426.tif
/work/csr33/images_for_predictions/naip_tiles/m_2808227_se_17_060_20211130.tif
/work/csr33/images_for_predictions/naip_tiles/m_2708264_se_17_060_20211217.tif
/work/csr33/images_for_predictions/naip_tiles/m_4506845_ne_19_060_20210929.tif
/work/csr33/images_for_predictions/naip_tiles/m_2809518_ne_15_060_20201029.tif
/work/csr33/images_for_predictions/naip_tiles/m_2808254_sw_17_060_20211130.tif
/work/csr33/images_for_predictions/naip_tiles/m_3412030_sw_10_060_20200523.tif
/work/csr33/images_for_predictions/naip_tiles/m_3907410_ne_18_060_20190730_20191209.tif
/work/csr33/images_for_predictions/naip_tiles/m_2908105_sw_17_060_20211129.tif
m_4506845_ne_19_060_20210929 300
/work/csr33/images_for_predictions/naip_tiles/m_3607627_nw_18_060_20210827.tif
m_3008636_nw_16_060_20191109_20200114 340
m_3907410_ne_18_060_20190730_20191209 320
m_4207261_sw_18_060_20211001 336
m_3208030_ne_17_060_20210426 340
m_3411956_nw_11_060_20200524 340
m_3412030_sw_10_060_20200523 340
m_3411901_nw_11_060_20200525 340
m_2809518_ne_15_060_20201029 360
m_2708264_se_17_060_20211217 360
m_2808254_sw_17_060_20211130 360
m_2808058_sw_17_060_20191129_20200113 360
m_3009339_sw_15_060_20190901_20191001 360
m_2808227_se_17_060_20211130 360
m_3607627_nw_18_060_20210827 340
m_2908105_sw_17_060_20211129 360
m_2909029_sw_15_030_20211130 1365
m_3008835_sw_16_030_20211114 1440
732.036071062088
