load envirionment

/work/csr33/images_for_predictions/naip_tiles/m_2709721_ne_14_060_20200430.tif
/work/csr33/images_for_predictions/naip_tiles/m_3907529_ne_18_060_20190726_20191209.tif
/work/csr33/images_for_predictions/naip_tiles/m_3008920_ne_16_030_20211119.tif
/work/csr33/images_for_predictions/naip_tiles/m_4207159_se_19_060_20210826.tif
/work/csr33/images_for_predictions/naip_tiles/m_3507659_nw_18_060_20201031.tif
/work/csr33/images_for_predictions/naip_tiles/m_3009133_nw_15_030_20211113.tif
/work/csr33/images_for_predictions/naip_tiles/m_3108837_se_16_030_20211123.tif
/work/csr33/images_for_predictions/naip_tiles/m_3211715_ne_11_060_20200520.tif
/work/csr33/images_for_predictions/naip_tiles/m_4007324_se_18_060_20211105.tif
/work/csr33/images_for_predictions/naip_tiles/m_4007436_nw_18_060_20190830_20191209.tif
/work/csr33/images_for_predictions/naip_tiles/m_3707716_ne_18_060_20210827.tif
/work/csr33/images_for_predictions/naip_tiles/m_3208023_se_17_060_20210426.tif
/work/csr33/images_for_predictions/naip_tiles/m_3008143_se_17_060_20211129.tif
/work/csr33/images_for_predictions/naip_tiles/m_3008445_sw_16_060_20191129_20200114.tif
/work/csr33/images_for_predictions/naip_tiles/m_4107126_sw_19_060_20210926.tif
/work/csr33/images_for_predictions/naip_tiles/m_2909422_sw_15_060_20201112.tif
/work/csr33/images_for_predictions/naip_tiles/m_4007539_sw_18_060_20191019_20191203.tif
m_4007436_nw_18_060_20190830_20191209 300
/work/csr33/images_for_predictions/naip_tiles/m_2809745_sw_14_060_20201116.tif
m_3907529_ne_18_060_20190726_20191209 320
m_4107126_sw_19_060_20210926 336
m_4207159_se_19_060_20210826 336
m_4007324_se_18_060_20211105 336
m_3707716_ne_18_060_20210827 340
m_3211715_ne_11_060_20200520 340
m_3507659_nw_18_060_20201031 340
m_2909422_sw_15_060_20201112 340
m_3208023_se_17_060_20210426 340
m_3008143_se_17_060_20211129 360
m_3008445_sw_16_060_20191129_20200114 360
m_2709721_ne_14_060_20200430 360
m_4007539_sw_18_060_20191019_20191203 320
m_2809745_sw_14_060_20201116 360
m_3009133_nw_15_030_20211113 1326
m_3108837_se_16_030_20211123 1400
m_3008920_ne_16_030_20211119 1400
374.72756576538086
