load envirionment

/work/csr33/images_for_predictions/naip_tiles/m_3008422_se_16_060_20211222.tif
/work/csr33/images_for_predictions/naip_tiles/m_3407824_ne_17_060_20200904.tif
/work/csr33/images_for_predictions/naip_tiles/m_4007324_ne_18_060_20211105.tif
/work/csr33/images_for_predictions/naip_tiles/m_2809644_se_14_060_20200501.tif
/work/csr33/images_for_predictions/naip_tiles/m_3008951_se_16_030_20211115.tif
/work/csr33/images_for_predictions/naip_tiles/m_3707726_se_18_060_20210628.tif
/work/csr33/images_for_predictions/naip_tiles/m_3311814_se_11_060_20200505.tif
/work/csr33/images_for_predictions/naip_tiles/m_3108158_sw_17_060_20191110_20200102.tif
/work/csr33/images_for_predictions/naip_tiles/m_2909041_nw_15_060_20190830_20191001.tif
/work/csr33/images_for_predictions/naip_tiles/m_3607716_se_18_060_20210827.tif
/work/csr33/images_for_predictions/naip_tiles/m_3807509_nw_18_060_20210618.tif
/work/csr33/images_for_predictions/naip_tiles/m_3009143_nw_15_030_20211113.tif
/work/csr33/images_for_predictions/naip_tiles/m_3407605_sw_18_060_20201018.tif
/work/csr33/images_for_predictions/naip_tiles/m_3507732_se_18_060_20201031.tif
/work/csr33/images_for_predictions/naip_tiles/m_2909564_nw_15_060_20201116.tif
/work/csr33/images_for_predictions/naip_tiles/m_2909304_ne_15_060_20190726_20191001.tif
/work/csr33/images_for_predictions/naip_tiles/m_3907542_nw_18_060_20210606.tif
m_3807509_nw_18_060_20210618 320
/work/csr33/images_for_predictions/naip_tiles/m_3008216_sw_17_060_20191110_20200108.tif
m_4007324_ne_18_060_20211105 320
m_3311814_se_11_060_20200505 340
m_3407605_sw_18_060_20201018 340
m_3407824_ne_17_060_20200904 340
m_3108158_sw_17_060_20191110_20200102 340
m_3507732_se_18_060_20201031 357
m_3707726_se_18_060_20210628 357
m_3607716_se_18_060_20210827 357
m_2909041_nw_15_060_20190830_20191001 360
m_2809644_se_14_060_20200501 360
m_2909304_ne_15_060_20190726_20191001 360
m_3008422_se_16_060_20211222 360
m_2909564_nw_15_060_20201116 360
m_3907542_nw_18_060_20210606 320
m_3008216_sw_17_060_20191110_20200108 340
m_3009143_nw_15_030_20211113 1326
m_3008951_se_16_030_20211115 1365
839.1023571491241
