load envirionment

/work/csr33/images_for_predictions/naip_tiles/m_3108111_se_17_060_20191110_20200102.tif
/work/csr33/images_for_predictions/naip_tiles/m_2708246_sw_17_060_20211130.tif
/work/csr33/images_for_predictions/naip_tiles/m_2909042_nw_15_060_20190830_20191001.tif
/work/csr33/images_for_predictions/naip_tiles/m_2808018_nw_17_060_20191202_20200113.tif
/work/csr33/images_for_predictions/naip_tiles/m_4406714_nw_19_060_20210711.tif
/work/csr33/images_for_predictions/naip_tiles/m_3008532_sw_16_060_20191118_20200114.tif
/work/csr33/images_for_predictions/naip_tiles/m_2909502_nw_15_060_20201030.tif
/work/csr33/images_for_predictions/naip_tiles/m_3208018_sw_17_060_20210426.tif
/work/csr33/images_for_predictions/naip_tiles/m_3907506_ne_18_060_20191019_20191203.tif
/work/csr33/images_for_predictions/naip_tiles/m_3211622_sw_11_060_20200415.tif
/work/csr33/images_for_predictions/naip_tiles/m_3008340_se_17_060_20211117.tif
/work/csr33/images_for_predictions/naip_tiles/m_3008735_ne_16_030_20211113.tif
/work/csr33/images_for_predictions/naip_tiles/m_3707662_ne_18_060_20210913.tif
/work/csr33/images_for_predictions/naip_tiles/m_3008806_nw_16_030_20211123.tif
/work/csr33/images_for_predictions/naip_tiles/m_2709730_se_14_060_20200430.tif
/work/csr33/images_for_predictions/naip_tiles/m_3807501_ne_18_060_20210606.tif
/work/csr33/images_for_predictions/naip_tiles/m_4506962_nw_19_060_20210816.tif
m_4406714_nw_19_060_20210711 300
/work/csr33/images_for_predictions/naip_tiles/m_3407734_nw_18_060_20200904.tif
m_3907506_ne_18_060_20191019_20191203 320
m_3807501_ne_18_060_20210606 320
m_3108111_se_17_060_20191110_20200102 340
m_3211622_sw_11_060_20200415 340
m_3208018_sw_17_060_20210426 340
m_3008532_sw_16_060_20191118_20200114 340
m_2808018_nw_17_060_20191202_20200113 340
m_3707662_ne_18_060_20210913 340
m_2709730_se_14_060_20200430 360
m_2909042_nw_15_060_20190830_20191001 360
m_2708246_sw_17_060_20211130 360
m_2909502_nw_15_060_20201030 360
m_3008340_se_17_060_20211117 378
m_4506962_nw_19_060_20210816 300
m_3407734_nw_18_060_20200904 360
m_3008735_ne_16_030_20211113 1400
m_3008806_nw_16_030_20211123 1400
546.3045024871826
