load envirionment

/work/csr33/images_for_predictions/naip_tiles/m_3108832_sw_16_030_20211120.tif
/work/csr33/images_for_predictions/naip_tiles/m_2908260_nw_17_060_20211129.tif
/work/csr33/images_for_predictions/naip_tiles/m_3008517_se_16_060_20191109_20200114.tif
/work/csr33/images_for_predictions/naip_tiles/m_2909542_se_15_060_20201117.tif
/work/csr33/images_for_predictions/naip_tiles/m_2709708_sw_14_060_20200430.tif
/work/csr33/images_for_predictions/naip_tiles/m_4107017_se_19_060_20210826.tif
/work/csr33/images_for_predictions/naip_tiles/m_2909232_nw_15_060_20190706_20191001.tif
/work/csr33/images_for_predictions/naip_tiles/m_4406808_nw_19_060_20210901.tif
/work/csr33/images_for_predictions/naip_tiles/m_3208030_se_17_060_20210426.tif
/work/csr33/images_for_predictions/naip_tiles/m_2608151_sw_17_060_20211223.tif
/work/csr33/images_for_predictions/naip_tiles/m_3607647_sw_18_060_20201001.tif
/work/csr33/images_for_predictions/naip_tiles/m_3008827_nw_16_030_20211119.tif
/work/csr33/images_for_predictions/naip_tiles/m_3707707_sw_18_060_20210912.tif
/work/csr33/images_for_predictions/naip_tiles/m_4406946_se_19_060_20211006.tif
/work/csr33/images_for_predictions/naip_tiles/m_3009359_se_15_060_20190726_20191001.tif
/work/csr33/images_for_predictions/naip_tiles/m_3407819_se_17_060_20200903.tif
/work/csr33/images_for_predictions/naip_tiles/m_3308058_nw_17_060_20210421.tif
m_4406808_nw_19_060_20210901 300
/work/csr33/images_for_predictions/naip_tiles/m_2909036_se_15_030_20211130.tif
m_4406946_se_19_060_20211006 300
m_3008517_se_16_060_20191109_20200114 340
m_4107017_se_19_060_20210826 336
m_3208030_se_17_060_20210426 340
m_3607647_sw_18_060_20201001 340
m_3407819_se_17_060_20200903 357
m_2908260_nw_17_060_20211129 360
m_3707707_sw_18_060_20210912 357
m_2709708_sw_14_060_20200430 360
m_3009359_se_15_060_20190726_20191001 360
m_2909542_se_15_060_20201117 360
m_2909232_nw_15_060_20190706_20191001 360
m_2608151_sw_17_060_20211223 380
m_3308058_nw_17_060_20210421 340
m_3108832_sw_16_030_20211120 1400
m_3008827_nw_16_030_20211119 1440
m_2909036_se_15_030_20211130 1365
375.0554759502411
