load envirionment

/work/csr33/images_for_predictions/naip_tiles/m_2909550_nw_15_060_20201031.tif
/work/csr33/images_for_predictions/naip_tiles/m_3008718_sw_16_030_20211119.tif
/work/csr33/images_for_predictions/naip_tiles/m_2508019_se_17_060_20211203.tif
/work/csr33/images_for_predictions/naip_tiles/m_2909056_sw_15_030_20211115.tif
/work/csr33/images_for_predictions/naip_tiles/m_3807610_ne_18_060_20210617.tif
/work/csr33/images_for_predictions/naip_tiles/m_3208016_sw_17_060_20210426.tif
/work/csr33/images_for_predictions/naip_tiles/m_3807562_nw_18_060_20210605.tif
/work/csr33/images_for_predictions/naip_tiles/m_3311717_nw_11_060_20200505.tif
/work/csr33/images_for_predictions/naip_tiles/m_4506864_se_19_060_20210831.tif
/work/csr33/images_for_predictions/naip_tiles/m_3907402_nw_18_060_20190830_20191209.tif
/work/csr33/images_for_predictions/naip_tiles/m_3407726_nw_18_060_20200904.tif
/work/csr33/images_for_predictions/naip_tiles/m_2909520_se_15_060_20201118.tif
/work/csr33/images_for_predictions/naip_tiles/m_3807732_sw_18_060_20210617.tif
/work/csr33/images_for_predictions/naip_tiles/m_3009557_ne_15_060_20201030.tif
/work/csr33/images_for_predictions/naip_tiles/m_3311625_se_11_060_20200415.tif
/work/csr33/images_for_predictions/naip_tiles/m_3311604_se_11_060_20200416.tif
/work/csr33/images_for_predictions/naip_tiles/m_3009260_nw_15_060_20190706_20191001.tif
m_3907402_nw_18_060_20190830_20191209 300
/work/csr33/images_for_predictions/naip_tiles/m_3211619_nw_11_060_20200425.tif
m_4506864_se_19_060_20210831 300
m_3807732_sw_18_060_20210617 320
m_3807562_nw_18_060_20210605 320
m_3807610_ne_18_060_20210617 320
m_3311604_se_11_060_20200416 340
m_3311717_nw_11_060_20200505 340
m_3208016_sw_17_060_20210426 340
m_3311625_se_11_060_20200415 340
m_2909550_nw_15_060_20201031 360
m_3009557_ne_15_060_20201030 360
m_2909520_se_15_060_20201118 360
m_2508019_se_17_060_20211203 360
m_3407726_nw_18_060_20200904 360
m_3211619_nw_11_060_20200425 340
m_3009260_nw_15_060_20190706_20191001 360
m_2909056_sw_15_030_20211115 1365
m_3008718_sw_16_030_20211119 1400
1048.1684403419495
