load envirionment

/work/csr33/images_for_predictions/naip_tiles/m_3008932_sw_16_030_20211119.tif
/work/csr33/images_for_predictions/naip_tiles/m_3707731_ne_18_060_20210912.tif
/work/csr33/images_for_predictions/naip_tiles/m_2908917_sw_16_030_20211130.tif
/work/csr33/images_for_predictions/naip_tiles/m_3008713_se_16_060_20191103_20200114.tif
/work/csr33/images_for_predictions/naip_tiles/m_3009553_sw_15_060_20201031.tif
/work/csr33/images_for_predictions/naip_tiles/m_3008360_nw_17_060_20191121_20200114.tif
/work/csr33/images_for_predictions/naip_tiles/m_3108855_ne_16_030_20211120.tif
/work/csr33/images_for_predictions/naip_tiles/m_3507745_sw_18_060_20200930.tif
/work/csr33/images_for_predictions/naip_tiles/m_4107231_ne_18_060_20210926.tif
/work/csr33/images_for_predictions/naip_tiles/m_3907435_sw_18_060_20190730_20191209.tif
/work/csr33/images_for_predictions/naip_tiles/m_2909047_ne_15_030_20211123.tif
/work/csr33/images_for_predictions/naip_tiles/m_3507525_se_18_060_20201018.tif
/work/csr33/images_for_predictions/naip_tiles/m_3907641_ne_18_060_20210616.tif
/work/csr33/images_for_predictions/naip_tiles/m_3008556_sw_16_060_20191128_20200114.tif
/work/csr33/images_for_predictions/naip_tiles/m_4406950_ne_19_060_20210827.tif
/work/csr33/images_for_predictions/naip_tiles/m_2909435_ne_15_060_20201116.tif
/work/csr33/images_for_predictions/naip_tiles/m_2909657_nw_14_060_20201116.tif
m_4406950_ne_19_060_20210827 300
/work/csr33/images_for_predictions/naip_tiles/m_3411937_se_11_060_20200521.tif
m_4107231_ne_18_060_20210926 320
m_3907435_sw_18_060_20190730_20191209 320
m_3907641_ne_18_060_20210616 320
m_3008713_se_16_060_20191103_20200114 340
m_3507525_se_18_060_20201018 340
m_3707731_ne_18_060_20210912 340
m_3009553_sw_15_060_20201031 360
m_3008556_sw_16_060_20191128_20200114 360
m_3507745_sw_18_060_20200930 357
m_3008360_nw_17_060_20191121_20200114 360
m_2909435_ne_15_060_20201116 360
m_2909657_nw_14_060_20201116 360
m_3411937_se_11_060_20200521 340
m_2908917_sw_16_030_20211130 1365
m_2909047_ne_15_030_20211123 1365
m_3108855_ne_16_030_20211120 1400
m_3008932_sw_16_030_20211119 1476
431.2302734851837
