load envirionment

/work/csr33/images_for_predictions/naip_tiles/m_3008241_ne_17_060_20211130.tif
/work/csr33/images_for_predictions/naip_tiles/m_3008618_sw_16_060_20191109_20200114.tif
/work/csr33/images_for_predictions/naip_tiles/m_3311727_ne_11_060_20200424.tif
/work/csr33/images_for_predictions/naip_tiles/m_3009112_se_15_030_20211114.tif
/work/csr33/images_for_predictions/naip_tiles/m_3907761_se_18_060_20210616.tif
/work/csr33/images_for_predictions/naip_tiles/m_4207105_sw_19_060_20211024.tif
/work/csr33/images_for_predictions/naip_tiles/m_2909538_se_15_060_20201029.tif
/work/csr33/images_for_predictions/naip_tiles/m_3108840_sw_16_030_20211120.tif
/work/csr33/images_for_predictions/naip_tiles/m_3009247_ne_15_030_20211212.tif
/work/csr33/images_for_predictions/naip_tiles/m_2508019_ne_17_060_20211203.tif
/work/csr33/images_for_predictions/naip_tiles/m_3507754_se_18_060_20200930.tif
/work/csr33/images_for_predictions/naip_tiles/m_3009150_ne_15_030_20211113.tif
/work/csr33/images_for_predictions/naip_tiles/m_2908134_nw_17_060_20211129.tif
/work/csr33/images_for_predictions/naip_tiles/m_3009302_sw_15_060_20200822.tif
/work/csr33/images_for_predictions/naip_tiles/m_3009350_nw_15_060_20201031.tif
/work/csr33/images_for_predictions/naip_tiles/m_3009112_sw_15_030_20211114.tif
/work/csr33/images_for_predictions/naip_tiles/m_3507723_ne_18_060_20200922.tif
m_3907761_se_18_060_20210616 320
/work/csr33/images_for_predictions/naip_tiles/m_3707720_sw_18_060_20210910.tif
m_4207105_sw_19_060_20211024 336
m_3311727_ne_11_060_20200424 340
m_3009350_nw_15_060_20201031 340
m_3008618_sw_16_060_20191109_20200114 340
m_3009302_sw_15_060_20200822 340
m_3507754_se_18_060_20200930 357
m_2908134_nw_17_060_20211129 360
m_2508019_ne_17_060_20211203 360
m_3008241_ne_17_060_20211130 360
m_2909538_se_15_060_20201029 360
m_3507723_ne_18_060_20200922 340
m_3707720_sw_18_060_20210910 357
m_3009112_sw_15_030_20211114 1326
m_3009112_se_15_030_20211114 1326
m_3009247_ne_15_030_20211212 1326
m_3009150_ne_15_030_20211113 1326
m_3108840_sw_16_030_20211120 1400
1397.2548518180847
