load envirionment

/work/csr33/images_for_predictions/naip_tiles/m_2608054_se_17_060_20191120_20200113.tif
/work/csr33/images_for_predictions/naip_tiles/m_3407736_sw_18_060_20200930.tif
/work/csr33/images_for_predictions/naip_tiles/m_3009304_se_15_060_20201104.tif
/work/csr33/images_for_predictions/naip_tiles/m_3407849_nw_17_060_20210513.tif
/work/csr33/images_for_predictions/naip_tiles/m_2909134_nw_15_060_20190706_20191001.tif
/work/csr33/images_for_predictions/naip_tiles/m_4307057_sw_19_060_20211024.tif
/work/csr33/images_for_predictions/naip_tiles/m_2809629_nw_14_060_20200501.tif
/work/csr33/images_for_predictions/naip_tiles/m_4207147_ne_19_060_20210826.tif
/work/csr33/images_for_predictions/naip_tiles/m_3311722_se_11_060_20200423.tif
/work/csr33/images_for_predictions/naip_tiles/m_3507525_nw_18_060_20200516.tif
/work/csr33/images_for_predictions/naip_tiles/m_2909544_ne_15_060_20201117.tif
/work/csr33/images_for_predictions/naip_tiles/m_3008534_ne_16_060_20191109_20200114.tif
/work/csr33/images_for_predictions/naip_tiles/m_4207423_sw_18_060_20210920.tif
/work/csr33/images_for_predictions/naip_tiles/m_2608022_se_17_060_20191120_20200113.tif
/work/csr33/images_for_predictions/naip_tiles/m_3607624_nw_18_060_20210913.tif
/work/csr33/images_for_predictions/naip_tiles/m_3008554_se_16_060_20191118_20200114.tif
/work/csr33/images_for_predictions/naip_tiles/m_3109462_ne_15_060_20201030.tif
m_4207147_ne_19_060_20210826 320
/work/csr33/images_for_predictions/naip_tiles/m_2808027_se_17_060_20191130_20200113.tif
m_4207423_sw_18_060_20210920 320
m_4307057_sw_19_060_20211024 336
m_3607624_nw_18_060_20210913 340
m_3311722_se_11_060_20200423 340
m_3008534_ne_16_060_20191109_20200114 340
m_3008554_se_16_060_20191118_20200114 340
m_3009304_se_15_060_20201104 340
m_3407849_nw_17_060_20210513 340
m_3507525_nw_18_060_20200516 340
m_2909134_nw_15_060_20190706_20191001 360
m_2909544_ne_15_060_20201117 360
m_2608022_se_17_060_20191120_20200113 360
m_2809629_nw_14_060_20200501 360
m_2608054_se_17_060_20191120_20200113 360
m_3407736_sw_18_060_20200930 378
m_3109462_ne_15_060_20201030 340
m_2808027_se_17_060_20191130_20200113 360
536.2553722858429
