load envirionment

/work/csr33/images_for_predictions/naip_tiles/m_3907622_nw_18_060_20211101.tif
/work/csr33/images_for_predictions/naip_tiles/m_3607517_se_18_060_20210913.tif
/work/csr33/images_for_predictions/naip_tiles/m_3008802_nw_16_030_20211124.tif
/work/csr33/images_for_predictions/naip_tiles/m_2508116_se_17_060_20211203.tif
/work/csr33/images_for_predictions/naip_tiles/m_3807756_ne_18_060_20210910.tif
/work/csr33/images_for_predictions/naip_tiles/m_3607610_sw_18_060_20210827.tif
/work/csr33/images_for_predictions/naip_tiles/m_3211622_ne_11_060_20200415.tif
/work/csr33/images_for_predictions/naip_tiles/m_4007306_se_18_060_20211103.tif
/work/csr33/images_for_predictions/naip_tiles/m_3009223_ne_15_030_20211212.tif
/work/csr33/images_for_predictions/naip_tiles/m_2909407_se_15_060_20201102.tif
/work/csr33/images_for_predictions/naip_tiles/m_3208154_se_17_060_20191109_20200102.tif
/work/csr33/images_for_predictions/naip_tiles/m_3108725_ne_16_030_20211115.tif
/work/csr33/images_for_predictions/naip_tiles/m_3607730_nw_18_060_20210910.tif
/work/csr33/images_for_predictions/naip_tiles/m_3009240_se_15_030_20211114.tif
/work/csr33/images_for_predictions/naip_tiles/m_2909427_nw_15_060_20201116.tif
/work/csr33/images_for_predictions/naip_tiles/m_4107116_se_19_060_20210826.tif
/work/csr33/images_for_predictions/naip_tiles/m_3211804_ne_11_060_20200504.tif
m_3907622_nw_18_060_20211101 320
/work/csr33/images_for_predictions/naip_tiles/m_2709706_ne_14_060_20200430.tif
m_3208154_se_17_060_20191109_20200102 340
m_4007306_se_18_060_20211103 336
m_4107116_se_19_060_20210826 336
m_3607517_se_18_060_20210913 340
m_2909407_se_15_060_20201102 340
m_3807756_ne_18_060_20210910 340
m_3211622_ne_11_060_20200415 340
m_3607730_nw_18_060_20210910 340
m_3607610_sw_18_060_20210827 357
m_2909427_nw_15_060_20201116 360
m_2508116_se_17_060_20211203 360
m_3211804_ne_11_060_20200504 340
m_2709706_ne_14_060_20200430 360
m_3009240_se_15_030_20211114 1326
m_3009223_ne_15_030_20211212 1326
m_3108725_ne_16_030_20211115 1400
m_3008802_nw_16_030_20211124 1440
768.853666305542
