load envirionment

/work/csr33/images_for_predictions/naip_tiles/m_3108154_sw_17_060_20211203.tif
/work/csr33/images_for_predictions/naip_tiles/m_4207257_se_18_060_20211105.tif
/work/csr33/images_for_predictions/naip_tiles/m_4107229_ne_18_060_20210926.tif
/work/csr33/images_for_predictions/naip_tiles/m_3008814_nw_16_030_20211112.tif
/work/csr33/images_for_predictions/naip_tiles/m_3008233_se_17_060_20211130.tif
/work/csr33/images_for_predictions/naip_tiles/m_3607635_sw_18_060_20200922.tif
/work/csr33/images_for_predictions/naip_tiles/m_3108264_ne_17_060_20191110_20200102.tif
/work/csr33/images_for_predictions/naip_tiles/m_2509704_se_14_060_20201029.tif
/work/csr33/images_for_predictions/naip_tiles/m_2908259_se_17_060_20211129.tif
/work/csr33/images_for_predictions/naip_tiles/m_4107009_se_19_060_20210826.tif
/work/csr33/images_for_predictions/naip_tiles/m_2908130_sw_17_060_20211130.tif
/work/csr33/images_for_predictions/naip_tiles/m_4107133_sw_19_060_20210926.tif
/work/csr33/images_for_predictions/naip_tiles/m_3311704_ne_11_060_20200423.tif
/work/csr33/images_for_predictions/naip_tiles/m_3009441_nw_15_060_20201112.tif
/work/csr33/images_for_predictions/naip_tiles/m_3009362_nw_15_060_20190905_20191001.tif
/work/csr33/images_for_predictions/naip_tiles/m_4307028_nw_19_060_20211007.tif
/work/csr33/images_for_predictions/naip_tiles/m_3307803_se_17_060_20210508.tif
m_4107229_ne_18_060_20210926 320
/work/csr33/images_for_predictions/naip_tiles/m_4506804_nw_19_060_20211006.tif
m_4307028_nw_19_060_20211007 320
m_3108154_sw_17_060_20211203 340
m_4107009_se_19_060_20210826 336
m_4107133_sw_19_060_20210926 336
m_4207257_se_18_060_20211105 336
m_3311704_ne_11_060_20200423 340
m_3009441_nw_15_060_20201112 340
m_3108264_ne_17_060_20191110_20200102 340
m_3008233_se_17_060_20211130 378
m_3607635_sw_18_060_20200922 357
m_2509704_se_14_060_20201029 360
m_2908130_sw_17_060_20211130 360
m_2908259_se_17_060_20211129 360
m_3009362_nw_15_060_20190905_20191001 360
m_4506804_nw_19_060_20211006 300
m_3307803_se_17_060_20210508 340
m_3008814_nw_16_030_20211112 1400
461.1734881401062
