load envirionment

/work/csr33/images_for_predictions/naip_tiles/m_3807514_sw_18_060_20211019.tif
/work/csr33/images_for_predictions/naip_tiles/m_2909063_nw_15_030_20211123.tif
/work/csr33/images_for_predictions/naip_tiles/m_4107338_nw_18_060_20211106.tif
/work/csr33/images_for_predictions/naip_tiles/m_2809518_sw_15_060_20201029.tif
/work/csr33/images_for_predictions/naip_tiles/m_4207350_nw_18_060_20210920.tif
/work/csr33/images_for_predictions/naip_tiles/m_3507626_nw_18_060_20201018.tif
/work/csr33/images_for_predictions/naip_tiles/m_3208153_nw_17_060_20191109_20200102.tif
/work/csr33/images_for_predictions/naip_tiles/m_2708021_se_17_060_20191215_20200113.tif
/work/csr33/images_for_predictions/naip_tiles/m_3009127_nw_15_060_20190904_20191001.tif
/work/csr33/images_for_predictions/naip_tiles/m_4107157_se_19_060_20210926.tif
/work/csr33/images_for_predictions/naip_tiles/m_4107329_nw_18_060_20211106.tif
/work/csr33/images_for_predictions/naip_tiles/m_3607723_ne_18_060_20210827.tif
/work/csr33/images_for_predictions/naip_tiles/m_3411927_nw_11_060_20200521.tif
/work/csr33/images_for_predictions/naip_tiles/m_2908243_nw_17_060_20211129.tif
/work/csr33/images_for_predictions/naip_tiles/m_4107244_se_18_060_20210904.tif
/work/csr33/images_for_predictions/naip_tiles/m_2608039_nw_17_060_20191120_20200113.tif
/work/csr33/images_for_predictions/naip_tiles/m_3407601_ne_18_060_20201031.tif
m_4107329_nw_18_060_20211106 320
/work/csr33/images_for_predictions/naip_tiles/m_3307907_ne_17_060_20210508.tif
m_3807514_sw_18_060_20211019 320
m_4107338_nw_18_060_20211106 320
m_4207350_nw_18_060_20210920 320
m_4107244_se_18_060_20210904 336
m_4107157_se_19_060_20210926 336
m_3607723_ne_18_060_20210827 340
m_3411927_nw_11_060_20200521 340
m_3208153_nw_17_060_20191109_20200102 340
m_3507626_nw_18_060_20201018 340
m_2608039_nw_17_060_20191120_20200113 360
m_2809518_sw_15_060_20201029 360
m_2708021_se_17_060_20191215_20200113 360
m_2908243_nw_17_060_20211129 360
m_3009127_nw_15_060_20190904_20191001 360
m_3307907_ne_17_060_20210508 340
m_3407601_ne_18_060_20201031 340
m_2909063_nw_15_030_20211123 1365
526.1517441272736
