load envirionment

/work/csr33/images_for_predictions/naip_tiles/m_4307030_ne_19_060_20210722.tif
/work/csr33/images_for_predictions/naip_tiles/m_4406815_ne_19_060_20210920.tif
/work/csr33/images_for_predictions/naip_tiles/m_2809746_ne_14_060_20200501.tif
/work/csr33/images_for_predictions/naip_tiles/m_4007539_se_18_060_20191019_20191203.tif
/work/csr33/images_for_predictions/naip_tiles/m_3907514_sw_18_060_20190726_20191209.tif
/work/csr33/images_for_predictions/naip_tiles/m_3008944_se_16_030_20211114.tif
/work/csr33/images_for_predictions/naip_tiles/m_3807713_nw_18_060_20210903.tif
/work/csr33/images_for_predictions/naip_tiles/m_2909505_se_15_060_20201118.tif
/work/csr33/images_for_predictions/naip_tiles/m_3009423_ne_15_060_20201102.tif
/work/csr33/images_for_predictions/naip_tiles/m_2909218_nw_15_060_20190706_20191001.tif
/work/csr33/images_for_predictions/naip_tiles/m_4207118_se_19_060_20211105.tif
/work/csr33/images_for_predictions/naip_tiles/m_2608037_nw_17_060_20191207_20200113.tif
/work/csr33/images_for_predictions/naip_tiles/m_2908101_ne_17_060_20211129.tif
/work/csr33/images_for_predictions/naip_tiles/m_3009558_nw_15_060_20201030.tif
/work/csr33/images_for_predictions/naip_tiles/m_3211805_sw_11_060_20200504.tif
/work/csr33/images_for_predictions/naip_tiles/m_4007217_nw_18_060_20211105.tif
/work/csr33/images_for_predictions/naip_tiles/m_4307155_nw_19_060_20211024.tif
m_4406815_ne_19_060_20210920 300
/work/csr33/images_for_predictions/naip_tiles/m_3008551_se_16_060_20191118_20200114.tif
m_4307030_ne_19_060_20210722 300
m_4007217_nw_18_060_20211105 320
m_3907514_sw_18_060_20190726_20191209 320
m_4007539_se_18_060_20191019_20191203 320
m_4207118_se_19_060_20211105 336
m_3807713_nw_18_060_20210903 340
m_3211805_sw_11_060_20200504 340
m_3009423_ne_15_060_20201102 340
m_2908101_ne_17_060_20211129 360
m_2909505_se_15_060_20201118 360
m_2909218_nw_15_060_20190706_20191001 360
m_2809746_ne_14_060_20200501 360
m_2608037_nw_17_060_20191207_20200113 360
m_3009558_nw_15_060_20201030 360
m_4307155_nw_19_060_20211024 320
m_3008551_se_16_060_20191118_20200114 340
m_3008944_se_16_030_20211114 1476
435.59589648246765
