load envirionment

/work/csr33/images_for_predictions/naip_tiles/m_3807714_nw_18_060_20210910.tif
/work/csr33/images_for_predictions/naip_tiles/m_2908514_se_16_060_20191118_20200114.tif
/work/csr33/images_for_predictions/naip_tiles/m_3009225_sw_15_060_20190905_20191001.tif
/work/csr33/images_for_predictions/naip_tiles/m_4406824_sw_19_060_20210901.tif
/work/csr33/images_for_predictions/naip_tiles/m_3009249_se_15_030_20211221.tif
/work/csr33/images_for_predictions/naip_tiles/m_3108861_sw_16_030_20211123.tif
/work/csr33/images_for_predictions/naip_tiles/m_2909560_ne_15_060_20201117.tif
/work/csr33/images_for_predictions/naip_tiles/m_3009463_se_15_060_20201102.tif
/work/csr33/images_for_predictions/naip_tiles/m_2909045_sw_15_030_20211130.tif
/work/csr33/images_for_predictions/naip_tiles/m_3008906_nw_16_030_20211114.tif
/work/csr33/images_for_predictions/naip_tiles/m_2608024_nw_17_060_20191120_20200113.tif
/work/csr33/images_for_predictions/naip_tiles/m_3607541_ne_18_060_20200516.tif
/work/csr33/images_for_predictions/naip_tiles/m_2508124_sw_17_060_20211203.tif
/work/csr33/images_for_predictions/naip_tiles/m_3311821_ne_11_060_20200515.tif
/work/csr33/images_for_predictions/naip_tiles/m_3311649_se_11_060_20200415.tif
/work/csr33/images_for_predictions/naip_tiles/m_3407757_sw_18_060_20200904.tif
/work/csr33/images_for_predictions/naip_tiles/m_3009137_sw_15_030_20211114.tif
m_4406824_sw_19_060_20210901 300
/work/csr33/images_for_predictions/naip_tiles/m_3308061_ne_17_060_20210501.tif
m_3607541_ne_18_060_20200516 340
m_3807714_nw_18_060_20210910 340
m_3009463_se_15_060_20201102 340
m_3311649_se_11_060_20200415 340
m_3311821_ne_11_060_20200515 340
m_2908514_se_16_060_20191118_20200114 360
m_2608024_nw_17_060_20191120_20200113 360
m_2909560_ne_15_060_20201117 360
m_3009225_sw_15_060_20190905_20191001 360
m_3407757_sw_18_060_20200904 378
m_2508124_sw_17_060_20211203 380
m_3308061_ne_17_060_20210501 340
m_3009249_se_15_030_20211221 1326
m_2909045_sw_15_030_20211130 1365
m_3108861_sw_16_030_20211123 1400
m_3008906_nw_16_030_20211114 1440
m_3009137_sw_15_030_20211114 1326
450.9521508216858
