load envirionment

/work/csr33/images_for_predictions/naip_tiles/m_3507607_sw_18_060_20201001.tif
/work/csr33/images_for_predictions/naip_tiles/m_3009214_ne_15_030_20211222.tif
/work/csr33/images_for_predictions/naip_tiles/m_3512062_ne_10_060_20200523.tif
/work/csr33/images_for_predictions/naip_tiles/m_2909503_nw_15_060_20201030.tif
/work/csr33/images_for_predictions/naip_tiles/m_2609727_se_14_060_20201216.tif
/work/csr33/images_for_predictions/naip_tiles/m_2909103_nw_15_060_20190706_20191001.tif
/work/csr33/images_for_predictions/naip_tiles/m_3607646_se_18_060_20200922.tif
/work/csr33/images_for_predictions/naip_tiles/m_3507731_se_18_060_20200930.tif
/work/csr33/images_for_predictions/naip_tiles/m_3407954_ne_17_060_20210508.tif
/work/csr33/images_for_predictions/naip_tiles/m_2608032_nw_17_060_20191120_20200113.tif
/work/csr33/images_for_predictions/naip_tiles/m_4007330_ne_18_060_20211103.tif
/work/csr33/images_for_predictions/naip_tiles/m_4107104_nw_19_060_20210926.tif
/work/csr33/images_for_predictions/naip_tiles/m_3009202_se_15_030_20211221.tif
/work/csr33/images_for_predictions/naip_tiles/m_2709717_se_14_060_20200501.tif
/work/csr33/images_for_predictions/naip_tiles/m_3507641_nw_18_060_20201031.tif
/work/csr33/images_for_predictions/naip_tiles/m_4606836_sw_19_060_20210817.tif
/work/csr33/images_for_predictions/naip_tiles/m_4107421_sw_18_060_20211106.tif
m_4606836_sw_19_060_20210817 300
/work/csr33/images_for_predictions/naip_tiles/m_3607657_nw_18_060_20200922.tif
m_3507607_sw_18_060_20201001 340
m_4007330_ne_18_060_20211103 320
m_4107104_nw_19_060_20210926 320
m_3407954_ne_17_060_20210508 340
m_3507641_nw_18_060_20201031 340
m_3607646_se_18_060_20200922 340
m_3512062_ne_10_060_20200523 340
m_3507731_se_18_060_20200930 357
m_2909503_nw_15_060_20201030 360
m_2909103_nw_15_060_20190706_20191001 360
m_2608032_nw_17_060_20191120_20200113 360
m_2609727_se_14_060_20201216 360
m_2709717_se_14_060_20200501 360
m_4107421_sw_18_060_20211106 320
m_3607657_nw_18_060_20200922 340
m_3009214_ne_15_030_20211222 1326
m_3009202_se_15_030_20211221 1326
525.409453868866
