load envirionment

/work/csr33/images_for_predictions/naip_tiles/m_4007324_nw_18_060_20211105.tif
/work/csr33/images_for_predictions/naip_tiles/m_3407741_se_18_060_20200904.tif
/work/csr33/images_for_predictions/naip_tiles/m_3008958_ne_16_030_20211116.tif
/work/csr33/images_for_predictions/naip_tiles/m_3008940_sw_16_030_20211114.tif
/work/csr33/images_for_predictions/naip_tiles/m_3807653_nw_18_060_20211020.tif
/work/csr33/images_for_predictions/naip_tiles/m_2909530_nw_15_060_20201117.tif
/work/csr33/images_for_predictions/naip_tiles/m_3507618_ne_18_060_20201001.tif
/work/csr33/images_for_predictions/naip_tiles/m_3211623_ne_11_060_20200420.tif
/work/csr33/images_for_predictions/naip_tiles/m_4207319_ne_18_060_20211107.tif
/work/csr33/images_for_predictions/naip_tiles/m_3707617_se_18_060_20210827.tif
/work/csr33/images_for_predictions/naip_tiles/m_3308059_se_17_060_20210501.tif
/work/csr33/images_for_predictions/naip_tiles/m_4406907_sw_19_060_20211006.tif
/work/csr33/images_for_predictions/naip_tiles/m_3008433_se_16_060_20191128_20200114.tif
/work/csr33/images_for_predictions/naip_tiles/m_4107349_se_18_060_20211105.tif
/work/csr33/images_for_predictions/naip_tiles/m_2708240_ne_17_060_20211202.tif
/work/csr33/images_for_predictions/naip_tiles/m_3407834_ne_17_060_20200603.tif
/work/csr33/images_for_predictions/naip_tiles/m_3507735_ne_18_060_20200904.tif
m_4406907_sw_19_060_20211006 300
/work/csr33/images_for_predictions/naip_tiles/m_3211626_nw_11_060_20200425.tif
m_3807653_nw_18_060_20211020 320
m_4007324_nw_18_060_20211105 320
m_4107349_se_18_060_20211105 320
m_4207319_ne_18_060_20211107 320
m_3407834_ne_17_060_20200603 340
m_3308059_se_17_060_20210501 340
m_3507618_ne_18_060_20201001 340
m_3211623_ne_11_060_20200420 340
m_3707617_se_18_060_20210827 357
m_3407741_se_18_060_20200904 357
m_2708240_ne_17_060_20211202 360
m_3008433_se_16_060_20191128_20200114 360
m_2909530_nw_15_060_20201117 360
m_3507735_ne_18_060_20200904 340
m_3211626_nw_11_060_20200425 340
m_3008958_ne_16_030_20211116 1365
m_3008940_sw_16_030_20211114 1476
562.5734755992889
