load envirionment

/work/csr33/images_for_predictions/naip_tiles/m_2709738_sw_14_060_20200430.tif
/work/csr33/images_for_predictions/naip_tiles/m_4506847_sw_19_060_20210920.tif
/work/csr33/images_for_predictions/naip_tiles/m_3108837_nw_16_030_20211123.tif
/work/csr33/images_for_predictions/naip_tiles/m_3008903_ne_16_030_20211115.tif
/work/csr33/images_for_predictions/naip_tiles/m_2808204_ne_17_060_20211129.tif
/work/csr33/images_for_predictions/naip_tiles/m_4406927_nw_19_060_20210827.tif
/work/csr33/images_for_predictions/naip_tiles/m_4406825_se_19_060_20210913.tif
/work/csr33/images_for_predictions/naip_tiles/m_2909028_sw_15_030_20211130.tif
/work/csr33/images_for_predictions/naip_tiles/m_2608102_nw_17_060_20211223.tif
/work/csr33/images_for_predictions/naip_tiles/m_3807603_sw_18_060_20210617.tif
/work/csr33/images_for_predictions/naip_tiles/m_3211609_ne_11_060_20200425.tif
/work/csr33/images_for_predictions/naip_tiles/m_4107113_ne_19_060_20210826.tif
/work/csr33/images_for_predictions/naip_tiles/m_4007431_sw_18_060_20211105.tif
/work/csr33/images_for_predictions/naip_tiles/m_3407818_sw_17_060_20200603.tif
/work/csr33/images_for_predictions/naip_tiles/m_3008539_ne_16_060_20191128_20200114.tif
/work/csr33/images_for_predictions/naip_tiles/m_3008444_se_16_060_20191129_20200114.tif
/work/csr33/images_for_predictions/naip_tiles/m_3907653_nw_18_060_20210606.tif
m_4506847_sw_19_060_20210920 300
/work/csr33/images_for_predictions/naip_tiles/m_4406830_se_19_060_20210919.tif
m_4406927_nw_19_060_20210827 300
m_4406825_se_19_060_20210913 300
m_4107113_ne_19_060_20210826 320
m_3807603_sw_18_060_20210617 320
m_4007431_sw_18_060_20211105 320
m_3211609_ne_11_060_20200425 340
m_3008539_ne_16_060_20191128_20200114 340
m_3407818_sw_17_060_20200603 357
m_2608102_nw_17_060_20211223 360
m_3008444_se_16_060_20191129_20200114 360
m_2808204_ne_17_060_20211129 360
m_2709738_sw_14_060_20200430 360
m_4406830_se_19_060_20210919 300
m_3907653_nw_18_060_20210606 320
m_2909028_sw_15_030_20211130 1365
m_3008903_ne_16_030_20211115 1400
m_3108837_nw_16_030_20211123 1400
703.3895485401154
