load envirionment

/work/csr33/images_for_predictions/naip_tiles/m_3607631_ne_18_060_20210913.tif
/work/csr33/images_for_predictions/naip_tiles/m_3307905_se_17_060_20210501.tif
/work/csr33/images_for_predictions/naip_tiles/m_4406926_ne_19_060_20210827.tif
/work/csr33/images_for_predictions/naip_tiles/m_3907443_ne_18_060_20190730_20191209.tif
/work/csr33/images_for_predictions/naip_tiles/m_3008426_se_16_060_20191128_20200114.tif
/work/csr33/images_for_predictions/naip_tiles/m_4207456_sw_18_060_20210920.tif
/work/csr33/images_for_predictions/naip_tiles/m_4007326_ne_18_060_20211001.tif
/work/csr33/images_for_predictions/naip_tiles/m_3311618_se_11_060_20200615.tif
/work/csr33/images_for_predictions/naip_tiles/m_3607643_ne_18_060_20200516.tif
/work/csr33/images_for_predictions/naip_tiles/m_3008804_se_16_030_20211112.tif
/work/csr33/images_for_predictions/naip_tiles/m_4107317_sw_18_060_20211105.tif
/work/csr33/images_for_predictions/naip_tiles/m_2708060_ne_17_060_20191215_20200113.tif
/work/csr33/images_for_predictions/naip_tiles/m_3507637_ne_18_060_20201018.tif
/work/csr33/images_for_predictions/naip_tiles/m_3311746_nw_11_060_20200520.tif
/work/csr33/images_for_predictions/naip_tiles/m_4406925_se_19_060_20210827.tif
/work/csr33/images_for_predictions/naip_tiles/m_3411858_sw_11_060_20200515.tif
/work/csr33/images_for_predictions/naip_tiles/m_3412013_se_10_060_20200607.tif
m_4207456_sw_18_060_20210920 320
/work/csr33/images_for_predictions/naip_tiles/m_3907557_nw_18_060_20210606.tif
m_4406925_se_19_060_20210827 300
m_4406926_ne_19_060_20210827 300
m_3507637_ne_18_060_20201018 340
m_4007326_ne_18_060_20211001 320
m_4107317_sw_18_060_20211105 320
m_3907443_ne_18_060_20190730_20191209 320
m_3411858_sw_11_060_20200515 340
m_3607631_ne_18_060_20210913 340
m_3311746_nw_11_060_20200520 340
m_3607643_ne_18_060_20200516 340
m_3307905_se_17_060_20210501 340
m_3311618_se_11_060_20200615 340
m_3008426_se_16_060_20191128_20200114 360
m_2708060_ne_17_060_20191215_20200113 360
m_3907557_nw_18_060_20210606 320
m_3412013_se_10_060_20200607 340
m_3008804_se_16_030_20211112 1400
350.6539885997772
