load envirionment

/work/csr33/images_for_predictions/naip_tiles/m_2909403_sw_15_060_20201112.tif
/work/csr33/images_for_predictions/naip_tiles/m_4307028_sw_19_060_20211007.tif
/work/csr33/images_for_predictions/naip_tiles/m_3507510_ne_18_060_20200516.tif
/work/csr33/images_for_predictions/naip_tiles/m_2708117_sw_17_060_20211202.tif
/work/csr33/images_for_predictions/naip_tiles/m_2908241_nw_17_060_20211117.tif
/work/csr33/images_for_predictions/naip_tiles/m_2909044_sw_15_030_20211130.tif
/work/csr33/images_for_predictions/naip_tiles/m_2809755_nw_14_060_20200501.tif
/work/csr33/images_for_predictions/naip_tiles/m_4506856_se_19_060_20210831.tif
/work/csr33/images_for_predictions/naip_tiles/m_2508018_sw_17_060_20211203.tif
/work/csr33/images_for_predictions/naip_tiles/m_3407963_ne_17_060_20210508.tif
/work/csr33/images_for_predictions/naip_tiles/m_3108816_sw_16_030_20211120.tif
/work/csr33/images_for_predictions/naip_tiles/m_3308040_nw_17_060_20210501.tif
/work/csr33/images_for_predictions/naip_tiles/m_3907651_sw_18_060_20210617.tif
/work/csr33/images_for_predictions/naip_tiles/m_2908944_se_16_030_20211130.tif
/work/csr33/images_for_predictions/naip_tiles/m_3108224_ne_17_060_20191110_20200102.tif
/work/csr33/images_for_predictions/naip_tiles/m_3907425_se_18_060_20190830_20191209.tif
/work/csr33/images_for_predictions/naip_tiles/m_4406930_sw_19_060_20210904.tif
m_3108224_ne_17_060_20191110_20200102 340
/work/csr33/images_for_predictions/naip_tiles/m_3311737_se_11_060_20200520.tif
m_4506856_se_19_060_20210831 300
m_3907651_sw_18_060_20210617 320
m_3907425_se_18_060_20190830_20191209 320
m_4307028_sw_19_060_20211007 336
m_3507510_ne_18_060_20200516 340
m_3308040_nw_17_060_20210501 340
m_3407963_ne_17_060_20210508 340
m_2908241_nw_17_060_20211117 360
m_2809755_nw_14_060_20200501 360
m_2708117_sw_17_060_20211202 360
m_2909403_sw_15_060_20201112 360
m_2508018_sw_17_060_20211203 380
m_4406930_sw_19_060_20210904 300
m_3311737_se_11_060_20200520 340
m_2909044_sw_15_030_20211130 1365
m_3108816_sw_16_030_20211120 1400
m_2908944_se_16_030_20211130 1365
438.45672488212585
