load envirionment

/work/csr33/images_for_predictions/naip_tiles/m_2708004_sw_17_060_20191215_20200113.tif
/work/csr33/images_for_predictions/naip_tiles/m_2809757_ne_14_060_20201116.tif
/work/csr33/images_for_predictions/naip_tiles/m_2508041_nw_17_060_20211203.tif
/work/csr33/images_for_predictions/naip_tiles/m_3008460_sw_16_060_20191129_20200114.tif
/work/csr33/images_for_predictions/naip_tiles/m_3507650_nw_18_060_20201031.tif
/work/csr33/images_for_predictions/naip_tiles/m_2508025_se_17_060_20211203.tif
/work/csr33/images_for_predictions/naip_tiles/m_3008525_nw_16_060_20191109_20200114.tif
/work/csr33/images_for_predictions/naip_tiles/m_3008355_ne_17_060_20211116.tif
/work/csr33/images_for_predictions/naip_tiles/m_4307023_sw_19_060_20211007.tif
/work/csr33/images_for_predictions/naip_tiles/m_3412031_sw_10_060_20200522.tif
/work/csr33/images_for_predictions/naip_tiles/m_3008538_ne_16_060_20191118_20200114.tif
/work/csr33/images_for_predictions/naip_tiles/m_3311633_sw_11_060_20200415.tif
/work/csr33/images_for_predictions/naip_tiles/m_3607653_se_18_060_20200922.tif
/work/csr33/images_for_predictions/naip_tiles/m_4007429_nw_18_060_20190830_20191209.tif
/work/csr33/images_for_predictions/naip_tiles/m_3607640_nw_18_060_20200516.tif
/work/csr33/images_for_predictions/naip_tiles/m_3607622_ne_18_060_20210913.tif
/work/csr33/images_for_predictions/naip_tiles/m_2709753_sw_14_060_20200430.tif
m_4007429_nw_18_060_20190830_20191209 300
/work/csr33/images_for_predictions/naip_tiles/m_3009206_sw_15_030_20211222.tif
m_4307023_sw_19_060_20211007 320
m_3507650_nw_18_060_20201031 340
m_3311633_sw_11_060_20200415 340
m_3008525_nw_16_060_20191109_20200114 340
m_3607622_ne_18_060_20210913 340
m_3607653_se_18_060_20200922 340
m_3607640_nw_18_060_20200516 340
m_3412031_sw_10_060_20200522 340
m_3008538_ne_16_060_20191118_20200114 340
m_3008460_sw_16_060_20191129_20200114 360
m_2708004_sw_17_060_20191215_20200113 360
m_3008355_ne_17_060_20211116 360
m_2809757_ne_14_060_20201116 360
m_2508025_se_17_060_20211203 360
m_2508041_nw_17_060_20211203 380
m_2709753_sw_14_060_20200430 360
m_3009206_sw_15_030_20211222 1326
542.1983530521393
