load envirionment

/work/csr33/images_for_predictions/naip_tiles/m_2508053_se_17_060_20191126_20200113.tif
/work/csr33/images_for_predictions/naip_tiles/m_3211724_ne_11_060_20200428.tif
/work/csr33/images_for_predictions/naip_tiles/m_3807518_ne_18_060_20210618.tif
/work/csr33/images_for_predictions/naip_tiles/m_3108261_se_17_060_20191110_20200102.tif
/work/csr33/images_for_predictions/naip_tiles/m_3807547_nw_18_060_20210605.tif
/work/csr33/images_for_predictions/naip_tiles/m_2909119_se_15_060_20190706_20191001.tif
/work/csr33/images_for_predictions/naip_tiles/m_3907434_ne_18_060_20190730_20191209.tif
/work/csr33/images_for_predictions/naip_tiles/m_3807523_se_18_060_20210624.tif
/work/csr33/images_for_predictions/naip_tiles/m_2909303_sw_15_060_20190726_20191001.tif
/work/csr33/images_for_predictions/naip_tiles/m_3307921_nw_17_060_20210501.tif
/work/csr33/images_for_predictions/naip_tiles/m_2608022_ne_17_060_20191120_20200113.tif
/work/csr33/images_for_predictions/naip_tiles/m_2608111_sw_17_060_20191129_20200113.tif
/work/csr33/images_for_predictions/naip_tiles/m_4007443_se_18_060_20190730_20191209.tif
/work/csr33/images_for_predictions/naip_tiles/m_3308054_sw_17_060_20210426.tif
/work/csr33/images_for_predictions/naip_tiles/m_3407953_sw_17_060_20210508.tif
/work/csr33/images_for_predictions/naip_tiles/m_4107436_se_18_060_20211106.tif
/work/csr33/images_for_predictions/naip_tiles/m_2909034_nw_15_060_20190831_20191001.tif
m_4007443_se_18_060_20190730_20191209 300
/work/csr33/images_for_predictions/naip_tiles/m_3607648_sw_18_060_20200516.tif
m_4107436_se_18_060_20211106 320
m_3907434_ne_18_060_20190730_20191209 320
m_3807547_nw_18_060_20210605 320
m_3807518_ne_18_060_20210618 320
m_3807523_se_18_060_20210624 320
m_3211724_ne_11_060_20200428 340
m_3108261_se_17_060_20191110_20200102 340
m_3307921_nw_17_060_20210501 340
m_3407953_sw_17_060_20210508 340
m_3308054_sw_17_060_20210426 340
m_2608022_ne_17_060_20191120_20200113 360
m_2909119_se_15_060_20190706_20191001 360
m_2909303_sw_15_060_20190726_20191001 360
m_2608111_sw_17_060_20191129_20200113 360
m_2508053_se_17_060_20191126_20200113 360
m_3607648_sw_18_060_20200516 340
m_2909034_nw_15_060_20190831_20191001 360
549.336590051651
