load envirionment

/work/csr33/images_for_predictions/naip_tiles/m_2709728_se_14_060_20200430.tif
/work/csr33/images_for_predictions/naip_tiles/m_2608045_ne_17_060_20191203_20200113.tif
/work/csr33/images_for_predictions/naip_tiles/m_3707634_sw_18_060_20210827.tif
/work/csr33/images_for_predictions/naip_tiles/m_4406727_ne_19_060_20210907.tif
/work/csr33/images_for_predictions/naip_tiles/m_2609752_ne_14_060_20201029.tif
/work/csr33/images_for_predictions/naip_tiles/m_3311637_se_11_060_20200415.tif
/work/csr33/images_for_predictions/naip_tiles/m_3009436_sw_15_060_20201112.tif
/work/csr33/images_for_predictions/naip_tiles/m_4107406_ne_18_060_20211106.tif
/work/csr33/images_for_predictions/naip_tiles/m_2909507_se_15_060_20201130.tif
/work/csr33/images_for_predictions/naip_tiles/m_4007313_ne_18_060_20211103.tif
/work/csr33/images_for_predictions/naip_tiles/m_3307930_nw_17_060_20210501.tif
/work/csr33/images_for_predictions/naip_tiles/m_2709723_ne_14_060_20200430.tif
/work/csr33/images_for_predictions/naip_tiles/m_3009339_nw_15_060_20190901_20191001.tif
/work/csr33/images_for_predictions/naip_tiles/m_2809746_sw_14_060_20200501.tif
/work/csr33/images_for_predictions/naip_tiles/m_4307156_se_19_060_20211024.tif
/work/csr33/images_for_predictions/naip_tiles/m_3807651_sw_18_060_20210910.tif
/work/csr33/images_for_predictions/naip_tiles/m_4406811_ne_19_060_20210914.tif
m_4406727_ne_19_060_20210907 300
/work/csr33/images_for_predictions/naip_tiles/m_3108142_nw_17_060_20191110_20200102.tif
m_4107406_ne_18_060_20211106 320
m_4007313_ne_18_060_20211103 320
m_3307930_nw_17_060_20210501 340
m_4307156_se_19_060_20211024 336
m_3009436_sw_15_060_20201112 340
m_3311637_se_11_060_20200415 340
m_2709728_se_14_060_20200430 360
m_3807651_sw_18_060_20210910 357
m_3009339_nw_15_060_20190901_20191001 360
m_2709723_ne_14_060_20200430 360
m_2809746_sw_14_060_20200501 360
m_2608045_ne_17_060_20191203_20200113 360
m_2609752_ne_14_060_20201029 360
m_3707634_sw_18_060_20210827 357
m_2909507_se_15_060_20201130 360
m_4406811_ne_19_060_20210914 300
m_3108142_nw_17_060_20191110_20200102 340
1383.8588178157806
