load envirionment

/work/csr33/images_for_predictions/naip_tiles/m_2508051_nw_17_060_20211203.tif
/work/csr33/images_for_predictions/naip_tiles/m_3507716_ne_18_060_20200922.tif
/work/csr33/images_for_predictions/naip_tiles/m_3008547_sw_16_060_20191128_20200114.tif
/work/csr33/images_for_predictions/naip_tiles/m_2909106_ne_15_060_20190707_20191001.tif
/work/csr33/images_for_predictions/naip_tiles/m_3009353_nw_15_060_20190901_20191001.tif
/work/csr33/images_for_predictions/naip_tiles/m_2909503_ne_15_060_20201030.tif
/work/csr33/images_for_predictions/naip_tiles/m_3407843_se_17_060_20200922.tif
/work/csr33/images_for_predictions/naip_tiles/m_3008545_sw_16_060_20191118_20200114.tif
/work/csr33/images_for_predictions/naip_tiles/m_3008144_ne_17_060_20211129.tif
/work/csr33/images_for_predictions/naip_tiles/m_3311629_se_11_060_20200525.tif
/work/csr33/images_for_predictions/naip_tiles/m_4406734_nw_19_060_20210907.tif
/work/csr33/images_for_predictions/naip_tiles/m_3907533_se_18_060_20210606.tif
/work/csr33/images_for_predictions/naip_tiles/m_3607617_se_18_060_20210827.tif
/work/csr33/images_for_predictions/naip_tiles/m_4107122_nw_19_060_20210826.tif
/work/csr33/images_for_predictions/naip_tiles/m_3108855_sw_16_030_20211123.tif
/work/csr33/images_for_predictions/naip_tiles/m_4007201_nw_18_060_20211105.tif
/work/csr33/images_for_predictions/naip_tiles/m_3607525_se_18_060_20210913.tif
m_4406734_nw_19_060_20210907 300
/work/csr33/images_for_predictions/naip_tiles/m_3607626_sw_18_060_20210827.tif
m_3008547_sw_16_060_20191128_20200114 340
m_4107122_nw_19_060_20210826 320
m_3907533_se_18_060_20210606 320
m_4007201_nw_18_060_20211105 320
m_3507716_ne_18_060_20200922 340
m_3311629_se_11_060_20200525 340
m_3008545_sw_16_060_20191118_20200114 340
m_3009353_nw_15_060_20190901_20191001 360
m_3407843_se_17_060_20200922 357
m_3008144_ne_17_060_20211129 360
m_3607617_se_18_060_20210827 357
m_2909503_ne_15_060_20201030 360
m_2909106_ne_15_060_20190707_20191001 360
m_2508051_nw_17_060_20211203 380
m_3607525_se_18_060_20210913 340
m_3607626_sw_18_060_20210827 357
m_3108855_sw_16_030_20211123 1400
921.6588950157166
