load envirionment

/work/csr33/images_for_predictions/naip_tiles/m_3008327_ne_17_060_20191113_20200114.tif
/work/csr33/images_for_predictions/naip_tiles/m_4107108_se_19_060_20210826.tif
/work/csr33/images_for_predictions/naip_tiles/m_2909231_ne_15_060_20190706_20191001.tif
/work/csr33/images_for_predictions/naip_tiles/m_2909026_ne_15_060_20190906_20191001.tif
/work/csr33/images_for_predictions/naip_tiles/m_2509704_ne_14_060_20201029.tif
/work/csr33/images_for_predictions/naip_tiles/m_3507616_sw_18_060_20201001.tif
/work/csr33/images_for_predictions/naip_tiles/m_3008748_ne_16_060_20191103_20200114.tif
/work/csr33/images_for_predictions/naip_tiles/m_3009234_ne_15_030_20211221.tif
/work/csr33/images_for_predictions/naip_tiles/m_4107404_ne_18_060_20211106.tif
/work/csr33/images_for_predictions/naip_tiles/m_3208140_nw_17_060_20210426.tif
/work/csr33/images_for_predictions/naip_tiles/m_4406801_se_19_060_20211006.tif
/work/csr33/images_for_predictions/naip_tiles/m_3311649_ne_11_060_20200415.tif
/work/csr33/images_for_predictions/naip_tiles/m_3407721_sw_18_060_20200930.tif
/work/csr33/images_for_predictions/naip_tiles/m_3707602_ne_18_060_20210912.tif
/work/csr33/images_for_predictions/naip_tiles/m_3907436_nw_18_060_20190730_20191209.tif
/work/csr33/images_for_predictions/naip_tiles/m_3807708_nw_18_060_20210617.tif
/work/csr33/images_for_predictions/naip_tiles/m_2809605_sw_14_060_20200501.tif
m_4406801_se_19_060_20211006 300
/work/csr33/images_for_predictions/naip_tiles/m_4207464_se_18_060_20211105.tif
m_3807708_nw_18_060_20210617 320
m_4107404_ne_18_060_20211106 320
m_3907436_nw_18_060_20190730_20191209 320
m_4107108_se_19_060_20210826 336
m_3008748_ne_16_060_20191103_20200114 340
m_3707602_ne_18_060_20210912 340
m_3507616_sw_18_060_20201001 340
m_3311649_ne_11_060_20200415 340
m_3208140_nw_17_060_20210426 340
m_2909231_ne_15_060_20190706_20191001 360
m_2509704_ne_14_060_20201029 360
m_2909026_ne_15_060_20190906_20191001 360
m_3008327_ne_17_060_20191113_20200114 360
m_3407721_sw_18_060_20200930 378
m_4207464_se_18_060_20211105 320
m_2809605_sw_14_060_20200501 360
m_3009234_ne_15_030_20211221 1326
571.0237057209015
