load envirionment

/work/csr33/images_for_predictions/naip_tiles/m_3507626_sw_18_060_20201031.tif
/work/csr33/images_for_predictions/naip_tiles/m_3009150_nw_15_030_20211113.tif
/work/csr33/images_for_predictions/naip_tiles/m_3008814_se_16_030_20211112.tif
/work/csr33/images_for_predictions/naip_tiles/m_3108160_ne_17_060_20211203.tif
/work/csr33/images_for_predictions/naip_tiles/m_3707739_nw_18_060_20210912.tif
/work/csr33/images_for_predictions/naip_tiles/m_4107435_ne_18_060_20211106.tif
/work/csr33/images_for_predictions/naip_tiles/m_3008712_sw_16_030_20211119.tif
/work/csr33/images_for_predictions/naip_tiles/m_2908323_sw_17_060_20211116.tif
/work/csr33/images_for_predictions/naip_tiles/m_3407617_ne_18_060_20201024.tif
/work/csr33/images_for_predictions/naip_tiles/m_3707526_ne_18_060_20211017.tif
/work/csr33/images_for_predictions/naip_tiles/m_3008613_sw_16_060_20191109_20200114.tif
/work/csr33/images_for_predictions/naip_tiles/m_4007304_se_18_060_20211106.tif
/work/csr33/images_for_predictions/naip_tiles/m_4107414_nw_18_060_20211106.tif
/work/csr33/images_for_predictions/naip_tiles/m_3307809_se_17_060_20210508.tif
/work/csr33/images_for_predictions/naip_tiles/m_3411933_sw_11_060_20200521.tif
/work/csr33/images_for_predictions/naip_tiles/m_2609721_sw_14_060_20201029.tif
/work/csr33/images_for_predictions/naip_tiles/m_3008820_se_16_030_20211119.tif
m_3707526_ne_18_060_20211017 320
/work/csr33/images_for_predictions/naip_tiles/m_3507637_sw_18_060_20201018.tif
m_4107435_ne_18_060_20211106 320
m_4107414_nw_18_060_20211106 320
m_4007304_se_18_060_20211106 336
m_3411933_sw_11_060_20200521 340
m_3008613_sw_16_060_20191109_20200114 340
m_3407617_ne_18_060_20201024 340
m_3707739_nw_18_060_20210912 340
m_3108160_ne_17_060_20211203 340
m_3307809_se_17_060_20210508 340
m_3507626_sw_18_060_20201031 357
m_2609721_sw_14_060_20201029 360
m_2908323_sw_17_060_20211116 378
m_3507637_sw_18_060_20201018 340
m_3009150_nw_15_030_20211113 1326
m_3008712_sw_16_030_20211119 1400
m_3008814_se_16_030_20211112 1400
m_3008820_se_16_030_20211119 1400
427.690878868103
