load envirionment

/work/csr33/images_for_predictions/naip_tiles/m_4207343_sw_18_060_20211107.tif
/work/csr33/images_for_predictions/naip_tiles/m_3009058_sw_15_030_20211119.tif
/work/csr33/images_for_predictions/naip_tiles/m_4307018_se_19_060_20211007.tif
/work/csr33/images_for_predictions/naip_tiles/m_4506832_ne_19_060_20210831.tif
/work/csr33/images_for_predictions/naip_tiles/m_3707744_nw_18_060_20210910.tif
/work/csr33/images_for_predictions/naip_tiles/m_3009259_se_15_060_20190706_20191001.tif
/work/csr33/images_for_predictions/naip_tiles/m_4207129_sw_19_060_20211024.tif
/work/csr33/images_for_predictions/naip_tiles/m_4307162_sw_19_060_20211024.tif
/work/csr33/images_for_predictions/naip_tiles/m_3108704_sw_16_030_20211115.tif
/work/csr33/images_for_predictions/naip_tiles/m_2609714_sw_14_060_20201029.tif
/work/csr33/images_for_predictions/naip_tiles/m_3008936_sw_16_030_20211114.tif
/work/csr33/images_for_predictions/naip_tiles/m_4107436_nw_18_060_20211106.tif
/work/csr33/images_for_predictions/naip_tiles/m_4207462_se_18_060_20211106.tif
/work/csr33/images_for_predictions/naip_tiles/m_3108130_nw_17_060_20191110_20200102.tif
/work/csr33/images_for_predictions/naip_tiles/m_4207310_se_18_060_20210920.tif
/work/csr33/images_for_predictions/naip_tiles/m_3008605_sw_16_060_20191109_20200114.tif
/work/csr33/images_for_predictions/naip_tiles/m_2709723_sw_14_060_20200430.tif
m_4506832_ne_19_060_20210831 300
/work/csr33/images_for_predictions/naip_tiles/m_3607652_sw_18_060_20200922.tif
m_4207462_se_18_060_20211106 320
m_3108130_nw_17_060_20191110_20200102 340
m_4307018_se_19_060_20211007 315
m_4207343_sw_18_060_20211107 320
m_4207310_se_18_060_20210920 320
m_4107436_nw_18_060_20211106 320
m_4207129_sw_19_060_20211024 336
m_4307162_sw_19_060_20211024 336
m_3707744_nw_18_060_20210910 340
m_3008605_sw_16_060_20191109_20200114 340
m_3009259_se_15_060_20190706_20191001 360
m_2609714_sw_14_060_20201029 360
m_2709723_sw_14_060_20200430 360
m_3607652_sw_18_060_20200922 357
m_3009058_sw_15_030_20211119 1365
m_3108704_sw_16_030_20211115 1400
m_3008936_sw_16_030_20211114 1476
434.3919713497162
