load envirionment

/work/csr33/images_for_predictions/naip_tiles/m_3607550_nw_18_060_20200516.tif
/work/csr33/images_for_predictions/naip_tiles/m_3009228_sw_15_060_20190905_20191001.tif
/work/csr33/images_for_predictions/naip_tiles/m_2508006_ne_17_060_20191120_20200113.tif
/work/csr33/images_for_predictions/naip_tiles/m_3607603_ne_18_060_20210912.tif
/work/csr33/images_for_predictions/naip_tiles/m_3208158_ne_17_060_20191109_20200102.tif
/work/csr33/images_for_predictions/naip_tiles/m_3108750_nw_16_030_20211115.tif
/work/csr33/images_for_predictions/naip_tiles/m_3507628_sw_18_060_20201018.tif
/work/csr33/images_for_predictions/naip_tiles/m_3009117_nw_15_030_20211113.tif
/work/csr33/images_for_predictions/naip_tiles/m_3907620_se_18_060_20210606.tif
/work/csr33/images_for_predictions/naip_tiles/m_3108110_se_17_060_20191110_20200102.tif
/work/csr33/images_for_predictions/naip_tiles/m_4506850_sw_19_060_20210816.tif
/work/csr33/images_for_predictions/naip_tiles/m_4107202_nw_18_060_20211105.tif
/work/csr33/images_for_predictions/naip_tiles/m_3311740_sw_11_060_20200428.tif
/work/csr33/images_for_predictions/naip_tiles/m_3008560_se_16_060_20191128_20200114.tif
/work/csr33/images_for_predictions/naip_tiles/m_4007440_se_18_060_20190809_20191209.tif
/work/csr33/images_for_predictions/naip_tiles/m_2708013_sw_17_060_20191215_20200113.tif
/work/csr33/images_for_predictions/naip_tiles/m_3108224_se_17_060_20191110_20200102.tif
m_4506850_sw_19_060_20210816 300
/work/csr33/images_for_predictions/naip_tiles/m_2608111_nw_17_060_20211223.tif
m_3607603_ne_18_060_20210912 340
m_3907620_se_18_060_20210606 320
m_4107202_nw_18_060_20211105 320
m_4007440_se_18_060_20190809_20191209 320
m_3607550_nw_18_060_20200516 340
m_3008560_se_16_060_20191128_20200114 340
m_3311740_sw_11_060_20200428 340
m_3108110_se_17_060_20191110_20200102 340
m_3208158_ne_17_060_20191109_20200102 340
m_3507628_sw_18_060_20201018 357
m_3009228_sw_15_060_20190905_20191001 360
m_2508006_ne_17_060_20191120_20200113 360
m_2708013_sw_17_060_20191215_20200113 360
m_3108224_se_17_060_20191110_20200102 340
m_2608111_nw_17_060_20211223 360
m_3009117_nw_15_030_20211113 1326
m_3108750_nw_16_030_20211115 1400
360.2827715873718
