load envirionment

/work/csr33/images_for_predictions/naip_tiles/m_4307058_ne_19_060_20211007.tif
/work/csr33/images_for_predictions/naip_tiles/m_3009343_nw_15_060_20201031.tif
/work/csr33/images_for_predictions/naip_tiles/m_2908057_nw_17_060_20211130.tif
/work/csr33/images_for_predictions/naip_tiles/m_3208159_se_17_060_20191109_20200102.tif
/work/csr33/images_for_predictions/naip_tiles/m_3311740_nw_11_060_20200422.tif
/work/csr33/images_for_predictions/naip_tiles/m_3707506_ne_18_060_20211017.tif
/work/csr33/images_for_predictions/naip_tiles/m_4307036_sw_19_060_20211007.tif
/work/csr33/images_for_predictions/naip_tiles/m_3907505_nw_18_060_20191019_20191203.tif
/work/csr33/images_for_predictions/naip_tiles/m_3008604_sw_16_060_20191109_20200114.tif
/work/csr33/images_for_predictions/naip_tiles/m_3507714_sw_18_060_20200922.tif
/work/csr33/images_for_predictions/naip_tiles/m_3311814_sw_11_060_20200505.tif
/work/csr33/images_for_predictions/naip_tiles/m_4107019_se_19_060_20210904.tif
/work/csr33/images_for_predictions/naip_tiles/m_3507649_se_18_060_20201031.tif
/work/csr33/images_for_predictions/naip_tiles/m_3208123_sw_17_060_20210426.tif
/work/csr33/images_for_predictions/naip_tiles/m_3008152_ne_17_060_20211129.tif
/work/csr33/images_for_predictions/naip_tiles/m_3108239_ne_17_060_20191110_20200102.tif
/work/csr33/images_for_predictions/naip_tiles/m_3507621_nw_18_060_20200922.tif
m_3707506_ne_18_060_20211017 320
/work/csr33/images_for_predictions/naip_tiles/m_3009362_sw_15_060_20190706_20191001.tif
m_4307058_ne_19_060_20211007 320
m_3907505_nw_18_060_20191019_20191203 320
m_4107019_se_19_060_20210904 336
m_3208123_sw_17_060_20210426 340
m_3009343_nw_15_060_20201031 340
m_3108239_ne_17_060_20191110_20200102 340
m_3008604_sw_16_060_20191109_20200114 340
m_3311814_sw_11_060_20200505 340
m_4307036_sw_19_060_20211007 336
m_3311740_nw_11_060_20200422 340
m_2908057_nw_17_060_20211130 360
m_3208159_se_17_060_20191109_20200102 340
m_3507649_se_18_060_20201031 357
m_3507714_sw_18_060_20200922 357
m_3008152_ne_17_060_20211129 360
m_3507621_nw_18_060_20200922 340
m_3009362_sw_15_060_20190706_20191001 360
330.8373885154724
