load envirionment

/work/csr33/images_for_predictions/naip_tiles/m_4007210_nw_18_060_20211105.tif
/work/csr33/images_for_predictions/naip_tiles/m_3607638_sw_18_060_20201001.tif
/work/csr33/images_for_predictions/naip_tiles/m_3008617_se_16_060_20191103_20200114.tif
/work/csr33/images_for_predictions/naip_tiles/m_3009141_nw_15_030_20211113.tif
/work/csr33/images_for_predictions/naip_tiles/m_3008742_nw_16_030_20211113.tif
/work/csr33/images_for_predictions/naip_tiles/m_3008319_sw_17_060_20211222.tif
/work/csr33/images_for_predictions/naip_tiles/m_3707646_ne_18_060_20210926.tif
/work/csr33/images_for_predictions/naip_tiles/m_4406707_se_19_060_20210711.tif
/work/csr33/images_for_predictions/naip_tiles/m_3907544_nw_18_060_20210630.tif
/work/csr33/images_for_predictions/naip_tiles/m_3507627_ne_18_060_20201018.tif
/work/csr33/images_for_predictions/naip_tiles/m_2709736_nw_14_060_20200430.tif
/work/csr33/images_for_predictions/naip_tiles/m_3707661_nw_18_060_20210926.tif
/work/csr33/images_for_predictions/naip_tiles/m_3507652_ne_18_060_20201018.tif
/work/csr33/images_for_predictions/naip_tiles/m_3307958_nw_17_060_20210508.tif
/work/csr33/images_for_predictions/naip_tiles/m_4107338_se_18_060_20211103.tif
/work/csr33/images_for_predictions/naip_tiles/m_2808261_se_17_060_20211130.tif
/work/csr33/images_for_predictions/naip_tiles/m_3307946_nw_17_060_20210501.tif
m_4406707_se_19_060_20210711 315
/work/csr33/images_for_predictions/naip_tiles/m_2709704_ne_14_060_20200430.tif
m_4107338_se_18_060_20211103 336
m_3907544_nw_18_060_20210630 320
m_4007210_nw_18_060_20211105 320
m_3707661_nw_18_060_20210926 340
m_3607638_sw_18_060_20201001 340
m_3507627_ne_18_060_20201018 340
m_3307958_nw_17_060_20210508 340
m_3008617_se_16_060_20191103_20200114 340
m_3707646_ne_18_060_20210926 340
m_3507652_ne_18_060_20201018 340
m_3008319_sw_17_060_20211222 360
m_2709736_nw_14_060_20200430 360
m_2808261_se_17_060_20211130 360
m_3307946_nw_17_060_20210501 340
m_2709704_ne_14_060_20200430 360
m_3009141_nw_15_030_20211113 1326
m_3008742_nw_16_030_20211113 1400
419.88974142074585
