load envirionment

/work/csr33/images_for_predictions/naip_tiles/m_2708228_sw_17_060_20211130.tif
/work/csr33/images_for_predictions/naip_tiles/m_4207341_ne_18_060_20210920.tif
/work/csr33/images_for_predictions/naip_tiles/m_2708158_nw_17_060_20211204.tif
/work/csr33/images_for_predictions/naip_tiles/m_2609705_nw_14_060_20200430.tif
/work/csr33/images_for_predictions/naip_tiles/m_2908401_se_16_060_20191128_20200114.tif
/work/csr33/images_for_predictions/naip_tiles/m_3307938_se_17_060_20210501.tif
/work/csr33/images_for_predictions/naip_tiles/m_3008611_nw_16_060_20191109_20200114.tif
/work/csr33/images_for_predictions/naip_tiles/m_3607603_sw_18_060_20210827.tif
/work/csr33/images_for_predictions/naip_tiles/m_2909211_sw_15_060_20190706_20191001.tif
/work/csr33/images_for_predictions/naip_tiles/m_3707610_sw_18_060_20210827.tif
/work/csr33/images_for_predictions/naip_tiles/m_4407064_ne_19_060_20210827.tif
/work/csr33/images_for_predictions/naip_tiles/m_2708061_nw_17_060_20191215_20200113.tif
/work/csr33/images_for_predictions/naip_tiles/m_3008918_ne_16_030_20211119.tif
/work/csr33/images_for_predictions/naip_tiles/m_3008561_sw_16_060_20191118_20200114.tif
/work/csr33/images_for_predictions/naip_tiles/m_3307934_ne_17_060_20210508.tif
/work/csr33/images_for_predictions/naip_tiles/m_4007445_nw_18_060_20190730_20191209.tif
/work/csr33/images_for_predictions/naip_tiles/m_3707737_ne_18_060_20210910.tif
m_4007445_nw_18_060_20190730_20191209 300
/work/csr33/images_for_predictions/naip_tiles/m_3108830_sw_16_030_20211123.tif
m_4407064_ne_19_060_20210827 300
m_4207341_ne_18_060_20210920 320
m_3307938_se_17_060_20210501 340
m_3008611_nw_16_060_20191109_20200114 340
m_3307934_ne_17_060_20210508 340
m_3008561_sw_16_060_20191118_20200114 340
m_3707610_sw_18_060_20210827 357
m_2708158_nw_17_060_20211204 360
m_2708228_sw_17_060_20211130 360
m_3607603_sw_18_060_20210827 357
m_2609705_nw_14_060_20200430 360
m_2708061_nw_17_060_20191215_20200113 360
m_2909211_sw_15_060_20190706_20191001 360
m_2908401_se_16_060_20191128_20200114 360
m_3707737_ne_18_060_20210910 340
m_3008918_ne_16_030_20211119 1400
m_3108830_sw_16_030_20211123 1400
555.0351042747498
