load envirionment

/work/csr33/images_for_predictions/naip_tiles/m_4207121_ne_19_060_20211024.tif
/work/csr33/images_for_predictions/naip_tiles/m_4107349_ne_18_060_20211105.tif
/work/csr33/images_for_predictions/naip_tiles/m_3507737_sw_18_060_20200930.tif
/work/csr33/images_for_predictions/naip_tiles/m_3008603_sw_16_060_20191109_20200114.tif
/work/csr33/images_for_predictions/naip_tiles/m_3008101_sw_17_060_20191110_20200108.tif
/work/csr33/images_for_predictions/naip_tiles/m_3009444_nw_15_060_20201112.tif
/work/csr33/images_for_predictions/naip_tiles/m_3208014_nw_17_060_20210426.tif
/work/csr33/images_for_predictions/naip_tiles/m_4207456_nw_18_060_20210920.tif
/work/csr33/images_for_predictions/naip_tiles/m_2909403_nw_15_060_20201112.tif
/work/csr33/images_for_predictions/naip_tiles/m_3307942_se_17_060_20210508.tif
/work/csr33/images_for_predictions/naip_tiles/m_3807554_ne_18_060_20210605.tif
/work/csr33/images_for_predictions/naip_tiles/m_4107228_nw_18_060_20211001.tif
/work/csr33/images_for_predictions/naip_tiles/m_4307042_nw_19_060_20211007.tif
/work/csr33/images_for_predictions/naip_tiles/m_4406828_nw_19_060_20210914.tif
/work/csr33/images_for_predictions/naip_tiles/m_4207327_ne_18_060_20211107.tif
/work/csr33/images_for_predictions/naip_tiles/m_2909402_ne_15_060_20201118.tif
/work/csr33/images_for_predictions/naip_tiles/m_2608101_sw_17_060_20211223.tif
m_4406828_nw_19_060_20210914 300
/work/csr33/images_for_predictions/naip_tiles/m_3307936_sw_17_060_20210501.tif
m_4107228_nw_18_060_20211001 320
m_4107349_ne_18_060_20211105 320
m_4307042_nw_19_060_20211007 320
m_4207327_ne_18_060_20211107 320
m_4207456_nw_18_060_20210920 320
m_4207121_ne_19_060_20211024 320
m_3807554_ne_18_060_20210605 320
m_3307942_se_17_060_20210508 340
m_3208014_nw_17_060_20210426 340
m_3008101_sw_17_060_20191110_20200108 340
m_3008603_sw_16_060_20191109_20200114 340
m_3009444_nw_15_060_20201112 340
m_3507737_sw_18_060_20200930 357
m_2909403_nw_15_060_20201112 360
m_2909402_ne_15_060_20201118 360
m_2608101_sw_17_060_20211223 360
m_3307936_sw_17_060_20210501 340
241.85045289993286
