load envirionment

/work/csr33/images_for_predictions/naip_tiles/m_3009459_se_15_060_20201112.tif
/work/csr33/images_for_predictions/naip_tiles/m_3707643_nw_18_060_20210912.tif
/work/csr33/images_for_predictions/naip_tiles/m_3607746_ne_18_060_20200922.tif
/work/csr33/images_for_predictions/naip_tiles/m_2609711_ne_14_060_20201217.tif
/work/csr33/images_for_predictions/naip_tiles/m_2508033_ne_17_060_20211203.tif
/work/csr33/images_for_predictions/naip_tiles/m_3907512_ne_18_060_20210630.tif
/work/csr33/images_for_predictions/naip_tiles/m_3009337_nw_15_060_20190901_20191001.tif
/work/csr33/images_for_predictions/naip_tiles/m_3507738_ne_18_060_20200930.tif
/work/csr33/images_for_predictions/naip_tiles/m_3008834_se_16_030_20211114.tif
/work/csr33/images_for_predictions/naip_tiles/m_2808009_se_17_060_20191202_20200113.tif
/work/csr33/images_for_predictions/naip_tiles/m_3008808_se_16_030_20211112.tif
/work/csr33/images_for_predictions/naip_tiles/m_3311658_nw_11_060_20200415.tif
/work/csr33/images_for_predictions/naip_tiles/m_2508116_ne_17_060_20191203_20200113.tif
/work/csr33/images_for_predictions/naip_tiles/m_3008149_nw_17_060_20211202.tif
/work/csr33/images_for_predictions/naip_tiles/m_3507754_nw_18_060_20200930.tif
/work/csr33/images_for_predictions/naip_tiles/m_3207909_se_17_060_20210426.tif
/work/csr33/images_for_predictions/naip_tiles/m_3208116_ne_17_060_20210426.tif
m_3907512_ne_18_060_20210630 320
/work/csr33/images_for_predictions/naip_tiles/m_2909401_sw_15_060_20201112.tif
m_3707643_nw_18_060_20210912 340
m_3311658_nw_11_060_20200415 340
m_3009459_se_15_060_20201112 340
m_3207909_se_17_060_20210426 340
m_3507754_nw_18_060_20200930 340
m_3607746_ne_18_060_20200922 340
m_2808009_se_17_060_20191202_20200113 340
m_2508033_ne_17_060_20211203 360
m_3008149_nw_17_060_20211202 360
m_2508116_ne_17_060_20191203_20200113 360
m_3507738_ne_18_060_20200930 340
m_3009337_nw_15_060_20190901_20191001 360
m_2609711_ne_14_060_20201217 360
m_2909401_sw_15_060_20201112 360
m_3208116_ne_17_060_20210426 340
m_3008808_se_16_030_20211112 1400
m_3008834_se_16_030_20211114 1400
397.87810349464417
