load envirionment

/work/csr33/images_for_predictions/naip_tiles/m_3308053_nw_17_060_20210501.tif
/work/csr33/images_for_predictions/naip_tiles/m_4307010_sw_19_060_20211007.tif
/work/csr33/images_for_predictions/naip_tiles/m_3108144_sw_17_060_20211203.tif
/work/csr33/images_for_predictions/naip_tiles/m_2809611_nw_14_060_20201107.tif
/work/csr33/images_for_predictions/naip_tiles/m_4506826_nw_19_060_20210816.tif
/work/csr33/images_for_predictions/naip_tiles/m_4307018_sw_19_060_20211007.tif
/work/csr33/images_for_predictions/naip_tiles/m_3009309_nw_15_060_20201006.tif
/work/csr33/images_for_predictions/naip_tiles/m_3907417_sw_18_060_20190830_20191209.tif
/work/csr33/images_for_predictions/naip_tiles/m_4007446_ne_18_060_20190730_20191209.tif
/work/csr33/images_for_predictions/naip_tiles/m_3412005_se_10_060_20200607.tif
/work/csr33/images_for_predictions/naip_tiles/m_4207440_se_18_060_20210920.tif
/work/csr33/images_for_predictions/naip_tiles/m_2508103_sw_17_060_20211223.tif
/work/csr33/images_for_predictions/naip_tiles/m_3807608_se_18_060_20211020.tif
/work/csr33/images_for_predictions/naip_tiles/m_3009215_ne_15_030_20211212.tif
/work/csr33/images_for_predictions/naip_tiles/m_2808245_sw_17_060_20211130.tif
/work/csr33/images_for_predictions/naip_tiles/m_3008640_sw_16_060_20191109_20200114.tif
/work/csr33/images_for_predictions/naip_tiles/m_2909022_se_15_030_20211123.tif
m_3807608_se_18_060_20211020 320
/work/csr33/images_for_predictions/naip_tiles/m_2809642_sw_14_060_20201029.tif
m_4506826_nw_19_060_20210816 300
m_3907417_sw_18_060_20190830_20191209 320
m_4207440_se_18_060_20210920 320
m_4007446_ne_18_060_20190730_20191209 320
m_4307010_sw_19_060_20211007 336
m_4307018_sw_19_060_20211007 336
m_3412005_se_10_060_20200607 340
m_3009309_nw_15_060_20201006 340
m_3308053_nw_17_060_20210501 340
m_3008640_sw_16_060_20191109_20200114 340
m_3108144_sw_17_060_20211203 340
m_2809611_nw_14_060_20201107 360
m_2808245_sw_17_060_20211130 360
m_2508103_sw_17_060_20211223 380
m_2809642_sw_14_060_20201029 360
m_3009215_ne_15_030_20211212 1326
m_2909022_se_15_030_20211123 1365
430.6107358932495
