load envirionment

/work/csr33/images_for_predictions/naip_tiles/m_3807650_se_18_060_20210910.tif
/work/csr33/images_for_predictions/naip_tiles/m_3707734_sw_18_060_20210628.tif
/work/csr33/images_for_predictions/naip_tiles/m_4207164_se_19_060_20210826.tif
/work/csr33/images_for_predictions/naip_tiles/m_2709759_se_14_060_20200501.tif
/work/csr33/images_for_predictions/naip_tiles/m_4107230_ne_18_060_20210926.tif
/work/csr33/images_for_predictions/naip_tiles/m_3807635_se_18_060_20210617.tif
/work/csr33/images_for_predictions/naip_tiles/m_3707728_nw_18_060_20210910.tif
/work/csr33/images_for_predictions/naip_tiles/m_3009443_se_15_060_20201112.tif
/work/csr33/images_for_predictions/naip_tiles/m_3008931_nw_16_030_20211119.tif
/work/csr33/images_for_predictions/naip_tiles/m_2809604_se_14_060_20201106.tif
/work/csr33/images_for_predictions/naip_tiles/m_3008248_se_17_060_20211202.tif
/work/csr33/images_for_predictions/naip_tiles/m_4306904_nw_19_060_20211006.tif
/work/csr33/images_for_predictions/naip_tiles/m_2609711_sw_14_060_20201216.tif
/work/csr33/images_for_predictions/naip_tiles/m_4506812_nw_19_060_20211006.tif
/work/csr33/images_for_predictions/naip_tiles/m_3008326_se_17_060_20191113_20200114.tif
/work/csr33/images_for_predictions/naip_tiles/m_3208140_ne_17_060_20210426.tif
/work/csr33/images_for_predictions/naip_tiles/m_4207113_ne_19_060_20211024.tif
m_4306904_nw_19_060_20211006 300
/work/csr33/images_for_predictions/naip_tiles/m_3707735_se_18_060_20210628.tif
m_4506812_nw_19_060_20211006 300
m_3807635_se_18_060_20210617 320
m_4107230_ne_18_060_20210926 320
m_3009443_se_15_060_20201112 340
m_4207164_se_19_060_20210826 336
m_3707728_nw_18_060_20210910 340
m_3208140_ne_17_060_20210426 340
m_3707734_sw_18_060_20210628 357
m_3008326_se_17_060_20191113_20200114 360
m_2609711_sw_14_060_20201216 360
m_2709759_se_14_060_20200501 360
m_2809604_se_14_060_20201106 360
m_3807650_se_18_060_20210910 357
m_3008248_se_17_060_20211202 360
m_4207113_ne_19_060_20211024 320
m_3707735_se_18_060_20210628 357
m_3008931_nw_16_030_20211119 1440
645.9904341697693
