load envirionment

/work/csr33/images_for_predictions/naip_tiles/m_2808262_ne_17_060_20211130.tif
/work/csr33/images_for_predictions/naip_tiles/m_3707764_nw_18_060_20210827.tif
/work/csr33/images_for_predictions/naip_tiles/m_3009050_sw_15_030_20211119.tif
/work/csr33/images_for_predictions/naip_tiles/m_2809657_se_14_060_20200430.tif
/work/csr33/images_for_predictions/naip_tiles/m_2909520_sw_15_060_20201030.tif
/work/csr33/images_for_predictions/naip_tiles/m_4007306_sw_18_060_20211103.tif
/work/csr33/images_for_predictions/naip_tiles/m_4506761_ne_19_060_20210723.tif
/work/csr33/images_for_predictions/naip_tiles/m_3208144_ne_17_060_20191109_20200102.tif
/work/csr33/images_for_predictions/naip_tiles/m_3008239_nw_17_060_20211202.tif
/work/csr33/images_for_predictions/naip_tiles/m_4207116_ne_19_060_20211024.tif
/work/csr33/images_for_predictions/naip_tiles/m_4107055_ne_19_060_20210826.tif
/work/csr33/images_for_predictions/naip_tiles/m_3907660_ne_18_060_20210606.tif
/work/csr33/images_for_predictions/naip_tiles/m_4107226_nw_18_060_20211105.tif
/work/csr33/images_for_predictions/naip_tiles/m_2709714_ne_14_060_20200430.tif
/work/csr33/images_for_predictions/naip_tiles/m_2908902_nw_16_030_20211129.tif
/work/csr33/images_for_predictions/naip_tiles/m_2709761_nw_14_060_20200430.tif
/work/csr33/images_for_predictions/naip_tiles/m_3108847_sw_16_030_20211123.tif
m_4506761_ne_19_060_20210723 300
/work/csr33/images_for_predictions/naip_tiles/m_3411841_sw_11_060_20200521.tif
m_4207116_ne_19_060_20211024 320
m_4107226_nw_18_060_20211105 320
m_3907660_ne_18_060_20210606 320
m_4107055_ne_19_060_20210826 320
m_3707764_nw_18_060_20210827 340
m_4007306_sw_18_060_20211103 336
m_3208144_ne_17_060_20191109_20200102 340
m_2808262_ne_17_060_20211130 360
m_2809657_se_14_060_20200430 360
m_2909520_sw_15_060_20201030 360
m_2709714_ne_14_060_20200430 360
m_2709761_nw_14_060_20200430 360
m_3008239_nw_17_060_20211202 360
m_3411841_sw_11_060_20200521 340
m_3009050_sw_15_030_20211119 1365
m_2908902_nw_16_030_20211129 1365
m_3108847_sw_16_030_20211123 1400
366.6164734363556
