load envirionment

/work/csr33/images_for_predictions/naip_tiles/m_4107240_ne_18_060_20210926.tif
/work/csr33/images_for_predictions/naip_tiles/m_3009311_se_15_060_20201104.tif
/work/csr33/images_for_predictions/naip_tiles/m_3308060_sw_17_060_20210501.tif
/work/csr33/images_for_predictions/naip_tiles/m_4506850_nw_19_060_20210816.tif
/work/csr33/images_for_predictions/naip_tiles/m_4107108_ne_19_060_20210826.tif
/work/csr33/images_for_predictions/naip_tiles/m_3009029_se_15_030_20211115.tif
/work/csr33/images_for_predictions/naip_tiles/m_4506717_se_19_060_20210815.tif
/work/csr33/images_for_predictions/naip_tiles/m_3407828_ne_17_060_20200603.tif
/work/csr33/images_for_predictions/naip_tiles/m_2908112_sw_17_060_20211129.tif
/work/csr33/images_for_predictions/naip_tiles/m_3108138_nw_17_060_20191110_20200102.tif
/work/csr33/images_for_predictions/naip_tiles/m_3907413_ne_18_060_20190730_20191209.tif
/work/csr33/images_for_predictions/naip_tiles/m_2808010_nw_17_060_20211130.tif
/work/csr33/images_for_predictions/naip_tiles/m_4207026_se_19_060_20210904.tif
/work/csr33/images_for_predictions/naip_tiles/m_4606851_sw_19_060_20210817.tif
/work/csr33/images_for_predictions/naip_tiles/m_2808264_nw_17_060_20211202.tif
/work/csr33/images_for_predictions/naip_tiles/m_3311653_sw_11_060_20200415.tif
/work/csr33/images_for_predictions/naip_tiles/m_2909003_se_15_060_20190707_20191001.tif
m_4506717_se_19_060_20210815 300
/work/csr33/images_for_predictions/naip_tiles/m_2909121_nw_15_060_20190706_20191001.tif
m_4606851_sw_19_060_20210817 300
m_4506850_nw_19_060_20210816 300
m_3907413_ne_18_060_20190730_20191209 320
m_4107240_ne_18_060_20210926 320
m_4107108_ne_19_060_20210826 320
m_4207026_se_19_060_20210904 336
m_3009311_se_15_060_20201104 340
m_3311653_sw_11_060_20200415 340
m_3108138_nw_17_060_20191110_20200102 340
m_3308060_sw_17_060_20210501 340
m_3407828_ne_17_060_20200603 340
m_2808264_nw_17_060_20211202 360
m_2908112_sw_17_060_20211129 360
m_2808010_nw_17_060_20211130 360
m_2909121_nw_15_060_20190706_20191001 360
m_2909003_se_15_060_20190707_20191001 378
m_3009029_se_15_030_20211115 1365
495.91187930107117
