load envirionment

/work/csr33/images_for_predictions/naip_tiles/m_2708262_sw_17_060_20211204.tif
/work/csr33/images_for_predictions/naip_tiles/m_4406723_nw_19_060_20210711.tif
/work/csr33/images_for_predictions/naip_tiles/m_3512064_sw_10_060_20200522.tif
/work/csr33/images_for_predictions/naip_tiles/m_4506761_sw_19_060_20210723.tif
/work/csr33/images_for_predictions/naip_tiles/m_3307810_nw_17_060_20210508.tif
/work/csr33/images_for_predictions/naip_tiles/m_3008810_nw_16_030_20211112.tif
/work/csr33/images_for_predictions/naip_tiles/m_3311628_se_11_060_20200415.tif
/work/csr33/images_for_predictions/naip_tiles/m_2909036_sw_15_030_20211130.tif
/work/csr33/images_for_predictions/naip_tiles/m_3008335_se_17_060_20191113_20200114.tif
/work/csr33/images_for_predictions/naip_tiles/m_3008813_ne_16_030_20211112.tif
/work/csr33/images_for_predictions/naip_tiles/m_3407859_sw_17_060_20210508.tif
/work/csr33/images_for_predictions/naip_tiles/m_3311901_nw_11_060_20200607.tif
/work/csr33/images_for_predictions/naip_tiles/m_2809631_sw_14_060_20201029.tif
/work/csr33/images_for_predictions/naip_tiles/m_2909056_ne_15_030_20211115.tif
/work/csr33/images_for_predictions/naip_tiles/m_3009256_se_15_030_20211114.tif
/work/csr33/images_for_predictions/naip_tiles/m_3108824_ne_16_030_20211120.tif
/work/csr33/images_for_predictions/naip_tiles/m_2709730_nw_14_060_20200430.tif
m_4406723_nw_19_060_20210711 300
/work/csr33/images_for_predictions/naip_tiles/m_3407730_nw_18_060_20201031.tif
m_3307810_nw_17_060_20210508 340
m_4506761_sw_19_060_20210723 315
m_3407859_sw_17_060_20210508 340
m_3311628_se_11_060_20200415 340
m_3311901_nw_11_060_20200607 340
m_3512064_sw_10_060_20200522 340
m_2809631_sw_14_060_20201029 360
m_3008335_se_17_060_20191113_20200114 360
m_2708262_sw_17_060_20211204 380
m_2709730_nw_14_060_20200430 360
m_3407730_nw_18_060_20201031 360
m_3009256_se_15_030_20211114 1326
m_2909056_ne_15_030_20211115 1365
m_2909036_sw_15_030_20211130 1365
m_3108824_ne_16_030_20211120 1400
m_3008813_ne_16_030_20211112 1400
m_3008810_nw_16_030_20211112 1440
567.1847867965698
