load envirionment

/work/csr33/images_for_predictions/naip_tiles/m_3907409_sw_18_060_20190830_20191209.tif
/work/csr33/images_for_predictions/naip_tiles/m_4606844_nw_19_060_20210817.tif
/work/csr33/images_for_predictions/naip_tiles/m_4207057_se_19_060_20210826.tif
/work/csr33/images_for_predictions/naip_tiles/m_2708018_nw_17_060_20191129_20200113.tif
/work/csr33/images_for_predictions/naip_tiles/m_4107318_sw_18_060_20211105.tif
/work/csr33/images_for_predictions/naip_tiles/m_3008736_ne_16_030_20211113.tif
/work/csr33/images_for_predictions/naip_tiles/m_3707603_sw_18_060_20210912.tif
/work/csr33/images_for_predictions/naip_tiles/m_3108254_se_17_060_20191110_20200102.tif
/work/csr33/images_for_predictions/naip_tiles/m_4107132_ne_19_060_20210826.tif
/work/csr33/images_for_predictions/naip_tiles/m_3507716_nw_18_060_20200922.tif
/work/csr33/images_for_predictions/naip_tiles/m_3009012_ne_15_060_20190726_20191001.tif
/work/csr33/images_for_predictions/naip_tiles/m_3311720_sw_11_060_20200423.tif
/work/csr33/images_for_predictions/naip_tiles/m_3407735_se_18_060_20200904.tif
/work/csr33/images_for_predictions/naip_tiles/m_4207330_nw_18_060_20211106.tif
/work/csr33/images_for_predictions/naip_tiles/m_2609714_nw_14_060_20201029.tif
/work/csr33/images_for_predictions/naip_tiles/m_3707619_ne_18_060_20210926.tif
/work/csr33/images_for_predictions/naip_tiles/m_3707606_se_18_060_20210926.tif
m_3907409_sw_18_060_20190830_20191209 300
/work/csr33/images_for_predictions/naip_tiles/m_2909041_se_15_060_20190830_20191001.tif
m_4606844_nw_19_060_20210817 300
m_4107318_sw_18_060_20211105 320
m_4107132_ne_19_060_20210826 320
m_4207330_nw_18_060_20211106 320
m_4207057_se_19_060_20210826 336
m_3108254_se_17_060_20191110_20200102 340
m_3507716_nw_18_060_20200922 340
m_3707619_ne_18_060_20210926 340
m_3311720_sw_11_060_20200423 340
m_3707603_sw_18_060_20210912 357
m_2609714_nw_14_060_20201029 360
m_3009012_ne_15_060_20190726_20191001 360
m_2708018_nw_17_060_20191129_20200113 360
m_3407735_se_18_060_20200904 357
m_3707606_se_18_060_20210926 340
m_2909041_se_15_060_20190830_20191001 378
m_3008736_ne_16_030_20211113 1400
1263.086252450943
