load envirionment

/work/csr33/images_for_predictions/naip_tiles/m_4107439_sw_18_060_20211105.tif
/work/csr33/images_for_predictions/naip_tiles/m_3108861_se_16_030_20211123.tif
/work/csr33/images_for_predictions/naip_tiles/m_3607762_se_18_060_20200922.tif
/work/csr33/images_for_predictions/naip_tiles/m_2909512_nw_15_060_20201030.tif
/work/csr33/images_for_predictions/naip_tiles/m_3008730_sw_16_060_20191103_20200114.tif
/work/csr33/images_for_predictions/naip_tiles/m_3009047_ne_15_030_20211123.tif
/work/csr33/images_for_predictions/naip_tiles/m_3412024_sw_10_060_20200522.tif
/work/csr33/images_for_predictions/naip_tiles/m_3009035_ne_15_030_20211120.tif
/work/csr33/images_for_predictions/naip_tiles/m_3311701_se_11_060_20200424.tif
/work/csr33/images_for_predictions/naip_tiles/m_3009064_se_15_030_20211116.tif
/work/csr33/images_for_predictions/naip_tiles/m_3507631_nw_18_060_20201018.tif
/work/csr33/images_for_predictions/naip_tiles/m_3009038_ne_15_030_20211116.tif
/work/csr33/images_for_predictions/naip_tiles/m_3707603_ne_18_060_20210926.tif
/work/csr33/images_for_predictions/naip_tiles/m_3311731_nw_11_060_20200423.tif
/work/csr33/images_for_predictions/naip_tiles/m_2708063_nw_17_060_20191215_20200113.tif
/work/csr33/images_for_predictions/naip_tiles/m_3308032_sw_17_060_20210501.tif
/work/csr33/images_for_predictions/naip_tiles/m_4107423_ne_18_060_20211105.tif
m_4107439_sw_18_060_20211105 320
/work/csr33/images_for_predictions/naip_tiles/m_3008705_nw_16_030_20211115.tif
m_3308032_sw_17_060_20210501 340
m_3311701_se_11_060_20200424 340
m_3008730_sw_16_060_20191103_20200114 340
m_3412024_sw_10_060_20200522 340
m_3707603_ne_18_060_20210926 340
m_3507631_nw_18_060_20201018 340
m_3311731_nw_11_060_20200423 340
m_3607762_se_18_060_20200922 357
m_2909512_nw_15_060_20201030 360
m_2708063_nw_17_060_20191215_20200113 360
m_4107423_ne_18_060_20211105 320
m_3009064_se_15_030_20211116 1365
m_3009035_ne_15_030_20211120 1365
m_3009047_ne_15_030_20211123 1365
m_3009038_ne_15_030_20211116 1365
m_3108861_se_16_030_20211123 1400
m_3008705_nw_16_030_20211115 1400
1380.97025847435
