load envirionment

/work/csr33/images_for_predictions/naip_tiles/m_2909120_sw_15_060_20190706_20191001.tif
/work/csr33/images_for_predictions/naip_tiles/m_3907520_se_18_060_20210630.tif
/work/csr33/images_for_predictions/naip_tiles/m_3211619_se_11_060_20200415.tif
/work/csr33/images_for_predictions/naip_tiles/m_3807555_sw_18_060_20210605.tif
/work/csr33/images_for_predictions/naip_tiles/m_3311762_ne_11_060_20200520.tif
/work/csr33/images_for_predictions/naip_tiles/m_3009153_nw_15_030_20211114.tif
/work/csr33/images_for_predictions/naip_tiles/m_3407940_se_17_060_20200930.tif
/work/csr33/images_for_predictions/naip_tiles/m_3311708_ne_11_060_20200422.tif
/work/csr33/images_for_predictions/naip_tiles/m_3208019_se_17_060_20210426.tif
/work/csr33/images_for_predictions/naip_tiles/m_3307918_se_17_060_20210508.tif
/work/csr33/images_for_predictions/naip_tiles/m_4007315_se_18_060_20211106.tif
/work/csr33/images_for_predictions/naip_tiles/m_2508022_ne_17_060_20191126_20200113.tif
/work/csr33/images_for_predictions/naip_tiles/m_4207453_se_18_060_20211110.tif
/work/csr33/images_for_predictions/naip_tiles/m_2909552_nw_15_060_20201117.tif
/work/csr33/images_for_predictions/naip_tiles/m_3607647_ne_18_060_20201001.tif
/work/csr33/images_for_predictions/naip_tiles/m_3008608_sw_16_060_20191109_20200114.tif
/work/csr33/images_for_predictions/naip_tiles/m_3407841_ne_17_060_20200603.tif
m_3907520_se_18_060_20210630 320
/work/csr33/images_for_predictions/naip_tiles/m_3009147_nw_15_030_20211119.tif
m_3807555_sw_18_060_20210605 320
m_4207453_se_18_060_20211110 320
m_3208019_se_17_060_20210426 340
m_4007315_se_18_060_20211106 336
m_3607647_ne_18_060_20201001 340
m_3211619_se_11_060_20200415 340
m_3311762_ne_11_060_20200520 340
m_3307918_se_17_060_20210508 340
m_3311708_ne_11_060_20200422 340
m_3008608_sw_16_060_20191109_20200114 340
m_2909552_nw_15_060_20201117 360
m_2909120_sw_15_060_20190706_20191001 360
m_2508022_ne_17_060_20191126_20200113 360
m_3407940_se_17_060_20200930 357
m_3407841_ne_17_060_20200603 340
m_3009153_nw_15_030_20211114 1326
m_3009147_nw_15_030_20211119 1326
1086.201741218567
