load envirionment

/work/csr33/images_for_predictions/naip_tiles/m_3807529_sw_18_060_20211019.tif
/work/csr33/images_for_predictions/naip_tiles/m_3507745_ne_18_060_20200930.tif
/work/csr33/images_for_predictions/naip_tiles/m_4107218_nw_18_060_20211105.tif
/work/csr33/images_for_predictions/naip_tiles/m_4007211_ne_18_060_20211001.tif
/work/csr33/images_for_predictions/naip_tiles/m_4406717_se_19_060_20210815.tif
/work/csr33/images_for_predictions/naip_tiles/m_3807735_se_18_060_20210903.tif
/work/csr33/images_for_predictions/naip_tiles/m_3009144_se_15_030_20211114.tif
/work/csr33/images_for_predictions/naip_tiles/m_3307913_sw_17_060_20210501.tif
/work/csr33/images_for_predictions/naip_tiles/m_4406959_se_19_060_20210919.tif
/work/csr33/images_for_predictions/naip_tiles/m_4307058_nw_19_060_20211007.tif
/work/csr33/images_for_predictions/naip_tiles/m_4506805_sw_19_060_20210921.tif
/work/csr33/images_for_predictions/naip_tiles/m_3008214_ne_17_060_20191110_20200108.tif
/work/csr33/images_for_predictions/naip_tiles/m_3009257_ne_15_030_20211221.tif
/work/csr33/images_for_predictions/naip_tiles/m_4007562_sw_18_060_20191019_20191203.tif
/work/csr33/images_for_predictions/naip_tiles/m_3407704_nw_18_060_20200930.tif
/work/csr33/images_for_predictions/naip_tiles/m_4207314_nw_18_060_20211106.tif
/work/csr33/images_for_predictions/naip_tiles/m_3807764_ne_18_060_20210630.tif
m_4406959_se_19_060_20210919 300
/work/csr33/images_for_predictions/naip_tiles/m_4406710_nw_19_060_20210914.tif
m_4007211_ne_18_060_20211001 320
m_4406717_se_19_060_20210815 300
m_4506805_sw_19_060_20210921 300
m_4307058_nw_19_060_20211007 320
m_3807529_sw_18_060_20211019 320
m_4007562_sw_18_060_20191019_20191203 320
m_4107218_nw_18_060_20211105 320
m_4207314_nw_18_060_20211106 320
m_3507745_ne_18_060_20200930 340
m_3307913_sw_17_060_20210501 340
m_3008214_ne_17_060_20191110_20200108 340
m_3807735_se_18_060_20210903 357
m_3407704_nw_18_060_20200930 360
m_4406710_nw_19_060_20210914 300
m_3807764_ne_18_060_20210630 340
m_3009144_se_15_030_20211114 1326
m_3009257_ne_15_030_20211221 1326
546.8358583450317
