load envirionment

/work/csr33/images_for_predictions/naip_tiles/m_2608102_ne_17_060_20211223.tif
/work/csr33/images_for_predictions/naip_tiles/m_4107137_sw_19_060_20210826.tif
/work/csr33/images_for_predictions/naip_tiles/m_3907664_se_18_060_20211020.tif
/work/csr33/images_for_predictions/naip_tiles/m_3507632_sw_18_060_20201001.tif
/work/csr33/images_for_predictions/naip_tiles/m_4406906_nw_19_060_20210904.tif
/work/csr33/images_for_predictions/naip_tiles/m_2909442_se_15_060_20201116.tif
/work/csr33/images_for_predictions/naip_tiles/m_3009233_se_15_030_20211221.tif
/work/csr33/images_for_predictions/naip_tiles/m_3009407_sw_15_060_20201030.tif
/work/csr33/images_for_predictions/naip_tiles/m_3907519_nw_18_060_20211019.tif
/work/csr33/images_for_predictions/naip_tiles/m_3707620_se_18_060_20210926.tif
/work/csr33/images_for_predictions/naip_tiles/m_3807747_se_18_060_20210630.tif
/work/csr33/images_for_predictions/naip_tiles/m_4506821_se_19_060_20210921.tif
/work/csr33/images_for_predictions/naip_tiles/m_3009313_ne_15_030_20211122.tif
/work/csr33/images_for_predictions/naip_tiles/m_2909550_ne_15_060_20201117.tif
/work/csr33/images_for_predictions/naip_tiles/m_2909312_se_15_060_20190726_20191001.tif
/work/csr33/images_for_predictions/naip_tiles/m_2608143_ne_17_060_20211223.tif
/work/csr33/images_for_predictions/naip_tiles/m_4107210_sw_18_060_20211105.tif
m_4506821_se_19_060_20210921 300
/work/csr33/images_for_predictions/naip_tiles/m_3009040_se_15_060_20190830_20191015.tif
m_4406906_nw_19_060_20210904 300
m_2909442_se_15_060_20201116 360
m_3907519_nw_18_060_20211019 320
m_3907664_se_18_060_20211020 320
m_4107137_sw_19_060_20210826 336
m_3507632_sw_18_060_20201001 340
m_3009407_sw_15_060_20201030 340
m_3707620_se_18_060_20210926 340
m_2909312_se_15_060_20190726_20191001 360
m_3807747_se_18_060_20210630 357
m_2909550_ne_15_060_20201117 360
m_2608143_ne_17_060_20211223 360
m_2608102_ne_17_060_20211223 360
m_4107210_sw_18_060_20211105 336
m_3009040_se_15_060_20190830_20191015 378
m_3009313_ne_15_030_20211122 1326
m_3009233_se_15_030_20211221 1326
504.80340361595154
