load envirionment

/work/csr33/images_for_predictions/naip_tiles/m_4207145_sw_19_060_20210826.tif
/work/csr33/images_for_predictions/naip_tiles/m_3008605_se_16_060_20191109_20200114.tif
/work/csr33/images_for_predictions/naip_tiles/m_3008708_nw_16_030_20211109.tif
/work/csr33/images_for_predictions/naip_tiles/m_4306901_nw_19_060_20211006.tif
/work/csr33/images_for_predictions/naip_tiles/m_3009355_sw_15_060_20190905_20191001.tif
/work/csr33/images_for_predictions/naip_tiles/m_3411930_sw_11_060_20200521.tif
/work/csr33/images_for_predictions/naip_tiles/m_3507632_nw_18_060_20201001.tif
/work/csr33/images_for_predictions/naip_tiles/m_3008153_se_17_060_20211130.tif
/work/csr33/images_for_predictions/naip_tiles/m_3607541_se_18_060_20200516.tif
/work/csr33/images_for_predictions/naip_tiles/m_3707518_nw_18_060_20211017.tif
/work/csr33/images_for_predictions/naip_tiles/m_3507504_sw_18_060_20200516.tif
/work/csr33/images_for_predictions/naip_tiles/m_3108709_se_16_030_20211115.tif
/work/csr33/images_for_predictions/naip_tiles/m_3607620_nw_18_060_20210912.tif
/work/csr33/images_for_predictions/naip_tiles/m_2608020_se_17_060_20191207_20200113.tif
/work/csr33/images_for_predictions/naip_tiles/m_4107358_ne_18_060_20211105.tif
/work/csr33/images_for_predictions/naip_tiles/m_4406934_sw_19_060_20210827.tif
/work/csr33/images_for_predictions/naip_tiles/m_3009251_se_15_060_20190905_20191001.tif
m_4306901_nw_19_060_20211006 300
/work/csr33/images_for_predictions/naip_tiles/m_4207320_se_18_060_20211107.tif
m_4406934_sw_19_060_20210827 300
m_3707518_nw_18_060_20211017 340
m_4107358_ne_18_060_20211105 320
m_3009355_sw_15_060_20190905_20191001 360
m_4207145_sw_19_060_20210826 336
m_3411930_sw_11_060_20200521 340
m_3607620_nw_18_060_20210912 340
m_3607541_se_18_060_20200516 340
m_3507504_sw_18_060_20200516 340
m_3507632_nw_18_060_20201001 340
m_3008605_se_16_060_20191109_20200114 340
m_3008153_se_17_060_20211130 360
m_2608020_se_17_060_20191207_20200113 360
m_4207320_se_18_060_20211107 336
m_3009251_se_15_060_20190905_20191001 360
m_3008708_nw_16_030_20211109 1365
m_3108709_se_16_030_20211115 1400
345.853458404541
