load envirionment

/work/csr33/images_for_predictions/naip_tiles/m_3407821_ne_17_060_20200603.tif
/work/csr33/images_for_predictions/naip_tiles/m_3807609_nw_18_060_20210617.tif
/work/csr33/images_for_predictions/naip_tiles/m_3707626_nw_18_060_20210912.tif
/work/csr33/images_for_predictions/naip_tiles/m_2908523_ne_16_060_20191118_20200114.tif
/work/csr33/images_for_predictions/naip_tiles/m_3208027_nw_17_060_20210426.tif
/work/csr33/images_for_predictions/naip_tiles/m_2808231_se_17_060_20211201.tif
/work/csr33/images_for_predictions/naip_tiles/m_3412032_se_10_060_20200522.tif
/work/csr33/images_for_predictions/naip_tiles/m_4406844_ne_19_060_20210914.tif
/work/csr33/images_for_predictions/naip_tiles/m_3108125_ne_17_060_20191110_20200102.tif
/work/csr33/images_for_predictions/naip_tiles/m_4107003_sw_19_060_20210904.tif
/work/csr33/images_for_predictions/naip_tiles/m_4406801_ne_19_060_20211006.tif
/work/csr33/images_for_predictions/naip_tiles/m_2909536_sw_15_060_20201117.tif
/work/csr33/images_for_predictions/naip_tiles/m_3507634_nw_18_060_20201031.tif
/work/csr33/images_for_predictions/naip_tiles/m_3507739_sw_18_060_20200930.tif
/work/csr33/images_for_predictions/naip_tiles/m_2909434_sw_15_060_20201116.tif
/work/csr33/images_for_predictions/naip_tiles/m_3607645_se_18_060_20201001.tif
/work/csr33/images_for_predictions/naip_tiles/m_3108741_sw_16_030_20211115.tif
m_4406801_ne_19_060_20211006 300
/work/csr33/images_for_predictions/naip_tiles/m_3108119_ne_17_060_20191110_20200102.tif
m_4406844_ne_19_060_20210914 300
m_3807609_nw_18_060_20210617 320
m_3707626_nw_18_060_20210912 340
m_3108125_ne_17_060_20191110_20200102 340
m_3208027_nw_17_060_20210426 340
m_4107003_sw_19_060_20210904 336
m_3407821_ne_17_060_20200603 340
m_3412032_se_10_060_20200522 340
m_3607645_se_18_060_20201001 340
m_3507634_nw_18_060_20201031 340
m_2908523_ne_16_060_20191118_20200114 360
m_3507739_sw_18_060_20200930 357
m_2909434_sw_15_060_20201116 360
m_2909536_sw_15_060_20201117 360
m_2808231_se_17_060_20211201 360
m_3108119_ne_17_060_20191110_20200102 340
m_3108741_sw_16_030_20211115 1400
465.59700775146484
