load envirionment

/work/csr33/images_for_predictions/naip_tiles/m_2908303_sw_17_060_20191113_20200114.tif
/work/csr33/images_for_predictions/naip_tiles/m_3707633_se_18_060_20210827.tif
/work/csr33/images_for_predictions/naip_tiles/m_4307163_sw_19_060_20211024.tif
/work/csr33/images_for_predictions/naip_tiles/m_4307162_se_19_060_20211024.tif
/work/csr33/images_for_predictions/naip_tiles/m_3907458_se_18_060_20190730_20191209.tif
/work/csr33/images_for_predictions/naip_tiles/m_4107413_se_18_060_20211106.tif
/work/csr33/images_for_predictions/naip_tiles/m_4207303_sw_18_060_20211107.tif
/work/csr33/images_for_predictions/naip_tiles/m_3507764_se_18_060_20201031.tif
/work/csr33/images_for_predictions/naip_tiles/m_3312007_ne_10_060_20200607.tif
/work/csr33/images_for_predictions/naip_tiles/m_2909659_nw_14_060_20201107.tif
/work/csr33/images_for_predictions/naip_tiles/m_4207156_nw_19_060_20210826.tif
/work/csr33/images_for_predictions/naip_tiles/m_2908224_se_17_060_20211129.tif
/work/csr33/images_for_predictions/naip_tiles/m_2708135_ne_17_060_20191129_20200113.tif
/work/csr33/images_for_predictions/naip_tiles/m_3407613_sw_18_060_20201018.tif
/work/csr33/images_for_predictions/naip_tiles/m_4107217_nw_18_060_20211106.tif
/work/csr33/images_for_predictions/naip_tiles/m_3008723_nw_16_060_20191103_20200114.tif
/work/csr33/images_for_predictions/naip_tiles/m_3907551_sw_18_060_20210629.tif
m_4207303_sw_18_060_20211107 320
/work/csr33/images_for_predictions/naip_tiles/m_3707706_nw_18_060_20210630.tif
m_4207156_nw_19_060_20210826 320
m_4107217_nw_18_060_20211106 320
m_3907458_se_18_060_20190730_20191209 320
m_4107413_se_18_060_20211106 320
m_4307163_sw_19_060_20211024 336
m_4307162_se_19_060_20211024 336
m_3312007_ne_10_060_20200607 340
m_3407613_sw_18_060_20201018 340
m_3008723_nw_16_060_20191103_20200114 340
m_3707633_se_18_060_20210827 357
m_3507764_se_18_060_20201031 357
m_2908303_sw_17_060_20191113_20200114 360
m_2909659_nw_14_060_20201107 360
m_2708135_ne_17_060_20191129_20200113 360
m_2908224_se_17_060_20211129 360
m_3907551_sw_18_060_20210629 320
m_3707706_nw_18_060_20210630 340
851.5097677707672
