load envirionment

/work/csr33/images_for_predictions/naip_tiles/m_2908405_nw_16_060_20191129_20200114.tif
/work/csr33/images_for_predictions/naip_tiles/m_4406728_nw_19_060_20210907.tif
/work/csr33/images_for_predictions/naip_tiles/m_3907555_se_18_060_20190726_20191209.tif
/work/csr33/images_for_predictions/naip_tiles/m_3907650_sw_18_060_20210617.tif
/work/csr33/images_for_predictions/naip_tiles/m_4406952_nw_19_060_20210904.tif
/work/csr33/images_for_predictions/naip_tiles/m_4606835_se_19_060_20210817.tif
/work/csr33/images_for_predictions/naip_tiles/m_3108855_se_16_030_20211120.tif
/work/csr33/images_for_predictions/naip_tiles/m_3311660_sw_11_060_20200415.tif
/work/csr33/images_for_predictions/naip_tiles/m_3607653_nw_18_060_20201001.tif
/work/csr33/images_for_predictions/naip_tiles/m_4207317_sw_18_060_20210920.tif
/work/csr33/images_for_predictions/naip_tiles/m_2708211_nw_17_060_20211130.tif
/work/csr33/images_for_predictions/naip_tiles/m_2808034_se_17_060_20191202_20200113.tif
/work/csr33/images_for_predictions/naip_tiles/m_2909419_se_15_060_20201112.tif
/work/csr33/images_for_predictions/naip_tiles/m_2909132_sw_15_060_20190831_20191001.tif
/work/csr33/images_for_predictions/naip_tiles/m_2909134_ne_15_060_20190706_20191001.tif
/work/csr33/images_for_predictions/naip_tiles/m_3009051_ne_15_030_20211120.tif
/work/csr33/images_for_predictions/naip_tiles/m_4007312_ne_18_060_20211103.tif
m_4406952_nw_19_060_20210904 300
/work/csr33/images_for_predictions/naip_tiles/m_3211618_sw_11_060_20200425.tif
m_4606835_se_19_060_20210817 300
m_4406728_nw_19_060_20210907 300
m_4207317_sw_18_060_20210920 320
m_3907555_se_18_060_20190726_20191209 320
m_3907650_sw_18_060_20210617 320
m_2708211_nw_17_060_20211130 360
m_3607653_nw_18_060_20201001 340
m_3311660_sw_11_060_20200415 340
m_2808034_se_17_060_20191202_20200113 360
m_2909134_ne_15_060_20190706_20191001 360
m_2908405_nw_16_060_20191129_20200114 360
m_2909419_se_15_060_20201112 360
m_2909132_sw_15_060_20190831_20191001 378
m_4007312_ne_18_060_20211103 320
m_3211618_sw_11_060_20200425 340
m_3009051_ne_15_030_20211120 1365
m_3108855_se_16_030_20211120 1400
768.7144751548767
