load envirionment

/work/csr33/images_for_predictions/naip_tiles/m_2808255_sw_17_060_20211130.tif
/work/csr33/images_for_predictions/naip_tiles/m_2508156_ne_17_060_20211203.tif
/work/csr33/images_for_predictions/naip_tiles/m_3009347_ne_15_060_20190901_20191001.tif
/work/csr33/images_for_predictions/naip_tiles/m_3607644_se_18_060_20200922.tif
/work/csr33/images_for_predictions/naip_tiles/m_3008619_ne_16_060_20191109_20200114.tif
/work/csr33/images_for_predictions/naip_tiles/m_3407812_ne_17_060_20200603.tif
/work/csr33/images_for_predictions/naip_tiles/m_3008161_ne_17_060_20211130.tif
/work/csr33/images_for_predictions/naip_tiles/m_3108115_se_17_060_20211202.tif
/work/csr33/images_for_predictions/naip_tiles/m_3009046_se_15_030_20211116.tif
/work/csr33/images_for_predictions/naip_tiles/m_2609704_sw_14_060_20201209.tif
/work/csr33/images_for_predictions/naip_tiles/m_4207033_sw_19_060_20210826.tif
/work/csr33/images_for_predictions/naip_tiles/m_2809626_se_14_060_20201029.tif
/work/csr33/images_for_predictions/naip_tiles/m_3407712_ne_18_060_20200930.tif
/work/csr33/images_for_predictions/naip_tiles/m_3807612_nw_18_060_20211020.tif
/work/csr33/images_for_predictions/naip_tiles/m_3407722_se_18_060_20201031.tif
/work/csr33/images_for_predictions/naip_tiles/m_3008208_sw_17_060_20191110_20200108.tif
/work/csr33/images_for_predictions/naip_tiles/m_3009324_ne_15_060_20190904_20191001.tif
m_3008208_sw_17_060_20191110_20200108 340
/work/csr33/images_for_predictions/naip_tiles/m_3807639_nw_18_060_20210623.tif
m_3807612_nw_18_060_20211020 320
m_3108115_se_17_060_20211202 340
m_4207033_sw_19_060_20210826 336
m_3407712_ne_18_060_20200930 340
m_3607644_se_18_060_20200922 340
m_3008619_ne_16_060_20191109_20200114 340
m_3407812_ne_17_060_20200603 340
m_3407722_se_18_060_20201031 357
m_2609704_sw_14_060_20201209 360
m_3008161_ne_17_060_20211130 360
m_2808255_sw_17_060_20211130 360
m_3009347_ne_15_060_20190901_20191001 360
m_2809626_se_14_060_20201029 360
m_2508156_ne_17_060_20211203 360
m_3807639_nw_18_060_20210623 320
m_3009324_ne_15_060_20190904_20191001 360
m_3009046_se_15_030_20211116 1365
358.2081117630005
