load envirionment

/work/csr33/images_for_predictions/naip_tiles/m_3407845_nw_17_060_20200922.tif
/work/csr33/images_for_predictions/naip_tiles/m_3807614_nw_18_060_20211020.tif
/work/csr33/images_for_predictions/naip_tiles/m_3907421_se_18_060_20190730_20191209.tif
/work/csr33/images_for_predictions/naip_tiles/m_4107029_ne_19_060_20211103.tif
/work/csr33/images_for_predictions/naip_tiles/m_3008436_nw_16_060_20191129_20200114.tif
/work/csr33/images_for_predictions/naip_tiles/m_3008806_ne_16_030_20211123.tif
/work/csr33/images_for_predictions/naip_tiles/m_4406961_nw_19_060_20210904.tif
/work/csr33/images_for_predictions/naip_tiles/m_4207359_ne_18_060_20211107.tif
/work/csr33/images_for_predictions/naip_tiles/m_4107462_sw_18_060_20190830_20191209.tif
/work/csr33/images_for_predictions/naip_tiles/m_3108113_sw_17_060_20191110_20200102.tif
/work/csr33/images_for_predictions/naip_tiles/m_3407849_se_17_060_20210513.tif
/work/csr33/images_for_predictions/naip_tiles/m_4107350_sw_18_060_20211105.tif
/work/csr33/images_for_predictions/naip_tiles/m_3307939_ne_17_060_20210501.tif
/work/csr33/images_for_predictions/naip_tiles/m_2909108_nw_15_060_20190707_20191001.tif
/work/csr33/images_for_predictions/naip_tiles/m_2808043_nw_17_060_20191130_20200113.tif
/work/csr33/images_for_predictions/naip_tiles/m_3607609_se_18_060_20210827.tif
/work/csr33/images_for_predictions/naip_tiles/m_4307017_nw_19_060_20211007.tif
m_3907421_se_18_060_20190730_20191209 320
/work/csr33/images_for_predictions/naip_tiles/m_2909215_se_15_060_20190706_20191001.tif
m_4406961_nw_19_060_20210904 300
m_4107029_ne_19_060_20211103 320
m_4207359_ne_18_060_20211107 320
m_4107462_sw_18_060_20190830_20191209 300
m_4107350_sw_18_060_20211105 320
m_3807614_nw_18_060_20211020 320
m_3407849_se_17_060_20210513 340
m_3108113_sw_17_060_20191110_20200102 340
m_3307939_ne_17_060_20210501 340
m_3008436_nw_16_060_20191129_20200114 360
m_3607609_se_18_060_20210827 357
m_2909108_nw_15_060_20190707_20191001 360
m_3407845_nw_17_060_20200922 360
m_2808043_nw_17_060_20191130_20200113 360
m_4307017_nw_19_060_20211007 320
m_2909215_se_15_060_20190706_20191001 360
m_3008806_ne_16_030_20211123 1400
2027.145629644394
