load envirionment

/work/csr33/images_for_predictions/naip_tiles/m_3108240_se_17_060_20191110_20200102.tif
/work/csr33/images_for_predictions/naip_tiles/m_3211609_sw_11_060_20200425.tif
/work/csr33/images_for_predictions/naip_tiles/m_3412037_nw_10_060_20200607.tif
/work/csr33/images_for_predictions/naip_tiles/m_4007464_nw_18_060_20190809_20191209.tif
/work/csr33/images_for_predictions/naip_tiles/m_3507616_nw_18_060_20201001.tif
/work/csr33/images_for_predictions/naip_tiles/m_2909523_sw_15_060_20201130.tif
/work/csr33/images_for_predictions/naip_tiles/m_3607542_se_18_060_20200516.tif
/work/csr33/images_for_predictions/naip_tiles/m_3607606_ne_18_060_20210913.tif
/work/csr33/images_for_predictions/naip_tiles/m_3307950_sw_17_060_20210508.tif
/work/csr33/images_for_predictions/naip_tiles/m_2909529_sw_15_060_20201117.tif
/work/csr33/images_for_predictions/naip_tiles/m_3208051_ne_17_060_20210507.tif
/work/csr33/images_for_predictions/naip_tiles/m_3907524_ne_18_060_20190726_20191209.tif
/work/csr33/images_for_predictions/naip_tiles/m_3707721_nw_18_060_20210910.tif
/work/csr33/images_for_predictions/naip_tiles/m_2908313_ne_17_060_20211130.tif
/work/csr33/images_for_predictions/naip_tiles/m_4107456_se_18_060_20211105.tif
/work/csr33/images_for_predictions/naip_tiles/m_2708127_sw_17_060_20211202.tif
/work/csr33/images_for_predictions/naip_tiles/m_2808203_sw_17_060_20211129.tif
m_3907524_ne_18_060_20190726_20191209 300
/work/csr33/images_for_predictions/naip_tiles/m_2908131_sw_17_060_20211130.tif
m_4007464_nw_18_060_20190809_20191209 320
m_4107456_se_18_060_20211105 320
m_3707721_nw_18_060_20210910 340
m_3607606_ne_18_060_20210913 340
m_3607542_se_18_060_20200516 340
m_3412037_nw_10_060_20200607 340
m_3507616_nw_18_060_20201001 340
m_3208051_ne_17_060_20210507 340
m_3108240_se_17_060_20191110_20200102 340
m_3307950_sw_17_060_20210508 340
m_3211609_sw_11_060_20200425 340
m_2909529_sw_15_060_20201117 360
m_2708127_sw_17_060_20211202 360
m_2908313_ne_17_060_20211130 360
m_2909523_sw_15_060_20201130 360
m_2808203_sw_17_060_20211129 360
m_2908131_sw_17_060_20211130 360
456.86387157440186
