load envirionment

/work/csr33/images_for_predictions/naip_tiles/m_3807538_sw_18_060_20210605.tif
/work/csr33/images_for_predictions/naip_tiles/m_2809627_ne_14_060_20201029.tif
/work/csr33/images_for_predictions/naip_tiles/m_2808206_sw_17_060_20211129.tif
/work/csr33/images_for_predictions/naip_tiles/m_2909030_nw_15_030_20211130.tif
/work/csr33/images_for_predictions/naip_tiles/m_3307907_nw_17_060_20210508.tif
/work/csr33/images_for_predictions/naip_tiles/m_3607611_nw_18_060_20210827.tif
/work/csr33/images_for_predictions/naip_tiles/m_3411934_sw_11_060_20200521.tif
/work/csr33/images_for_predictions/naip_tiles/m_3008931_sw_16_030_20211119.tif
/work/csr33/images_for_predictions/naip_tiles/m_3008534_sw_16_060_20191109_20200114.tif
/work/csr33/images_for_predictions/naip_tiles/m_2908217_nw_17_060_20211117.tif
/work/csr33/images_for_predictions/naip_tiles/m_3009204_sw_15_060_20190904_20191001.tif
/work/csr33/images_for_predictions/naip_tiles/m_3008158_se_17_060_20211129.tif
/work/csr33/images_for_predictions/naip_tiles/m_2909508_nw_15_060_20201118.tif
/work/csr33/images_for_predictions/naip_tiles/m_4007454_se_18_060_20190730_20191209.tif
/work/csr33/images_for_predictions/naip_tiles/m_4107232_sw_18_060_20210926.tif
/work/csr33/images_for_predictions/naip_tiles/m_4107405_nw_18_060_20211106.tif
/work/csr33/images_for_predictions/naip_tiles/m_2508033_sw_17_060_20211203.tif
m_4007454_se_18_060_20190730_20191209 320
/work/csr33/images_for_predictions/naip_tiles/m_2909201_sw_15_060_20190706_20191001.tif
m_4107405_nw_18_060_20211106 320
m_3807538_sw_18_060_20210605 320
m_3411934_sw_11_060_20200521 340
m_3008534_sw_16_060_20191109_20200114 340
m_4107232_sw_18_060_20210926 336
m_3607611_nw_18_060_20210827 340
m_3307907_nw_17_060_20210508 340
m_3008158_se_17_060_20211129 360
m_2908217_nw_17_060_20211117 360
m_2809627_ne_14_060_20201029 360
m_2909508_nw_15_060_20201118 360
m_3009204_sw_15_060_20190904_20191001 360
m_2808206_sw_17_060_20211129 360
m_2909201_sw_15_060_20190706_20191001 360
m_2508033_sw_17_060_20211203 380
m_2909030_nw_15_030_20211130 1365
m_3008931_sw_16_030_20211119 1476
459.0847828388214
