load envirionment

/work/csr33/images_for_predictions/naip_tiles/m_3108109_sw_17_060_20191110_20200102.tif
/work/csr33/images_for_predictions/naip_tiles/m_3311662_se_11_060_20200415.tif
/work/csr33/images_for_predictions/naip_tiles/m_2508156_sw_17_060_20211203.tif
/work/csr33/images_for_predictions/naip_tiles/m_3707715_ne_18_060_20210912.tif
/work/csr33/images_for_predictions/naip_tiles/m_3008629_ne_16_060_20191109_20200114.tif
/work/csr33/images_for_predictions/naip_tiles/m_2608018_nw_17_060_20191130_20200113.tif
/work/csr33/images_for_predictions/naip_tiles/m_4506752_ne_19_060_20210723.tif
/work/csr33/images_for_predictions/naip_tiles/m_2909026_sw_15_060_20190831_20191001.tif
/work/csr33/images_for_predictions/naip_tiles/m_2708220_se_17_060_20211130.tif
/work/csr33/images_for_predictions/naip_tiles/m_2909202_se_15_060_20190706_20191001.tif
/work/csr33/images_for_predictions/naip_tiles/m_4207144_ne_19_060_20210826.tif
/work/csr33/images_for_predictions/naip_tiles/m_4107261_ne_18_060_20210904.tif
/work/csr33/images_for_predictions/naip_tiles/m_3008840_nw_16_030_20211113.tif
/work/csr33/images_for_predictions/naip_tiles/m_2909008_se_15_030_20211129.tif
/work/csr33/images_for_predictions/naip_tiles/m_3907516_ne_18_060_20190726_20191209.tif
/work/csr33/images_for_predictions/naip_tiles/m_4107420_ne_18_060_20211106.tif
/work/csr33/images_for_predictions/naip_tiles/m_3607636_nw_18_060_20200922.tif
m_3008629_ne_16_060_20191109_20200114 340
/work/csr33/images_for_predictions/naip_tiles/m_3308047_ne_17_060_20210501.tif
m_3907516_ne_18_060_20190726_20191209 300
m_4506752_ne_19_060_20210723 300
m_4107261_ne_18_060_20210904 320
m_4107420_ne_18_060_20211106 320
m_4207144_ne_19_060_20210826 320
m_3108109_sw_17_060_20191110_20200102 340
m_3707715_ne_18_060_20210912 340
m_3311662_se_11_060_20200415 340
m_2909202_se_15_060_20190706_20191001 360
m_2608018_nw_17_060_20191130_20200113 360
m_2708220_se_17_060_20211130 360
m_2508156_sw_17_060_20211203 380
m_2909026_sw_15_060_20190831_20191001 378
m_3607636_nw_18_060_20200922 340
m_3308047_ne_17_060_20210501 340
m_2909008_se_15_030_20211129 1365
m_3008840_nw_16_030_20211113 1400
336.1816346645355
