load envirionment

/work/csr33/images_for_predictions/naip_tiles/m_3807747_nw_18_060_20210617.tif
/work/csr33/images_for_predictions/naip_tiles/m_2909032_nw_15_030_20211115.tif
/work/csr33/images_for_predictions/naip_tiles/m_4007207_ne_18_060_20210926.tif
/work/csr33/images_for_predictions/naip_tiles/m_4007442_se_18_060_20190917_20191209.tif
/work/csr33/images_for_predictions/naip_tiles/m_3009558_sw_15_060_20201030.tif
/work/csr33/images_for_predictions/naip_tiles/m_3407823_ne_17_060_20200904.tif
/work/csr33/images_for_predictions/naip_tiles/m_2809764_sw_14_060_20200430.tif
/work/csr33/images_for_predictions/naip_tiles/m_3009217_sw_15_060_20190904_20191001.tif
/work/csr33/images_for_predictions/naip_tiles/m_3009155_ne_15_030_20211120.tif
/work/csr33/images_for_predictions/naip_tiles/m_4307006_se_19_060_20210722.tif
/work/csr33/images_for_predictions/naip_tiles/m_3008241_sw_17_060_20211130.tif
/work/csr33/images_for_predictions/naip_tiles/m_3009104_sw_15_030_20211114.tif
/work/csr33/images_for_predictions/naip_tiles/m_4107346_sw_18_060_20211106.tif
/work/csr33/images_for_predictions/naip_tiles/m_3008161_nw_17_060_20211130.tif
/work/csr33/images_for_predictions/naip_tiles/m_3008618_ne_16_060_20191109_20200114.tif
/work/csr33/images_for_predictions/naip_tiles/m_3208146_se_17_060_20191109_20200102.tif
/work/csr33/images_for_predictions/naip_tiles/m_2909036_nw_15_030_20211130.tif
m_4307006_se_19_060_20210722 300
/work/csr33/images_for_predictions/naip_tiles/m_4406925_sw_19_060_20210827.tif
m_4007442_se_18_060_20190917_20191209 300
m_3807747_nw_18_060_20210617 320
m_4007207_ne_18_060_20210926 320
m_3008161_nw_17_060_20211130 360
m_3407823_ne_17_060_20200904 340
m_3008618_ne_16_060_20191109_20200114 340
m_4107346_sw_18_060_20211106 336
m_3208146_se_17_060_20191109_20200102 340
m_3009217_sw_15_060_20190904_20191001 360
m_3009558_sw_15_060_20201030 360
m_2809764_sw_14_060_20200430 360
m_3008241_sw_17_060_20211130 378
m_4406925_sw_19_060_20210827 300
m_3009155_ne_15_030_20211120 1365
m_3009104_sw_15_030_20211114 1326
m_2909032_nw_15_030_20211115 1365
m_2909036_nw_15_030_20211130 1365
530.4595799446106
