load envirionment

/work/csr33/images_for_predictions/naip_tiles/m_2508011_sw_17_060_20211203.tif
/work/csr33/images_for_predictions/naip_tiles/m_4207259_se_18_060_20211019.tif
/work/csr33/images_for_predictions/naip_tiles/m_4107133_se_19_060_20210926.tif
/work/csr33/images_for_predictions/naip_tiles/m_3008552_se_16_060_20191128_20200114.tif
/work/csr33/images_for_predictions/naip_tiles/m_4307164_sw_19_060_20211024.tif
/work/csr33/images_for_predictions/naip_tiles/m_3607635_nw_18_060_20200516.tif
/work/csr33/images_for_predictions/naip_tiles/m_2808211_ne_17_060_20211130.tif
/work/csr33/images_for_predictions/naip_tiles/m_3208019_nw_17_060_20210426.tif
/work/csr33/images_for_predictions/naip_tiles/m_3311605_ne_11_060_20200416.tif
/work/csr33/images_for_predictions/naip_tiles/m_2808259_ne_17_060_20211130.tif
/work/csr33/images_for_predictions/naip_tiles/m_4406956_sw_19_060_20211006.tif
/work/csr33/images_for_predictions/naip_tiles/m_3707658_ne_18_060_20210827.tif
/work/csr33/images_for_predictions/naip_tiles/m_3907412_sw_18_060_20190730_20191209.tif
/work/csr33/images_for_predictions/naip_tiles/m_3307953_nw_17_060_20210501.tif
/work/csr33/images_for_predictions/naip_tiles/m_3009041_se_15_030_20211119.tif
/work/csr33/images_for_predictions/naip_tiles/m_3008348_nw_17_060_20211117.tif
/work/csr33/images_for_predictions/naip_tiles/m_4107009_nw_19_060_20210826.tif
m_4406956_sw_19_060_20211006 300
/work/csr33/images_for_predictions/naip_tiles/m_2608104_se_17_060_20191129_20200113.tif
m_3907412_sw_18_060_20190730_20191209 320
m_3607635_nw_18_060_20200516 340
m_4307164_sw_19_060_20211024 336
m_4207259_se_18_060_20211019 336
m_4107133_se_19_060_20210926 336
m_3008552_se_16_060_20191128_20200114 340
m_3307953_nw_17_060_20210501 340
m_3208019_nw_17_060_20210426 340
m_3311605_ne_11_060_20200416 340
m_3707658_ne_18_060_20210827 340
m_3008348_nw_17_060_20211117 360
m_2808211_ne_17_060_20211130 360
m_2808259_ne_17_060_20211130 360
m_2508011_sw_17_060_20211203 380
m_4107009_nw_19_060_20210826 320
m_2608104_se_17_060_20191129_20200113 360
m_3009041_se_15_030_20211119 1365
357.1344850063324
