load envirionment

/work/csr33/images_for_predictions/naip_tiles/m_4307037_nw_19_060_20210722.tif
/work/csr33/images_for_predictions/naip_tiles/m_2809753_ne_14_060_20200501.tif
/work/csr33/images_for_predictions/naip_tiles/m_4307049_sw_19_060_20211024.tif
/work/csr33/images_for_predictions/naip_tiles/m_3411936_nw_11_060_20200521.tif
/work/csr33/images_for_predictions/naip_tiles/m_4107212_ne_18_060_20210904.tif
/work/csr33/images_for_predictions/naip_tiles/m_2608232_ne_17_060_20211217.tif
/work/csr33/images_for_predictions/naip_tiles/m_2709745_sw_14_060_20200430.tif
/work/csr33/images_for_predictions/naip_tiles/m_3311729_sw_11_060_20200423.tif
/work/csr33/images_for_predictions/naip_tiles/m_2909018_se_15_060_20190707_20191001.tif
/work/csr33/images_for_predictions/naip_tiles/m_4506719_sw_19_060_20210723.tif
/work/csr33/images_for_predictions/naip_tiles/m_3311613_sw_11_060_20200416.tif
/work/csr33/images_for_predictions/naip_tiles/m_4107328_sw_18_060_20211106.tif
/work/csr33/images_for_predictions/naip_tiles/m_3008617_ne_16_060_20191103_20200114.tif
/work/csr33/images_for_predictions/naip_tiles/m_4107236_se_18_060_20210904.tif
/work/csr33/images_for_predictions/naip_tiles/m_3009021_sw_15_060_20190830_20191002.tif
/work/csr33/images_for_predictions/naip_tiles/m_4207121_sw_19_060_20211024.tif
/work/csr33/images_for_predictions/naip_tiles/m_4106909_nw_19_060_20210826.tif
m_4506719_sw_19_060_20210723 300
/work/csr33/images_for_predictions/naip_tiles/m_3307804_sw_17_060_20210508.tif
m_4107212_ne_18_060_20210904 320
m_4307037_nw_19_060_20210722 320
m_4307049_sw_19_060_20211024 336
m_4107328_sw_18_060_20211106 336
m_4107236_se_18_060_20210904 336
m_3311729_sw_11_060_20200423 340
m_3411936_nw_11_060_20200521 340
m_4207121_sw_19_060_20211024 336
m_3008617_ne_16_060_20191103_20200114 340
m_3311613_sw_11_060_20200416 340
m_2809753_ne_14_060_20200501 360
m_2608232_ne_17_060_20211217 360
m_2709745_sw_14_060_20200430 360
m_2909018_se_15_060_20190707_20191001 378
m_3009021_sw_15_060_20190830_20191002 378
m_4106909_nw_19_060_20210826 320
m_3307804_sw_17_060_20210508 340
298.00379967689514
