load envirionment

/work/csr33/images_for_predictions/naip_tiles/m_3207910_nw_17_060_20210426.tif
/work/csr33/images_for_predictions/naip_tiles/m_2508132_nw_17_060_20211203.tif
/work/csr33/images_for_predictions/naip_tiles/m_4506759_sw_19_060_20210723.tif
/work/csr33/images_for_predictions/naip_tiles/m_2909302_ne_15_060_20201031.tif
/work/csr33/images_for_predictions/naip_tiles/m_3008125_sw_17_060_20211202.tif
/work/csr33/images_for_predictions/naip_tiles/m_3208116_nw_17_060_20210426.tif
/work/csr33/images_for_predictions/naip_tiles/m_2708136_sw_17_060_20191129_20200113.tif
/work/csr33/images_for_predictions/naip_tiles/m_3008135_ne_17_060_20211129.tif
/work/csr33/images_for_predictions/naip_tiles/m_4307059_nw_19_060_20211007.tif
/work/csr33/images_for_predictions/naip_tiles/m_4007301_sw_18_060_20190830_20191209.tif
/work/csr33/images_for_predictions/naip_tiles/m_2608007_nw_17_060_20191120_20200113.tif
/work/csr33/images_for_predictions/naip_tiles/m_3311739_ne_11_060_20200422.tif
/work/csr33/images_for_predictions/naip_tiles/m_4406929_se_19_060_20210904.tif
/work/csr33/images_for_predictions/naip_tiles/m_2708059_ne_17_060_20191215_20200113.tif
/work/csr33/images_for_predictions/naip_tiles/m_2608109_se_17_060_20211223.tif
/work/csr33/images_for_predictions/naip_tiles/m_2508105_ne_17_060_20211203.tif
/work/csr33/images_for_predictions/naip_tiles/m_3009156_nw_15_030_20211119.tif
m_4406929_se_19_060_20210904 300
/work/csr33/images_for_predictions/naip_tiles/m_3507714_ne_18_060_20200922.tif
m_4506759_sw_19_060_20210723 300
m_4007301_sw_18_060_20190830_20191209 300
m_4307059_nw_19_060_20211007 320
m_2909302_ne_15_060_20201031 340
m_3207910_nw_17_060_20210426 340
m_3311739_ne_11_060_20200422 340
m_3208116_nw_17_060_20210426 340
m_2708059_ne_17_060_20191215_20200113 360
m_2608007_nw_17_060_20191120_20200113 360
m_3008125_sw_17_060_20211202 360
m_2608109_se_17_060_20211223 360
m_2708136_sw_17_060_20191129_20200113 360
m_3008135_ne_17_060_20211129 360
m_2508105_ne_17_060_20211203 360
m_2508132_nw_17_060_20211203 380
m_3507714_ne_18_060_20200922 340
m_3009156_nw_15_030_20211119 1365
383.40656208992004
