load envirionment

/work/csr33/images_for_predictions/naip_tiles/m_3009340_ne_15_060_20190901_20191001.tif
/work/csr33/images_for_predictions/naip_tiles/m_3707534_se_18_060_20211017.tif
/work/csr33/images_for_predictions/naip_tiles/m_3411857_sw_11_060_20200515.tif
/work/csr33/images_for_predictions/naip_tiles/m_2909529_nw_15_060_20201117.tif
/work/csr33/images_for_predictions/naip_tiles/m_3208029_se_17_060_20210426.tif
/work/csr33/images_for_predictions/naip_tiles/m_2808214_sw_17_060_20211130.tif
/work/csr33/images_for_predictions/naip_tiles/m_3108263_ne_17_060_20191110_20200102.tif
/work/csr33/images_for_predictions/naip_tiles/m_3907756_se_18_060_20210617.tif
/work/csr33/images_for_predictions/naip_tiles/m_2909046_ne_15_030_20211123.tif
/work/csr33/images_for_predictions/naip_tiles/m_4107355_sw_18_060_20211103.tif
/work/csr33/images_for_predictions/naip_tiles/m_2909431_nw_15_060_20201112.tif
/work/csr33/images_for_predictions/naip_tiles/m_4506864_sw_19_060_20210911.tif
/work/csr33/images_for_predictions/naip_tiles/m_3507751_se_18_060_20200930.tif
/work/csr33/images_for_predictions/naip_tiles/m_2909305_se_15_060_20190706_20191001.tif
/work/csr33/images_for_predictions/naip_tiles/m_2908260_ne_17_060_20211129.tif
/work/csr33/images_for_predictions/naip_tiles/m_3208017_nw_17_060_20210426.tif
/work/csr33/images_for_predictions/naip_tiles/m_3008207_nw_17_060_20191110_20200108.tif
m_4506864_sw_19_060_20210911 300
/work/csr33/images_for_predictions/naip_tiles/m_4107019_sw_19_060_20210904.tif
m_3108263_ne_17_060_20191110_20200102 340
m_3907756_se_18_060_20210617 320
m_3208029_se_17_060_20210426 340
m_3208017_nw_17_060_20210426 340
m_4107355_sw_18_060_20211103 336
m_2909431_nw_15_060_20201112 340
m_3411857_sw_11_060_20200515 340
m_3707534_se_18_060_20211017 340
m_3507751_se_18_060_20200930 357
m_2808214_sw_17_060_20211130 360
m_3009340_ne_15_060_20190901_20191001 360
m_2909305_se_15_060_20190706_20191001 360
m_2908260_ne_17_060_20211129 360
m_2909529_nw_15_060_20201117 360
m_3008207_nw_17_060_20191110_20200108 340
m_4107019_sw_19_060_20210904 336
m_2909046_ne_15_030_20211123 1365
397.6426408290863
