load envirionment

/work/csr33/images_for_predictions/naip_tiles/m_3807731_ne_18_060_20210617.tif
/work/csr33/images_for_predictions/naip_tiles/m_4107304_se_18_060_20211106.tif
/work/csr33/images_for_predictions/naip_tiles/m_2909524_se_15_060_20201118.tif
/work/csr33/images_for_predictions/naip_tiles/m_3008812_se_16_030_20211112.tif
/work/csr33/images_for_predictions/naip_tiles/m_3607659_sw_18_060_20201001.tif
/work/csr33/images_for_predictions/naip_tiles/m_4406954_nw_19_060_20210904.tif
/work/csr33/images_for_predictions/naip_tiles/m_3009431_sw_15_060_20201104.tif
/work/csr33/images_for_predictions/naip_tiles/m_3707659_nw_18_060_20210912.tif
/work/csr33/images_for_predictions/naip_tiles/m_2809613_sw_14_060_20200501.tif
/work/csr33/images_for_predictions/naip_tiles/m_3009131_ne_15_030_20211114.tif
/work/csr33/images_for_predictions/naip_tiles/m_4107421_ne_18_060_20211106.tif
/work/csr33/images_for_predictions/naip_tiles/m_4107445_sw_18_060_20211106.tif
/work/csr33/images_for_predictions/naip_tiles/m_2609701_sw_14_060_20200503.tif
/work/csr33/images_for_predictions/naip_tiles/m_3008208_nw_17_060_20191110_20200108.tif
/work/csr33/images_for_predictions/naip_tiles/m_4207131_nw_19_060_20211024.tif
/work/csr33/images_for_predictions/naip_tiles/m_4406827_sw_19_060_20210723.tif
/work/csr33/images_for_predictions/naip_tiles/m_3108838_nw_16_030_20211123.tif
m_4406954_nw_19_060_20210904 300
/work/csr33/images_for_predictions/naip_tiles/m_3008541_nw_16_060_20191109_20200114.tif
m_4406827_sw_19_060_20210723 300
m_4107445_sw_18_060_20211106 320
m_3807731_ne_18_060_20210617 320
m_4107421_ne_18_060_20211106 320
m_4207131_nw_19_060_20211024 320
m_4107304_se_18_060_20211106 336
m_3008208_nw_17_060_20191110_20200108 340
m_3009431_sw_15_060_20201104 340
m_3707659_nw_18_060_20210912 340
m_2809613_sw_14_060_20200501 360
m_2609701_sw_14_060_20200503 360
m_2909524_se_15_060_20201118 360
m_3607659_sw_18_060_20201001 357
m_3008541_nw_16_060_20191109_20200114 340
m_3009131_ne_15_030_20211114 1326
m_3008812_se_16_030_20211112 1400
m_3108838_nw_16_030_20211123 1400
817.6562402248383
