load envirionment

/work/csr33/images_for_predictions/naip_tiles/m_3907411_se_18_060_20190730_20191209.tif
/work/csr33/images_for_predictions/naip_tiles/m_2608129_sw_17_060_20191128_20200113.tif
/work/csr33/images_for_predictions/naip_tiles/m_4107346_nw_18_060_20211106.tif
/work/csr33/images_for_predictions/naip_tiles/m_4606850_nw_19_060_20210817.tif
/work/csr33/images_for_predictions/naip_tiles/m_2609729_nw_14_060_20201029.tif
/work/csr33/images_for_predictions/naip_tiles/m_2909215_nw_15_060_20190706_20191001.tif
/work/csr33/images_for_predictions/naip_tiles/m_3311837_se_11_060_20200504.tif
/work/csr33/images_for_predictions/naip_tiles/m_3008912_se_16_030_20211112.tif
/work/csr33/images_for_predictions/naip_tiles/m_4107218_ne_18_060_20211105.tif
/work/csr33/images_for_predictions/naip_tiles/m_3008364_sw_17_060_20211117.tif
/work/csr33/images_for_predictions/naip_tiles/m_3507641_sw_18_060_20201031.tif
/work/csr33/images_for_predictions/naip_tiles/m_3507518_sw_18_060_20201018.tif
/work/csr33/images_for_predictions/naip_tiles/m_2608142_se_17_060_20211223.tif
/work/csr33/images_for_predictions/naip_tiles/m_2808202_ne_17_060_20211201.tif
/work/csr33/images_for_predictions/naip_tiles/m_2908403_nw_16_060_20191128_20200114.tif
/work/csr33/images_for_predictions/naip_tiles/m_3507752_ne_18_060_20200930.tif
/work/csr33/images_for_predictions/naip_tiles/m_2909028_nw_15_030_20211130.tif
m_4606850_nw_19_060_20210817 300
/work/csr33/images_for_predictions/naip_tiles/m_3008641_nw_16_060_20191103_20200114.tif
m_3907411_se_18_060_20190730_20191209 320
m_4107346_nw_18_060_20211106 320
m_4107218_ne_18_060_20211105 320
m_3311837_se_11_060_20200504 340
m_3507518_sw_18_060_20201018 340
m_3507752_ne_18_060_20200930 340
m_2908403_nw_16_060_20191128_20200114 360
m_3507641_sw_18_060_20201031 357
m_2909215_nw_15_060_20190706_20191001 360
m_2808202_ne_17_060_20211201 360
m_2608129_sw_17_060_20191128_20200113 360
m_2609729_nw_14_060_20201029 360
m_2608142_se_17_060_20211223 360
m_3008364_sw_17_060_20211117 378
m_3008641_nw_16_060_20191103_20200114 340
m_3008912_se_16_030_20211112 1435
m_2909028_nw_15_030_20211130 1365
693.3218479156494
