load envirionment

/work/csr33/images_for_predictions/naip_tiles/m_3008513_nw_16_060_20191118_20200114.tif
/work/csr33/images_for_predictions/naip_tiles/m_3108232_nw_17_060_20191110_20200102.tif
/work/csr33/images_for_predictions/naip_tiles/m_2708221_ne_17_060_20211130.tif
/work/csr33/images_for_predictions/naip_tiles/m_3907427_ne_18_060_20190730_20191209.tif
/work/csr33/images_for_predictions/naip_tiles/m_3407858_ne_17_060_20210508.tif
/work/csr33/images_for_predictions/naip_tiles/m_2909055_nw_15_030_20211202.tif
/work/csr33/images_for_predictions/naip_tiles/m_3407861_ne_17_060_20200922.tif
/work/csr33/images_for_predictions/naip_tiles/m_2608010_nw_17_060_20191130_20200113.tif
/work/csr33/images_for_predictions/naip_tiles/m_3907506_sw_18_060_20191019_20191203.tif
/work/csr33/images_for_predictions/naip_tiles/m_4406703_nw_19_060_20210907.tif
/work/csr33/images_for_predictions/naip_tiles/m_4307025_se_19_060_20211007.tif
/work/csr33/images_for_predictions/naip_tiles/m_3507526_nw_18_060_20201018.tif
/work/csr33/images_for_predictions/naip_tiles/m_2908104_nw_17_060_20211129.tif
/work/csr33/images_for_predictions/naip_tiles/m_3507759_ne_18_060_20200930.tif
/work/csr33/images_for_predictions/naip_tiles/m_2809749_se_14_060_20201116.tif
/work/csr33/images_for_predictions/naip_tiles/m_2809650_ne_14_060_20201029.tif
m_4406703_nw_19_060_20210907 300
/work/csr33/images_for_predictions/naip_tiles/m_3009027_ne_15_030_20211120.tif
/work/csr33/images_for_predictions/naip_tiles/m_4307010_se_19_060_20211007.tif
m_3907506_sw_18_060_20191019_20191203 320
m_3907427_ne_18_060_20190730_20191209 320
m_3008513_nw_16_060_20191118_20200114 340
m_4307025_se_19_060_20211007 336
m_3108232_nw_17_060_20191110_20200102 340
m_3407858_ne_17_060_20210508 340
m_3507759_ne_18_060_20200930 340
m_3407861_ne_17_060_20200922 340
m_3507526_nw_18_060_20201018 340
m_2708221_ne_17_060_20211130 360
m_2809650_ne_14_060_20201029 360
m_2809749_se_14_060_20201116 360
m_2908104_nw_17_060_20211129 360
m_2608010_nw_17_060_20191130_20200113 360
m_4307010_se_19_060_20211007 315
m_2909055_nw_15_030_20211202 1365
m_3009027_ne_15_030_20211120 1365
396.80038356781006
