load envirionment

/work/csr33/images_for_predictions/naip_tiles/m_3512061_sw_10_060_20200607.tif
/work/csr33/images_for_predictions/naip_tiles/m_2808260_se_17_060_20211130.tif
/work/csr33/images_for_predictions/naip_tiles/m_3807659_nw_18_060_20210910.tif
/work/csr33/images_for_predictions/naip_tiles/m_3807553_se_18_060_20210605.tif
/work/csr33/images_for_predictions/naip_tiles/m_4107438_nw_18_060_20211106.tif
/work/csr33/images_for_predictions/naip_tiles/m_3108137_sw_17_060_20211203.tif
/work/csr33/images_for_predictions/naip_tiles/m_2609728_nw_14_060_20201209.tif
/work/csr33/images_for_predictions/naip_tiles/m_3307928_nw_17_060_20210501.tif
/work/csr33/images_for_predictions/naip_tiles/m_2908117_se_17_060_20211129.tif
/work/csr33/images_for_predictions/naip_tiles/m_3907543_sw_18_060_20210629.tif
/work/csr33/images_for_predictions/naip_tiles/m_4207115_nw_19_060_20211024.tif
/work/csr33/images_for_predictions/naip_tiles/m_4506803_nw_19_060_20210816.tif
/work/csr33/images_for_predictions/naip_tiles/m_4107347_sw_18_060_20211103.tif
/work/csr33/images_for_predictions/naip_tiles/m_2909661_ne_14_060_20200501.tif
/work/csr33/images_for_predictions/naip_tiles/m_3807762_ne_18_060_20210630.tif
/work/csr33/images_for_predictions/naip_tiles/m_3208131_ne_17_060_20210426.tif
/work/csr33/images_for_predictions/naip_tiles/m_3507715_se_18_060_20200922.tif
m_4506803_nw_19_060_20210816 300
/work/csr33/images_for_predictions/naip_tiles/m_3208115_sw_17_060_20210426.tif
m_4107438_nw_18_060_20211106 320
m_3307928_nw_17_060_20210501 340
m_3807553_se_18_060_20210605 320
m_4207115_nw_19_060_20211024 320
m_4107347_sw_18_060_20211103 336
m_3907543_sw_18_060_20210629 320
m_3807659_nw_18_060_20210910 340
m_3208131_ne_17_060_20210426 340
m_3512061_sw_10_060_20200607 340
m_3807762_ne_18_060_20210630 340
m_3108137_sw_17_060_20211203 340
m_2609728_nw_14_060_20201209 360
m_2808260_se_17_060_20211130 360
m_2909661_ne_14_060_20200501 360
m_2908117_se_17_060_20211129 360
m_3208115_sw_17_060_20210426 340
m_3507715_se_18_060_20200922 357
244.0872905254364
