load envirionment

/work/csr33/images_for_predictions/naip_tiles/m_3008957_ne_16_030_20211116.tif
/work/csr33/images_for_predictions/naip_tiles/m_4107120_ne_19_060_20210826.tif
/work/csr33/images_for_predictions/naip_tiles/m_3311729_ne_11_060_20200423.tif
/work/csr33/images_for_predictions/naip_tiles/m_3108240_nw_17_060_20191110_20200102.tif
/work/csr33/images_for_predictions/naip_tiles/m_2909540_nw_15_060_20201116.tif
/work/csr33/images_for_predictions/naip_tiles/m_3008808_nw_16_030_20211120.tif
/work/csr33/images_for_predictions/naip_tiles/m_3607637_sw_18_060_20200922.tif
/work/csr33/images_for_predictions/naip_tiles/m_2708208_nw_17_060_20211202.tif
/work/csr33/images_for_predictions/naip_tiles/m_2909560_nw_15_060_20201117.tif
/work/csr33/images_for_predictions/naip_tiles/m_3311621_sw_11_060_20200416.tif
/work/csr33/images_for_predictions/naip_tiles/m_2508046_sw_17_060_20191126_20200113.tif
/work/csr33/images_for_predictions/naip_tiles/m_3311603_nw_11_060_20200615.tif
/work/csr33/images_for_predictions/naip_tiles/m_4406804_sw_19_060_20210914.tif
/work/csr33/images_for_predictions/naip_tiles/m_2909537_sw_15_060_20201117.tif
/work/csr33/images_for_predictions/naip_tiles/m_4107130_se_19_060_20210826.tif
/work/csr33/images_for_predictions/naip_tiles/m_2909112_sw_15_060_20190706_20191001.tif
/work/csr33/images_for_predictions/naip_tiles/m_4307022_nw_19_060_20210722.tif
m_4406804_sw_19_060_20210914 300
/work/csr33/images_for_predictions/naip_tiles/m_3707703_sw_18_060_20210910.tif
m_4107120_ne_19_060_20210826 320
m_3108240_nw_17_060_20191110_20200102 340
m_3311621_sw_11_060_20200416 340
m_4107130_se_19_060_20210826 336
m_3607637_sw_18_060_20200922 340
m_3311729_ne_11_060_20200423 340
m_3311603_nw_11_060_20200615 340
m_2909540_nw_15_060_20201116 360
m_2909560_nw_15_060_20201117 360
m_2508046_sw_17_060_20191126_20200113 360
m_2708208_nw_17_060_20211202 360
m_2909112_sw_15_060_20190706_20191001 360
m_2909537_sw_15_060_20201117 360
m_4307022_nw_19_060_20210722 320
m_3707703_sw_18_060_20210910 357
m_3008957_ne_16_030_20211116 1365
m_3008808_nw_16_030_20211120 1400
631.9786267280579
