load envirionment

/work/csr33/images_for_predictions/naip_tiles/m_2708017_se_17_060_20191129_20200113.tif
/work/csr33/images_for_predictions/naip_tiles/m_3008624_nw_16_060_20191109_20200114.tif
/work/csr33/images_for_predictions/naip_tiles/m_2609703_sw_14_060_20201216.tif
/work/csr33/images_for_predictions/naip_tiles/m_2909643_se_14_060_20201031.tif
/work/csr33/images_for_predictions/naip_tiles/m_4007309_ne_18_060_20211105.tif
/work/csr33/images_for_predictions/naip_tiles/m_3208124_ne_17_060_20210426.tif
/work/csr33/images_for_predictions/naip_tiles/m_3008517_sw_16_060_20191109_20200114.tif
/work/csr33/images_for_predictions/naip_tiles/m_4007548_se_18_060_20191014_20191203.tif
/work/csr33/images_for_predictions/naip_tiles/m_2808243_nw_17_060_20191121_20200113.tif
/work/csr33/images_for_predictions/naip_tiles/m_3008551_sw_16_060_20191118_20200114.tif
/work/csr33/images_for_predictions/naip_tiles/m_3412021_sw_10_060_20200607.tif
/work/csr33/images_for_predictions/naip_tiles/m_2909307_ne_15_060_20190706_20191001.tif
/work/csr33/images_for_predictions/naip_tiles/m_3008738_ne_16_060_20191103_20200114.tif
/work/csr33/images_for_predictions/naip_tiles/m_4207319_se_18_060_20211107.tif
/work/csr33/images_for_predictions/naip_tiles/m_3008622_nw_16_060_20191109_20200114.tif
/work/csr33/images_for_predictions/naip_tiles/m_4406806_nw_19_060_20210919.tif
/work/csr33/images_for_predictions/naip_tiles/m_3311846_ne_11_060_20200504.tif
m_4406806_nw_19_060_20210919 300
/work/csr33/images_for_predictions/naip_tiles/m_3307914_nw_17_060_20210501.tif
m_3008622_nw_16_060_20191109_20200114 340
m_4007309_ne_18_060_20211105 320
m_4207319_se_18_060_20211107 320
m_4007548_se_18_060_20191014_20191203 320
m_3008551_sw_16_060_20191118_20200114 340
m_3412021_sw_10_060_20200607 340
m_3008624_nw_16_060_20191109_20200114 340
m_3008517_sw_16_060_20191109_20200114 340
m_3008738_ne_16_060_20191103_20200114 340
m_3208124_ne_17_060_20210426 340
m_2909307_ne_15_060_20190706_20191001 360
m_2808243_nw_17_060_20191121_20200113 360
m_2609703_sw_14_060_20201216 360
m_2909643_se_14_060_20201031 360
m_2708017_se_17_060_20191129_20200113 360
m_3311846_ne_11_060_20200504 340
m_3307914_nw_17_060_20210501 340
470.9805669784546
