load envirionment

/work/csr33/images_for_predictions/naip_tiles/m_3009022_nw_15_030_20211201.tif
/work/csr33/images_for_predictions/naip_tiles/m_3907535_sw_18_060_20211019.tif
/work/csr33/images_for_predictions/naip_tiles/m_4107220_se_18_060_20210904.tif
/work/csr33/images_for_predictions/naip_tiles/m_3208015_sw_17_060_20210426.tif
/work/csr33/images_for_predictions/naip_tiles/m_3108837_sw_16_030_20211123.tif
/work/csr33/images_for_predictions/naip_tiles/m_2909441_se_15_060_20201116.tif
/work/csr33/images_for_predictions/naip_tiles/m_2909044_se_15_030_20211130.tif
/work/csr33/images_for_predictions/naip_tiles/m_2708004_nw_17_060_20191215_20200113.tif
/work/csr33/images_for_predictions/naip_tiles/m_4506839_sw_19_060_20210929.tif
/work/csr33/images_for_predictions/naip_tiles/m_4107239_nw_18_060_20210926.tif
/work/csr33/images_for_predictions/naip_tiles/m_4207132_sw_19_060_20211024.tif
/work/csr33/images_for_predictions/naip_tiles/m_2609743_nw_14_060_20201216.tif
/work/csr33/images_for_predictions/naip_tiles/m_3008102_sw_17_060_20191110_20200108.tif
/work/csr33/images_for_predictions/naip_tiles/m_4107024_nw_19_060_20210826.tif
/work/csr33/images_for_predictions/naip_tiles/m_3907521_nw_18_060_20210630.tif
/work/csr33/images_for_predictions/naip_tiles/m_3311736_nw_11_060_20200520.tif
/work/csr33/images_for_predictions/naip_tiles/m_3311718_se_11_060_20200424.tif
m_4107024_nw_19_060_20210826 320
/work/csr33/images_for_predictions/naip_tiles/m_3311755_sw_11_060_20200520.tif
m_4506839_sw_19_060_20210929 300
m_3907521_nw_18_060_20210630 320
m_3907535_sw_18_060_20211019 320
m_4107239_nw_18_060_20210926 320
m_4207132_sw_19_060_20211024 336
m_2909441_se_15_060_20201116 360
m_3008102_sw_17_060_20191110_20200108 340
m_3208015_sw_17_060_20210426 340
m_3311736_nw_11_060_20200520 340
m_4107220_se_18_060_20210904 336
m_2609743_nw_14_060_20201216 360
m_2708004_nw_17_060_20191215_20200113 360
m_3311718_se_11_060_20200424 340
m_3311755_sw_11_060_20200520 340
m_2909044_se_15_030_20211130 1365
m_3009022_nw_15_030_20211201 1365
m_3108837_sw_16_030_20211123 1400
402.9500730037689
