load envirionment

/work/csr33/images_for_predictions/naip_tiles/m_3108153_se_17_060_20211203.tif
/work/csr33/images_for_predictions/naip_tiles/m_2508009_sw_17_060_20211203.tif
/work/csr33/images_for_predictions/naip_tiles/m_3008959_nw_16_030_20211116.tif
/work/csr33/images_for_predictions/naip_tiles/m_3707753_se_18_060_20210910.tif
/work/csr33/images_for_predictions/naip_tiles/m_3008104_ne_17_060_20211203.tif
/work/csr33/images_for_predictions/naip_tiles/m_4207153_ne_19_060_20210826.tif
/work/csr33/images_for_predictions/naip_tiles/m_2809745_ne_14_060_20200501.tif
/work/csr33/images_for_predictions/naip_tiles/m_2909007_sw_15_030_20211123.tif
/work/csr33/images_for_predictions/naip_tiles/m_3009330_sw_15_060_20190905_20191001.tif
/work/csr33/images_for_predictions/naip_tiles/m_3507623_sw_18_060_20200922.tif
/work/csr33/images_for_predictions/naip_tiles/m_2909316_nw_15_060_20190706_20191001.tif
/work/csr33/images_for_predictions/naip_tiles/m_3009334_se_15_060_20201031.tif
/work/csr33/images_for_predictions/naip_tiles/m_4007325_nw_18_060_20211105.tif
/work/csr33/images_for_predictions/naip_tiles/m_3307945_ne_17_060_20210501.tif
/work/csr33/images_for_predictions/naip_tiles/m_3607619_sw_18_060_20210827.tif
/work/csr33/images_for_predictions/naip_tiles/m_3507638_nw_18_060_20201018.tif
/work/csr33/images_for_predictions/naip_tiles/m_4406961_sw_19_060_20210904.tif
m_4207153_ne_19_060_20210826 320
/work/csr33/images_for_predictions/naip_tiles/m_3311704_nw_11_060_20200423.tif
m_4007325_nw_18_060_20211105 320
m_2909316_nw_15_060_20190706_20191001 360
m_3507638_nw_18_060_20201018 340
m_3307945_ne_17_060_20210501 340
m_3008104_ne_17_060_20211203 340
m_3507623_sw_18_060_20200922 340
m_3108153_se_17_060_20211203 340
m_3009334_se_15_060_20201031 340
m_3009330_sw_15_060_20190905_20191001 360
m_3607619_sw_18_060_20210827 357
m_3707753_se_18_060_20210910 357
m_2809745_ne_14_060_20200501 360
m_2508009_sw_17_060_20211203 380
m_4406961_sw_19_060_20210904 300
m_3311704_nw_11_060_20200423 340
m_3008959_nw_16_030_20211116 1365
m_2909007_sw_15_030_20211123 1365
554.7754864692688
