load envirionment

/work/csr33/images_for_predictions/naip_tiles/m_2808206_ne_17_060_20211130.tif
/work/csr33/images_for_predictions/naip_tiles/m_4407061_sw_19_060_20211007.tif
/work/csr33/images_for_predictions/naip_tiles/m_3607643_sw_18_060_20200922.tif
/work/csr33/images_for_predictions/naip_tiles/m_3807528_se_18_060_20210624.tif
/work/csr33/images_for_predictions/naip_tiles/m_3507643_se_18_060_20201018.tif
/work/csr33/images_for_predictions/naip_tiles/m_3008601_se_16_060_20191103_20200114.tif
/work/csr33/images_for_predictions/naip_tiles/m_3009152_ne_15_030_20211114.tif
/work/csr33/images_for_predictions/naip_tiles/m_3412008_se_10_060_20200522.tif
/work/csr33/images_for_predictions/naip_tiles/m_3208043_ne_17_060_20210426.tif
/work/csr33/images_for_predictions/naip_tiles/m_2809649_ne_14_060_20201116.tif
/work/csr33/images_for_predictions/naip_tiles/m_4506812_sw_19_060_20211006.tif
/work/csr33/images_for_predictions/naip_tiles/m_4207326_sw_18_060_20210920.tif
/work/csr33/images_for_predictions/naip_tiles/m_2808017_ne_17_060_20191202_20200113.tif
/work/csr33/images_for_predictions/naip_tiles/m_2909002_se_15_060_20190707_20191001.tif
/work/csr33/images_for_predictions/naip_tiles/m_3907631_nw_18_060_20211101.tif
/work/csr33/images_for_predictions/naip_tiles/m_3108831_sw_16_030_20211123.tif
/work/csr33/images_for_predictions/naip_tiles/m_3807502_sw_18_060_20210606.tif
m_4506812_sw_19_060_20211006 300
/work/csr33/images_for_predictions/naip_tiles/m_3907443_nw_18_060_20190730_20191209.tif
m_3807528_se_18_060_20210624 320
m_3907631_nw_18_060_20211101 320
m_4207326_sw_18_060_20210920 320
m_4407061_sw_19_060_20211007 336
m_2808017_ne_17_060_20191202_20200113 340
m_3008601_se_16_060_20191103_20200114 340
m_3412008_se_10_060_20200522 340
m_3208043_ne_17_060_20210426 340
m_3507643_se_18_060_20201018 357
m_3607643_sw_18_060_20200922 357
m_2809649_ne_14_060_20201116 360
m_2808206_ne_17_060_20211130 360
m_2909002_se_15_060_20190707_20191001 378
m_3807502_sw_18_060_20210606 320
m_3907443_nw_18_060_20190730_20191209 320
m_3009152_ne_15_030_20211114 1326
m_3108831_sw_16_030_20211123 1400
1374.872710466385
