load envirionment

/work/csr33/images_for_predictions/naip_tiles/m_3707713_sw_18_060_20210910.tif
/work/csr33/images_for_predictions/naip_tiles/m_2708261_se_17_060_20211204.tif
/work/csr33/images_for_predictions/naip_tiles/m_4406815_sw_19_060_20210920.tif
/work/csr33/images_for_predictions/naip_tiles/m_4406803_nw_19_060_20210723.tif
/work/csr33/images_for_predictions/naip_tiles/m_2808050_sw_17_060_20191207_20200113.tif
/work/csr33/images_for_predictions/naip_tiles/m_3211630_nw_11_060_20200415.tif
/work/csr33/images_for_predictions/naip_tiles/m_3009449_ne_15_060_20201112.tif
/work/csr33/images_for_predictions/naip_tiles/m_4307012_ne_19_060_20211007.tif
/work/csr33/images_for_predictions/naip_tiles/m_3311816_se_11_060_20200505.tif
/work/csr33/images_for_predictions/naip_tiles/m_4107203_sw_18_060_20211019.tif
/work/csr33/images_for_predictions/naip_tiles/m_4107044_ne_19_060_20210904.tif
/work/csr33/images_for_predictions/naip_tiles/m_2909114_ne_15_060_20190707_20191001.tif
/work/csr33/images_for_predictions/naip_tiles/m_3009211_sw_15_060_20190904_20191001.tif
/work/csr33/images_for_predictions/naip_tiles/m_3411925_ne_11_060_20200523.tif
/work/csr33/images_for_predictions/naip_tiles/m_2908233_ne_17_060_20211129.tif
/work/csr33/images_for_predictions/naip_tiles/m_3907402_sw_18_060_20190830_20191209.tif
/work/csr33/images_for_predictions/naip_tiles/m_2908121_ne_17_060_20211130.tif
m_4307012_ne_19_060_20211007 300
/work/csr33/images_for_predictions/naip_tiles/m_3108712_ne_16_030_20211115.tif
m_4406803_nw_19_060_20210723 300
m_4406815_sw_19_060_20210920 300
m_3907402_sw_18_060_20190830_20191209 300
m_4107044_ne_19_060_20210904 320
m_4107203_sw_18_060_20211019 336
m_3311816_se_11_060_20200505 340
m_3211630_nw_11_060_20200415 340
m_3411925_ne_11_060_20200523 340
m_3707713_sw_18_060_20210910 357
m_2808050_sw_17_060_20191207_20200113 360
m_3009449_ne_15_060_20201112 360
m_2708261_se_17_060_20211204 360
m_2908233_ne_17_060_20211129 360
m_3009211_sw_15_060_20190904_20191001 360
m_2909114_ne_15_060_20190707_20191001 360
m_2908121_ne_17_060_20211130 360
m_3108712_ne_16_030_20211115 1360
324.9822051525116
