load envirionment

/work/csr33/images_for_predictions/naip_tiles/m_4406816_sw_19_060_20210901.tif
/work/csr33/images_for_predictions/naip_tiles/m_4207146_nw_19_060_20211024.tif
/work/csr33/images_for_predictions/naip_tiles/m_4007305_sw_18_060_20211103.tif
/work/csr33/images_for_predictions/naip_tiles/m_4107454_sw_18_060_20211105.tif
/work/csr33/images_for_predictions/naip_tiles/m_4107356_sw_18_060_20211106.tif
/work/csr33/images_for_predictions/naip_tiles/m_3207901_nw_17_060_20210426.tif
/work/csr33/images_for_predictions/naip_tiles/m_4506860_nw_19_060_20211006.tif
/work/csr33/images_for_predictions/naip_tiles/m_2908308_sw_17_060_20211130.tif
/work/csr33/images_for_predictions/naip_tiles/m_4107237_nw_18_060_20210904.tif
/work/csr33/images_for_predictions/naip_tiles/m_4506851_sw_19_060_20210816.tif
/work/csr33/images_for_predictions/naip_tiles/m_3008845_ne_16_030_20211113.tif
/work/csr33/images_for_predictions/naip_tiles/m_3307934_sw_17_060_20210508.tif
/work/csr33/images_for_predictions/naip_tiles/m_4406847_ne_19_060_20210920.tif
/work/csr33/images_for_predictions/naip_tiles/m_2808206_se_17_060_20211130.tif
/work/csr33/images_for_predictions/naip_tiles/m_3707636_ne_18_060_20210914.tif
/work/csr33/images_for_predictions/naip_tiles/m_3008912_ne_16_030_20211112.tif
/work/csr33/images_for_predictions/naip_tiles/m_3009434_se_15_060_20201106.tif
m_4406816_sw_19_060_20210901 300
/work/csr33/images_for_predictions/naip_tiles/m_4306911_sw_19_060_20210927.tif
m_4506851_sw_19_060_20210816 300
m_4406847_ne_19_060_20210920 300
m_4506860_nw_19_060_20211006 300
m_4107454_sw_18_060_20211105 320
m_4107237_nw_18_060_20210904 320
m_4207146_nw_19_060_20211024 320
m_4107356_sw_18_060_20211106 336
m_3207901_nw_17_060_20210426 340
m_4007305_sw_18_060_20211103 336
m_3707636_ne_18_060_20210914 340
m_3307934_sw_17_060_20210508 340
m_2808206_se_17_060_20211130 360
m_2908308_sw_17_060_20211130 378
m_4306911_sw_19_060_20210927 300
m_3009434_se_15_060_20201106 340
m_3008845_ne_16_030_20211113 1400
m_3008912_ne_16_030_20211112 1400
593.9490885734558
