load envirionment

/work/csr33/images_for_predictions/naip_tiles/m_4107130_ne_19_060_20210826.tif
/work/csr33/images_for_predictions/naip_tiles/m_4606843_sw_19_060_20210817.tif
/work/csr33/images_for_predictions/naip_tiles/m_3008728_nw_16_030_20211119.tif
/work/csr33/images_for_predictions/naip_tiles/m_2909764_se_14_060_20201029.tif
/work/csr33/images_for_predictions/naip_tiles/m_3008105_nw_17_060_20211203.tif
/work/csr33/images_for_predictions/naip_tiles/m_3607641_sw_18_060_20200922.tif
/work/csr33/images_for_predictions/naip_tiles/m_4207049_ne_19_060_20210826.tif
/work/csr33/images_for_predictions/naip_tiles/m_2908253_sw_17_060_20211129.tif
/work/csr33/images_for_predictions/naip_tiles/m_3607607_se_18_060_20210913.tif
/work/csr33/images_for_predictions/naip_tiles/m_3412007_se_10_060_20200522.tif
/work/csr33/images_for_predictions/naip_tiles/m_4606861_se_19_060_20210817.tif
/work/csr33/images_for_predictions/naip_tiles/m_3008729_ne_16_030_20211119.tif
/work/csr33/images_for_predictions/naip_tiles/m_4107311_sw_18_060_20211105.tif
/work/csr33/images_for_predictions/naip_tiles/m_2809758_sw_14_060_20200501.tif
/work/csr33/images_for_predictions/naip_tiles/m_3009320_se_15_060_20190904_20191001.tif
/work/csr33/images_for_predictions/naip_tiles/m_3411925_nw_11_060_20200522.tif
/work/csr33/images_for_predictions/naip_tiles/m_4307016_ne_19_060_20211006.tif
m_4606843_sw_19_060_20210817 300
/work/csr33/images_for_predictions/naip_tiles/m_2508006_se_17_060_20211207.tif
m_4606861_se_19_060_20210817 300
m_4107130_ne_19_060_20210826 320
m_4107311_sw_18_060_20211105 320
m_4207049_ne_19_060_20210826 320
m_3008105_nw_17_060_20211203 340
m_3412007_se_10_060_20200522 340
m_3411925_nw_11_060_20200522 340
m_3607607_se_18_060_20210913 340
m_3607641_sw_18_060_20200922 357
m_2809758_sw_14_060_20200501 360
m_2909764_se_14_060_20201029 360
m_2908253_sw_17_060_20211129 360
m_3009320_se_15_060_20190904_20191001 360
m_4307016_ne_19_060_20211006 300
m_2508006_se_17_060_20211207 360
m_3008728_nw_16_030_20211119 1400
m_3008729_ne_16_030_20211119 1400
997.9089336395264
