load envirionment

/work/csr33/images_for_predictions/naip_tiles/m_3807532_se_18_060_20210624.tif
/work/csr33/images_for_predictions/naip_tiles/m_4506762_nw_19_060_20210828.tif
/work/csr33/images_for_predictions/naip_tiles/m_3009248_nw_15_030_20211212.tif
/work/csr33/images_for_predictions/naip_tiles/m_3507632_se_18_060_20201001.tif
/work/csr33/images_for_predictions/naip_tiles/m_3008903_sw_16_030_20211115.tif
/work/csr33/images_for_predictions/naip_tiles/m_4107239_ne_18_060_20210926.tif
/work/csr33/images_for_predictions/naip_tiles/m_3907553_se_18_060_20210630.tif
/work/csr33/images_for_predictions/naip_tiles/m_3008636_se_16_060_20191109_20200114.tif
/work/csr33/images_for_predictions/naip_tiles/m_2709702_nw_14_060_20200501.tif
/work/csr33/images_for_predictions/naip_tiles/m_3009146_ne_15_030_20211116.tif
/work/csr33/images_for_predictions/naip_tiles/m_3607614_se_18_060_20210913.tif
/work/csr33/images_for_predictions/naip_tiles/m_4506745_nw_19_060_20210723.tif
/work/csr33/images_for_predictions/naip_tiles/m_3907661_sw_18_060_20210606.tif
/work/csr33/images_for_predictions/naip_tiles/m_4506838_nw_19_060_20210921.tif
/work/csr33/images_for_predictions/naip_tiles/m_4506862_se_19_060_20210929.tif
/work/csr33/images_for_predictions/naip_tiles/m_4107320_nw_18_060_20211106.tif
/work/csr33/images_for_predictions/naip_tiles/m_2908251_nw_17_060_20211129.tif
m_4506838_nw_19_060_20210921 300
/work/csr33/images_for_predictions/naip_tiles/m_4406829_se_19_060_20210914.tif
m_4506762_nw_19_060_20210828 300
m_4506745_nw_19_060_20210723 300
m_4506862_se_19_060_20210929 300
m_3807532_se_18_060_20210624 320
m_3907553_se_18_060_20210630 320
m_4107239_ne_18_060_20210926 320
m_3907661_sw_18_060_20210606 320
m_4107320_nw_18_060_20211106 320
m_3507632_se_18_060_20201001 340
m_3008636_se_16_060_20191109_20200114 340
m_3607614_se_18_060_20210913 340
m_2709702_nw_14_060_20200501 360
m_4406829_se_19_060_20210914 300
m_2908251_nw_17_060_20211129 360
m_3009248_nw_15_030_20211212 1326
m_3009146_ne_15_030_20211116 1326
m_3008903_sw_16_030_20211115 1365
1239.455227613449
