load envirionment

/work/csr33/images_for_predictions/naip_tiles/m_2908934_ne_16_030_20211202.tif
/work/csr33/images_for_predictions/naip_tiles/m_2909026_se_15_060_20190831_20191001.tif
/work/csr33/images_for_predictions/naip_tiles/m_2809753_nw_14_060_20201116.tif
/work/csr33/images_for_predictions/naip_tiles/m_3211620_ne_11_060_20200415.tif
/work/csr33/images_for_predictions/naip_tiles/m_3008113_ne_17_060_20211203.tif
/work/csr33/images_for_predictions/naip_tiles/m_3208131_se_17_060_20210426.tif
/work/csr33/images_for_predictions/naip_tiles/m_4506813_sw_19_060_20210921.tif
/work/csr33/images_for_predictions/naip_tiles/m_2809624_se_14_060_20201029.tif
/work/csr33/images_for_predictions/naip_tiles/m_4406728_ne_19_060_20210907.tif
/work/csr33/images_for_predictions/naip_tiles/m_4107103_sw_19_060_20210926.tif
/work/csr33/images_for_predictions/naip_tiles/m_4207064_sw_19_060_20210826.tif
/work/csr33/images_for_predictions/naip_tiles/m_3009262_se_15_030_20211222.tif
/work/csr33/images_for_predictions/naip_tiles/m_4107420_nw_18_060_20211106.tif
/work/csr33/images_for_predictions/naip_tiles/m_2908933_ne_16_030_20211202.tif
/work/csr33/images_for_predictions/naip_tiles/m_2508053_nw_17_060_20191126_20200113.tif
/work/csr33/images_for_predictions/naip_tiles/m_3407841_nw_17_060_20200603.tif
/work/csr33/images_for_predictions/naip_tiles/m_3907539_se_18_060_20190726_20191209.tif
m_4506813_sw_19_060_20210921 300
/work/csr33/images_for_predictions/naip_tiles/m_3009339_ne_15_060_20190901_20191001.tif
m_4406728_ne_19_060_20210907 300
m_4107420_nw_18_060_20211106 320
m_4207064_sw_19_060_20210826 320
m_3211620_ne_11_060_20200415 340
m_4107103_sw_19_060_20210926 336
m_3008113_ne_17_060_20211203 340
m_3208131_se_17_060_20210426 340
m_2508053_nw_17_060_20191126_20200113 360
m_2809753_nw_14_060_20201116 360
m_3407841_nw_17_060_20200603 360
m_2809624_se_14_060_20201029 360
m_2909026_se_15_060_20190831_20191001 378
m_3907539_se_18_060_20190726_20191209 320
m_3009339_ne_15_060_20190901_20191001 360
m_3009262_se_15_030_20211222 1326
m_2908933_ne_16_030_20211202 1365
m_2908934_ne_16_030_20211202 1365
596.3898546695709
