load envirionment

/work/csr33/images_for_predictions/naip_tiles/m_2708029_sw_17_060_20191215_20200113.tif
/work/csr33/images_for_predictions/naip_tiles/m_4007456_se_18_060_20190809_20191209.tif
/work/csr33/images_for_predictions/naip_tiles/m_3008541_sw_16_060_20191109_20200114.tif
/work/csr33/images_for_predictions/naip_tiles/m_4506726_se_19_060_20210815.tif
/work/csr33/images_for_predictions/naip_tiles/m_4406817_nw_19_060_20211006.tif
/work/csr33/images_for_predictions/naip_tiles/m_3407840_se_17_060_20200904.tif
/work/csr33/images_for_predictions/naip_tiles/m_4406914_sw_19_060_20210904.tif
/work/csr33/images_for_predictions/naip_tiles/m_2609758_ne_14_060_20201029.tif
/work/csr33/images_for_predictions/naip_tiles/m_2609758_se_14_060_20201029.tif
/work/csr33/images_for_predictions/naip_tiles/m_3008836_se_16_030_20211114.tif
/work/csr33/images_for_predictions/naip_tiles/m_3008708_sw_16_060_20191103_20200114.tif
/work/csr33/images_for_predictions/naip_tiles/m_3108703_se_16_030_20211115.tif
/work/csr33/images_for_predictions/naip_tiles/m_4406957_sw_19_060_20210827.tif
/work/csr33/images_for_predictions/naip_tiles/m_3607658_nw_18_060_20200922.tif
/work/csr33/images_for_predictions/naip_tiles/m_2608121_se_17_060_20211203.tif
/work/csr33/images_for_predictions/naip_tiles/m_3307916_se_17_060_20210501.tif
/work/csr33/images_for_predictions/naip_tiles/m_2508017_nw_17_060_20211203.tif
m_4406957_sw_19_060_20210827 300
/work/csr33/images_for_predictions/naip_tiles/m_4406943_nw_19_060_20210827.tif
m_4406817_nw_19_060_20211006 300
m_4506726_se_19_060_20210815 300
m_4406914_sw_19_060_20210904 300
m_4007456_se_18_060_20190809_20191209 320
m_3607658_nw_18_060_20200922 340
m_3008541_sw_16_060_20191109_20200114 340
m_3008708_sw_16_060_20191103_20200114 340
m_3307916_se_17_060_20210501 340
m_3407840_se_17_060_20200904 357
m_2609758_ne_14_060_20201029 360
m_2708029_sw_17_060_20191215_20200113 360
m_2609758_se_14_060_20201029 360
m_2608121_se_17_060_20211203 360
m_4406943_nw_19_060_20210827 300
m_2508017_nw_17_060_20211203 380
m_3108703_se_16_030_20211115 1360
m_3008836_se_16_030_20211114 1400
433.73762488365173
