load envirionment

/work/csr33/images_for_predictions/naip_tiles/m_2708160_se_17_060_20191129_20200113.tif
/work/csr33/images_for_predictions/naip_tiles/m_3008918_nw_16_030_20211116.tif
/work/csr33/images_for_predictions/naip_tiles/m_4107138_nw_19_060_20210826.tif
/work/csr33/images_for_predictions/naip_tiles/m_3707645_se_18_060_20210926.tif
/work/csr33/images_for_predictions/naip_tiles/m_3407741_nw_18_060_20200904.tif
/work/csr33/images_for_predictions/naip_tiles/m_2709715_se_14_060_20200430.tif
/work/csr33/images_for_predictions/naip_tiles/m_3707503_nw_18_060_20210605.tif
/work/csr33/images_for_predictions/naip_tiles/m_2708021_nw_17_060_20191215_20200113.tif
/work/csr33/images_for_predictions/naip_tiles/m_4107201_ne_18_060_20211105.tif
/work/csr33/images_for_predictions/naip_tiles/m_4107036_sw_19_060_20210904.tif
/work/csr33/images_for_predictions/naip_tiles/m_3009363_nw_15_060_20190905_20191001.tif
/work/csr33/images_for_predictions/naip_tiles/m_3108733_ne_16_030_20211115.tif
/work/csr33/images_for_predictions/naip_tiles/m_2809641_se_14_060_20201116.tif
/work/csr33/images_for_predictions/naip_tiles/m_2909204_se_15_060_20190706_20191001.tif
/work/csr33/images_for_predictions/naip_tiles/m_3807716_se_18_060_20210617.tif
/work/csr33/images_for_predictions/naip_tiles/m_3907547_sw_18_060_20190726_20191209.tif
/work/csr33/images_for_predictions/naip_tiles/m_3009122_se_15_030_20211116.tif
m_3807716_se_18_060_20210617 320
/work/csr33/images_for_predictions/naip_tiles/m_3607639_nw_18_060_20201001.tif
m_3707503_nw_18_060_20210605 320
m_3907547_sw_18_060_20190726_20191209 320
m_4107201_ne_18_060_20211105 320
m_4107138_nw_19_060_20210826 320
m_3707645_se_18_060_20210926 340
m_4107036_sw_19_060_20210904 336
m_2909204_se_15_060_20190706_20191001 360
m_3009363_nw_15_060_20190905_20191001 360
m_2709715_se_14_060_20200430 360
m_2708160_se_17_060_20191129_20200113 360
m_2708021_nw_17_060_20191215_20200113 360
m_3407741_nw_18_060_20200904 360
m_2809641_se_14_060_20201116 360
m_3607639_nw_18_060_20201001 340
m_3008918_nw_16_030_20211116 1365
m_3108733_ne_16_030_20211115 1400
m_3009122_se_15_030_20211116 1326
533.695077419281
