load envirionment

/work/csr33/images_for_predictions/naip_tiles/m_2908211_ne_17_060_20211129.tif
/work/csr33/images_for_predictions/naip_tiles/m_3009445_ne_15_060_20201112.tif
/work/csr33/images_for_predictions/naip_tiles/m_2908127_ne_17_060_20211129.tif
/work/csr33/images_for_predictions/naip_tiles/m_3009462_nw_15_060_20201112.tif
/work/csr33/images_for_predictions/naip_tiles/m_3907426_sw_18_060_20190830_20191209.tif
/work/csr33/images_for_predictions/naip_tiles/m_3807602_nw_18_060_20210617.tif
/work/csr33/images_for_predictions/naip_tiles/m_2608025_ne_17_060_20191130_20200113.tif
/work/csr33/images_for_predictions/naip_tiles/m_3407811_ne_17_060_20200903.tif
/work/csr33/images_for_predictions/naip_tiles/m_2708236_se_17_060_20211130.tif
/work/csr33/images_for_predictions/naip_tiles/m_2708253_sw_17_060_20211130.tif
/work/csr33/images_for_predictions/naip_tiles/m_2909559_sw_15_060_20201117.tif
/work/csr33/images_for_predictions/naip_tiles/m_3008431_sw_16_060_20191205_20200114.tif
/work/csr33/images_for_predictions/naip_tiles/m_2608153_nw_17_060_20191128_20200113.tif
/work/csr33/images_for_predictions/naip_tiles/m_3009161_nw_15_030_20211114.tif
/work/csr33/images_for_predictions/naip_tiles/m_3211621_ne_11_060_20200415.tif
/work/csr33/images_for_predictions/naip_tiles/m_4307140_nw_19_060_20211024.tif
/work/csr33/images_for_predictions/naip_tiles/m_2608032_sw_17_060_20191120_20200113.tif
m_3907426_sw_18_060_20190830_20191209 320
/work/csr33/images_for_predictions/naip_tiles/m_3707621_nw_18_060_20210914.tif
m_3807602_nw_18_060_20210617 320
m_4307140_nw_19_060_20211024 320
m_3009462_nw_15_060_20201112 340
m_3009445_ne_15_060_20201112 340
m_3407811_ne_17_060_20200903 340
m_3211621_ne_11_060_20200415 340
m_2608025_ne_17_060_20191130_20200113 360
m_2909559_sw_15_060_20201117 360
m_2908127_ne_17_060_20211129 360
m_2908211_ne_17_060_20211129 360
m_2708236_se_17_060_20211130 360
m_2608153_nw_17_060_20191128_20200113 360
m_3008431_sw_16_060_20191205_20200114 360
m_2708253_sw_17_060_20211130 380
m_3707621_nw_18_060_20210914 340
m_2608032_sw_17_060_20191120_20200113 360
m_3009161_nw_15_030_20211114 1326
883.0593786239624
