load envirionment

/work/csr33/images_for_predictions/naip_tiles/m_3308062_ne_17_060_20210501.tif
/work/csr33/images_for_predictions/naip_tiles/m_4406937_se_19_060_20210904.tif
/work/csr33/images_for_predictions/naip_tiles/m_3407842_ne_17_060_20200603.tif
/work/csr33/images_for_predictions/naip_tiles/m_3108159_sw_17_060_20191110_20200102.tif
/work/csr33/images_for_predictions/naip_tiles/m_3208107_se_17_060_20210426.tif
/work/csr33/images_for_predictions/naip_tiles/m_3907747_nw_18_060_20210616.tif
/work/csr33/images_for_predictions/naip_tiles/m_2908964_ne_16_030_20211130.tif
/work/csr33/images_for_predictions/naip_tiles/m_2909231_sw_15_060_20190706_20191001.tif
/work/csr33/images_for_predictions/naip_tiles/m_4406935_ne_19_060_20210827.tif
/work/csr33/images_for_predictions/naip_tiles/m_2908303_nw_17_060_20191113_20200114.tif
/work/csr33/images_for_predictions/naip_tiles/m_2809628_sw_14_060_20201029.tif
/work/csr33/images_for_predictions/naip_tiles/m_2608019_sw_17_060_20191207_20200113.tif
/work/csr33/images_for_predictions/naip_tiles/m_2908117_sw_17_060_20211129.tif
/work/csr33/images_for_predictions/naip_tiles/m_2909510_sw_15_060_20201030.tif
/work/csr33/images_for_predictions/naip_tiles/m_2909016_se_15_030_20211115.tif
/work/csr33/images_for_predictions/naip_tiles/m_4207002_se_19_060_20210904.tif
/work/csr33/images_for_predictions/naip_tiles/m_2608133_nw_17_060_20211223.tif
m_4406935_ne_19_060_20210827 300
/work/csr33/images_for_predictions/naip_tiles/m_3507642_ne_18_060_20201018.tif
m_4406937_se_19_060_20210904 300
m_3907747_nw_18_060_20210616 320
m_4207002_se_19_060_20210904 336
m_3108159_sw_17_060_20191110_20200102 340
m_3407842_ne_17_060_20200603 340
m_3208107_se_17_060_20210426 340
m_3308062_ne_17_060_20210501 340
m_2909231_sw_15_060_20190706_20191001 360
m_2908303_nw_17_060_20191113_20200114 360
m_2608019_sw_17_060_20191207_20200113 360
m_2809628_sw_14_060_20201029 360
m_2909510_sw_15_060_20201030 360
m_2908117_sw_17_060_20211129 360
m_3507642_ne_18_060_20201018 340
m_2608133_nw_17_060_20211223 380
m_2909016_se_15_030_20211115 1365
m_2908964_ne_16_030_20211130 1365
529.5827140808105
