load envirionment

/work/csr33/images_for_predictions/naip_tiles/m_2908927_sw_16_060_20190906_20191015.tif
/work/csr33/images_for_predictions/naip_tiles/m_3009033_nw_15_030_20211119.tif
/work/csr33/images_for_predictions/naip_tiles/m_2909508_ne_15_060_20201118.tif
/work/csr33/images_for_predictions/naip_tiles/m_3307911_sw_17_060_20210501.tif
/work/csr33/images_for_predictions/naip_tiles/m_2808247_sw_17_060_20211130.tif
/work/csr33/images_for_predictions/naip_tiles/m_3008961_se_16_030_20211116.tif
/work/csr33/images_for_predictions/naip_tiles/m_3807563_ne_18_060_20210605.tif
/work/csr33/images_for_predictions/naip_tiles/m_4107334_se_18_060_20211105.tif
/work/csr33/images_for_predictions/naip_tiles/m_3008824_ne_16_030_20211119.tif
/work/csr33/images_for_predictions/naip_tiles/m_2608023_nw_17_060_20191120_20200113.tif
/work/csr33/images_for_predictions/naip_tiles/m_3807738_nw_18_060_20210910.tif
/work/csr33/images_for_predictions/naip_tiles/m_3008619_se_16_060_20191109_20200114.tif
/work/csr33/images_for_predictions/naip_tiles/m_2609729_ne_14_060_20201029.tif
/work/csr33/images_for_predictions/naip_tiles/m_2909316_se_15_060_20190905_20191001.tif
/work/csr33/images_for_predictions/naip_tiles/m_4207322_se_18_060_20211106.tif
/work/csr33/images_for_predictions/naip_tiles/m_3008510_se_16_060_20191109_20200114.tif
/work/csr33/images_for_predictions/naip_tiles/m_3208145_sw_17_060_20191109_20200102.tif
m_3807563_ne_18_060_20210605 320
/work/csr33/images_for_predictions/naip_tiles/m_2909009_se_15_060_20190707_20191001.tif
m_4107334_se_18_060_20211105 320
m_3307911_sw_17_060_20210501 340
m_3008619_se_16_060_20191109_20200114 340
m_3008510_se_16_060_20191109_20200114 340
m_3807738_nw_18_060_20210910 340
m_2909508_ne_15_060_20201118 360
m_2609729_ne_14_060_20201029 360
m_2608023_nw_17_060_20191120_20200113 360
m_4207322_se_18_060_20211106 336
m_2909316_se_15_060_20190905_20191001 360
m_2908927_sw_16_060_20190906_20191015 378
m_2808247_sw_17_060_20211130 360
m_3208145_sw_17_060_20191109_20200102 340
m_2909009_se_15_060_20190707_20191001 378
m_3008961_se_16_030_20211116 1365
m_3009033_nw_15_030_20211119 1326
m_3008824_ne_16_030_20211119 1400
803.6450090408325
