load envirionment

/work/csr33/images_for_predictions/naip_tiles/m_3311649_nw_11_060_20200415.tif
/work/csr33/images_for_predictions/naip_tiles/m_4506853_ne_19_060_20210929.tif
/work/csr33/images_for_predictions/naip_tiles/m_3907532_se_18_060_20190726_20191209.tif
/work/csr33/images_for_predictions/naip_tiles/m_3008630_sw_16_060_20191109_20200114.tif
/work/csr33/images_for_predictions/naip_tiles/m_4107320_sw_18_060_20211106.tif
/work/csr33/images_for_predictions/naip_tiles/m_4107217_ne_18_060_20211105.tif
/work/csr33/images_for_predictions/naip_tiles/m_2909146_ne_15_060_20190830_20191001.tif
/work/csr33/images_for_predictions/naip_tiles/m_4107024_ne_19_060_20210826.tif
/work/csr33/images_for_predictions/naip_tiles/m_2909022_sw_15_030_20211130.tif
/work/csr33/images_for_predictions/naip_tiles/m_3008344_ne_17_060_20191113_20200114.tif
/work/csr33/images_for_predictions/naip_tiles/m_2909124_nw_15_060_20190707_20191001.tif
/work/csr33/images_for_predictions/naip_tiles/m_3008646_ne_16_060_20191109_20200114.tif
/work/csr33/images_for_predictions/naip_tiles/m_2809602_ne_14_060_20201116.tif
/work/csr33/images_for_predictions/naip_tiles/m_2909222_se_15_060_20190905_20191001.tif
/work/csr33/images_for_predictions/naip_tiles/m_3907537_se_18_060_20190726_20191209.tif
/work/csr33/images_for_predictions/naip_tiles/m_3907648_sw_18_060_20211101.tif
/work/csr33/images_for_predictions/naip_tiles/m_2909009_nw_15_060_20190707_20191001.tif
m_4506853_ne_19_060_20210929 300
/work/csr33/images_for_predictions/naip_tiles/m_3407728_sw_18_060_20200930.tif
m_3907532_se_18_060_20190726_20191209 320
m_3907648_sw_18_060_20211101 320
m_3907537_se_18_060_20190726_20191209 320
m_4107217_ne_18_060_20211105 320
m_4107024_ne_19_060_20210826 320
m_3008630_sw_16_060_20191109_20200114 340
m_4107320_sw_18_060_20211106 336
m_3008646_ne_16_060_20191109_20200114 340
m_3311649_nw_11_060_20200415 340
m_2809602_ne_14_060_20201116 360
m_3008344_ne_17_060_20191113_20200114 360
m_2909222_se_15_060_20190905_20191001 360
m_2909124_nw_15_060_20190707_20191001 360
m_2909146_ne_15_060_20190830_20191001 360
m_2909009_nw_15_060_20190707_20191001 360
m_3407728_sw_18_060_20200930 378
m_2909022_sw_15_030_20211130 1365
471.4719944000244
