load envirionment

/work/csr33/images_for_predictions/naip_tiles/m_4107463_nw_18_060_20211105.tif
/work/csr33/images_for_predictions/naip_tiles/m_2909548_se_15_060_20201116.tif
/work/csr33/images_for_predictions/naip_tiles/m_4406819_se_19_060_20210914.tif
/work/csr33/images_for_predictions/naip_tiles/m_3009263_se_15_030_20211212.tif
/work/csr33/images_for_predictions/naip_tiles/m_3307929_ne_17_060_20210501.tif
/work/csr33/images_for_predictions/naip_tiles/m_4107125_se_19_060_20210926.tif
/work/csr33/images_for_predictions/naip_tiles/m_2909549_sw_15_060_20201030.tif
/work/csr33/images_for_predictions/naip_tiles/m_2708211_se_17_060_20211130.tif
/work/csr33/images_for_predictions/naip_tiles/m_2608047_ne_17_060_20191120_20200113.tif
/work/csr33/images_for_predictions/naip_tiles/m_4107123_se_19_060_20210826.tif
/work/csr33/images_for_predictions/naip_tiles/m_4107021_nw_19_060_20210904.tif
/work/csr33/images_for_predictions/naip_tiles/m_3311658_se_11_060_20200415.tif
/work/csr33/images_for_predictions/naip_tiles/m_4506847_se_19_060_20210911.tif
/work/csr33/images_for_predictions/naip_tiles/m_3008329_sw_17_060_20191113_20200114.tif
/work/csr33/images_for_predictions/naip_tiles/m_4207321_sw_18_060_20211107.tif
/work/csr33/images_for_predictions/naip_tiles/m_3412021_nw_10_060_20200607.tif
/work/csr33/images_for_predictions/naip_tiles/m_3009048_nw_15_030_20211123.tif
m_4406819_se_19_060_20210914 300
/work/csr33/images_for_predictions/naip_tiles/m_3907437_ne_18_060_20190730_20191209.tif
m_4506847_se_19_060_20210911 300
m_4107021_nw_19_060_20210904 320
m_4107463_nw_18_060_20211105 320
m_2608047_ne_17_060_20191120_20200113 360
m_3412021_nw_10_060_20200607 340
m_4207321_sw_18_060_20211107 336
m_4107123_se_19_060_20210826 336
m_4107125_se_19_060_20210926 336
m_3307929_ne_17_060_20210501 340
m_3311658_se_11_060_20200415 340
m_2909548_se_15_060_20201116 360
m_2909549_sw_15_060_20201030 360
m_2708211_se_17_060_20211130 360
m_3008329_sw_17_060_20191113_20200114 360
m_3907437_ne_18_060_20190730_20191209 320
m_3009263_se_15_030_20211212 1326
m_3009048_nw_15_030_20211123 1365
1263.6426424980164
