load envirionment

/work/csr33/images_for_predictions/naip_tiles/m_4407059_nw_19_060_20211007.tif
/work/csr33/images_for_predictions/naip_tiles/m_3009338_nw_15_060_20190901_20191001.tif
/work/csr33/images_for_predictions/naip_tiles/m_3108224_sw_17_060_20191110_20200102.tif
/work/csr33/images_for_predictions/naip_tiles/m_3407743_ne_18_060_20200930.tif
/work/csr33/images_for_predictions/naip_tiles/m_3607651_nw_18_060_20200516.tif
/work/csr33/images_for_predictions/naip_tiles/m_3009037_sw_15_030_20211115.tif
/work/csr33/images_for_predictions/naip_tiles/m_4207144_nw_19_060_20210826.tif
/work/csr33/images_for_predictions/naip_tiles/m_3008633_sw_16_060_20191103_20200114.tif
/work/csr33/images_for_predictions/naip_tiles/m_3507756_se_18_060_20201031.tif
/work/csr33/images_for_predictions/naip_tiles/m_3807503_sw_18_060_20210623.tif
/work/csr33/images_for_predictions/naip_tiles/m_4007437_ne_18_060_20190830_20191209.tif
/work/csr33/images_for_predictions/naip_tiles/m_2809759_sw_14_060_20200501.tif
/work/csr33/images_for_predictions/naip_tiles/m_3807650_ne_18_060_20210617.tif
/work/csr33/images_for_predictions/naip_tiles/m_3208051_sw_17_060_20210507.tif
/work/csr33/images_for_predictions/naip_tiles/m_2508042_sw_17_060_20211203.tif
/work/csr33/images_for_predictions/naip_tiles/m_3907418_sw_18_060_20190830_20191209.tif
/work/csr33/images_for_predictions/naip_tiles/m_3807606_se_18_060_20211020.tif
m_4007437_ne_18_060_20190830_20191209 300
/work/csr33/images_for_predictions/naip_tiles/m_2908130_nw_17_060_20211130.tif
m_3807503_sw_18_060_20210623 320
m_4407059_nw_19_060_20211007 320
m_3907418_sw_18_060_20190830_20191209 320
m_3807650_ne_18_060_20210617 320
m_4207144_nw_19_060_20210826 320
m_3108224_sw_17_060_20191110_20200102 340
m_3407743_ne_18_060_20200930 340
m_3607651_nw_18_060_20200516 340
m_3008633_sw_16_060_20191103_20200114 340
m_3208051_sw_17_060_20210507 340
m_3507756_se_18_060_20201031 357
m_2809759_sw_14_060_20200501 360
m_3009338_nw_15_060_20190901_20191001 360
m_2508042_sw_17_060_20211203 380
m_3807606_se_18_060_20211020 320
m_2908130_nw_17_060_20211130 360
m_3009037_sw_15_030_20211115 1365
266.45580101013184
