load envirionment

/work/csr33/images_for_predictions/naip_tiles/m_4406837_nw_19_060_20210914.tif
/work/csr33/images_for_predictions/naip_tiles/m_3108146_se_17_060_20211203.tif
/work/csr33/images_for_predictions/naip_tiles/m_2908251_se_17_060_20211129.tif
/work/csr33/images_for_predictions/naip_tiles/m_4207153_sw_19_060_20210826.tif
/work/csr33/images_for_predictions/naip_tiles/m_3411852_se_11_060_20200425.tif
/work/csr33/images_for_predictions/naip_tiles/m_3407707_se_18_060_20201031.tif
/work/csr33/images_for_predictions/naip_tiles/m_4107331_se_18_060_20211106.tif
/work/csr33/images_for_predictions/naip_tiles/m_3009241_se_15_030_20211221.tif
/work/csr33/images_for_predictions/naip_tiles/m_3707720_se_18_060_20210910.tif
/work/csr33/images_for_predictions/naip_tiles/m_2608232_nw_17_060_20211217.tif
/work/csr33/images_for_predictions/naip_tiles/m_2909546_sw_15_060_20201117.tif
/work/csr33/images_for_predictions/naip_tiles/m_3008103_ne_17_060_20191110_20200108.tif
/work/csr33/images_for_predictions/naip_tiles/m_4007428_sw_18_060_20190830_20191209.tif
/work/csr33/images_for_predictions/naip_tiles/m_3008105_sw_17_060_20211203.tif
/work/csr33/images_for_predictions/naip_tiles/m_3108703_nw_16_030_20211115.tif
/work/csr33/images_for_predictions/naip_tiles/m_3009249_nw_15_060_20190905_20191001.tif
/work/csr33/images_for_predictions/naip_tiles/m_3411938_nw_11_060_20200521.tif
m_4007428_sw_18_060_20190830_20191209 300
/work/csr33/images_for_predictions/naip_tiles/m_3412014_ne_10_060_20200523.tif
m_4107331_se_18_060_20211106 336
m_4406837_nw_19_060_20210914 300
m_3008105_sw_17_060_20211203 340
m_3008103_ne_17_060_20191110_20200108 340
m_4207153_sw_19_060_20210826 336
m_3108146_se_17_060_20211203 340
m_3411852_se_11_060_20200425 340
m_3009249_nw_15_060_20190905_20191001 360
m_3707720_se_18_060_20210910 357
m_3407707_se_18_060_20201031 357
m_2908251_se_17_060_20211129 360
m_2909546_sw_15_060_20201117 360
m_2608232_nw_17_060_20211217 380
m_3412014_ne_10_060_20200523 340
m_3411938_nw_11_060_20200521 340
m_3009241_se_15_030_20211221 1326
m_3108703_nw_16_030_20211115 1400
434.7202835083008
