load envirionment

/work/csr33/images_for_predictions/naip_tiles/m_2708020_nw_17_060_20191215_20200113.tif
/work/csr33/images_for_predictions/naip_tiles/m_3108101_ne_17_060_20191109_20200102.tif
/work/csr33/images_for_predictions/naip_tiles/m_3108152_sw_17_060_20211203.tif
/work/csr33/images_for_predictions/naip_tiles/m_4406959_sw_19_060_20210827.tif
/work/csr33/images_for_predictions/naip_tiles/m_3008215_ne_17_060_20191110_20200108.tif
/work/csr33/images_for_predictions/naip_tiles/m_3211612_nw_11_060_20200415.tif
/work/csr33/images_for_predictions/naip_tiles/m_3009433_ne_15_060_20201112.tif
/work/csr33/images_for_predictions/naip_tiles/m_3308164_se_17_060_20210421.tif
/work/csr33/images_for_predictions/naip_tiles/m_4107246_se_18_060_20210926.tif
/work/csr33/images_for_predictions/naip_tiles/m_3607744_nw_18_060_20200922.tif
/work/csr33/images_for_predictions/naip_tiles/m_3009031_sw_15_030_20211116.tif
/work/csr33/images_for_predictions/naip_tiles/m_3707719_nw_18_060_20210628.tif
/work/csr33/images_for_predictions/naip_tiles/m_4406834_se_19_060_20210723.tif
/work/csr33/images_for_predictions/naip_tiles/m_3008929_sw_16_030_20211119.tif
/work/csr33/images_for_predictions/naip_tiles/m_2708144_se_17_060_20191129_20200113.tif
/work/csr33/images_for_predictions/naip_tiles/m_2808059_nw_17_060_20191130_20200113.tif
/work/csr33/images_for_predictions/naip_tiles/m_3008814_sw_16_030_20211112.tif
m_4406959_sw_19_060_20210827 300
/work/csr33/images_for_predictions/naip_tiles/m_3009432_nw_15_060_20201102.tif
m_4406834_se_19_060_20210723 300
m_4107246_se_18_060_20210926 336
m_3108101_ne_17_060_20191109_20200102 340
m_3008215_ne_17_060_20191110_20200108 340
m_3108152_sw_17_060_20211203 340
m_3607744_nw_18_060_20200922 340
m_3211612_nw_11_060_20200415 340
m_3707719_nw_18_060_20210628 340
m_3009433_ne_15_060_20201112 340
m_3308164_se_17_060_20210421 340
m_2808059_nw_17_060_20191130_20200113 360
m_2708144_se_17_060_20191129_20200113 360
m_2708020_nw_17_060_20191215_20200113 360
m_3009432_nw_15_060_20201102 340
m_3009031_sw_15_030_20211116 1365
m_3008929_sw_16_030_20211119 1476
m_3008814_sw_16_030_20211112 1400
583.2316379547119
