load envirionment

/work/csr33/images_for_predictions/naip_tiles/m_2908330_ne_17_060_20211116.tif
/work/csr33/images_for_predictions/naip_tiles/m_2809747_ne_14_060_20201029.tif
/work/csr33/images_for_predictions/naip_tiles/m_3411909_sw_11_060_20200522.tif
/work/csr33/images_for_predictions/naip_tiles/m_4207336_se_18_060_20211107.tif
/work/csr33/images_for_predictions/naip_tiles/m_3607739_ne_18_060_20200922.tif
/work/csr33/images_for_predictions/naip_tiles/m_3009453_se_15_060_20201112.tif
/work/csr33/images_for_predictions/naip_tiles/m_3707739_sw_18_060_20210912.tif
/work/csr33/images_for_predictions/naip_tiles/m_3707519_nw_18_060_20211017.tif
/work/csr33/images_for_predictions/naip_tiles/m_2908944_nw_16_030_20211202.tif
/work/csr33/images_for_predictions/naip_tiles/m_2909155_nw_15_060_20190830_20191001.tif
/work/csr33/images_for_predictions/naip_tiles/m_3807708_se_18_060_20210617.tif
/work/csr33/images_for_predictions/naip_tiles/m_3907559_ne_18_060_20210623.tif
/work/csr33/images_for_predictions/naip_tiles/m_3307947_sw_17_060_20210501.tif
/work/csr33/images_for_predictions/naip_tiles/m_2908122_nw_17_060_20211130.tif
/work/csr33/images_for_predictions/naip_tiles/m_3008447_sw_16_060_20191205_20200114.tif
/work/csr33/images_for_predictions/naip_tiles/m_3807712_ne_18_060_20210903.tif
/work/csr33/images_for_predictions/naip_tiles/m_3407956_se_17_060_20210513.tif
m_3807708_se_18_060_20210617 320
/work/csr33/images_for_predictions/naip_tiles/m_2608231_ne_17_060_20211217.tif
m_3907559_ne_18_060_20210623 320
m_4207336_se_18_060_20211107 336
m_3707519_nw_18_060_20211017 340
m_3009453_se_15_060_20201112 340
m_3307947_sw_17_060_20210501 340
m_3411909_sw_11_060_20200522 340
m_3607739_ne_18_060_20200922 340
m_3807712_ne_18_060_20210903 340
m_3707739_sw_18_060_20210912 357
m_2908122_nw_17_060_20211130 360
m_2909155_nw_15_060_20190830_20191001 360
m_3008447_sw_16_060_20191205_20200114 360
m_2908330_ne_17_060_20211116 360
m_2809747_ne_14_060_20201029 360
m_3407956_se_17_060_20210513 340
m_2608231_ne_17_060_20211217 360
m_2908944_nw_16_030_20211202 1365
604.0732665061951
