load envirionment

/work/csr33/images_for_predictions/naip_tiles/m_3108717_ne_16_030_20211115.tif
/work/csr33/images_for_predictions/naip_tiles/m_3507737_ne_18_060_20200930.tif
/work/csr33/images_for_predictions/naip_tiles/m_2808255_se_17_060_20211130.tif
/work/csr33/images_for_predictions/naip_tiles/m_4307027_sw_19_060_20211007.tif
/work/csr33/images_for_predictions/naip_tiles/m_2908156_nw_17_060_20211130.tif
/work/csr33/images_for_predictions/naip_tiles/m_2808255_nw_17_060_20211130.tif
/work/csr33/images_for_predictions/naip_tiles/m_3607509_nw_18_060_20210913.tif
/work/csr33/images_for_predictions/naip_tiles/m_2708135_sw_17_060_20191129_20200113.tif
/work/csr33/images_for_predictions/naip_tiles/m_3009109_sw_15_030_20211113.tif
/work/csr33/images_for_predictions/naip_tiles/m_4107028_ne_19_060_20210904.tif
/work/csr33/images_for_predictions/naip_tiles/m_4506813_se_19_060_20210921.tif
/work/csr33/images_for_predictions/naip_tiles/m_3907634_ne_18_060_20210616.tif
/work/csr33/images_for_predictions/naip_tiles/m_3311612_sw_11_060_20200416.tif
/work/csr33/images_for_predictions/naip_tiles/m_2808228_ne_17_060_20211130.tif
/work/csr33/images_for_predictions/naip_tiles/m_2609746_sw_14_060_20200430.tif
/work/csr33/images_for_predictions/naip_tiles/m_2908954_ne_16_030_20211130.tif
/work/csr33/images_for_predictions/naip_tiles/m_3907431_nw_18_060_20190730_20191209.tif
m_4506813_se_19_060_20210921 300
/work/csr33/images_for_predictions/naip_tiles/m_3009162_nw_15_030_20211116.tif
m_3907634_ne_18_060_20210616 320
m_4107028_ne_19_060_20210904 320
m_4307027_sw_19_060_20211007 336
m_3507737_ne_18_060_20200930 340
m_3607509_nw_18_060_20210913 340
m_3311612_sw_11_060_20200416 340
m_2908156_nw_17_060_20211130 360
m_2708135_sw_17_060_20191129_20200113 360
m_2808255_se_17_060_20211130 360
m_2609746_sw_14_060_20200430 360
m_2808255_nw_17_060_20211130 360
m_2808228_ne_17_060_20211130 360
m_3907431_nw_18_060_20190730_20191209 320
m_3009109_sw_15_030_20211113 1326
m_2908954_ne_16_030_20211130 1365
m_3108717_ne_16_030_20211115 1400
m_3009162_nw_15_030_20211116 1326
411.7322561740875
