load envirionment

/work/csr33/images_for_predictions/naip_tiles/m_3008450_sw_16_060_20191128_20200114.tif
/work/csr33/images_for_predictions/naip_tiles/m_2908134_ne_17_060_20211129.tif
/work/csr33/images_for_predictions/naip_tiles/m_3008553_nw_16_060_20191118_20200114.tif
/work/csr33/images_for_predictions/naip_tiles/m_3208152_nw_17_060_20191109_20200102.tif
/work/csr33/images_for_predictions/naip_tiles/m_4007423_nw_18_060_20190917_20191209.tif
/work/csr33/images_for_predictions/naip_tiles/m_2508106_ne_17_060_20211203.tif
/work/csr33/images_for_predictions/naip_tiles/m_3407856_se_17_060_20200603.tif
/work/csr33/images_for_predictions/naip_tiles/m_3707610_se_18_060_20210827.tif
/work/csr33/images_for_predictions/naip_tiles/m_2809628_se_14_060_20200501.tif
/work/csr33/images_for_predictions/naip_tiles/m_2709721_se_14_060_20201001.tif
/work/csr33/images_for_predictions/naip_tiles/m_3008918_sw_16_030_20211116.tif
/work/csr33/images_for_predictions/naip_tiles/m_3009239_se_15_030_20211212.tif
/work/csr33/images_for_predictions/naip_tiles/m_3507544_se_18_060_20201018.tif
/work/csr33/images_for_predictions/naip_tiles/m_4506962_se_19_060_20210816.tif
/work/csr33/images_for_predictions/naip_tiles/m_2709735_se_14_060_20200501.tif
/work/csr33/images_for_predictions/naip_tiles/m_3008454_nw_16_060_20191129_20200114.tif
/work/csr33/images_for_predictions/naip_tiles/m_4107237_sw_18_060_20210904.tif
m_4007423_nw_18_060_20190917_20191209 300
/work/csr33/images_for_predictions/naip_tiles/m_3009036_sw_15_030_20211120.tif
m_4506962_se_19_060_20210816 300
m_3507544_se_18_060_20201018 340
m_3707610_se_18_060_20210827 357
m_2709721_se_14_060_20201001 360
m_3208152_nw_17_060_20191109_20200102 340
m_3008553_nw_16_060_20191118_20200114 340
m_3407856_se_17_060_20200603 357
m_2508106_ne_17_060_20211203 360
m_2809628_se_14_060_20200501 360
m_3008450_sw_16_060_20191128_20200114 360
m_2709735_se_14_060_20200501 360
m_3008454_nw_16_060_20191129_20200114 360
m_2908134_ne_17_060_20211129 360
m_4107237_sw_18_060_20210904 336
m_3009239_se_15_030_20211212 1326
m_3008918_sw_16_030_20211116 1365
m_3009036_sw_15_030_20211120 1365
387.2723469734192
