load envirionment

/work/csr33/images_for_predictions/naip_tiles/m_3008805_nw_16_030_20211123.tif
/work/csr33/images_for_predictions/naip_tiles/m_3907536_nw_18_060_20210630.tif
/work/csr33/images_for_predictions/naip_tiles/m_3311732_nw_11_060_20200422.tif
/work/csr33/images_for_predictions/naip_tiles/m_3907634_nw_18_060_20210616.tif
/work/csr33/images_for_predictions/naip_tiles/m_3907435_se_18_060_20190730_20191209.tif
/work/csr33/images_for_predictions/naip_tiles/m_4007443_ne_18_060_20190730_20191209.tif
/work/csr33/images_for_predictions/naip_tiles/m_2909529_ne_15_060_20201117.tif
/work/csr33/images_for_predictions/naip_tiles/m_3407727_se_18_060_20200930.tif
/work/csr33/images_for_predictions/naip_tiles/m_3607630_nw_18_060_20210913.tif
/work/csr33/images_for_predictions/naip_tiles/m_3311754_nw_11_060_20200520.tif
/work/csr33/images_for_predictions/naip_tiles/m_3008214_se_17_060_20191110_20200108.tif
/work/csr33/images_for_predictions/naip_tiles/m_3507604_nw_18_060_20201001.tif
/work/csr33/images_for_predictions/naip_tiles/m_3807546_sw_18_060_20210605.tif
/work/csr33/images_for_predictions/naip_tiles/m_2909040_nw_15_030_20211115.tif
/work/csr33/images_for_predictions/naip_tiles/m_3907506_nw_18_060_20191019_20191203.tif
/work/csr33/images_for_predictions/naip_tiles/m_2608161_sw_17_060_20211203.tif
/work/csr33/images_for_predictions/naip_tiles/m_3008448_ne_16_060_20191205_20200114.tif
m_3907536_nw_18_060_20210630 320
/work/csr33/images_for_predictions/naip_tiles/m_4406922_nw_19_060_20210904.tif
m_4007443_ne_18_060_20190730_20191209 300
m_3907506_nw_18_060_20191019_20191203 320
m_3907435_se_18_060_20190730_20191209 320
m_3507604_nw_18_060_20201001 340
m_3311732_nw_11_060_20200422 340
m_3907634_nw_18_060_20210616 320
m_3008214_se_17_060_20191110_20200108 340
m_3807546_sw_18_060_20210605 320
m_3311754_nw_11_060_20200520 340
m_3407727_se_18_060_20200930 357
m_3607630_nw_18_060_20210913 340
m_2909529_ne_15_060_20201117 360
m_2608161_sw_17_060_20211203 380
m_3008448_ne_16_060_20191205_20200114 360
m_4406922_nw_19_060_20210904 300
m_2909040_nw_15_030_20211115 1365
m_3008805_nw_16_030_20211123 1400
440.71244287490845
