load envirionment

/work/csr33/images_for_predictions/naip_tiles/m_3008353_ne_17_060_20211130.tif
/work/csr33/images_for_predictions/naip_tiles/m_3008635_se_16_060_20191109_20200114.tif
/work/csr33/images_for_predictions/naip_tiles/m_3412028_se_10_1_20140924_20150115.tif
/work/csr33/images_for_predictions/naip_tiles/m_3707625_sw_18_060_20210827.tif
/work/csr33/images_for_predictions/naip_tiles/m_2809619_ne_14_060_20201029.tif
/work/csr33/images_for_predictions/naip_tiles/m_3008605_ne_16_030_20211112.tif
/work/csr33/images_for_predictions/naip_tiles/m_3208007_nw_17_060_20210426.tif
/work/csr33/images_for_predictions/naip_tiles/m_3807513_ne_18_060_20211019.tif
/work/csr33/images_for_predictions/naip_tiles/m_3108830_se_16_030_20211123.tif
/work/csr33/images_for_predictions/naip_tiles/m_2908409_nw_16_060_20191120_20200114.tif
/work/csr33/images_for_predictions/naip_tiles/m_3607732_sw_18_060_20210827.tif
/work/csr33/images_for_predictions/naip_tiles/m_2908954_nw_16_030_20211130.tif
/work/csr33/images_for_predictions/naip_tiles/m_4307045_nw_19_060_20210722.tif
/work/csr33/images_for_predictions/naip_tiles/m_3108757_sw_16_030_20211115.tif
/work/csr33/images_for_predictions/naip_tiles/m_4107357_sw_18_060_20211105.tif
/work/csr33/images_for_predictions/naip_tiles/m_3009027_nw_15_030_20211120.tif
/work/csr33/images_for_predictions/naip_tiles/m_4506835_ne_19_060_20210816.tif
m_3412028_se_10_1_20140924_20150115 132
/work/csr33/images_for_predictions/naip_tiles/m_4107304_nw_18_060_20211106.tif
m_4307045_nw_19_060_20210722 320
m_4107357_sw_18_060_20211105 320
m_3807513_ne_18_060_20211019 320
m_3008635_se_16_060_20191109_20200114 340
m_3208007_nw_17_060_20210426 340
m_3707625_sw_18_060_20210827 357
m_3607732_sw_18_060_20210827 357
m_2809619_ne_14_060_20201029 360
m_3008353_ne_17_060_20211130 360
m_2908409_nw_16_060_20191120_20200114 360
m_4506835_ne_19_060_20210816 300
m_4107304_nw_18_060_20211106 320
m_2908954_nw_16_030_20211130 1365
m_3009027_nw_15_030_20211120 1365
m_3008605_ne_16_030_20211112 1400
m_3108830_se_16_030_20211123 1400
m_3108757_sw_16_030_20211115 1400
1260.6279964447021
