load envirionment

/work/csr33/images_for_predictions/naip_tiles/m_3707731_se_18_060_20210912.tif
/work/csr33/images_for_predictions/naip_tiles/m_4107226_se_18_060_20211105.tif
/work/csr33/images_for_predictions/naip_tiles/m_3208045_sw_17_060_20210426.tif
/work/csr33/images_for_predictions/naip_tiles/m_2909037_nw_15_030_20211130.tif
/work/csr33/images_for_predictions/naip_tiles/m_2908919_ne_16_030_20211129.tif
/work/csr33/images_for_predictions/naip_tiles/m_3407961_se_17_060_20210508.tif
/work/csr33/images_for_predictions/naip_tiles/m_3807635_sw_18_060_20210617.tif
/work/csr33/images_for_predictions/naip_tiles/m_3311724_ne_11_060_20200422.tif
/work/csr33/images_for_predictions/naip_tiles/m_3008648_ne_16_060_20191109_20200114.tif
/work/csr33/images_for_predictions/naip_tiles/m_3008249_ne_17_060_20211130.tif
/work/csr33/images_for_predictions/naip_tiles/m_3807548_nw_18_060_20210605.tif
/work/csr33/images_for_predictions/naip_tiles/m_3008737_nw_16_030_20211113.tif
/work/csr33/images_for_predictions/naip_tiles/m_3009451_nw_15_060_20201112.tif
/work/csr33/images_for_predictions/naip_tiles/m_2709824_se_14_060_20200501.tif
/work/csr33/images_for_predictions/naip_tiles/m_4107333_ne_18_060_20211105.tif
/work/csr33/images_for_predictions/naip_tiles/m_3707625_nw_18_060_20210827.tif
/work/csr33/images_for_predictions/naip_tiles/m_3008815_nw_16_030_20211112.tif
m_3807548_nw_18_060_20210605 320
/work/csr33/images_for_predictions/naip_tiles/m_2909228_ne_15_060_20190706_20191001.tif
m_4107333_ne_18_060_20211105 320
m_3807635_sw_18_060_20210617 320
m_4107226_se_18_060_20211105 336
m_3707625_nw_18_060_20210827 340
m_3008648_ne_16_060_20191109_20200114 340
m_3208045_sw_17_060_20210426 340
m_3407961_se_17_060_20210508 340
m_3311724_ne_11_060_20200422 340
m_3009451_nw_15_060_20201112 340
m_3707731_se_18_060_20210912 357
m_2709824_se_14_060_20200501 360
m_3008249_ne_17_060_20211130 360
m_2909228_ne_15_060_20190706_20191001 360
m_2909037_nw_15_030_20211130 1365
m_2908919_ne_16_030_20211129 1365
m_3008737_nw_16_030_20211113 1400
m_3008815_nw_16_030_20211112 1400
1001.5756397247314
