load envirionment

/work/csr33/images_for_predictions/naip_tiles/m_3507751_sw_18_060_20200930.tif
/work/csr33/images_for_predictions/naip_tiles/m_3411863_se_11_060_20200505.tif
/work/csr33/images_for_predictions/naip_tiles/m_3607660_se_18_060_20201001.tif
/work/csr33/images_for_predictions/naip_tiles/m_3607746_nw_18_060_20200922.tif
/work/csr33/images_for_predictions/naip_tiles/m_3311641_ne_11_060_20200525.tif
/work/csr33/images_for_predictions/naip_tiles/m_3009227_sw_15_060_20190905_20191001.tif
/work/csr33/images_for_predictions/naip_tiles/m_4107340_sw_18_060_20211106.tif
/work/csr33/images_for_predictions/naip_tiles/m_2909540_se_15_060_20201116.tif
/work/csr33/images_for_predictions/naip_tiles/m_2908948_sw_16_030_20211130.tif
/work/csr33/images_for_predictions/naip_tiles/m_3108114_sw_17_060_20191110_20200102.tif
/work/csr33/images_for_predictions/naip_tiles/m_3707651_nw_18_060_20210912.tif
/work/csr33/images_for_predictions/naip_tiles/m_3008442_ne_16_060_20191128_20200114.tif
/work/csr33/images_for_predictions/naip_tiles/m_2609730_se_14_060_20200430.tif
/work/csr33/images_for_predictions/naip_tiles/m_4107111_sw_19_060_20210926.tif
/work/csr33/images_for_predictions/naip_tiles/m_2908955_se_16_030_20211130.tif
/work/csr33/images_for_predictions/naip_tiles/m_3009236_sw_15_060_20190706_20191001.tif
/work/csr33/images_for_predictions/naip_tiles/m_3311753_se_11_060_20200520.tif
m_3411863_se_11_060_20200505 340
/work/csr33/images_for_predictions/naip_tiles/m_2909413_se_15_060_20201112.tif
m_4107340_sw_18_060_20211106 336
m_3607660_se_18_060_20201001 340
m_3707651_nw_18_060_20210912 340
m_4107111_sw_19_060_20210926 336
m_3108114_sw_17_060_20191110_20200102 340
m_3311641_ne_11_060_20200525 340
m_3607746_nw_18_060_20200922 340
m_2909540_se_15_060_20201116 360
m_3009236_sw_15_060_20190706_20191001 360
m_3009227_sw_15_060_20190905_20191001 360
m_3008442_ne_16_060_20191128_20200114 360
m_2609730_se_14_060_20200430 360
m_3507751_sw_18_060_20200930 378
m_3311753_se_11_060_20200520 340
m_2909413_se_15_060_20201112 340
m_2908948_sw_16_030_20211130 1365
m_2908955_se_16_030_20211130 1365
394.5286428928375
