load envirionment

/work/csr33/images_for_predictions/naip_tiles/m_3807658_ne_18_060_20210910.tif
/work/csr33/images_for_predictions/naip_tiles/m_2908316_sw_17_060_20211130.tif
/work/csr33/images_for_predictions/naip_tiles/m_2809748_se_14_060_20201029.tif
/work/csr33/images_for_predictions/naip_tiles/m_3412007_nw_10_060_20200522.tif
/work/csr33/images_for_predictions/naip_tiles/m_3311824_ne_11_060_20200505.tif
/work/csr33/images_for_predictions/naip_tiles/m_3311642_sw_11_060_20200525.tif
/work/csr33/images_for_predictions/naip_tiles/m_3807562_se_18_060_20210605.tif
/work/csr33/images_for_predictions/naip_tiles/m_2909035_nw_15_060_20190831_20191001.tif
/work/csr33/images_for_predictions/naip_tiles/m_3907557_sw_18_060_20210606.tif
/work/csr33/images_for_predictions/naip_tiles/m_3008513_sw_16_060_20191118_20200114.tif
/work/csr33/images_for_predictions/naip_tiles/m_4606836_se_19_060_20210817.tif
/work/csr33/images_for_predictions/naip_tiles/m_4107132_se_19_060_20210826.tif
/work/csr33/images_for_predictions/naip_tiles/m_4107027_ne_19_060_20210904.tif
/work/csr33/images_for_predictions/naip_tiles/m_4107233_se_18_060_20211105.tif
/work/csr33/images_for_predictions/naip_tiles/m_3208136_se_17_060_20191109_20200102.tif
/work/csr33/images_for_predictions/naip_tiles/m_3907417_nw_18_060_20190830_20191209.tif
/work/csr33/images_for_predictions/naip_tiles/m_4207447_nw_18_060_20210920.tif
m_3807562_se_18_060_20210605 320
/work/csr33/images_for_predictions/naip_tiles/m_3208006_ne_17_060_20210426.tif
m_4606836_se_19_060_20210817 300
m_3907417_nw_18_060_20190830_20191209 300
m_3907557_sw_18_060_20210606 320
m_3311824_ne_11_060_20200505 340
m_4107027_ne_19_060_20210904 320
m_4107233_se_18_060_20211105 336
m_3008513_sw_16_060_20191118_20200114 340
m_4107132_se_19_060_20210826 336
m_3311642_sw_11_060_20200525 340
m_3807658_ne_18_060_20210910 340
m_3208136_se_17_060_20191109_20200102 340
m_3412007_nw_10_060_20200522 340
m_2909035_nw_15_060_20190831_20191001 360
m_2809748_se_14_060_20201029 360
m_2908316_sw_17_060_20211130 378
m_4207447_nw_18_060_20210920 320
m_3208006_ne_17_060_20210426 340
203.7529845237732
