load envirionment

/work/csr33/images_for_predictions/naip_tiles/m_3407725_nw_18_060_20200904.tif
/work/csr33/images_for_predictions/naip_tiles/m_2908110_ne_17_060_20211129.tif
/work/csr33/images_for_predictions/naip_tiles/m_3108717_se_16_030_20211115.tif
/work/csr33/images_for_predictions/naip_tiles/m_2909516_ne_15_060_20201118.tif
/work/csr33/images_for_predictions/naip_tiles/m_4307014_se_19_060_20210722.tif
/work/csr33/images_for_predictions/naip_tiles/m_3411948_ne_11_060_20200521.tif
/work/csr33/images_for_predictions/naip_tiles/m_4406959_nw_19_060_20210827.tif
/work/csr33/images_for_predictions/naip_tiles/m_3008511_sw_16_060_20191118_20200114.tif
/work/csr33/images_for_predictions/naip_tiles/m_3507736_sw_18_060_20200930.tif
/work/csr33/images_for_predictions/naip_tiles/m_3807762_nw_18_060_20210903.tif
/work/csr33/images_for_predictions/naip_tiles/m_3307922_se_17_060_20210501.tif
/work/csr33/images_for_predictions/naip_tiles/m_3308055_sw_17_060_20210501.tif
/work/csr33/images_for_predictions/naip_tiles/m_2608005_ne_17_060_20191215_20200113.tif
/work/csr33/images_for_predictions/naip_tiles/m_2809616_se_14_060_20201029.tif
/work/csr33/images_for_predictions/naip_tiles/m_3707654_sw_18_060_20210913.tif
/work/csr33/images_for_predictions/naip_tiles/m_2808043_sw_17_060_20191130_20200113.tif
/work/csr33/images_for_predictions/naip_tiles/m_3507724_se_18_060_20201031.tif
m_4406959_nw_19_060_20210827 300
/work/csr33/images_for_predictions/naip_tiles/m_4506813_ne_19_060_20210921.tif
m_4307014_se_19_060_20210722 300
m_3707654_sw_18_060_20210913 340
m_3008511_sw_16_060_20191118_20200114 340
m_3307922_se_17_060_20210501 340
m_3308055_sw_17_060_20210501 340
m_3411948_ne_11_060_20200521 340
m_3807762_nw_18_060_20210903 340
m_2908110_ne_17_060_20211129 360
m_3507736_sw_18_060_20200930 357
m_3407725_nw_18_060_20200904 360
m_2909516_ne_15_060_20201118 360
m_2808043_sw_17_060_20191130_20200113 360
m_2809616_se_14_060_20201029 360
m_2608005_ne_17_060_20191215_20200113 360
m_4506813_ne_19_060_20210921 300
m_3507724_se_18_060_20201031 357
m_3108717_se_16_030_20211115 1400
537.7138674259186
