load envirionment

/work/csr33/images_for_predictions/naip_tiles/m_2608143_sw_17_060_20211223.tif
/work/csr33/images_for_predictions/naip_tiles/m_3009227_nw_15_060_20190904_20191001.tif
/work/csr33/images_for_predictions/naip_tiles/m_3311663_nw_11_060_20200415.tif
/work/csr33/images_for_predictions/naip_tiles/m_2809738_nw_14_060_20200501.tif
/work/csr33/images_for_predictions/naip_tiles/m_3407620_se_18_060_20201018.tif
/work/csr33/images_for_predictions/naip_tiles/m_4207353_nw_18_060_20211107.tif
/work/csr33/images_for_predictions/naip_tiles/m_2708247_sw_17_060_20211130.tif
/work/csr33/images_for_predictions/naip_tiles/m_2608119_ne_17_060_20191123_20200113.tif
/work/csr33/images_for_predictions/naip_tiles/m_2608016_sw_17_060_20191120_20200113.tif
/work/csr33/images_for_predictions/naip_tiles/m_2809761_sw_14_060_20200430.tif
/work/csr33/images_for_predictions/naip_tiles/m_3009451_ne_15_060_20201112.tif
/work/csr33/images_for_predictions/naip_tiles/m_3008452_ne_16_060_20191129_20200114.tif
/work/csr33/images_for_predictions/naip_tiles/m_4506837_ne_19_060_20210929.tif
/work/csr33/images_for_predictions/naip_tiles/m_2909430_nw_15_060_20201112.tif
/work/csr33/images_for_predictions/naip_tiles/m_4107229_nw_18_060_20210904.tif
/work/csr33/images_for_predictions/naip_tiles/m_4207106_se_19_060_20211024.tif
/work/csr33/images_for_predictions/naip_tiles/m_3009454_se_15_060_20201112.tif
m_4107229_nw_18_060_20210904 320
/work/csr33/images_for_predictions/naip_tiles/m_2909029_ne_15_030_20211130.tif
m_4506837_ne_19_060_20210929 300
m_4207353_nw_18_060_20211107 320
m_4207106_se_19_060_20211024 336
m_3311663_nw_11_060_20200415 340
m_3009451_ne_15_060_20201112 340
m_3407620_se_18_060_20201018 340
m_2708247_sw_17_060_20211130 360
m_3008452_ne_16_060_20191129_20200114 360
m_2608119_ne_17_060_20191123_20200113 360
m_2608016_sw_17_060_20191120_20200113 360
m_2909430_nw_15_060_20201112 360
m_2809761_sw_14_060_20200430 360
m_3009227_nw_15_060_20190904_20191001 360
m_2809738_nw_14_060_20200501 360
m_2608143_sw_17_060_20211223 380
m_3009454_se_15_060_20201112 340
m_2909029_ne_15_030_20211130 1365
1101.4104962348938
