load envirionment

/work/csr33/images_for_predictions/naip_tiles/m_3008713_ne_16_060_20191103_20200114.tif
/work/csr33/images_for_predictions/naip_tiles/m_3407735_sw_18_060_20200904.tif
/work/csr33/images_for_predictions/naip_tiles/m_3009445_se_15_060_20201112.tif
/work/csr33/images_for_predictions/naip_tiles/m_4406945_ne_19_060_20210904.tif
/work/csr33/images_for_predictions/naip_tiles/m_2908305_se_17_060_20211130.tif
/work/csr33/images_for_predictions/naip_tiles/m_4406841_sw_19_060_20210913.tif
/work/csr33/images_for_predictions/naip_tiles/m_3407733_se_18_060_20200904.tif
/work/csr33/images_for_predictions/naip_tiles/m_4107245_se_18_060_20210926.tif
/work/csr33/images_for_predictions/naip_tiles/m_4406715_sw_19_060_20210711.tif
/work/csr33/images_for_predictions/naip_tiles/m_2908314_nw_17_060_20211130.tif
/work/csr33/images_for_predictions/naip_tiles/m_3207902_nw_17_060_20210426.tif
/work/csr33/images_for_predictions/naip_tiles/m_2709704_sw_14_060_20200501.tif
/work/csr33/images_for_predictions/naip_tiles/m_2909046_nw_15_030_20211130.tif
/work/csr33/images_for_predictions/naip_tiles/m_4406719_se_19_060_20210907.tif
/work/csr33/images_for_predictions/naip_tiles/m_3208027_se_17_060_20210426.tif
/work/csr33/images_for_predictions/naip_tiles/m_3009146_nw_15_030_20211114.tif
/work/csr33/images_for_predictions/naip_tiles/m_2508006_nw_17_060_20191203_20200113.tif
m_4406719_se_19_060_20210907 300
/work/csr33/images_for_predictions/naip_tiles/m_3311613_se_11_060_20200416.tif
m_4406841_sw_19_060_20210913 300
m_4406945_ne_19_060_20210904 300
m_3009445_se_15_060_20201112 340
m_4406715_sw_19_060_20210711 315
m_4107245_se_18_060_20210926 336
m_3207902_nw_17_060_20210426 340
m_3208027_se_17_060_20210426 340
m_3008713_ne_16_060_20191103_20200114 340
m_2908305_se_17_060_20211130 378
m_2709704_sw_14_060_20200501 360
m_3407733_se_18_060_20200904 357
m_2908314_nw_17_060_20211130 360
m_3407735_sw_18_060_20200904 378
m_2508006_nw_17_060_20191203_20200113 360
m_3311613_se_11_060_20200416 340
m_3009146_nw_15_030_20211114 1326
m_2909046_nw_15_030_20211130 1365
478.18709349632263
