load envirionment

/work/csr33/images_for_predictions/naip_tiles/m_3407850_sw_17_060_20210513.tif
/work/csr33/images_for_predictions/naip_tiles/m_2708159_se_17_060_20191129_20200113.tif
/work/csr33/images_for_predictions/naip_tiles/m_3807601_sw_18_060_20210617.tif
/work/csr33/images_for_predictions/naip_tiles/m_4107456_sw_18_060_20211105.tif
/work/csr33/images_for_predictions/naip_tiles/m_2908955_ne_16_030_20211130.tif
/work/csr33/images_for_predictions/naip_tiles/m_4107305_nw_18_060_20211106.tif
/work/csr33/images_for_predictions/naip_tiles/m_2908320_ne_17_060_20191121_20200114.tif
/work/csr33/images_for_predictions/naip_tiles/m_3507611_ne_18_060_20201001.tif
/work/csr33/images_for_predictions/naip_tiles/m_3009148_ne_15_030_20211119.tif
/work/csr33/images_for_predictions/naip_tiles/m_2609701_ne_14_060_20200501.tif
/work/csr33/images_for_predictions/naip_tiles/m_2808239_sw_17_060_20211130.tif
/work/csr33/images_for_predictions/naip_tiles/m_4007423_sw_18_060_20211105.tif
/work/csr33/images_for_predictions/naip_tiles/m_4007447_nw_18_060_20190809_20191209.tif
/work/csr33/images_for_predictions/naip_tiles/m_4406836_ne_19_060_20210914.tif
/work/csr33/images_for_predictions/naip_tiles/m_3707662_se_18_060_20210913.tif
/work/csr33/images_for_predictions/naip_tiles/m_3507612_nw_18_060_20200922.tif
/work/csr33/images_for_predictions/naip_tiles/m_3907401_ne_18_060_20190730_20191209.tif
m_4406836_ne_19_060_20210914 300
/work/csr33/images_for_predictions/naip_tiles/m_4207320_ne_18_060_20211107.tif
m_4107456_sw_18_060_20211105 320
m_4107305_nw_18_060_20211106 320
m_4007447_nw_18_060_20190809_20191209 320
m_4007423_sw_18_060_20211105 320
m_3807601_sw_18_060_20210617 320
m_3507611_ne_18_060_20201001 340
m_3707662_se_18_060_20210913 340
m_3507612_nw_18_060_20200922 340
m_3407850_sw_17_060_20210513 340
m_2708159_se_17_060_20191129_20200113 360
m_2908320_ne_17_060_20191121_20200114 360
m_2609701_ne_14_060_20200501 360
m_2808239_sw_17_060_20211130 360
m_3907401_ne_18_060_20190730_20191209 300
m_4207320_ne_18_060_20211107 320
m_2908955_ne_16_030_20211130 1365
m_3009148_ne_15_030_20211119 1326
305.92383098602295
