load envirionment

/work/csr33/images_for_predictions/naip_tiles/m_3707621_ne_18_060_20210914.tif
/work/csr33/images_for_predictions/naip_tiles/m_3108264_nw_17_060_20191110_20200102.tif
/work/csr33/images_for_predictions/naip_tiles/m_3407614_sw_18_060_20201018.tif
/work/csr33/images_for_predictions/naip_tiles/m_3707504_ne_18_060_20210605.tif
/work/csr33/images_for_predictions/naip_tiles/m_3208121_ne_17_060_20210426.tif
/work/csr33/images_for_predictions/naip_tiles/m_2909406_ne_15_060_20201112.tif
/work/csr33/images_for_predictions/naip_tiles/m_4506842_se_19_060_20210816.tif
/work/csr33/images_for_predictions/naip_tiles/m_3008101_ne_17_060_20191110_20200108.tif
/work/csr33/images_for_predictions/naip_tiles/m_4406609_nw_19_060_20210711.tif
/work/csr33/images_for_predictions/naip_tiles/m_2708117_se_17_060_20211202.tif
/work/csr33/images_for_predictions/naip_tiles/m_3907517_se_18_060_20210606.tif
/work/csr33/images_for_predictions/naip_tiles/m_4506831_sw_19_060_20210921.tif
/work/csr33/images_for_predictions/naip_tiles/m_3009457_sw_15_060_20201112.tif
/work/csr33/images_for_predictions/naip_tiles/m_2508030_sw_17_060_20191126_20200113.tif
/work/csr33/images_for_predictions/naip_tiles/m_3411849_sw_11_060_20200522.tif
/work/csr33/images_for_predictions/naip_tiles/m_4406812_sw_19_060_20210914.tif
/work/csr33/images_for_predictions/naip_tiles/m_3507642_sw_18_060_20201018.tif
m_4506831_sw_19_060_20210921 300
/work/csr33/images_for_predictions/naip_tiles/m_2909114_sw_15_060_20190707_20191001.tif
m_4406609_nw_19_060_20210711 300
m_3907517_se_18_060_20210606 320
m_4506842_se_19_060_20210816 300
m_4406812_sw_19_060_20210914 300
m_3108264_nw_17_060_20191110_20200102 340
m_3411849_sw_11_060_20200522 340
m_3008101_ne_17_060_20191110_20200108 340
m_3407614_sw_18_060_20201018 340
m_3707504_ne_18_060_20210605 320
m_2508030_sw_17_060_20191126_20200113 360
m_3707621_ne_18_060_20210914 340
m_2909406_ne_15_060_20201112 340
m_3009457_sw_15_060_20201112 360
m_3208121_ne_17_060_20210426 340
m_2708117_se_17_060_20211202 360
m_3507642_sw_18_060_20201018 357
m_2909114_sw_15_060_20190707_20191001 360
518.3787353038788
