load envirionment

/work/csr33/images_for_predictions/naip_tiles/m_4007437_sw_18_060_20190830_20191209.tif
/work/csr33/images_for_predictions/naip_tiles/m_2908912_sw_16_030_20211129.tif
/work/csr33/images_for_predictions/naip_tiles/m_2908216_ne_17_060_20211202.tif
/work/csr33/images_for_predictions/naip_tiles/m_2709713_sw_14_060_20200430.tif
/work/csr33/images_for_predictions/naip_tiles/m_4406915_ne_19_060_20211006.tif
/work/csr33/images_for_predictions/naip_tiles/m_3008614_sw_16_060_20191109_20200114.tif
/work/csr33/images_for_predictions/naip_tiles/m_2908147_nw_17_060_20211130.tif
/work/csr33/images_for_predictions/naip_tiles/m_2709705_sw_14_060_20200430.tif
/work/csr33/images_for_predictions/naip_tiles/m_3009327_nw_15_060_20201031.tif
/work/csr33/images_for_predictions/naip_tiles/m_4406816_se_19_060_20210815.tif
/work/csr33/images_for_predictions/naip_tiles/m_3311904_ne_11_060_20200607.tif
/work/csr33/images_for_predictions/naip_tiles/m_3907520_sw_18_060_20210630.tif
/work/csr33/images_for_predictions/naip_tiles/m_3008807_se_16_030_20211112.tif
/work/csr33/images_for_predictions/naip_tiles/m_4406931_sw_19_060_20211006.tif
/work/csr33/images_for_predictions/naip_tiles/m_3907652_sw_18_060_20210617.tif
/work/csr33/images_for_predictions/naip_tiles/m_2508050_sw_17_060_20211203.tif
/work/csr33/images_for_predictions/naip_tiles/m_3108821_sw_16_030_20211123.tif
m_4007437_sw_18_060_20190830_20191209 300
/work/csr33/images_for_predictions/naip_tiles/m_2709744_ne_14_060_20200430.tif
m_4406816_se_19_060_20210815 300
m_4406915_ne_19_060_20211006 300
m_4406931_sw_19_060_20211006 300
m_3907520_sw_18_060_20210630 320
m_3907652_sw_18_060_20210617 320
m_3009327_nw_15_060_20201031 340
m_3311904_ne_11_060_20200607 340
m_3008614_sw_16_060_20191109_20200114 340
m_2908216_ne_17_060_20211202 360
m_2709713_sw_14_060_20200430 360
m_2709705_sw_14_060_20200430 360
m_2908147_nw_17_060_20211130 360
m_2508050_sw_17_060_20211203 380
m_2709744_ne_14_060_20200430 360
m_2908912_sw_16_030_20211129 1365
m_3008807_se_16_030_20211112 1400
m_3108821_sw_16_030_20211123 1400
1104.3296048641205
