load envirionment

/work/csr33/images_for_predictions/naip_tiles/m_2908507_se_16_060_20191118_20200114.tif
/work/csr33/images_for_predictions/naip_tiles/m_3807618_ne_18_060_20210617.tif
/work/csr33/images_for_predictions/naip_tiles/m_3407947_sw_17_060_20210508.tif
/work/csr33/images_for_predictions/naip_tiles/m_3411935_se_11_060_20200521.tif
/work/csr33/images_for_predictions/naip_tiles/m_2909039_se_15_030_20211123.tif
/work/csr33/images_for_predictions/naip_tiles/m_3108255_ne_17_060_20191110_20200102.tif
/work/csr33/images_for_predictions/naip_tiles/m_4506828_sw_19_060_20211006.tif
/work/csr33/images_for_predictions/naip_tiles/m_3008120_nw_17_060_20211203.tif
/work/csr33/images_for_predictions/naip_tiles/m_3008452_sw_16_060_20191129_20200114.tif
/work/csr33/images_for_predictions/naip_tiles/m_3009018_se_15_030_20211119.tif
/work/csr33/images_for_predictions/naip_tiles/m_4107334_nw_18_060_20211105.tif
/work/csr33/images_for_predictions/naip_tiles/m_2809513_ne_15_060_20201117.tif
/work/csr33/images_for_predictions/naip_tiles/m_4506838_sw_19_060_20210929.tif
/work/csr33/images_for_predictions/naip_tiles/m_2909125_nw_15_060_20190706_20191001.tif
/work/csr33/images_for_predictions/naip_tiles/m_4406933_nw_19_060_20210827.tif
/work/csr33/images_for_predictions/naip_tiles/m_3507603_ne_18_060_20201001.tif
/work/csr33/images_for_predictions/naip_tiles/m_3009012_se_15_060_20190726_20191001.tif
m_4506828_sw_19_060_20211006 300
/work/csr33/images_for_predictions/naip_tiles/m_3009353_sw_15_060_20190901_20191001.tif
m_4406933_nw_19_060_20210827 300
m_4506838_sw_19_060_20210929 300
m_4107334_nw_18_060_20211105 320
m_3807618_ne_18_060_20210617 320
m_3108255_ne_17_060_20191110_20200102 340
m_3411935_se_11_060_20200521 340
m_3008120_nw_17_060_20211203 340
m_3407947_sw_17_060_20210508 340
m_3507603_ne_18_060_20201001 340
m_2809513_ne_15_060_20201117 360
m_2908507_se_16_060_20191118_20200114 360
m_3008452_sw_16_060_20191129_20200114 360
m_2909125_nw_15_060_20190706_20191001 360
m_3009353_sw_15_060_20190901_20191001 360
m_3009012_se_15_060_20190726_20191001 378
m_3009018_se_15_030_20211119 1326
m_2909039_se_15_030_20211123 1365
731.4535932540894
