load envirionment

/work/csr33/images_for_predictions/naip_tiles/m_3009455_nw_15_060_20201104.tif
/work/csr33/images_for_predictions/naip_tiles/m_2608023_sw_17_060_20191120_20200113.tif
/work/csr33/images_for_predictions/naip_tiles/m_2708206_se_17_060_20211130.tif
/work/csr33/images_for_predictions/naip_tiles/m_4306902_se_19_060_20211006.tif
/work/csr33/images_for_predictions/naip_tiles/m_3008732_ne_16_060_20191103_20200114.tif
/work/csr33/images_for_predictions/naip_tiles/m_4207153_nw_19_060_20210826.tif
/work/csr33/images_for_predictions/naip_tiles/m_4207455_se_18_060_20210920.tif
/work/csr33/images_for_predictions/naip_tiles/m_3108153_ne_17_060_20211203.tif
/work/csr33/images_for_predictions/naip_tiles/m_2508148_nw_17_060_20211203.tif
/work/csr33/images_for_predictions/naip_tiles/m_3108832_se_16_030_20211120.tif
/work/csr33/images_for_predictions/naip_tiles/m_3707716_nw_18_060_20210827.tif
/work/csr33/images_for_predictions/naip_tiles/m_3008355_se_17_060_20211116.tif
/work/csr33/images_for_predictions/naip_tiles/m_3009153_ne_15_030_20211114.tif
/work/csr33/images_for_predictions/naip_tiles/m_3207917_nw_17_060_20210426.tif
/work/csr33/images_for_predictions/naip_tiles/m_4406942_nw_19_060_20210827.tif
/work/csr33/images_for_predictions/naip_tiles/m_3807531_ne_18_060_20210624.tif
/work/csr33/images_for_predictions/naip_tiles/m_4207033_ne_19_060_20211024.tif
m_4406942_nw_19_060_20210827 300
/work/csr33/images_for_predictions/naip_tiles/m_2808212_ne_17_060_20211129.tif
m_3807531_ne_18_060_20210624 320
m_4306902_se_19_060_20211006 300
m_3207917_nw_17_060_20210426 340
m_3707716_nw_18_060_20210827 340
m_4207153_nw_19_060_20210826 320
m_4207455_se_18_060_20210920 320
m_3009455_nw_15_060_20201104 340
m_3008355_se_17_060_20211116 378
m_3008732_ne_16_060_20191103_20200114 340
m_3108153_ne_17_060_20211203 340
m_2608023_sw_17_060_20191120_20200113 360
m_2708206_se_17_060_20211130 360
m_2508148_nw_17_060_20211203 380
m_4207033_ne_19_060_20211024 320
m_2808212_ne_17_060_20211129 360
m_3009153_ne_15_030_20211114 1326
m_3108832_se_16_030_20211120 1400
675.1808769702911
