load envirionment

/work/csr33/images_for_predictions/naip_tiles/m_3307909_sw_17_060_20210508.tif
/work/csr33/images_for_predictions/naip_tiles/m_3311727_sw_11_060_20200424.tif
/work/csr33/images_for_predictions/naip_tiles/m_4107009_ne_19_060_20210826.tif
/work/csr33/images_for_predictions/naip_tiles/m_3008911_se_16_030_20211112.tif
/work/csr33/images_for_predictions/naip_tiles/m_3108157_ne_17_060_20191110_20200102.tif
/work/csr33/images_for_predictions/naip_tiles/m_2909018_sw_15_060_20190707_20191001.tif
/work/csr33/images_for_predictions/naip_tiles/m_2908404_nw_16_060_20191129_20200114.tif
/work/csr33/images_for_predictions/naip_tiles/m_3311657_nw_11_060_20200425.tif
/work/csr33/images_for_predictions/naip_tiles/m_3108702_se_16_030_20211115.tif
/work/csr33/images_for_predictions/naip_tiles/m_2908947_nw_16_030_20211202.tif
/work/csr33/images_for_predictions/naip_tiles/m_4107112_sw_19_060_20210826.tif
/work/csr33/images_for_predictions/naip_tiles/m_2708020_ne_17_060_20191215_20200113.tif
/work/csr33/images_for_predictions/naip_tiles/m_3707627_nw_18_060_20210912.tif
/work/csr33/images_for_predictions/naip_tiles/m_3008938_sw_16_030_20211114.tif
/work/csr33/images_for_predictions/naip_tiles/m_2909119_nw_15_060_20190706_20191001.tif
/work/csr33/images_for_predictions/naip_tiles/m_3311711_se_11_060_20200424.tif
/work/csr33/images_for_predictions/naip_tiles/m_4307147_se_19_060_20211024.tif
m_4107009_ne_19_060_20210826 320
/work/csr33/images_for_predictions/naip_tiles/m_3308046_se_17_060_20210501.tif
m_4107112_sw_19_060_20210826 336
m_3108157_ne_17_060_20191110_20200102 340
m_3311657_nw_11_060_20200425 340
m_3311711_se_11_060_20200424 340
m_3707627_nw_18_060_20210912 340
m_3311727_sw_11_060_20200424 340
m_3307909_sw_17_060_20210508 340
m_2708020_ne_17_060_20191215_20200113 360
m_2908404_nw_16_060_20191129_20200114 360
m_2909119_nw_15_060_20190706_20191001 360
m_2909018_sw_15_060_20190707_20191001 378
m_4307147_se_19_060_20211024 336
m_3308046_se_17_060_20210501 340
m_2908947_nw_16_030_20211202 1365
m_3108702_se_16_030_20211115 1360
m_3008938_sw_16_030_20211114 1476
m_3008911_se_16_030_20211112 1435
485.7631096839905
