load envirionment

/work/csr33/images_for_predictions/naip_tiles/m_2708058_ne_17_060_20191129_20200113.tif
/work/csr33/images_for_predictions/naip_tiles/m_2608020_sw_17_060_20191203_20200113.tif
/work/csr33/images_for_predictions/naip_tiles/m_2908514_nw_16_060_20191118_20200114.tif
/work/csr33/images_for_predictions/naip_tiles/m_4107234_nw_18_060_20211105.tif
/work/csr33/images_for_predictions/naip_tiles/m_4406708_ne_19_060_20210711.tif
/work/csr33/images_for_predictions/naip_tiles/m_2808254_se_17_060_20211130.tif
/work/csr33/images_for_predictions/naip_tiles/m_2809609_nw_14_060_20201116.tif
/work/csr33/images_for_predictions/naip_tiles/m_3008430_ne_16_060_20191205_20200114.tif
/work/csr33/images_for_predictions/naip_tiles/m_3311705_ne_11_060_20200423.tif
/work/csr33/images_for_predictions/naip_tiles/m_3507752_sw_18_060_20200930.tif
/work/csr33/images_for_predictions/naip_tiles/m_4107134_sw_19_060_20210926.tif
/work/csr33/images_for_predictions/naip_tiles/m_3707712_sw_18_060_20210910.tif
/work/csr33/images_for_predictions/naip_tiles/m_3907560_sw_18_060_20211019.tif
/work/csr33/images_for_predictions/naip_tiles/m_3208161_nw_17_060_20191109_20200102.tif
/work/csr33/images_for_predictions/naip_tiles/m_4407058_ne_19_060_20211007.tif
/work/csr33/images_for_predictions/naip_tiles/m_2909107_ne_15_060_20190707_20191001.tif
/work/csr33/images_for_predictions/naip_tiles/m_3407611_se_18_060_20201031.tif
m_4406708_ne_19_060_20210711 300
/work/csr33/images_for_predictions/naip_tiles/m_2908926_sw_16_060_20190707_20191015.tif
m_4407058_ne_19_060_20211007 300
m_3907560_sw_18_060_20211019 320
m_4107234_nw_18_060_20211105 320
m_4107134_sw_19_060_20210926 336
m_3311705_ne_11_060_20200423 340
m_3208161_nw_17_060_20191109_20200102 340
m_3707712_sw_18_060_20210910 357
m_3507752_sw_18_060_20200930 357
m_2708058_ne_17_060_20191129_20200113 360
m_2909107_ne_15_060_20190707_20191001 360
m_2908514_nw_16_060_20191118_20200114 360
m_3008430_ne_16_060_20191205_20200114 360
m_2608020_sw_17_060_20191203_20200113 360
m_2809609_nw_14_060_20201116 360
m_2808254_se_17_060_20211130 360
m_3407611_se_18_060_20201031 357
m_2908926_sw_16_060_20190707_20191015 378
680.9990427494049
