load envirionment

/work/csr33/images_for_predictions/naip_tiles/m_3307931_ne_17_060_20210501.tif
/work/csr33/images_for_predictions/naip_tiles/m_3807540_ne_18_060_20210624.tif
/work/csr33/images_for_predictions/naip_tiles/m_4207033_nw_19_060_20211024.tif
/work/csr33/images_for_predictions/naip_tiles/m_4406928_sw_19_060_20210904.tif
/work/csr33/images_for_predictions/naip_tiles/m_3907506_se_18_060_20191019_20191203.tif
/work/csr33/images_for_predictions/naip_tiles/m_3707645_sw_18_060_20210913.tif
/work/csr33/images_for_predictions/naip_tiles/m_3907643_ne_18_060_20210616.tif
/work/csr33/images_for_predictions/naip_tiles/m_3807721_se_18_060_20210910.tif
/work/csr33/images_for_predictions/naip_tiles/m_3108150_se_17_060_20191110_20200102.tif
/work/csr33/images_for_predictions/naip_tiles/m_3008714_sw_16_060_20191103_20200114.tif
/work/csr33/images_for_predictions/naip_tiles/m_2909441_nw_15_060_20201116.tif
/work/csr33/images_for_predictions/naip_tiles/m_3307920_sw_17_060_20210501.tif
/work/csr33/images_for_predictions/naip_tiles/m_3108856_ne_16_030_20211120.tif
/work/csr33/images_for_predictions/naip_tiles/m_3008824_nw_16_030_20211119.tif
/work/csr33/images_for_predictions/naip_tiles/m_3407842_nw_17_060_20200603.tif
/work/csr33/images_for_predictions/naip_tiles/m_3308040_ne_17_060_20210501.tif
/work/csr33/images_for_predictions/naip_tiles/m_3807514_nw_18_060_20211019.tif
m_4406928_sw_19_060_20210904 300
/work/csr33/images_for_predictions/naip_tiles/m_2708206_nw_17_060_20211130.tif
m_4207033_nw_19_060_20211024 320
m_3807540_ne_18_060_20210624 320
m_3907506_se_18_060_20191019_20191203 320
m_3907643_ne_18_060_20210616 320
m_3108150_se_17_060_20191110_20200102 340
m_3308040_ne_17_060_20210501 340
m_3307931_ne_17_060_20210501 340
m_3707645_sw_18_060_20210913 340
m_3008714_sw_16_060_20191103_20200114 340
m_3307920_sw_17_060_20210501 340
m_2909441_nw_15_060_20201116 360
m_3807721_se_18_060_20210910 357
m_3407842_nw_17_060_20200603 360
m_3807514_nw_18_060_20211019 320
m_2708206_nw_17_060_20211130 360
m_3008824_nw_16_030_20211119 1400
m_3108856_ne_16_030_20211120 1400
1163.9936501979828
