load envirionment

/work/csr33/images_for_predictions/naip_tiles/m_2608004_sw_17_060_20191207_20200113.tif
/work/csr33/images_for_predictions/naip_tiles/m_3008109_ne_17_060_20211129.tif
/work/csr33/images_for_predictions/naip_tiles/m_4506813_nw_19_060_20210921.tif
/work/csr33/images_for_predictions/naip_tiles/m_4406708_nw_19_060_20210711.tif
/work/csr33/images_for_predictions/naip_tiles/m_2909015_ne_15_030_20211123.tif
/work/csr33/images_for_predictions/naip_tiles/m_3407956_nw_17_060_20210513.tif
/work/csr33/images_for_predictions/naip_tiles/m_2709704_nw_14_060_20200501.tif
/work/csr33/images_for_predictions/naip_tiles/m_2909017_se_15_060_20190707_20191001.tif
/work/csr33/images_for_predictions/naip_tiles/m_3807659_sw_18_060_20210910.tif
/work/csr33/images_for_predictions/naip_tiles/m_2508014_sw_17_060_20191126_20200113.tif
/work/csr33/images_for_predictions/naip_tiles/m_4107023_ne_19_060_20210826.tif
/work/csr33/images_for_predictions/naip_tiles/m_4406704_ne_19_060_20210907.tif
/work/csr33/images_for_predictions/naip_tiles/m_2608048_sw_17_060_20191120_20200113.tif
/work/csr33/images_for_predictions/naip_tiles/m_2709705_nw_14_060_20200430.tif
/work/csr33/images_for_predictions/naip_tiles/m_2708264_sw_17_060_20211217.tif
/work/csr33/images_for_predictions/naip_tiles/m_2509713_ne_14_060_20201029.tif
/work/csr33/images_for_predictions/naip_tiles/m_3807614_sw_18_060_20211020.tif
m_4506813_nw_19_060_20210921 300
/work/csr33/images_for_predictions/naip_tiles/m_3211607_nw_11_060_20200415.tif
m_4406708_nw_19_060_20210711 300
m_4406704_ne_19_060_20210907 300
m_4107023_ne_19_060_20210826 320
m_3407956_nw_17_060_20210513 340
m_2709704_nw_14_060_20200501 360
m_2608048_sw_17_060_20191120_20200113 360
m_2508014_sw_17_060_20191126_20200113 360
m_2708264_sw_17_060_20211217 360
m_3807659_sw_18_060_20210910 357
m_2509713_ne_14_060_20201029 360
m_2709705_nw_14_060_20200430 360
m_2608004_sw_17_060_20191207_20200113 360
m_3008109_ne_17_060_20211129 360
m_2909017_se_15_060_20190707_20191001 378
m_3807614_sw_18_060_20211020 320
m_3211607_nw_11_060_20200415 340
m_2909015_ne_15_030_20211123 1365
531.2595086097717
