load envirionment

/work/csr33/images_for_predictions/naip_tiles/m_3907418_se_18_060_20190730_20191209.tif
/work/csr33/images_for_predictions/naip_tiles/m_3507761_ne_18_060_20200930.tif
/work/csr33/images_for_predictions/naip_tiles/m_3807541_se_18_060_20210618.tif
/work/csr33/images_for_predictions/naip_tiles/m_4007328_nw_18_060_20211106.tif
/work/csr33/images_for_predictions/naip_tiles/m_3507763_nw_18_060_20201031.tif
/work/csr33/images_for_predictions/naip_tiles/m_2908228_se_17_060_20211129.tif
/work/csr33/images_for_predictions/naip_tiles/m_3009226_ne_15_030_20211221.tif
/work/csr33/images_for_predictions/naip_tiles/m_4007452_nw_18_060_20190730_20191209.tif
/work/csr33/images_for_predictions/naip_tiles/m_2909210_se_15_060_20190706_20191001.tif
/work/csr33/images_for_predictions/naip_tiles/m_3411955_se_11_060_20200524.tif
/work/csr33/images_for_predictions/naip_tiles/m_3407853_se_17_060_20200922.tif
/work/csr33/images_for_predictions/naip_tiles/m_3009358_ne_15_060_20201031.tif
/work/csr33/images_for_predictions/naip_tiles/m_3009154_se_15_030_20211116.tif
/work/csr33/images_for_predictions/naip_tiles/m_3311737_sw_11_060_20200520.tif
/work/csr33/images_for_predictions/naip_tiles/m_2908963_nw_16_030_20211130.tif
/work/csr33/images_for_predictions/naip_tiles/m_2808019_se_17_060_20191130_20200113.tif
/work/csr33/images_for_predictions/naip_tiles/m_3907534_sw_18_060_20210606.tif
m_4007452_nw_18_060_20190730_20191209 300
/work/csr33/images_for_predictions/naip_tiles/m_3008610_se_16_060_20191109_20200114.tif
m_2808019_se_17_060_20191130_20200113 340
m_3507761_ne_18_060_20200930 340
m_3907418_se_18_060_20190730_20191209 320
m_4007328_nw_18_060_20211106 320
m_3807541_se_18_060_20210618 320
m_3411955_se_11_060_20200524 340
m_2909210_se_15_060_20190706_20191001 360
m_3311737_sw_11_060_20200520 340
m_3507763_nw_18_060_20201031 340
m_3009358_ne_15_060_20201031 340
m_3407853_se_17_060_20200922 357
m_2908228_se_17_060_20211129 360
m_3907534_sw_18_060_20210606 320
m_3008610_se_16_060_20191109_20200114 340
m_3009226_ne_15_030_20211221 1326
m_2908963_nw_16_030_20211130 1365
m_3009154_se_15_030_20211116 1326
280.9905641078949
