load envirionment

/work/csr33/images_for_predictions/naip_tiles/m_2809609_se_14_060_20201116.tif
/work/csr33/images_for_predictions/naip_tiles/m_3008361_ne_17_060_20211130.tif
/work/csr33/images_for_predictions/naip_tiles/m_3507747_nw_18_060_20200930.tif
/work/csr33/images_for_predictions/naip_tiles/m_3009049_nw_15_030_20211119.tif
/work/csr33/images_for_predictions/naip_tiles/m_3407844_se_17_060_20200922.tif
/work/csr33/images_for_predictions/naip_tiles/m_4207336_sw_18_060_20211107.tif
/work/csr33/images_for_predictions/naip_tiles/m_4406846_se_19_060_20210919.tif
/work/csr33/images_for_predictions/naip_tiles/m_3707526_nw_18_060_20211017.tif
/work/csr33/images_for_predictions/naip_tiles/m_3311657_se_11_060_20200415.tif
/work/csr33/images_for_predictions/naip_tiles/m_3009260_ne_15_030_20211223.tif
/work/csr33/images_for_predictions/naip_tiles/m_2909313_sw_15_060_20190726_20191001.tif
/work/csr33/images_for_predictions/naip_tiles/m_4406810_se_19_060_20210723.tif
/work/csr33/images_for_predictions/naip_tiles/m_3407602_nw_18_060_20201031.tif
/work/csr33/images_for_predictions/naip_tiles/m_2709725_sw_14_060_20200501.tif
/work/csr33/images_for_predictions/naip_tiles/m_3009030_ne_15_030_20211116.tif
/work/csr33/images_for_predictions/naip_tiles/m_3108130_sw_17_060_20191110_20200102.tif
/work/csr33/images_for_predictions/naip_tiles/m_2909219_se_15_060_20190905_20191001.tif
m_4406846_se_19_060_20210919 300
/work/csr33/images_for_predictions/naip_tiles/m_4207462_nw_18_060_20211106.tif
m_4406810_se_19_060_20210723 300
m_4207336_sw_18_060_20211107 336
m_3311657_se_11_060_20200415 340
m_3407602_nw_18_060_20201031 340
m_3707526_nw_18_060_20211017 340
m_3507747_nw_18_060_20200930 340
m_3407844_se_17_060_20200922 357
m_3108130_sw_17_060_20191110_20200102 340
m_2709725_sw_14_060_20200501 360
m_3008361_ne_17_060_20211130 360
m_2909313_sw_15_060_20190726_20191001 360
m_2809609_se_14_060_20201116 360
m_4207462_nw_18_060_20211106 320
m_2909219_se_15_060_20190905_20191001 360
m_3009260_ne_15_030_20211223 1326
m_3009030_ne_15_030_20211116 1365
m_3009049_nw_15_030_20211119 1365
382.13405561447144
