load envirionment

/work/csr33/images_for_predictions/naip_tiles/m_3807604_ne_18_060_20210606.tif
/work/csr33/images_for_predictions/naip_tiles/m_2708219_sw_17_060_20211201.tif
/work/csr33/images_for_predictions/naip_tiles/m_2909032_sw_15_030_20211115.tif
/work/csr33/images_for_predictions/naip_tiles/m_4306918_ne_19_060_20211006.tif
/work/csr33/images_for_predictions/naip_tiles/m_3907658_se_18_060_20210617.tif
/work/csr33/images_for_predictions/naip_tiles/m_2808237_nw_17_060_20211130.tif
/work/csr33/images_for_predictions/naip_tiles/m_4207452_ne_18_060_20190826_20191209.tif
/work/csr33/images_for_predictions/naip_tiles/m_4107308_ne_18_060_20211106.tif
/work/csr33/images_for_predictions/naip_tiles/m_2708038_sw_17_060_20191215_20200113.tif
/work/csr33/images_for_predictions/naip_tiles/m_3311723_nw_11_060_20200423.tif
/work/csr33/images_for_predictions/naip_tiles/m_2908227_sw_17_060_20211129.tif
/work/csr33/images_for_predictions/naip_tiles/m_4007322_ne_18_060_20211103.tif
/work/csr33/images_for_predictions/naip_tiles/m_4307044_nw_19_060_20211007.tif
/work/csr33/images_for_predictions/naip_tiles/m_3607622_nw_18_060_20210913.tif
/work/csr33/images_for_predictions/naip_tiles/m_3009557_se_15_060_20201030.tif
/work/csr33/images_for_predictions/naip_tiles/m_3008441_sw_16_060_20191120_20200114.tif
/work/csr33/images_for_predictions/naip_tiles/m_2809518_se_15_060_20201029.tif
m_4306918_ne_19_060_20211006 300
/work/csr33/images_for_predictions/naip_tiles/m_3108845_se_16_030_20211123.tif
m_4207452_ne_18_060_20190826_20191209 300
m_3807604_ne_18_060_20210606 320
m_4307044_nw_19_060_20211007 320
m_4007322_ne_18_060_20211103 320
m_4107308_ne_18_060_20211106 320
m_3907658_se_18_060_20210617 320
m_3311723_nw_11_060_20200423 340
m_3607622_nw_18_060_20210913 340
m_2808237_nw_17_060_20211130 360
m_3009557_se_15_060_20201030 360
m_3008441_sw_16_060_20191120_20200114 360
m_2708038_sw_17_060_20191215_20200113 360
m_2908227_sw_17_060_20211129 360
m_2708219_sw_17_060_20211201 380
m_2809518_se_15_060_20201029 360
m_2909032_sw_15_030_20211115 1365
m_3108845_se_16_030_20211123 1400
681.2595653533936
