load envirionment

/work/csr33/images_for_predictions/naip_tiles/m_2909436_nw_15_060_20201116.tif
/work/csr33/images_for_predictions/naip_tiles/m_2708208_ne_17_060_20211202.tif
/work/csr33/images_for_predictions/naip_tiles/m_2809760_se_14_060_20200430.tif
/work/csr33/images_for_predictions/naip_tiles/m_3009204_se_15_030_20211223.tif
/work/csr33/images_for_predictions/naip_tiles/m_3311602_se_11_060_20200615.tif
/work/csr33/images_for_predictions/naip_tiles/m_2808041_ne_17_060_20191207_20200113.tif
/work/csr33/images_for_predictions/naip_tiles/m_3507723_se_18_060_20201031.tif
/work/csr33/images_for_predictions/naip_tiles/m_3507605_se_18_060_20200922.tif
/work/csr33/images_for_predictions/naip_tiles/m_3208106_se_17_060_20210426.tif
/work/csr33/images_for_predictions/naip_tiles/m_3008937_nw_16_030_20211114.tif
/work/csr33/images_for_predictions/naip_tiles/m_3208018_se_17_060_20210426.tif
/work/csr33/images_for_predictions/naip_tiles/m_3407833_sw_17_060_20200603.tif
/work/csr33/images_for_predictions/naip_tiles/m_4107219_nw_18_060_20211001.tif
/work/csr33/images_for_predictions/naip_tiles/m_2508132_se_17_060_20211203.tif
/work/csr33/images_for_predictions/naip_tiles/m_4107352_ne_18_060_20211106.tif
/work/csr33/images_for_predictions/naip_tiles/m_2908911_sw_16_030_20211129.tif
/work/csr33/images_for_predictions/naip_tiles/m_2909038_sw_15_030_20211130.tif
m_4107352_ne_18_060_20211106 320
/work/csr33/images_for_predictions/naip_tiles/m_2608005_sw_17_060_20191207_20200113.tif
m_4107219_nw_18_060_20211001 320
m_3507723_se_18_060_20201031 357
m_3507605_se_18_060_20200922 340
m_3208018_se_17_060_20210426 340
m_3208106_se_17_060_20210426 340
m_3311602_se_11_060_20200615 340
m_2708208_ne_17_060_20211202 360
m_2909436_nw_15_060_20201116 360
m_2508132_se_17_060_20211203 360
m_2809760_se_14_060_20200430 360
m_2808041_ne_17_060_20191207_20200113 360
m_3407833_sw_17_060_20200603 378
m_2608005_sw_17_060_20191207_20200113 360
m_3009204_se_15_030_20211223 1326
m_2908911_sw_16_030_20211129 1365
m_3008937_nw_16_030_20211114 1440
m_2909038_sw_15_030_20211130 1365
362.85543298721313
