load envirionment

/work/csr33/images_for_predictions/naip_tiles/m_2909131_se_15_060_20190831_20191001.tif
/work/csr33/images_for_predictions/naip_tiles/m_3307939_sw_17_060_20210501.tif
/work/csr33/images_for_predictions/naip_tiles/m_2908338_ne_17_060_20211116.tif
/work/csr33/images_for_predictions/naip_tiles/m_3807640_ne_18_060_20210618.tif
/work/csr33/images_for_predictions/naip_tiles/m_4007439_nw_18_060_20211105.tif
/work/csr33/images_for_predictions/naip_tiles/m_2708204_ne_17_060_20211130.tif
/work/csr33/images_for_predictions/naip_tiles/m_3009144_nw_15_030_20211114.tif
/work/csr33/images_for_predictions/naip_tiles/m_3807510_ne_18_060_20210618.tif
/work/csr33/images_for_predictions/naip_tiles/m_3807604_sw_18_060_20211020.tif
/work/csr33/images_for_predictions/naip_tiles/m_2909043_se_15_030_20211130.tif
/work/csr33/images_for_predictions/naip_tiles/m_3407839_nw_17_060_20201102.tif
/work/csr33/images_for_predictions/naip_tiles/m_2909317_nw_15_060_20201102.tif
/work/csr33/images_for_predictions/naip_tiles/m_3008527_se_16_060_20191118_20200114.tif
/work/csr33/images_for_predictions/naip_tiles/m_3008833_se_16_030_20211114.tif
/work/csr33/images_for_predictions/naip_tiles/m_3211605_nw_11_060_20200415.tif
/work/csr33/images_for_predictions/naip_tiles/m_2908402_nw_16_060_20191128_20200114.tif
/work/csr33/images_for_predictions/naip_tiles/m_3607656_nw_18_060_20200516.tif
m_4007439_nw_18_060_20211105 320
/work/csr33/images_for_predictions/naip_tiles/m_2508042_nw_17_060_20211203.tif
m_3807604_sw_18_060_20211020 320
m_3807640_ne_18_060_20210618 320
m_3807510_ne_18_060_20210618 320
m_3211605_nw_11_060_20200415 340
m_3008527_se_16_060_20191118_20200114 340
m_3307939_sw_17_060_20210501 340
m_2909317_nw_15_060_20201102 340
m_3407839_nw_17_060_20201102 360
m_2908402_nw_16_060_20191128_20200114 360
m_2909131_se_15_060_20190831_20191001 360
m_2708204_ne_17_060_20211130 360
m_2908338_ne_17_060_20211116 360
m_3607656_nw_18_060_20200516 340
m_2508042_nw_17_060_20211203 380
m_3009144_nw_15_030_20211114 1326
m_2909043_se_15_030_20211130 1365
m_3008833_se_16_030_20211114 1435
575.4196057319641
