load envirionment

/work/csr33/images_for_predictions/naip_tiles/m_2909317_ne_15_060_20201102.tif
/work/csr33/images_for_predictions/naip_tiles/m_3507624_ne_18_060_20200516.tif
/work/csr33/images_for_predictions/naip_tiles/m_3009261_sw_15_030_20211222.tif
/work/csr33/images_for_predictions/naip_tiles/m_3411946_nw_11_060_20200521.tif
/work/csr33/images_for_predictions/naip_tiles/m_3008355_sw_17_060_20211130.tif
/work/csr33/images_for_predictions/naip_tiles/m_3009443_nw_15_060_20201112.tif
/work/csr33/images_for_predictions/naip_tiles/m_2508014_nw_17_060_20191203_20200113.tif
/work/csr33/images_for_predictions/naip_tiles/m_3009140_nw_15_030_20211119.tif
/work/csr33/images_for_predictions/naip_tiles/m_4107318_ne_18_060_20211105.tif
/work/csr33/images_for_predictions/naip_tiles/m_3311629_sw_11_060_20200525.tif
/work/csr33/images_for_predictions/naip_tiles/m_3507628_nw_18_060_20201018.tif
/work/csr33/images_for_predictions/naip_tiles/m_3707712_se_18_060_20210910.tif
/work/csr33/images_for_predictions/naip_tiles/m_3311715_se_11_060_20200422.tif
/work/csr33/images_for_predictions/naip_tiles/m_4506827_ne_19_060_20211006.tif
/work/csr33/images_for_predictions/naip_tiles/m_3008216_nw_17_060_20191110_20200108.tif
/work/csr33/images_for_predictions/naip_tiles/m_3307949_nw_17_060_20210508.tif
/work/csr33/images_for_predictions/naip_tiles/m_3507629_sw_18_060_20201018.tif
m_4506827_ne_19_060_20211006 300
/work/csr33/images_for_predictions/naip_tiles/m_4207327_sw_18_060_20211107.tif
m_4107318_ne_18_060_20211105 320
m_2909317_ne_15_060_20201102 340
m_3411946_nw_11_060_20200521 340
m_3311629_sw_11_060_20200525 340
m_3307949_nw_17_060_20210508 340
m_3311715_se_11_060_20200422 340
m_3507628_nw_18_060_20201018 340
m_3507624_ne_18_060_20200516 340
m_3009443_nw_15_060_20201112 340
m_3008216_nw_17_060_20191110_20200108 340
m_3707712_se_18_060_20210910 357
m_2508014_nw_17_060_20191203_20200113 360
m_3008355_sw_17_060_20211130 378
m_4207327_sw_18_060_20211107 320
m_3507629_sw_18_060_20201018 340
m_3009261_sw_15_030_20211222 1326
m_3009140_nw_15_030_20211119 1326
337.8324179649353
