load envirionment

/work/csr33/images_for_predictions/naip_tiles/m_2508037_se_17_060_20191126_20200113.tif
/work/csr33/images_for_predictions/naip_tiles/m_3008158_ne_17_060_20211129.tif
/work/csr33/images_for_predictions/naip_tiles/m_2609719_se_14_060_20201217.tif
/work/csr33/images_for_predictions/naip_tiles/m_2809715_nw_14_060_20200501.tif
/work/csr33/images_for_predictions/naip_tiles/m_3207901_se_17_060_20210426.tif
/work/csr33/images_for_predictions/naip_tiles/m_3907406_se_18_060_20190920_20191209.tif
/work/csr33/images_for_predictions/naip_tiles/m_4406954_se_19_060_20211006.tif
/work/csr33/images_for_predictions/naip_tiles/m_4007207_nw_18_060_20210926.tif
/work/csr33/images_for_predictions/naip_tiles/m_3009257_sw_15_060_20190706_20191001.tif
/work/csr33/images_for_predictions/naip_tiles/m_3008605_nw_16_030_20211110.tif
/work/csr33/images_for_predictions/naip_tiles/m_3308063_sw_17_060_20210501.tif
/work/csr33/images_for_predictions/naip_tiles/m_3707722_nw_18_060_20210912.tif
/work/csr33/images_for_predictions/naip_tiles/m_4007310_sw_18_060_20211105.tif
/work/csr33/images_for_predictions/naip_tiles/m_3009022_ne_15_030_20211116.tif
/work/csr33/images_for_predictions/naip_tiles/m_3108103_sw_17_060_20191110_20200102.tif
/work/csr33/images_for_predictions/naip_tiles/m_3208020_nw_17_060_20210507.tif
/work/csr33/images_for_predictions/naip_tiles/m_2709710_ne_14_060_20200501.tif
m_4406954_se_19_060_20211006 300
/work/csr33/images_for_predictions/naip_tiles/m_3807719_se_18_060_20210903.tif
m_4007207_nw_18_060_20210926 320
m_3907406_se_18_060_20190920_20191209 320
m_4007310_sw_18_060_20211105 320
m_3108103_sw_17_060_20191110_20200102 340
m_3707722_nw_18_060_20210912 340
m_3207901_se_17_060_20210426 340
m_3308063_sw_17_060_20210501 340
m_3208020_nw_17_060_20210507 340
m_2809715_nw_14_060_20200501 360
m_3009257_sw_15_060_20190706_20191001 360
m_3008158_ne_17_060_20211129 360
m_2508037_se_17_060_20191126_20200113 360
m_2609719_se_14_060_20201217 360
m_2709710_ne_14_060_20200501 360
m_3807719_se_18_060_20210903 357
m_3008605_nw_16_030_20211110 1400
m_3009022_ne_15_030_20211116 1365
552.4633748531342
