load envirionment

/work/csr33/images_for_predictions/naip_tiles/m_3311636_se_11_060_20200415.tif
/work/csr33/images_for_predictions/naip_tiles/m_4007463_se_18_060_20190809_20191209.tif
/work/csr33/images_for_predictions/naip_tiles/m_3008805_ne_16_030_20211123.tif
/work/csr33/images_for_predictions/naip_tiles/m_3009317_sw_15_060_20201102.tif
/work/csr33/images_for_predictions/naip_tiles/m_4506839_ne_19_060_20210911.tif
/work/csr33/images_for_predictions/naip_tiles/m_4606861_sw_19_060_20210817.tif
/work/csr33/images_for_predictions/naip_tiles/m_2808035_sw_17_060_20191130_20200113.tif
/work/csr33/images_for_predictions/naip_tiles/m_3008519_nw_16_060_20191118_20200114.tif
/work/csr33/images_for_predictions/naip_tiles/m_3009143_ne_15_030_20211114.tif
/work/csr33/images_for_predictions/naip_tiles/m_4306912_ne_19_060_20211006.tif
/work/csr33/images_for_predictions/naip_tiles/m_3507644_sw_18_060_20201018.tif
/work/csr33/images_for_predictions/naip_tiles/m_4207063_ne_19_060_20210826.tif
/work/csr33/images_for_predictions/naip_tiles/m_3008607_se_16_060_20191109_20200114.tif
/work/csr33/images_for_predictions/naip_tiles/m_4107132_nw_19_060_20210826.tif
/work/csr33/images_for_predictions/naip_tiles/m_3507761_nw_18_060_20200930.tif
/work/csr33/images_for_predictions/naip_tiles/m_3008639_ne_16_060_20191109_20200114.tif
/work/csr33/images_for_predictions/naip_tiles/m_3108264_sw_17_060_20191110_20200102.tif
m_4506839_ne_19_060_20210911 300
/work/csr33/images_for_predictions/naip_tiles/m_3807501_nw_18_060_20210606.tif
m_4606861_sw_19_060_20210817 300
m_4306912_ne_19_060_20211006 300
m_4207063_ne_19_060_20210826 320
m_4007463_se_18_060_20190809_20191209 320
m_4107132_nw_19_060_20210826 320
m_3009317_sw_15_060_20201102 340
m_3008519_nw_16_060_20191118_20200114 340
m_3008607_se_16_060_20191109_20200114 340
m_3008639_ne_16_060_20191109_20200114 340
m_3507761_nw_18_060_20200930 340
m_3311636_se_11_060_20200415 340
m_3507644_sw_18_060_20201018 340
m_2808035_sw_17_060_20191130_20200113 360
m_3807501_nw_18_060_20210606 320
m_3108264_sw_17_060_20191110_20200102 340
m_3009143_ne_15_030_20211114 1326
m_3008805_ne_16_030_20211123 1400
885.2845883369446
