load envirionment

/work/csr33/images_for_predictions/naip_tiles/m_3507740_ne_18_060_20201031.tif
/work/csr33/images_for_predictions/naip_tiles/m_3707738_ne_18_060_20210912.tif
/work/csr33/images_for_predictions/naip_tiles/m_2909502_sw_15_060_20201030.tif
/work/csr33/images_for_predictions/naip_tiles/m_2809504_sw_15_060_20201117.tif
/work/csr33/images_for_predictions/naip_tiles/m_3907621_ne_18_060_20211101.tif
/work/csr33/images_for_predictions/naip_tiles/m_2608052_se_17_060_20191203_20200113.tif
/work/csr33/images_for_predictions/naip_tiles/m_3707519_sw_18_060_20211017.tif
/work/csr33/images_for_predictions/naip_tiles/m_4107115_ne_19_060_20210826.tif
/work/csr33/images_for_predictions/naip_tiles/m_3008440_sw_16_060_20191205_20200114.tif
/work/csr33/images_for_predictions/naip_tiles/m_3807532_ne_18_060_20210624.tif
/work/csr33/images_for_predictions/naip_tiles/m_2708222_nw_17_060_20211130.tif
/work/csr33/images_for_predictions/naip_tiles/m_4107435_sw_18_060_20211106.tif
/work/csr33/images_for_predictions/naip_tiles/m_3607643_nw_18_060_20200922.tif
/work/csr33/images_for_predictions/naip_tiles/m_3311724_nw_11_060_20200422.tif
/work/csr33/images_for_predictions/naip_tiles/m_2709728_nw_14_060_20200430.tif
/work/csr33/images_for_predictions/naip_tiles/m_3311634_sw_11_060_20200525.tif
/work/csr33/images_for_predictions/naip_tiles/m_3411863_nw_11_060_20200505.tif
m_3907621_ne_18_060_20211101 320
/work/csr33/images_for_predictions/naip_tiles/m_3407859_nw_17_060_20200922.tif
m_3807532_ne_18_060_20210624 320
m_4107115_ne_19_060_20210826 320
m_4107435_sw_18_060_20211106 320
m_3311724_nw_11_060_20200422 340
m_3311634_sw_11_060_20200525 340
m_3707519_sw_18_060_20211017 340
m_3707738_ne_18_060_20210912 340
m_3507740_ne_18_060_20201031 340
m_3607643_nw_18_060_20200922 340
m_2709728_nw_14_060_20200430 360
m_2708222_nw_17_060_20211130 360
m_2608052_se_17_060_20191203_20200113 360
m_3008440_sw_16_060_20191205_20200114 360
m_2809504_sw_15_060_20201117 360
m_2909502_sw_15_060_20201030 360
m_3411863_nw_11_060_20200505 340
m_3407859_nw_17_060_20200922 360
206.39614844322205
