load envirionment

/work/csr33/images_for_predictions/naip_tiles/m_2909221_nw_15_060_20190706_20191001.tif
/work/csr33/images_for_predictions/naip_tiles/m_2809634_sw_14_060_20201029.tif
/work/csr33/images_for_predictions/naip_tiles/m_3008942_ne_16_030_20211116.tif
/work/csr33/images_for_predictions/naip_tiles/m_2909204_nw_15_060_20190706_20191001.tif
/work/csr33/images_for_predictions/naip_tiles/m_3009564_se_15_060_20201118.tif
/work/csr33/images_for_predictions/naip_tiles/m_2908127_nw_17_060_20211129.tif
/work/csr33/images_for_predictions/naip_tiles/m_3412029_nw_10_060_20200607.tif
/work/csr33/images_for_predictions/naip_tiles/m_4207333_sw_18_060_20210920.tif
/work/csr33/images_for_predictions/naip_tiles/m_3108114_ne_17_060_20191110_20200102.tif
/work/csr33/images_for_predictions/naip_tiles/m_3108750_se_16_030_20211115.tif
/work/csr33/images_for_predictions/naip_tiles/m_3507651_ne_18_060_20201031.tif
/work/csr33/images_for_predictions/naip_tiles/m_3807638_se_18_060_20211020.tif
/work/csr33/images_for_predictions/naip_tiles/m_2908516_nw_16_060_20191118_20200114.tif
/work/csr33/images_for_predictions/naip_tiles/m_3009323_sw_15_060_20190904_20191001.tif
/work/csr33/images_for_predictions/naip_tiles/m_3607534_nw_18_060_20200516.tif
/work/csr33/images_for_predictions/naip_tiles/m_3907414_ne_18_060_20190920_20191209.tif
/work/csr33/images_for_predictions/naip_tiles/m_3009460_sw_15_060_20201112.tif
m_3807638_se_18_060_20211020 320
/work/csr33/images_for_predictions/naip_tiles/m_2709730_sw_14_060_20200430.tif
m_3907414_ne_18_060_20190920_20191209 320
m_4207333_sw_18_060_20210920 320
m_3412029_nw_10_060_20200607 340
m_3607534_nw_18_060_20200516 340
m_3108114_ne_17_060_20191110_20200102 340
m_3507651_ne_18_060_20201031 340
m_2809634_sw_14_060_20201029 360
m_2908516_nw_16_060_20191118_20200114 360
m_3009323_sw_15_060_20190904_20191001 360
m_2909204_nw_15_060_20190706_20191001 360
m_2908127_nw_17_060_20211129 360
m_2909221_nw_15_060_20190706_20191001 360
m_3009564_se_15_060_20201118 360
m_3009460_sw_15_060_20201112 340
m_2709730_sw_14_060_20200430 360
m_3008942_ne_16_030_20211116 1365
m_3108750_se_16_030_20211115 1400
301.5621600151062
