load envirionment

/work/csr33/images_for_predictions/naip_tiles/m_3407963_nw_17_060_20210508.tif
/work/csr33/images_for_predictions/naip_tiles/m_4506741_sw_19_060_20210815.tif
/work/csr33/images_for_predictions/naip_tiles/m_4107463_se_18_060_20190917_20191209.tif
/work/csr33/images_for_predictions/naip_tiles/m_3607551_sw_18_060_20200516.tif
/work/csr33/images_for_predictions/naip_tiles/m_3507715_nw_18_060_20200922.tif
/work/csr33/images_for_predictions/naip_tiles/m_4307020_nw_19_060_20211007.tif
/work/csr33/images_for_predictions/naip_tiles/m_3707714_nw_18_060_20210910.tif
/work/csr33/images_for_predictions/naip_tiles/m_3008328_se_17_060_20191113_20200114.tif
/work/csr33/images_for_predictions/naip_tiles/m_2909551_nw_15_060_20201117.tif
/work/csr33/images_for_predictions/naip_tiles/m_3009445_sw_15_060_20201112.tif
/work/csr33/images_for_predictions/naip_tiles/m_3208050_ne_17_060_20210507.tif
/work/csr33/images_for_predictions/naip_tiles/m_3009163_se_15_030_20211114.tif
/work/csr33/images_for_predictions/naip_tiles/m_3308039_se_17_060_20210501.tif
/work/csr33/images_for_predictions/naip_tiles/m_4506728_sw_19_060_20210723.tif
/work/csr33/images_for_predictions/naip_tiles/m_4107240_sw_18_060_20210926.tif
/work/csr33/images_for_predictions/naip_tiles/m_3607615_ne_18_060_20210913.tif
/work/csr33/images_for_predictions/naip_tiles/m_3507621_ne_18_060_20200922.tif
/work/csr33/images_for_predictions/naip_tiles/m_3009118_ne_15_030_20211113.tif
m_4506741_sw_19_060_20210815 300
m_3507715_nw_18_060_20200922 340
m_4107463_se_18_060_20190917_20191209 300
m_4506728_sw_19_060_20210723 315
m_4307020_nw_19_060_20211007 320
m_3308039_se_17_060_20210501 340
m_3607615_ne_18_060_20210913 340
m_3208050_ne_17_060_20210507 340
m_3407963_nw_17_060_20210508 340
m_4107240_sw_18_060_20210926 336
m_3707714_nw_18_060_20210910 340
m_3009445_sw_15_060_20201112 340
m_3607551_sw_18_060_20200516 340
m_3008328_se_17_060_20191113_20200114 360
m_2909551_nw_15_060_20201117 360
m_3507621_ne_18_060_20200922 340
m_3009163_se_15_030_20211114 1365
m_3009118_ne_15_030_20211113 1326
551.6184992790222
