load envirionment

/work/csr33/images_for_predictions/naip_tiles/m_2709713_se_14_060_20200430.tif
/work/csr33/images_for_predictions/naip_tiles/m_3108110_nw_17_060_20191110_20200102.tif
/work/csr33/images_for_predictions/naip_tiles/m_4107219_ne_18_060_20211001.tif
/work/csr33/images_for_predictions/naip_tiles/m_3311703_ne_11_060_20200424.tif
/work/csr33/images_for_predictions/naip_tiles/m_3407604_nw_18_060_20201018.tif
/work/csr33/images_for_predictions/naip_tiles/m_4107455_sw_18_060_20211105.tif
/work/csr33/images_for_predictions/naip_tiles/m_2609729_sw_14_060_20201029.tif
/work/csr33/images_for_predictions/naip_tiles/m_3707748_ne_18_060_20210912.tif
/work/csr33/images_for_predictions/naip_tiles/m_4406908_se_19_060_20211006.tif
/work/csr33/images_for_predictions/naip_tiles/m_3607611_ne_18_060_20210827.tif
/work/csr33/images_for_predictions/naip_tiles/m_4107138_ne_19_060_20210826.tif
/work/csr33/images_for_predictions/naip_tiles/m_4107301_ne_18_060_20211105.tif
/work/csr33/images_for_predictions/naip_tiles/m_2708058_se_17_060_20191129_20200113.tif
/work/csr33/images_for_predictions/naip_tiles/m_3008630_se_16_060_20191109_20200114.tif
/work/csr33/images_for_predictions/naip_tiles/m_2909002_ne_15_060_20190707_20191001.tif
/work/csr33/images_for_predictions/naip_tiles/m_4506764_nw_19_060_20210828.tif
/work/csr33/images_for_predictions/naip_tiles/m_3108845_nw_16_030_20211123.tif
m_3008630_se_16_060_20191109_20200114 340
/work/csr33/images_for_predictions/naip_tiles/m_3008517_nw_16_060_20191109_20200114.tif
m_4506764_nw_19_060_20210828 300
m_4406908_se_19_060_20211006 300
m_4107219_ne_18_060_20211001 320
m_4107455_sw_18_060_20211105 320
m_4107301_ne_18_060_20211105 320
m_3607611_ne_18_060_20210827 340
m_3311703_ne_11_060_20200424 340
m_3407604_nw_18_060_20201018 340
m_4107138_ne_19_060_20210826 320
m_2609729_sw_14_060_20201029 360
m_2708058_se_17_060_20191129_20200113 360
m_3108110_nw_17_060_20191110_20200102 340
m_3707748_ne_18_060_20210912 340
m_2709713_se_14_060_20200430 360
m_2909002_ne_15_060_20190707_20191001 360
m_3008517_nw_16_060_20191109_20200114 340
m_3108845_nw_16_030_20211123 1400
521.6823873519897
