load envirionment

/work/csr33/images_for_predictions/naip_tiles/m_3407849_sw_17_060_20210513.tif
/work/csr33/images_for_predictions/naip_tiles/m_2609709_sw_14_060_20200503.tif
/work/csr33/images_for_predictions/naip_tiles/m_2708142_se_17_060_20191129_20200113.tif
/work/csr33/images_for_predictions/naip_tiles/m_3411918_sw_11_060_20200607.tif
/work/csr33/images_for_predictions/naip_tiles/m_3009212_ne_15_030_20211223.tif
/work/csr33/images_for_predictions/naip_tiles/m_3311744_ne_11_060_20200520.tif
/work/csr33/images_for_predictions/naip_tiles/m_3009328_nw_15_060_20190904_20191001.tif
/work/csr33/images_for_predictions/naip_tiles/m_4506848_sw_19_060_20210911.tif
/work/csr33/images_for_predictions/naip_tiles/m_3008728_sw_16_030_20211113.tif
/work/csr33/images_for_predictions/naip_tiles/m_3008518_sw_16_060_20191109_20200114.tif
/work/csr33/images_for_predictions/naip_tiles/m_3009040_nw_15_030_20211123.tif
/work/csr33/images_for_predictions/naip_tiles/m_2808018_sw_17_060_20191202_20200113.tif
/work/csr33/images_for_predictions/naip_tiles/m_3108959_sw_16_030_20211115.tif
/work/csr33/images_for_predictions/naip_tiles/m_4007537_nw_18_060_20191019_20191203.tif
/work/csr33/images_for_predictions/naip_tiles/m_2809519_ne_15_060_20201117.tif
/work/csr33/images_for_predictions/naip_tiles/m_4406820_ne_19_060_20210914.tif
/work/csr33/images_for_predictions/naip_tiles/m_3009217_ne_15_030_20211221.tif
m_4406820_ne_19_060_20210914 300
/work/csr33/images_for_predictions/naip_tiles/m_3009209_sw_15_060_20190904_20191001.tif
m_4506848_sw_19_060_20210911 300
m_4007537_nw_18_060_20191019_20191203 320
m_3008518_sw_16_060_20191109_20200114 340
m_2808018_sw_17_060_20191202_20200113 340
m_3311744_ne_11_060_20200520 340
m_3411918_sw_11_060_20200607 340
m_3407849_sw_17_060_20210513 340
m_3009328_nw_15_060_20190904_20191001 360
m_2809519_ne_15_060_20201117 360
m_2708142_se_17_060_20191129_20200113 360
m_2609709_sw_14_060_20200503 360
m_3009209_sw_15_060_20190904_20191001 360
m_3009212_ne_15_030_20211223 1326
m_3009040_nw_15_030_20211123 1365
m_3108959_sw_16_030_20211115 1365
m_3008728_sw_16_030_20211113 1400
m_3009217_ne_15_030_20211221 1326
1442.4017741680145
