load envirionment

/work/csr33/images_for_predictions/naip_tiles/m_3008947_ne_16_030_20211114.tif
/work/csr33/images_for_predictions/naip_tiles/m_3211626_se_11_060_20200425.tif
/work/csr33/images_for_predictions/naip_tiles/m_4606853_sw_19_060_20210817.tif
/work/csr33/images_for_predictions/naip_tiles/m_3907443_se_18_060_20190730_20191209.tif
/work/csr33/images_for_predictions/naip_tiles/m_3807753_ne_18_060_20210630.tif
/work/csr33/images_for_predictions/naip_tiles/m_3907642_ne_18_060_20210616.tif
/work/csr33/images_for_predictions/naip_tiles/m_3907441_se_18_060_20190726_20191209.tif
/work/csr33/images_for_predictions/naip_tiles/m_3008613_se_16_060_20191109_20200114.tif
/work/csr33/images_for_predictions/naip_tiles/m_2909116_ne_15_060_20190707_20191001.tif
/work/csr33/images_for_predictions/naip_tiles/m_2808905_ne_16_030_20211130.tif
/work/csr33/images_for_predictions/naip_tiles/m_3008437_sw_16_060_20191129_20200114.tif
/work/csr33/images_for_predictions/naip_tiles/m_2609719_sw_14_060_20201216.tif
/work/csr33/images_for_predictions/naip_tiles/m_4506820_ne_19_060_20211006.tif
/work/csr33/images_for_predictions/naip_tiles/m_3008828_ne_16_030_20211119.tif
/work/csr33/images_for_predictions/naip_tiles/m_4207260_se_18_060_20211001.tif
/work/csr33/images_for_predictions/naip_tiles/m_4406846_nw_19_060_20210919.tif
/work/csr33/images_for_predictions/naip_tiles/m_3807535_se_18_060_20210605.tif
m_4506820_ne_19_060_20211006 300
/work/csr33/images_for_predictions/naip_tiles/m_2908210_nw_17_060_20211129.tif
m_4406846_nw_19_060_20210919 300
m_4606853_sw_19_060_20210817 300
m_3907443_se_18_060_20190730_20191209 320
m_3907642_ne_18_060_20210616 320
m_3907441_se_18_060_20190726_20191209 320
m_3211626_se_11_060_20200425 340
m_4207260_se_18_060_20211001 336
m_3008613_se_16_060_20191109_20200114 340
m_3807753_ne_18_060_20210630 340
m_3008437_sw_16_060_20191129_20200114 360
m_2909116_ne_15_060_20190707_20191001 360
m_2609719_sw_14_060_20201216 360
m_3807535_se_18_060_20210605 320
m_2908210_nw_17_060_20211129 360
m_2808905_ne_16_030_20211130 1365
m_3008947_ne_16_030_20211114 1400
m_3008828_ne_16_030_20211119 1400
528.3007564544678
