load envirionment

/work/csr33/images_for_predictions/naip_tiles/m_2908926_nw_16_060_20190707_20191015.tif
/work/csr33/images_for_predictions/naip_tiles/m_3607762_ne_18_060_20200922.tif
/work/csr33/images_for_predictions/naip_tiles/m_3507623_nw_18_060_20201001.tif
/work/csr33/images_for_predictions/naip_tiles/m_4207459_se_18_060_20190826_20191209.tif
/work/csr33/images_for_predictions/naip_tiles/m_4107329_sw_18_060_20211106.tif
/work/csr33/images_for_predictions/naip_tiles/m_2608120_se_17_060_20191123_20200113.tif
/work/csr33/images_for_predictions/naip_tiles/m_3311603_sw_11_060_20200615.tif
/work/csr33/images_for_predictions/naip_tiles/m_3009354_nw_15_060_20190905_20191001.tif
/work/csr33/images_for_predictions/naip_tiles/m_3807560_se_18_060_20210605.tif
/work/csr33/images_for_predictions/naip_tiles/m_3707636_se_18_060_20210926.tif
/work/csr33/images_for_predictions/naip_tiles/m_3607517_sw_18_060_20210913.tif
/work/csr33/images_for_predictions/naip_tiles/m_3208013_ne_17_060_20210426.tif
/work/csr33/images_for_predictions/naip_tiles/m_3208139_ne_17_060_20210426.tif
/work/csr33/images_for_predictions/naip_tiles/m_3407728_se_18_060_20200930.tif
/work/csr33/images_for_predictions/naip_tiles/m_2608133_ne_17_060_20211223.tif
/work/csr33/images_for_predictions/naip_tiles/m_3907652_se_18_060_20210606.tif
/work/csr33/images_for_predictions/naip_tiles/m_3907635_sw_18_060_20210616.tif
m_4207459_se_18_060_20190826_20191209 300
/work/csr33/images_for_predictions/naip_tiles/m_3707526_se_18_060_20210913.tif
m_3807560_se_18_060_20210605 320
m_3907652_se_18_060_20210606 320
m_4107329_sw_18_060_20211106 336
m_3407728_se_18_060_20200930 357
m_3607762_ne_18_060_20200922 340
m_3607517_sw_18_060_20210913 340
m_3311603_sw_11_060_20200615 340
m_3507623_nw_18_060_20201001 340
m_3208139_ne_17_060_20210426 340
m_3707636_se_18_060_20210926 340
m_3208013_ne_17_060_20210426 340
m_2908926_nw_16_060_20190707_20191015 360
m_3009354_nw_15_060_20190905_20191001 360
m_2608120_se_17_060_20191123_20200113 360
m_2608133_ne_17_060_20211223 360
m_3907635_sw_18_060_20210616 320
m_3707526_se_18_060_20210913 320
253.33921194076538
