load envirionment

/work/csr33/images_for_predictions/naip_tiles/m_3407749_sw_18_060_20200904.tif
/work/csr33/images_for_predictions/naip_tiles/m_2908956_nw_16_030_20211130.tif
/work/csr33/images_for_predictions/naip_tiles/m_3009243_nw_15_060_20190706_20191001.tif
/work/csr33/images_for_predictions/naip_tiles/m_2609734_sw_14_060_20201001.tif
/work/csr33/images_for_predictions/naip_tiles/m_3407618_ne_18_060_20201024.tif
/work/csr33/images_for_predictions/naip_tiles/m_3807712_nw_18_060_20210903.tif
/work/csr33/images_for_predictions/naip_tiles/m_3008924_sw_16_030_20211119.tif
/work/csr33/images_for_predictions/naip_tiles/m_4107310_sw_18_060_20211105.tif
/work/csr33/images_for_predictions/naip_tiles/m_3211614_se_11_060_20200415.tif
/work/csr33/images_for_predictions/naip_tiles/m_2608216_ne_17_060_20211217.tif
/work/csr33/images_for_predictions/naip_tiles/m_2809511_nw_15_060_20201117.tif
/work/csr33/images_for_predictions/naip_tiles/m_3108117_se_17_060_20191110_20200102.tif
/work/csr33/images_for_predictions/naip_tiles/m_4007464_se_18_060_20190809_20191209.tif
/work/csr33/images_for_predictions/naip_tiles/m_3407713_sw_18_060_20200930.tif
/work/csr33/images_for_predictions/naip_tiles/m_3907561_ne_18_060_20211019.tif
/work/csr33/images_for_predictions/naip_tiles/m_4007341_sw_18_060_20190809_20191209.tif
/work/csr33/images_for_predictions/naip_tiles/m_3009163_nw_15_030_20211119.tif
m_4107310_sw_18_060_20211105 320
/work/csr33/images_for_predictions/naip_tiles/m_3008836_sw_16_030_20211114.tif
m_3907561_ne_18_060_20211019 320
m_4007464_se_18_060_20190809_20191209 320
m_4007341_sw_18_060_20190809_20191209 320
m_3108117_se_17_060_20191110_20200102 340
m_3211614_se_11_060_20200415 340
m_2809511_nw_15_060_20201117 360
m_3407618_ne_18_060_20201024 340
m_2608216_ne_17_060_20211217 360
m_3807712_nw_18_060_20210903 340
m_3009243_nw_15_060_20190706_20191001 360
m_2609734_sw_14_060_20201001 360
m_3407749_sw_18_060_20200904 378
m_3407713_sw_18_060_20200930 378
m_2908956_nw_16_030_20211130 1365
m_3008924_sw_16_030_20211119 1476
m_3009163_nw_15_030_20211119 1365
m_3008836_sw_16_030_20211114 1440
378.4033434391022
