load envirionment

/work/csr33/images_for_predictions/naip_tiles/m_2709735_sw_14_060_20200501.tif
/work/csr33/images_for_predictions/naip_tiles/m_2608060_ne_17_060_20191203_20200113.tif
/work/csr33/images_for_predictions/naip_tiles/m_3008441_se_16_060_20191128_20200114.tif
/work/csr33/images_for_predictions/naip_tiles/m_4107357_ne_18_060_20211105.tif
/work/csr33/images_for_predictions/naip_tiles/m_4107446_se_18_060_20211105.tif
/work/csr33/images_for_predictions/naip_tiles/m_2508148_se_17_060_20211203.tif
/work/csr33/images_for_predictions/naip_tiles/m_2909005_nw_15_030_20211130.tif
/work/csr33/images_for_predictions/naip_tiles/m_3008441_ne_16_060_20191128_20200114.tif
/work/csr33/images_for_predictions/naip_tiles/m_4107302_ne_18_060_20211105.tif
/work/csr33/images_for_predictions/naip_tiles/m_4506830_se_19_060_20210921.tif
/work/csr33/images_for_predictions/naip_tiles/m_2908315_sw_17_060_20211130.tif
/work/csr33/images_for_predictions/naip_tiles/m_4107028_sw_19_060_20210904.tif
/work/csr33/images_for_predictions/naip_tiles/m_2809607_se_14_060_20201107.tif
/work/csr33/images_for_predictions/naip_tiles/m_3009161_sw_15_030_20211114.tif
/work/csr33/images_for_predictions/naip_tiles/m_3008958_se_16_030_20211116.tif
/work/csr33/images_for_predictions/naip_tiles/m_4107344_nw_18_060_20211106.tif
/work/csr33/images_for_predictions/naip_tiles/m_2509706_nw_14_060_20200430.tif
m_4107446_se_18_060_20211105 320
/work/csr33/images_for_predictions/naip_tiles/m_3507729_ne_18_060_20200930.tif
m_4107302_ne_18_060_20211105 320
m_4506830_se_19_060_20210921 300
m_4107344_nw_18_060_20211106 320
m_4107357_ne_18_060_20211105 320
m_4107028_sw_19_060_20210904 336
m_2709735_sw_14_060_20200501 360
m_3008441_ne_16_060_20191128_20200114 360
m_2809607_se_14_060_20201107 360
m_2608060_ne_17_060_20191203_20200113 360
m_2508148_se_17_060_20211203 360
m_3008441_se_16_060_20191128_20200114 360
m_2908315_sw_17_060_20211130 378
m_2509706_nw_14_060_20200430 360
m_3507729_ne_18_060_20200930 340
m_3008958_se_16_030_20211116 1365
m_3009161_sw_15_030_20211114 1326
m_2909005_nw_15_030_20211130 1365
875.131763458252
