load envirionment

/work/csr33/images_for_predictions/naip_tiles/m_3009305_sw_15_060_20190904_20191001.tif
/work/csr33/images_for_predictions/naip_tiles/m_3907451_ne_18_060_20190730_20191209.tif
/work/csr33/images_for_predictions/naip_tiles/m_2608161_se_17_060_20211203.tif
/work/csr33/images_for_predictions/naip_tiles/m_2609736_sw_14_060_20201209.tif
/work/csr33/images_for_predictions/naip_tiles/m_4107462_ne_18_060_20190917_20191209.tif
/work/csr33/images_for_predictions/naip_tiles/m_3311652_nw_11_060_20200415.tif
/work/csr33/images_for_predictions/naip_tiles/m_3008339_se_17_060_20211116.tif
/work/csr33/images_for_predictions/naip_tiles/m_4007313_nw_18_060_20211103.tif
/work/csr33/images_for_predictions/naip_tiles/m_3009243_ne_15_060_20190706_20191001.tif
/work/csr33/images_for_predictions/naip_tiles/m_3407705_sw_18_060_20200930.tif
/work/csr33/images_for_predictions/naip_tiles/m_4406914_se_19_060_20211006.tif
/work/csr33/images_for_predictions/naip_tiles/m_2809629_sw_14_060_20200501.tif
/work/csr33/images_for_predictions/naip_tiles/m_3311660_nw_11_060_20200415.tif
/work/csr33/images_for_predictions/naip_tiles/m_4107338_sw_18_060_20211106.tif
/work/csr33/images_for_predictions/naip_tiles/m_2809657_nw_14_060_20201116.tif
/work/csr33/images_for_predictions/naip_tiles/m_4207162_nw_19_060_20210826.tif
/work/csr33/images_for_predictions/naip_tiles/m_4406835_sw_19_060_20210723.tif
m_4107462_ne_18_060_20190917_20191209 300
/work/csr33/images_for_predictions/naip_tiles/m_2508005_ne_17_060_20191203_20200113.tif
m_4406914_se_19_060_20211006 300
m_4207162_nw_19_060_20210826 320
m_3907451_ne_18_060_20190730_20191209 320
m_4007313_nw_18_060_20211103 320
m_4107338_sw_18_060_20211106 336
m_3311660_nw_11_060_20200415 340
m_3311652_nw_11_060_20200415 340
m_2608161_se_17_060_20211203 360
m_2809657_nw_14_060_20201116 360
m_3009305_sw_15_060_20190904_20191001 360
m_3009243_ne_15_060_20190706_20191001 360
m_2609736_sw_14_060_20201209 360
m_2809629_sw_14_060_20200501 360
m_3008339_se_17_060_20211116 378
m_3407705_sw_18_060_20200930 378
m_4406835_sw_19_060_20210723 300
m_2508005_ne_17_060_20191203_20200113 360
764.3721354007721
