load envirionment

/work/csr33/images_for_predictions/naip_tiles/m_2608103_sw_17_060_20211223.tif
/work/csr33/images_for_predictions/naip_tiles/m_2908411_sw_16_060_20191128_20200114.tif
/work/csr33/images_for_predictions/naip_tiles/m_3008127_nw_17_060_20211129.tif
/work/csr33/images_for_predictions/naip_tiles/m_2908316_nw_17_060_20211130.tif
/work/csr33/images_for_predictions/naip_tiles/m_3308047_sw_17_060_20210501.tif
/work/csr33/images_for_predictions/naip_tiles/m_4207050_sw_19_060_20210826.tif
/work/csr33/images_for_predictions/naip_tiles/m_3907529_se_18_060_20190726_20191209.tif
/work/csr33/images_for_predictions/naip_tiles/m_3411936_sw_11_060_20200521.tif
/work/csr33/images_for_predictions/naip_tiles/m_3008359_se_17_060_20191121_20200114.tif
/work/csr33/images_for_predictions/naip_tiles/m_3407736_ne_18_060_20200930.tif
/work/csr33/images_for_predictions/naip_tiles/m_3907649_nw_18_060_20210617.tif
/work/csr33/images_for_predictions/naip_tiles/m_3009142_se_15_030_20211113.tif
/work/csr33/images_for_predictions/naip_tiles/m_3008458_nw_16_060_20191128_20200114.tif
/work/csr33/images_for_predictions/naip_tiles/m_2708036_se_17_060_20191215_20200113.tif
/work/csr33/images_for_predictions/naip_tiles/m_2909018_nw_15_060_20190707_20191001.tif
/work/csr33/images_for_predictions/naip_tiles/m_3008320_sw_17_060_20211222.tif
/work/csr33/images_for_predictions/naip_tiles/m_3211722_ne_11_060_20200520.tif
m_3907529_se_18_060_20190726_20191209 320
/work/csr33/images_for_predictions/naip_tiles/m_3108734_nw_16_030_20211115.tif
m_3907649_nw_18_060_20210617 320
m_3411936_sw_11_060_20200521 340
m_4207050_sw_19_060_20210826 336
m_3308047_sw_17_060_20210501 340
m_3407736_ne_18_060_20200930 340
m_2708036_se_17_060_20191215_20200113 360
m_2608103_sw_17_060_20211223 360
m_3008127_nw_17_060_20211129 360
m_2908411_sw_16_060_20191128_20200114 360
m_3008320_sw_17_060_20211222 360
m_3008359_se_17_060_20191121_20200114 360
m_2908316_nw_17_060_20211130 360
m_3008458_nw_16_060_20191128_20200114 360
m_2909018_nw_15_060_20190707_20191001 360
m_3211722_ne_11_060_20200520 340
m_3009142_se_15_030_20211113 1326
m_3108734_nw_16_030_20211115 1400
343.7932274341583
