load envirionment

/work/csr33/images_for_predictions/naip_tiles/m_3807509_se_18_060_20210618.tif
/work/csr33/images_for_predictions/naip_tiles/m_3108216_ne_17_060_20191110_20200102.tif
/work/csr33/images_for_predictions/naip_tiles/m_3009042_se_15_030_20211120.tif
/work/csr33/images_for_predictions/naip_tiles/m_3907445_nw_18_060_20190730_20191209.tif
/work/csr33/images_for_predictions/naip_tiles/m_3009563_sw_15_060_20201130.tif
/work/csr33/images_for_predictions/naip_tiles/m_3807543_se_18_060_20210605.tif
/work/csr33/images_for_predictions/naip_tiles/m_4307008_ne_19_060_20211006.tif
/work/csr33/images_for_predictions/naip_tiles/m_3807520_se_18_060_20210624.tif
/work/csr33/images_for_predictions/naip_tiles/m_4207009_nw_19_060_20211024.tif
/work/csr33/images_for_predictions/naip_tiles/m_2908236_sw_17_060_20211129.tif
/work/csr33/images_for_predictions/naip_tiles/m_3109359_sw_15_060_20201006.tif
/work/csr33/images_for_predictions/naip_tiles/m_3807506_nw_18_060_20211019.tif
/work/csr33/images_for_predictions/naip_tiles/m_4007444_sw_18_060_20190730_20191209.tif
/work/csr33/images_for_predictions/naip_tiles/m_3009038_se_15_030_20211116.tif
/work/csr33/images_for_predictions/naip_tiles/m_2709702_ne_14_060_20200501.tif
/work/csr33/images_for_predictions/naip_tiles/m_3009336_nw_15_060_20190901_20191001.tif
/work/csr33/images_for_predictions/naip_tiles/m_3311728_nw_11_060_20200423.tif
m_4007444_sw_18_060_20190730_20191209 300
/work/csr33/images_for_predictions/naip_tiles/m_3211708_ne_11_060_20200428.tif
m_4307008_ne_19_060_20211006 300
m_3907445_nw_18_060_20190730_20191209 320
m_3807543_se_18_060_20210605 320
m_3807509_se_18_060_20210618 320
m_3807506_nw_18_060_20211019 320
m_4207009_nw_19_060_20211024 320
m_3807520_se_18_060_20210624 320
m_3109359_sw_15_060_20201006 340
m_3108216_ne_17_060_20191110_20200102 340
m_2709702_ne_14_060_20200501 360
m_2908236_sw_17_060_20211129 360
m_3009336_nw_15_060_20190901_20191001 360
m_3009563_sw_15_060_20201130 360
m_3311728_nw_11_060_20200423 340
m_3211708_ne_11_060_20200428 340
m_3009042_se_15_030_20211120 1365
m_3009038_se_15_030_20211116 1365
904.425998210907
