load envirionment

/work/csr33/images_for_predictions/naip_tiles/m_2909146_sw_15_060_20190830_20191001.tif
/work/csr33/images_for_predictions/naip_tiles/m_4207456_ne_18_060_20210920.tif
/work/csr33/images_for_predictions/naip_tiles/m_2809633_se_14_060_20201116.tif
/work/csr33/images_for_predictions/naip_tiles/m_4207116_sw_19_060_20211024.tif
/work/csr33/images_for_predictions/naip_tiles/m_3211715_nw_11_060_20200520.tif
/work/csr33/images_for_predictions/naip_tiles/m_2909020_se_15_060_20190707_20191001.tif
/work/csr33/images_for_predictions/naip_tiles/m_2908102_nw_17_060_20211129.tif
/work/csr33/images_for_predictions/naip_tiles/m_3311807_se_11_060_20200505.tif
/work/csr33/images_for_predictions/naip_tiles/m_2809512_se_15_060_20201117.tif
/work/csr33/images_for_predictions/naip_tiles/m_3009264_nw_15_030_20211212.tif
/work/csr33/images_for_predictions/naip_tiles/m_3009258_nw_15_030_20211221.tif
/work/csr33/images_for_predictions/naip_tiles/m_3807645_sw_18_060_20211020.tif
/work/csr33/images_for_predictions/naip_tiles/m_3607533_nw_18_060_20200516.tif
/work/csr33/images_for_predictions/naip_tiles/m_2909128_ne_15_060_20190706_20191001.tif
/work/csr33/images_for_predictions/naip_tiles/m_4406951_sw_19_060_20210827.tif
/work/csr33/images_for_predictions/naip_tiles/m_3008433_nw_16_060_20191120_20200114.tif
/work/csr33/images_for_predictions/naip_tiles/m_2708046_sw_17_060_20191215_20200113.tif
m_4406951_sw_19_060_20210827 300
/work/csr33/images_for_predictions/naip_tiles/m_2608061_ne_17_060_20191203_20200114.tif
m_4207456_ne_18_060_20210920 320
m_3807645_sw_18_060_20211020 320
m_4207116_sw_19_060_20211024 336
m_3008433_nw_16_060_20191120_20200114 340
m_3211715_nw_11_060_20200520 340
m_3311807_se_11_060_20200505 340
m_3607533_nw_18_060_20200516 340
m_2909128_ne_15_060_20190706_20191001 360
m_2909146_sw_15_060_20190830_20191001 360
m_2908102_nw_17_060_20211129 360
m_2809512_se_15_060_20201117 360
m_2809633_se_14_060_20201116 360
m_2909020_se_15_060_20190707_20191001 378
m_2708046_sw_17_060_20191215_20200113 360
m_2608061_ne_17_060_20191203_20200114 360
m_3009258_nw_15_030_20211221 1326
m_3009264_nw_15_030_20211212 1326
339.98020362854004
