load envirionment

/work/csr33/images_for_predictions/naip_tiles/m_3009250_se_15_030_20211221.tif
/work/csr33/images_for_predictions/naip_tiles/m_4007449_nw_18_060_20191014_20191203.tif
/work/csr33/images_for_predictions/naip_tiles/m_3008102_ne_17_060_20191110_20200108.tif
/work/csr33/images_for_predictions/naip_tiles/m_2908909_sw_16_030_20211129.tif
/work/csr33/images_for_predictions/naip_tiles/m_3008612_se_16_060_20191109_20200114.tif
/work/csr33/images_for_predictions/naip_tiles/m_2508052_ne_17_060_20211203.tif
/work/csr33/images_for_predictions/naip_tiles/m_2709712_nw_14_060_20200430.tif
/work/csr33/images_for_predictions/naip_tiles/m_4007302_se_18_060_20211105.tif
/work/csr33/images_for_predictions/naip_tiles/m_3411938_sw_11_060_20200521.tif
/work/csr33/images_for_predictions/naip_tiles/m_3807559_sw_18_060_20210605.tif
/work/csr33/images_for_predictions/naip_tiles/m_2708215_sw_17_060_20211130.tif
/work/csr33/images_for_predictions/naip_tiles/m_2908104_se_17_060_20211129.tif
/work/csr33/images_for_predictions/naip_tiles/m_3907661_ne_18_060_20210606.tif
/work/csr33/images_for_predictions/naip_tiles/m_4007314_sw_18_060_20211103.tif
/work/csr33/images_for_predictions/naip_tiles/m_3807660_nw_18_060_20210912.tif
/work/csr33/images_for_predictions/naip_tiles/m_3807657_nw_18_060_20210910.tif
/work/csr33/images_for_predictions/naip_tiles/m_2609745_se_14_060_20201029.tif
m_4007302_se_18_060_20211105 320
/work/csr33/images_for_predictions/naip_tiles/m_3108104_sw_17_060_20191110_20200102.tif
m_3807559_sw_18_060_20210605 320
m_3907661_ne_18_060_20210606 320
m_4007449_nw_18_060_20191014_20191203 320
m_4007314_sw_18_060_20211103 336
m_3008612_se_16_060_20191109_20200114 340
m_3411938_sw_11_060_20200521 340
m_3807657_nw_18_060_20210910 340
m_3008102_ne_17_060_20191110_20200108 340
m_3807660_nw_18_060_20210912 340
m_2709712_nw_14_060_20200430 360
m_2908104_se_17_060_20211129 360
m_2508052_ne_17_060_20211203 360
m_2708215_sw_17_060_20211130 360
m_3108104_sw_17_060_20191110_20200102 340
m_2609745_se_14_060_20201029 360
m_3009250_se_15_030_20211221 1326
m_2908909_sw_16_030_20211129 1365
353.12928223609924
