load envirionment

/work/csr33/images_for_predictions/naip_tiles/m_2608062_sw_17_060_20191203_20200113.tif
/work/csr33/images_for_predictions/naip_tiles/m_2809602_sw_14_060_20201029.tif
/work/csr33/images_for_predictions/naip_tiles/m_3607706_nw_18_060_20210910.tif
/work/csr33/images_for_predictions/naip_tiles/m_2808238_nw_17_060_20211130.tif
/work/csr33/images_for_predictions/naip_tiles/m_3009054_nw_15_030_20211115.tif
/work/csr33/images_for_predictions/naip_tiles/m_2709723_se_14_060_20200430.tif
/work/csr33/images_for_predictions/naip_tiles/m_4406733_sw_19_060_20210815.tif
/work/csr33/images_for_predictions/naip_tiles/m_4506963_se_19_060_20210816.tif
/work/csr33/images_for_predictions/naip_tiles/m_2708036_ne_17_060_20191215_20200113.tif
/work/csr33/images_for_predictions/naip_tiles/m_2908119_nw_17_060_20211129.tif
/work/csr33/images_for_predictions/naip_tiles/m_3009111_ne_15_030_20211120.tif
/work/csr33/images_for_predictions/naip_tiles/m_2809503_se_15_060_20201117.tif
/work/csr33/images_for_predictions/naip_tiles/m_4406709_sw_19_060_20210815.tif
/work/csr33/images_for_predictions/naip_tiles/m_4207357_nw_18_060_20211105.tif
/work/csr33/images_for_predictions/naip_tiles/m_4506811_nw_19_060_20210816.tif
/work/csr33/images_for_predictions/naip_tiles/m_3311735_nw_11_060_20200424.tif
/work/csr33/images_for_predictions/naip_tiles/m_2508021_sw_17_060_20191126_20200113.tif
m_4406733_sw_19_060_20210815 300
/work/csr33/images_for_predictions/naip_tiles/m_3411860_se_11_060_20200425.tif
m_4506963_se_19_060_20210816 300
m_4506811_nw_19_060_20210816 300
m_4406709_sw_19_060_20210815 300
m_4207357_nw_18_060_20211105 320
m_3311735_nw_11_060_20200424 340
m_3607706_nw_18_060_20210910 340
m_2908119_nw_17_060_20211129 360
m_2708036_ne_17_060_20191215_20200113 360
m_2709723_se_14_060_20200430 360
m_2808238_nw_17_060_20211130 360
m_2608062_sw_17_060_20191203_20200113 360
m_2809503_se_15_060_20201117 360
m_2809602_sw_14_060_20201029 360
m_3411860_se_11_060_20200425 340
m_2508021_sw_17_060_20191126_20200113 360
m_3009054_nw_15_030_20211115 1365
m_3009111_ne_15_030_20211120 1326
364.8178653717041
