load envirionment

/work/csr33/images_for_predictions/naip_tiles/m_4506825_ne_19_060_20210816.tif
/work/csr33/images_for_predictions/naip_tiles/m_3308051_se_17_060_20210501.tif
/work/csr33/images_for_predictions/naip_tiles/m_3907504_sw_18_060_20191019_20191203.tif
/work/csr33/images_for_predictions/naip_tiles/m_3108123_sw_17_060_20211202.tif
/work/csr33/images_for_predictions/naip_tiles/m_3807610_se_18_060_20210617.tif
/work/csr33/images_for_predictions/naip_tiles/m_3108135_sw_17_060_20191110_20200102.tif
/work/csr33/images_for_predictions/naip_tiles/m_2908049_sw_17_060_20211130.tif
/work/csr33/images_for_predictions/naip_tiles/m_3208129_se_17_060_20211202.tif
/work/csr33/images_for_predictions/naip_tiles/m_4007461_ne_18_060_20190730_20191209.tif
/work/csr33/images_for_predictions/naip_tiles/m_3411910_sw_11_060_20200521.tif
/work/csr33/images_for_predictions/naip_tiles/m_3208151_se_17_060_20191109_20200102.tif
/work/csr33/images_for_predictions/naip_tiles/m_3008606_se_16_060_20191109_20200114.tif
/work/csr33/images_for_predictions/naip_tiles/m_3008625_nw_16_060_20191103_20200114.tif
/work/csr33/images_for_predictions/naip_tiles/m_3311661_sw_11_060_20200415.tif
/work/csr33/images_for_predictions/naip_tiles/m_3008111_nw_17_060_20191110_20200108.tif
/work/csr33/images_for_predictions/naip_tiles/m_3108001_sw_17_060_20211202.tif
/work/csr33/images_for_predictions/naip_tiles/m_4007407_sw_18_060_20190917_20191209.tif
m_4506825_ne_19_060_20210816 300
/work/csr33/images_for_predictions/naip_tiles/m_3707716_se_18_060_20210827.tif
m_4007461_ne_18_060_20190730_20191209 320
m_3807610_se_18_060_20210617 320
m_3907504_sw_18_060_20191019_20191203 320
m_3208151_se_17_060_20191109_20200102 340
m_3208129_se_17_060_20211202 340
m_3108135_sw_17_060_20191110_20200102 340
m_3008111_nw_17_060_20191110_20200108 340
m_3108001_sw_17_060_20211202 340
m_3311661_sw_11_060_20200415 340
m_3008625_nw_16_060_20191103_20200114 340
m_3008606_se_16_060_20191109_20200114 340
m_3108123_sw_17_060_20211202 340
m_3411910_sw_11_060_20200521 340
m_3308051_se_17_060_20210501 340
m_2908049_sw_17_060_20211130 360
m_4007407_sw_18_060_20190917_20191209 300
m_3707716_se_18_060_20210827 357
298.3489656448364
