load envirionment

/work/csr33/images_for_predictions/naip_tiles/m_3009213_ne_15_030_20211222.tif
/work/csr33/images_for_predictions/naip_tiles/m_3009045_ne_15_030_20211115.tif
/work/csr33/images_for_predictions/naip_tiles/m_3311605_sw_11_060_20200416.tif
/work/csr33/images_for_predictions/naip_tiles/m_4307131_se_19_060_20211024.tif
/work/csr33/images_for_predictions/naip_tiles/m_3008162_sw_17_060_20211130.tif
/work/csr33/images_for_predictions/naip_tiles/m_4406826_ne_19_060_20210723.tif
/work/csr33/images_for_predictions/naip_tiles/m_2608031_sw_17_060_20191120_20200113.tif
/work/csr33/images_for_predictions/naip_tiles/m_2608047_nw_17_060_20191120_20200113.tif
/work/csr33/images_for_predictions/naip_tiles/m_4506863_sw_19_060_20210920.tif
/work/csr33/images_for_predictions/naip_tiles/m_3807536_ne_18_060_20210624.tif
/work/csr33/images_for_predictions/naip_tiles/m_3009005_ne_15_030_20211115.tif
/work/csr33/images_for_predictions/naip_tiles/m_3607745_se_18_060_20200922.tif
/work/csr33/images_for_predictions/naip_tiles/m_3407856_nw_17_060_20200904.tif
/work/csr33/images_for_predictions/naip_tiles/m_4007407_ne_18_060_20190917_20191209.tif
/work/csr33/images_for_predictions/naip_tiles/m_3008356_se_17_060_20211116.tif
/work/csr33/images_for_predictions/naip_tiles/m_3412027_ne_10_1_20140926_20150115.tif
/work/csr33/images_for_predictions/naip_tiles/m_3009556_nw_15_060_20201118.tif
m_3412027_ne_10_1_20140926_20150115 132
/work/csr33/images_for_predictions/naip_tiles/m_2909505_ne_15_060_20201118.tif
m_4506863_sw_19_060_20210920 300
m_4406826_ne_19_060_20210723 300
m_4007407_ne_18_060_20190917_20191209 300
m_3807536_ne_18_060_20210624 320
m_4307131_se_19_060_20211024 336
m_3311605_sw_11_060_20200416 340
m_3607745_se_18_060_20200922 357
m_2608047_nw_17_060_20191120_20200113 360
m_3008162_sw_17_060_20211130 360
m_2608031_sw_17_060_20191120_20200113 360
m_3407856_nw_17_060_20200904 360
m_3008356_se_17_060_20211116 378
m_3009556_nw_15_060_20201118 360
m_2909505_ne_15_060_20201118 360
m_3009213_ne_15_030_20211222 1326
m_3009005_ne_15_030_20211115 1365
m_3009045_ne_15_030_20211115 1365
1003.3756084442139
