load envirionment

/work/csr33/images_for_predictions/naip_tiles/m_3108839_sw_16_030_20211123.tif
/work/csr33/images_for_predictions/naip_tiles/m_4007318_se_18_060_20211001.tif
/work/csr33/images_for_predictions/naip_tiles/m_2908261_se_17_060_20211129.tif
/work/csr33/images_for_predictions/naip_tiles/m_3907418_ne_18_060_20190730_20191209.tif
/work/csr33/images_for_predictions/naip_tiles/m_3707626_se_18_060_20210827.tif
/work/csr33/images_for_predictions/naip_tiles/m_3707763_nw_18_060_20210827.tif
/work/csr33/images_for_predictions/naip_tiles/m_4307006_ne_19_060_20210722.tif
/work/csr33/images_for_predictions/naip_tiles/m_4506729_nw_19_060_20210831.tif
/work/csr33/images_for_predictions/naip_tiles/m_2708133_se_17_060_20211202.tif
/work/csr33/images_for_predictions/naip_tiles/m_2508043_ne_17_060_20211203.tif
/work/csr33/images_for_predictions/naip_tiles/m_4606859_ne_19_060_20210817.tif
/work/csr33/images_for_predictions/naip_tiles/m_3009231_nw_15_030_20211212.tif
/work/csr33/images_for_predictions/naip_tiles/m_3807506_se_18_060_20210624.tif
/work/csr33/images_for_predictions/naip_tiles/m_3108845_sw_16_030_20211123.tif
/work/csr33/images_for_predictions/naip_tiles/m_3009148_nw_15_030_20211119.tif
/work/csr33/images_for_predictions/naip_tiles/m_2708135_nw_17_060_20191129_20200113.tif
/work/csr33/images_for_predictions/naip_tiles/m_4406961_se_19_060_20210904.tif
m_4506729_nw_19_060_20210831 300
/work/csr33/images_for_predictions/naip_tiles/m_2909122_ne_15_060_20190707_20191001.tif
m_4606859_ne_19_060_20210817 300
m_4307006_ne_19_060_20210722 300
m_3907418_ne_18_060_20190730_20191209 320
m_3807506_se_18_060_20210624 320
m_4007318_se_18_060_20211001 320
m_2708135_nw_17_060_20191129_20200113 360
m_3707763_nw_18_060_20210827 340
m_3707626_se_18_060_20210827 357
m_2508043_ne_17_060_20211203 360
m_2908261_se_17_060_20211129 360
m_2708133_se_17_060_20211202 360
m_4406961_se_19_060_20210904 300
m_2909122_ne_15_060_20190707_20191001 360
m_3009231_nw_15_030_20211212 1326
m_3009148_nw_15_030_20211119 1326
m_3108845_sw_16_030_20211123 1400
m_3108839_sw_16_030_20211123 1400
715.6462230682373
