load envirionment

/work/csr33/images_for_predictions/naip_tiles/m_4107045_nw_19_060_20210904.tif
/work/csr33/images_for_predictions/naip_tiles/m_3008128_nw_17_060_20211129.tif
/work/csr33/images_for_predictions/naip_tiles/m_3907444_sw_18_060_20190730_20191209.tif
/work/csr33/images_for_predictions/naip_tiles/m_3009459_sw_15_060_20201112.tif
/work/csr33/images_for_predictions/naip_tiles/m_3907515_se_18_060_20190726_20191209.tif
/work/csr33/images_for_predictions/naip_tiles/m_3009247_se_15_030_20211212.tif
/work/csr33/images_for_predictions/naip_tiles/m_4106901_sw_19_060_20210826.tif
/work/csr33/images_for_predictions/naip_tiles/m_3009360_nw_15_060_20190726_20191001.tif
/work/csr33/images_for_predictions/naip_tiles/m_2609726_nw_14_060_20201001.tif
/work/csr33/images_for_predictions/naip_tiles/m_3108760_nw_16_030_20211115.tif
/work/csr33/images_for_predictions/naip_tiles/m_3009332_se_15_060_20190905_20191001.tif
/work/csr33/images_for_predictions/naip_tiles/m_3807737_sw_18_060_20210903.tif
/work/csr33/images_for_predictions/naip_tiles/m_2909421_se_15_060_20201112.tif
/work/csr33/images_for_predictions/naip_tiles/m_3108759_se_16_030_20211115.tif
/work/csr33/images_for_predictions/naip_tiles/m_2808221_sw_17_060_20211130.tif
/work/csr33/images_for_predictions/naip_tiles/m_4007414_nw_18_060_20190830_20191209.tif
/work/csr33/images_for_predictions/naip_tiles/m_2709741_se_14_060_20200501.tif
m_4007414_nw_18_060_20190830_20191209 300
/work/csr33/images_for_predictions/naip_tiles/m_4207341_nw_18_060_20210920.tif
m_4106901_sw_19_060_20210826 320
m_3907515_se_18_060_20190726_20191209 320
m_3907444_sw_18_060_20190730_20191209 320
m_4107045_nw_19_060_20210904 320
m_3807737_sw_18_060_20210903 357
m_2909421_se_15_060_20201112 360
m_3009459_sw_15_060_20201112 360
m_3009360_nw_15_060_20190726_20191001 360
m_3008128_nw_17_060_20211129 360
m_3009332_se_15_060_20190905_20191001 360
m_2808221_sw_17_060_20211130 360
m_2609726_nw_14_060_20201001 360
m_4207341_nw_18_060_20210920 320
m_2709741_se_14_060_20200501 360
m_3009247_se_15_030_20211212 1326
m_3108760_nw_16_030_20211115 1400
m_3108759_se_16_030_20211115 1400
883.3497314453125
