load envirionment

/work/csr33/images_for_predictions/naip_tiles/m_3008451_ne_16_060_20191128_20200114.tif
/work/csr33/images_for_predictions/naip_tiles/m_4506758_sw_19_060_20210815.tif
/work/csr33/images_for_predictions/naip_tiles/m_2909309_se_15_060_20201102.tif
/work/csr33/images_for_predictions/naip_tiles/m_3009033_sw_15_030_20211119.tif
/work/csr33/images_for_predictions/naip_tiles/m_4307132_se_19_060_20211024.tif
/work/csr33/images_for_predictions/naip_tiles/m_3008361_se_17_060_20211130.tif
/work/csr33/images_for_predictions/naip_tiles/m_3108838_se_16_030_20211123.tif
/work/csr33/images_for_predictions/naip_tiles/m_3009449_se_15_060_20201112.tif
/work/csr33/images_for_predictions/naip_tiles/m_2909415_sw_15_060_20201112.tif
/work/csr33/images_for_predictions/naip_tiles/m_3907561_sw_18_060_20211019.tif
/work/csr33/images_for_predictions/naip_tiles/m_3208108_ne_17_060_20210426.tif
/work/csr33/images_for_predictions/naip_tiles/m_3507658_ne_18_060_20201031.tif
/work/csr33/images_for_predictions/naip_tiles/m_2909003_sw_15_060_20190707_20191001.tif
/work/csr33/images_for_predictions/naip_tiles/m_4307023_ne_19_060_20211007.tif
/work/csr33/images_for_predictions/naip_tiles/m_4207453_sw_18_060_20211110.tif
/work/csr33/images_for_predictions/naip_tiles/m_4207358_se_18_060_20211105.tif
/work/csr33/images_for_predictions/naip_tiles/m_3807632_sw_18_060_20210623.tif
m_4307023_ne_19_060_20211007 300
/work/csr33/images_for_predictions/naip_tiles/m_4007448_ne_18_060_20190809_20191209.tif
m_4506758_sw_19_060_20210815 300
m_4207358_se_18_060_20211105 320
m_4207453_sw_18_060_20211110 320
m_3907561_sw_18_060_20211019 320
m_4307132_se_19_060_20211024 336
m_2909309_se_15_060_20201102 340
m_3507658_ne_18_060_20201031 340
m_2909415_sw_15_060_20201112 340
m_3208108_ne_17_060_20210426 340
m_3009449_se_15_060_20201112 360
m_3008451_ne_16_060_20191128_20200114 360
m_3008361_se_17_060_20211130 378
m_2909003_sw_15_060_20190707_20191001 378
m_3807632_sw_18_060_20210623 320
m_4007448_ne_18_060_20190809_20191209 320
m_3009033_sw_15_030_20211119 1365
m_3108838_se_16_030_20211123 1400
1337.6737098693848
