load envirionment

/work/csr33/images_for_predictions/naip_tiles/m_4307014_ne_19_060_20210722.tif
/work/csr33/images_for_predictions/naip_tiles/m_3008326_ne_17_060_20191113_20200114.tif
/work/csr33/images_for_predictions/naip_tiles/m_4007434_ne_18_060_20190917_20191209.tif
/work/csr33/images_for_predictions/naip_tiles/m_3807534_nw_18_060_20210618.tif
/work/csr33/images_for_predictions/naip_tiles/m_2809615_sw_14_060_20201029.tif
/work/csr33/images_for_predictions/naip_tiles/m_3607723_nw_18_060_20210903.tif
/work/csr33/images_for_predictions/naip_tiles/m_3707730_nw_18_060_20210912.tif
/work/csr33/images_for_predictions/naip_tiles/m_3907405_ne_18_060_20190730_20191209.tif
/work/csr33/images_for_predictions/naip_tiles/m_2909019_sw_15_060_20190707_20191001.tif
/work/csr33/images_for_predictions/naip_tiles/m_3807614_ne_18_060_20211020.tif
/work/csr33/images_for_predictions/naip_tiles/m_3407603_se_18_060_20201031.tif
/work/csr33/images_for_predictions/naip_tiles/m_2608104_ne_17_060_20191129_20200113.tif
/work/csr33/images_for_predictions/naip_tiles/m_2909111_sw_15_060_20190706_20191001.tif
/work/csr33/images_for_predictions/naip_tiles/m_3907433_sw_18_060_20190726_20191209.tif
/work/csr33/images_for_predictions/naip_tiles/m_4007407_nw_18_060_20190917_20191209.tif
/work/csr33/images_for_predictions/naip_tiles/m_3507509_nw_18_060_20200516.tif
/work/csr33/images_for_predictions/naip_tiles/m_2808017_se_17_060_20191202_20200113.tif
m_4007407_nw_18_060_20190917_20191209 300
/work/csr33/images_for_predictions/naip_tiles/m_4207130_ne_19_060_20211024.tif
m_4307014_ne_19_060_20210722 300
m_4007434_ne_18_060_20190917_20191209 300
m_3807614_ne_18_060_20211020 320
m_3907405_ne_18_060_20190730_20191209 320
m_3907433_sw_18_060_20190726_20191209 320
m_3807534_nw_18_060_20210618 320
m_3607723_nw_18_060_20210903 340
m_3707730_nw_18_060_20210912 340
m_3507509_nw_18_060_20200516 340
m_3407603_se_18_060_20201031 357
m_2608104_ne_17_060_20191129_20200113 360
m_2809615_sw_14_060_20201029 360
m_3008326_ne_17_060_20191113_20200114 360
m_2909111_sw_15_060_20190706_20191001 360
m_2909019_sw_15_060_20190707_20191001 378
m_2808017_se_17_060_20191202_20200113 340
m_4207130_ne_19_060_20211024 320
227.87063765525818
