load envirionment

/work/csr33/images_for_predictions/naip_tiles/m_3707651_sw_18_060_20210827.tif
/work/csr33/images_for_predictions/naip_tiles/m_3008640_se_16_060_20191109_20200114.tif
/work/csr33/images_for_predictions/naip_tiles/m_3807606_ne_18_060_20211020.tif
/work/csr33/images_for_predictions/naip_tiles/m_4506760_ne_19_060_20210723.tif
/work/csr33/images_for_predictions/naip_tiles/m_2909659_ne_14_060_20201106.tif
/work/csr33/images_for_predictions/naip_tiles/m_3807739_sw_18_060_20210617.tif
/work/csr33/images_for_predictions/naip_tiles/m_4506956_se_19_060_20210816.tif
/work/csr33/images_for_predictions/naip_tiles/m_3507626_ne_18_060_20201018.tif
/work/csr33/images_for_predictions/naip_tiles/m_3108762_sw_16_030_20211115.tif
/work/csr33/images_for_predictions/naip_tiles/m_3607613_sw_18_060_20210926.tif
/work/csr33/images_for_predictions/naip_tiles/m_3009344_sw_15_060_20190901_20191001.tif
/work/csr33/images_for_predictions/naip_tiles/m_4207144_se_19_060_20210826.tif
/work/csr33/images_for_predictions/naip_tiles/m_2609703_ne_14_060_20200501.tif
/work/csr33/images_for_predictions/naip_tiles/m_4406949_ne_19_060_20210827.tif
/work/csr33/images_for_predictions/naip_tiles/m_2508050_se_17_060_20211203.tif
/work/csr33/images_for_predictions/naip_tiles/m_3707738_sw_18_060_20210912.tif
/work/csr33/images_for_predictions/naip_tiles/m_3108117_ne_17_060_20191110_20200102.tif
m_4506760_ne_19_060_20210723 300
/work/csr33/images_for_predictions/naip_tiles/m_3008614_se_16_060_20191109_20200114.tif
m_4406949_ne_19_060_20210827 300
m_4506956_se_19_060_20210816 300
m_3807606_ne_18_060_20211020 320
m_3807739_sw_18_060_20210617 320
m_3607613_sw_18_060_20210926 340
m_4207144_se_19_060_20210826 336
m_3507626_ne_18_060_20201018 340
m_2909659_ne_14_060_20201106 360
m_3008640_se_16_060_20191109_20200114 340
m_3707651_sw_18_060_20210827 357
m_2508050_se_17_060_20211203 360
m_3707738_sw_18_060_20210912 357
m_3009344_sw_15_060_20190901_20191001 360
m_2609703_ne_14_060_20200501 360
m_3008614_se_16_060_20191109_20200114 340
m_3108117_ne_17_060_20191110_20200102 340
m_3108762_sw_16_030_20211115 1400
276.8538658618927
