load envirionment

/work/csr33/images_for_predictions/naip_tiles/m_3311714_ne_11_060_20200423.tif
/work/csr33/images_for_predictions/naip_tiles/m_2909213_ne_15_060_20190706_20191001.tif
/work/csr33/images_for_predictions/naip_tiles/m_3008720_se_16_030_20211119.tif
/work/csr33/images_for_predictions/naip_tiles/m_3008350_sw_17_060_20191117_20200114.tif
/work/csr33/images_for_predictions/naip_tiles/m_3009435_se_15_060_20201112.tif
/work/csr33/images_for_predictions/naip_tiles/m_4506964_sw_19_060_20210816.tif
/work/csr33/images_for_predictions/naip_tiles/m_3607624_se_18_060_20210913.tif
/work/csr33/images_for_predictions/naip_tiles/m_2908251_sw_17_060_20211129.tif
/work/csr33/images_for_predictions/naip_tiles/m_4207027_ne_19_060_20210904.tif
/work/csr33/images_for_predictions/naip_tiles/m_4207146_sw_19_060_20210826.tif
/work/csr33/images_for_predictions/naip_tiles/m_4007211_se_18_060_20211001.tif
/work/csr33/images_for_predictions/naip_tiles/m_4107351_sw_18_060_20211105.tif
/work/csr33/images_for_predictions/naip_tiles/m_3807740_nw_18_060_20210617.tif
/work/csr33/images_for_predictions/naip_tiles/m_3009158_sw_15_030_20211113.tif
/work/csr33/images_for_predictions/naip_tiles/m_4107429_se_18_060_20190917_20191209.tif
/work/csr33/images_for_predictions/naip_tiles/m_2909303_nw_15_060_20190726_20191001.tif
/work/csr33/images_for_predictions/naip_tiles/m_2808239_nw_17_060_20211130.tif
m_4107429_se_18_060_20190917_20191209 300
/work/csr33/images_for_predictions/naip_tiles/m_4007309_sw_18_060_20211105.tif
m_4506964_sw_19_060_20210816 300
m_3807740_nw_18_060_20210617 320
m_4207027_ne_19_060_20210904 320
m_4107351_sw_18_060_20211105 320
m_4007211_se_18_060_20211001 336
m_4207146_sw_19_060_20210826 336
m_3009435_se_15_060_20201112 340
m_3311714_ne_11_060_20200423 340
m_3607624_se_18_060_20210913 340
m_2909213_ne_15_060_20190706_20191001 360
m_2909303_nw_15_060_20190726_20191001 360
m_3008350_sw_17_060_20191117_20200114 360
m_2908251_sw_17_060_20211129 360
m_4007309_sw_18_060_20211105 320
m_2808239_nw_17_060_20211130 360
m_3009158_sw_15_030_20211113 1326
m_3008720_se_16_030_20211119 1400
567.400541305542
