load envirionment

/work/csr33/images_for_predictions/naip_tiles/m_3208027_sw_17_060_20210426.tif
/work/csr33/images_for_predictions/naip_tiles/m_4107440_ne_18_060_20211105.tif
/work/csr33/images_for_predictions/naip_tiles/m_3412030_se_10_060_20200523.tif
/work/csr33/images_for_predictions/naip_tiles/m_2909434_se_15_060_20201116.tif
/work/csr33/images_for_predictions/naip_tiles/m_3009059_se_15_060_20190831_20191001.tif
/work/csr33/images_for_predictions/naip_tiles/m_3512063_ne_10_060_20200522.tif
/work/csr33/images_for_predictions/naip_tiles/m_3008746_nw_16_060_20191103_20200114.tif
/work/csr33/images_for_predictions/naip_tiles/m_2809501_nw_15_060_20201029.tif
/work/csr33/images_for_predictions/naip_tiles/m_2708202_ne_17_060_20211201.tif
/work/csr33/images_for_predictions/naip_tiles/m_3807746_se_18_060_20210630.tif
/work/csr33/images_for_predictions/naip_tiles/m_3707525_nw_18_060_20211017.tif
/work/csr33/images_for_predictions/naip_tiles/m_3507748_sw_18_060_20201031.tif
/work/csr33/images_for_predictions/naip_tiles/m_3707629_ne_18_060_20210926.tif
/work/csr33/images_for_predictions/naip_tiles/m_2508008_nw_17_060_20191120_20200113.tif
/work/csr33/images_for_predictions/naip_tiles/m_3407964_nw_17_060_20210513.tif
/work/csr33/images_for_predictions/naip_tiles/m_3807521_sw_18_060_20211019.tif
/work/csr33/images_for_predictions/naip_tiles/m_2708203_ne_17_060_20211130.tif
m_4107440_ne_18_060_20211105 320
/work/csr33/images_for_predictions/naip_tiles/m_3607633_nw_18_060_20200922.tif
m_3807521_sw_18_060_20211019 320
m_3412030_se_10_060_20200523 340
m_3707629_ne_18_060_20210926 340
m_3707525_nw_18_060_20211017 340
m_3512063_ne_10_060_20200522 340
m_3208027_sw_17_060_20210426 340
m_3008746_nw_16_060_20191103_20200114 340
m_3407964_nw_17_060_20210513 340
m_2909434_se_15_060_20201116 360
m_3807746_se_18_060_20210630 357
m_2508008_nw_17_060_20191120_20200113 360
m_3507748_sw_18_060_20201031 357
m_2708202_ne_17_060_20211201 360
m_2809501_nw_15_060_20201029 360
m_3009059_se_15_060_20190831_20191001 378
m_2708203_ne_17_060_20211130 360
m_3607633_nw_18_060_20200922 340
231.63041710853577
