load envirionment

/work/csr33/images_for_predictions/naip_tiles/m_3108106_se_17_060_20191110_20200102.tif
/work/csr33/images_for_predictions/naip_tiles/m_2908245_se_17_060_20211129.tif
/work/csr33/images_for_predictions/naip_tiles/m_3008345_se_17_060_20211130.tif
/work/csr33/images_for_predictions/naip_tiles/m_3907516_nw_18_060_20190726_20191209.tif
/work/csr33/images_for_predictions/naip_tiles/m_2909027_se_15_030_20211130.tif
/work/csr33/images_for_predictions/naip_tiles/m_2808251_nw_17_060_20211130.tif
/work/csr33/images_for_predictions/naip_tiles/m_3009227_se_15_060_20190905_20191001.tif
/work/csr33/images_for_predictions/naip_tiles/m_3008110_sw_17_060_20211129.tif
/work/csr33/images_for_predictions/naip_tiles/m_2909547_sw_15_060_20201116.tif
/work/csr33/images_for_predictions/naip_tiles/m_4107437_se_18_060_20190917_20191209.tif
/work/csr33/images_for_predictions/naip_tiles/m_3008529_sw_16_060_20191118_20200114.tif
/work/csr33/images_for_predictions/naip_tiles/m_3407954_nw_17_060_20210508.tif
/work/csr33/images_for_predictions/naip_tiles/m_2908903_nw_16_030_20211129.tif
/work/csr33/images_for_predictions/naip_tiles/m_2708235_ne_17_060_20211130.tif
/work/csr33/images_for_predictions/naip_tiles/m_3307937_ne_17_060_20210501.tif
/work/csr33/images_for_predictions/naip_tiles/m_2909412_sw_15_060_20201112.tif
/work/csr33/images_for_predictions/naip_tiles/m_4307008_se_19_060_20211006.tif
m_3108106_se_17_060_20191110_20200102 340
/work/csr33/images_for_predictions/naip_tiles/m_4406930_nw_19_060_20210904.tif
m_3907516_nw_18_060_20190726_20191209 300
m_4107437_se_18_060_20190917_20191209 300
m_3407954_nw_17_060_20210508 340
m_3307937_ne_17_060_20210501 340
m_2808251_nw_17_060_20211130 360
m_3008529_sw_16_060_20191118_20200114 340
m_3008110_sw_17_060_20211129 360
m_3009227_se_15_060_20190905_20191001 360
m_2909547_sw_15_060_20201116 360
m_2909412_sw_15_060_20201112 360
m_2708235_ne_17_060_20211130 360
m_3008345_se_17_060_20211130 378
m_2908245_se_17_060_20211129 360
m_4307008_se_19_060_20211006 300
m_4406930_nw_19_060_20210904 300
m_2909027_se_15_030_20211130 1365
m_2908903_nw_16_030_20211129 1365
713.7973074913025
