load envirionment

/work/csr33/images_for_predictions/naip_tiles/m_2609722_sw_14_060_20201029.tif
/work/csr33/images_for_predictions/naip_tiles/m_4307050_sw_19_060_20211007.tif
/work/csr33/images_for_predictions/naip_tiles/m_4307012_sw_19_060_20211007.tif
/work/csr33/images_for_predictions/naip_tiles/m_3411851_nw_11_060_20200522.tif
/work/csr33/images_for_predictions/naip_tiles/m_2709734_sw_14_060_20200501.tif
/work/csr33/images_for_predictions/naip_tiles/m_3208021_ne_17_060_20210426.tif
/work/csr33/images_for_predictions/naip_tiles/m_3008609_nw_16_060_20191103_20200114.tif
/work/csr33/images_for_predictions/naip_tiles/m_3311627_se_11_060_20200415.tif
/work/csr33/images_for_predictions/naip_tiles/m_2508015_ne_17_060_20191120_20200113.tif
/work/csr33/images_for_predictions/naip_tiles/m_4107114_nw_19_060_20210826.tif
/work/csr33/images_for_predictions/naip_tiles/m_2908935_nw_16_030_20211202.tif
/work/csr33/images_for_predictions/naip_tiles/m_3211616_sw_11_060_20200420.tif
/work/csr33/images_for_predictions/naip_tiles/m_2609739_sw_14_060_20201029.tif
/work/csr33/images_for_predictions/naip_tiles/m_3907507_ne_18_060_20191015_20191203.tif
/work/csr33/images_for_predictions/naip_tiles/m_4506753_ne_19_060_20210723.tif
/work/csr33/images_for_predictions/naip_tiles/m_3008548_ne_16_060_20191120_20200114.tif
/work/csr33/images_for_predictions/naip_tiles/m_3507664_ne_18_060_20201018.tif
m_4506753_ne_19_060_20210723 300
/work/csr33/images_for_predictions/naip_tiles/m_3307908_nw_17_060_20210501.tif
m_4107114_nw_19_060_20210826 320
m_3907507_ne_18_060_20191015_20191203 320
m_4307050_sw_19_060_20211007 336
m_3208021_ne_17_060_20210426 340
m_4307012_sw_19_060_20211007 336
m_3008609_nw_16_060_20191103_20200114 340
m_3211616_sw_11_060_20200420 340
m_3008548_ne_16_060_20191120_20200114 340
m_3411851_nw_11_060_20200522 340
m_3311627_se_11_060_20200415 340
m_2709734_sw_14_060_20200501 360
m_2609739_sw_14_060_20201029 360
m_2609722_sw_14_060_20201029 360
m_2508015_ne_17_060_20191120_20200113 360
m_3507664_ne_18_060_20201018 340
m_3307908_nw_17_060_20210501 340
m_2908935_nw_16_030_20211202 1365
498.3095872402191
