load envirionment

/work/csr33/images_for_predictions/naip_tiles/m_3009328_sw_15_060_20190905_20191001.tif
/work/csr33/images_for_predictions/naip_tiles/m_2808213_ne_17_060_20211130.tif
/work/csr33/images_for_predictions/naip_tiles/m_3008214_sw_17_060_20191110_20200108.tif
/work/csr33/images_for_predictions/naip_tiles/m_3807661_ne_18_060_20211020.tif
/work/csr33/images_for_predictions/naip_tiles/m_3311732_ne_11_060_20200422.tif
/work/csr33/images_for_predictions/naip_tiles/m_2908936_nw_16_030_20211202.tif
/work/csr33/images_for_predictions/naip_tiles/m_3607748_ne_18_060_20200922.tif
/work/csr33/images_for_predictions/naip_tiles/m_3807601_nw_18_060_20210617.tif
/work/csr33/images_for_predictions/naip_tiles/m_3008846_ne_16_030_20211113.tif
/work/csr33/images_for_predictions/naip_tiles/m_3807634_nw_18_060_20210617.tif
/work/csr33/images_for_predictions/naip_tiles/m_3807528_sw_18_060_20211019.tif
/work/csr33/images_for_predictions/naip_tiles/m_3907560_ne_18_060_20210624.tif
/work/csr33/images_for_predictions/naip_tiles/m_3009325_se_15_060_20201102.tif
/work/csr33/images_for_predictions/naip_tiles/m_4107128_ne_19_060_20210826.tif
/work/csr33/images_for_predictions/naip_tiles/m_2508046_ne_17_060_20191126_20200113.tif
/work/csr33/images_for_predictions/naip_tiles/m_2909110_ne_15_060_20190706_20191001.tif
/work/csr33/images_for_predictions/naip_tiles/m_3907449_sw_18_060_20190730_20191209.tif
m_4107128_ne_19_060_20210826 320
/work/csr33/images_for_predictions/naip_tiles/m_3009237_ne_15_030_20211222.tif
m_3607748_ne_18_060_20200922 340
m_3907560_ne_18_060_20210624 320
m_3807601_nw_18_060_20210617 320
m_3807661_ne_18_060_20211020 320
m_3807528_sw_18_060_20211019 320
m_3807634_nw_18_060_20210617 320
m_3009325_se_15_060_20201102 340
m_3311732_ne_11_060_20200422 340
m_3008214_sw_17_060_20191110_20200108 340
m_2508046_ne_17_060_20191126_20200113 360
m_2909110_ne_15_060_20190706_20191001 360
m_3009328_sw_15_060_20190905_20191001 360
m_2808213_ne_17_060_20211130 360
m_3907449_sw_18_060_20190730_20191209 320
m_2908936_nw_16_030_20211202 1365
m_3008846_ne_16_030_20211113 1400
m_3009237_ne_15_030_20211222 1326
642.669047832489
