load envirionment

/work/csr33/images_for_predictions/naip_tiles/m_3108859_sw_16_030_20211123.tif
/work/csr33/images_for_predictions/naip_tiles/m_2909650_se_14_060_20201031.tif
/work/csr33/images_for_predictions/naip_tiles/m_2708125_sw_17_060_20211202.tif
/work/csr33/images_for_predictions/naip_tiles/m_4106909_sw_19_060_20210826.tif
/work/csr33/images_for_predictions/naip_tiles/m_4207424_se_18_060_20210920.tif
/work/csr33/images_for_predictions/naip_tiles/m_4207119_ne_19_060_20211105.tif
/work/csr33/images_for_predictions/naip_tiles/m_3412016_ne_10_060_20200522.tif
/work/csr33/images_for_predictions/naip_tiles/m_3008459_se_16_060_20191128_20200114.tif
/work/csr33/images_for_predictions/naip_tiles/m_3907425_ne_18_060_20190830_20191209.tif
/work/csr33/images_for_predictions/naip_tiles/m_3807723_sw_18_060_20210630.tif
/work/csr33/images_for_predictions/naip_tiles/m_3607738_ne_18_060_20200922.tif
/work/csr33/images_for_predictions/naip_tiles/m_3707746_se_18_060_20210903.tif
/work/csr33/images_for_predictions/naip_tiles/m_4406847_nw_19_060_20210920.tif
/work/csr33/images_for_predictions/naip_tiles/m_4107018_ne_19_060_20210904.tif
/work/csr33/images_for_predictions/naip_tiles/m_3907421_nw_18_060_20190730_20191209.tif
/work/csr33/images_for_predictions/naip_tiles/m_2708061_se_17_060_20191215_20200113.tif
/work/csr33/images_for_predictions/naip_tiles/m_3307949_sw_17_060_20210508.tif
m_4406847_nw_19_060_20210920 300
/work/csr33/images_for_predictions/naip_tiles/m_3807512_ne_18_060_20210624.tif
m_4207119_ne_19_060_20211105 320
m_4106909_sw_19_060_20210826 320
m_4207424_se_18_060_20210920 320
m_4107018_ne_19_060_20210904 320
m_3907421_nw_18_060_20190730_20191209 320
m_3907425_ne_18_060_20190830_20191209 320
m_3607738_ne_18_060_20200922 340
m_3412016_ne_10_060_20200522 340
m_2708125_sw_17_060_20211202 360
m_2909650_se_14_060_20201031 360
m_3807723_sw_18_060_20210630 357
m_2708061_se_17_060_20191215_20200113 360
m_3707746_se_18_060_20210903 357
m_3008459_se_16_060_20191128_20200114 360
m_3807512_ne_18_060_20210624 320
m_3307949_sw_17_060_20210508 340
m_3108859_sw_16_030_20211123 1440
458.06727361679077
