load envirionment

/work/csr33/images_for_predictions/naip_tiles/m_3008258_sw_17_060_20211117.tif
/work/csr33/images_for_predictions/naip_tiles/m_4406830_ne_19_060_20210919.tif
/work/csr33/images_for_predictions/naip_tiles/m_3008347_nw_17_060_20211130.tif
/work/csr33/images_for_predictions/naip_tiles/m_3407952_ne_17_060_20210508.tif
/work/csr33/images_for_predictions/naip_tiles/m_3108816_se_16_030_20211120.tif
/work/csr33/images_for_predictions/naip_tiles/m_3008328_nw_17_060_20191113_20200114.tif
/work/csr33/images_for_predictions/naip_tiles/m_2909307_sw_15_060_20190706_20191001.tif
/work/csr33/images_for_predictions/naip_tiles/m_2709725_ne_14_060_20200501.tif
/work/csr33/images_for_predictions/naip_tiles/m_3211610_sw_11_060_20200425.tif
/work/csr33/images_for_predictions/naip_tiles/m_3907623_ne_18_060_20211020.tif
/work/csr33/images_for_predictions/naip_tiles/m_4107119_nw_19_060_20210926.tif
/work/csr33/images_for_predictions/naip_tiles/m_3008440_ne_16_060_20191205_20200114.tif
/work/csr33/images_for_predictions/naip_tiles/m_2909230_ne_15_060_20190706_20191001.tif
/work/csr33/images_for_predictions/naip_tiles/m_3307912_sw_17_060_20210501.tif
/work/csr33/images_for_predictions/naip_tiles/m_3008111_se_17_060_20211129.tif
/work/csr33/images_for_predictions/naip_tiles/m_4407056_ne_19_060_20210827.tif
/work/csr33/images_for_predictions/naip_tiles/m_2708219_nw_17_060_20211201.tif
m_4407056_ne_19_060_20210827 300
/work/csr33/images_for_predictions/naip_tiles/m_4506847_ne_19_060_20210911.tif
m_4406830_ne_19_060_20210919 300
m_4107119_nw_19_060_20210926 320
m_3907623_ne_18_060_20211020 320
m_3407952_ne_17_060_20210508 340
m_3307912_sw_17_060_20210501 340
m_3211610_sw_11_060_20200425 340
m_2909307_sw_15_060_20190706_20191001 360
m_3008347_nw_17_060_20211130 360
m_3008440_ne_16_060_20191205_20200114 360
m_3008111_se_17_060_20211129 360
m_2709725_ne_14_060_20200501 360
m_2909230_ne_15_060_20190706_20191001 360
m_3008328_nw_17_060_20191113_20200114 360
m_3008258_sw_17_060_20211117 378
m_4506847_ne_19_060_20210911 300
m_2708219_nw_17_060_20211201 360
m_3108816_se_16_030_20211120 1400
509.362900018692
