load envirionment

/work/csr33/images_for_predictions/naip_tiles/m_3807638_ne_18_060_20211020.tif
/work/csr33/images_for_predictions/naip_tiles/m_3707638_se_18_060_20210926.tif
/work/csr33/images_for_predictions/naip_tiles/m_3008614_ne_16_060_20191109_20200114.tif
/work/csr33/images_for_predictions/naip_tiles/m_2708210_ne_17_060_20211201.tif
/work/csr33/images_for_predictions/naip_tiles/m_3208164_se_17_060_20211202.tif
/work/csr33/images_for_predictions/naip_tiles/m_4307044_ne_19_060_20211007.tif
/work/csr33/images_for_predictions/naip_tiles/m_4506727_nw_19_060_20210815.tif
/work/csr33/images_for_predictions/naip_tiles/m_3009314_sw_15_060_20190904_20191001.tif
/work/csr33/images_for_predictions/naip_tiles/m_3208138_sw_17_060_20191109_20200102.tif
/work/csr33/images_for_predictions/naip_tiles/m_2709721_nw_14_060_20200430.tif
/work/csr33/images_for_predictions/naip_tiles/m_3907402_ne_18_060_20190830_20191209.tif
/work/csr33/images_for_predictions/naip_tiles/m_4007443_nw_18_060_20190730_20191209.tif
/work/csr33/images_for_predictions/naip_tiles/m_3411901_sw_11_060_20200525.tif
/work/csr33/images_for_predictions/naip_tiles/m_3108733_nw_16_030_20211115.tif
/work/csr33/images_for_predictions/naip_tiles/m_3108829_se_16_030_20211123.tif
/work/csr33/images_for_predictions/naip_tiles/m_3211620_nw_11_060_20200415.tif
/work/csr33/images_for_predictions/naip_tiles/m_3311745_sw_11_060_20200520.tif
m_3907402_ne_18_060_20190830_20191209 300
/work/csr33/images_for_predictions/naip_tiles/m_4406926_se_19_060_20210827.tif
m_4506727_nw_19_060_20210815 300
m_4307044_ne_19_060_20211007 300
m_4007443_nw_18_060_20190730_20191209 300
m_3807638_ne_18_060_20211020 320
m_3008614_ne_16_060_20191109_20200114 340
m_3211620_nw_11_060_20200415 340
m_3411901_sw_11_060_20200525 340
m_3707638_se_18_060_20210926 340
m_3208164_se_17_060_20211202 340
m_3208138_sw_17_060_20191109_20200102 340
m_2709721_nw_14_060_20200430 360
m_2708210_ne_17_060_20211201 360
m_3009314_sw_15_060_20190904_20191001 360
m_4406926_se_19_060_20210827 300
m_3311745_sw_11_060_20200520 340
m_3108829_se_16_030_20211123 1400
m_3108733_nw_16_030_20211115 1400
638.3305723667145
