load envirionment

/work/csr33/images_for_predictions/naip_tiles/m_4107310_se_18_060_20211105.tif
/work/csr33/images_for_predictions/naip_tiles/m_3008628_ne_16_060_20191109_20200114.tif
/work/csr33/images_for_predictions/naip_tiles/m_3108763_sw_16_030_20211115.tif
/work/csr33/images_for_predictions/naip_tiles/m_3311628_ne_11_060_20200415.tif
/work/csr33/images_for_predictions/naip_tiles/m_4306909_nw_19_060_20211006.tif
/work/csr33/images_for_predictions/naip_tiles/m_2608111_ne_17_060_20191129_20200113.tif
/work/csr33/images_for_predictions/naip_tiles/m_2809614_nw_14_060_20200501.tif
/work/csr33/images_for_predictions/naip_tiles/m_3208148_se_17_060_20210507.tif
/work/csr33/images_for_predictions/naip_tiles/m_2809724_se_14_060_20201029.tif
/work/csr33/images_for_predictions/naip_tiles/m_3507611_nw_18_060_20201001.tif
/work/csr33/images_for_predictions/naip_tiles/m_3208011_ne_17_060_20210426.tif
/work/csr33/images_for_predictions/naip_tiles/m_3907520_ne_18_060_20211019.tif
/work/csr33/images_for_predictions/naip_tiles/m_2908112_nw_17_060_20211129.tif
/work/csr33/images_for_predictions/naip_tiles/m_4107343_ne_18_060_20211106.tif
/work/csr33/images_for_predictions/naip_tiles/m_4007453_ne_18_060_20190730_20191209.tif
/work/csr33/images_for_predictions/naip_tiles/m_4406717_ne_19_060_20210815.tif
/work/csr33/images_for_predictions/naip_tiles/m_2909312_nw_15_060_20190726_20191001.tif
m_3008628_ne_16_060_20191109_20200114 340
/work/csr33/images_for_predictions/naip_tiles/m_4107203_nw_18_060_20211019.tif
m_4406717_ne_19_060_20210815 300
m_4306909_nw_19_060_20211006 300
m_4107343_ne_18_060_20211106 320
m_4107310_se_18_060_20211105 320
m_4007453_ne_18_060_20190730_20191209 320
m_3208148_se_17_060_20210507 340
m_3907520_ne_18_060_20211019 320
m_3208011_ne_17_060_20210426 340
m_3507611_nw_18_060_20201001 340
m_3311628_ne_11_060_20200415 340
m_2809724_se_14_060_20201029 360
m_2809614_nw_14_060_20200501 360
m_2908112_nw_17_060_20211129 360
m_2608111_ne_17_060_20191129_20200113 360
m_2909312_nw_15_060_20190726_20191001 360
m_4107203_nw_18_060_20211019 320
m_3108763_sw_16_030_20211115 1400
266.114070892334
