load envirionment

/work/csr33/images_for_predictions/naip_tiles/m_3108262_sw_17_060_20191110_20200102.tif
/work/csr33/images_for_predictions/naip_tiles/m_4107448_ne_18_060_20211105.tif
/work/csr33/images_for_predictions/naip_tiles/m_3207903_nw_17_060_20210426.tif
/work/csr33/images_for_predictions/naip_tiles/m_2908340_sw_17_060_20211117.tif
/work/csr33/images_for_predictions/naip_tiles/m_3308024_se_17_060_20210501.tif
/work/csr33/images_for_predictions/naip_tiles/m_3507609_ne_18_060_20200922.tif
/work/csr33/images_for_predictions/naip_tiles/m_4207351_se_18_060_20211107.tif
/work/csr33/images_for_predictions/naip_tiles/m_3009257_nw_15_060_20190905_20191001.tif
/work/csr33/images_for_predictions/naip_tiles/m_4406808_sw_19_060_20210901.tif
/work/csr33/images_for_predictions/naip_tiles/m_3009124_ne_15_030_20211119.tif
/work/csr33/images_for_predictions/naip_tiles/m_3009201_sw_15_060_20190904_20191001.tif
/work/csr33/images_for_predictions/naip_tiles/m_3507611_sw_18_060_20201001.tif
/work/csr33/images_for_predictions/naip_tiles/m_2908946_ne_16_030_20211202.tif
/work/csr33/images_for_predictions/naip_tiles/m_3008945_se_16_030_20211114.tif
/work/csr33/images_for_predictions/naip_tiles/m_3707754_nw_18_060_20210910.tif
/work/csr33/images_for_predictions/naip_tiles/m_3108118_ne_17_060_20191110_20200102.tif
/work/csr33/images_for_predictions/naip_tiles/m_3507742_se_18_060_20200904.tif
m_4406808_sw_19_060_20210901 300
/work/csr33/images_for_predictions/naip_tiles/m_4207063_sw_19_060_20210826.tif
m_3108118_ne_17_060_20191110_20200102 340
m_4207351_se_18_060_20211107 320
m_4107448_ne_18_060_20211105 320
m_3507609_ne_18_060_20200922 340
m_3707754_nw_18_060_20210910 340
m_3108262_sw_17_060_20191110_20200102 340
m_3308024_se_17_060_20210501 340
m_3207903_nw_17_060_20210426 340
m_3009257_nw_15_060_20190905_20191001 360
m_3507611_sw_18_060_20201001 357
m_3009201_sw_15_060_20190904_20191001 360
m_2908340_sw_17_060_20211117 378
m_4207063_sw_19_060_20210826 320
m_3507742_se_18_060_20200904 357
m_3009124_ne_15_030_20211119 1326
m_2908946_ne_16_030_20211202 1365
m_3008945_se_16_030_20211114 1435
524.0035603046417
