load envirionment

/work/csr33/images_for_predictions/naip_tiles/m_4307057_nw_19_060_20211024.tif
/work/csr33/images_for_predictions/naip_tiles/m_4107124_sw_19_060_20210826.tif
/work/csr33/images_for_predictions/naip_tiles/m_3009128_se_15_030_20211114.tif
/work/csr33/images_for_predictions/naip_tiles/m_3907423_nw_18_060_20190809_20191209.tif
/work/csr33/images_for_predictions/naip_tiles/m_4207108_sw_19_060_20211024.tif
/work/csr33/images_for_predictions/naip_tiles/m_2609750_nw_14_060_20201001.tif
/work/csr33/images_for_predictions/naip_tiles/m_3311701_sw_11_060_20200505.tif
/work/csr33/images_for_predictions/naip_tiles/m_3907538_nw_18_060_20190726_20191209.tif
/work/csr33/images_for_predictions/naip_tiles/m_2609712_sw_14_060_20201216.tif
/work/csr33/images_for_predictions/naip_tiles/m_4407040_se_19_060_20210827.tif
/work/csr33/images_for_predictions/naip_tiles/m_3008536_ne_16_060_20191118_20200114.tif
/work/csr33/images_for_predictions/naip_tiles/m_4307155_sw_19_060_20211024.tif
/work/csr33/images_for_predictions/naip_tiles/m_3807558_se_18_060_20210618.tif
/work/csr33/images_for_predictions/naip_tiles/m_3607764_ne_18_060_20200922.tif
/work/csr33/images_for_predictions/naip_tiles/m_3108231_ne_17_060_20191110_20200102.tif
/work/csr33/images_for_predictions/naip_tiles/m_2908209_se_17_060_20211129.tif
/work/csr33/images_for_predictions/naip_tiles/m_4406955_se_19_060_20211006.tif
m_4407040_se_19_060_20210827 300
/work/csr33/images_for_predictions/naip_tiles/m_4207017_ne_19_060_20211024.tif
m_3907538_nw_18_060_20190726_20191209 320
m_3807558_se_18_060_20210618 320
m_3907423_nw_18_060_20190809_20191209 320
m_4307057_nw_19_060_20211024 320
m_4307155_sw_19_060_20211024 336
m_3607764_ne_18_060_20200922 340
m_4107124_sw_19_060_20210826 336
m_4207108_sw_19_060_20211024 336
m_3311701_sw_11_060_20200505 340
m_3108231_ne_17_060_20191110_20200102 340
m_3008536_ne_16_060_20191118_20200114 340
m_2609712_sw_14_060_20201216 360
m_2609750_nw_14_060_20201001 360
m_2908209_se_17_060_20211129 378
m_4406955_se_19_060_20211006 300
m_4207017_ne_19_060_20211024 320
m_3009128_se_15_030_20211114 1326
646.9659790992737
