load envirionment

/work/csr33/images_for_predictions/naip_tiles/m_2708240_nw_17_060_20211202.tif
/work/csr33/images_for_predictions/naip_tiles/m_3008435_se_16_060_20191128_20200114.tif
/work/csr33/images_for_predictions/naip_tiles/m_2908911_se_16_030_20211129.tif
/work/csr33/images_for_predictions/naip_tiles/m_3311636_nw_11_060_20200415.tif
/work/csr33/images_for_predictions/naip_tiles/m_3311719_se_11_060_20200424.tif
/work/csr33/images_for_predictions/naip_tiles/m_2708160_nw_17_060_20191129_20200113.tif
/work/csr33/images_for_predictions/naip_tiles/m_3607641_ne_18_060_20200922.tif
/work/csr33/images_for_predictions/naip_tiles/m_2608206_se_17_060_20211204.tif
/work/csr33/images_for_predictions/naip_tiles/m_4007319_sw_18_060_20211001.tif
/work/csr33/images_for_predictions/naip_tiles/m_2808222_ne_17_060_20211130.tif
/work/csr33/images_for_predictions/naip_tiles/m_3707740_ne_18_060_20210827.tif
/work/csr33/images_for_predictions/naip_tiles/m_4107332_ne_18_060_20211106.tif
/work/csr33/images_for_predictions/naip_tiles/m_3707713_se_18_060_20210910.tif
/work/csr33/images_for_predictions/naip_tiles/m_3707650_se_18_060_20210827.tif
/work/csr33/images_for_predictions/naip_tiles/m_3807611_se_18_060_20210617.tif
/work/csr33/images_for_predictions/naip_tiles/m_4606859_se_19_060_20210817.tif
/work/csr33/images_for_predictions/naip_tiles/m_2508015_se_17_060_20191120_20200113.tif
m_4606859_se_19_060_20210817 300
/work/csr33/images_for_predictions/naip_tiles/m_4007311_nw_18_060_20211105.tif
m_3807611_se_18_060_20210617 320
m_4107332_ne_18_060_20211106 320
m_4007319_sw_18_060_20211001 320
m_3311636_nw_11_060_20200415 340
m_3311719_se_11_060_20200424 340
m_3707740_ne_18_060_20210827 340
m_3607641_ne_18_060_20200922 340
m_3707650_se_18_060_20210827 357
m_2608206_se_17_060_20211204 360
m_3008435_se_16_060_20191128_20200114 360
m_2808222_ne_17_060_20211130 360
m_2708160_nw_17_060_20191129_20200113 360
m_3707713_se_18_060_20210910 357
m_2708240_nw_17_060_20211202 360
m_2508015_se_17_060_20191120_20200113 360
m_4007311_nw_18_060_20211105 320
m_2908911_se_16_030_20211129 1365
759.7345838546753
