load envirionment

/work/csr33/images_for_predictions/naip_tiles/m_3308056_nw_17_060_20210501.tif
/work/csr33/images_for_predictions/naip_tiles/m_3008334_nw_17_060_20191113_20200114.tif
/work/csr33/images_for_predictions/naip_tiles/m_2708051_ne_17_060_20191215_20200113.tif
/work/csr33/images_for_predictions/naip_tiles/m_4307005_sw_19_060_20211007.tif
/work/csr33/images_for_predictions/naip_tiles/m_4107352_se_18_060_20211106.tif
/work/csr33/images_for_predictions/naip_tiles/m_3311650_ne_11_060_20200415.tif
/work/csr33/images_for_predictions/naip_tiles/m_3009324_sw_15_060_20190904_20191001.tif
/work/csr33/images_for_predictions/naip_tiles/m_3311736_se_11_060_20200520.tif
/work/csr33/images_for_predictions/naip_tiles/m_3211620_sw_11_060_20200415.tif
/work/csr33/images_for_predictions/naip_tiles/m_3308053_ne_17_060_20210501.tif
/work/csr33/images_for_predictions/naip_tiles/m_3108733_sw_16_030_20211115.tif
/work/csr33/images_for_predictions/naip_tiles/m_3008342_se_17_060_20191117_20200114.tif
/work/csr33/images_for_predictions/naip_tiles/m_3411959_se_11_060_20200607.tif
/work/csr33/images_for_predictions/naip_tiles/m_2709719_nw_14_060_20200501.tif
/work/csr33/images_for_predictions/naip_tiles/m_3707708_nw_18_060_20210910.tif
/work/csr33/images_for_predictions/naip_tiles/m_2708061_sw_17_060_20191215_20200113.tif
/work/csr33/images_for_predictions/naip_tiles/m_3211627_nw_11_060_20200425.tif
m_3311736_se_11_060_20200520 340
/work/csr33/images_for_predictions/naip_tiles/m_3207910_se_17_060_20210426.tif
m_4307005_sw_19_060_20211007 336
m_3211620_sw_11_060_20200415 340
m_4107352_se_18_060_20211106 336
m_3311650_ne_11_060_20200415 340
m_3707708_nw_18_060_20210910 340
m_3308056_nw_17_060_20210501 340
m_3411959_se_11_060_20200607 340
m_2708051_ne_17_060_20191215_20200113 360
m_3008342_se_17_060_20191117_20200114 360
m_3308053_ne_17_060_20210501 340
m_2708061_sw_17_060_20191215_20200113 360
m_2709719_nw_14_060_20200501 360
m_3009324_sw_15_060_20190904_20191001 360
m_3008334_nw_17_060_20191113_20200114 360
m_3211627_nw_11_060_20200425 340
m_3207910_se_17_060_20210426 340
m_3108733_sw_16_030_20211115 1400
235.47633481025696
