load envirionment

/work/csr33/images_for_predictions/naip_tiles/m_4107249_ne_18_060_20211105.tif
/work/csr33/images_for_predictions/naip_tiles/m_3407609_se_18_060_20201024.tif
/work/csr33/images_for_predictions/naip_tiles/m_2809621_nw_14_060_20200501.tif
/work/csr33/images_for_predictions/naip_tiles/m_3008636_ne_16_060_20191109_20200114.tif
/work/csr33/images_for_predictions/naip_tiles/m_3807748_se_18_060_20210910.tif
/work/csr33/images_for_predictions/naip_tiles/m_3407846_ne_17_060_20201102.tif
/work/csr33/images_for_predictions/naip_tiles/m_3307962_sw_17_060_20210501.tif
/work/csr33/images_for_predictions/naip_tiles/m_3009560_ne_15_060_20201118.tif
/work/csr33/images_for_predictions/naip_tiles/m_3807534_se_18_060_20210618.tif
/work/csr33/images_for_predictions/naip_tiles/m_4107225_se_18_060_20211105.tif
/work/csr33/images_for_predictions/naip_tiles/m_3009457_ne_15_060_20201112.tif
/work/csr33/images_for_predictions/naip_tiles/m_3008333_se_17_060_20191113_20200114.tif
/work/csr33/images_for_predictions/naip_tiles/m_3707549_sw_18_060_20210913.tif
/work/csr33/images_for_predictions/naip_tiles/m_2909223_ne_15_060_20190706_20191001.tif
/work/csr33/images_for_predictions/naip_tiles/m_2609709_se_14_060_20200503.tif
/work/csr33/images_for_predictions/naip_tiles/m_4307026_se_19_060_20211007.tif
/work/csr33/images_for_predictions/naip_tiles/m_3008434_se_16_060_20191128_20200114.tif
m_4307026_se_19_060_20211007 315
/work/csr33/images_for_predictions/naip_tiles/m_3008808_ne_16_030_20211120.tif
m_4107249_ne_18_060_20211105 320
m_3807534_se_18_060_20210618 320
m_3008636_ne_16_060_20191109_20200114 340
m_3307962_sw_17_060_20210501 340
m_4107225_se_18_060_20211105 336
m_3707549_sw_18_060_20210913 340
m_3407846_ne_17_060_20201102 340
m_3009560_ne_15_060_20201118 360
m_3009457_ne_15_060_20201112 360
m_3008333_se_17_060_20191113_20200114 360
m_2909223_ne_15_060_20190706_20191001 360
m_3807748_se_18_060_20210910 357
m_3407609_se_18_060_20201024 357
m_2809621_nw_14_060_20200501 360
m_2609709_se_14_060_20200503 360
m_3008434_se_16_060_20191128_20200114 360
m_3008808_ne_16_030_20211120 1400
292.1361029148102
