load envirionment

/work/csr33/images_for_predictions/naip_tiles/m_2709729_se_14_060_20200430.tif
/work/csr33/images_for_predictions/naip_tiles/m_2609736_se_14_060_20201029.tif
/work/csr33/images_for_predictions/naip_tiles/m_3208013_nw_17_060_20210426.tif
/work/csr33/images_for_predictions/naip_tiles/m_3009126_se_15_030_20211113.tif
/work/csr33/images_for_predictions/naip_tiles/m_3307958_sw_17_060_20210426.tif
/work/csr33/images_for_predictions/naip_tiles/m_3907403_se_18_060_20190730_20191209.tif
/work/csr33/images_for_predictions/naip_tiles/m_3009407_se_15_060_20201030.tif
/work/csr33/images_for_predictions/naip_tiles/m_3311808_ne_11_060_20200505.tif
/work/csr33/images_for_predictions/naip_tiles/m_2808060_sw_17_060_20191215_20200114.tif
/work/csr33/images_for_predictions/naip_tiles/m_3807644_sw_18_060_20211020.tif
/work/csr33/images_for_predictions/naip_tiles/m_3407848_ne_17_060_20200904.tif
/work/csr33/images_for_predictions/naip_tiles/m_3407749_se_18_060_20200904.tif
/work/csr33/images_for_predictions/naip_tiles/m_3211804_se_11_060_20200504.tif
/work/csr33/images_for_predictions/naip_tiles/m_2808001_sw_17_060_20211130.tif
/work/csr33/images_for_predictions/naip_tiles/m_2708020_se_17_060_20191215_20200113.tif
/work/csr33/images_for_predictions/naip_tiles/m_2909207_se_15_060_20190706_20191001.tif
/work/csr33/images_for_predictions/naip_tiles/m_3311652_sw_11_060_20200415.tif
m_3907403_se_18_060_20190730_20191209 320
/work/csr33/images_for_predictions/naip_tiles/m_3008856_ne_16_030_20211113.tif
m_3807644_sw_18_060_20211020 320
m_3009407_se_15_060_20201030 340
m_3311808_ne_11_060_20200505 340
m_3211804_se_11_060_20200504 340
m_3407848_ne_17_060_20200904 340
m_3307958_sw_17_060_20210426 340
m_3208013_nw_17_060_20210426 340
m_3407749_se_18_060_20200904 357
m_2708020_se_17_060_20191215_20200113 360
m_2909207_se_15_060_20190706_20191001 360
m_2808060_sw_17_060_20191215_20200114 360
m_2609736_se_14_060_20201029 360
m_2808001_sw_17_060_20211130 360
m_2709729_se_14_060_20200430 360
m_3311652_sw_11_060_20200415 340
m_3009126_se_15_030_20211113 1326
m_3008856_ne_16_030_20211113 1400
1767.1827156543732
