load envirionment

/work/csr33/images_for_predictions/naip_tiles/m_2909429_nw_15_060_20201116.tif
/work/csr33/images_for_predictions/naip_tiles/m_3008360_sw_17_060_20191121_20200114.tif
/work/csr33/images_for_predictions/naip_tiles/m_4406809_sw_19_060_20211006.tif
/work/csr33/images_for_predictions/naip_tiles/m_4506733_sw_19_060_20210815.tif
/work/csr33/images_for_predictions/naip_tiles/m_3607629_ne_18_060_20210913.tif
/work/csr33/images_for_predictions/naip_tiles/m_3607731_ne_18_060_20210827.tif
/work/csr33/images_for_predictions/naip_tiles/m_3008443_se_16_060_20191128_20200114.tif
/work/csr33/images_for_predictions/naip_tiles/m_3507729_sw_18_060_20200930.tif
/work/csr33/images_for_predictions/naip_tiles/m_2908208_se_17_060_20211202.tif
/work/csr33/images_for_predictions/naip_tiles/m_3907549_nw_18_060_20210606.tif
/work/csr33/images_for_predictions/naip_tiles/m_2609722_se_14_060_20200430.tif
/work/csr33/images_for_predictions/naip_tiles/m_3311652_se_11_060_20200415.tif
/work/csr33/images_for_predictions/naip_tiles/m_3211611_se_11_060_20200415.tif
/work/csr33/images_for_predictions/naip_tiles/m_3707610_nw_18_060_20210912.tif
/work/csr33/images_for_predictions/naip_tiles/m_3108157_se_17_060_20191110_20200102.tif
/work/csr33/images_for_predictions/naip_tiles/m_2708060_sw_17_060_20191215_20200113.tif
/work/csr33/images_for_predictions/naip_tiles/m_3512062_nw_10_060_20200607.tif
m_4406809_sw_19_060_20211006 300
/work/csr33/images_for_predictions/naip_tiles/m_3208057_nw_17_060_20210507.tif
m_4506733_sw_19_060_20210815 300
m_3907549_nw_18_060_20210606 320
m_3707610_nw_18_060_20210912 340
m_3607731_ne_18_060_20210827 340
m_3311652_se_11_060_20200415 340
m_3211611_se_11_060_20200415 340
m_3108157_se_17_060_20191110_20200102 340
m_3607629_ne_18_060_20210913 340
m_2609722_se_14_060_20200430 360
m_3507729_sw_18_060_20200930 357
m_2908208_se_17_060_20211202 360
m_2708060_sw_17_060_20191215_20200113 360
m_3008443_se_16_060_20191128_20200114 360
m_2909429_nw_15_060_20201116 360
m_3008360_sw_17_060_20191121_20200114 360
m_3512062_nw_10_060_20200607 340
m_3208057_nw_17_060_20210507 340
429.76733016967773
