load envirionment

/work/csr33/images_for_predictions/naip_tiles/m_4506963_ne_19_060_20210816.tif
/work/csr33/images_for_predictions/naip_tiles/m_3008632_se_16_060_20191109_20200114.tif
/work/csr33/images_for_predictions/naip_tiles/m_3009338_sw_15_060_20190901_20191001.tif
/work/csr33/images_for_predictions/naip_tiles/m_4506845_nw_19_060_20210929.tif
/work/csr33/images_for_predictions/naip_tiles/m_4306903_ne_19_060_20211006.tif
/work/csr33/images_for_predictions/naip_tiles/m_3008248_ne_17_060_20211202.tif
/work/csr33/images_for_predictions/naip_tiles/m_4107028_nw_19_060_20210904.tif
/work/csr33/images_for_predictions/naip_tiles/m_4406839_nw_19_060_20210920.tif
/work/csr33/images_for_predictions/naip_tiles/m_3008730_se_16_060_20191103_20200114.tif
/work/csr33/images_for_predictions/naip_tiles/m_3008128_se_17_060_20211129.tif
/work/csr33/images_for_predictions/naip_tiles/m_3907555_ne_18_060_20190726_20191209.tif
/work/csr33/images_for_predictions/naip_tiles/m_2908245_sw_17_060_20211129.tif
/work/csr33/images_for_predictions/naip_tiles/m_4107221_sw_18_060_20210904.tif
/work/csr33/images_for_predictions/naip_tiles/m_3412012_ne_10_060_20200607.tif
/work/csr33/images_for_predictions/naip_tiles/m_3707614_nw_18_060_20210926.tif
/work/csr33/images_for_predictions/naip_tiles/m_3311806_se_11_060_20200505.tif
/work/csr33/images_for_predictions/naip_tiles/m_3807732_se_18_060_20210617.tif
m_4506845_nw_19_060_20210929 300
/work/csr33/images_for_predictions/naip_tiles/m_2808244_se_17_060_20211130.tif
m_4406839_nw_19_060_20210920 300
m_4306903_ne_19_060_20211006 300
m_4506963_ne_19_060_20210816 300
m_3907555_ne_18_060_20190726_20191209 320
m_4107028_nw_19_060_20210904 320
m_3412012_ne_10_060_20200607 340
m_4107221_sw_18_060_20210904 336
m_3008730_se_16_060_20191103_20200114 340
m_3707614_nw_18_060_20210926 340
m_3008632_se_16_060_20191109_20200114 340
m_3311806_se_11_060_20200505 340
m_3008248_ne_17_060_20211202 360
m_3008128_se_17_060_20211129 360
m_3009338_sw_15_060_20190901_20191001 360
m_2908245_sw_17_060_20211129 360
m_3807732_se_18_060_20210617 320
m_2808244_se_17_060_20211130 360
569.2899622917175
