load envirionment

/work/csr33/images_for_predictions/naip_tiles/m_3507755_ne_18_060_20200930.tif
/work/csr33/images_for_predictions/naip_tiles/m_3907629_ne_18_060_20211101.tif
/work/csr33/images_for_predictions/naip_tiles/m_4207121_se_19_060_20211024.tif
/work/csr33/images_for_predictions/naip_tiles/m_3707660_nw_18_060_20210926.tif
/work/csr33/images_for_predictions/naip_tiles/m_3907433_nw_18_060_20190726_20191209.tif
/work/csr33/images_for_predictions/naip_tiles/m_3008702_ne_16_030_20211115.tif
/work/csr33/images_for_predictions/naip_tiles/m_4207353_sw_18_060_20211107.tif
/work/csr33/images_for_predictions/naip_tiles/m_2909442_ne_15_060_20201116.tif
/work/csr33/images_for_predictions/naip_tiles/m_2708205_nw_17_060_20211130.tif
/work/csr33/images_for_predictions/naip_tiles/m_3407813_se_17_060_20200603.tif
/work/csr33/images_for_predictions/naip_tiles/m_3507754_sw_18_060_20200930.tif
/work/csr33/images_for_predictions/naip_tiles/m_4406953_se_19_060_20210904.tif
/work/csr33/images_for_predictions/naip_tiles/m_2909412_se_15_060_20201112.tif
/work/csr33/images_for_predictions/naip_tiles/m_3108743_se_16_030_20211115.tif
/work/csr33/images_for_predictions/naip_tiles/m_4107003_nw_19_060_20210904.tif
/work/csr33/images_for_predictions/naip_tiles/m_3507647_nw_18_060_20201018.tif
/work/csr33/images_for_predictions/naip_tiles/m_4007406_ne_18_060_20190830_20191209.tif
m_4406953_se_19_060_20210904 300
/work/csr33/images_for_predictions/naip_tiles/m_2908946_se_16_030_20211130.tif
m_3907629_ne_18_060_20211101 320
m_3907433_nw_18_060_20190726_20191209 320
m_4107003_nw_19_060_20210904 320
m_4207121_se_19_060_20211024 336
m_4207353_sw_18_060_20211107 336
m_3507755_ne_18_060_20200930 340
m_3507647_nw_18_060_20201018 340
m_3707660_nw_18_060_20210926 340
m_2909442_ne_15_060_20201116 360
m_3407813_se_17_060_20200603 357
m_2909412_se_15_060_20201112 360
m_3507754_sw_18_060_20200930 357
m_2708205_nw_17_060_20211130 360
m_4007406_ne_18_060_20190830_20191209 300
m_3008702_ne_16_030_20211115 1400
m_3108743_se_16_030_20211115 1400
m_2908946_se_16_030_20211130 1365
386.75791573524475
