load envirionment

/work/csr33/images_for_predictions/naip_tiles/m_2608153_se_17_060_20191128_20200113.tif
/work/csr33/images_for_predictions/naip_tiles/m_3807553_nw_18_060_20210605.tif
/work/csr33/images_for_predictions/naip_tiles/m_3108830_ne_16_030_20211123.tif
/work/csr33/images_for_predictions/naip_tiles/m_3108709_nw_16_030_20211115.tif
/work/csr33/images_for_predictions/naip_tiles/m_3412064_se_10_060_20200607.tif
/work/csr33/images_for_predictions/naip_tiles/m_4007431_se_18_060_20211105.tif
/work/csr33/images_for_predictions/naip_tiles/m_3009311_nw_15_060_20201006.tif
/work/csr33/images_for_predictions/naip_tiles/m_2508022_se_17_060_20191126_20200113.tif
/work/csr33/images_for_predictions/naip_tiles/m_4406840_nw_19_060_20210901.tif
/work/csr33/images_for_predictions/naip_tiles/m_2808252_ne_17_060_20211130.tif
/work/csr33/images_for_predictions/naip_tiles/m_2909221_se_15_060_20190905_20191001.tif
/work/csr33/images_for_predictions/naip_tiles/m_3008635_sw_16_060_20191109_20200114.tif
/work/csr33/images_for_predictions/naip_tiles/m_2708053_nw_17_060_20191215_20200113.tif
/work/csr33/images_for_predictions/naip_tiles/m_4406703_se_19_060_20210907.tif
/work/csr33/images_for_predictions/naip_tiles/m_4406720_sw_19_060_20210907.tif
/work/csr33/images_for_predictions/naip_tiles/m_3311626_sw_11_060_20200415.tif
/work/csr33/images_for_predictions/naip_tiles/m_3311702_sw_11_060_20200424.tif
m_4406840_nw_19_060_20210901 300
/work/csr33/images_for_predictions/naip_tiles/m_3407847_sw_17_060_20201102.tif
m_4406703_se_19_060_20210907 300
m_4406720_sw_19_060_20210907 315
m_3807553_nw_18_060_20210605 320
m_4007431_se_18_060_20211105 320
m_3008635_sw_16_060_20191109_20200114 340
m_3412064_se_10_060_20200607 340
m_3009311_nw_15_060_20201006 340
m_3311626_sw_11_060_20200415 340
m_2909221_se_15_060_20190905_20191001 360
m_2508022_se_17_060_20191126_20200113 360
m_2708053_nw_17_060_20191215_20200113 360
m_2808252_ne_17_060_20211130 360
m_2608153_se_17_060_20191128_20200113 360
m_3311702_sw_11_060_20200424 340
m_3407847_sw_17_060_20201102 378
m_3108709_nw_16_030_20211115 1400
m_3108830_ne_16_030_20211123 1400
438.2269768714905
