load envirionment

/work/csr33/images_for_predictions/naip_tiles/m_3307958_ne_17_060_20210508.tif
/work/csr33/images_for_predictions/naip_tiles/m_3009136_se_15_030_20211114.tif
/work/csr33/images_for_predictions/naip_tiles/m_4406819_sw_19_060_20210723.tif
/work/csr33/images_for_predictions/naip_tiles/m_3311661_se_11_060_20200415.tif
/work/csr33/images_for_predictions/naip_tiles/m_2909410_sw_15_060_20201112.tif
/work/csr33/images_for_predictions/naip_tiles/m_3008461_ne_16_060_20191129_20200114.tif
/work/csr33/images_for_predictions/naip_tiles/m_4406955_sw_19_060_20211006.tif
/work/csr33/images_for_predictions/naip_tiles/m_4207137_se_19_060_20211024.tif
/work/csr33/images_for_predictions/naip_tiles/m_2909309_nw_15_060_20201102.tif
/work/csr33/images_for_predictions/naip_tiles/m_2709731_nw_14_060_20200430.tif
/work/csr33/images_for_predictions/naip_tiles/m_3108125_sw_17_060_20191110_20200102.tif
/work/csr33/images_for_predictions/naip_tiles/m_2608151_se_17_060_20211223.tif
/work/csr33/images_for_predictions/naip_tiles/m_3807603_ne_18_060_20210617.tif
/work/csr33/images_for_predictions/naip_tiles/m_3108720_nw_16_030_20211115.tif
/work/csr33/images_for_predictions/naip_tiles/m_3707520_nw_18_060_20211017.tif
/work/csr33/images_for_predictions/naip_tiles/m_3707728_se_18_060_20210910.tif
/work/csr33/images_for_predictions/naip_tiles/m_2908913_nw_16_030_20211129.tif
m_4406819_sw_19_060_20210723 300
/work/csr33/images_for_predictions/naip_tiles/m_3807631_sw_18_060_20210623.tif
m_4406955_sw_19_060_20211006 300
m_3707728_se_18_060_20210910 357
m_3807603_ne_18_060_20210617 320
m_4207137_se_19_060_20211024 336
m_3707520_nw_18_060_20211017 340
m_2909309_nw_15_060_20201102 340
m_3108125_sw_17_060_20191110_20200102 340
m_3307958_ne_17_060_20210508 340
m_3311661_se_11_060_20200415 340
m_3008461_ne_16_060_20191129_20200114 360
m_2709731_nw_14_060_20200430 360
m_2909410_sw_15_060_20201112 360
m_2608151_se_17_060_20211223 360
m_3807631_sw_18_060_20210623 320
m_3009136_se_15_030_20211114 1326
m_3108720_nw_16_030_20211115 1400
m_2908913_nw_16_030_20211129 1365
768.3638429641724
