load envirionment

/work/csr33/images_for_predictions/naip_tiles/m_2908258_ne_17_060_20211129.tif
/work/csr33/images_for_predictions/naip_tiles/m_3211612_ne_11_060_20200415.tif
/work/csr33/images_for_predictions/naip_tiles/m_3607748_se_18_060_20200922.tif
/work/csr33/images_for_predictions/naip_tiles/m_2708212_nw_17_060_20211130.tif
/work/csr33/images_for_predictions/naip_tiles/m_3907421_ne_18_060_20190730_20191209.tif
/work/csr33/images_for_predictions/naip_tiles/m_3108727_sw_16_030_20211115.tif
/work/csr33/images_for_predictions/naip_tiles/m_4107358_nw_18_060_20211105.tif
/work/csr33/images_for_predictions/naip_tiles/m_2909524_nw_15_060_20201118.tif
/work/csr33/images_for_predictions/naip_tiles/m_4307043_sw_19_060_20211007.tif
/work/csr33/images_for_predictions/naip_tiles/m_3311601_se_11_060_20200422.tif
/work/csr33/images_for_predictions/naip_tiles/m_3307944_nw_17_060_20210501.tif
/work/csr33/images_for_predictions/naip_tiles/m_3009337_sw_15_060_20190901_20191001.tif
/work/csr33/images_for_predictions/naip_tiles/m_3607654_nw_18_060_20200922.tif
/work/csr33/images_for_predictions/naip_tiles/m_3008430_nw_16_060_20191129_20200114.tif
/work/csr33/images_for_predictions/naip_tiles/m_2909033_se_15_060_20190831_20191001.tif
/work/csr33/images_for_predictions/naip_tiles/m_3807535_ne_18_060_20211019.tif
/work/csr33/images_for_predictions/naip_tiles/m_3807715_se_18_060_20210630.tif
m_4107358_nw_18_060_20211105 320
/work/csr33/images_for_predictions/naip_tiles/m_2708004_ne_17_060_20191215_20200113.tif
m_3907421_ne_18_060_20190730_20191209 320
m_3807535_ne_18_060_20211019 320
m_3211612_ne_11_060_20200415 340
m_3607654_nw_18_060_20200922 340
m_3307944_nw_17_060_20210501 340
m_4307043_sw_19_060_20211007 336
m_3311601_se_11_060_20200422 340
m_3607748_se_18_060_20200922 357
m_2908258_ne_17_060_20211129 360
m_2909524_nw_15_060_20201118 360
m_2708212_nw_17_060_20211130 360
m_3009337_sw_15_060_20190901_20191001 360
m_3008430_nw_16_060_20191129_20200114 360
m_2909033_se_15_060_20190831_20191001 378
m_3807715_se_18_060_20210630 357
m_2708004_ne_17_060_20191215_20200113 360
m_3108727_sw_16_030_20211115 1400
374.8209149837494
