load envirionment

/work/csr33/images_for_predictions/naip_tiles/m_2809605_nw_14_060_20200501.tif
/work/csr33/images_for_predictions/naip_tiles/m_3412016_se_10_060_20200522.tif
/work/csr33/images_for_predictions/naip_tiles/m_2608110_se_17_060_20211223.tif
/work/csr33/images_for_predictions/naip_tiles/m_4406806_sw_19_060_20210919.tif
/work/csr33/images_for_predictions/naip_tiles/m_4107244_sw_18_060_20211001.tif
/work/csr33/images_for_predictions/naip_tiles/m_4107432_ne_18_060_20211105.tif
/work/csr33/images_for_predictions/naip_tiles/m_3009354_se_15_060_20190905_20191001.tif
/work/csr33/images_for_predictions/naip_tiles/m_3407714_nw_18_060_20200930.tif
/work/csr33/images_for_predictions/naip_tiles/m_3412020_ne_10_060_20200607.tif
/work/csr33/images_for_predictions/naip_tiles/m_3009048_ne_15_030_20211116.tif
/work/csr33/images_for_predictions/naip_tiles/m_2908135_sw_17_060_20211129.tif
/work/csr33/images_for_predictions/naip_tiles/m_4406832_nw_19_060_20210901.tif
/work/csr33/images_for_predictions/naip_tiles/m_3807558_sw_18_060_20210618.tif
/work/csr33/images_for_predictions/naip_tiles/m_2808231_sw_17_060_20211130.tif
/work/csr33/images_for_predictions/naip_tiles/m_3208014_ne_17_060_20210426.tif
/work/csr33/images_for_predictions/naip_tiles/m_2909104_sw_15_060_20190706_20191001.tif
/work/csr33/images_for_predictions/naip_tiles/m_3009123_nw_15_030_20211119.tif
m_3412020_ne_10_060_20200607 340
/work/csr33/images_for_predictions/naip_tiles/m_3008330_ne_17_060_20211116.tif
m_4406806_sw_19_060_20210919 300
m_4406832_nw_19_060_20210901 300
m_4107432_ne_18_060_20211105 320
m_3807558_sw_18_060_20210618 320
m_4107244_sw_18_060_20211001 336
m_3208014_ne_17_060_20210426 340
m_3412016_se_10_060_20200522 340
m_3407714_nw_18_060_20200930 340
m_2809605_nw_14_060_20200501 360
m_2908135_sw_17_060_20211129 360
m_2909104_sw_15_060_20190706_20191001 360
m_2808231_sw_17_060_20211130 360
m_3009354_se_15_060_20190905_20191001 360
m_2608110_se_17_060_20211223 360
m_3008330_ne_17_060_20211116 360
m_3009048_ne_15_030_20211116 1400
m_3009123_nw_15_030_20211119 1326
747.9676654338837
