load envirionment

/work/csr33/images_for_predictions/naip_tiles/m_4306910_ne_19_060_20211006.tif
/work/csr33/images_for_predictions/naip_tiles/m_2708204_sw_17_060_20211130.tif
/work/csr33/images_for_predictions/naip_tiles/m_2608046_se_17_060_20191120_20200113.tif
/work/csr33/images_for_predictions/naip_tiles/m_3807657_ne_18_060_20210910.tif
/work/csr33/images_for_predictions/naip_tiles/m_2909402_se_15_060_20201118.tif
/work/csr33/images_for_predictions/naip_tiles/m_3507723_sw_18_060_20200922.tif
/work/csr33/images_for_predictions/naip_tiles/m_3907551_ne_18_060_20210630.tif
/work/csr33/images_for_predictions/naip_tiles/m_3407722_sw_18_060_20201031.tif
/work/csr33/images_for_predictions/naip_tiles/m_2708256_nw_17_060_20211202.tif
/work/csr33/images_for_predictions/naip_tiles/m_3108119_nw_17_060_20191110_20200102.tif
/work/csr33/images_for_predictions/naip_tiles/m_4107224_se_18_060_20210926.tif
/work/csr33/images_for_predictions/naip_tiles/m_3207917_ne_17_060_20210426.tif
/work/csr33/images_for_predictions/naip_tiles/m_3607604_nw_18_060_20210926.tif
/work/csr33/images_for_predictions/naip_tiles/m_2708120_se_17_060_20191129_20200113.tif
/work/csr33/images_for_predictions/naip_tiles/m_2909537_nw_15_060_20201117.tif
/work/csr33/images_for_predictions/naip_tiles/m_4207313_sw_18_060_20211107.tif
/work/csr33/images_for_predictions/naip_tiles/m_4406811_nw_19_060_20210929.tif
m_3207917_ne_17_060_20210426 340
/work/csr33/images_for_predictions/naip_tiles/m_4307026_ne_19_060_20211007.tif
m_4306910_ne_19_060_20211006 300
m_3907551_ne_18_060_20210630 320
m_4107224_se_18_060_20210926 336
m_4207313_sw_18_060_20211107 336
m_3108119_nw_17_060_20191110_20200102 340
m_3807657_ne_18_060_20210910 340
m_3607604_nw_18_060_20210926 340
m_3507723_sw_18_060_20200922 357
m_2608046_se_17_060_20191120_20200113 360
m_2708256_nw_17_060_20211202 360
m_2708204_sw_17_060_20211130 360
m_2909402_se_15_060_20201118 360
m_2708120_se_17_060_20191129_20200113 360
m_2909537_nw_15_060_20201117 360
m_3407722_sw_18_060_20201031 378
m_4406811_nw_19_060_20210929 300
m_4307026_ne_19_060_20211007 300
241.22927832603455
