load envirionment

/work/csr33/images_for_predictions/naip_tiles/m_3208015_ne_17_060_20210426.tif
/work/csr33/images_for_predictions/naip_tiles/m_3412013_sw_10_060_20200607.tif
/work/csr33/images_for_predictions/naip_tiles/m_2909105_se_15_060_20190707_20191001.tif
/work/csr33/images_for_predictions/naip_tiles/m_3907544_se_18_060_20210630.tif
/work/csr33/images_for_predictions/naip_tiles/m_3108848_sw_16_030_20211120.tif
/work/csr33/images_for_predictions/naip_tiles/m_3008729_sw_16_030_20211113.tif
/work/csr33/images_for_predictions/naip_tiles/m_3108134_sw_17_060_20191110_20200102.tif
/work/csr33/images_for_predictions/naip_tiles/m_3407861_se_17_060_20200603.tif
/work/csr33/images_for_predictions/naip_tiles/m_4007315_sw_18_060_20211103.tif
/work/csr33/images_for_predictions/naip_tiles/m_4107302_nw_18_060_20211105.tif
/work/csr33/images_for_predictions/naip_tiles/m_4107352_nw_18_060_20211106.tif
/work/csr33/images_for_predictions/naip_tiles/m_4506743_nw_19_060_20210815.tif
/work/csr33/images_for_predictions/naip_tiles/m_4107247_ne_18_060_20210926.tif
/work/csr33/images_for_predictions/naip_tiles/m_2709729_ne_14_060_20200430.tif
/work/csr33/images_for_predictions/naip_tiles/m_3607623_ne_18_060_20210913.tif
/work/csr33/images_for_predictions/naip_tiles/m_3807763_se_18_060_20210630.tif
/work/csr33/images_for_predictions/naip_tiles/m_3008455_se_16_060_20191129_20200114.tif
m_4506743_nw_19_060_20210815 300
/work/csr33/images_for_predictions/naip_tiles/m_3311703_nw_11_060_20200424.tif
m_4107352_nw_18_060_20211106 320
m_4107247_ne_18_060_20210926 320
m_3907544_se_18_060_20210630 320
m_4107302_nw_18_060_20211105 320
m_3412013_sw_10_060_20200607 340
m_3208015_ne_17_060_20210426 340
m_4007315_sw_18_060_20211103 336
m_3607623_ne_18_060_20210913 340
m_3108134_sw_17_060_20191110_20200102 340
m_2909105_se_15_060_20190707_20191001 360
m_2709729_ne_14_060_20200430 360
m_3807763_se_18_060_20210630 357
m_3407861_se_17_060_20200603 357
m_3311703_nw_11_060_20200424 340
m_3008455_se_16_060_20191129_20200114 360
m_3008729_sw_16_030_20211113 1400
m_3108848_sw_16_030_20211120 1400
526.9950602054596
