load envirionment

/work/csr33/images_for_predictions/naip_tiles/m_3507502_se_18_060_20200516.tif
/work/csr33/images_for_predictions/naip_tiles/m_2808232_sw_17_060_20211202.tif
/work/csr33/images_for_predictions/naip_tiles/m_3008936_nw_16_030_20211114.tif
/work/csr33/images_for_predictions/naip_tiles/m_3307914_ne_17_060_20210501.tif
/work/csr33/images_for_predictions/naip_tiles/m_3907511_nw_18_060_20191005_20191203.tif
/work/csr33/images_for_predictions/naip_tiles/m_3507740_nw_18_060_20201031.tif
/work/csr33/images_for_predictions/naip_tiles/m_4207114_sw_19_060_20211024.tif
/work/csr33/images_for_predictions/naip_tiles/m_2909105_sw_15_060_20190707_20191001.tif
/work/csr33/images_for_predictions/naip_tiles/m_4107361_nw_18_060_20211106.tif
/work/csr33/images_for_predictions/naip_tiles/m_2909007_se_15_060_20190707_20191001.tif
/work/csr33/images_for_predictions/naip_tiles/m_3008708_se_16_060_20191103_20200114.tif
/work/csr33/images_for_predictions/naip_tiles/m_2508061_ne_17_060_20191126_20200113.tif
/work/csr33/images_for_predictions/naip_tiles/m_3607638_se_18_060_20201001.tif
/work/csr33/images_for_predictions/naip_tiles/m_4307147_ne_19_060_20211024.tif
/work/csr33/images_for_predictions/naip_tiles/m_3707518_se_18_060_20211017.tif
/work/csr33/images_for_predictions/naip_tiles/m_3008160_nw_17_060_20211129.tif
/work/csr33/images_for_predictions/naip_tiles/m_3807648_nw_18_060_20210623.tif
m_3707518_se_18_060_20211017 320
/work/csr33/images_for_predictions/naip_tiles/m_2908117_ne_17_060_20211129.tif
m_4107361_nw_18_060_20211106 320
m_4307147_ne_19_060_20211024 320
m_3907511_nw_18_060_20191005_20191203 320
m_2808232_sw_17_060_20211202 360
m_4207114_sw_19_060_20211024 336
m_3607638_se_18_060_20201001 340
m_3507502_se_18_060_20200516 340
m_3307914_ne_17_060_20210501 340
m_3008708_se_16_060_20191103_20200114 340
m_3507740_nw_18_060_20201031 340
m_2508061_ne_17_060_20191126_20200113 360
m_2909105_sw_15_060_20190707_20191001 360
m_3008160_nw_17_060_20211129 360
m_2909007_se_15_060_20190707_20191001 378
m_3807648_nw_18_060_20210623 320
m_2908117_ne_17_060_20211129 360
m_3008936_nw_16_030_20211114 1440
399.02754402160645
