load envirionment

/work/csr33/images_for_predictions/naip_tiles/m_2908507_ne_16_060_20191118_20200114.tif
/work/csr33/images_for_predictions/naip_tiles/m_3307953_ne_17_060_20210501.tif
/work/csr33/images_for_predictions/naip_tiles/m_4406701_sw_19_060_20210901.tif
/work/csr33/images_for_predictions/naip_tiles/m_3109352_ne_15_030_20211122.tif
/work/csr33/images_for_predictions/naip_tiles/m_3009053_sw_15_030_20211115.tif
/work/csr33/images_for_predictions/naip_tiles/m_2809624_ne_14_060_20201029.tif
/work/csr33/images_for_predictions/naip_tiles/m_4007530_ne_18_060_20191019_20191203.tif
/work/csr33/images_for_predictions/naip_tiles/m_4107408_sw_18_060_20211105.tif
/work/csr33/images_for_predictions/naip_tiles/m_2908304_ne_17_060_20211130.tif
/work/csr33/images_for_predictions/naip_tiles/m_2809501_ne_15_060_20201029.tif
/work/csr33/images_for_predictions/naip_tiles/m_3008844_ne_16_030_20211114.tif
/work/csr33/images_for_predictions/naip_tiles/m_2908927_nw_16_030_20211202.tif
/work/csr33/images_for_predictions/naip_tiles/m_2708213_nw_17_060_20211130.tif
/work/csr33/images_for_predictions/naip_tiles/m_3009112_nw_15_030_20211114.tif
/work/csr33/images_for_predictions/naip_tiles/m_3008141_nw_17_060_20211202.tif
/work/csr33/images_for_predictions/naip_tiles/m_2709718_ne_14_060_20200501.tif
/work/csr33/images_for_predictions/naip_tiles/m_3009051_se_15_030_20211120.tif
m_4406701_sw_19_060_20210901 300
/work/csr33/images_for_predictions/naip_tiles/m_3707619_nw_18_060_20210912.tif
m_4007530_ne_18_060_20191019_20191203 320
m_4107408_sw_18_060_20211105 320
m_3307953_ne_17_060_20210501 340
m_2908507_ne_16_060_20191118_20200114 360
m_2709718_ne_14_060_20200501 360
m_3008141_nw_17_060_20211202 360
m_2809624_ne_14_060_20201029 360
m_2908304_ne_17_060_20211130 360
m_2708213_nw_17_060_20211130 360
m_2809501_ne_15_060_20201029 360
m_3707619_nw_18_060_20210912 340
m_3109352_ne_15_030_20211122 1326
m_3009112_nw_15_030_20211114 1326
m_2908927_nw_16_030_20211202 1365
m_3009053_sw_15_030_20211115 1365
m_3008844_ne_16_030_20211114 1400
m_3009051_se_15_030_20211120 1365
750.836998462677
