load envirionment

/work/csr33/images_for_predictions/naip_tiles/m_3311653_se_11_060_20200415.tif
/work/csr33/images_for_predictions/naip_tiles/m_4107344_se_18_060_20211106.tif
/work/csr33/images_for_predictions/naip_tiles/m_2909431_ne_15_060_20201102.tif
/work/csr33/images_for_predictions/naip_tiles/m_3009437_nw_15_060_20201112.tif
/work/csr33/images_for_predictions/naip_tiles/m_3411940_sw_11_060_20200521.tif
/work/csr33/images_for_predictions/naip_tiles/m_2608016_nw_17_060_20191120_20200113.tif
/work/csr33/images_for_predictions/naip_tiles/m_2708207_sw_17_060_20211130.tif
/work/csr33/images_for_predictions/naip_tiles/m_2909664_sw_14_060_20201029.tif
/work/csr33/images_for_predictions/naip_tiles/m_4406810_sw_19_060_20211006.tif
/work/csr33/images_for_predictions/naip_tiles/m_2909021_ne_15_030_20211130.tif
/work/csr33/images_for_predictions/naip_tiles/m_3907524_se_18_060_20190726_20191209.tif
/work/csr33/images_for_predictions/naip_tiles/m_3907526_nw_18_060_20210606.tif
/work/csr33/images_for_predictions/naip_tiles/m_4406916_ne_19_060_20211006.tif
/work/csr33/images_for_predictions/naip_tiles/m_3807625_sw_18_060_20210617.tif
/work/csr33/images_for_predictions/naip_tiles/m_3009249_sw_15_060_20190905_20191001.tif
/work/csr33/images_for_predictions/naip_tiles/m_2608063_sw_17_060_20191120_20200113.tif
/work/csr33/images_for_predictions/naip_tiles/m_3008712_ne_16_060_20191103_20200114.tif
m_4406916_ne_19_060_20211006 300
/work/csr33/images_for_predictions/naip_tiles/m_2908306_sw_17_060_20211130.tif
m_4406810_sw_19_060_20211006 300
m_3907526_nw_18_060_20210606 320
m_3807625_sw_18_060_20210617 320
m_4107344_se_18_060_20211106 336
m_3907524_se_18_060_20190726_20191209 320
m_3411940_sw_11_060_20200521 340
m_3009437_nw_15_060_20201112 340
m_2909431_ne_15_060_20201102 340
m_3311653_se_11_060_20200415 340
m_2708207_sw_17_060_20211130 360
m_2608063_sw_17_060_20191120_20200113 360
m_3009249_sw_15_060_20190905_20191001 360
m_2909664_sw_14_060_20201029 360
m_2608016_nw_17_060_20191120_20200113 360
m_3008712_ne_16_060_20191103_20200114 340
m_2908306_sw_17_060_20211130 378
m_2909021_ne_15_030_20211130 1365
613.4814274311066
