load envirionment

/work/csr33/images_for_predictions/naip_tiles/m_3009019_sw_15_030_20211120.tif
/work/csr33/images_for_predictions/naip_tiles/m_3108129_ne_17_060_20191110_20200102.tif
/work/csr33/images_for_predictions/naip_tiles/m_4207059_ne_19_060_20210904.tif
/work/csr33/images_for_predictions/naip_tiles/m_2708204_nw_17_060_20211130.tif
/work/csr33/images_for_predictions/naip_tiles/m_2809621_se_14_060_20200501.tif
/work/csr33/images_for_predictions/naip_tiles/m_2908148_se_17_060_20211130.tif
/work/csr33/images_for_predictions/naip_tiles/m_3008556_nw_16_060_20191128_20200114.tif
/work/csr33/images_for_predictions/naip_tiles/m_3407954_se_17_060_20210508.tif
/work/csr33/images_for_predictions/naip_tiles/m_4107407_ne_18_060_20211105.tif
/work/csr33/images_for_predictions/naip_tiles/m_4207128_nw_19_060_20211105.tif
/work/csr33/images_for_predictions/naip_tiles/m_4207152_se_19_060_20210826.tif
/work/csr33/images_for_predictions/naip_tiles/m_3407822_sw_17_060_20201102.tif
/work/csr33/images_for_predictions/naip_tiles/m_2508042_ne_17_060_20211203.tif
/work/csr33/images_for_predictions/naip_tiles/m_3108141_nw_17_060_20191110_20200102.tif
/work/csr33/images_for_predictions/naip_tiles/m_3009431_se_15_060_20201102.tif
/work/csr33/images_for_predictions/naip_tiles/m_4306910_nw_19_060_20211006.tif
/work/csr33/images_for_predictions/naip_tiles/m_4007460_ne_18_060_20190830_20191209.tif
m_4306910_nw_19_060_20211006 300
/work/csr33/images_for_predictions/naip_tiles/m_3008538_nw_16_060_20191118_20200114.tif
m_4107407_ne_18_060_20211105 320
m_3108129_ne_17_060_20191110_20200102 340
m_4207128_nw_19_060_20211105 320
m_4207059_ne_19_060_20210904 320
m_3407954_se_17_060_20210508 340
m_3108141_nw_17_060_20191110_20200102 340
m_3009431_se_15_060_20201102 340
m_4207152_se_19_060_20210826 336
m_2508042_ne_17_060_20211203 360
m_3008556_nw_16_060_20191128_20200114 360
m_2908148_se_17_060_20211130 360
m_2708204_nw_17_060_20211130 360
m_2809621_se_14_060_20200501 360
m_3407822_sw_17_060_20201102 378
m_4007460_ne_18_060_20190830_20191209 320
m_3008538_nw_16_060_20191118_20200114 340
m_3009019_sw_15_030_20211120 1365
440.176961183548
