load envirionment

/work/csr33/images_for_predictions/naip_tiles/m_3507732_nw_18_060_20201031.tif
/work/csr33/images_for_predictions/naip_tiles/m_3008554_sw_16_060_20191118_20200114.tif
/work/csr33/images_for_predictions/naip_tiles/m_2908164_se_17_060_20211130.tif
/work/csr33/images_for_predictions/naip_tiles/m_3907624_ne_18_060_20211020.tif
/work/csr33/images_for_predictions/naip_tiles/m_3507734_nw_18_060_20200904.tif
/work/csr33/images_for_predictions/naip_tiles/m_2709737_se_14_060_20200430.tif
/work/csr33/images_for_predictions/naip_tiles/m_4307132_sw_19_060_20211024.tif
/work/csr33/images_for_predictions/naip_tiles/m_3707762_nw_18_060_20210910.tif
/work/csr33/images_for_predictions/naip_tiles/m_3108256_sw_17_060_20191110_20200102.tif
/work/csr33/images_for_predictions/naip_tiles/m_3512062_se_10_060_20200523.tif
/work/csr33/images_for_predictions/naip_tiles/m_3412029_se_10_060_20200607.tif
/work/csr33/images_for_predictions/naip_tiles/m_3208132_ne_17_060_20210426.tif
/work/csr33/images_for_predictions/naip_tiles/m_2709758_se_14_060_20200501.tif
/work/csr33/images_for_predictions/naip_tiles/m_3807745_sw_18_060_20210903.tif
/work/csr33/images_for_predictions/naip_tiles/m_4007213_ne_18_060_20210926.tif
/work/csr33/images_for_predictions/naip_tiles/m_4506733_ne_19_060_20210815.tif
/work/csr33/images_for_predictions/naip_tiles/m_4207438_ne_18_060_20210920.tif
m_4506733_ne_19_060_20210815 300
/work/csr33/images_for_predictions/naip_tiles/m_3411862_sw_11_060_20200505.tif
m_3907624_ne_18_060_20211020 320
m_4007213_ne_18_060_20210926 320
m_4307132_sw_19_060_20211024 336
m_3412029_se_10_060_20200607 340
m_3512062_se_10_060_20200523 340
m_3008554_sw_16_060_20191118_20200114 340
m_3507732_nw_18_060_20201031 340
m_3108256_sw_17_060_20191110_20200102 340
m_3707762_nw_18_060_20210910 340
m_3507734_nw_18_060_20200904 340
m_3208132_ne_17_060_20210426 340
m_3807745_sw_18_060_20210903 357
m_2709737_se_14_060_20200430 360
m_2908164_se_17_060_20211130 360
m_2709758_se_14_060_20200501 360
m_4207438_ne_18_060_20210920 300
m_3411862_sw_11_060_20200505 340
612.5600917339325
