load envirionment

/work/csr33/images_for_predictions/naip_tiles/m_3108808_sw_16_030_20211120.tif
/work/csr33/images_for_predictions/naip_tiles/m_3208017_se_17_060_20210426.tif
/work/csr33/images_for_predictions/naip_tiles/m_3208024_nw_17_060_20210426.tif
/work/csr33/images_for_predictions/naip_tiles/m_3807546_ne_18_060_20210605.tif
/work/csr33/images_for_predictions/naip_tiles/m_3009158_ne_15_030_20211113.tif
/work/csr33/images_for_predictions/naip_tiles/m_4107231_sw_18_060_20210926.tif
/work/csr33/images_for_predictions/naip_tiles/m_3707662_nw_18_060_20210913.tif
/work/csr33/images_for_predictions/naip_tiles/m_2709707_ne_14_060_20200430.tif
/work/csr33/images_for_predictions/naip_tiles/m_4307021_sw_19_060_20210722.tif
/work/csr33/images_for_predictions/naip_tiles/m_3008719_nw_16_030_20211119.tif
/work/csr33/images_for_predictions/naip_tiles/m_3412022_ne_10_060_20200523.tif
/work/csr33/images_for_predictions/naip_tiles/m_2708127_se_17_060_20191129_20200113.tif
/work/csr33/images_for_predictions/naip_tiles/m_2909049_sw_15_060_20190830_20191001.tif
/work/csr33/images_for_predictions/naip_tiles/m_2809737_se_14_060_20200501.tif
/work/csr33/images_for_predictions/naip_tiles/m_2808253_nw_17_060_20211130.tif
/work/csr33/images_for_predictions/naip_tiles/m_3407725_sw_18_060_20200904.tif
/work/csr33/images_for_predictions/naip_tiles/m_3307908_sw_17_060_20210501.tif
m_3707662_nw_18_060_20210913 340
/work/csr33/images_for_predictions/naip_tiles/m_3311722_sw_11_060_20200423.tif
m_3807546_ne_18_060_20210605 320
m_4307021_sw_19_060_20210722 336
m_4107231_sw_18_060_20210926 336
m_3412022_ne_10_060_20200523 340
m_3208024_nw_17_060_20210426 340
m_3208017_se_17_060_20210426 340
m_2708127_se_17_060_20191129_20200113 360
m_2709707_ne_14_060_20200430 360
m_2808253_nw_17_060_20211130 360
m_2809737_se_14_060_20200501 360
m_2909049_sw_15_060_20190830_20191001 378
m_3407725_sw_18_060_20200904 378
m_3311722_sw_11_060_20200423 340
m_3307908_sw_17_060_20210501 340
m_3009158_ne_15_030_20211113 1326
m_3108808_sw_16_030_20211120 1400
m_3008719_nw_16_030_20211119 1400
424.28691601753235
