load envirionment

/work/csr33/images_for_predictions/naip_tiles/m_2708223_nw_17_060_20211130.tif
/work/csr33/images_for_predictions/naip_tiles/m_3607603_se_18_060_20210827.tif
/work/csr33/images_for_predictions/naip_tiles/m_3009224_ne_15_030_20211114.tif
/work/csr33/images_for_predictions/naip_tiles/m_2909115_nw_15_060_20190707_20191001.tif
/work/csr33/images_for_predictions/naip_tiles/m_4207050_nw_19_060_20210904.tif
/work/csr33/images_for_predictions/naip_tiles/m_4107357_se_18_060_20211105.tif
/work/csr33/images_for_predictions/naip_tiles/m_3008539_se_16_060_20191128_20200114.tif
/work/csr33/images_for_predictions/naip_tiles/m_3311824_se_11_060_20200505.tif
/work/csr33/images_for_predictions/naip_tiles/m_3407946_se_17_060_20210508.tif
/work/csr33/images_for_predictions/naip_tiles/m_2708207_ne_17_060_20211201.tif
/work/csr33/images_for_predictions/naip_tiles/m_3507641_ne_18_060_20201018.tif
/work/csr33/images_for_predictions/naip_tiles/m_3707649_se_18_060_20210827.tif
/work/csr33/images_for_predictions/naip_tiles/m_2709760_nw_14_060_20200430.tif
/work/csr33/images_for_predictions/naip_tiles/m_2608008_nw_17_060_20191120_20200113.tif
/work/csr33/images_for_predictions/naip_tiles/m_3208123_ne_17_060_20210426.tif
/work/csr33/images_for_predictions/naip_tiles/m_4207334_ne_18_060_20211107.tif
/work/csr33/images_for_predictions/naip_tiles/m_2709712_se_14_060_20200430.tif
m_4207334_ne_18_060_20211107 320
/work/csr33/images_for_predictions/naip_tiles/m_4506843_nw_19_060_20210816.tif
m_4207050_nw_19_060_20210904 320
m_4107357_se_18_060_20211105 320
m_3507641_ne_18_060_20201018 340
m_3407946_se_17_060_20210508 340
m_3008539_se_16_060_20191128_20200114 340
m_3208123_ne_17_060_20210426 340
m_3311824_se_11_060_20200505 340
m_3607603_se_18_060_20210827 357
m_2608008_nw_17_060_20191120_20200113 360
m_2909115_nw_15_060_20190707_20191001 360
m_2708223_nw_17_060_20211130 360
m_3707649_se_18_060_20210827 357
m_2708207_ne_17_060_20211201 360
m_2709760_nw_14_060_20200430 360
m_4506843_nw_19_060_20210816 300
m_2709712_se_14_060_20200430 360
m_3009224_ne_15_030_20211114 1326
1447.5575675964355
