load envirionment

/work/csr33/images_for_predictions/naip_tiles/m_4406958_nw_19_060_20210827.tif
/work/csr33/images_for_predictions/naip_tiles/m_4107464_nw_18_060_20211105.tif
/work/csr33/images_for_predictions/naip_tiles/m_2909106_sw_15_060_20190707_20191001.tif
/work/csr33/images_for_predictions/naip_tiles/m_3108725_se_16_030_20211115.tif
/work/csr33/images_for_predictions/naip_tiles/m_3411955_ne_11_060_20200524.tif
/work/csr33/images_for_predictions/naip_tiles/m_4506752_nw_19_060_20210723.tif
/work/csr33/images_for_predictions/naip_tiles/m_3807644_ne_18_060_20211020.tif
/work/csr33/images_for_predictions/naip_tiles/m_3807547_sw_18_060_20210605.tif
/work/csr33/images_for_predictions/naip_tiles/m_3009340_sw_15_060_20190901_20191001.tif
/work/csr33/images_for_predictions/naip_tiles/m_2908956_sw_16_030_20211130.tif
/work/csr33/images_for_predictions/naip_tiles/m_4007315_nw_18_060_20211103.tif
/work/csr33/images_for_predictions/naip_tiles/m_3707711_ne_18_060_20210910.tif
/work/csr33/images_for_predictions/naip_tiles/m_4007310_ne_18_060_20211105.tif
/work/csr33/images_for_predictions/naip_tiles/m_4207317_ne_18_060_20210920.tif
/work/csr33/images_for_predictions/naip_tiles/m_4107264_sw_18_060_20210926.tif
/work/csr33/images_for_predictions/naip_tiles/m_2608144_nw_17_060_20191123_20200113.tif
/work/csr33/images_for_predictions/naip_tiles/m_3008734_se_16_030_20211113.tif
m_4406958_nw_19_060_20210827 300
/work/csr33/images_for_predictions/naip_tiles/m_3407862_ne_17_060_20200603.tif
m_4506752_nw_19_060_20210723 300
m_4107464_nw_18_060_20211105 320
m_3807547_sw_18_060_20210605 320
m_3807644_ne_18_060_20211020 320
m_4107264_sw_18_060_20210926 336
m_4007315_nw_18_060_20211103 320
m_4207317_ne_18_060_20210920 320
m_4007310_ne_18_060_20211105 320
m_3707711_ne_18_060_20210910 340
m_3411955_ne_11_060_20200524 340
m_2608144_nw_17_060_20191123_20200113 360
m_3009340_sw_15_060_20190901_20191001 360
m_2909106_sw_15_060_20190707_20191001 360
m_3407862_ne_17_060_20200603 340
m_2908956_sw_16_030_20211130 1365
m_3108725_se_16_030_20211115 1400
m_3008734_se_16_030_20211113 1400
432.209349155426
