load envirionment

/work/csr33/images_for_predictions/naip_tiles/m_4207344_se_18_060_20211107.tif
/work/csr33/images_for_predictions/naip_tiles/m_3009458_sw_15_060_20201112.tif
/work/csr33/images_for_predictions/naip_tiles/m_3311651_se_11_060_20200415.tif
/work/csr33/images_for_predictions/naip_tiles/m_3707722_sw_18_060_20210912.tif
/work/csr33/images_for_predictions/naip_tiles/m_3008937_se_16_030_20211114.tif
/work/csr33/images_for_predictions/naip_tiles/m_2608103_se_17_060_20191129_20200113.tif
/work/csr33/images_for_predictions/naip_tiles/m_4107402_ne_18_060_20211106.tif
/work/csr33/images_for_predictions/naip_tiles/m_2609719_nw_14_060_20201216.tif
/work/csr33/images_for_predictions/naip_tiles/m_2909026_nw_15_060_20190902_20191001.tif
/work/csr33/images_for_predictions/naip_tiles/m_2708043_ne_17_060_20191215_20200113.tif
/work/csr33/images_for_predictions/naip_tiles/m_3807722_ne_18_060_20210630.tif
/work/csr33/images_for_predictions/naip_tiles/m_4107454_ne_18_060_20211105.tif
/work/csr33/images_for_predictions/naip_tiles/m_2909025_se_15_060_20190831_20191001.tif
/work/csr33/images_for_predictions/naip_tiles/m_3607611_sw_18_060_20210912.tif
/work/csr33/images_for_predictions/naip_tiles/m_3008525_sw_16_060_20191109_20200114.tif
/work/csr33/images_for_predictions/naip_tiles/m_4606850_ne_19_060_20210817.tif
/work/csr33/images_for_predictions/naip_tiles/m_3507511_nw_18_060_20200516.tif
m_4606850_ne_19_060_20210817 300
/work/csr33/images_for_predictions/naip_tiles/m_4307031_nw_19_060_20211007.tif
m_4107402_ne_18_060_20211106 300
m_4107454_ne_18_060_20211105 320
m_2609719_nw_14_060_20201216 360
m_3311651_se_11_060_20200415 340
m_4207344_se_18_060_20211107 336
m_3008525_sw_16_060_20191109_20200114 340
m_3807722_ne_18_060_20210630 340
m_2909026_nw_15_060_20190902_20191001 360
m_3009458_sw_15_060_20201112 360
m_3607611_sw_18_060_20210912 357
m_2708043_ne_17_060_20191215_20200113 360
m_2608103_se_17_060_20191129_20200113 360
m_3707722_sw_18_060_20210912 357
m_2909025_se_15_060_20190831_20191001 378
m_4307031_nw_19_060_20211007 320
m_3507511_nw_18_060_20200516 340
m_3008937_se_16_030_20211114 1435
417.75532841682434
