load envirionment

/work/csr33/images_for_predictions/naip_tiles/m_3008103_nw_17_060_20191110_20200108.tif
/work/csr33/images_for_predictions/naip_tiles/m_4406907_se_19_060_20211006.tif
/work/csr33/images_for_predictions/naip_tiles/m_2608019_se_17_060_20191203_20200113.tif
/work/csr33/images_for_predictions/naip_tiles/m_3009351_nw_15_060_20201031.tif
/work/csr33/images_for_predictions/naip_tiles/m_3607638_nw_18_060_20201001.tif
/work/csr33/images_for_predictions/naip_tiles/m_2708248_ne_17_060_20211202.tif
/work/csr33/images_for_predictions/naip_tiles/m_3407743_sw_18_060_20200930.tif
/work/csr33/images_for_predictions/naip_tiles/m_2908103_se_17_060_20211129.tif
/work/csr33/images_for_predictions/naip_tiles/m_3009331_nw_15_060_20190904_20191001.tif
/work/csr33/images_for_predictions/naip_tiles/m_3707635_sw_18_060_20210827.tif
/work/csr33/images_for_predictions/naip_tiles/m_3009029_nw_15_030_20211115.tif
/work/csr33/images_for_predictions/naip_tiles/m_3108160_sw_17_060_20211203.tif
/work/csr33/images_for_predictions/naip_tiles/m_4307050_ne_19_060_20211007.tif
/work/csr33/images_for_predictions/naip_tiles/m_3411926_sw_11_060_20200521.tif
/work/csr33/images_for_predictions/naip_tiles/m_3307917_se_17_060_20210508.tif
/work/csr33/images_for_predictions/naip_tiles/m_2909317_se_15_060_20201102.tif
/work/csr33/images_for_predictions/naip_tiles/m_3009461_nw_15_060_20201112.tif
m_4406907_se_19_060_20211006 300
/work/csr33/images_for_predictions/naip_tiles/m_4107224_sw_18_060_20210926.tif
m_4307050_ne_19_060_20211007 320
m_3009351_nw_15_060_20201031 340
m_3411926_sw_11_060_20200521 340
m_3108160_sw_17_060_20211203 340
m_3307917_se_17_060_20210508 340
m_2909317_se_15_060_20201102 340
m_3008103_nw_17_060_20191110_20200108 340
m_3607638_nw_18_060_20201001 340
m_3707635_sw_18_060_20210827 357
m_2708248_ne_17_060_20211202 360
m_2608019_se_17_060_20191203_20200113 360
m_3009331_nw_15_060_20190904_20191001 360
m_2908103_se_17_060_20211129 360
m_3407743_sw_18_060_20200930 378
m_3009461_nw_15_060_20201112 340
m_4107224_sw_18_060_20210926 336
m_3009029_nw_15_030_20211115 1365
432.09355759620667
