load envirionment

/work/csr33/images_for_predictions/naip_tiles/m_2608003_ne_17_060_20191215_20200113.tif
/work/csr33/images_for_predictions/naip_tiles/m_3907651_ne_18_060_20210617.tif
/work/csr33/images_for_predictions/naip_tiles/m_3807754_ne_18_060_20210630.tif
/work/csr33/images_for_predictions/naip_tiles/m_3807649_se_18_060_20210910.tif
/work/csr33/images_for_predictions/naip_tiles/m_2608232_sw_17_060_20211217.tif
/work/csr33/images_for_predictions/naip_tiles/m_4207132_ne_19_060_20211024.tif
/work/csr33/images_for_predictions/naip_tiles/m_3807705_nw_18_060_20210903.tif
/work/csr33/images_for_predictions/naip_tiles/m_2708263_se_17_060_20211217.tif
/work/csr33/images_for_predictions/naip_tiles/m_3008631_sw_16_060_20191109_20200114.tif
/work/csr33/images_for_predictions/naip_tiles/m_4506759_nw_19_060_20210723.tif
/work/csr33/images_for_predictions/naip_tiles/m_2609742_ne_14_060_20201029.tif
/work/csr33/images_for_predictions/naip_tiles/m_4107434_ne_18_060_20211106.tif
/work/csr33/images_for_predictions/naip_tiles/m_3411850_ne_11_060_20200522.tif
/work/csr33/images_for_predictions/naip_tiles/m_3009218_sw_15_030_20211221.tif
/work/csr33/images_for_predictions/naip_tiles/m_2708060_nw_17_060_20191215_20200113.tif
/work/csr33/images_for_predictions/naip_tiles/m_4406808_se_19_060_20210815.tif
/work/csr33/images_for_predictions/naip_tiles/m_3208009_se_17_060_20210426.tif
m_4406808_se_19_060_20210815 300
/work/csr33/images_for_predictions/naip_tiles/m_2808042_nw_17_060_20191207_20200113.tif
m_4506759_nw_19_060_20210723 300
m_3008631_sw_16_060_20191109_20200114 340
m_4207132_ne_19_060_20211024 320
m_3907651_ne_18_060_20210617 320
m_4107434_ne_18_060_20211106 320
m_3807754_ne_18_060_20210630 340
m_3807705_nw_18_060_20210903 340
m_3411850_ne_11_060_20200522 340
m_2608003_ne_17_060_20191215_20200113 360
m_2609742_ne_14_060_20201029 360
m_3807649_se_18_060_20210910 357
m_2708263_se_17_060_20211217 360
m_2708060_nw_17_060_20191215_20200113 360
m_2608232_sw_17_060_20211217 380
m_3208009_se_17_060_20210426 340
m_2808042_nw_17_060_20191207_20200113 360
m_3009218_sw_15_030_20211221 1326
293.1280469894409
