load envirionment

/work/csr33/images_for_predictions/naip_tiles/m_3407713_nw_18_060_20200930.tif
/work/csr33/images_for_predictions/naip_tiles/m_4007431_ne_18_060_20211105.tif
/work/csr33/images_for_predictions/naip_tiles/m_4307017_se_19_060_20211007.tif
/work/csr33/images_for_predictions/naip_tiles/m_3009557_nw_15_060_20201030.tif
/work/csr33/images_for_predictions/naip_tiles/m_4406906_ne_19_060_20211006.tif
/work/csr33/images_for_predictions/naip_tiles/m_3108247_se_17_060_20191110_20200102.tif
/work/csr33/images_for_predictions/naip_tiles/m_2508030_se_17_060_20191126_20200113.tif
/work/csr33/images_for_predictions/naip_tiles/m_3807723_se_18_060_20210630.tif
/work/csr33/images_for_predictions/naip_tiles/m_3009155_se_15_030_20211120.tif
/work/csr33/images_for_predictions/naip_tiles/m_4007449_se_18_060_20191014_20191203.tif
/work/csr33/images_for_predictions/naip_tiles/m_4307015_ne_19_060_20211007.tif
/work/csr33/images_for_predictions/naip_tiles/m_3507727_ne_18_060_20200930.tif
/work/csr33/images_for_predictions/naip_tiles/m_4307026_nw_19_060_20211007.tif
/work/csr33/images_for_predictions/naip_tiles/m_4207305_ne_18_060_20211106.tif
/work/csr33/images_for_predictions/naip_tiles/m_3009564_nw_15_060_20201118.tif
/work/csr33/images_for_predictions/naip_tiles/m_3108103_nw_17_060_20191109_20200102.tif
/work/csr33/images_for_predictions/naip_tiles/m_4207152_ne_19_060_20210826.tif
m_4307015_ne_19_060_20211007 300
/work/csr33/images_for_predictions/naip_tiles/m_3008431_nw_16_060_20191205_20200114.tif
m_4406906_ne_19_060_20211006 300
m_4007431_ne_18_060_20211105 320
m_4007449_se_18_060_20191014_20191203 320
m_4207305_ne_18_060_20211106 320
m_4307026_nw_19_060_20211007 320
m_4307017_se_19_060_20211007 336
m_3108103_nw_17_060_20191109_20200102 340
m_3507727_ne_18_060_20200930 340
m_3108247_se_17_060_20191110_20200102 340
m_3807723_se_18_060_20210630 357
m_3009564_nw_15_060_20201118 360
m_2508030_se_17_060_20191126_20200113 360
m_3407713_nw_18_060_20200930 360
m_3009557_nw_15_060_20201030 360
m_4207152_ne_19_060_20210826 320
m_3008431_nw_16_060_20191205_20200114 360
m_3009155_se_15_030_20211120 1365
334.7779095172882
