load envirionment

/work/csr33/images_for_predictions/naip_tiles/m_3008457_sw_16_060_20191120_20200114.tif
/work/csr33/images_for_predictions/naip_tiles/m_4406959_ne_19_060_20210919.tif
/work/csr33/images_for_predictions/naip_tiles/m_4007556_sw_18_060_20191015_20191203.tif
/work/csr33/images_for_predictions/naip_tiles/m_4506846_nw_19_060_20210929.tif
/work/csr33/images_for_predictions/naip_tiles/m_3108107_se_17_060_20211202.tif
/work/csr33/images_for_predictions/naip_tiles/m_3907422_ne_18_060_20190920_20191209.tif
/work/csr33/images_for_predictions/naip_tiles/m_3108860_se_16_030_20211123.tif
/work/csr33/images_for_predictions/naip_tiles/m_4506844_nw_19_060_20211006.tif
/work/csr33/images_for_predictions/naip_tiles/m_3008532_ne_16_060_20191120_20200114.tif
/work/csr33/images_for_predictions/naip_tiles/m_3407602_se_18_060_20201031.tif
/work/csr33/images_for_predictions/naip_tiles/m_2609760_ne_14_060_20201029.tif
/work/csr33/images_for_predictions/naip_tiles/m_3412024_nw_10_060_20200522.tif
/work/csr33/images_for_predictions/naip_tiles/m_3008205_ne_17_060_20191110_20200108.tif
/work/csr33/images_for_predictions/naip_tiles/m_2508041_sw_17_060_20211203.tif
/work/csr33/images_for_predictions/naip_tiles/m_3907555_nw_18_060_20190726_20191209.tif
/work/csr33/images_for_predictions/naip_tiles/m_2909024_se_15_030_20211115.tif
/work/csr33/images_for_predictions/naip_tiles/m_2909156_se_15_060_20190830_20191001.tif
m_4506846_nw_19_060_20210929 300
/work/csr33/images_for_predictions/naip_tiles/m_3907425_nw_18_060_20190830_20191209.tif
m_3907555_nw_18_060_20190726_20191209 320
m_4406959_ne_19_060_20210919 300
m_4007556_sw_18_060_20191015_20191203 320
m_4506844_nw_19_060_20211006 300
m_3412024_nw_10_060_20200522 340
m_3907422_ne_18_060_20190920_20191209 320
m_3008457_sw_16_060_20191120_20200114 360
m_3108107_se_17_060_20211202 340
m_3008205_ne_17_060_20191110_20200108 340
m_2508041_sw_17_060_20211203 380
m_3008532_ne_16_060_20191120_20200114 340
m_2609760_ne_14_060_20201029 360
m_3407602_se_18_060_20201031 357
m_2909156_se_15_060_20190830_20191001 378
m_3907425_nw_18_060_20190830_20191209 320
m_2909024_se_15_030_20211115 1365
m_3108860_se_16_030_20211123 1400
226.71923232078552
