load envirionment

/work/csr33/images_for_predictions/naip_tiles/m_4506820_sw_19_060_20211006.tif
/work/csr33/images_for_predictions/naip_tiles/m_3009429_se_15_060_20201112.tif
/work/csr33/images_for_predictions/naip_tiles/m_4207328_se_18_060_20211107.tif
/work/csr33/images_for_predictions/naip_tiles/m_4207041_se_19_060_20210826.tif
/work/csr33/images_for_predictions/naip_tiles/m_4107238_se_18_060_20210926.tif
/work/csr33/images_for_predictions/naip_tiles/m_3008802_sw_16_030_20211112.tif
/work/csr33/images_for_predictions/naip_tiles/m_4306904_se_19_060_20211006.tif
/work/csr33/images_for_predictions/naip_tiles/m_3008112_nw_17_060_20211203.tif
/work/csr33/images_for_predictions/naip_tiles/m_2508038_se_17_060_20211207.tif
/work/csr33/images_for_predictions/naip_tiles/m_3008439_nw_16_060_20191205_20200114.tif
/work/csr33/images_for_predictions/naip_tiles/m_4406941_ne_19_060_20210827.tif
/work/csr33/images_for_predictions/naip_tiles/m_2508106_nw_17_060_20211203.tif
/work/csr33/images_for_predictions/naip_tiles/m_3009452_nw_15_060_20201112.tif
/work/csr33/images_for_predictions/naip_tiles/m_4207453_nw_18_060_20211110.tif
/work/csr33/images_for_predictions/naip_tiles/m_4406960_se_19_060_20210904.tif
/work/csr33/images_for_predictions/naip_tiles/m_4207459_sw_18_060_20211106.tif
/work/csr33/images_for_predictions/naip_tiles/m_3707710_se_18_060_20210628.tif
m_4306904_se_19_060_20211006 300
/work/csr33/images_for_predictions/naip_tiles/m_2909201_ne_15_060_20190706_20191001.tif
m_4506820_sw_19_060_20211006 300
m_4406941_ne_19_060_20210827 300
m_4207328_se_18_060_20211107 336
m_3008112_nw_17_060_20211203 340
m_2508038_se_17_060_20211207 360
m_4107238_se_18_060_20210926 336
m_3009429_se_15_060_20201112 340
m_4406960_se_19_060_20210904 300
m_4207041_se_19_060_20210826 336
m_4207453_nw_18_060_20211110 320
m_3009452_nw_15_060_20201112 340
m_2508106_nw_17_060_20211203 380
m_3008439_nw_16_060_20191205_20200114 360
m_4207459_sw_18_060_20211106 320
m_3707710_se_18_060_20210628 357
m_2909201_ne_15_060_20190706_20191001 360
m_3008802_sw_16_030_20211112 1476
171.97012519836426
