load envirionment

/work/csr33/images_for_predictions/naip_tiles/m_3407716_ne_18_060_20201031.tif
/work/csr33/images_for_predictions/naip_tiles/m_2508052_nw_17_060_20211203.tif
/work/csr33/images_for_predictions/naip_tiles/m_3407610_nw_18_060_20201031.tif
/work/csr33/images_for_predictions/naip_tiles/m_2808236_sw_17_060_20211130.tif
/work/csr33/images_for_predictions/naip_tiles/m_3311627_sw_11_060_20200415.tif
/work/csr33/images_for_predictions/naip_tiles/m_3009136_sw_15_030_20211114.tif
/work/csr33/images_for_predictions/naip_tiles/m_2908515_sw_16_060_20191118_20200114.tif
/work/csr33/images_for_predictions/naip_tiles/m_3707635_ne_18_060_20210912.tif
/work/csr33/images_for_predictions/naip_tiles/m_3311628_nw_11_060_20200415.tif
/work/csr33/images_for_predictions/naip_tiles/m_3009560_nw_15_060_20201030.tif
/work/csr33/images_for_predictions/naip_tiles/m_3307917_sw_17_060_20210508.tif
/work/csr33/images_for_predictions/naip_tiles/m_3108215_se_17_060_20191110_20200102.tif
/work/csr33/images_for_predictions/naip_tiles/m_3707652_ne_18_060_20210913.tif
/work/csr33/images_for_predictions/naip_tiles/m_3607641_nw_18_060_20200922.tif
/work/csr33/images_for_predictions/naip_tiles/m_3008924_se_16_030_20211119.tif
/work/csr33/images_for_predictions/naip_tiles/m_4107111_se_19_060_20210926.tif
/work/csr33/images_for_predictions/naip_tiles/m_4406723_se_19_060_20210711.tif
m_3707652_ne_18_060_20210913 340
/work/csr33/images_for_predictions/naip_tiles/m_3411936_se_11_060_20200521.tif
m_3307917_sw_17_060_20210508 340
m_4107111_se_19_060_20210926 336
m_3707635_ne_18_060_20210912 340
m_3407610_nw_18_060_20201031 340
m_3607641_nw_18_060_20200922 340
m_3311627_sw_11_060_20200415 340
m_3108215_se_17_060_20191110_20200102 340
m_3311628_nw_11_060_20200415 340
m_3407716_ne_18_060_20201031 340
m_3009560_nw_15_060_20201030 360
m_2808236_sw_17_060_20211130 360
m_2908515_sw_16_060_20191118_20200114 360
m_2508052_nw_17_060_20211203 380
m_4406723_se_19_060_20210711 315
m_3411936_se_11_060_20200521 340
m_3009136_sw_15_030_20211114 1326
m_3008924_se_16_030_20211119 1435
804.5539674758911
