load envirionment

/work/csr33/images_for_predictions/naip_tiles/m_2708027_sw_17_060_20191215_20200113.tif
/work/csr33/images_for_predictions/naip_tiles/m_3108138_ne_17_060_20211203.tif
/work/csr33/images_for_predictions/naip_tiles/m_3807620_ne_18_060_20211020.tif
/work/csr33/images_for_predictions/naip_tiles/m_4306904_ne_19_060_20211006.tif
/work/csr33/images_for_predictions/naip_tiles/m_4107025_nw_19_060_20210826.tif
/work/csr33/images_for_predictions/naip_tiles/m_3009224_nw_15_030_20211212.tif
/work/csr33/images_for_predictions/naip_tiles/m_2708018_ne_17_060_20191129_20200113.tif
/work/csr33/images_for_predictions/naip_tiles/m_3307701_nw_18_060_20200904.tif
/work/csr33/images_for_predictions/naip_tiles/m_2808259_se_17_060_20211130.tif
/work/csr33/images_for_predictions/naip_tiles/m_4107360_sw_18_060_20211106.tif
/work/csr33/images_for_predictions/naip_tiles/m_4107303_sw_18_060_20211105.tif
/work/csr33/images_for_predictions/naip_tiles/m_4107239_se_18_060_20210926.tif
/work/csr33/images_for_predictions/naip_tiles/m_3907631_ne_18_060_20211101.tif
/work/csr33/images_for_predictions/naip_tiles/m_3307924_sw_17_060_20210501.tif
/work/csr33/images_for_predictions/naip_tiles/m_2809636_sw_14_060_20201029.tif
/work/csr33/images_for_predictions/naip_tiles/m_4406813_ne_19_060_20210914.tif
/work/csr33/images_for_predictions/naip_tiles/m_3807643_se_18_060_20210617.tif
m_4406813_ne_19_060_20210914 300
/work/csr33/images_for_predictions/naip_tiles/m_3807737_se_18_060_20210903.tif
m_4306904_ne_19_060_20211006 300
m_4107303_sw_18_060_20211105 320
m_3807620_ne_18_060_20211020 320
m_4107360_sw_18_060_20211106 320
m_3907631_ne_18_060_20211101 320
m_4107025_nw_19_060_20210826 320
m_4107239_se_18_060_20210926 336
m_3108138_ne_17_060_20211203 340
m_3307924_sw_17_060_20210501 340
m_2808259_se_17_060_20211130 360
m_2708018_ne_17_060_20191129_20200113 360
m_3307701_nw_18_060_20200904 360
m_2809636_sw_14_060_20201029 360
m_2708027_sw_17_060_20191215_20200113 360
m_3807643_se_18_060_20210617 320
m_3807737_se_18_060_20210903 357
m_3009224_nw_15_030_20211212 1326
1388.0219373703003
