load envirionment

/work/csr33/images_for_predictions/naip_tiles/m_2709725_se_14_060_20200501.tif
/work/csr33/images_for_predictions/naip_tiles/m_2708160_ne_17_060_20191129_20200113.tif
/work/csr33/images_for_predictions/naip_tiles/m_2909012_nw_15_030_20211130.tif
/work/csr33/images_for_predictions/naip_tiles/m_3807647_se_18_060_20210623.tif
/work/csr33/images_for_predictions/naip_tiles/m_3311846_nw_11_060_20200504.tif
/work/csr33/images_for_predictions/naip_tiles/m_3607731_se_18_060_20210827.tif
/work/csr33/images_for_predictions/naip_tiles/m_2508132_sw_17_060_20211203.tif
/work/csr33/images_for_predictions/naip_tiles/m_3108224_nw_17_060_20191110_20200102.tif
/work/csr33/images_for_predictions/naip_tiles/m_3108711_ne_16_030_20211115.tif
/work/csr33/images_for_predictions/naip_tiles/m_3008624_sw_16_060_20191109_20200114.tif
/work/csr33/images_for_predictions/naip_tiles/m_2908339_se_17_060_20211116.tif
/work/csr33/images_for_predictions/naip_tiles/m_2909503_se_15_060_20201030.tif
/work/csr33/images_for_predictions/naip_tiles/m_2809614_se_14_060_20201029.tif
/work/csr33/images_for_predictions/naip_tiles/m_3311711_nw_11_060_20200424.tif
/work/csr33/images_for_predictions/naip_tiles/m_3507625_ne_18_060_20201018.tif
/work/csr33/images_for_predictions/naip_tiles/m_3507610_ne_18_060_20201001.tif
/work/csr33/images_for_predictions/naip_tiles/m_3008352_nw_17_060_20191121_20200114.tif
m_3311711_nw_11_060_20200424 340
/work/csr33/images_for_predictions/naip_tiles/m_3008129_sw_17_060_20211130.tif
m_3807647_se_18_060_20210623 320
m_3311846_nw_11_060_20200504 340
m_3507625_ne_18_060_20201018 340
m_3607731_se_18_060_20210827 357
m_3008624_sw_16_060_20191109_20200114 340
m_2709725_se_14_060_20200501 360
m_2909503_se_15_060_20201030 360
m_3108224_nw_17_060_20191110_20200102 340
m_2809614_se_14_060_20201029 360
m_3507610_ne_18_060_20201001 340
m_2908339_se_17_060_20211116 378
m_2708160_ne_17_060_20191129_20200113 360
m_2508132_sw_17_060_20211203 380
m_3008352_nw_17_060_20191121_20200114 360
m_3008129_sw_17_060_20211130 360
m_2909012_nw_15_030_20211130 1365
m_3108711_ne_16_030_20211115 1360
735.9868628978729
