load envirionment

/work/csr33/images_for_predictions/naip_tiles/m_2709743_se_14_060_20200501.tif
/work/csr33/images_for_predictions/naip_tiles/m_2909219_ne_15_060_20190706_20191001.tif
/work/csr33/images_for_predictions/naip_tiles/m_3507638_ne_18_060_20201018.tif
/work/csr33/images_for_predictions/naip_tiles/m_3807607_ne_18_060_20211020.tif
/work/csr33/images_for_predictions/naip_tiles/m_3507750_sw_18_060_20200904.tif
/work/csr33/images_for_predictions/naip_tiles/m_4307021_ne_19_060_20210722.tif
/work/csr33/images_for_predictions/naip_tiles/m_3807722_se_18_060_20210910.tif
/work/csr33/images_for_predictions/naip_tiles/m_3008711_se_16_030_20211222.tif
/work/csr33/images_for_predictions/naip_tiles/m_3008804_nw_16_030_20211123.tif
/work/csr33/images_for_predictions/naip_tiles/m_2708126_sw_17_060_20211202.tif
/work/csr33/images_for_predictions/naip_tiles/m_3412028_nw_10_1_20140924_20150115.tif
/work/csr33/images_for_predictions/naip_tiles/m_3008813_sw_16_030_20211112.tif
/work/csr33/images_for_predictions/naip_tiles/m_2608030_nw_17_060_20191203_20200113.tif
/work/csr33/images_for_predictions/naip_tiles/m_2909558_se_15_060_20201031.tif
/work/csr33/images_for_predictions/naip_tiles/m_4107427_se_18_060_20211106.tif
/work/csr33/images_for_predictions/naip_tiles/m_3907663_nw_18_060_20211020.tif
/work/csr33/images_for_predictions/naip_tiles/m_2709743_sw_14_060_20200501.tif
m_3412028_nw_10_1_20140924_20150115 132
/work/csr33/images_for_predictions/naip_tiles/m_3208108_sw_17_060_20210426.tif
m_4307021_ne_19_060_20210722 300
m_3807607_ne_18_060_20211020 320
m_3907663_nw_18_060_20211020 320
m_4107427_se_18_060_20211106 320
m_3507638_ne_18_060_20201018 340
m_3807722_se_18_060_20210910 357
m_2708126_sw_17_060_20211202 360
m_2608030_nw_17_060_20191203_20200113 360
m_2909219_ne_15_060_20190706_20191001 360
m_2909558_se_15_060_20201031 360
m_2709743_se_14_060_20200501 360
m_3507750_sw_18_060_20200904 378
m_2709743_sw_14_060_20200501 360
m_3208108_sw_17_060_20210426 340
m_3008804_nw_16_030_20211123 1400
m_3008711_se_16_030_20211222 1400
m_3008813_sw_16_030_20211112 1440
477.11059308052063
