load envirionment

/work/csr33/images_for_predictions/naip_tiles/m_2508051_se_17_060_20211203.tif
/work/csr33/images_for_predictions/naip_tiles/m_3311637_ne_11_060_20200415.tif
/work/csr33/images_for_predictions/naip_tiles/m_4506803_sw_19_060_20210816.tif
/work/csr33/images_for_predictions/naip_tiles/m_2709722_se_14_060_20200430.tif
/work/csr33/images_for_predictions/naip_tiles/m_2608206_sw_17_060_20211204.tif
/work/csr33/images_for_predictions/naip_tiles/m_4506860_ne_19_060_20210929.tif
/work/csr33/images_for_predictions/naip_tiles/m_2809763_nw_14_060_20200501.tif
/work/csr33/images_for_predictions/naip_tiles/m_3507616_ne_18_060_20200516.tif
/work/csr33/images_for_predictions/naip_tiles/m_2908119_ne_17_060_20211129.tif
/work/csr33/images_for_predictions/naip_tiles/m_3009135_se_15_030_20211114.tif
/work/csr33/images_for_predictions/naip_tiles/m_3009456_ne_15_060_20201102.tif
/work/csr33/images_for_predictions/naip_tiles/m_4506759_ne_19_060_20210723.tif
/work/csr33/images_for_predictions/naip_tiles/m_3008818_se_16_030_20211119.tif
/work/csr33/images_for_predictions/naip_tiles/m_2809747_sw_14_060_20200501.tif
/work/csr33/images_for_predictions/naip_tiles/m_3807744_ne_18_060_20210903.tif
/work/csr33/images_for_predictions/naip_tiles/m_2608130_nw_17_060_20191128_20200113.tif
/work/csr33/images_for_predictions/naip_tiles/m_3009259_nw_15_060_20190905_20191001.tif
m_4506803_sw_19_060_20210816 300
/work/csr33/images_for_predictions/naip_tiles/m_2608232_se_17_060_20211217.tif
m_4506759_ne_19_060_20210723 300
m_4506860_ne_19_060_20210929 300
m_2709722_se_14_060_20200430 360
m_3009456_ne_15_060_20201102 340
m_3807744_ne_18_060_20210903 340
m_3311637_ne_11_060_20200415 340
m_3507616_ne_18_060_20200516 340
m_2809747_sw_14_060_20200501 360
m_2508051_se_17_060_20211203 360
m_2809763_nw_14_060_20200501 360
m_2608130_nw_17_060_20191128_20200113 360
m_2908119_ne_17_060_20211129 360
m_2608206_sw_17_060_20211204 380
m_3009259_nw_15_060_20190905_20191001 360
m_2608232_se_17_060_20211217 360
m_3009135_se_15_030_20211114 1326
m_3008818_se_16_030_20211119 1400
355.1677141189575
