load envirionment

/work/csr33/images_for_predictions/naip_tiles/m_3009360_sw_15_060_20190726_20191001.tif
/work/csr33/images_for_predictions/naip_tiles/m_3009149_se_15_030_20211113.tif
/work/csr33/images_for_predictions/naip_tiles/m_2608102_se_17_060_20211223.tif
/work/csr33/images_for_predictions/naip_tiles/m_3008347_ne_17_060_20211116.tif
/work/csr33/images_for_predictions/naip_tiles/m_3311738_se_11_060_20200520.tif
/work/csr33/images_for_predictions/naip_tiles/m_2608207_sw_17_060_20211217.tif
/work/csr33/images_for_predictions/naip_tiles/m_3208136_ne_17_060_20191109_20200102.tif
/work/csr33/images_for_predictions/naip_tiles/m_3008834_sw_16_030_20211114.tif
/work/csr33/images_for_predictions/naip_tiles/m_4207345_se_18_060_20211107.tif
/work/csr33/images_for_predictions/naip_tiles/m_3009032_sw_15_030_20211123.tif
/work/csr33/images_for_predictions/naip_tiles/m_3009156_sw_15_030_20211119.tif
/work/csr33/images_for_predictions/naip_tiles/m_3311647_sw_11_060_20200415.tif
/work/csr33/images_for_predictions/naip_tiles/m_2808221_nw_17_060_20211130.tif
/work/csr33/images_for_predictions/naip_tiles/m_3307949_ne_17_060_20210508.tif
/work/csr33/images_for_predictions/naip_tiles/m_3407811_se_17_060_20200603.tif
/work/csr33/images_for_predictions/naip_tiles/m_3108728_se_16_030_20211115.tif
/work/csr33/images_for_predictions/naip_tiles/m_2708230_nw_17_060_20211130.tif
m_4207345_se_18_060_20211107 336
/work/csr33/images_for_predictions/naip_tiles/m_3009333_ne_15_060_20201102.tif
m_3311647_sw_11_060_20200415 340
m_3311738_se_11_060_20200520 340
m_3208136_ne_17_060_20191109_20200102 340
m_3307949_ne_17_060_20210508 340
m_2808221_nw_17_060_20211130 360
m_3407811_se_17_060_20200603 357
m_3009360_sw_15_060_20190726_20191001 360
m_3008347_ne_17_060_20211116 360
m_2608102_se_17_060_20211223 360
m_2608207_sw_17_060_20211217 380
m_3009333_ne_15_060_20201102 340
m_2708230_nw_17_060_20211130 360
m_3009149_se_15_030_20211113 1326
m_3009032_sw_15_030_20211123 1365
m_3009156_sw_15_030_20211119 1365
m_3108728_se_16_030_20211115 1360
m_3008834_sw_16_030_20211114 1476
594.4701299667358
