load envirionment

/work/csr33/images_for_predictions/naip_tiles/m_4007320_se_18_060_20211106.tif
/work/csr33/images_for_predictions/naip_tiles/m_2708223_ne_17_060_20211130.tif
/work/csr33/images_for_predictions/naip_tiles/m_2908332_sw_17_060_20211117.tif
/work/csr33/images_for_predictions/naip_tiles/m_3008601_ne_16_030_20211110.tif
/work/csr33/images_for_predictions/naip_tiles/m_2808213_nw_17_060_20211130.tif
/work/csr33/images_for_predictions/naip_tiles/m_3311845_ne_11_060_20200504.tif
/work/csr33/images_for_predictions/naip_tiles/m_4207140_ne_19_060_20211024.tif
/work/csr33/images_for_predictions/naip_tiles/m_3907561_nw_18_060_20211019.tif
/work/csr33/images_for_predictions/naip_tiles/m_3009561_se_15_060_20201118.tif
/work/csr33/images_for_predictions/naip_tiles/m_3009152_nw_15_030_20211114.tif
/work/csr33/images_for_predictions/naip_tiles/m_2608039_se_17_060_20191120_20200113.tif
/work/csr33/images_for_predictions/naip_tiles/m_2909209_sw_15_060_20190905_20191001.tif
/work/csr33/images_for_predictions/naip_tiles/m_3807608_sw_18_060_20210623.tif
/work/csr33/images_for_predictions/naip_tiles/m_2809505_ne_15_060_20201117.tif
/work/csr33/images_for_predictions/naip_tiles/m_3009319_sw_15_060_20201031.tif
/work/csr33/images_for_predictions/naip_tiles/m_4107036_se_19_060_20210904.tif
/work/csr33/images_for_predictions/naip_tiles/m_3008158_nw_17_060_20211129.tif
m_4207140_ne_19_060_20211024 320
/work/csr33/images_for_predictions/naip_tiles/m_4506848_ne_19_060_20210831.tif
m_3907561_nw_18_060_20211019 320
m_3807608_sw_18_060_20210623 320
m_4007320_se_18_060_20211106 336
m_4107036_se_19_060_20210904 336
m_3311845_ne_11_060_20200504 340
m_3009319_sw_15_060_20201031 340
m_2608039_se_17_060_20191120_20200113 360
m_2708223_ne_17_060_20211130 360
m_2909209_sw_15_060_20190905_20191001 360
m_3009561_se_15_060_20201118 360
m_2808213_nw_17_060_20211130 360
m_2809505_ne_15_060_20201117 360
m_2908332_sw_17_060_20211117 378
m_4506848_ne_19_060_20210831 300
m_3008158_nw_17_060_20211129 360
m_3009152_nw_15_030_20211114 1326
m_3008601_ne_16_030_20211110 1326
526.2303047180176
