load envirionment

/work/csr33/images_for_predictions/naip_tiles/m_2608117_sw_17_060_20211223.tif
/work/csr33/images_for_predictions/naip_tiles/m_3907426_se_18_060_20190730_20191209.tif
/work/csr33/images_for_predictions/naip_tiles/m_3008546_se_16_060_20191118_20200114.tif
/work/csr33/images_for_predictions/naip_tiles/m_3507652_nw_18_060_20201018.tif
/work/csr33/images_for_predictions/naip_tiles/m_2909310_sw_15_060_20190726_20191001.tif
/work/csr33/images_for_predictions/naip_tiles/m_3008743_ne_16_030_20211113.tif
/work/csr33/images_for_predictions/naip_tiles/m_4606842_sw_19_060_20210817.tif
/work/csr33/images_for_predictions/naip_tiles/m_3009044_se_15_060_20190831_20191001.tif
/work/csr33/images_for_predictions/naip_tiles/m_4007428_se_18_060_20190830_20191209.tif
/work/csr33/images_for_predictions/naip_tiles/m_3009303_nw_15_060_20201006.tif
/work/csr33/images_for_predictions/naip_tiles/m_3009037_nw_15_030_20211115.tif
/work/csr33/images_for_predictions/naip_tiles/m_3412006_se_10_060_20200523.tif
/work/csr33/images_for_predictions/naip_tiles/m_3211606_sw_11_060_20200415.tif
/work/csr33/images_for_predictions/naip_tiles/m_2608011_nw_17_060_20191203_20200113.tif
/work/csr33/images_for_predictions/naip_tiles/m_4107407_nw_18_060_20211105.tif
/work/csr33/images_for_predictions/naip_tiles/m_3008109_se_17_060_20211129.tif
/work/csr33/images_for_predictions/naip_tiles/m_3008112_sw_17_060_20211203.tif
m_4007428_se_18_060_20190830_20191209 300
/work/csr33/images_for_predictions/naip_tiles/m_3607616_ne_18_060_20210913.tif
m_4107407_nw_18_060_20211105 320
m_4606842_sw_19_060_20210817 300
m_3907426_se_18_060_20190730_20191209 320
m_3009303_nw_15_060_20201006 340
m_3507652_nw_18_060_20201018 340
m_3211606_sw_11_060_20200415 340
m_3412006_se_10_060_20200523 340
m_3008546_se_16_060_20191118_20200114 340
m_2909310_sw_15_060_20190726_20191001 360
m_2608011_nw_17_060_20191203_20200113 360
m_3008109_se_17_060_20211129 360
m_2608117_sw_17_060_20211223 380
m_3009044_se_15_060_20190831_20191001 378
m_3008112_sw_17_060_20211203 340
m_3607616_ne_18_060_20210913 340
m_3009037_nw_15_030_20211115 1365
m_3008743_ne_16_030_20211113 1400
571.6367859840393
