load envirionment

/work/csr33/images_for_predictions/naip_tiles/m_4506726_ne_19_060_20210815.tif
/work/csr33/images_for_predictions/naip_tiles/m_3009432_se_15_060_20201102.tif
/work/csr33/images_for_predictions/naip_tiles/m_2508020_sw_17_060_20211203.tif
/work/csr33/images_for_predictions/naip_tiles/m_2809614_sw_14_060_20200501.tif
/work/csr33/images_for_predictions/naip_tiles/m_2908113_nw_17_060_20211130.tif
/work/csr33/images_for_predictions/naip_tiles/m_3411918_nw_11_060_20200607.tif
/work/csr33/images_for_predictions/naip_tiles/m_3607748_sw_18_060_20200922.tif
/work/csr33/images_for_predictions/naip_tiles/m_4506727_se_19_060_20210723.tif
/work/csr33/images_for_predictions/naip_tiles/m_3807650_sw_18_060_20210910.tif
/work/csr33/images_for_predictions/naip_tiles/m_4207139_sw_19_060_20211024.tif
/work/csr33/images_for_predictions/naip_tiles/m_3407821_sw_17_060_20200603.tif
/work/csr33/images_for_predictions/naip_tiles/m_3008340_nw_17_060_20211116.tif
/work/csr33/images_for_predictions/naip_tiles/m_3208131_sw_17_060_20210426.tif
/work/csr33/images_for_predictions/naip_tiles/m_3008724_se_16_060_20191103_20200114.tif
/work/csr33/images_for_predictions/naip_tiles/m_3707761_se_18_060_20210903.tif
/work/csr33/images_for_predictions/naip_tiles/m_3411955_nw_11_060_20200524.tif
/work/csr33/images_for_predictions/naip_tiles/m_3009047_nw_15_030_20211116.tif
m_4506727_se_19_060_20210723 300
/work/csr33/images_for_predictions/naip_tiles/m_2908128_nw_17_060_20211129.tif
m_4506726_ne_19_060_20210815 300
m_3411955_nw_11_060_20200524 340
m_2809614_sw_14_060_20200501 360
m_4207139_sw_19_060_20211024 336
m_3208131_sw_17_060_20210426 340
m_3411918_nw_11_060_20200607 340
m_3009432_se_15_060_20201102 340
m_3008724_se_16_060_20191103_20200114 340
m_3807650_sw_18_060_20210910 357
m_3707761_se_18_060_20210903 357
m_3607748_sw_18_060_20200922 357
m_3008340_nw_17_060_20211116 360
m_2908113_nw_17_060_20211130 360
m_3407821_sw_17_060_20200603 378
m_2508020_sw_17_060_20211203 380
m_2908128_nw_17_060_20211129 360
m_3009047_nw_15_030_20211116 1365
361.3610191345215
