load envirionment

/work/csr33/images_for_predictions/naip_tiles/m_3507610_sw_18_060_20200922.tif
/work/csr33/images_for_predictions/naip_tiles/m_3407822_nw_17_060_20200603.tif
/work/csr33/images_for_predictions/naip_tiles/m_2908131_nw_17_060_20211130.tif
/work/csr33/images_for_predictions/naip_tiles/m_3008214_nw_17_060_20191110_20200108.tif
/work/csr33/images_for_predictions/naip_tiles/m_3607621_sw_18_060_20210926.tif
/work/csr33/images_for_predictions/naip_tiles/m_3108863_nw_16_030_20211123.tif
/work/csr33/images_for_predictions/naip_tiles/m_3009160_ne_15_030_20211114.tif
/work/csr33/images_for_predictions/naip_tiles/m_3807761_ne_18_060_20210903.tif
/work/csr33/images_for_predictions/naip_tiles/m_3507609_se_18_060_20200922.tif
/work/csr33/images_for_predictions/naip_tiles/m_3009025_se_15_030_20211119.tif
/work/csr33/images_for_predictions/naip_tiles/m_2809739_se_14_060_20201029.tif
/work/csr33/images_for_predictions/naip_tiles/m_3009052_se_15_060_20190831_20191001.tif
/work/csr33/images_for_predictions/naip_tiles/m_3009314_se_15_060_20190904_20191001.tif
/work/csr33/images_for_predictions/naip_tiles/m_2708044_nw_17_060_20191215_20200113.tif
/work/csr33/images_for_predictions/naip_tiles/m_2608014_se_17_060_20191120_20200113.tif
/work/csr33/images_for_predictions/naip_tiles/m_3008159_sw_17_060_20211129.tif
/work/csr33/images_for_predictions/naip_tiles/m_2908134_se_17_060_20211129.tif
m_3607621_sw_18_060_20210926 340
/work/csr33/images_for_predictions/naip_tiles/m_3907459_nw_18_060_20190730_20191209.tif
m_3807761_ne_18_060_20210903 340
m_3008214_nw_17_060_20191110_20200108 340
m_3507610_sw_18_060_20200922 357
m_2908131_nw_17_060_20211130 360
m_3008159_sw_17_060_20211129 360
m_3009314_se_15_060_20190904_20191001 360
m_3507609_se_18_060_20200922 357
m_2708044_nw_17_060_20191215_20200113 360
m_2608014_se_17_060_20191120_20200113 360
m_2809739_se_14_060_20201029 360
m_3407822_nw_17_060_20200603 360
m_3009052_se_15_060_20190831_20191001 378
m_3907459_nw_18_060_20190730_20191209 320
m_2908134_se_17_060_20211129 360
m_3009025_se_15_030_20211119 1326
m_3009160_ne_15_030_20211114 1326
m_3108863_nw_16_030_20211123 1400
873.2894411087036
