load envirionment

/work/csr33/images_for_predictions/naip_tiles/m_3008542_se_16_060_20191109_20200114.tif
/work/csr33/images_for_predictions/naip_tiles/m_2509707_nw_14_060_20201029.tif
/work/csr33/images_for_predictions/naip_tiles/m_3009114_sw_15_030_20211114.tif
/work/csr33/images_for_predictions/naip_tiles/m_3008718_nw_16_030_20211119.tif
/work/csr33/images_for_predictions/naip_tiles/m_3407720_nw_18_060_20200930.tif
/work/csr33/images_for_predictions/naip_tiles/m_3411757_se_11_060_20200424.tif
/work/csr33/images_for_predictions/naip_tiles/m_2908912_nw_16_030_20211129.tif
/work/csr33/images_for_predictions/naip_tiles/m_3009461_se_15_060_20201112.tif
/work/csr33/images_for_predictions/naip_tiles/m_3211623_nw_11_060_20200415.tif
/work/csr33/images_for_predictions/naip_tiles/m_2909140_sw_15_060_20190831_20191001.tif
/work/csr33/images_for_predictions/naip_tiles/m_3507638_sw_18_060_20201018.tif
/work/csr33/images_for_predictions/naip_tiles/m_2909512_se_15_060_20201118.tif
/work/csr33/images_for_predictions/naip_tiles/m_4207059_sw_19_060_20210904.tif
/work/csr33/images_for_predictions/naip_tiles/m_2909023_ne_15_030_20211123.tif
/work/csr33/images_for_predictions/naip_tiles/m_3411964_nw_11_060_20200524.tif
/work/csr33/images_for_predictions/naip_tiles/m_4107347_se_18_060_20211106.tif
/work/csr33/images_for_predictions/naip_tiles/m_3307929_se_17_060_20210501.tif
m_2509707_nw_14_060_20201029 360
/work/csr33/images_for_predictions/naip_tiles/m_2809758_nw_14_060_20201116.tif
m_4107347_se_18_060_20211106 336
m_4207059_sw_19_060_20210904 336
m_3411757_se_11_060_20200424 340
m_3211623_nw_11_060_20200415 340
m_3507638_sw_18_060_20201018 340
m_3411964_nw_11_060_20200524 340
m_3008542_se_16_060_20191109_20200114 340
m_3009461_se_15_060_20201112 340
m_3407720_nw_18_060_20200930 360
m_2909512_se_15_060_20201118 360
m_2909140_sw_15_060_20190831_20191001 378
m_3307929_se_17_060_20210501 340
m_2809758_nw_14_060_20201116 360
m_3009114_sw_15_030_20211114 1326
m_2908912_nw_16_030_20211129 1365
m_2909023_ne_15_030_20211123 1365
m_3008718_nw_16_030_20211119 1400
329.30509090423584
