load envirionment

/work/csr33/images_for_predictions/naip_tiles/m_3108815_se_16_030_20211120.tif
/work/csr33/images_for_predictions/naip_tiles/m_3707611_sw_18_060_20210912.tif
/work/csr33/images_for_predictions/naip_tiles/m_4307042_ne_19_060_20211007.tif
/work/csr33/images_for_predictions/naip_tiles/m_3008958_nw_16_030_20211116.tif
/work/csr33/images_for_predictions/naip_tiles/m_4007314_ne_18_060_20211103.tif
/work/csr33/images_for_predictions/naip_tiles/m_3108133_nw_17_060_20191110_20200102.tif
/work/csr33/images_for_predictions/naip_tiles/m_3009237_nw_15_030_20211222.tif
/work/csr33/images_for_predictions/naip_tiles/m_3009062_nw_15_030_20211130.tif
/work/csr33/images_for_predictions/naip_tiles/m_3307917_nw_17_060_20210508.tif
/work/csr33/images_for_predictions/naip_tiles/m_4207448_ne_18_060_20210920.tif
/work/csr33/images_for_predictions/naip_tiles/m_3008319_se_17_060_20211222.tif
/work/csr33/images_for_predictions/naip_tiles/m_3507730_sw_18_060_20200930.tif
/work/csr33/images_for_predictions/naip_tiles/m_2709752_nw_14_060_20200430.tif
/work/csr33/images_for_predictions/naip_tiles/m_2809512_sw_15_060_20201117.tif
/work/csr33/images_for_predictions/naip_tiles/m_3008247_ne_17_060_20211202.tif
/work/csr33/images_for_predictions/naip_tiles/m_3807501_se_18_060_20210606.tif
/work/csr33/images_for_predictions/naip_tiles/m_3507746_ne_18_060_20200930.tif
m_4207448_ne_18_060_20210920 320
/work/csr33/images_for_predictions/naip_tiles/m_3407846_nw_17_060_20201102.tif
m_4307042_ne_19_060_20211007 320
m_3807501_se_18_060_20210606 320
m_4007314_ne_18_060_20211103 320
m_3507730_sw_18_060_20200930 357
m_3307917_nw_17_060_20210508 340
m_3108133_nw_17_060_20191110_20200102 340
m_3008319_se_17_060_20211222 360
m_3707611_sw_18_060_20210912 357
m_2709752_nw_14_060_20200430 360
m_2809512_sw_15_060_20201117 360
m_3008247_ne_17_060_20211202 360
m_3507746_ne_18_060_20200930 340
m_3407846_nw_17_060_20201102 360
m_3009237_nw_15_030_20211222 1326
m_3009062_nw_15_030_20211130 1365
m_3008958_nw_16_030_20211116 1365
m_3108815_se_16_030_20211120 1400
416.31599521636963
