load envirionment

/work/csr33/images_for_predictions/naip_tiles/m_3907551_nw_18_060_20210629.tif
/work/csr33/images_for_predictions/naip_tiles/m_3008845_nw_16_030_20211114.tif
/work/csr33/images_for_predictions/naip_tiles/m_3507748_ne_18_060_20201031.tif
/work/csr33/images_for_predictions/naip_tiles/m_2708216_nw_17_060_20211202.tif
/work/csr33/images_for_predictions/naip_tiles/m_3008142_nw_17_060_20211129.tif
/work/csr33/images_for_predictions/naip_tiles/m_3907661_se_18_060_20210606.tif
/work/csr33/images_for_predictions/naip_tiles/m_3807707_se_18_060_20210630.tif
/work/csr33/images_for_predictions/naip_tiles/m_2609736_ne_14_060_20201029.tif
/work/csr33/images_for_predictions/naip_tiles/m_3707730_se_18_060_20210903.tif
/work/csr33/images_for_predictions/naip_tiles/m_2808253_ne_17_060_20211130.tif
/work/csr33/images_for_predictions/naip_tiles/m_2508007_nw_17_060_20191120_20200113.tif
/work/csr33/images_for_predictions/naip_tiles/m_3009143_sw_15_030_20211113.tif
/work/csr33/images_for_predictions/naip_tiles/m_2608044_se_17_060_20191203_20200113.tif
/work/csr33/images_for_predictions/naip_tiles/m_3008704_se_16_060_20191103_20200114.tif
/work/csr33/images_for_predictions/naip_tiles/m_3009341_nw_15_060_20201102.tif
/work/csr33/images_for_predictions/naip_tiles/m_2609750_se_14_060_20201029.tif
/work/csr33/images_for_predictions/naip_tiles/m_4107127_nw_19_060_20210926.tif
m_3907661_se_18_060_20210606 320
/work/csr33/images_for_predictions/naip_tiles/m_2908234_nw_17_060_20211129.tif
m_2708216_nw_17_060_20211202 360
m_3008142_nw_17_060_20211129 360
m_2808253_ne_17_060_20211130 360
m_3907551_nw_18_060_20210629 320
m_3807707_se_18_060_20210630 336
m_2608044_se_17_060_20191203_20200113 360
m_3507748_ne_18_060_20201031 340
m_2609736_ne_14_060_20201029 360
m_3707730_se_18_060_20210903 357
m_3009341_nw_15_060_20201102 340
m_3008704_se_16_060_20191103_20200114 340
m_2508007_nw_17_060_20191120_20200113 360
m_2609750_se_14_060_20201029 360
m_4107127_nw_19_060_20210926 320
m_2908234_nw_17_060_20211129 360
m_3008845_nw_16_030_20211114 1440
m_3009143_sw_15_030_20211113 1326
192.44191122055054
