load envirionment

/work/csr33/images_for_predictions/naip_tiles/m_3009246_ne_15_030_20211222.tif
/work/csr33/images_for_predictions/naip_tiles/m_4207359_sw_18_060_20211107.tif
/work/csr33/images_for_predictions/naip_tiles/m_3807561_se_18_060_20210605.tif
/work/csr33/images_for_predictions/naip_tiles/m_2609726_ne_14_060_20201001.tif
/work/csr33/images_for_predictions/naip_tiles/m_4506856_nw_19_060_20210911.tif
/work/csr33/images_for_predictions/naip_tiles/m_3807713_se_18_060_20210910.tif
/work/csr33/images_for_predictions/naip_tiles/m_3009255_nw_15_030_20211212.tif
/work/csr33/images_for_predictions/naip_tiles/m_2908252_ne_17_060_20211129.tif
/work/csr33/images_for_predictions/naip_tiles/m_3807542_ne_18_060_20210618.tif
/work/csr33/images_for_predictions/naip_tiles/m_4107221_se_18_060_20210926.tif
/work/csr33/images_for_predictions/naip_tiles/m_2808236_ne_17_060_20211130.tif
/work/csr33/images_for_predictions/naip_tiles/m_2608104_sw_17_060_20191129_20200113.tif
/work/csr33/images_for_predictions/naip_tiles/m_2609704_ne_14_060_20200430.tif
/work/csr33/images_for_predictions/naip_tiles/m_4207137_sw_19_060_20210826.tif
/work/csr33/images_for_predictions/naip_tiles/m_2708019_se_17_060_20191215_20200113.tif
/work/csr33/images_for_predictions/naip_tiles/m_4307012_se_19_060_20211007.tif
/work/csr33/images_for_predictions/naip_tiles/m_3507650_se_18_060_20201031.tif
m_4506856_nw_19_060_20210911 300
/work/csr33/images_for_predictions/naip_tiles/m_3008535_ne_16_060_20191118_20200114.tif
m_4307012_se_19_060_20211007 315
m_4207359_sw_18_060_20211107 320
m_3807542_ne_18_060_20210618 320
m_3807561_se_18_060_20210605 320
m_4107221_se_18_060_20210926 336
m_4207137_sw_19_060_20210826 336
m_3807713_se_18_060_20210910 357
m_2708019_se_17_060_20191215_20200113 360
m_2808236_ne_17_060_20211130 360
m_2908252_ne_17_060_20211129 360
m_2608104_sw_17_060_20191129_20200113 360
m_2609726_ne_14_060_20201001 360
m_2609704_ne_14_060_20200430 360
m_3008535_ne_16_060_20191118_20200114 340
m_3507650_se_18_060_20201031 357
m_3009246_ne_15_030_20211222 1326
m_3009255_nw_15_030_20211212 1326
417.34364771842957
