load envirionment

/work/csr33/images_for_predictions/naip_tiles/m_3108121_nw_17_060_20191110_20200102.tif
/work/csr33/images_for_predictions/naip_tiles/m_4107264_se_18_060_20210926.tif
/work/csr33/images_for_predictions/naip_tiles/m_3907543_se_18_060_20210630.tif
/work/csr33/images_for_predictions/naip_tiles/m_2609752_sw_14_060_20201209.tif
/work/csr33/images_for_predictions/naip_tiles/m_4606850_sw_19_060_20210817.tif
/work/csr33/images_for_predictions/naip_tiles/m_3009317_nw_15_060_20201102.tif
/work/csr33/images_for_predictions/naip_tiles/m_3211618_nw_11_060_20200425.tif
/work/csr33/images_for_predictions/naip_tiles/m_3009338_ne_15_060_20190901_20191001.tif
/work/csr33/images_for_predictions/naip_tiles/m_2508010_se_17_060_20211203.tif
/work/csr33/images_for_predictions/naip_tiles/m_2708263_ne_17_060_20211130.tif
/work/csr33/images_for_predictions/naip_tiles/m_4307147_nw_19_060_20211024.tif
/work/csr33/images_for_predictions/naip_tiles/m_3008343_nw_17_060_20191113_20200114.tif
/work/csr33/images_for_predictions/naip_tiles/m_2909154_ne_15_060_20190830_20191001.tif
/work/csr33/images_for_predictions/naip_tiles/m_2608206_ne_17_060_20211204.tif
/work/csr33/images_for_predictions/naip_tiles/m_3008224_se_17_060_20211202.tif
/work/csr33/images_for_predictions/naip_tiles/m_2708053_ne_17_060_20191215_20200113.tif
/work/csr33/images_for_predictions/naip_tiles/m_3008133_se_17_060_20211129.tif
m_4606850_sw_19_060_20210817 300
/work/csr33/images_for_predictions/naip_tiles/m_3807654_nw_18_060_20211020.tif
m_4307147_nw_19_060_20211024 320
m_3907543_se_18_060_20210630 320
m_4107264_se_18_060_20210926 336
m_3008224_se_17_060_20211202 360
m_3211618_nw_11_060_20200425 340
m_3009317_nw_15_060_20201102 340
m_3108121_nw_17_060_20191110_20200102 340
m_2508010_se_17_060_20211203 360
m_2909154_ne_15_060_20190830_20191001 360
m_3009338_ne_15_060_20190901_20191001 360
m_2708053_ne_17_060_20191215_20200113 360
m_3008343_nw_17_060_20191113_20200114 360
m_2708263_ne_17_060_20211130 360
m_2609752_sw_14_060_20201209 360
m_2608206_ne_17_060_20211204 360
m_3807654_nw_18_060_20211020 320
m_3008133_se_17_060_20211129 360
275.44167613983154
