load envirionment

/work/csr33/images_for_predictions/naip_tiles/m_3108133_sw_17_060_20191110_20200102.tif
/work/csr33/images_for_predictions/naip_tiles/m_3108136_nw_17_060_20211203.tif
/work/csr33/images_for_predictions/naip_tiles/m_3807759_sw_18_060_20210910.tif
/work/csr33/images_for_predictions/naip_tiles/m_3807537_nw_18_060_20211019.tif
/work/csr33/images_for_predictions/naip_tiles/m_3109462_se_15_060_20201030.tif
/work/csr33/images_for_predictions/naip_tiles/m_2909422_nw_15_060_20201112.tif
/work/csr33/images_for_predictions/naip_tiles/m_4107035_se_19_060_20210904.tif
/work/csr33/images_for_predictions/naip_tiles/m_4107354_se_18_060_20211103.tif
/work/csr33/images_for_predictions/naip_tiles/m_3308053_se_17_060_20210501.tif
/work/csr33/images_for_predictions/naip_tiles/m_3807627_sw_18_060_20210617.tif
/work/csr33/images_for_predictions/naip_tiles/m_3807520_nw_18_060_20211019.tif
/work/csr33/images_for_predictions/naip_tiles/m_4207333_nw_18_060_20210920.tif
/work/csr33/images_for_predictions/naip_tiles/m_3008134_ne_17_060_20211129.tif
/work/csr33/images_for_predictions/naip_tiles/m_3008563_se_16_060_20191118_20200114.tif
/work/csr33/images_for_predictions/naip_tiles/m_4406717_sw_19_060_20210815.tif
/work/csr33/images_for_predictions/naip_tiles/m_3211724_se_11_060_20200520.tif
/work/csr33/images_for_predictions/naip_tiles/m_3108864_sw_16_030_20211120.tif
m_4406717_sw_19_060_20210815 300
/work/csr33/images_for_predictions/naip_tiles/m_4107129_nw_19_060_20210826.tif
m_3807520_nw_18_060_20211019 320
m_3807537_nw_18_060_20211019 320
m_4107354_se_18_060_20211103 336
m_3807627_sw_18_060_20210617 320
m_4207333_nw_18_060_20210920 320
m_4107035_se_19_060_20210904 336
m_3108136_nw_17_060_20211203 340
m_3108133_sw_17_060_20191110_20200102 340
m_3308053_se_17_060_20210501 340
m_3109462_se_15_060_20201030 340
m_2909422_nw_15_060_20201112 340
m_3211724_se_11_060_20200520 340
m_3008563_se_16_060_20191118_20200114 360
m_3807759_sw_18_060_20210910 357
m_3008134_ne_17_060_20211129 360
m_4107129_nw_19_060_20210826 320
m_3108864_sw_16_030_20211120 1400
472.0320358276367
