load envirionment

/work/csr33/images_for_predictions/naip_tiles/m_3008822_se_16_030_20211119.tif
/work/csr33/images_for_predictions/naip_tiles/m_2808239_ne_17_060_20211130.tif
/work/csr33/images_for_predictions/naip_tiles/m_3507551_nw_18_060_20201018.tif
/work/csr33/images_for_predictions/naip_tiles/m_3411863_sw_11_060_20200505.tif
/work/csr33/images_for_predictions/naip_tiles/m_2708202_se_17_060_20211201.tif
/work/csr33/images_for_predictions/naip_tiles/m_3009063_sw_15_030_20211123.tif
/work/csr33/images_for_predictions/naip_tiles/m_3208122_nw_17_060_20210426.tif
/work/csr33/images_for_predictions/naip_tiles/m_4007202_se_18_060_20211105.tif
/work/csr33/images_for_predictions/naip_tiles/m_3807534_ne_18_060_20210618.tif
/work/csr33/images_for_predictions/naip_tiles/m_3907645_ne_18_060_20210606.tif
/work/csr33/images_for_predictions/naip_tiles/m_2809639_nw_14_060_20201029.tif
/work/csr33/images_for_predictions/naip_tiles/m_3009339_se_15_060_20190901_20191001.tif
/work/csr33/images_for_predictions/naip_tiles/m_3807524_sw_18_060_20210624.tif
/work/csr33/images_for_predictions/naip_tiles/m_3307924_se_17_060_20210501.tif
/work/csr33/images_for_predictions/naip_tiles/m_2608162_ne_17_060_20191128_20200113.tif
/work/csr33/images_for_predictions/naip_tiles/m_2609750_ne_14_060_20201029.tif
/work/csr33/images_for_predictions/naip_tiles/m_2908927_ne_16_030_20211202.tif
m_3907645_ne_18_060_20210606 320
/work/csr33/images_for_predictions/naip_tiles/m_2708245_sw_17_060_20211130.tif
m_3807534_ne_18_060_20210618 320
m_3807524_sw_18_060_20210624 320
m_4007202_se_18_060_20211105 336
m_3411863_sw_11_060_20200505 340
m_3208122_nw_17_060_20210426 340
m_3507551_nw_18_060_20201018 340
m_3307924_se_17_060_20210501 340
m_2708202_se_17_060_20211201 360
m_2809639_nw_14_060_20201029 360
m_2609750_ne_14_060_20201029 360
m_2808239_ne_17_060_20211130 360
m_3009339_se_15_060_20190901_20191001 360
m_2608162_ne_17_060_20191128_20200113 360
m_2708245_sw_17_060_20211130 380
m_3009063_sw_15_030_20211123 1365
m_3008822_se_16_030_20211119 1400
m_2908927_ne_16_030_20211202 1365
1434.7749750614166
