load envirionment

/work/csr33/images_for_predictions/naip_tiles/m_3907756_ne_18_060_20210617.tif
/work/csr33/images_for_predictions/naip_tiles/m_2708059_sw_17_060_20191215_20200113.tif
/work/csr33/images_for_predictions/naip_tiles/m_4406707_ne_19_060_20210711.tif
/work/csr33/images_for_predictions/naip_tiles/m_3109349_se_15_060_20201006.tif
/work/csr33/images_for_predictions/naip_tiles/m_3008440_nw_16_060_20191205_20200114.tif
/work/csr33/images_for_predictions/naip_tiles/m_2909128_se_15_060_20190706_20191001.tif
/work/csr33/images_for_predictions/naip_tiles/m_4107037_sw_19_060_20210904.tif
/work/csr33/images_for_predictions/naip_tiles/m_3211716_nw_11_060_20200428.tif
/work/csr33/images_for_predictions/naip_tiles/m_2608014_ne_17_060_20211207.tif
/work/csr33/images_for_predictions/naip_tiles/m_2508013_se_17_060_20191126_20200113.tif
/work/csr33/images_for_predictions/naip_tiles/m_4506863_se_19_060_20210911.tif
/work/csr33/images_for_predictions/naip_tiles/m_4406609_sw_19_060_20210711.tif
/work/csr33/images_for_predictions/naip_tiles/m_4406938_se_19_060_20211006.tif
/work/csr33/images_for_predictions/naip_tiles/m_4307042_sw_19_060_20211007.tif
/work/csr33/images_for_predictions/naip_tiles/m_3607755_sw_18_060_20200922.tif
/work/csr33/images_for_predictions/naip_tiles/m_2908962_se_16_030_20211130.tif
/work/csr33/images_for_predictions/naip_tiles/m_3208164_nw_17_060_20210507.tif
m_4406938_se_19_060_20211006 300
/work/csr33/images_for_predictions/naip_tiles/m_4107445_se_18_060_20211106.tif
m_4406609_sw_19_060_20210711 315
m_4406707_ne_19_060_20210711 300
m_4506863_se_19_060_20210911 300
m_3211716_nw_11_060_20200428 340
m_3907756_ne_18_060_20210617 320
m_4307042_sw_19_060_20211007 336
m_4107037_sw_19_060_20210904 336
m_3109349_se_15_060_20201006 340
m_3607755_sw_18_060_20200922 357
m_2909128_se_15_060_20190706_20191001 360
m_2708059_sw_17_060_20191215_20200113 360
m_2608014_ne_17_060_20211207 360
m_3008440_nw_16_060_20191205_20200114 360
m_2508013_se_17_060_20191126_20200113 360
m_4107445_se_18_060_20211106 320
m_3208164_nw_17_060_20210507 340
m_2908962_se_16_030_20211130 1365
360.5549910068512
