load envirionment

/work/csr33/images_for_predictions/naip_tiles/m_3607650_se_18_060_20200516.tif
/work/csr33/images_for_predictions/naip_tiles/m_3008548_nw_16_060_20191128_20200114.tif
/work/csr33/images_for_predictions/naip_tiles/m_4406954_sw_19_060_20210904.tif
/work/csr33/images_for_predictions/naip_tiles/m_3009437_ne_15_060_20201112.tif
/work/csr33/images_for_predictions/naip_tiles/m_3311714_nw_11_060_20200423.tif
/work/csr33/images_for_predictions/naip_tiles/m_4406727_sw_19_060_20210907.tif
/work/csr33/images_for_predictions/naip_tiles/m_2508009_ne_17_060_20211203.tif
/work/csr33/images_for_predictions/naip_tiles/m_3907648_nw_18_060_20211020.tif
/work/csr33/images_for_predictions/naip_tiles/m_3512055_sw_10_060_20200522.tif
/work/csr33/images_for_predictions/naip_tiles/m_3009354_sw_15_060_20190905_20191001.tif
/work/csr33/images_for_predictions/naip_tiles/m_3008725_ne_16_030_20211119.tif
/work/csr33/images_for_predictions/naip_tiles/m_3707644_nw_18_060_20210926.tif
/work/csr33/images_for_predictions/naip_tiles/m_3807763_sw_18_060_20210630.tif
/work/csr33/images_for_predictions/naip_tiles/m_3707731_nw_18_060_20210912.tif
/work/csr33/images_for_predictions/naip_tiles/m_3008927_ne_16_030_20211119.tif
/work/csr33/images_for_predictions/naip_tiles/m_3807511_nw_18_060_20210623.tif
/work/csr33/images_for_predictions/naip_tiles/m_2908303_ne_17_060_20191121_20200114.tif
m_4406727_sw_19_060_20210907 300
/work/csr33/images_for_predictions/naip_tiles/m_2909013_se_15_030_20211130.tif
m_4406954_sw_19_060_20210904 300
m_3807511_nw_18_060_20210623 320
m_3907648_nw_18_060_20211020 320
m_3008548_nw_16_060_20191128_20200114 340
m_3707644_nw_18_060_20210926 340
m_3512055_sw_10_060_20200522 340
m_3311714_nw_11_060_20200423 340
m_3707731_nw_18_060_20210912 340
m_3009437_ne_15_060_20201112 340
m_3807763_sw_18_060_20210630 357
m_3607650_se_18_060_20200516 357
m_3009354_sw_15_060_20190905_20191001 360
m_2508009_ne_17_060_20211203 360
m_2908303_ne_17_060_20191121_20200114 360
m_3008725_ne_16_030_20211119 1400
m_3008927_ne_16_030_20211119 1400
m_2909013_se_15_030_20211130 1365
405.2457046508789
