load envirionment

/work/csr33/images_for_predictions/naip_tiles/m_3008134_se_17_060_20211129.tif
/work/csr33/images_for_predictions/naip_tiles/m_3308032_nw_17_060_20210501.tif
/work/csr33/images_for_predictions/naip_tiles/m_2709706_se_14_060_20200430.tif
/work/csr33/images_for_predictions/naip_tiles/m_4407059_ne_19_060_20211007.tif
/work/csr33/images_for_predictions/naip_tiles/m_2708029_ne_17_060_20191215_20200113.tif
/work/csr33/images_for_predictions/naip_tiles/m_4107107_nw_19_060_20210826.tif
/work/csr33/images_for_predictions/naip_tiles/m_3311611_nw_11_060_20200615.tif
/work/csr33/images_for_predictions/naip_tiles/m_2708135_se_17_060_20191129_20200113.tif
/work/csr33/images_for_predictions/naip_tiles/m_3607612_nw_18_060_20210926.tif
/work/csr33/images_for_predictions/naip_tiles/m_3009313_nw_15_060_20190904_20191001.tif
/work/csr33/images_for_predictions/naip_tiles/m_3108728_sw_16_030_20211115.tif
/work/csr33/images_for_predictions/naip_tiles/m_2909404_se_15_060_20201112.tif
/work/csr33/images_for_predictions/naip_tiles/m_4107413_nw_18_060_20211106.tif
/work/csr33/images_for_predictions/naip_tiles/m_3008242_nw_17_060_20211130.tif
/work/csr33/images_for_predictions/naip_tiles/m_4207156_ne_19_060_20210826.tif
/work/csr33/images_for_predictions/naip_tiles/m_4107240_nw_18_060_20210926.tif
/work/csr33/images_for_predictions/naip_tiles/m_4107262_sw_18_060_20210926.tif
m_4407059_ne_19_060_20211007 300
/work/csr33/images_for_predictions/naip_tiles/m_2508049_nw_17_060_20211203.tif
m_4207156_ne_19_060_20210826 320
m_4107107_nw_19_060_20210826 320
m_4107413_nw_18_060_20211106 320
m_4107240_nw_18_060_20210926 320
m_3607612_nw_18_060_20210926 340
m_2909404_se_15_060_20201112 340
m_3311611_nw_11_060_20200615 340
m_3308032_nw_17_060_20210501 340
m_2708135_se_17_060_20191129_20200113 360
m_3008134_se_17_060_20211129 360
m_2708029_ne_17_060_20191215_20200113 360
m_3009313_nw_15_060_20190904_20191001 360
m_3008242_nw_17_060_20211130 360
m_2709706_se_14_060_20200430 360
m_4107262_sw_18_060_20210926 336
m_2508049_nw_17_060_20211203 380
m_3108728_sw_16_030_20211115 1400
355.1932134628296
