load envirionment

/work/csr33/images_for_predictions/naip_tiles/m_3707738_se_18_060_20210912.tif
/work/csr33/images_for_predictions/naip_tiles/m_4107241_sw_18_060_20211105.tif
/work/csr33/images_for_predictions/naip_tiles/m_3108845_ne_16_030_20211123.tif
/work/csr33/images_for_predictions/naip_tiles/m_2909423_ne_15_060_20201102.tif
/work/csr33/images_for_predictions/naip_tiles/m_3009239_sw_15_030_20211212.tif
/work/csr33/images_for_predictions/naip_tiles/m_3707739_se_18_060_20210912.tif
/work/csr33/images_for_predictions/naip_tiles/m_3009139_se_15_030_20211114.tif
/work/csr33/images_for_predictions/naip_tiles/m_2909657_sw_14_060_20201116.tif
/work/csr33/images_for_predictions/naip_tiles/m_3108742_se_16_030_20211115.tif
/work/csr33/images_for_predictions/naip_tiles/m_3008919_nw_16_030_20211119.tif
/work/csr33/images_for_predictions/naip_tiles/m_3108254_ne_17_060_20191110_20200102.tif
/work/csr33/images_for_predictions/naip_tiles/m_4107111_nw_19_060_20210926.tif
/work/csr33/images_for_predictions/naip_tiles/m_3907639_se_18_060_20180826_20190212.tif
/work/csr33/images_for_predictions/naip_tiles/m_3008732_nw_16_060_20191103_20200114.tif
/work/csr33/images_for_predictions/naip_tiles/m_3008921_nw_16_030_20211119.tif
/work/csr33/images_for_predictions/naip_tiles/m_3108112_sw_17_060_20191110_20200102.tif
/work/csr33/images_for_predictions/naip_tiles/m_3108154_nw_17_060_20211203.tif
m_3907639_se_18_060_20180826_20190212 320
/work/csr33/images_for_predictions/naip_tiles/m_4107429_sw_18_060_20211106.tif
m_4107241_sw_18_060_20211105 336
m_3707739_se_18_060_20210912 357
m_4107111_nw_19_060_20210926 320
m_2909423_ne_15_060_20201102 340
m_3108112_sw_17_060_20191110_20200102 340
m_3108254_ne_17_060_20191110_20200102 340
m_3008732_nw_16_060_20191103_20200114 340
m_2909657_sw_14_060_20201116 360
m_3707738_se_18_060_20210912 357
m_4107429_sw_18_060_20211106 320
m_3108154_nw_17_060_20211203 340
m_3009139_se_15_030_20211114 1326
m_3009239_sw_15_030_20211212 1326
m_3108845_ne_16_030_20211123 1400
m_3108742_se_16_030_20211115 1400
m_3008921_nw_16_030_20211119 1440
m_3008919_nw_16_030_20211119 1440
266.26690649986267
