load envirionment

/work/csr33/images_for_predictions/naip_tiles/m_3507606_ne_18_060_20200922.tif
/work/csr33/images_for_predictions/naip_tiles/m_3009231_se_15_030_20211212.tif
/work/csr33/images_for_predictions/naip_tiles/m_3009328_se_15_060_20190905_20191001.tif
/work/csr33/images_for_predictions/naip_tiles/m_3009334_ne_15_060_20201031.tif
/work/csr33/images_for_predictions/naip_tiles/m_3008462_sw_16_060_20191129_20200114.tif
/work/csr33/images_for_predictions/naip_tiles/m_4307154_sw_19_060_20211024.tif
/work/csr33/images_for_predictions/naip_tiles/m_2908219_ne_17_060_20211129.tif
/work/csr33/images_for_predictions/naip_tiles/m_2909203_nw_15_060_20190706_20191001.tif
/work/csr33/images_for_predictions/naip_tiles/m_3407955_sw_17_060_20210508.tif
/work/csr33/images_for_predictions/naip_tiles/m_3308059_nw_17_060_20210507.tif
/work/csr33/images_for_predictions/naip_tiles/m_2708027_se_17_060_20191215_20200113.tif
/work/csr33/images_for_predictions/naip_tiles/m_3307935_sw_17_060_20210501.tif
/work/csr33/images_for_predictions/naip_tiles/m_2609710_se_14_060_20201001.tif
/work/csr33/images_for_predictions/naip_tiles/m_2909663_sw_14_060_20201107.tif
/work/csr33/images_for_predictions/naip_tiles/m_4107304_sw_18_060_20211106.tif
/work/csr33/images_for_predictions/naip_tiles/m_4506843_se_19_060_20210816.tif
/work/csr33/images_for_predictions/naip_tiles/m_2708141_nw_17_060_20211202.tif
m_4506843_se_19_060_20210816 300
/work/csr33/images_for_predictions/naip_tiles/m_3308048_nw_17_060_20210501.tif
m_4107304_sw_18_060_20211106 336
m_4307154_sw_19_060_20211024 336
m_3308059_nw_17_060_20210507 340
m_3507606_ne_18_060_20200922 340
m_3407955_sw_17_060_20210508 340
m_3009334_ne_15_060_20201031 340
m_3307935_sw_17_060_20210501 340
m_3008462_sw_16_060_20191129_20200114 360
m_2909203_nw_15_060_20190706_20191001 360
m_3009328_se_15_060_20190905_20191001 360
m_2609710_se_14_060_20201001 360
m_2908219_ne_17_060_20211129 360
m_2708027_se_17_060_20191215_20200113 360
m_2909663_sw_14_060_20201107 360
m_2708141_nw_17_060_20211202 360
m_3308048_nw_17_060_20210501 340
m_3009231_se_15_030_20211212 1326
503.15206694602966
