load envirionment

/work/csr33/images_for_predictions/naip_tiles/m_3907450_ne_18_060_20190830_20191209.tif
/work/csr33/images_for_predictions/naip_tiles/m_2609706_sw_14_060_20201029.tif
/work/csr33/images_for_predictions/naip_tiles/m_3208022_ne_17_060_20210426.tif
/work/csr33/images_for_predictions/naip_tiles/m_3008703_ne_16_030_20211115.tif
/work/csr33/images_for_predictions/naip_tiles/m_3907430_nw_18_060_20190920_20191209.tif
/work/csr33/images_for_predictions/naip_tiles/m_4107343_sw_18_060_20211105.tif
/work/csr33/images_for_predictions/naip_tiles/m_3108741_se_16_030_20211115.tif
/work/csr33/images_for_predictions/naip_tiles/m_3308052_ne_17_060_20210501.tif
/work/csr33/images_for_predictions/naip_tiles/m_3807523_ne_18_060_20210624.tif
/work/csr33/images_for_predictions/naip_tiles/m_4506853_nw_19_060_20210929.tif
/work/csr33/images_for_predictions/naip_tiles/m_3707755_ne_18_060_20210827.tif
/work/csr33/images_for_predictions/naip_tiles/m_3008215_se_17_060_20191110_20200108.tif
/work/csr33/images_for_predictions/naip_tiles/m_2909139_se_15_060_20190831_20191001.tif
/work/csr33/images_for_predictions/naip_tiles/m_4307038_sw_19_060_20210722.tif
/work/csr33/images_for_predictions/naip_tiles/m_4107435_se_18_060_20211106.tif
/work/csr33/images_for_predictions/naip_tiles/m_3208005_se_17_060_20210426.tif
/work/csr33/images_for_predictions/naip_tiles/m_3009210_nw_15_030_20211221.tif
m_4506853_nw_19_060_20210929 300
/work/csr33/images_for_predictions/naip_tiles/m_3009212_nw_15_060_20190904_20191001.tif
m_3907450_ne_18_060_20190830_20191209 320
m_4107343_sw_18_060_20211105 320
m_4307038_sw_19_060_20210722 320
m_3907430_nw_18_060_20190920_20191209 320
m_4107435_se_18_060_20211106 320
m_3807523_ne_18_060_20210624 320
m_3208022_ne_17_060_20210426 340
m_3308052_ne_17_060_20210501 340
m_3008215_se_17_060_20191110_20200108 340
m_3707755_ne_18_060_20210827 340
m_3208005_se_17_060_20210426 340
m_2609706_sw_14_060_20201029 360
m_2909139_se_15_060_20190831_20191001 360
m_3009212_nw_15_060_20190904_20191001 360
m_3008703_ne_16_030_20211115 1400
m_3108741_se_16_030_20211115 1400
m_3009210_nw_15_030_20211221 1326
476.00898790359497
