load envirionment

/work/csr33/images_for_predictions/naip_tiles/m_2608215_se_17_060_20211217.tif
/work/csr33/images_for_predictions/naip_tiles/m_2808220_ne_17_060_20211130.tif
/work/csr33/images_for_predictions/naip_tiles/m_3009128_nw_15_030_20211114.tif
/work/csr33/images_for_predictions/naip_tiles/m_3009049_se_15_030_20211119.tif
/work/csr33/images_for_predictions/naip_tiles/m_3311860_sw_11_060_20200504.tif
/work/csr33/images_for_predictions/naip_tiles/m_4107020_nw_19_060_20210904.tif
/work/csr33/images_for_predictions/naip_tiles/m_3008715_sw_16_060_20191103_20200114.tif
/work/csr33/images_for_predictions/naip_tiles/m_2909544_nw_15_060_20201117.tif
/work/csr33/images_for_predictions/naip_tiles/m_4107326_ne_18_060_20211105.tif
/work/csr33/images_for_predictions/naip_tiles/m_4207107_nw_19_060_20211024.tif
/work/csr33/images_for_predictions/naip_tiles/m_3807748_ne_18_060_20210910.tif
/work/csr33/images_for_predictions/naip_tiles/m_4406820_sw_19_060_20210914.tif
/work/csr33/images_for_predictions/naip_tiles/m_4506860_sw_19_060_20211006.tif
/work/csr33/images_for_predictions/naip_tiles/m_3311730_sw_11_060_20200423.tif
/work/csr33/images_for_predictions/naip_tiles/m_4506836_se_19_060_20210929.tif
/work/csr33/images_for_predictions/naip_tiles/m_3008827_se_16_030_20211119.tif
/work/csr33/images_for_predictions/naip_tiles/m_3707506_sw_18_060_20211017.tif
m_4506860_sw_19_060_20211006 300
/work/csr33/images_for_predictions/naip_tiles/m_4007307_ne_18_060_20211106.tif
m_4506836_se_19_060_20210929 300
m_4406820_sw_19_060_20210914 300
m_4207107_nw_19_060_20211024 320
m_4107326_ne_18_060_20211105 320
m_4107020_nw_19_060_20210904 320
m_3311860_sw_11_060_20200504 340
m_3807748_ne_18_060_20210910 340
m_3008715_sw_16_060_20191103_20200114 340
m_3311730_sw_11_060_20200423 340
m_2608215_se_17_060_20211217 360
m_2808220_ne_17_060_20211130 360
m_2909544_nw_15_060_20201117 360
m_4007307_ne_18_060_20211106 320
m_3707506_sw_18_060_20211017 340
m_3009128_nw_15_030_20211114 1326
m_3009049_se_15_030_20211119 1365
m_3008827_se_16_030_20211119 1400
570.44748711586
