load envirionment

/work/csr33/images_for_predictions/naip_tiles/m_3807604_nw_18_060_20210617.tif
/work/csr33/images_for_predictions/naip_tiles/m_4406952_se_19_060_20210904.tif
/work/csr33/images_for_predictions/naip_tiles/m_3907547_ne_18_060_20190726_20191209.tif
/work/csr33/images_for_predictions/naip_tiles/m_2708152_se_17_060_20191129_20200113.tif
/work/csr33/images_for_predictions/naip_tiles/m_3009454_nw_15_060_20201112.tif
/work/csr33/images_for_predictions/naip_tiles/m_4107110_se_19_060_20210926.tif
/work/csr33/images_for_predictions/naip_tiles/m_3009350_sw_15_060_20201031.tif
/work/csr33/images_for_predictions/naip_tiles/m_2608223_ne_17_060_20211217.tif
/work/csr33/images_for_predictions/naip_tiles/m_3109359_nw_15_060_20201006.tif
/work/csr33/images_for_predictions/naip_tiles/m_3707633_nw_18_060_20210827.tif
/work/csr33/images_for_predictions/naip_tiles/m_4107030_nw_19_060_20210826.tif
/work/csr33/images_for_predictions/naip_tiles/m_3008625_se_16_060_20191103_20200114.tif
/work/csr33/images_for_predictions/naip_tiles/m_3008326_nw_17_060_20191113_20200114.tif
/work/csr33/images_for_predictions/naip_tiles/m_3008843_ne_16_030_20211114.tif
/work/csr33/images_for_predictions/naip_tiles/m_2508015_sw_17_060_20191120_20200113.tif
/work/csr33/images_for_predictions/naip_tiles/m_3008828_nw_16_030_20211119.tif
/work/csr33/images_for_predictions/naip_tiles/m_4307019_nw_19_060_20211007.tif
m_3008625_se_16_060_20191103_20200114 340
/work/csr33/images_for_predictions/naip_tiles/m_3407715_se_18_060_20201031.tif
m_4406952_se_19_060_20210904 300
m_3907547_ne_18_060_20190726_20191209 320
m_3807604_nw_18_060_20210617 320
m_4107030_nw_19_060_20210826 320
m_4107110_se_19_060_20210926 336
m_3109359_nw_15_060_20201006 340
m_3009350_sw_15_060_20201031 340
m_3707633_nw_18_060_20210827 340
m_3009454_nw_15_060_20201112 340
m_3008326_nw_17_060_20191113_20200114 360
m_2708152_se_17_060_20191129_20200113 360
m_2608223_ne_17_060_20211217 360
m_2508015_sw_17_060_20191120_20200113 360
m_4307019_nw_19_060_20211007 320
m_3407715_se_18_060_20201031 357
m_3008843_ne_16_030_20211114 1400
m_3008828_nw_16_030_20211119 1440
313.4213869571686
