load envirionment

/work/csr33/images_for_predictions/naip_tiles/m_4107334_ne_18_060_20211105.tif
/work/csr33/images_for_predictions/naip_tiles/m_3907525_ne_18_060_20210606.tif
/work/csr33/images_for_predictions/naip_tiles/m_2909049_nw_15_060_20190830_20191001.tif
/work/csr33/images_for_predictions/naip_tiles/m_3008545_ne_16_060_20191118_20200114.tif
/work/csr33/images_for_predictions/naip_tiles/m_2708004_se_17_060_20191215_20200113.tif
/work/csr33/images_for_predictions/naip_tiles/m_3008707_nw_16_030_20211115.tif
/work/csr33/images_for_predictions/naip_tiles/m_4207118_ne_19_060_20211105.tif
/work/csr33/images_for_predictions/naip_tiles/m_3707513_nw_18_060_20211017.tif
/work/csr33/images_for_predictions/naip_tiles/m_4107240_se_18_060_20210926.tif
/work/csr33/images_for_predictions/naip_tiles/m_2908131_ne_17_060_20211130.tif
/work/csr33/images_for_predictions/naip_tiles/m_3009064_sw_15_030_20211123.tif
/work/csr33/images_for_predictions/naip_tiles/m_3307801_sw_17_060_20210501.tif
/work/csr33/images_for_predictions/naip_tiles/m_3008960_se_16_030_20211116.tif
/work/csr33/images_for_predictions/naip_tiles/m_3008603_nw_16_030_20211109.tif
/work/csr33/images_for_predictions/naip_tiles/m_4007537_sw_18_060_20191019_20191203.tif
/work/csr33/images_for_predictions/naip_tiles/m_4406718_sw_19_060_20210907.tif
/work/csr33/images_for_predictions/naip_tiles/m_3009144_sw_15_030_20211114.tif
m_4406718_sw_19_060_20210907 300
/work/csr33/images_for_predictions/naip_tiles/m_4207312_ne_18_060_20211107.tif
m_3907525_ne_18_060_20210606 320
m_4007537_sw_18_060_20191019_20191203 320
m_4207118_ne_19_060_20211105 320
m_4107334_ne_18_060_20211105 320
m_3307801_sw_17_060_20210501 340
m_3707513_nw_18_060_20211017 340
m_4107240_se_18_060_20210926 336
m_2908131_ne_17_060_20211130 360
m_3008545_ne_16_060_20191118_20200114 340
m_2909049_nw_15_060_20190830_20191001 360
m_2708004_se_17_060_20191215_20200113 360
m_4207312_ne_18_060_20211107 320
m_3009064_sw_15_030_20211123 1365
m_3008960_se_16_030_20211116 1365
m_3008707_nw_16_030_20211115 1365
m_3008603_nw_16_030_20211109 1365
m_3009144_sw_15_030_20211114 1326
743.9697449207306
