load envirionment

/work/csr33/images_for_predictions/naip_tiles/m_4406843_ne_19_060_20210914.tif
/work/csr33/images_for_predictions/naip_tiles/m_2708158_se_17_060_20211223.tif
/work/csr33/images_for_predictions/naip_tiles/m_3108116_ne_17_060_20211202.tif
/work/csr33/images_for_predictions/naip_tiles/m_3507509_ne_18_060_20200516.tif
/work/csr33/images_for_predictions/naip_tiles/m_3507609_nw_18_060_20200922.tif
/work/csr33/images_for_predictions/naip_tiles/m_3311704_sw_11_060_20200423.tif
/work/csr33/images_for_predictions/naip_tiles/m_3707732_se_18_060_20210827.tif
/work/csr33/images_for_predictions/naip_tiles/m_3009448_ne_15_060_20201102.tif
/work/csr33/images_for_predictions/naip_tiles/m_2408004_ne_17_060_20211207.tif
/work/csr33/images_for_predictions/naip_tiles/m_2908307_ne_17_060_20211116.tif
/work/csr33/images_for_predictions/naip_tiles/m_3407628_ne_18_060_20201018.tif
/work/csr33/images_for_predictions/naip_tiles/m_3009311_ne_15_060_20201104.tif
/work/csr33/images_for_predictions/naip_tiles/m_2909211_ne_15_060_20190706_20191001.tif
/work/csr33/images_for_predictions/naip_tiles/m_2809761_se_14_060_20200430.tif
/work/csr33/images_for_predictions/naip_tiles/m_2908409_ne_16_060_20191128_20200114.tif
/work/csr33/images_for_predictions/naip_tiles/m_3707660_se_18_060_20210926.tif
/work/csr33/images_for_predictions/naip_tiles/m_2908508_ne_16_060_20191120_20200114.tif
m_4406843_ne_19_060_20210914 300
/work/csr33/images_for_predictions/naip_tiles/m_3208049_se_17_060_20210507.tif
m_3507509_ne_18_060_20200516 340
m_3108116_ne_17_060_20211202 340
m_3407628_ne_18_060_20201018 340
m_3507609_nw_18_060_20200922 340
m_3009448_ne_15_060_20201102 340
m_3311704_sw_11_060_20200423 340
m_3009311_ne_15_060_20201104 340
m_3707660_se_18_060_20210926 340
m_2909211_ne_15_060_20190706_20191001 360
m_2908307_ne_17_060_20211116 360
m_3707732_se_18_060_20210827 357
m_2708158_se_17_060_20211223 360
m_2809761_se_14_060_20200430 360
m_2408004_ne_17_060_20211207 360
m_2908409_ne_16_060_20191128_20200114 360
m_2908508_ne_16_060_20191120_20200114 360
m_3208049_se_17_060_20210507 340
304.72967433929443
