load envirionment

/work/csr33/images_for_predictions/naip_tiles/m_2909051_sw_15_060_20190830_20191001.tif
/work/csr33/images_for_predictions/naip_tiles/m_2609735_ne_14_060_20201216.tif
/work/csr33/images_for_predictions/naip_tiles/m_3311837_sw_11_060_20200504.tif
/work/csr33/images_for_predictions/naip_tiles/m_2909301_se_15_060_20201102.tif
/work/csr33/images_for_predictions/naip_tiles/m_4406812_ne_19_060_20210914.tif
/work/csr33/images_for_predictions/naip_tiles/m_3008330_nw_17_060_20211116.tif
/work/csr33/images_for_predictions/naip_tiles/m_3907441_nw_18_060_20190726_20191209.tif
/work/csr33/images_for_predictions/naip_tiles/m_3507649_nw_18_060_20201031.tif
/work/csr33/images_for_predictions/naip_tiles/m_3907523_nw_18_060_20190726_20191209.tif
/work/csr33/images_for_predictions/naip_tiles/m_2809634_se_14_060_20201029.tif
/work/csr33/images_for_predictions/naip_tiles/m_3008526_sw_16_060_20191109_20200114.tif
/work/csr33/images_for_predictions/naip_tiles/m_2608135_sw_17_060_20211223.tif
/work/csr33/images_for_predictions/naip_tiles/m_4506741_ne_19_060_20210815.tif
/work/csr33/images_for_predictions/naip_tiles/m_3008636_sw_16_060_20191109_20200114.tif
/work/csr33/images_for_predictions/naip_tiles/m_2908303_se_17_060_20191121_20200114.tif
/work/csr33/images_for_predictions/naip_tiles/m_3008529_nw_16_060_20191118_20200114.tif
/work/csr33/images_for_predictions/naip_tiles/m_3009346_nw_15_060_20190901_20191001.tif
m_4406812_ne_19_060_20210914 300
/work/csr33/images_for_predictions/naip_tiles/m_2608031_nw_17_060_20191120_20200113.tif
m_4506741_ne_19_060_20210815 300
m_3907523_nw_18_060_20190726_20191209 320
m_3907441_nw_18_060_20190726_20191209 320
m_3507649_nw_18_060_20201031 340
m_3008526_sw_16_060_20191109_20200114 340
m_2909301_se_15_060_20201102 340
m_3008636_sw_16_060_20191109_20200114 340
m_3311837_sw_11_060_20200504 340
m_3008529_nw_16_060_20191118_20200114 340
m_2609735_ne_14_060_20201216 360
m_3008330_nw_17_060_20211116 360
m_2908303_se_17_060_20191121_20200114 360
m_2809634_se_14_060_20201029 360
m_2909051_sw_15_060_20190830_20191001 378
m_2608135_sw_17_060_20211223 380
m_3009346_nw_15_060_20190901_20191001 360
m_2608031_nw_17_060_20191120_20200113 360
267.1937003135681
