load envirionment

/work/csr33/images_for_predictions/naip_tiles/m_2708045_sw_17_060_20191215_20200113.tif
/work/csr33/images_for_predictions/naip_tiles/m_3411910_nw_11_060_20200521.tif
/work/csr33/images_for_predictions/naip_tiles/m_3008648_nw_16_060_20191109_20200114.tif
/work/csr33/images_for_predictions/naip_tiles/m_3009312_se_15_060_20201104.tif
/work/csr33/images_for_predictions/naip_tiles/m_3907529_sw_18_060_20190726_20191209.tif
/work/csr33/images_for_predictions/naip_tiles/m_4406953_nw_19_060_20210904.tif
/work/csr33/images_for_predictions/naip_tiles/m_2508017_sw_17_060_20211203.tif
/work/csr33/images_for_predictions/naip_tiles/m_2709725_nw_14_060_20200501.tif
/work/csr33/images_for_predictions/naip_tiles/m_3907434_sw_18_060_20190830_20191209.tif
/work/csr33/images_for_predictions/naip_tiles/m_3208008_ne_17_060_20210426.tif
/work/csr33/images_for_predictions/naip_tiles/m_2408004_nw_17_060_20211207.tif
/work/csr33/images_for_predictions/naip_tiles/m_3907525_se_18_060_20210606.tif
/work/csr33/images_for_predictions/naip_tiles/m_2908307_nw_17_060_20211116.tif
/work/csr33/images_for_predictions/naip_tiles/m_3807624_ne_18_060_20210618.tif
/work/csr33/images_for_predictions/naip_tiles/m_3407602_sw_18_060_20201031.tif
/work/csr33/images_for_predictions/naip_tiles/m_2708018_se_17_060_20191129_20200113.tif
/work/csr33/images_for_predictions/naip_tiles/m_2708133_sw_17_060_20211202.tif
m_4406953_nw_19_060_20210904 300
/work/csr33/images_for_predictions/naip_tiles/m_3008352_se_17_060_20191121_20200114.tif
m_3807624_ne_18_060_20210618 320
m_3907529_sw_18_060_20190726_20191209 320
m_3907525_se_18_060_20210606 320
m_3907434_sw_18_060_20190830_20191209 320
m_3411910_nw_11_060_20200521 340
m_3008648_nw_16_060_20191109_20200114 340
m_3009312_se_15_060_20201104 340
m_3208008_ne_17_060_20210426 340
m_2708045_sw_17_060_20191215_20200113 360
m_3407602_sw_18_060_20201031 357
m_2708018_se_17_060_20191129_20200113 360
m_2709725_nw_14_060_20200501 360
m_2908307_nw_17_060_20211116 360
m_2408004_nw_17_060_20211207 380
m_2508017_sw_17_060_20211203 380
m_2708133_sw_17_060_20211202 360
m_3008352_se_17_060_20191121_20200114 360
354.29104948043823
