load envirionment

/work/csr33/images_for_predictions/naip_tiles/m_3311629_ne_11_060_20200415.tif
/work/csr33/images_for_predictions/naip_tiles/m_3307957_se_17_060_20210426.tif
/work/csr33/images_for_predictions/naip_tiles/m_4107464_sw_18_060_20190917_20191209.tif
/work/csr33/images_for_predictions/naip_tiles/m_4506735_ne_19_060_20210723.tif
/work/csr33/images_for_predictions/naip_tiles/m_2909139_nw_15_060_20190831_20191001.tif
/work/csr33/images_for_predictions/naip_tiles/m_3208113_se_17_060_20210507.tif
/work/csr33/images_for_predictions/naip_tiles/m_2708210_sw_17_060_20211201.tif
/work/csr33/images_for_predictions/naip_tiles/m_3307961_se_17_060_20210501.tif
/work/csr33/images_for_predictions/naip_tiles/m_3507750_nw_18_060_20200904.tif
/work/csr33/images_for_predictions/naip_tiles/m_3407707_sw_18_060_20201031.tif
/work/csr33/images_for_predictions/naip_tiles/m_3208146_sw_17_060_20191109_20200102.tif
/work/csr33/images_for_predictions/naip_tiles/m_3008729_se_16_030_20211113.tif
/work/csr33/images_for_predictions/naip_tiles/m_3208032_ne_17_060_20210426.tif
/work/csr33/images_for_predictions/naip_tiles/m_3907444_nw_18_060_20190730_20191209.tif
/work/csr33/images_for_predictions/naip_tiles/m_4506820_se_19_060_20211006.tif
/work/csr33/images_for_predictions/naip_tiles/m_2809614_ne_14_060_20200501.tif
/work/csr33/images_for_predictions/naip_tiles/m_4406725_nw_19_060_20210815.tif
m_4506820_se_19_060_20211006 300
/work/csr33/images_for_predictions/naip_tiles/m_3108808_ne_16_030_20211120.tif
m_4506735_ne_19_060_20210723 300
m_4107464_sw_18_060_20190917_20191209 300
m_3907444_nw_18_060_20190730_20191209 320
m_3208032_ne_17_060_20210426 340
m_3311629_ne_11_060_20200415 340
m_3208113_se_17_060_20210507 340
m_3307957_se_17_060_20210426 340
m_3208146_sw_17_060_20191109_20200102 340
m_3307961_se_17_060_20210501 340
m_3407707_sw_18_060_20201031 357
m_3507750_nw_18_060_20200904 360
m_2909139_nw_15_060_20190831_20191001 360
m_2809614_ne_14_060_20200501 360
m_2708210_sw_17_060_20211201 380
m_4406725_nw_19_060_20210815 300
m_3008729_se_16_030_20211113 1400
m_3108808_ne_16_030_20211120 1360
465.60908031463623
