load envirionment

/work/csr33/images_for_predictions/naip_tiles/m_2908155_se_17_060_20211130.tif
/work/csr33/images_for_predictions/naip_tiles/m_3009345_nw_15_060_20190901_20191001.tif
/work/csr33/images_for_predictions/naip_tiles/m_3807711_sw_18_060_20210903.tif
/work/csr33/images_for_predictions/naip_tiles/m_4107235_sw_18_060_20211001.tif
/work/csr33/images_for_predictions/naip_tiles/m_3411947_nw_11_060_20200521.tif
/work/csr33/images_for_predictions/naip_tiles/m_3307943_se_17_060_20210501.tif
/work/csr33/images_for_predictions/naip_tiles/m_2809613_se_14_060_20200501.tif
/work/csr33/images_for_predictions/naip_tiles/m_2609743_ne_14_060_20201216.tif
/work/csr33/images_for_predictions/naip_tiles/m_2908508_se_16_060_20191120_20200114.tif
/work/csr33/images_for_predictions/naip_tiles/m_4007427_ne_18_060_20190917_20191209.tif
/work/csr33/images_for_predictions/naip_tiles/m_2708021_ne_17_060_20191215_20200113.tif
/work/csr33/images_for_predictions/naip_tiles/m_4207423_se_18_060_20210920.tif
/work/csr33/images_for_predictions/naip_tiles/m_4007460_sw_18_060_20190730_20191209.tif
/work/csr33/images_for_predictions/naip_tiles/m_4107254_se_18_060_20210926.tif
/work/csr33/images_for_predictions/naip_tiles/m_4207132_nw_19_060_20211024.tif
/work/csr33/images_for_predictions/naip_tiles/m_3008463_nw_16_060_20191129_20200114.tif
/work/csr33/images_for_predictions/naip_tiles/m_3311650_nw_11_060_20200415.tif
m_4007427_ne_18_060_20190917_20191209 300
/work/csr33/images_for_predictions/naip_tiles/m_4406936_ne_19_060_20210904.tif
m_4207423_se_18_060_20210920 300
m_4007460_sw_18_060_20190730_20191209 320
m_4207132_nw_19_060_20211024 320
m_4107254_se_18_060_20210926 336
m_4107235_sw_18_060_20211001 336
m_3411947_nw_11_060_20200521 340
m_3307943_se_17_060_20210501 340
m_3807711_sw_18_060_20210903 357
m_2809613_se_14_060_20200501 360
m_2708021_ne_17_060_20191215_20200113 360
m_3009345_nw_15_060_20190901_20191001 360
m_3008463_nw_16_060_20191129_20200114 360
m_2908508_se_16_060_20191120_20200114 360
m_2609743_ne_14_060_20201216 360
m_2908155_se_17_060_20211130 360
m_4406936_ne_19_060_20210904 300
m_3311650_nw_11_060_20200415 340
434.7667100429535
