load envirionment

/work/csr33/images_for_predictions/naip_tiles/m_3907407_sw_18_060_20190809_20191209.tif
/work/csr33/images_for_predictions/naip_tiles/m_2708027_ne_17_060_20191215_20200113.tif
/work/csr33/images_for_predictions/naip_tiles/m_4107111_ne_19_060_20210926.tif
/work/csr33/images_for_predictions/naip_tiles/m_3607629_sw_18_060_20210913.tif
/work/csr33/images_for_predictions/naip_tiles/m_3607541_nw_18_060_20200516.tif
/work/csr33/images_for_predictions/naip_tiles/m_3707745_ne_18_060_20210903.tif
/work/csr33/images_for_predictions/naip_tiles/m_3008248_nw_17_060_20211202.tif
/work/csr33/images_for_predictions/naip_tiles/m_4207146_ne_19_060_20210826.tif
/work/csr33/images_for_predictions/naip_tiles/m_4207010_se_19_060_20211024.tif
/work/csr33/images_for_predictions/naip_tiles/m_3807723_nw_18_060_20210630.tif
/work/csr33/images_for_predictions/naip_tiles/m_2909148_ne_15_060_20190830_20191001.tif
/work/csr33/images_for_predictions/naip_tiles/m_2508053_ne_17_060_20191126_20200114.tif
/work/csr33/images_for_predictions/naip_tiles/m_3009248_sw_15_030_20211212.tif
/work/csr33/images_for_predictions/naip_tiles/m_3411859_nw_11_060_20200515.tif
/work/csr33/images_for_predictions/naip_tiles/m_3211814_nw_11_060_20200504.tif
/work/csr33/images_for_predictions/naip_tiles/m_3311806_sw_11_060_20200505.tif
/work/csr33/images_for_predictions/naip_tiles/m_3807762_sw_18_060_20210910.tif
m_4107111_ne_19_060_20210926 320
/work/csr33/images_for_predictions/naip_tiles/m_4406808_ne_19_060_20210815.tif
m_3907407_sw_18_060_20190809_20191209 320
m_4207146_ne_19_060_20210826 320
m_3607629_sw_18_060_20210913 340
m_4207010_se_19_060_20211024 336
m_3807723_nw_18_060_20210630 340
m_3607541_nw_18_060_20200516 340
m_3707745_ne_18_060_20210903 340
m_3411859_nw_11_060_20200515 340
m_3311806_sw_11_060_20200505 340
m_3211814_nw_11_060_20200504 340
m_3008248_nw_17_060_20211202 360
m_2708027_ne_17_060_20191215_20200113 360
m_2909148_ne_15_060_20190830_20191001 360
m_2508053_ne_17_060_20191126_20200114 360
m_4406808_ne_19_060_20210815 300
m_3807762_sw_18_060_20210910 357
m_3009248_sw_15_030_20211212 1326
348.439813375473
