load envirionment

/work/csr33/images_for_predictions/naip_tiles/m_2709848_ne_14_060_20200501.tif
/work/csr33/images_for_predictions/naip_tiles/m_3707534_ne_18_060_20210913.tif
/work/csr33/images_for_predictions/naip_tiles/m_4506844_ne_19_060_20210929.tif
/work/csr33/images_for_predictions/naip_tiles/m_3311636_sw_11_060_20200415.tif
/work/csr33/images_for_predictions/naip_tiles/m_3008336_se_17_060_20191113_20200114.tif
/work/csr33/images_for_predictions/naip_tiles/m_2909537_ne_15_060_20201117.tif
/work/csr33/images_for_predictions/naip_tiles/m_3307924_nw_17_060_20210501.tif
/work/csr33/images_for_predictions/naip_tiles/m_3607661_se_18_060_20200922.tif
/work/csr33/images_for_predictions/naip_tiles/m_2909553_nw_15_060_20201117.tif
/work/csr33/images_for_predictions/naip_tiles/m_3009316_ne_15_060_20190904_20191001.tif
/work/csr33/images_for_predictions/naip_tiles/m_3607660_nw_18_060_20200922.tif
/work/csr33/images_for_predictions/naip_tiles/m_4107228_se_18_060_20210904.tif
/work/csr33/images_for_predictions/naip_tiles/m_3907427_se_18_060_20190730_20191209.tif
/work/csr33/images_for_predictions/naip_tiles/m_3211625_sw_11_060_20200425.tif
/work/csr33/images_for_predictions/naip_tiles/m_3907404_nw_18_060_20190730_20191209.tif
/work/csr33/images_for_predictions/naip_tiles/m_4207131_se_19_060_20211024.tif
/work/csr33/images_for_predictions/naip_tiles/m_4207136_ne_19_060_20211024.tif
m_4506844_ne_19_060_20210929 300
/work/csr33/images_for_predictions/naip_tiles/m_2608109_ne_17_060_20211223.tif
m_3907404_nw_18_060_20190730_20191209 320
m_3907427_se_18_060_20190730_20191209 320
m_3707534_ne_18_060_20210913 320
m_4207131_se_19_060_20211024 336
m_4107228_se_18_060_20210904 336
m_3607661_se_18_060_20200922 340
m_3607660_nw_18_060_20200922 340
m_3211625_sw_11_060_20200425 340
m_3311636_sw_11_060_20200415 340
m_3307924_nw_17_060_20210501 340
m_2909553_nw_15_060_20201117 360
m_3009316_ne_15_060_20190904_20191001 360
m_2709848_ne_14_060_20200501 360
m_2909537_ne_15_060_20201117 360
m_3008336_se_17_060_20191113_20200114 360
m_4207136_ne_19_060_20211024 320
m_2608109_ne_17_060_20211223 360
737.7198610305786
