load envirionment

/work/csr33/images_for_predictions/naip_tiles/m_3009456_nw_15_060_20201102.tif
/work/csr33/images_for_predictions/naip_tiles/m_2909027_nw_15_060_20190906_20191001.tif
/work/csr33/images_for_predictions/naip_tiles/m_3707506_se_18_060_20211017.tif
/work/csr33/images_for_predictions/naip_tiles/m_4506736_nw_19_060_20210723.tif
/work/csr33/images_for_predictions/naip_tiles/m_2909063_ne_15_030_20211123.tif
/work/csr33/images_for_predictions/naip_tiles/m_4207258_se_18_060_20211105.tif
/work/csr33/images_for_predictions/naip_tiles/m_4107223_se_18_060_20210926.tif
/work/csr33/images_for_predictions/naip_tiles/m_3008145_se_17_060_20211130.tif
/work/csr33/images_for_predictions/naip_tiles/m_4007538_sw_18_060_20191019_20191203.tif
/work/csr33/images_for_predictions/naip_tiles/m_4007442_sw_18_060_20191014_20191203.tif
/work/csr33/images_for_predictions/naip_tiles/m_2909139_ne_15_060_20190831_20191001.tif
/work/csr33/images_for_predictions/naip_tiles/m_3307905_nw_17_060_20210508.tif
/work/csr33/images_for_predictions/naip_tiles/m_3507659_ne_18_060_20201018.tif
/work/csr33/images_for_predictions/naip_tiles/m_3507602_sw_18_060_20200922.tif
/work/csr33/images_for_predictions/naip_tiles/m_2708143_sw_17_060_20191129_20200113.tif
/work/csr33/images_for_predictions/naip_tiles/m_2508044_ne_17_060_20191126_20200113.tif
/work/csr33/images_for_predictions/naip_tiles/m_2908112_se_17_060_20211129.tif
m_4506736_nw_19_060_20210723 300
/work/csr33/images_for_predictions/naip_tiles/m_2908217_sw_17_060_20211117.tif
m_4007538_sw_18_060_20191019_20191203 320
m_4007442_sw_18_060_20191014_20191203 320
m_3707506_se_18_060_20211017 320
m_4207258_se_18_060_20211105 336
m_4107223_se_18_060_20210926 336
m_3507659_ne_18_060_20201018 340
m_3009456_nw_15_060_20201102 340
m_3307905_nw_17_060_20210508 340
m_3008145_se_17_060_20211130 360
m_3507602_sw_18_060_20200922 357
m_2909139_ne_15_060_20190831_20191001 360
m_2708143_sw_17_060_20191129_20200113 360
m_2909027_nw_15_060_20190906_20191001 360
m_2508044_ne_17_060_20191126_20200113 360
m_2908112_se_17_060_20211129 360
m_2908217_sw_17_060_20211117 378
m_2909063_ne_15_030_20211123 1365
574.1212494373322
