load envirionment

/work/csr33/images_for_predictions/naip_tiles/m_3008438_ne_16_060_20211116.tif
/work/csr33/images_for_predictions/naip_tiles/m_2909561_sw_15_060_20201117.tif
/work/csr33/images_for_predictions/naip_tiles/m_4007561_se_18_060_20191019_20191203.tif
/work/csr33/images_for_predictions/naip_tiles/m_4107345_nw_18_060_20211106.tif
/work/csr33/images_for_predictions/naip_tiles/m_3707748_sw_18_060_20210912.tif
/work/csr33/images_for_predictions/naip_tiles/m_4406708_sw_19_060_20210711.tif
/work/csr33/images_for_predictions/naip_tiles/m_2909011_se_15_060_20190707_20191001.tif
/work/csr33/images_for_predictions/naip_tiles/m_3607739_se_18_060_20200922.tif
/work/csr33/images_for_predictions/naip_tiles/m_4007315_ne_18_060_20211106.tif
/work/csr33/images_for_predictions/naip_tiles/m_3008835_ne_16_030_20211113.tif
/work/csr33/images_for_predictions/naip_tiles/m_3108726_se_16_030_20211115.tif
/work/csr33/images_for_predictions/naip_tiles/m_3807636_nw_18_060_20211020.tif
/work/csr33/images_for_predictions/naip_tiles/m_4107242_ne_18_060_20211001.tif
/work/csr33/images_for_predictions/naip_tiles/m_3008321_sw_17_060_20211222.tif
/work/csr33/images_for_predictions/naip_tiles/m_3008637_se_16_060_20191109_20200114.tif
/work/csr33/images_for_predictions/naip_tiles/m_3211605_se_11_060_20200415.tif
/work/csr33/images_for_predictions/naip_tiles/m_3008801_se_16_030_20211112.tif
m_4406708_sw_19_060_20210711 315
/work/csr33/images_for_predictions/naip_tiles/m_3009549_se_15_060_20201030.tif
m_4007315_ne_18_060_20211106 320
m_4007561_se_18_060_20191019_20191203 320
m_4107242_ne_18_060_20211001 320
m_3807636_nw_18_060_20211020 320
m_4107345_nw_18_060_20211106 320
m_3008637_se_16_060_20191109_20200114 340
m_3211605_se_11_060_20200415 340
m_3607739_se_18_060_20200922 357
m_3707748_sw_18_060_20210912 357
m_3008321_sw_17_060_20211222 360
m_2909561_sw_15_060_20201117 360
m_3008438_ne_16_060_20211116 360
m_2909011_se_15_060_20190707_20191001 378
m_3009549_se_15_060_20201030 360
m_3108726_se_16_030_20211115 1400
m_3008835_ne_16_030_20211113 1400
m_3008801_se_16_030_20211112 1435
794.4680376052856
