load envirionment

/work/csr33/images_for_predictions/naip_tiles/m_3707723_se_18_060_20210912.tif
/work/csr33/images_for_predictions/naip_tiles/m_2909045_nw_15_030_20211130.tif
/work/csr33/images_for_predictions/naip_tiles/m_3407729_sw_18_060_20200930.tif
/work/csr33/images_for_predictions/naip_tiles/m_2508020_ne_17_060_20191126_20200113.tif
/work/csr33/images_for_predictions/naip_tiles/m_3008708_ne_16_030_20211109.tif
/work/csr33/images_for_predictions/naip_tiles/m_3407813_nw_17_060_20200603.tif
/work/csr33/images_for_predictions/naip_tiles/m_3707715_sw_18_060_20210912.tif
/work/csr33/images_for_predictions/naip_tiles/m_4406822_se_19_060_20210919.tif
/work/csr33/images_for_predictions/naip_tiles/m_3507658_se_18_060_20201031.tif
/work/csr33/images_for_predictions/naip_tiles/m_4406948_sw_19_060_20211006.tif
/work/csr33/images_for_predictions/naip_tiles/m_4207309_ne_18_060_20210920.tif
/work/csr33/images_for_predictions/naip_tiles/m_3907513_nw_18_060_20210630.tif
/work/csr33/images_for_predictions/naip_tiles/m_3008702_se_16_030_20211112.tif
/work/csr33/images_for_predictions/naip_tiles/m_2809641_nw_14_060_20201116.tif
/work/csr33/images_for_predictions/naip_tiles/m_3008540_se_16_060_20191120_20200114.tif
/work/csr33/images_for_predictions/naip_tiles/m_3009314_nw_15_060_20190904_20191001.tif
/work/csr33/images_for_predictions/naip_tiles/m_3009330_se_15_060_20190905_20191001.tif
m_4207309_ne_18_060_20210920 300
/work/csr33/images_for_predictions/naip_tiles/m_4207325_ne_18_060_20210920.tif
m_4406948_sw_19_060_20211006 300
m_4406822_se_19_060_20210919 300
m_3907513_nw_18_060_20210630 320
m_3707723_se_18_060_20210912 357
m_3008540_se_16_060_20191120_20200114 340
m_3707715_sw_18_060_20210912 357
m_3407813_nw_17_060_20200603 360
m_3507658_se_18_060_20201031 357
m_2508020_ne_17_060_20191126_20200113 360
m_2809641_nw_14_060_20201116 360
m_3009314_nw_15_060_20190904_20191001 360
m_3407729_sw_18_060_20200930 378
m_4207325_ne_18_060_20210920 320
m_3009330_se_15_060_20190905_20191001 360
m_2909045_nw_15_030_20211130 1365
m_3008708_ne_16_030_20211109 1326
m_3008702_se_16_030_20211112 1400
393.91807770729065
