load envirionment

/work/csr33/images_for_predictions/naip_tiles/m_2909039_ne_15_030_20211123.tif
/work/csr33/images_for_predictions/naip_tiles/m_3009161_ne_15_030_20211114.tif
/work/csr33/images_for_predictions/naip_tiles/m_4307007_sw_19_060_20211007.tif
/work/csr33/images_for_predictions/naip_tiles/m_4606858_sw_19_060_20210817.tif
/work/csr33/images_for_predictions/naip_tiles/m_4207320_sw_18_060_20211107.tif
/work/csr33/images_for_predictions/naip_tiles/m_3008112_se_17_060_20211203.tif
/work/csr33/images_for_predictions/naip_tiles/m_3108102_sw_17_060_20191110_20200102.tif
/work/csr33/images_for_predictions/naip_tiles/m_4207161_sw_19_060_20210826.tif
/work/csr33/images_for_predictions/naip_tiles/m_2808215_se_17_060_20211130.tif
/work/csr33/images_for_predictions/naip_tiles/m_3311714_sw_11_060_20200423.tif
/work/csr33/images_for_predictions/naip_tiles/m_4107344_sw_18_060_20211106.tif
/work/csr33/images_for_predictions/naip_tiles/m_3907538_se_18_060_20190726_20191209.tif
/work/csr33/images_for_predictions/naip_tiles/m_2809618_nw_14_060_20201029.tif
/work/csr33/images_for_predictions/naip_tiles/m_3008848_nw_16_030_20211113.tif
/work/csr33/images_for_predictions/naip_tiles/m_3407703_nw_18_060_20200930.tif
/work/csr33/images_for_predictions/naip_tiles/m_2908506_ne_16_060_20191118_20200114.tif
/work/csr33/images_for_predictions/naip_tiles/m_4107416_se_18_060_20211105.tif
m_4107344_sw_18_060_20211106 320
/work/csr33/images_for_predictions/naip_tiles/m_3009361_sw_15_060_20190706_20191001.tif
m_4606858_sw_19_060_20210817 300
m_3907538_se_18_060_20190726_20191209 320
m_4307007_sw_19_060_20211007 320
m_4207161_sw_19_060_20210826 336
m_4207320_sw_18_060_20211107 336
m_3008112_se_17_060_20211203 340
m_3108102_sw_17_060_20191110_20200102 340
m_3311714_sw_11_060_20200423 340
m_3407703_nw_18_060_20200930 360
m_2809618_nw_14_060_20201029 360
m_2908506_ne_16_060_20191118_20200114 360
m_2808215_se_17_060_20211130 360
m_4107416_se_18_060_20211105 320
m_3009361_sw_15_060_20190706_20191001 360
m_3009161_ne_15_030_20211114 1326
m_2909039_ne_15_030_20211123 1365
m_3008848_nw_16_030_20211113 1440
331.4263746738434
