load envirionment

/work/csr33/images_for_predictions/naip_tiles/m_2808213_sw_17_060_20211130.tif
/work/csr33/images_for_predictions/naip_tiles/m_2908926_ne_16_060_20190906_20191015.tif
/work/csr33/images_for_predictions/naip_tiles/m_3807530_sw_18_060_20211019.tif
/work/csr33/images_for_predictions/naip_tiles/m_2909008_sw_15_060_20190707_20191001.tif
/work/csr33/images_for_predictions/naip_tiles/m_3707748_nw_18_060_20210912.tif
/work/csr33/images_for_predictions/naip_tiles/m_3008747_nw_16_060_20191103_20200114.tif
/work/csr33/images_for_predictions/naip_tiles/m_3707728_ne_18_060_20210910.tif
/work/csr33/images_for_predictions/naip_tiles/m_3009453_sw_15_060_20201112.tif
/work/csr33/images_for_predictions/naip_tiles/m_2909532_sw_15_060_20201116.tif
/work/csr33/images_for_predictions/naip_tiles/m_3208155_sw_17_060_20211202.tif
/work/csr33/images_for_predictions/naip_tiles/m_2708216_sw_17_060_20211202.tif
/work/csr33/images_for_predictions/naip_tiles/m_3211707_nw_11_060_20200520.tif
/work/csr33/images_for_predictions/naip_tiles/m_2909420_se_15_060_20201112.tif
/work/csr33/images_for_predictions/naip_tiles/m_3311816_nw_11_060_20200505.tif
/work/csr33/images_for_predictions/naip_tiles/m_3311663_ne_11_060_20200420.tif
/work/csr33/images_for_predictions/naip_tiles/m_3008637_sw_16_060_20191109_20200114.tif
/work/csr33/images_for_predictions/naip_tiles/m_3208140_se_17_060_20210507.tif
m_3807530_sw_18_060_20211019 320
/work/csr33/images_for_predictions/naip_tiles/m_3008328_ne_17_060_20191113_20200114.tif
m_3008747_nw_16_060_20191103_20200114 340
m_3211707_nw_11_060_20200520 340
m_3707748_nw_18_060_20210912 340
m_3008637_sw_16_060_20191109_20200114 340
m_3208155_sw_17_060_20211202 340
m_3311816_nw_11_060_20200505 340
m_3311663_ne_11_060_20200420 340
m_3707728_ne_18_060_20210910 340
m_3009453_sw_15_060_20201112 340
m_2808213_sw_17_060_20211130 360
m_2909420_se_15_060_20201112 360
m_2909532_sw_15_060_20201116 360
m_2708216_sw_17_060_20211202 360
m_2908926_ne_16_060_20190906_20191015 360
m_2909008_sw_15_060_20190707_20191001 378
m_3208140_se_17_060_20210507 340
m_3008328_ne_17_060_20191113_20200114 360
270.8085951805115
