load envirionment

/work/csr33/images_for_predictions/naip_tiles/m_3008910_ne_16_030_20211116.tif
/work/csr33/images_for_predictions/naip_tiles/m_3907517_ne_18_060_20210606.tif
/work/csr33/images_for_predictions/naip_tiles/m_3412032_ne_10_060_20200522.tif
/work/csr33/images_for_predictions/naip_tiles/m_3008552_sw_16_060_20191118_20200114.tif
/work/csr33/images_for_predictions/naip_tiles/m_3807563_sw_18_060_20210605.tif
/work/csr33/images_for_predictions/naip_tiles/m_3008950_nw_16_030_20211116.tif
/work/csr33/images_for_predictions/naip_tiles/m_3411958_se_11_060_20200607.tif
/work/csr33/images_for_predictions/naip_tiles/m_3009240_nw_15_030_20211212.tif
/work/csr33/images_for_predictions/naip_tiles/m_2708012_se_17_060_20191215_20200113.tif
/work/csr33/images_for_predictions/naip_tiles/m_4406725_ne_19_060_20210907.tif
/work/csr33/images_for_predictions/naip_tiles/m_2708213_ne_17_060_20211130.tif
/work/csr33/images_for_predictions/naip_tiles/m_2809616_sw_14_060_20201029.tif
/work/csr33/images_for_predictions/naip_tiles/m_4406830_sw_19_060_20210919.tif
/work/csr33/images_for_predictions/naip_tiles/m_3208148_ne_17_060_20210507.tif
/work/csr33/images_for_predictions/naip_tiles/m_4506725_se_19_060_20210815.tif
/work/csr33/images_for_predictions/naip_tiles/m_4406835_ne_19_060_20210914.tif
/work/csr33/images_for_predictions/naip_tiles/m_4306909_sw_19_060_20211006.tif
m_4406830_sw_19_060_20210919 300
/work/csr33/images_for_predictions/naip_tiles/m_3008612_nw_16_060_20191109_20200114.tif
m_4506725_se_19_060_20210815 300
m_3907517_ne_18_060_20210606 320
m_4406725_ne_19_060_20210907 300
m_4406835_ne_19_060_20210914 300
m_3807563_sw_18_060_20210605 320
m_3412032_ne_10_060_20200522 340
m_3208148_ne_17_060_20210507 340
m_3008552_sw_16_060_20191118_20200114 340
m_3411958_se_11_060_20200607 340
m_2708012_se_17_060_20191215_20200113 360
m_2809616_sw_14_060_20201029 360
m_2708213_ne_17_060_20211130 360
m_4306909_sw_19_060_20211006 300
m_3008612_nw_16_060_20191109_20200114 340
m_3009240_nw_15_030_20211212 1326
m_3008950_nw_16_030_20211116 1365
m_3008910_ne_16_030_20211116 1365
406.0914204120636
