load envirionment

/work/csr33/images_for_predictions/naip_tiles/m_3311638_sw_11_060_20200415.tif
/work/csr33/images_for_predictions/naip_tiles/m_4307131_ne_19_060_20211024.tif
/work/csr33/images_for_predictions/naip_tiles/m_2908110_nw_17_060_20211129.tif
/work/csr33/images_for_predictions/naip_tiles/m_3907561_se_18_060_20211019.tif
/work/csr33/images_for_predictions/naip_tiles/m_2909301_sw_15_060_20201102.tif
/work/csr33/images_for_predictions/naip_tiles/m_3008621_se_16_060_20191109_20200114.tif
/work/csr33/images_for_predictions/naip_tiles/m_3307905_sw_17_060_20210501.tif
/work/csr33/images_for_predictions/naip_tiles/m_3008349_sw_17_060_20191117_20200114.tif
/work/csr33/images_for_predictions/naip_tiles/m_4406927_sw_19_060_20210827.tif
/work/csr33/images_for_predictions/naip_tiles/m_3208031_sw_17_060_20210426.tif
/work/csr33/images_for_predictions/naip_tiles/m_3907556_ne_18_060_20190726_20191209.tif
/work/csr33/images_for_predictions/naip_tiles/m_3008224_ne_17_060_20211202.tif
/work/csr33/images_for_predictions/naip_tiles/m_4506850_ne_19_060_20210816.tif
/work/csr33/images_for_predictions/naip_tiles/m_2508043_se_17_060_20211203.tif
/work/csr33/images_for_predictions/naip_tiles/m_4207448_nw_18_060_20210920.tif
/work/csr33/images_for_predictions/naip_tiles/m_2909040_se_15_030_20211202.tif
/work/csr33/images_for_predictions/naip_tiles/m_3807617_se_18_060_20210617.tif
m_3008621_se_16_060_20191109_20200114 340
/work/csr33/images_for_predictions/naip_tiles/m_3807522_sw_18_060_20211019.tif
m_4406927_sw_19_060_20210827 300
m_4506850_ne_19_060_20210816 300
m_3907556_ne_18_060_20190726_20191209 320
m_3907561_se_18_060_20211019 320
m_4207448_nw_18_060_20210920 320
m_4307131_ne_19_060_20211024 320
m_3208031_sw_17_060_20210426 340
m_2909301_sw_15_060_20201102 340
m_3307905_sw_17_060_20210501 340
m_3311638_sw_11_060_20200415 340
m_2508043_se_17_060_20211203 360
m_3008349_sw_17_060_20191117_20200114 360
m_3008224_ne_17_060_20211202 360
m_2908110_nw_17_060_20211129 360
m_3807617_se_18_060_20210617 320
m_3807522_sw_18_060_20211019 320
m_2909040_se_15_030_20211202 1365
819.0429937839508
