load envirionment

/work/csr33/images_for_predictions/naip_tiles/m_3009310_ne_15_060_20201006.tif
/work/csr33/images_for_predictions/naip_tiles/m_4207438_sw_18_060_20211110.tif
/work/csr33/images_for_predictions/naip_tiles/m_4406722_sw_19_060_20210711.tif
/work/csr33/images_for_predictions/naip_tiles/m_2909313_ne_15_060_20190726_20191001.tif
/work/csr33/images_for_predictions/naip_tiles/m_2608109_nw_17_060_20211223.tif
/work/csr33/images_for_predictions/naip_tiles/m_3008213_se_17_060_20191110_20200108.tif
/work/csr33/images_for_predictions/naip_tiles/m_4107460_ne_18_060_20190830_20191209.tif
/work/csr33/images_for_predictions/naip_tiles/m_2909124_se_15_060_20190707_20191001.tif
/work/csr33/images_for_predictions/naip_tiles/m_4107435_nw_18_060_20211106.tif
/work/csr33/images_for_predictions/naip_tiles/m_3307962_nw_17_060_20210501.tif
/work/csr33/images_for_predictions/naip_tiles/m_3009318_nw_15_060_20201031.tif
/work/csr33/images_for_predictions/naip_tiles/m_2509713_nw_14_060_20201029.tif
/work/csr33/images_for_predictions/naip_tiles/m_2909033_sw_15_060_20190831_20191001.tif
/work/csr33/images_for_predictions/naip_tiles/m_2708255_nw_17_060_20211130.tif
/work/csr33/images_for_predictions/naip_tiles/m_4107036_nw_19_060_20210904.tif
/work/csr33/images_for_predictions/naip_tiles/m_4107023_se_19_060_20210826.tif
/work/csr33/images_for_predictions/naip_tiles/m_3311618_sw_11_060_20200415.tif
m_4107023_se_19_060_20210826 320
/work/csr33/images_for_predictions/naip_tiles/m_3507501_se_18_060_20200516.tif
m_4406722_sw_19_060_20210711 315
m_4107435_nw_18_060_20211106 320
m_2909313_ne_15_060_20190726_20191001 360
m_4107036_nw_19_060_20210904 320
m_4107460_ne_18_060_20190830_20191209 300
m_4207438_sw_18_060_20211110 320
m_2708255_nw_17_060_20211130 360
m_3008213_se_17_060_20191110_20200108 340
m_3307962_nw_17_060_20210501 340
m_3009310_ne_15_060_20201006 340
m_3009318_nw_15_060_20201031 340
m_2909033_sw_15_060_20190831_20191001 378
m_2608109_nw_17_060_20211223 360
m_2509713_nw_14_060_20201029 360
m_2909124_se_15_060_20190707_20191001 378
m_3311618_sw_11_060_20200415 340
m_3507501_se_18_060_20200516 340
133.299134016037
