load envirionment

/work/csr33/images_for_predictions/naip_tiles/m_3512055_se_10_060_20200522.tif
/work/csr33/images_for_predictions/naip_tiles/m_3407716_sw_18_060_20201031.tif
/work/csr33/images_for_predictions/naip_tiles/m_2609722_nw_14_060_20201029.tif
/work/csr33/images_for_predictions/naip_tiles/m_3009459_nw_15_060_20201112.tif
/work/csr33/images_for_predictions/naip_tiles/m_3507708_nw_18_060_20200922.tif
/work/csr33/images_for_predictions/naip_tiles/m_3008933_se_16_030_20211115.tif
/work/csr33/images_for_predictions/naip_tiles/m_3607755_nw_18_060_20200922.tif
/work/csr33/images_for_predictions/naip_tiles/m_2908901_sw_16_030_20211129.tif
/work/csr33/images_for_predictions/naip_tiles/m_3311646_nw_11_060_20200415.tif
/work/csr33/images_for_predictions/naip_tiles/m_2608154_sw_17_060_20191128_20200113.tif
/work/csr33/images_for_predictions/naip_tiles/m_4107201_se_18_060_20211105.tif
/work/csr33/images_for_predictions/naip_tiles/m_4506751_nw_19_060_20210815.tif
/work/csr33/images_for_predictions/naip_tiles/m_4107448_sw_18_060_20211105.tif
/work/csr33/images_for_predictions/naip_tiles/m_2908148_sw_17_060_20211130.tif
/work/csr33/images_for_predictions/naip_tiles/m_3008104_se_17_060_20211203.tif
/work/csr33/images_for_predictions/naip_tiles/m_3009026_ne_15_030_20211120.tif
/work/csr33/images_for_predictions/naip_tiles/m_3607533_ne_18_060_20200516.tif
m_4506751_nw_19_060_20210815 300
/work/csr33/images_for_predictions/naip_tiles/m_3008731_sw_16_060_20191103_20200114.tif
m_4107448_sw_18_060_20211105 320
m_4107201_se_18_060_20211105 336
m_3507708_nw_18_060_20200922 340
m_3607755_nw_18_060_20200922 340
m_3512055_se_10_060_20200522 340
m_3008104_se_17_060_20211203 340
m_3009459_nw_15_060_20201112 340
m_3311646_nw_11_060_20200415 340
m_3407716_sw_18_060_20201031 357
m_2609722_nw_14_060_20201029 360
m_2608154_sw_17_060_20191128_20200113 360
m_2908148_sw_17_060_20211130 360
m_3607533_ne_18_060_20200516 340
m_3008731_sw_16_060_20191103_20200114 340
m_3009026_ne_15_030_20211120 1326
m_2908901_sw_16_030_20211129 1365
m_3008933_se_16_030_20211115 1365
412.196026802063
