load envirionment

/work/csr33/images_for_predictions/naip_tiles/m_3008929_nw_16_030_20211119.tif
/work/csr33/images_for_predictions/naip_tiles/m_3008242_sw_17_060_20211130.tif
/work/csr33/images_for_predictions/naip_tiles/m_3009037_se_15_030_20211115.tif
/work/csr33/images_for_predictions/naip_tiles/m_2708237_ne_17_060_20211130.tif
/work/csr33/images_for_predictions/naip_tiles/m_3108144_se_17_060_20211203.tif
/work/csr33/images_for_predictions/naip_tiles/m_3008709_sw_16_030_20211112.tif
/work/csr33/images_for_predictions/naip_tiles/m_2909308_se_15_060_20190706_20191001.tif
/work/csr33/images_for_predictions/naip_tiles/m_4107355_se_18_060_20211106.tif
/work/csr33/images_for_predictions/naip_tiles/m_2809644_ne_14_060_20200501.tif
/work/csr33/images_for_predictions/naip_tiles/m_3008555_sw_16_060_20191118_20200114.tif
/work/csr33/images_for_predictions/naip_tiles/m_2808214_se_17_060_20211130.tif
/work/csr33/images_for_predictions/naip_tiles/m_2709712_ne_14_060_20200430.tif
/work/csr33/images_for_predictions/naip_tiles/m_3707704_nw_18_060_20210910.tif
/work/csr33/images_for_predictions/naip_tiles/m_3407847_ne_17_060_20200904.tif
/work/csr33/images_for_predictions/naip_tiles/m_2708044_sw_17_060_20191215_20200113.tif
/work/csr33/images_for_predictions/naip_tiles/m_3008519_sw_16_060_20191118_20200114.tif
/work/csr33/images_for_predictions/naip_tiles/m_2708244_se_17_060_20211130.tif
m_4107355_se_18_060_20211106 336
/work/csr33/images_for_predictions/naip_tiles/m_3507723_nw_18_060_20200922.tif
m_3407847_ne_17_060_20200904 340
m_3008519_sw_16_060_20191118_20200114 340
m_3008555_sw_16_060_20191118_20200114 340
m_3707704_nw_18_060_20210910 340
m_3108144_se_17_060_20211203 340
m_2709712_ne_14_060_20200430 360
m_2909308_se_15_060_20190706_20191001 360
m_2708044_sw_17_060_20191215_20200113 360
m_2708237_ne_17_060_20211130 360
m_2809644_ne_14_060_20200501 360
m_2808214_se_17_060_20211130 360
m_3008242_sw_17_060_20211130 378
m_3507723_nw_18_060_20200922 340
m_2708244_se_17_060_20211130 360
m_3009037_se_15_030_20211115 1365
m_3008709_sw_16_030_20211112 1400
m_3008929_nw_16_030_20211119 1440
706.0544421672821
