load envirionment

/work/csr33/images_for_predictions/naip_tiles/m_2608150_se_17_060_20211223.tif
/work/csr33/images_for_predictions/naip_tiles/m_4007429_se_18_060_20190830_20191209.tif
/work/csr33/images_for_predictions/naip_tiles/m_4506836_sw_19_060_20211006.tif
/work/csr33/images_for_predictions/naip_tiles/m_3009243_sw_15_060_20190905_20191001.tif
/work/csr33/images_for_predictions/naip_tiles/m_2909220_nw_15_060_20190706_20191001.tif
/work/csr33/images_for_predictions/naip_tiles/m_3307801_se_17_060_20210508.tif
/work/csr33/images_for_predictions/naip_tiles/m_2909523_ne_15_060_20201130.tif
/work/csr33/images_for_predictions/naip_tiles/m_3008706_ne_16_030_20211115.tif
/work/csr33/images_for_predictions/naip_tiles/m_3108859_se_16_030_20211123.tif
/work/csr33/images_for_predictions/naip_tiles/m_2909425_sw_15_060_20201116.tif
/work/csr33/images_for_predictions/naip_tiles/m_3807764_nw_18_060_20210630.tif
/work/csr33/images_for_predictions/naip_tiles/m_3907627_ne_18_060_20210616.tif
/work/csr33/images_for_predictions/naip_tiles/m_2908928_sw_16_030_20211202.tif
/work/csr33/images_for_predictions/naip_tiles/m_4406716_nw_19_060_20210711.tif
/work/csr33/images_for_predictions/naip_tiles/m_2909552_ne_15_060_20201117.tif
/work/csr33/images_for_predictions/naip_tiles/m_3008810_sw_16_030_20211112.tif
/work/csr33/images_for_predictions/naip_tiles/m_2909125_ne_15_060_20190706_20191001.tif
m_4406716_nw_19_060_20210711 300
/work/csr33/images_for_predictions/naip_tiles/m_4107262_ne_18_060_20210926.tif
m_3307801_se_17_060_20210508 340
m_4007429_se_18_060_20190830_20191209 300
m_4506836_sw_19_060_20211006 300
m_3907627_ne_18_060_20210616 320
m_3807764_nw_18_060_20210630 340
m_2909523_ne_15_060_20201130 360
m_2909552_ne_15_060_20201117 360
m_2909220_nw_15_060_20190706_20191001 360
m_3009243_sw_15_060_20190905_20191001 360
m_2909425_sw_15_060_20201116 360
m_2608150_se_17_060_20211223 360
m_4107262_ne_18_060_20210926 320
m_2909125_ne_15_060_20190706_20191001 360
m_2908928_sw_16_030_20211202 1365
m_3008706_ne_16_030_20211115 1365
m_3108859_se_16_030_20211123 1400
m_3008810_sw_16_030_20211112 1476
585.7593064308167
