load envirionment

/work/csr33/images_for_predictions/naip_tiles/m_2909013_ne_15_030_20211130.tif
/work/csr33/images_for_predictions/naip_tiles/m_3707719_ne_18_060_20210628.tif
/work/csr33/images_for_predictions/naip_tiles/m_4107331_sw_18_060_20211103.tif
/work/csr33/images_for_predictions/naip_tiles/m_3707511_sw_18_060_20211017.tif
/work/csr33/images_for_predictions/naip_tiles/m_2708222_ne_17_060_20211130.tif
/work/csr33/images_for_predictions/naip_tiles/m_2908937_se_16_030_20211202.tif
/work/csr33/images_for_predictions/naip_tiles/m_3707752_ne_18_060_20210910.tif
/work/csr33/images_for_predictions/naip_tiles/m_4506751_ne_19_060_20210723.tif
/work/csr33/images_for_predictions/naip_tiles/m_3907562_sw_18_060_20211019.tif
/work/csr33/images_for_predictions/naip_tiles/m_3311652_ne_11_060_20200415.tif
/work/csr33/images_for_predictions/naip_tiles/m_3807620_nw_18_060_20211020.tif
/work/csr33/images_for_predictions/naip_tiles/m_4107248_ne_18_060_20210926.tif
/work/csr33/images_for_predictions/naip_tiles/m_4307036_ne_19_060_20211007.tif
/work/csr33/images_for_predictions/naip_tiles/m_2808263_nw_17_060_20211130.tif
/work/csr33/images_for_predictions/naip_tiles/m_3108719_sw_16_030_20211115.tif
/work/csr33/images_for_predictions/naip_tiles/m_4107333_sw_18_060_20211105.tif
/work/csr33/images_for_predictions/naip_tiles/m_3008446_sw_16_060_20191129_20200114.tif
m_4107248_ne_18_060_20210926 320
/work/csr33/images_for_predictions/naip_tiles/m_2809609_sw_14_060_20201116.tif
m_4506751_ne_19_060_20210723 300
m_4307036_ne_19_060_20211007 300
m_3907562_sw_18_060_20211019 320
m_3807620_nw_18_060_20211020 320
m_4107333_sw_18_060_20211105 320
m_3707719_ne_18_060_20210628 340
m_3707752_ne_18_060_20210910 340
m_3311652_ne_11_060_20200415 340
m_4107331_sw_18_060_20211103 336
m_3707511_sw_18_060_20211017 340
m_2708222_ne_17_060_20211130 360
m_2808263_nw_17_060_20211130 360
m_3008446_sw_16_060_20191129_20200114 360
m_2809609_sw_14_060_20201116 360
m_2908937_se_16_030_20211202 1365
m_2909013_ne_15_030_20211130 1365
m_3108719_sw_16_030_20211115 1400
429.87441778182983
