load envirionment

/work/csr33/images_for_predictions/naip_tiles/m_3308060_se_17_060_20210501.tif
/work/csr33/images_for_predictions/naip_tiles/m_4406712_nw_19_060_20210907.tif
/work/csr33/images_for_predictions/naip_tiles/m_2909306_se_15_060_20190706_20191001.tif
/work/csr33/images_for_predictions/naip_tiles/m_4406958_sw_19_060_20210827.tif
/work/csr33/images_for_predictions/naip_tiles/m_3507620_sw_18_060_20201018.tif
/work/csr33/images_for_predictions/naip_tiles/m_3008904_sw_16_030_20211112.tif
/work/csr33/images_for_predictions/naip_tiles/m_2709704_se_14_060_20200430.tif
/work/csr33/images_for_predictions/naip_tiles/m_3707707_se_18_060_20210912.tif
/work/csr33/images_for_predictions/naip_tiles/m_3311713_sw_11_060_20200423.tif
/work/csr33/images_for_predictions/naip_tiles/m_2509703_ne_14_060_20201210.tif
/work/csr33/images_for_predictions/naip_tiles/m_3907656_sw_18_060_20211020.tif
/work/csr33/images_for_predictions/naip_tiles/m_2809724_ne_14_060_20201029.tif
/work/csr33/images_for_predictions/naip_tiles/m_4007447_sw_18_060_20190809_20191209.tif
/work/csr33/images_for_predictions/naip_tiles/m_4107104_ne_19_060_20210826.tif
/work/csr33/images_for_predictions/naip_tiles/m_4207352_se_18_060_20211107.tif
/work/csr33/images_for_predictions/naip_tiles/m_2608120_sw_17_060_20191123_20200113.tif
/work/csr33/images_for_predictions/naip_tiles/m_2909224_nw_15_060_20190706_20191001.tif
m_4406958_sw_19_060_20210827 300
/work/csr33/images_for_predictions/naip_tiles/m_2909661_se_14_060_20200501.tif
m_4406712_nw_19_060_20210907 300
m_3907656_sw_18_060_20211020 320
m_4107104_ne_19_060_20210826 320
m_4007447_sw_18_060_20190809_20191209 320
m_4207352_se_18_060_20211107 336
m_3308060_se_17_060_20210501 340
m_3311713_sw_11_060_20200423 340
m_2709704_se_14_060_20200430 360
m_3707707_se_18_060_20210912 357
m_3507620_sw_18_060_20201018 357
m_2608120_sw_17_060_20191123_20200113 360
m_2909306_se_15_060_20190706_20191001 360
m_2509703_ne_14_060_20201210 360
m_2809724_ne_14_060_20201029 360
m_2909224_nw_15_060_20190706_20191001 360
m_2909661_se_14_060_20200501 360
m_3008904_sw_16_030_20211112 1476
868.7284686565399
