load envirionment

/work/csr33/images_for_predictions/naip_tiles/m_3009454_sw_15_060_20201112.tif
/work/csr33/images_for_predictions/naip_tiles/m_3407829_sw_17_060_20200603.tif
/work/csr33/images_for_predictions/naip_tiles/m_4107436_sw_18_060_20211106.tif
/work/csr33/images_for_predictions/naip_tiles/m_2608120_ne_17_060_20191123_20200113.tif
/work/csr33/images_for_predictions/naip_tiles/m_3008241_nw_17_060_20211117.tif
/work/csr33/images_for_predictions/naip_tiles/m_4007408_sw_18_060_20190830_20191209.tif
/work/csr33/images_for_predictions/naip_tiles/m_3008152_se_17_060_20211129.tif
/work/csr33/images_for_predictions/naip_tiles/m_2808238_se_17_060_20211130.tif
/work/csr33/images_for_predictions/naip_tiles/m_3807510_se_18_060_20210618.tif
/work/csr33/images_for_predictions/naip_tiles/m_3311731_sw_11_060_20200423.tif
/work/csr33/images_for_predictions/naip_tiles/m_3807502_se_18_060_20210606.tif
/work/csr33/images_for_predictions/naip_tiles/m_3407844_sw_17_060_20200922.tif
/work/csr33/images_for_predictions/naip_tiles/m_3008939_nw_16_030_20211114.tif
/work/csr33/images_for_predictions/naip_tiles/m_2608053_se_17_060_20191203_20200113.tif
/work/csr33/images_for_predictions/naip_tiles/m_3807617_sw_18_060_20210617.tif
/work/csr33/images_for_predictions/naip_tiles/m_2908101_nw_17_060_20211202.tif
/work/csr33/images_for_predictions/naip_tiles/m_3008207_ne_17_060_20191110_20200108.tif
m_4007408_sw_18_060_20190830_20191209 300
/work/csr33/images_for_predictions/naip_tiles/m_3707657_se_18_060_20210827.tif
m_3807617_sw_18_060_20210617 320
m_4107436_sw_18_060_20211106 320
m_3807510_se_18_060_20210618 320
m_3807502_se_18_060_20210606 320
m_2608120_ne_17_060_20191123_20200113 360
m_3009454_sw_15_060_20201112 340
m_3311731_sw_11_060_20200423 340
m_3008152_se_17_060_20211129 360
m_2808238_se_17_060_20211130 360
m_2608053_se_17_060_20191203_20200113 360
m_2908101_nw_17_060_20211202 360
m_3008241_nw_17_060_20211117 360
m_3407844_sw_17_060_20200922 378
m_3407829_sw_17_060_20200603 378
m_3008207_ne_17_060_20191110_20200108 340
m_3707657_se_18_060_20210827 357
m_3008939_nw_16_030_20211114 1440
322.6675727367401
