load envirionment

/work/csr33/images_for_predictions/naip_tiles/m_2908113_ne_17_060_20211130.tif
/work/csr33/images_for_predictions/naip_tiles/m_3407846_se_17_060_20201102.tif
/work/csr33/images_for_predictions/naip_tiles/m_2809716_se_14_060_20201029.tif
/work/csr33/images_for_predictions/naip_tiles/m_2609705_se_14_060_20201029.tif
/work/csr33/images_for_predictions/naip_tiles/m_2608151_nw_17_060_20211223.tif
/work/csr33/images_for_predictions/naip_tiles/m_3412012_nw_10_060_20180724_20190208.tif
/work/csr33/images_for_predictions/naip_tiles/m_2909130_sw_15_060_20190831_20191001.tif
/work/csr33/images_for_predictions/naip_tiles/m_4406804_se_19_060_20210914.tif
/work/csr33/images_for_predictions/naip_tiles/m_4007427_nw_18_060_20190917_20191209.tif
/work/csr33/images_for_predictions/naip_tiles/m_3307927_se_17_060_20210501.tif
/work/csr33/images_for_predictions/naip_tiles/m_3907542_ne_18_060_20210629.tif
/work/csr33/images_for_predictions/naip_tiles/m_2809625_ne_14_060_20201116.tif
/work/csr33/images_for_predictions/naip_tiles/m_4007322_se_18_060_20211103.tif
/work/csr33/images_for_predictions/naip_tiles/m_3009562_se_15_060_20201130.tif
/work/csr33/images_for_predictions/naip_tiles/m_2808214_ne_17_060_20211130.tif
/work/csr33/images_for_predictions/naip_tiles/m_2709751_nw_14_060_20200501.tif
/work/csr33/images_for_predictions/naip_tiles/m_4107412_ne_18_060_20211106.tif
m_4406804_se_19_060_20210914 300
/work/csr33/images_for_predictions/naip_tiles/m_4107127_sw_19_060_20210926.tif
m_4007427_nw_18_060_20190917_20191209 300
m_3412012_nw_10_060_20180724_20190208 340
m_3907542_ne_18_060_20210629 320
m_4007322_se_18_060_20211103 336
m_3307927_se_17_060_20210501 340
m_2609705_se_14_060_20201029 360
m_2909130_sw_15_060_20190831_20191001 360
m_2809625_ne_14_060_20201116 360
m_2808214_ne_17_060_20211130 360
m_3009562_se_15_060_20201130 360
m_3407846_se_17_060_20201102 357
m_2709751_nw_14_060_20200501 360
m_2908113_ne_17_060_20211130 360
m_2809716_se_14_060_20201029 360
m_2608151_nw_17_060_20211223 380
m_4107412_ne_18_060_20211106 320
m_4107127_sw_19_060_20210926 336
765.9155580997467
