load envirionment

/work/csr33/images_for_predictions/naip_tiles/m_3009301_sw_15_060_20201006.tif
/work/csr33/images_for_predictions/naip_tiles/m_2708143_se_17_060_20191129_20200113.tif
/work/csr33/images_for_predictions/naip_tiles/m_3607604_se_18_060_20210913.tif
/work/csr33/images_for_predictions/naip_tiles/m_3507712_se_18_060_20200922.tif
/work/csr33/images_for_predictions/naip_tiles/m_2909408_sw_15_060_20201102.tif
/work/csr33/images_for_predictions/naip_tiles/m_2908119_se_17_060_20211129.tif
/work/csr33/images_for_predictions/naip_tiles/m_3207911_ne_17_060_20210501.tif
/work/csr33/images_for_predictions/naip_tiles/m_2909524_ne_15_060_20201118.tif
/work/csr33/images_for_predictions/naip_tiles/m_4007546_se_18_060_20191019_20191203.tif
/work/csr33/images_for_predictions/naip_tiles/m_4007419_nw_18_060_20190917_20191209.tif
/work/csr33/images_for_predictions/naip_tiles/m_4107358_se_18_060_20211105.tif
/work/csr33/images_for_predictions/naip_tiles/m_2909058_ne_15_060_20190830_20191001.tif
/work/csr33/images_for_predictions/naip_tiles/m_4107236_nw_18_060_20211001.tif
/work/csr33/images_for_predictions/naip_tiles/m_3009023_nw_15_030_20211201.tif
/work/csr33/images_for_predictions/naip_tiles/m_3907545_se_18_060_20210630.tif
/work/csr33/images_for_predictions/naip_tiles/m_4007443_sw_18_060_20190730_20191209.tif
/work/csr33/images_for_predictions/naip_tiles/m_3807760_sw_18_060_20210910.tif
m_4007419_nw_18_060_20190917_20191209 300
/work/csr33/images_for_predictions/naip_tiles/m_3311745_se_11_060_20200520.tif
m_4007443_sw_18_060_20190730_20191209 300
m_4007546_se_18_060_20191019_20191203 320
m_3907545_se_18_060_20210630 320
m_4107358_se_18_060_20211105 320
m_4107236_nw_18_060_20211001 320
m_3607604_se_18_060_20210913 340
m_2909408_sw_15_060_20201102 340
m_3207911_ne_17_060_20210501 340
m_3009301_sw_15_060_20201006 340
m_2909058_ne_15_060_20190830_20191001 360
m_2908119_se_17_060_20211129 360
m_2909524_ne_15_060_20201118 360
m_3507712_se_18_060_20200922 357
m_2708143_se_17_060_20191129_20200113 360
m_3311745_se_11_060_20200520 340
m_3807760_sw_18_060_20210910 357
m_3009023_nw_15_030_20211201 1365
394.0363383293152
