load envirionment

/work/csr33/images_for_predictions/naip_tiles/m_3311701_nw_11_060_20200505.tif
/work/csr33/images_for_predictions/naip_tiles/m_3108112_ne_17_060_20191110_20200102.tif
/work/csr33/images_for_predictions/naip_tiles/m_3208018_nw_17_060_20210426.tif
/work/csr33/images_for_predictions/naip_tiles/m_2608037_se_17_060_20191207_20200113.tif
/work/csr33/images_for_predictions/naip_tiles/m_3411933_nw_11_060_20200522.tif
/work/csr33/images_for_predictions/naip_tiles/m_3008327_nw_17_060_20191113_20200114.tif
/work/csr33/images_for_predictions/naip_tiles/m_3307923_sw_17_060_20210501.tif
/work/csr33/images_for_predictions/naip_tiles/m_3308032_se_17_060_20210501.tif
/work/csr33/images_for_predictions/naip_tiles/m_2909131_ne_15_060_20190902_20191001.tif
/work/csr33/images_for_predictions/naip_tiles/m_3807552_nw_18_060_20210605.tif
/work/csr33/images_for_predictions/naip_tiles/m_2809707_ne_14_060_20200501.tif
/work/csr33/images_for_predictions/naip_tiles/m_3907527_ne_18_060_20210630.tif
/work/csr33/images_for_predictions/naip_tiles/m_2608031_se_17_060_20191120_20200113.tif
/work/csr33/images_for_predictions/naip_tiles/m_2709729_sw_14_060_20200430.tif
/work/csr33/images_for_predictions/naip_tiles/m_4107021_ne_19_060_20210904.tif
/work/csr33/images_for_predictions/naip_tiles/m_3008426_sw_16_060_20191128_20200114.tif
/work/csr33/images_for_predictions/naip_tiles/m_4307052_sw_19_060_20211007.tif
m_3907527_ne_18_060_20210630 320
/work/csr33/images_for_predictions/naip_tiles/m_3008632_ne_16_060_20191109_20200114.tif
m_3807552_nw_18_060_20210605 320
m_4107021_ne_19_060_20210904 320
m_3311701_nw_11_060_20200505 340
m_3411933_nw_11_060_20200522 340
m_3308032_se_17_060_20210501 340
m_3208018_nw_17_060_20210426 340
m_3307923_sw_17_060_20210501 340
m_3108112_ne_17_060_20191110_20200102 340
m_2608037_se_17_060_20191207_20200113 360
m_2608031_se_17_060_20191120_20200113 360
m_3008426_sw_16_060_20191128_20200114 360
m_2709729_sw_14_060_20200430 360
m_2909131_ne_15_060_20190902_20191001 360
m_3008327_nw_17_060_20191113_20200114 360
m_2809707_ne_14_060_20200501 360
m_4307052_sw_19_060_20211007 336
m_3008632_ne_16_060_20191109_20200114 340
292.93043518066406
