load envirionment

/work/csr33/images_for_predictions/naip_tiles/m_3008258_nw_17_060_20211117.tif
/work/csr33/images_for_predictions/naip_tiles/m_2909040_ne_15_030_20211202.tif
/work/csr33/images_for_predictions/naip_tiles/m_3311755_nw_11_060_20200520.tif
/work/csr33/images_for_predictions/naip_tiles/m_3807517_sw_18_060_20210618.tif
/work/csr33/images_for_predictions/naip_tiles/m_2508013_sw_17_060_20191126_20200113.tif
/work/csr33/images_for_predictions/naip_tiles/m_3407843_nw_17_060_20200603.tif
/work/csr33/images_for_predictions/naip_tiles/m_2809610_se_14_060_20201029.tif
/work/csr33/images_for_predictions/naip_tiles/m_3008521_nw_16_060_20191118_20200114.tif
/work/csr33/images_for_predictions/naip_tiles/m_3009004_sw_15_030_20211201.tif
/work/csr33/images_for_predictions/naip_tiles/m_3807549_se_18_060_20210618.tif
/work/csr33/images_for_predictions/naip_tiles/m_4406920_ne_19_060_20210904.tif
/work/csr33/images_for_predictions/naip_tiles/m_4107340_nw_18_060_20211106.tif
/work/csr33/images_for_predictions/naip_tiles/m_3507544_ne_18_060_20201018.tif
/work/csr33/images_for_predictions/naip_tiles/m_2908522_se_16_060_20191118_20200114.tif
/work/csr33/images_for_predictions/naip_tiles/m_4107403_nw_18_060_20211106.tif
/work/csr33/images_for_predictions/naip_tiles/m_3008840_sw_16_030_20211113.tif
/work/csr33/images_for_predictions/naip_tiles/m_2908125_ne_17_060_20211129.tif
m_4107403_nw_18_060_20211106 320
/work/csr33/images_for_predictions/naip_tiles/m_3311619_ne_11_060_20200615.tif
m_4406920_ne_19_060_20210904 300
m_3807517_sw_18_060_20210618 320
m_3807549_se_18_060_20210618 320
m_4107340_nw_18_060_20211106 320
m_3507544_ne_18_060_20201018 340
m_3311755_nw_11_060_20200520 340
m_3008521_nw_16_060_20191118_20200114 340
m_2809610_se_14_060_20201029 360
m_2908522_se_16_060_20191118_20200114 360
m_3008258_nw_17_060_20211117 360
m_3407843_nw_17_060_20200603 360
m_2508013_sw_17_060_20191126_20200113 360
m_2908125_ne_17_060_20211129 360
m_3311619_ne_11_060_20200615 340
m_3009004_sw_15_030_20211201 1326
m_2909040_ne_15_030_20211202 1365
m_3008840_sw_16_030_20211113 1400
663.0926129817963
