load envirionment

/work/csr33/images_for_predictions/naip_tiles/m_3108821_se_16_030_20211123.tif
/work/csr33/images_for_predictions/naip_tiles/m_3807728_sw_18_060_20210903.tif
/work/csr33/images_for_predictions/naip_tiles/m_3009548_nw_15_060_20201118.tif
/work/csr33/images_for_predictions/naip_tiles/m_3907541_ne_18_060_20210606.tif
/work/csr33/images_for_predictions/naip_tiles/m_3807533_nw_18_060_20210618.tif
/work/csr33/images_for_predictions/naip_tiles/m_2708019_sw_17_060_20191215_20200113.tif
/work/csr33/images_for_predictions/naip_tiles/m_3907504_se_18_060_20191019_20191203.tif
/work/csr33/images_for_predictions/naip_tiles/m_3208025_ne_17_060_20210426.tif
/work/csr33/images_for_predictions/naip_tiles/m_2709733_sw_14_060_20200501.tif
/work/csr33/images_for_predictions/naip_tiles/m_3008536_sw_16_060_20191118_20200114.tif
/work/csr33/images_for_predictions/naip_tiles/m_3607628_se_18_060_20210926.tif
/work/csr33/images_for_predictions/naip_tiles/m_3907645_se_18_060_20210606.tif
/work/csr33/images_for_predictions/naip_tiles/m_3008751_nw_16_030_20211113.tif
/work/csr33/images_for_predictions/naip_tiles/m_3907421_sw_18_060_20190730_20191209.tif
/work/csr33/images_for_predictions/naip_tiles/m_2608021_sw_17_060_20191207_20200113.tif
/work/csr33/images_for_predictions/naip_tiles/m_3009111_nw_15_060_20190706_20191001.tif
/work/csr33/images_for_predictions/naip_tiles/m_3109262_sw_15_030_20211101.tif
m_3907421_sw_18_060_20190730_20191209 320
/work/csr33/images_for_predictions/naip_tiles/m_3008534_nw_16_060_20191109_20200114.tif
m_3907645_se_18_060_20210606 320
m_3907504_se_18_060_20191019_20191203 320
m_3907541_ne_18_060_20210606 320
m_3807533_nw_18_060_20210618 320
m_3208025_ne_17_060_20210426 340
m_3607628_se_18_060_20210926 340
m_3008536_sw_16_060_20191118_20200114 340
m_3807728_sw_18_060_20210903 357
m_3009548_nw_15_060_20201118 360
m_2708019_sw_17_060_20191215_20200113 360
m_3009111_nw_15_060_20190706_20191001 360
m_2608021_sw_17_060_20191207_20200113 360
m_2709733_sw_14_060_20200501 360
m_3008534_nw_16_060_20191109_20200114 340
m_3008751_nw_16_030_20211113 1400
m_3108821_se_16_030_20211123 1400
m_3109262_sw_15_030_20211101 1326
609.4383451938629
