load envirionment

/work/csr33/images_for_predictions/naip_tiles/m_4007218_nw_18_060_20211105.tif
/work/csr33/images_for_predictions/naip_tiles/m_3411849_ne_11_060_20200522.tif
/work/csr33/images_for_predictions/naip_tiles/m_4207123_ne_19_060_20211024.tif
/work/csr33/images_for_predictions/naip_tiles/m_2908340_ne_17_060_20211116.tif
/work/csr33/images_for_predictions/naip_tiles/m_3008142_sw_17_060_20211129.tif
/work/csr33/images_for_predictions/naip_tiles/m_3108840_nw_16_030_20211120.tif
/work/csr33/images_for_predictions/naip_tiles/m_2808010_sw_17_060_20191202_20200113.tif
/work/csr33/images_for_predictions/naip_tiles/m_4207310_ne_18_060_20211107.tif
/work/csr33/images_for_predictions/naip_tiles/m_4107460_se_18_060_20190830_20191209.tif
/work/csr33/images_for_predictions/naip_tiles/m_4007301_ne_18_060_20211105.tif
/work/csr33/images_for_predictions/naip_tiles/m_2809601_se_14_060_20201116.tif
/work/csr33/images_for_predictions/naip_tiles/m_3412024_ne_10_060_20200522.tif
/work/csr33/images_for_predictions/naip_tiles/m_2508014_se_17_060_20191126_20200113.tif
/work/csr33/images_for_predictions/naip_tiles/m_3008158_sw_17_060_20211129.tif
/work/csr33/images_for_predictions/naip_tiles/m_4107213_nw_18_060_20210904.tif
/work/csr33/images_for_predictions/naip_tiles/m_3607608_sw_18_060_20210913.tif
/work/csr33/images_for_predictions/naip_tiles/m_3109463_ne_15_060_20201030.tif
m_4107460_se_18_060_20190830_20191209 300
/work/csr33/images_for_predictions/naip_tiles/m_3008625_ne_16_060_20191103_20200114.tif
m_4007218_nw_18_060_20211105 320
m_4007301_ne_18_060_20211105 320
m_4207310_ne_18_060_20211107 320
m_4107213_nw_18_060_20210904 320
m_4207123_ne_19_060_20211024 320
m_3607608_sw_18_060_20210913 340
m_3411849_ne_11_060_20200522 340
m_2808010_sw_17_060_20191202_20200113 340
m_3412024_ne_10_060_20200522 340
m_2908340_ne_17_060_20211116 360
m_2809601_se_14_060_20201116 360
m_3008158_sw_17_060_20211129 360
m_3008142_sw_17_060_20211129 360
m_2508014_se_17_060_20191126_20200113 360
m_3109463_ne_15_060_20201030 340
m_3008625_ne_16_060_20191103_20200114 340
m_3108840_nw_16_030_20211120 1400
381.67728877067566
