load envirionment

/work/csr33/images_for_predictions/naip_tiles/m_3009233_sw_15_060_20190901_20191001.tif
/work/csr33/images_for_predictions/naip_tiles/m_3907546_ne_18_060_20190726_20191209.tif
/work/csr33/images_for_predictions/naip_tiles/m_3009454_ne_15_060_20201104.tif
/work/csr33/images_for_predictions/naip_tiles/m_3009355_se_15_060_20190905_20191001.tif
/work/csr33/images_for_predictions/naip_tiles/m_3707605_ne_18_060_20210912.tif
/work/csr33/images_for_predictions/naip_tiles/m_3008556_se_16_060_20191120_20200114.tif
/work/csr33/images_for_predictions/naip_tiles/m_3008722_ne_16_060_20191103_20200114.tif
/work/csr33/images_for_predictions/naip_tiles/m_2809634_nw_14_060_20201029.tif
/work/csr33/images_for_predictions/naip_tiles/m_4107228_ne_18_060_20210904.tif
/work/csr33/images_for_predictions/naip_tiles/m_3008834_ne_16_030_20211113.tif
/work/csr33/images_for_predictions/naip_tiles/m_3507601_nw_18_060_20200922.tif
/work/csr33/images_for_predictions/naip_tiles/m_3211614_sw_11_060_20200415.tif
/work/csr33/images_for_predictions/naip_tiles/m_3008714_nw_16_060_20191103_20200114.tif
/work/csr33/images_for_predictions/naip_tiles/m_4007450_se_18_060_20191014_20191203.tif
/work/csr33/images_for_predictions/naip_tiles/m_3311805_ne_11_060_20200515.tif
/work/csr33/images_for_predictions/naip_tiles/m_3607736_ne_18_060_20200922.tif
/work/csr33/images_for_predictions/naip_tiles/m_3211714_ne_11_060_20200520.tif
m_3907546_ne_18_060_20190726_20191209 320
/work/csr33/images_for_predictions/naip_tiles/m_4007414_sw_18_060_20190830_20191209.tif
m_4107228_ne_18_060_20210904 320
m_3009454_ne_15_060_20201104 340
m_4007450_se_18_060_20191014_20191203 320
m_3707605_ne_18_060_20210912 340
m_3008722_ne_16_060_20191103_20200114 340
m_3009233_sw_15_060_20190901_20191001 360
m_3211614_sw_11_060_20200415 340
m_3311805_ne_11_060_20200515 340
m_3507601_nw_18_060_20200922 340
m_2809634_nw_14_060_20201029 360
m_3009355_se_15_060_20190905_20191001 360
m_3008714_nw_16_060_20191103_20200114 340
m_3607736_ne_18_060_20200922 340
m_3008556_se_16_060_20191120_20200114 360
m_4007414_sw_18_060_20190830_20191209 300
m_3211714_ne_11_060_20200520 340
m_3008834_ne_16_030_20211113 1400
169.0540153980255
