load envirionment

/work/csr33/images_for_predictions/naip_tiles/m_3407855_ne_17_060_20200603.tif
/work/csr33/images_for_predictions/naip_tiles/m_2909042_ne_15_060_20190830_20191001.tif
/work/csr33/images_for_predictions/naip_tiles/m_3407857_sw_17_060_20210513.tif
/work/csr33/images_for_predictions/naip_tiles/m_3311808_se_11_060_20200505.tif
/work/csr33/images_for_predictions/naip_tiles/m_3307937_sw_17_060_20210501.tif
/work/csr33/images_for_predictions/naip_tiles/m_3009344_nw_15_060_20190901_20191001.tif
/work/csr33/images_for_predictions/naip_tiles/m_4207454_nw_18_060_20211110.tif
/work/csr33/images_for_predictions/naip_tiles/m_2908252_nw_17_060_20211129.tif
/work/csr33/images_for_predictions/naip_tiles/m_3008347_sw_17_060_20211116.tif
/work/csr33/images_for_predictions/naip_tiles/m_3907626_se_18_060_20210616.tif
/work/csr33/images_for_predictions/naip_tiles/m_4506750_se_19_060_20210815.tif
/work/csr33/images_for_predictions/naip_tiles/m_4406807_ne_19_060_20210920.tif
/work/csr33/images_for_predictions/naip_tiles/m_3108110_sw_17_060_20191110_20200102.tif
/work/csr33/images_for_predictions/naip_tiles/m_3008807_ne_16_030_20211120.tif
/work/csr33/images_for_predictions/naip_tiles/m_2808059_ne_17_060_20191130_20200113.tif
/work/csr33/images_for_predictions/naip_tiles/m_3407742_se_18_060_20200904.tif
/work/csr33/images_for_predictions/naip_tiles/m_4107029_nw_19_060_20210904.tif
m_4506750_se_19_060_20210815 300
/work/csr33/images_for_predictions/naip_tiles/m_3008742_ne_16_030_20211113.tif
m_4406807_ne_19_060_20210920 300
m_4207454_nw_18_060_20211110 320
m_3907626_se_18_060_20210616 320
m_3311808_se_11_060_20200505 340
m_3108110_sw_17_060_20191110_20200102 340
m_3009344_nw_15_060_20190901_20191001 360
m_3407855_ne_17_060_20200603 340
m_3407857_sw_17_060_20210513 340
m_3307937_sw_17_060_20210501 340
m_2908252_nw_17_060_20211129 360
m_2909042_ne_15_060_20190830_20191001 360
m_3407742_se_18_060_20200904 357
m_2808059_ne_17_060_20191130_20200113 360
m_3008347_sw_17_060_20211116 378
m_4107029_nw_19_060_20210904 320
m_3008807_ne_16_030_20211120 1400
m_3008742_ne_16_030_20211113 1400
952.2034482955933
