load envirionment

/work/csr33/images_for_predictions/naip_tiles/m_3009463_nw_15_060_20201104.tif
/work/csr33/images_for_predictions/naip_tiles/m_2808060_se_17_060_20191215_20200113.tif
/work/csr33/images_for_predictions/naip_tiles/m_3907413_nw_18_060_20190730_20191209.tif
/work/csr33/images_for_predictions/naip_tiles/m_2908236_ne_17_060_20211129.tif
/work/csr33/images_for_predictions/naip_tiles/m_3008927_se_16_030_20211119.tif
/work/csr33/images_for_predictions/naip_tiles/m_4207322_sw_18_060_20211106.tif
/work/csr33/images_for_predictions/naip_tiles/m_3507629_ne_18_060_20200922.tif
/work/csr33/images_for_predictions/naip_tiles/m_3807611_ne_18_060_20210617.tif
/work/csr33/images_for_predictions/naip_tiles/m_3008447_se_16_060_20191205_20200114.tif
/work/csr33/images_for_predictions/naip_tiles/m_3607613_nw_18_060_20210913.tif
/work/csr33/images_for_predictions/naip_tiles/m_3507706_ne_18_060_20200922.tif
/work/csr33/images_for_predictions/naip_tiles/m_3009036_nw_15_030_20211120.tif
/work/csr33/images_for_predictions/naip_tiles/m_3907401_nw_18_060_20190730_20191209.tif
/work/csr33/images_for_predictions/naip_tiles/m_3807401_ne_18_060_20190730_20191209.tif
/work/csr33/images_for_predictions/naip_tiles/m_4107212_sw_18_060_20211001.tif
/work/csr33/images_for_predictions/naip_tiles/m_2809610_sw_14_060_20201029.tif
/work/csr33/images_for_predictions/naip_tiles/m_2809606_ne_14_060_20200501.tif
m_3907401_nw_18_060_20190730_20191209 300
/work/csr33/images_for_predictions/naip_tiles/m_3307943_sw_17_060_20210501.tif
m_3807611_ne_18_060_20210617 320
m_3807401_ne_18_060_20190730_20191209 320
m_3907413_nw_18_060_20190730_20191209 320
m_3607613_nw_18_060_20210913 340
m_4107212_sw_18_060_20211001 336
m_4207322_sw_18_060_20211106 336
m_3507629_ne_18_060_20200922 340
m_3507706_ne_18_060_20200922 340
m_3009463_nw_15_060_20201104 340
m_2808060_se_17_060_20191215_20200113 360
m_2809610_sw_14_060_20201029 360
m_3008447_se_16_060_20191205_20200114 360
m_2908236_ne_17_060_20211129 360
m_3307943_sw_17_060_20210501 340
m_2809606_ne_14_060_20200501 360
m_3009036_nw_15_030_20211120 1365
m_3008927_se_16_030_20211119 1435
533.5921127796173
