load envirionment

/work/csr33/images_for_predictions/naip_tiles/m_3009450_se_15_060_20201118.tif
/work/csr33/images_for_predictions/naip_tiles/m_4007415_sw_18_060_20190917_20191209.tif
/work/csr33/images_for_predictions/naip_tiles/m_2709722_ne_14_060_20200430.tif
/work/csr33/images_for_predictions/naip_tiles/m_3108104_se_17_060_20191110_20200102.tif
/work/csr33/images_for_predictions/naip_tiles/m_3307953_sw_17_060_20210501.tif
/work/csr33/images_for_predictions/naip_tiles/m_2908903_sw_16_030_20211129.tif
/work/csr33/images_for_predictions/naip_tiles/m_4506826_sw_19_060_20210816.tif
/work/csr33/images_for_predictions/naip_tiles/m_3507650_sw_18_060_20201031.tif
/work/csr33/images_for_predictions/naip_tiles/m_3311654_se_11_060_20200415.tif
/work/csr33/images_for_predictions/naip_tiles/m_3208164_sw_17_060_20211202.tif
/work/csr33/images_for_predictions/naip_tiles/m_3412005_ne_10_060_20200607.tif
/work/csr33/images_for_predictions/naip_tiles/m_2708030_sw_17_060_20191215_20200113.tif
/work/csr33/images_for_predictions/naip_tiles/m_3807543_ne_18_060_20210605.tif
/work/csr33/images_for_predictions/naip_tiles/m_3009111_sw_15_060_20190706_20191001.tif
/work/csr33/images_for_predictions/naip_tiles/m_4506752_sw_19_060_20210723.tif
/work/csr33/images_for_predictions/naip_tiles/m_3108101_se_17_060_20191110_20200102.tif
/work/csr33/images_for_predictions/naip_tiles/m_2708055_sw_17_060_20191215_20200113.tif
m_4007415_sw_18_060_20190917_20191209 300
/work/csr33/images_for_predictions/naip_tiles/m_3407750_nw_18_060_20200904.tif
m_4506826_sw_19_060_20210816 300
m_4506752_sw_19_060_20210723 315
m_3807543_ne_18_060_20210605 320
m_3311654_se_11_060_20200415 340
m_3108104_se_17_060_20191110_20200102 340
m_3412005_ne_10_060_20200607 340
m_3208164_sw_17_060_20211202 340
m_3307953_sw_17_060_20210501 340
m_3108101_se_17_060_20191110_20200102 340
m_3009450_se_15_060_20201118 340
m_3507650_sw_18_060_20201031 357
m_2709722_ne_14_060_20200430 360
m_2708030_sw_17_060_20191215_20200113 360
m_3009111_sw_15_060_20190706_20191001 360
m_2708055_sw_17_060_20191215_20200113 360
m_3407750_nw_18_060_20200904 360
m_2908903_sw_16_030_20211129 1365
708.4148108959198
