load envirionment

/work/csr33/images_for_predictions/naip_tiles/m_4107001_sw_19_060_20210826.tif
/work/csr33/images_for_predictions/naip_tiles/m_3807539_nw_18_060_20211019.tif
/work/csr33/images_for_predictions/naip_tiles/m_4107219_sw_18_060_20211001.tif
/work/csr33/images_for_predictions/naip_tiles/m_3907515_nw_18_060_20191019_20191203.tif
/work/csr33/images_for_predictions/naip_tiles/m_4506852_nw_19_060_20211006.tif
/work/csr33/images_for_predictions/naip_tiles/m_2908211_se_17_060_20211129.tif
/work/csr33/images_for_predictions/naip_tiles/m_3407619_ne_18_060_20201031.tif
/work/csr33/images_for_predictions/naip_tiles/m_3008159_se_17_060_20211129.tif
/work/csr33/images_for_predictions/naip_tiles/m_3008837_se_16_030_20211113.tif
/work/csr33/images_for_predictions/naip_tiles/m_2908956_se_16_030_20211130.tif
/work/csr33/images_for_predictions/naip_tiles/m_3009255_sw_15_030_20211212.tif
/work/csr33/images_for_predictions/naip_tiles/m_2909222_sw_15_060_20190905_20191001.tif
/work/csr33/images_for_predictions/naip_tiles/m_4407039_ne_19_060_20210919.tif
/work/csr33/images_for_predictions/naip_tiles/m_3208114_ne_17_060_20210426.tif
/work/csr33/images_for_predictions/naip_tiles/m_3407838_nw_17_060_20201102.tif
/work/csr33/images_for_predictions/naip_tiles/m_2508106_sw_17_060_20211203.tif
/work/csr33/images_for_predictions/naip_tiles/m_3307910_ne_17_060_20210508.tif
m_4506852_nw_19_060_20211006 300
/work/csr33/images_for_predictions/naip_tiles/m_4506851_nw_19_060_20210816.tif
m_4407039_ne_19_060_20210919 300
m_3807539_nw_18_060_20211019 320
m_3907515_nw_18_060_20191019_20191203 320
m_3407619_ne_18_060_20201031 340
m_4107219_sw_18_060_20211001 336
m_4107001_sw_19_060_20210826 336
m_3208114_ne_17_060_20210426 340
m_2909222_sw_15_060_20190905_20191001 360
m_2908211_se_17_060_20211129 360
m_3008159_se_17_060_20211129 360
m_3407838_nw_17_060_20201102 360
m_2508106_sw_17_060_20211203 380
m_4506851_nw_19_060_20210816 300
m_3307910_ne_17_060_20210508 340
m_3009255_sw_15_030_20211212 1326
m_2908956_se_16_030_20211130 1365
m_3008837_se_16_030_20211113 1400
398.4075176715851
