load envirionment

/work/csr33/images_for_predictions/naip_tiles/m_4406836_nw_19_060_20210914.tif
/work/csr33/images_for_predictions/naip_tiles/m_4406962_nw_19_060_20210904.tif
/work/csr33/images_for_predictions/naip_tiles/m_2709734_ne_14_060_20200501.tif
/work/csr33/images_for_predictions/naip_tiles/m_3108114_nw_17_060_20191110_20200102.tif
/work/csr33/images_for_predictions/naip_tiles/m_3507644_nw_18_060_20201018.tif
/work/csr33/images_for_predictions/naip_tiles/m_3407819_nw_17_060_20200603.tif
/work/csr33/images_for_predictions/naip_tiles/m_3208002_se_17_060_20210426.tif
/work/csr33/images_for_predictions/naip_tiles/m_4506802_nw_19_060_20210816.tif
/work/csr33/images_for_predictions/naip_tiles/m_3407708_ne_18_060_20201031.tif
/work/csr33/images_for_predictions/naip_tiles/m_3907546_sw_18_060_20190726_20191209.tif
/work/csr33/images_for_predictions/naip_tiles/m_4007458_sw_18_060_20190917_20191209.tif
/work/csr33/images_for_predictions/naip_tiles/m_4107119_sw_19_060_20210926.tif
/work/csr33/images_for_predictions/naip_tiles/m_3108143_sw_17_060_20191110_20200102.tif
/work/csr33/images_for_predictions/naip_tiles/m_3108127_nw_17_060_20191110_20200102.tif
/work/csr33/images_for_predictions/naip_tiles/m_3907551_se_18_060_20210630.tif
/work/csr33/images_for_predictions/naip_tiles/m_4107345_se_18_060_20211106.tif
/work/csr33/images_for_predictions/naip_tiles/m_3108764_se_16_030_20211109.tif
m_4506802_nw_19_060_20210816 300
/work/csr33/images_for_predictions/naip_tiles/m_3407859_ne_17_060_20200922.tif
m_4406962_nw_19_060_20210904 300
m_4007458_sw_18_060_20190917_20191209 300
m_4406836_nw_19_060_20210914 300
m_3907546_sw_18_060_20190726_20191209 320
m_3907551_se_18_060_20210630 320
m_4107119_sw_19_060_20210926 336
m_3108143_sw_17_060_20191110_20200102 340
m_3507644_nw_18_060_20201018 340
m_4107345_se_18_060_20211106 336
m_3407819_nw_17_060_20200603 340
m_3108114_nw_17_060_20191110_20200102 340
m_3108127_nw_17_060_20191110_20200102 340
m_3208002_se_17_060_20210426 340
m_3407708_ne_18_060_20201031 340
m_2709734_ne_14_060_20200501 360
m_3407859_ne_17_060_20200922 340
m_3108764_se_16_030_20211109 1360
296.8356759548187
