load envirionment

/work/csr33/images_for_predictions/naip_tiles/m_3807716_ne_18_060_20210617.tif
/work/csr33/images_for_predictions/naip_tiles/m_4107407_sw_18_060_20211105.tif
/work/csr33/images_for_predictions/naip_tiles/m_3907632_ne_18_060_20211020.tif
/work/csr33/images_for_predictions/naip_tiles/m_4007210_ne_18_060_20211001.tif
/work/csr33/images_for_predictions/naip_tiles/m_2608064_nw_17_060_20191120_20200113.tif
/work/csr33/images_for_predictions/naip_tiles/m_4606837_se_19_060_20210817.tif
/work/csr33/images_for_predictions/naip_tiles/m_3807514_ne_18_060_20210624.tif
/work/csr33/images_for_predictions/naip_tiles/m_3108831_se_16_030_20211120.tif
/work/csr33/images_for_predictions/naip_tiles/m_3008731_nw_16_060_20191103_20200114.tif
/work/csr33/images_for_predictions/naip_tiles/m_4207439_sw_18_060_20210920.tif
/work/csr33/images_for_predictions/naip_tiles/m_4207424_ne_18_060_20210920.tif
/work/csr33/images_for_predictions/naip_tiles/m_3807533_ne_18_060_20210618.tif
/work/csr33/images_for_predictions/naip_tiles/m_3008445_se_16_060_20191129_20200114.tif
/work/csr33/images_for_predictions/naip_tiles/m_3411939_nw_11_060_20200521.tif
/work/csr33/images_for_predictions/naip_tiles/m_3907411_sw_18_060_20190730_20191209.tif
/work/csr33/images_for_predictions/naip_tiles/m_3411909_nw_11_060_20200525.tif
/work/csr33/images_for_predictions/naip_tiles/m_3807615_sw_18_060_20210623.tif
m_4606837_se_19_060_20210817 300
/work/csr33/images_for_predictions/naip_tiles/m_2609751_nw_14_060_20201216.tif
m_4207424_ne_18_060_20210920 300
m_4107407_sw_18_060_20211105 320
m_3907632_ne_18_060_20211020 320
m_4007210_ne_18_060_20211001 320
m_3807514_ne_18_060_20210624 320
m_3907411_sw_18_060_20190730_20191209 320
m_4207439_sw_18_060_20210920 320
m_3807533_ne_18_060_20210618 320
m_3807716_ne_18_060_20210617 320
m_3411909_nw_11_060_20200525 340
m_3008731_nw_16_060_20191103_20200114 340
m_3411939_nw_11_060_20200521 340
m_2608064_nw_17_060_20191120_20200113 360
m_3008445_se_16_060_20191129_20200114 360
m_3807615_sw_18_060_20210623 320
m_2609751_nw_14_060_20201216 360
m_3108831_se_16_030_20211120 1400
526.4455261230469
