load envirionment

/work/csr33/images_for_predictions/naip_tiles/m_2909201_nw_15_060_20190706_20191001.tif
/work/csr33/images_for_predictions/naip_tiles/m_2708240_sw_17_060_20211202.tif
/work/csr33/images_for_predictions/naip_tiles/m_3008520_nw_16_060_20191118_20200114.tif
/work/csr33/images_for_predictions/naip_tiles/m_2809510_sw_15_060_20201029.tif
/work/csr33/images_for_predictions/naip_tiles/m_3108709_sw_16_030_20211115.tif
/work/csr33/images_for_predictions/naip_tiles/m_3208147_se_17_060_20210507.tif
/work/csr33/images_for_predictions/naip_tiles/m_4307017_sw_19_060_20211007.tif
/work/csr33/images_for_predictions/naip_tiles/m_2909420_sw_15_060_20201112.tif
/work/csr33/images_for_predictions/naip_tiles/m_3707535_nw_18_060_20211017.tif
/work/csr33/images_for_predictions/naip_tiles/m_3407947_se_17_060_20210508.tif
/work/csr33/images_for_predictions/naip_tiles/m_4407064_se_19_060_20210827.tif
/work/csr33/images_for_predictions/naip_tiles/m_2609720_sw_14_060_20201209.tif
/work/csr33/images_for_predictions/naip_tiles/m_3907557_ne_18_060_20210606.tif
/work/csr33/images_for_predictions/naip_tiles/m_3307810_sw_17_060_20210508.tif
/work/csr33/images_for_predictions/naip_tiles/m_2909003_nw_15_060_20190707_20191001.tif
/work/csr33/images_for_predictions/naip_tiles/m_2508049_se_17_060_20211203.tif
/work/csr33/images_for_predictions/naip_tiles/m_4506728_nw_19_060_20210723.tif
m_4407064_se_19_060_20210827 300
/work/csr33/images_for_predictions/naip_tiles/m_4207344_ne_18_060_20211107.tif
m_3907557_ne_18_060_20210606 320
m_4307017_sw_19_060_20211007 336
m_3008520_nw_16_060_20191118_20200114 340
m_3208147_se_17_060_20210507 340
m_3307810_sw_17_060_20210508 340
m_2909420_sw_15_060_20201112 360
m_2508049_se_17_060_20211203 360
m_3407947_se_17_060_20210508 340
m_2609720_sw_14_060_20201209 360
m_3707535_nw_18_060_20211017 340
m_2809510_sw_15_060_20201029 360
m_2909201_nw_15_060_20190706_20191001 360
m_2909003_nw_15_060_20190707_20191001 360
m_2708240_sw_17_060_20211202 360
m_4506728_nw_19_060_20210723 300
m_4207344_ne_18_060_20211107 320
m_3108709_sw_16_030_20211115 1400
414.5193111896515
