load envirionment

/work/csr33/images_for_predictions/naip_tiles/m_3308050_se_17_060_20210421.tif
/work/csr33/images_for_predictions/naip_tiles/m_3507640_ne_18_060_20201018.tif
/work/csr33/images_for_predictions/naip_tiles/m_3407845_sw_17_060_20200922.tif
/work/csr33/images_for_predictions/naip_tiles/m_2608135_se_17_060_20211223.tif
/work/csr33/images_for_predictions/naip_tiles/m_3311763_sw_11_060_20200520.tif
/work/csr33/images_for_predictions/naip_tiles/m_2608044_ne_17_060_20191203_20200113.tif
/work/csr33/images_for_predictions/naip_tiles/m_4107211_sw_18_060_20211019.tif
/work/csr33/images_for_predictions/naip_tiles/m_2609751_ne_14_060_20201210.tif
/work/csr33/images_for_predictions/naip_tiles/m_2608134_sw_17_060_20211223.tif
/work/csr33/images_for_predictions/naip_tiles/m_3208129_nw_17_060_20211202.tif
/work/csr33/images_for_predictions/naip_tiles/m_3008716_sw_16_060_20191103_20200114.tif
/work/csr33/images_for_predictions/naip_tiles/m_4307037_se_19_060_20210722.tif
/work/csr33/images_for_predictions/naip_tiles/m_2808221_ne_17_060_20211130.tif
/work/csr33/images_for_predictions/naip_tiles/m_3008639_nw_16_060_20191109_20200114.tif
/work/csr33/images_for_predictions/naip_tiles/m_4107020_ne_19_060_20210904.tif
/work/csr33/images_for_predictions/naip_tiles/m_4007217_sw_18_060_20211105.tif
/work/csr33/images_for_predictions/naip_tiles/m_3607662_ne_18_060_20200922.tif
m_4307037_se_19_060_20210722 315
/work/csr33/images_for_predictions/naip_tiles/m_4406939_se_19_060_20211006.tif
m_3507640_ne_18_060_20201018 340
m_4107020_ne_19_060_20210904 320
m_3308050_se_17_060_20210421 340
m_4007217_sw_18_060_20211105 336
m_3311763_sw_11_060_20200520 340
m_3008639_nw_16_060_20191109_20200114 340
m_4107211_sw_18_060_20211019 336
m_3008716_sw_16_060_20191103_20200114 340
m_3208129_nw_17_060_20211202 340
m_3407845_sw_17_060_20200922 378
m_2608135_se_17_060_20211223 360
m_2609751_ne_14_060_20201210 360
m_2608044_ne_17_060_20191203_20200113 360
m_2808221_ne_17_060_20211130 360
m_2608134_sw_17_060_20211223 380
m_4406939_se_19_060_20211006 300
m_3607662_ne_18_060_20200922 340
338.36020040512085
