load envirionment

/work/csr33/images_for_predictions/naip_tiles/m_3009225_nw_15_060_20190904_20191001.tif
/work/csr33/images_for_predictions/naip_tiles/m_3208042_ne_17_060_20210507.tif
/work/csr33/images_for_predictions/naip_tiles/m_2908942_ne_16_030_20211202.tif
/work/csr33/images_for_predictions/naip_tiles/m_2809636_nw_14_060_20201029.tif
/work/csr33/images_for_predictions/naip_tiles/m_2709727_nw_14_060_20200501.tif
/work/csr33/images_for_predictions/naip_tiles/m_3707743_se_18_060_20210910.tif
/work/csr33/images_for_predictions/naip_tiles/m_2909021_nw_15_030_20211130.tif
/work/csr33/images_for_predictions/naip_tiles/m_2809752_ne_14_060_20201116.tif
/work/csr33/images_for_predictions/naip_tiles/m_3907637_ne_18_060_20211101.tif
/work/csr33/images_for_predictions/naip_tiles/m_3008425_se_16_060_20191128_20200114.tif
/work/csr33/images_for_predictions/naip_tiles/m_2708216_ne_17_060_20211202.tif
/work/csr33/images_for_predictions/naip_tiles/m_3807505_nw_18_060_20211019.tif
/work/csr33/images_for_predictions/naip_tiles/m_3009464_nw_15_060_20201102.tif
/work/csr33/images_for_predictions/naip_tiles/m_4207304_sw_18_060_20211107.tif
/work/csr33/images_for_predictions/naip_tiles/m_4007326_nw_18_060_20211105.tif
/work/csr33/images_for_predictions/naip_tiles/m_3407718_sw_18_060_20200904.tif
/work/csr33/images_for_predictions/naip_tiles/m_2909303_se_15_060_20190726_20191001.tif
m_4007326_nw_18_060_20211105 320
/work/csr33/images_for_predictions/naip_tiles/m_4107144_ne_19_060_20210826.tif
m_3907637_ne_18_060_20211101 320
m_3807505_nw_18_060_20211019 320
m_4207304_sw_18_060_20211107 336
m_3009464_nw_15_060_20201102 340
m_3208042_ne_17_060_20210507 340
m_3008425_se_16_060_20191128_20200114 340
m_3707743_se_18_060_20210910 357
m_2708216_ne_17_060_20211202 360
m_2809752_ne_14_060_20201116 360
m_2809636_nw_14_060_20201029 360
m_3009225_nw_15_060_20190904_20191001 360
m_2709727_nw_14_060_20200501 360
m_3407718_sw_18_060_20200904 378
m_4107144_ne_19_060_20210826 320
m_2909303_se_15_060_20190726_20191001 360
m_2908942_ne_16_030_20211202 1365
m_2909021_nw_15_030_20211130 1365
378.2275812625885
