load envirionment

/work/csr33/images_for_predictions/naip_tiles/m_3108717_nw_16_030_20211115.tif
/work/csr33/images_for_predictions/naip_tiles/m_3009041_nw_15_030_20211119.tif
/work/csr33/images_for_predictions/naip_tiles/m_2808230_se_17_060_20211130.tif
/work/csr33/images_for_predictions/naip_tiles/m_3411939_se_11_060_20200521.tif
/work/csr33/images_for_predictions/naip_tiles/m_4207330_ne_18_060_20211106.tif
/work/csr33/images_for_predictions/naip_tiles/m_4506843_ne_19_060_20211006.tif
/work/csr33/images_for_predictions/naip_tiles/m_3907541_nw_18_060_20211101.tif
/work/csr33/images_for_predictions/naip_tiles/m_3008918_se_16_030_20211119.tif
/work/csr33/images_for_predictions/naip_tiles/m_3907748_sw_18_060_20210616.tif
/work/csr33/images_for_predictions/naip_tiles/m_2508022_sw_17_060_20191126_20200113.tif
/work/csr33/images_for_predictions/naip_tiles/m_3407830_ne_17_060_20201102.tif
/work/csr33/images_for_predictions/naip_tiles/m_3807730_sw_18_060_20210910.tif
/work/csr33/images_for_predictions/naip_tiles/m_3008957_sw_16_030_20211116.tif
/work/csr33/images_for_predictions/naip_tiles/m_2709749_ne_14_060_20200501.tif
/work/csr33/images_for_predictions/naip_tiles/m_2909222_ne_15_060_20190706_20191001.tif
/work/csr33/images_for_predictions/naip_tiles/m_3707754_ne_18_060_20210903.tif
/work/csr33/images_for_predictions/naip_tiles/m_4306907_ne_19_060_20210907.tif
m_3907541_nw_18_060_20211101 320
/work/csr33/images_for_predictions/naip_tiles/m_4207127_ne_19_060_20211105.tif
m_4506843_ne_19_060_20211006 300
m_3907748_sw_18_060_20210616 320
m_3411939_se_11_060_20200521 340
m_4207330_ne_18_060_20211106 320
m_3407830_ne_17_060_20201102 340
m_2909222_ne_15_060_20190706_20191001 360
m_3807730_sw_18_060_20210910 357
m_3707754_ne_18_060_20210903 340
m_2508022_sw_17_060_20191126_20200113 360
m_2709749_ne_14_060_20200501 360
m_2808230_se_17_060_20211130 360
m_4306907_ne_19_060_20210907 300
m_4207127_ne_19_060_20211105 320
m_3009041_nw_15_030_20211119 1365
m_3008957_sw_16_030_20211116 1365
m_3108717_nw_16_030_20211115 1400
m_3008918_se_16_030_20211119 1435
256.5834090709686
