load envirionment

/work/csr33/images_for_predictions/naip_tiles/m_4107233_ne_18_060_20211105.tif
/work/csr33/images_for_predictions/naip_tiles/m_3707712_ne_18_060_20210910.tif
/work/csr33/images_for_predictions/naip_tiles/m_4107428_sw_18_060_20211106.tif
/work/csr33/images_for_predictions/naip_tiles/m_2909207_ne_15_060_20190706_20191001.tif
/work/csr33/images_for_predictions/naip_tiles/m_3008145_nw_17_060_20211130.tif
/work/csr33/images_for_predictions/naip_tiles/m_2909206_se_15_060_20190706_20191001.tif
/work/csr33/images_for_predictions/naip_tiles/m_2508104_ne_17_060_20211203.tif
/work/csr33/images_for_predictions/naip_tiles/m_3307906_ne_17_060_20210508.tif
/work/csr33/images_for_predictions/naip_tiles/m_3009460_se_15_060_20201112.tif
/work/csr33/images_for_predictions/naip_tiles/m_3607636_sw_18_060_20200922.tif
/work/csr33/images_for_predictions/naip_tiles/m_4406941_sw_19_060_20210827.tif
/work/csr33/images_for_predictions/naip_tiles/m_3009460_nw_15_060_20201112.tif
/work/csr33/images_for_predictions/naip_tiles/m_3009059_ne_15_060_20190831_20191001.tif
/work/csr33/images_for_predictions/naip_tiles/m_3607754_ne_18_060_20200922.tif
/work/csr33/images_for_predictions/naip_tiles/m_2909558_sw_15_060_20201031.tif
/work/csr33/images_for_predictions/naip_tiles/m_2909505_nw_15_060_20201118.tif
/work/csr33/images_for_predictions/naip_tiles/m_4506762_se_19_060_20210828.tif
m_4406941_sw_19_060_20210827 300
/work/csr33/images_for_predictions/naip_tiles/m_3311712_ne_11_060_20200423.tif
m_4107428_sw_18_060_20211106 320
m_4107233_ne_18_060_20211105 320
m_3607754_ne_18_060_20200922 340
m_3707712_ne_18_060_20210910 340
m_3009059_ne_15_060_20190831_20191001 360
m_3009460_se_15_060_20201112 340
m_3307906_ne_17_060_20210508 340
m_2909206_se_15_060_20190706_20191001 360
m_3009460_nw_15_060_20201112 340
m_3607636_sw_18_060_20200922 357
m_3008145_nw_17_060_20211130 360
m_2909558_sw_15_060_20201031 360
m_2508104_ne_17_060_20211203 360
m_2909207_ne_15_060_20190706_20191001 360
m_2909505_nw_15_060_20201118 360
m_4506762_se_19_060_20210828 315
m_3311712_ne_11_060_20200423 340
276.56549191474915
