load envirionment

/work/csr33/images_for_predictions/naip_tiles/m_3308044_se_17_060_20210501.tif
/work/csr33/images_for_predictions/naip_tiles/m_2808223_sw_17_060_20211130.tif
/work/csr33/images_for_predictions/naip_tiles/m_2809635_sw_14_060_20201029.tif
/work/csr33/images_for_predictions/naip_tiles/m_3208107_ne_17_060_20210426.tif
/work/csr33/images_for_predictions/naip_tiles/m_2609712_ne_14_060_20201029.tif
/work/csr33/images_for_predictions/naip_tiles/m_3008610_ne_16_060_20191109_20200114.tif
/work/csr33/images_for_predictions/naip_tiles/m_4207335_nw_18_060_20211107.tif
/work/csr33/images_for_predictions/naip_tiles/m_2809517_sw_15_060_20201029.tif
/work/csr33/images_for_predictions/naip_tiles/m_2808116_ne_17_060_20211202.tif
/work/csr33/images_for_predictions/naip_tiles/m_4207155_se_19_060_20210826.tif
/work/csr33/images_for_predictions/naip_tiles/m_3907403_ne_18_060_20190730_20191209.tif
/work/csr33/images_for_predictions/naip_tiles/m_4406963_nw_19_060_20211006.tif
/work/csr33/images_for_predictions/naip_tiles/m_2608025_se_17_060_20191130_20200113.tif
/work/csr33/images_for_predictions/naip_tiles/m_4007441_sw_18_060_20191014_20191203.tif
/work/csr33/images_for_predictions/naip_tiles/m_2909315_ne_15_060_20190706_20191001.tif
/work/csr33/images_for_predictions/naip_tiles/m_3607550_sw_18_060_20200516.tif
/work/csr33/images_for_predictions/naip_tiles/m_3407715_ne_18_060_20201031.tif
m_4406963_nw_19_060_20211006 300
/work/csr33/images_for_predictions/naip_tiles/m_3311845_nw_11_060_20200504.tif
m_4207335_nw_18_060_20211107 320
m_3907403_ne_18_060_20190730_20191209 320
m_4007441_sw_18_060_20191014_20191203 320
m_3008610_ne_16_060_20191109_20200114 340
m_4207155_se_19_060_20210826 336
m_2808116_ne_17_060_20211202 360
m_3208107_ne_17_060_20210426 340
m_3607550_sw_18_060_20200516 340
m_3308044_se_17_060_20210501 340
m_2909315_ne_15_060_20190706_20191001 360
m_2609712_ne_14_060_20201029 360
m_2809635_sw_14_060_20201029 360
m_2608025_se_17_060_20191130_20200113 360
m_2808223_sw_17_060_20211130 360
m_2809517_sw_15_060_20201029 360
m_3407715_ne_18_060_20201031 340
m_3311845_nw_11_060_20200504 340
334.009978055954
