load envirionment

/work/csr33/images_for_predictions/naip_tiles/m_3009060_nw_15_030_20211120.tif
/work/csr33/images_for_predictions/naip_tiles/m_2608102_sw_17_060_20211223.tif
/work/csr33/images_for_predictions/naip_tiles/m_3009112_ne_15_030_20211114.tif
/work/csr33/images_for_predictions/naip_tiles/m_3407862_se_17_060_20200603.tif
/work/csr33/images_for_predictions/naip_tiles/m_2909302_nw_15_060_20201031.tif
/work/csr33/images_for_predictions/naip_tiles/m_2508027_nw_17_060_20211203.tif
/work/csr33/images_for_predictions/naip_tiles/m_4207335_ne_18_060_20211107.tif
/work/csr33/images_for_predictions/naip_tiles/m_3009218_nw_15_030_20211221.tif
/work/csr33/images_for_predictions/naip_tiles/m_3008258_ne_17_060_20211129.tif
/work/csr33/images_for_predictions/naip_tiles/m_4107022_sw_19_060_20210826.tif
/work/csr33/images_for_predictions/naip_tiles/m_3008604_nw_16_030_20211109.tif
/work/csr33/images_for_predictions/naip_tiles/m_4207329_se_18_060_20211107.tif
/work/csr33/images_for_predictions/naip_tiles/m_2609753_nw_14_060_20201029.tif
/work/csr33/images_for_predictions/naip_tiles/m_4406947_se_19_060_20211006.tif
/work/csr33/images_for_predictions/naip_tiles/m_3008317_sw_17_060_20211116.tif
/work/csr33/images_for_predictions/naip_tiles/m_2909112_nw_15_060_20190706_20191001.tif
/work/csr33/images_for_predictions/naip_tiles/m_4207305_nw_18_060_20211107.tif
m_4406947_se_19_060_20211006 300
/work/csr33/images_for_predictions/naip_tiles/m_2908339_ne_17_060_20211116.tif
m_4207335_ne_18_060_20211107 320
m_4107022_sw_19_060_20210826 320
m_4207329_se_18_060_20211107 336
m_2909302_nw_15_060_20201031 340
m_3407862_se_17_060_20200603 357
m_3008258_ne_17_060_20211129 360
m_2609753_nw_14_060_20201029 360
m_2608102_sw_17_060_20211223 360
m_2909112_nw_15_060_20190706_20191001 360
m_3008317_sw_17_060_20211116 360
m_2508027_nw_17_060_20211203 380
m_4207305_nw_18_060_20211107 320
m_2908339_ne_17_060_20211116 360
m_3009112_ne_15_030_20211114 1326
m_3009218_nw_15_030_20211221 1326
m_3009060_nw_15_030_20211120 1365
m_3008604_nw_16_030_20211109 1400
1213.8615276813507
