load envirionment

/work/csr33/images_for_predictions/naip_tiles/m_2608017_se_17_060_20191130_20200113.tif
/work/csr33/images_for_predictions/naip_tiles/m_3008354_sw_17_060_20211130.tif
/work/csr33/images_for_predictions/naip_tiles/m_4107012_sw_19_060_20210904.tif
/work/csr33/images_for_predictions/naip_tiles/m_3009134_nw_15_030_20211113.tif
/work/csr33/images_for_predictions/naip_tiles/m_4107225_sw_18_060_20211105.tif
/work/csr33/images_for_predictions/naip_tiles/m_4207350_se_18_060_20211107.tif
/work/csr33/images_for_predictions/naip_tiles/m_4207057_ne_19_060_20210826.tif
/work/csr33/images_for_predictions/naip_tiles/m_3108112_nw_17_060_20191110_20200102.tif
/work/csr33/images_for_predictions/naip_tiles/m_3307934_se_17_060_20210508.tif
/work/csr33/images_for_predictions/naip_tiles/m_4306903_nw_19_060_20211006.tif
/work/csr33/images_for_predictions/naip_tiles/m_3707706_se_18_060_20210912.tif
/work/csr33/images_for_predictions/naip_tiles/m_2708254_nw_17_060_20211130.tif
/work/csr33/images_for_predictions/naip_tiles/m_3008521_ne_16_060_20191118_20200114.tif
/work/csr33/images_for_predictions/naip_tiles/m_3008829_se_16_030_20211119.tif
/work/csr33/images_for_predictions/naip_tiles/m_4307162_ne_19_060_20211024.tif
/work/csr33/images_for_predictions/naip_tiles/m_3009209_nw_15_060_20190904_20191001.tif
/work/csr33/images_for_predictions/naip_tiles/m_3009258_ne_15_030_20211221.tif
m_4306903_nw_19_060_20211006 300
/work/csr33/images_for_predictions/naip_tiles/m_2709733_ne_14_060_20200501.tif
m_4207350_se_18_060_20211107 320
m_4307162_ne_19_060_20211024 320
m_4207057_ne_19_060_20210826 320
m_4107225_sw_18_060_20211105 336
m_4107012_sw_19_060_20210904 336
m_3008521_ne_16_060_20191118_20200114 340
m_3108112_nw_17_060_20191110_20200102 340
m_3307934_se_17_060_20210508 340
m_3707706_se_18_060_20210912 357
m_2608017_se_17_060_20191130_20200113 360
m_3009209_nw_15_060_20190904_20191001 360
m_3008354_sw_17_060_20211130 378
m_2708254_nw_17_060_20211130 380
m_2709733_ne_14_060_20200501 360
m_3009134_nw_15_030_20211113 1326
m_3008829_se_16_030_20211119 1400
m_3009258_ne_15_030_20211221 1326
548.9601566791534
