load envirionment

/work/csr33/images_for_predictions/naip_tiles/m_4207130_se_19_060_20211024.tif
/work/csr33/images_for_predictions/naip_tiles/m_3009053_nw_15_030_20211115.tif
/work/csr33/images_for_predictions/naip_tiles/m_4406949_se_19_060_20210827.tif
/work/csr33/images_for_predictions/naip_tiles/m_2608119_nw_17_060_20211223.tif
/work/csr33/images_for_predictions/naip_tiles/m_2709703_se_14_060_20200501.tif
/work/csr33/images_for_predictions/naip_tiles/m_3009562_sw_15_060_20201130.tif
/work/csr33/images_for_predictions/naip_tiles/m_3411850_se_11_060_20200515.tif
/work/csr33/images_for_predictions/naip_tiles/m_3307805_ne_17_060_20200603.tif
/work/csr33/images_for_predictions/naip_tiles/m_2908905_sw_16_030_20211129.tif
/work/csr33/images_for_predictions/naip_tiles/m_3607525_ne_18_060_20210913.tif
/work/csr33/images_for_predictions/naip_tiles/m_3009440_ne_15_060_20201102.tif
/work/csr33/images_for_predictions/naip_tiles/m_3807707_nw_18_060_20210617.tif
/work/csr33/images_for_predictions/naip_tiles/m_3507639_se_18_060_20201018.tif
/work/csr33/images_for_predictions/naip_tiles/m_2909028_se_15_030_20211130.tif
/work/csr33/images_for_predictions/naip_tiles/m_3108127_se_17_060_20191110_20200102.tif
/work/csr33/images_for_predictions/naip_tiles/m_3208042_nw_17_060_20210507.tif
/work/csr33/images_for_predictions/naip_tiles/m_3907405_sw_18_060_20190730_20191209.tif
m_4406949_se_19_060_20210827 300
/work/csr33/images_for_predictions/naip_tiles/m_3008526_se_16_060_20191109_20200114.tif
m_3807707_nw_18_060_20210617 320
m_3208042_nw_17_060_20210507 340
m_4207130_se_19_060_20211024 336
m_3507639_se_18_060_20201018 340
m_3607525_ne_18_060_20210913 340
m_3411850_se_11_060_20200515 340
m_3307805_ne_17_060_20200603 340
m_3108127_se_17_060_20191110_20200102 340
m_3009440_ne_15_060_20201102 340
m_2709703_se_14_060_20200501 360
m_3009562_sw_15_060_20201130 360
m_2608119_nw_17_060_20211223 360
m_3907405_sw_18_060_20190730_20191209 320
m_3008526_se_16_060_20191109_20200114 340
m_3009053_nw_15_030_20211115 1365
m_2908905_sw_16_030_20211129 1365
m_2909028_se_15_030_20211130 1365
727.7759029865265
