load envirionment

/work/csr33/images_for_predictions/naip_tiles/m_3008914_nw_16_030_20211112.tif
/work/csr33/images_for_predictions/naip_tiles/m_3009103_ne_15_030_20211114.tif
/work/csr33/images_for_predictions/naip_tiles/m_3407842_se_17_060_20200603.tif
/work/csr33/images_for_predictions/naip_tiles/m_3407727_sw_18_060_20200930.tif
/work/csr33/images_for_predictions/naip_tiles/m_4007408_nw_18_060_20190917_20191209.tif
/work/csr33/images_for_predictions/naip_tiles/m_2909015_sw_15_030_20211123.tif
/work/csr33/images_for_predictions/naip_tiles/m_3008101_nw_17_060_20191110_20200108.tif
/work/csr33/images_for_predictions/naip_tiles/m_2909514_se_15_060_20201130.tif
/work/csr33/images_for_predictions/naip_tiles/m_3108129_se_17_060_20191110_20200102.tif
/work/csr33/images_for_predictions/naip_tiles/m_4007202_ne_18_060_20211105.tif
/work/csr33/images_for_predictions/naip_tiles/m_2808235_ne_17_060_20211130.tif
/work/csr33/images_for_predictions/naip_tiles/m_3008839_nw_16_030_20211113.tif
/work/csr33/images_for_predictions/naip_tiles/m_4107013_se_19_060_20210826.tif
/work/csr33/images_for_predictions/naip_tiles/m_3009134_ne_15_030_20211113.tif
/work/csr33/images_for_predictions/naip_tiles/m_2809645_ne_14_060_20200501.tif
/work/csr33/images_for_predictions/naip_tiles/m_3311625_ne_11_060_20200415.tif
/work/csr33/images_for_predictions/naip_tiles/m_2708125_se_17_060_20211202.tif
m_4107013_se_19_060_20210826 320
/work/csr33/images_for_predictions/naip_tiles/m_2808212_nw_17_060_20211130.tif
m_4007408_nw_18_060_20190917_20191209 300
m_4007202_ne_18_060_20211105 320
m_3008101_nw_17_060_20191110_20200108 340
m_3311625_ne_11_060_20200415 340
m_3108129_se_17_060_20191110_20200102 340
m_2808235_ne_17_060_20211130 360
m_3407842_se_17_060_20200603 357
m_2809645_ne_14_060_20200501 360
m_2909514_se_15_060_20201130 360
m_3407727_sw_18_060_20200930 378
m_2708125_se_17_060_20211202 360
m_2808212_nw_17_060_20211130 360
m_3009103_ne_15_030_20211114 1326
m_2909015_sw_15_030_20211123 1365
m_3009134_ne_15_030_20211113 1326
m_3008914_nw_16_030_20211112 1440
m_3008839_nw_16_030_20211113 1440
564.4816379547119
