load envirionment

/work/csr33/images_for_predictions/naip_tiles/m_2909229_sw_15_060_20190706_20191001.tif
/work/csr33/images_for_predictions/naip_tiles/m_4406920_se_19_060_20210904.tif
/work/csr33/images_for_predictions/naip_tiles/m_3407860_ne_17_060_20200922.tif
/work/csr33/images_for_predictions/naip_tiles/m_3407712_se_18_060_20200930.tif
/work/csr33/images_for_predictions/naip_tiles/m_2709705_se_14_060_20200430.tif
/work/csr33/images_for_predictions/naip_tiles/m_3008603_se_16_060_20191109_20200114.tif
/work/csr33/images_for_predictions/naip_tiles/m_3707619_se_18_060_20210926.tif
/work/csr33/images_for_predictions/naip_tiles/m_4207352_sw_18_060_20211107.tif
/work/csr33/images_for_predictions/naip_tiles/m_3009446_se_15_060_20201104.tif
/work/csr33/images_for_predictions/naip_tiles/m_3311744_nw_11_060_20200520.tif
/work/csr33/images_for_predictions/naip_tiles/m_2609753_se_14_060_20201029.tif
/work/csr33/images_for_predictions/naip_tiles/m_3108711_se_16_030_20211115.tif
/work/csr33/images_for_predictions/naip_tiles/m_3009125_se_15_030_20211113.tif
/work/csr33/images_for_predictions/naip_tiles/m_2908508_nw_16_060_20191118_20200114.tif
/work/csr33/images_for_predictions/naip_tiles/m_3009043_ne_15_030_20211120.tif
/work/csr33/images_for_predictions/naip_tiles/m_3211609_nw_11_060_20200425.tif
/work/csr33/images_for_predictions/naip_tiles/m_3109360_se_15_030_20211122.tif
m_4406920_se_19_060_20210904 300
/work/csr33/images_for_predictions/naip_tiles/m_4506840_se_19_060_20210831.tif
m_4207352_sw_18_060_20211107 336
m_3311744_nw_11_060_20200520 340
m_3211609_nw_11_060_20200425 340
m_3008603_se_16_060_20191109_20200114 340
m_3009446_se_15_060_20201104 340
m_3407860_ne_17_060_20200922 340
m_3707619_se_18_060_20210926 357
m_3407712_se_18_060_20200930 357
m_2609753_se_14_060_20201029 360
m_2709705_se_14_060_20200430 360
m_2909229_sw_15_060_20190706_20191001 360
m_2908508_nw_16_060_20191118_20200114 360
m_4506840_se_19_060_20210831 300
m_3009125_se_15_030_20211113 1326
m_3108711_se_16_030_20211115 1360
m_3009043_ne_15_030_20211120 1365
m_3109360_se_15_030_20211122 1326
671.9194695949554
