load envirionment

/work/csr33/images_for_predictions/naip_tiles/m_2909514_ne_15_060_20201130.tif
/work/csr33/images_for_predictions/naip_tiles/m_3008356_ne_17_060_20211117.tif
/work/csr33/images_for_predictions/naip_tiles/m_4007217_ne_18_060_20211105.tif
/work/csr33/images_for_predictions/naip_tiles/m_4307041_se_19_060_20211007.tif
/work/csr33/images_for_predictions/naip_tiles/m_3407853_nw_17_060_20200922.tif
/work/csr33/images_for_predictions/naip_tiles/m_3507651_nw_18_060_20201031.tif
/work/csr33/images_for_predictions/naip_tiles/m_2708126_se_17_060_20211202.tif
/work/csr33/images_for_predictions/naip_tiles/m_3507746_se_18_060_20200930.tif
/work/csr33/images_for_predictions/naip_tiles/m_3008347_se_17_060_20211116.tif
/work/csr33/images_for_predictions/naip_tiles/m_3411938_ne_11_060_20200521.tif
/work/csr33/images_for_predictions/naip_tiles/m_2508051_ne_17_060_20211203.tif
/work/csr33/images_for_predictions/naip_tiles/m_2909120_ne_15_060_20190706_20191001.tif
/work/csr33/images_for_predictions/naip_tiles/m_3507657_nw_18_060_20201031.tif
/work/csr33/images_for_predictions/naip_tiles/m_3108821_nw_16_030_20211123.tif
/work/csr33/images_for_predictions/naip_tiles/m_3407829_ne_17_060_20200922.tif
/work/csr33/images_for_predictions/naip_tiles/m_3009238_nw_15_030_20211222.tif
/work/csr33/images_for_predictions/naip_tiles/m_4107432_nw_18_060_20211105.tif
m_4007217_ne_18_060_20211105 320
/work/csr33/images_for_predictions/naip_tiles/m_2908233_sw_17_060_20211117.tif
m_3411938_ne_11_060_20200521 340
m_4307041_se_19_060_20211007 336
m_3507657_nw_18_060_20201031 340
m_3507651_nw_18_060_20201031 340
m_3407829_ne_17_060_20200922 340
m_2909514_ne_15_060_20201130 360
m_3507746_se_18_060_20200930 357
m_2708126_se_17_060_20211202 360
m_3008356_ne_17_060_20211117 360
m_2508051_ne_17_060_20211203 360
m_3407853_nw_17_060_20200922 360
m_2909120_ne_15_060_20190706_20191001 360
m_3008347_se_17_060_20211116 378
m_4107432_nw_18_060_20211105 320
m_2908233_sw_17_060_20211117 378
m_3009238_nw_15_030_20211222 1326
m_3108821_nw_16_030_20211123 1400
361.2981975078583
