load envirionment

/work/csr33/images_for_predictions/naip_tiles/m_4207306_ne_18_060_20211106.tif
/work/csr33/images_for_predictions/naip_tiles/m_3507732_sw_18_060_20201031.tif
/work/csr33/images_for_predictions/naip_tiles/m_2908410_ne_16_060_20191128_20200114.tif
/work/csr33/images_for_predictions/naip_tiles/m_3807504_nw_18_060_20211019.tif
/work/csr33/images_for_predictions/naip_tiles/m_2909411_ne_15_060_20201112.tif
/work/csr33/images_for_predictions/naip_tiles/m_2809525_ne_15_060_20201029.tif
/work/csr33/images_for_predictions/naip_tiles/m_3008959_sw_16_030_20211116.tif
/work/csr33/images_for_predictions/naip_tiles/m_4406842_ne_19_060_20210723.tif
/work/csr33/images_for_predictions/naip_tiles/m_3208147_ne_17_060_20210507.tif
/work/csr33/images_for_predictions/naip_tiles/m_3311626_se_11_060_20200415.tif
/work/csr33/images_for_predictions/naip_tiles/m_2909010_nw_15_060_20190707_20191001.tif
/work/csr33/images_for_predictions/naip_tiles/m_2809657_sw_14_060_20200430.tif
/work/csr33/images_for_predictions/naip_tiles/m_3009424_ne_15_060_20201112.tif
/work/csr33/images_for_predictions/naip_tiles/m_4107118_sw_19_060_20210926.tif
/work/csr33/images_for_predictions/naip_tiles/m_2909108_se_15_060_20190707_20191001.tif
/work/csr33/images_for_predictions/naip_tiles/m_3008802_se_16_030_20211112.tif
/work/csr33/images_for_predictions/naip_tiles/m_2808051_nw_17_060_20191130_20200113.tif
m_4406842_ne_19_060_20210723 300
/work/csr33/images_for_predictions/naip_tiles/m_4007208_ne_18_060_20210926.tif
m_4107118_sw_19_060_20210926 336
m_4207306_ne_18_060_20211106 320
m_3807504_nw_18_060_20211019 320
m_3311626_se_11_060_20200415 340
m_3009424_ne_15_060_20201112 340
m_3208147_ne_17_060_20210507 340
m_3507732_sw_18_060_20201031 357
m_2809525_ne_15_060_20201029 360
m_2809657_sw_14_060_20200430 360
m_2909010_nw_15_060_20190707_20191001 360
m_2909411_ne_15_060_20201112 360
m_2908410_ne_16_060_20191128_20200114 360
m_2909108_se_15_060_20190707_20191001 378
m_4007208_ne_18_060_20210926 320
m_2808051_nw_17_060_20191130_20200113 360
m_3008959_sw_16_030_20211116 1365
m_3008802_se_16_030_20211112 1400
513.3415231704712
