load envirionment

/work/csr33/images_for_predictions/naip_tiles/m_3108717_sw_16_030_20211115.tif
/work/csr33/images_for_predictions/naip_tiles/m_3607722_se_18_060_20210827.tif
/work/csr33/images_for_predictions/naip_tiles/m_2909449_ne_15_060_20201116.tif
/work/csr33/images_for_predictions/naip_tiles/m_4506820_nw_19_060_20211006.tif
/work/csr33/images_for_predictions/naip_tiles/m_3009052_ne_15_060_20190831_20191001.tif
/work/csr33/images_for_predictions/naip_tiles/m_2909554_sw_15_060_20201117.tif
/work/csr33/images_for_predictions/naip_tiles/m_3407829_se_17_060_20200603.tif
/work/csr33/images_for_predictions/naip_tiles/m_3807628_nw_18_060_20211020.tif
/work/csr33/images_for_predictions/naip_tiles/m_3507549_sw_18_060_20201018.tif
/work/csr33/images_for_predictions/naip_tiles/m_3807740_sw_18_060_20210617.tif
/work/csr33/images_for_predictions/naip_tiles/m_4406927_se_19_060_20210827.tif
/work/csr33/images_for_predictions/naip_tiles/m_3411917_nw_11_060_20200522.tif
/work/csr33/images_for_predictions/naip_tiles/m_3109359_se_15_060_20201104.tif
/work/csr33/images_for_predictions/naip_tiles/m_3008745_ne_16_060_20191103_20200114.tif
/work/csr33/images_for_predictions/naip_tiles/m_4107345_ne_18_060_20211106.tif
/work/csr33/images_for_predictions/naip_tiles/m_3707629_nw_18_060_20210926.tif
/work/csr33/images_for_predictions/naip_tiles/m_3108128_ne_17_060_20191110_20200102.tif
m_4506820_nw_19_060_20211006 300
/work/csr33/images_for_predictions/naip_tiles/m_3907525_sw_18_060_20211020.tif
m_4406927_se_19_060_20210827 300
m_3807740_sw_18_060_20210617 320
m_4107345_ne_18_060_20211106 320
m_3807628_nw_18_060_20211020 320
m_3411917_nw_11_060_20200522 340
m_3707629_nw_18_060_20210926 340
m_3109359_se_15_060_20201104 340
m_3008745_ne_16_060_20191103_20200114 340
m_3507549_sw_18_060_20201018 340
m_2909554_sw_15_060_20201117 360
m_3607722_se_18_060_20210827 357
m_3407829_se_17_060_20200603 357
m_3009052_ne_15_060_20190831_20191001 360
m_2909449_ne_15_060_20201116 360
m_3907525_sw_18_060_20211020 320
m_3108128_ne_17_060_20191110_20200102 340
m_3108717_sw_16_030_20211115 1400
643.9500987529755
