load envirionment

/work/csr33/images_for_predictions/naip_tiles/m_3307916_nw_17_060_20210501.tif
/work/csr33/images_for_predictions/naip_tiles/m_3907449_ne_18_060_20190730_20191209.tif
/work/csr33/images_for_predictions/naip_tiles/m_3507504_nw_18_060_20200516.tif
/work/csr33/images_for_predictions/naip_tiles/m_4207120_ne_19_060_20211024.tif
/work/csr33/images_for_predictions/naip_tiles/m_3411849_se_11_060_20200522.tif
/work/csr33/images_for_predictions/naip_tiles/m_4506758_nw_19_060_20210815.tif
/work/csr33/images_for_predictions/naip_tiles/m_3208030_sw_17_060_20210426.tif
/work/csr33/images_for_predictions/naip_tiles/m_4207154_se_19_060_20210826.tif
/work/csr33/images_for_predictions/naip_tiles/m_3307943_nw_17_060_20210501.tif
/work/csr33/images_for_predictions/naip_tiles/m_2908252_se_17_060_20211129.tif
/work/csr33/images_for_predictions/naip_tiles/m_2708253_se_17_060_20211130.tif
/work/csr33/images_for_predictions/naip_tiles/m_3008607_ne_16_030_20211112.tif
/work/csr33/images_for_predictions/naip_tiles/m_2908111_nw_17_060_20211129.tif
/work/csr33/images_for_predictions/naip_tiles/m_3008832_nw_16_030_20211119.tif
/work/csr33/images_for_predictions/naip_tiles/m_3407858_se_17_060_20210508.tif
/work/csr33/images_for_predictions/naip_tiles/m_2608002_ne_17_060_20191129_20200113.tif
/work/csr33/images_for_predictions/naip_tiles/m_3009552_se_15_060_20201031.tif
m_4506758_nw_19_060_20210815 300
/work/csr33/images_for_predictions/naip_tiles/m_4007212_nw_18_060_20210904.tif
m_3907449_ne_18_060_20190730_20191209 320
m_3307943_nw_17_060_20210501 340
m_4207120_ne_19_060_20211024 320
m_4207154_se_19_060_20210826 336
m_3411849_se_11_060_20200522 340
m_3407858_se_17_060_20210508 340
m_3507504_nw_18_060_20200516 340
m_3208030_sw_17_060_20210426 340
m_3307916_nw_17_060_20210501 340
m_2908111_nw_17_060_20211129 360
m_2908252_se_17_060_20211129 360
m_2708253_se_17_060_20211130 360
m_2608002_ne_17_060_20191129_20200113 360
m_4007212_nw_18_060_20210904 320
m_3009552_se_15_060_20201031 360
m_3008607_ne_16_030_20211112 1400
m_3008832_nw_16_030_20211119 1400
400.58526945114136
