load envirionment

/work/csr33/images_for_predictions/naip_tiles/m_3008942_se_16_030_20211116.tif
/work/csr33/images_for_predictions/naip_tiles/m_3807516_sw_18_060_20210624.tif
/work/csr33/images_for_predictions/naip_tiles/m_3008553_ne_16_060_20191118_20200114.tif
/work/csr33/images_for_predictions/naip_tiles/m_4207337_se_18_060_20211106.tif
/work/csr33/images_for_predictions/naip_tiles/m_2709728_sw_14_060_20200430.tif
/work/csr33/images_for_predictions/naip_tiles/m_3008550_se_16_060_20191109_20200114.tif
/work/csr33/images_for_predictions/naip_tiles/m_3008827_sw_16_030_20211119.tif
/work/csr33/images_for_predictions/naip_tiles/m_3607763_ne_18_060_20200922.tif
/work/csr33/images_for_predictions/naip_tiles/m_3208025_se_17_060_20210426.tif
/work/csr33/images_for_predictions/naip_tiles/m_3109358_ne_15_060_20201006.tif
/work/csr33/images_for_predictions/naip_tiles/m_3009346_sw_15_060_20190901_20191001.tif
/work/csr33/images_for_predictions/naip_tiles/m_3907513_se_18_060_20210630.tif
/work/csr33/images_for_predictions/naip_tiles/m_3707504_nw_18_060_20210605.tif
/work/csr33/images_for_predictions/naip_tiles/m_3311739_sw_11_060_20200520.tif
/work/csr33/images_for_predictions/naip_tiles/m_2909307_se_15_060_20190706_20191001.tif
/work/csr33/images_for_predictions/naip_tiles/m_4406718_se_19_060_20210907.tif
/work/csr33/images_for_predictions/naip_tiles/m_4506762_sw_19_060_20210828.tif
m_3109358_ne_15_060_20201006 340
/work/csr33/images_for_predictions/naip_tiles/m_3008432_nw_16_060_20191205_20200114.tif
m_4406718_se_19_060_20210907 300
m_3907513_se_18_060_20210630 320
m_3807516_sw_18_060_20210624 320
m_3707504_nw_18_060_20210605 320
m_3008553_ne_16_060_20191118_20200114 340
m_4207337_se_18_060_20211106 336
m_3008550_se_16_060_20191109_20200114 340
m_3208025_se_17_060_20210426 340
m_3311739_sw_11_060_20200520 340
m_3607763_ne_18_060_20200922 340
m_2909307_se_15_060_20190706_20191001 360
m_3009346_sw_15_060_20190901_20191001 360
m_2709728_sw_14_060_20200430 360
m_4506762_sw_19_060_20210828 315
m_3008432_nw_16_060_20191205_20200114 360
m_3008942_se_16_030_20211116 1365
m_3008827_sw_16_030_20211119 1440
314.18752670288086
