load envirionment

/work/csr33/images_for_predictions/naip_tiles/m_4407048_ne_19_060_20210827.tif
/work/csr33/images_for_predictions/naip_tiles/m_3311646_sw_11_060_20200415.tif
/work/csr33/images_for_predictions/naip_tiles/m_3008936_se_16_030_20211114.tif
/work/csr33/images_for_predictions/naip_tiles/m_3907527_se_18_060_20210630.tif
/work/csr33/images_for_predictions/naip_tiles/m_3907545_nw_18_060_20210630.tif
/work/csr33/images_for_predictions/naip_tiles/m_4406956_nw_19_060_20211006.tif
/work/csr33/images_for_predictions/naip_tiles/m_2909554_ne_15_060_20201029.tif
/work/csr33/images_for_predictions/naip_tiles/m_4307025_nw_19_060_20211007.tif
/work/csr33/images_for_predictions/naip_tiles/m_2609704_nw_14_060_20200430.tif
/work/csr33/images_for_predictions/naip_tiles/m_3707704_ne_18_060_20210910.tif
/work/csr33/images_for_predictions/naip_tiles/m_2709749_nw_14_060_20200501.tif
/work/csr33/images_for_predictions/naip_tiles/m_3412011_se_10_1_20140926_20150115.tif
/work/csr33/images_for_predictions/naip_tiles/m_2908404_sw_16_060_20191129_20200114.tif
/work/csr33/images_for_predictions/naip_tiles/m_3009018_sw_15_030_20211119.tif
/work/csr33/images_for_predictions/naip_tiles/m_3009255_ne_15_030_20211212.tif
/work/csr33/images_for_predictions/naip_tiles/m_4007311_ne_18_060_20211106.tif
/work/csr33/images_for_predictions/naip_tiles/m_2809517_nw_15_060_20201029.tif
m_3412011_se_10_1_20140926_20150115 132
/work/csr33/images_for_predictions/naip_tiles/m_2909031_ne_15_030_20211123.tif
m_4406956_nw_19_060_20211006 300
m_4407048_ne_19_060_20210827 300
m_3907527_se_18_060_20210630 320
m_3907545_nw_18_060_20210630 320
m_4307025_nw_19_060_20211007 320
m_4007311_ne_18_060_20211106 320
m_3311646_sw_11_060_20200415 340
m_3707704_ne_18_060_20210910 340
m_2909554_ne_15_060_20201029 360
m_2908404_sw_16_060_20191129_20200114 360
m_2609704_nw_14_060_20200430 360
m_2709749_nw_14_060_20200501 360
m_2809517_nw_15_060_20201029 360
m_3009255_ne_15_030_20211212 1326
m_3009018_sw_15_030_20211119 1326
m_3008936_se_16_030_20211114 1435
m_2909031_ne_15_030_20211123 1365
1286.8040833473206
