load envirionment

/work/csr33/images_for_predictions/naip_tiles/m_3008906_sw_16_030_20211112.tif
/work/csr33/images_for_predictions/naip_tiles/m_3807525_sw_18_060_20210618.tif
/work/csr33/images_for_predictions/naip_tiles/m_4207310_sw_18_060_20210920.tif
/work/csr33/images_for_predictions/naip_tiles/m_2909441_ne_15_060_20201116.tif
/work/csr33/images_for_predictions/naip_tiles/m_3211619_sw_11_060_20200425.tif
/work/csr33/images_for_predictions/naip_tiles/m_3008431_se_16_060_20191205_20200114.tif
/work/csr33/images_for_predictions/naip_tiles/m_3008537_se_16_060_20191118_20200114.tif
/work/csr33/images_for_predictions/naip_tiles/m_2808203_ne_17_060_20211130.tif
/work/csr33/images_for_predictions/naip_tiles/m_2809511_sw_15_060_20201117.tif
/work/csr33/images_for_predictions/naip_tiles/m_4207140_se_19_060_20211024.tif
/work/csr33/images_for_predictions/naip_tiles/m_3109357_se_15_060_20201006.tif
/work/csr33/images_for_predictions/naip_tiles/m_4307028_se_19_060_20211007.tif
/work/csr33/images_for_predictions/naip_tiles/m_4007309_nw_18_060_20211105.tif
/work/csr33/images_for_predictions/naip_tiles/m_3008823_se_16_030_20211119.tif
/work/csr33/images_for_predictions/naip_tiles/m_2909002_sw_15_060_20190707_20191001.tif
/work/csr33/images_for_predictions/naip_tiles/m_3009264_ne_15_030_20211114.tif
/work/csr33/images_for_predictions/naip_tiles/m_2708237_sw_17_060_20211130.tif
m_4307028_se_19_060_20211007 315
/work/csr33/images_for_predictions/naip_tiles/m_2508036_se_17_060_20191126_20200113.tif
m_4207310_sw_18_060_20210920 320
m_3807525_sw_18_060_20210618 320
m_4007309_nw_18_060_20211105 320
m_4207140_se_19_060_20211024 336
m_3109357_se_15_060_20201006 340
m_3008537_se_16_060_20191118_20200114 340
m_3211619_sw_11_060_20200425 340
m_2909441_ne_15_060_20201116 360
m_3008431_se_16_060_20191205_20200114 360
m_2808203_ne_17_060_20211130 360
m_2809511_sw_15_060_20201117 360
m_2909002_sw_15_060_20190707_20191001 378
m_2708237_sw_17_060_20211130 360
m_2508036_se_17_060_20191126_20200113 360
m_3009264_ne_15_030_20211114 1326
m_3008823_se_16_030_20211119 1400
m_3008906_sw_16_030_20211112 1476
403.93148827552795
