load envirionment

/work/csr33/images_for_predictions/naip_tiles/m_3412004_se_10_060_20200607.tif
/work/csr33/images_for_predictions/naip_tiles/m_2909012_se_15_030_20211130.tif
/work/csr33/images_for_predictions/naip_tiles/m_4207105_se_19_060_20211024.tif
/work/csr33/images_for_predictions/naip_tiles/m_3009239_nw_15_030_20211222.tif
/work/csr33/images_for_predictions/naip_tiles/m_4107310_nw_18_060_20211105.tif
/work/csr33/images_for_predictions/naip_tiles/m_3707630_sw_18_060_20210926.tif
/work/csr33/images_for_predictions/naip_tiles/m_3607748_nw_18_060_20200922.tif
/work/csr33/images_for_predictions/naip_tiles/m_2909131_nw_15_060_20190902_20191001.tif
/work/csr33/images_for_predictions/naip_tiles/m_3108216_nw_17_060_20191110_20200102.tif
/work/csr33/images_for_predictions/naip_tiles/m_2608215_ne_17_060_20211217.tif
/work/csr33/images_for_predictions/naip_tiles/m_3308060_ne_17_060_20210501.tif
/work/csr33/images_for_predictions/naip_tiles/m_3009117_ne_15_030_20211113.tif
/work/csr33/images_for_predictions/naip_tiles/m_2508005_nw_17_060_20191203_20200113.tif
/work/csr33/images_for_predictions/naip_tiles/m_2508035_nw_17_060_20211203.tif
/work/csr33/images_for_predictions/naip_tiles/m_3807609_se_18_060_20210617.tif
/work/csr33/images_for_predictions/naip_tiles/m_3607517_nw_18_060_20210913.tif
/work/csr33/images_for_predictions/naip_tiles/m_4107415_nw_18_060_20211106.tif
m_4107310_nw_18_060_20211105 320
/work/csr33/images_for_predictions/naip_tiles/m_2909549_ne_15_060_20201031.tif
m_3807609_se_18_060_20210617 320
m_3412004_se_10_060_20200607 340
m_3308060_ne_17_060_20210501 340
m_4207105_se_19_060_20211024 336
m_3108216_nw_17_060_20191110_20200102 340
m_3607748_nw_18_060_20200922 340
m_3707630_sw_18_060_20210926 340
m_3607517_nw_18_060_20210913 340
m_2608215_ne_17_060_20211217 360
m_2508005_nw_17_060_20191203_20200113 360
m_2909131_nw_15_060_20190902_20191001 360
m_2508035_nw_17_060_20211203 380
m_4107415_nw_18_060_20211106 320
m_2909549_ne_15_060_20201031 360
m_3009239_nw_15_030_20211222 1326
m_3009117_ne_15_030_20211113 1326
m_2909012_se_15_030_20211130 1365
413.3955810070038
