load envirionment

/work/csr33/images_for_predictions/naip_tiles/m_2709720_nw_14_060_20200430.tif
/work/csr33/images_for_predictions/naip_tiles/m_2608026_se_17_060_20191207_20200113.tif
/work/csr33/images_for_predictions/naip_tiles/m_3411862_ne_11_060_20200505.tif
/work/csr33/images_for_predictions/naip_tiles/m_3707703_se_18_060_20210910.tif
/work/csr33/images_for_predictions/naip_tiles/m_3607649_sw_18_060_20200922.tif
/work/csr33/images_for_predictions/naip_tiles/m_3907647_se_18_060_20211020.tif
/work/csr33/images_for_predictions/naip_tiles/m_3008617_nw_16_060_20191103_20200114.tif
/work/csr33/images_for_predictions/naip_tiles/m_3008635_nw_16_060_20191109_20200114.tif
/work/csr33/images_for_predictions/naip_tiles/m_3009103_nw_15_030_20211113.tif
/work/csr33/images_for_predictions/naip_tiles/m_3208145_se_17_060_20191109_20200102.tif
/work/csr33/images_for_predictions/naip_tiles/m_3009346_ne_15_060_20190901_20191001.tif
/work/csr33/images_for_predictions/naip_tiles/m_3009225_se_15_030_20211221.tif
/work/csr33/images_for_predictions/naip_tiles/m_3108145_se_17_060_20211203.tif
/work/csr33/images_for_predictions/naip_tiles/m_2909310_se_15_060_20190726_20191001.tif
/work/csr33/images_for_predictions/naip_tiles/m_3009117_se_15_030_20211113.tif
/work/csr33/images_for_predictions/naip_tiles/m_2608022_nw_17_060_20191203_20200113.tif
/work/csr33/images_for_predictions/naip_tiles/m_2708238_ne_17_060_20211130.tif
m_3008635_nw_16_060_20191109_20200114 340
/work/csr33/images_for_predictions/naip_tiles/m_3411910_se_11_060_20200521.tif
m_3907647_se_18_060_20211020 320
m_3108145_se_17_060_20211203 340
m_3208145_se_17_060_20191109_20200102 340
m_3411862_ne_11_060_20200505 340
m_3008617_nw_16_060_20191103_20200114 340
m_3707703_se_18_060_20210910 357
m_3607649_sw_18_060_20200922 357
m_2608026_se_17_060_20191207_20200113 360
m_2909310_se_15_060_20190726_20191001 360
m_2608022_nw_17_060_20191203_20200113 360
m_3009346_ne_15_060_20190901_20191001 360
m_2709720_nw_14_060_20200430 360
m_3411910_se_11_060_20200521 340
m_2708238_ne_17_060_20211130 360
m_3009117_se_15_030_20211113 1326
m_3009103_nw_15_030_20211113 1326
m_3009225_se_15_030_20211221 1326
809.9651131629944
