load envirionment
Anaconda3 2021.05

m_3008635_ne_16_060_20191109_20200114 340
m_2909026_nw_15_060_20190902_20191001 360
m_4107402_ne_18_060_20211106 300
m_3807653_sw_18_060_20211020 320
m_4007327_nw_18_060_20211001 320
m_3412005_nw_10_060_20200607 340
m_4207344_se_18_060_20211107 336
m_3607623_se_18_060_20210913 340
m_3607605_ne_18_060_20210913 340
m_4207113_se_19_060_20211024 336
m_4107454_ne_18_060_20211105 320
m_3311651_se_11_060_20200415 340
m_3307818_nw_17_060_20210508 340
m_3807722_ne_18_060_20210630 340
m_2808043_ne_17_060_20191130_20200113 360
m_2708159_ne_17_060_20191129_20200113 360
m_2708043_ne_17_060_20191215_20200113 360
m_2908139_se_17_060_20211130 360
m_2609719_nw_14_060_20201216 360
m_2909407_sw_15_060_20201112 340
m_3009458_sw_15_060_20201112 360
m_2608103_se_17_060_20191129_20200113 360
m_3707722_sw_18_060_20210912 357
m_2708063_ne_17_060_20191215_20200113 360
/work/csr33/images_for_predictions/naip_tiles/m_3009131_sw_15_030_20211119.tif

m_2909025_se_15_060_20190831_20191001 378
m_3008525_sw_16_060_20191109_20200114 340
m_3607611_sw_18_060_20210912 357
m_4606850_ne_19_060_20210817 300
m_4307031_nw_19_060_20211007 320
m_3907548_nw_18_060_20190726_20191209 320
m_4107432_se_18_060_20211105 320
m_3507511_nw_18_060_20200516 340
m_4406802_ne_19_060_20210929 300
m_3208010_ne_17_060_20210426 340
m_3208045_nw_17_060_20210426 340
m_2708028_sw_17_060_20191215_20200113 360
m_4406814_ne_19_060_20210919 300
m_4406802_sw_19_060_20210723 300
m_2609744_sw_14_060_20201209 360
m_3008552_nw_16_060_20191118_20200114 340
m_3311731_ne_11_060_20200422 340
m_3009455_sw_15_060_20201104 340
m_2608117_se_17_060_20211223 360
m_3507715_sw_18_060_20200922 357
m_2908114_sw_17_060_20211130 360
m_3407845_ne_17_060_20200922 340
m_2909561_ne_15_060_20201117 360
m_3807626_sw_18_060_20210617 320
m_3307918_sw_17_060_20210508 340
m_2909118_ne_15_060_20190706_20191001 360
m_2608208_ne_17_060_20211217 360
m_3407733_ne_18_060_20200904 340
m_4506757_nw_19_060_20210815 300
m_4107424_sw_18_060_20211105 320
m_3307954_nw_17_060_20210501 340
m_3907419_se_18_060_20190730_20191209 320
m_2908308_se_17_060_20211130 378
m_4207344_sw_18_060_20211107 336
m_3907510_se_18_060_20211019 320
m_2808052_sw_17_060_20191130_20200113 360
m_3807641_se_18_060_20210617 320
m_3108126_ne_17_060_20191110_20200102 340
m_3907535_ne_18_060_20210630 320
m_3407605_nw_18_060_20201018 340
m_3008331_sw_17_060_20211116 378
m_3211632_nw_11_060_20200420 340
m_2709745_se_14_060_20200430 360
m_2908244_sw_17_060_20211129 360
m_3607646_nw_18_060_20201001 340
m_2909651_nw_14_060_20201031 360
m_4207147_nw_19_060_20211024 320
m_2809756_sw_14_060_20201029 360
m_3807651_se_18_060_20210910 357
m_2908106_sw_17_060_20211130 360
m_4406833_ne_19_060_20210913 300
m_3008601_nw_16_030_20211110 1365
m_3208014_se_17_060_20210426 340
m_4207136_sw_19_060_20211105 336
m_3008937_se_16_030_20211114 1435
m_3108152_nw_17_060_20211203 340
m_4107325_ne_18_060_20211105 320
m_3307919_se_17_060_20210501 340
m_2808060_nw_17_060_20191130_20200114 360
m_2808052_nw_17_060_20191130_20200113 360
m_4107026_nw_19_060_20210904 320
m_2809621_sw_14_060_20200501 360
m_4406944_ne_19_060_20210904 300
m_3507557_ne_18_060_20201018 340
m_2909230_se_15_060_20190706_20191001 360
m_2908122_se_17_060_20211130 360
m_2909115_sw_15_060_20190707_20191001 360
m_3008547_ne_16_060_20191128_20200114 340
m_2608126_nw_17_060_20211223 380
m_3407614_nw_18_060_20201018 340
m_2808256_se_17_060_20211202 360
m_3308055_nw_17_060_20210501 340
m_3009423_se_15_060_20201102 340
m_3807755_nw_18_060_20210630 340
m_3807704_sw_18_060_20210903 357
m_3008531_ne_16_060_20191118_20200114 340
m_2608125_ne_17_060_20211223 360
m_3411863_se_11_060_20200505 340
m_3507751_sw_18_060_20200930 378
m_3607660_se_18_060_20201001 340
m_3607746_nw_18_060_20200922 340
m_3311641_ne_11_060_20200525 340
m_2908913_se_16_030_20211129 1365
m_4107340_sw_18_060_20211106 336
m_3009227_sw_15_060_20190905_20191001 360
m_3108114_sw_17_060_20191110_20200102 340
m_2909540_se_15_060_20201116 360
m_3707651_nw_18_060_20210912 340
m_2609730_se_14_060_20200430 360
m_3008442_ne_16_060_20191128_20200114 360
m_4107111_sw_19_060_20210926 336
m_3009236_sw_15_060_20190706_20191001 360
m_3311753_se_11_060_20200520 340
m_4306910_ne_19_060_20211006 300
m_2909413_se_15_060_20201112 340
m_3807657_ne_18_060_20210910 340
m_2708204_sw_17_060_20211130 360
m_2608046_se_17_060_20191120_20200113 360
m_3907551_ne_18_060_20210630 320
m_2909402_se_15_060_20201118 360
m_3108119_nw_17_060_20191110_20200102 340
m_3507723_sw_18_060_20200922 357
m_4107224_se_18_060_20210926 336
m_3207917_ne_17_060_20210426 340
m_2708256_nw_17_060_20211202 360
m_3407722_sw_18_060_20201031 378
m_3607604_nw_18_060_20210926 340
m_4406811_nw_19_060_20210929 300
m_2708120_se_17_060_20191129_20200113 360
m_2909537_nw_15_060_20201117 360
m_4307026_ne_19_060_20211007 300
m_4207313_sw_18_060_20211107 336
m_3707645_ne_18_060_20210926 340
m_4207445_se_18_060_20211110 320
m_3009464_ne_15_060_20201102 340
m_3411917_ne_11_060_20200523 340
m_3411919_sw_11_060_20200521 340
m_2708221_se_17_060_20211130 360
m_3009241_sw_15_060_20190905_20191001 360
m_2809609_ne_14_060_20201116 360
m_2908403_sw_16_060_20191128_20200114 360
m_4406831_ne_19_060_20210920 300
m_4107106_se_19_060_20210826 336
m_3707659_se_18_060_20210912 357
m_2608052_ne_17_060_20191203_20200113 360
m_3108122_nw_17_060_20191110_20200102 340
m_4207328_ne_18_060_20211107 320
m_3311653_se_11_060_20200415 340
m_3407850_se_17_060_20200922 357
m_3009241_nw_15_060_20190901_20191001 360
m_4107344_se_18_060_20211106 336
m_3411940_sw_11_060_20200521 340
m_3009437_nw_15_060_20201112 340
m_2909431_ne_15_060_20201102 340
m_2608016_nw_17_060_20191120_20200113 360
m_4406810_sw_19_060_20211006 300
m_3009256_sw_15_030_20211212 1326
m_2909664_sw_14_060_20201029 360
m_2708207_sw_17_060_20211130 360
m_3907524_se_18_060_20190726_20191209 320
m_3907526_nw_18_060_20210606 320
m_4406916_ne_19_060_20211006 300
m_3807625_sw_18_060_20210617 320
m_3008712_ne_16_060_20191103_20200114 340
m_3009249_sw_15_060_20190905_20191001 360
m_2608063_sw_17_060_20191120_20200113 360
m_3907629_ne_18_060_20211101 320
m_3507755_ne_18_060_20200930 340
/work/csr33/images_for_predictions/naip_tiles/m_3009037_se_15_030_20211115.tif

m_4207121_se_19_060_20211024 336
m_3907433_nw_18_060_20190726_20191209 320
m_2908306_sw_17_060_20211130 378
m_2908948_sw_16_030_20211130 1365
m_3707660_nw_18_060_20210926 340
m_2908955_se_16_030_20211130 1365
m_4207353_sw_18_060_20211107 336
m_2909442_ne_15_060_20201116 360
m_4406953_se_19_060_20210904 300
m_2708205_nw_17_060_20211130 360
m_4007406_ne_18_060_20190830_20191209 300
m_3407813_se_17_060_20200603 357
m_4107003_nw_19_060_20210904 320
m_3507754_sw_18_060_20200930 357
m_2909412_se_15_060_20201112 360
m_3507647_nw_18_060_20201018 340
m_3008242_sw_17_060_20211130 378
m_3108144_se_17_060_20211203 340
m_4107355_se_18_060_20211106 336
m_2708237_ne_17_060_20211130 360
m_2909308_se_15_060_20190706_20191001 360
m_3008555_sw_16_060_20191118_20200114 340
m_2809644_ne_14_060_20200501 360
m_2808214_se_17_060_20211130 360
m_3707704_nw_18_060_20210910 340
/work/csr33/images_for_predictions/naip_tiles/m_3008208_ne_17_060_20191110_20200108.tif

m_3407847_ne_17_060_20200904 340
m_2709712_ne_14_060_20200430 360
m_3008519_sw_16_060_20191118_20200114 340
m_4107404_nw_18_060_20190917_20191209 300
m_2708044_sw_17_060_20191215_20200113 360
m_4107125_nw_19_060_20210926 320
m_3507723_nw_18_060_20200922 340
m_2708244_se_17_060_20211130 360
m_3307926_ne_17_060_20210508 340
m_2908236_se_17_060_20211129 360
m_4506843_sw_19_060_20210816 300
m_4107222_ne_18_060_20210926 320
m_3108159_nw_17_060_20191110_20200102 340
m_3009308_se_15_060_20190904_20191001 340
m_2708038_nw_17_060_20191215_20200113 360
m_2909503_sw_15_060_20201030 360
m_3008932_nw_16_030_20211119 1440
m_3407605_se_18_060_20201018 340
m_2809658_nw_14_060_20201029 360
m_2909229_se_15_060_20190706_20191001 360
m_4007449_ne_18_060_20191014_20191203 320
m_3607744_sw_18_060_20200922 357
m_4107011_nw_19_060_20210904 320
m_3208163_ne_17_060_20211202 340
m_3109357_ne_15_060_20201006 340
m_3311661_ne_11_060_20200415 340
m_2909021_ne_15_030_20211130 1365
m_2908323_ne_17_060_20211116 360
m_3807715_ne_18_060_20210630 320
m_3907544_sw_18_060_20210630 320
m_3008634_se_16_060_20191109_20200114 340
m_4307009_sw_19_060_20211007 336
m_3009251_nw_15_060_20190905_20191001 360
m_4307003_nw_19_060_20211007 320
m_3008622_se_16_060_20191109_20200114 340
m_3008702_ne_16_030_20211115 1400
m_3411920_sw_11_060_20200521 340
m_3907511_se_18_060_20210630 320
m_3907657_ne_18_060_20210617 320
m_3008438_se_16_060_20191129_20200114 360
m_3108151_nw_17_060_20191110_20200102 340
m_4506742_sw_19_060_20210815 300
m_3009441_ne_15_060_20201112 340
m_4107104_se_19_060_20210826 336
m_3407842_sw_17_060_20200603 378
m_3108743_se_16_030_20211115 1400
m_2908946_se_16_030_20211130 1365
m_2909501_se_15_060_20201030 360
m_3008929_nw_16_030_20211119 1440
m_3008448_nw_16_060_20191205_20200114 360
m_3008119_se_17_060_20211129 360
m_2608048_nw_17_060_20191120_20200113 360
m_3008709_sw_16_030_20211112 1400
m_2909532_nw_15_060_20201116 360
m_4307058_se_19_060_20211024 336
m_3208017_ne_17_060_20210426 340
m_2908232_ne_17_060_20211129 360
m_3507720_ne_18_060_20200930 340
m_3607724_se_18_060_20210827 357
m_3707617_sw_18_060_20210827 357
m_3008614_nw_16_060_20191109_20200114 340
m_2809617_sw_14_060_20201116 360
m_2809649_sw_14_060_20201116 360
m_3207903_se_17_060_20210501 340
m_2909212_ne_15_060_20190706_20191001 360
m_2608013_ne_17_060_20191207_20200113 360
m_4107235_ne_18_060_20211001 320
m_3008358_se_17_060_20191117_20200114 360
m_2608162_sw_17_060_20211203 380
m_3512064_se_10_060_20200522 340
m_2708141_ne_17_060_20211202 360
m_3311642_se_11_060_20200415 340
m_3009131_se_15_030_20211114 1326
m_2909220_se_15_060_20190905_20191001 360
m_2809606_se_14_060_20201107 360
/work/csr33/images_for_predictions/naip_tiles/m_2608129_nw_17_060_20191130_20200113.tif

m_2608119_se_17_060_20211223 360
m_3008341_sw_17_060_20191117_20200114 360
m_3312007_se_10_060_20200607 340
m_3707662_sw_18_060_20210913 340
m_3707661_sw_18_060_20210926 340
m_3208161_sw_17_060_20191109_20200102 340
m_2908339_nw_17_060_20211116 360
m_2609751_sw_14_060_20201216 360
m_3009240_sw_15_030_20211212 1326
m_3009202_sw_15_030_20211221 1326
m_2809645_nw_14_060_20200501 360
m_3311747_nw_11_060_20200520 340
m_3412005_sw_10_060_20200607 340
m_2608150_ne_17_060_20211223 360
m_3707756_sw_18_060_20210827 357
m_3009263_nw_15_030_20211212 1326
m_2908912_se_16_030_20211129 1365
m_2909416_se_15_060_20201102 340
m_2909422_se_15_060_20201112 340
m_2908901_nw_16_030_20211129 1365
m_4107023_nw_19_060_20210826 320
m_3607541_sw_18_060_20200516 340
m_3507750_se_18_060_20200904 357
m_3211629_ne_11_060_20200415 340
m_2909126_sw_15_060_20190706_20191001 360
m_3407742_nw_18_060_20200904 360
m_3311764_se_11_060_20200428 340
m_2909045_ne_15_030_20211130 1365
m_4107125_sw_19_060_20210926 336
m_4606852_ne_19_060_20210817 300
m_2609725_ne_14_060_20200503 360
m_4407032_sw_19_060_20210827 300
m_3807738_sw_18_060_20210903 357
m_3008548_se_16_060_20191120_20200114 360
m_3907525_nw_18_060_20210606 320
m_3407833_se_17_060_20200603 357
m_3108138_se_17_060_20211203 340
m_3008820_sw_16_030_20211119 1440
m_3308032_nw_17_060_20210501 340
m_4407059_ne_19_060_20211007 300
m_3008134_se_17_060_20211129 360
m_4107107_nw_19_060_20210826 320
m_2709706_se_14_060_20200430 360
m_2708029_ne_17_060_20191215_20200113 360
m_3311611_nw_11_060_20200615 340
m_2708135_se_17_060_20191129_20200113 360
m_3607612_nw_18_060_20210926 340
m_3009313_nw_15_060_20190904_20191001 360
m_4107413_nw_18_060_20211106 320
m_2909404_se_15_060_20201112 340
m_4207156_ne_19_060_20210826 320
m_4107240_nw_18_060_20210926 320
m_3008710_se_16_030_20211119 1400
m_3008242_nw_17_060_20211130 360
m_4107262_sw_18_060_20210926 336
m_3008620_nw_16_060_20191109_20200114 340
m_3907636_ne_18_060_20210606 320
m_3109060_se_15_030_20211120 1435
m_2508049_nw_17_060_20211203 380
m_4007531_sw_18_060_20191024_20191203 320
m_3009439_sw_15_060_20201104 340
m_4107245_ne_18_060_20210926 320
m_4406915_nw_19_060_20211006 300
m_4406947_sw_19_060_20211006 300
m_3807735_ne_18_060_20210903 340
m_4107012_ne_19_060_20210904 320
m_4406822_nw_19_060_20210919 300
m_3907518_sw_18_060_20210606 320
m_3008809_ne_16_030_20211112 1400
m_3108126_se_17_060_20191110_20200102 340
m_4207025_ne_19_060_20211024 320
m_2708214_nw_17_060_20211130 360
m_3311836_ne_11_060_20200504 340
m_3311710_nw_11_060_20200424 340
m_2808223_nw_17_060_20211130 360
m_4506837_se_19_060_20210929 300
m_3607756_ne_18_060_20200922 340
m_3008640_nw_16_060_20191109_20200114 340
m_4307155_ne_19_060_20211024 320
m_4207009_sw_19_060_20211024 336
/work/csr33/images_for_predictions/naip_tiles/m_4406804_ne_19_060_20210914.tif

m_3907513_sw_18_060_20210630 320
m_3109456_se_15_060_20201014 340
m_4406829_sw_19_060_20210914 300
m_3008549_nw_16_060_20191109_20200114 340
m_3108863_se_16_030_20211120 1400
m_3008821_ne_16_030_20211119 1400
m_3211625_se_11_060_20200425 340
m_2908209_sw_17_060_20211117 378
m_3008714_ne_16_060_20191103_20200114 340
m_3009351_ne_15_060_20190901_20191001 360
m_3507731_ne_18_060_20201031 340
m_3008819_ne_16_030_20211119 1400
m_2908143_nw_17_060_20211129 360
m_4406844_se_19_060_20210914 300
m_3311722_nw_11_060_20200423 340
m_2608063_ne_17_060_20191120_20200113 360
m_2908233_se_17_060_20211129 378
m_3507631_se_18_060_20201018 340
m_3311614_sw_11_060_20200416 340
m_3807636_ne_18_060_20211020 320
m_3507761_sw_18_060_20200930 357
m_2908505_se_16_060_20191118_20200114 360
/work/csr33/images_for_predictions/naip_tiles/m_3208150_se_17_060_20191109_20200106.tif

m_3009322_ne_15_060_20190904_20191001 360
m_3008602_sw_16_060_20191109_20200114 340
m_3108728_sw_16_030_20211115 1400
m_3008205_se_17_060_20191110_20200108 340
m_4207313_ne_18_060_20211107 320
m_2909008_ne_15_060_20190707_20191001 360
m_3009325_ne_15_060_20201102 340
m_3311740_se_11_060_20200428 340
m_3907658_nw_18_060_20210617 320
m_4606852_sw_19_060_20210817 300
m_3009331_ne_15_060_20190904_20191001 360
m_2609734_nw_14_060_20201001 360
m_3108725_nw_16_030_20211115 1400
m_2909409_ne_15_060_20201112 360
m_2709707_se_14_060_20200430 360
m_3507605_nw_18_060_20200922 340
m_3507521_sw_18_060_20200516 340
m_3009555_se_15_060_20201118 360
m_3607559_nw_18_060_20200516 340
m_3108134_ne_17_060_20191110_20200102 340
m_3108104_ne_17_060_20191110_20200102 340
m_3507502_se_18_060_20200516 340
m_3009135_ne_15_030_20211113 1326
m_2808232_sw_17_060_20211202 360
m_3307914_ne_17_060_20210501 340
m_3907511_nw_18_060_20191005_20191203 320
m_3009049_sw_15_030_20211119 1365
m_3507740_nw_18_060_20201031 340
m_4107361_nw_18_060_20211106 320
m_4207114_sw_19_060_20211024 336
m_2909105_sw_15_060_20190707_20191001 360
m_3008708_se_16_060_20191103_20200114 340
m_2508061_ne_17_060_20191126_20200113 360
m_3607638_se_18_060_20201001 340
m_2909007_se_15_060_20190707_20191001 378
m_4307147_ne_19_060_20211024 320
m_3707518_se_18_060_20211017 320
m_3807648_nw_18_060_20210623 320
m_3008160_nw_17_060_20211129 360
m_2908117_ne_17_060_20211129 360
m_3108713_sw_16_030_20211115 1400
m_3009041_ne_15_030_20211119 1365
m_3009159_se_15_030_20211114 1326
m_2508009_se_17_060_20211203 360
m_2909147_ne_15_060_20190830_20191001 360
m_2609702_nw_14_060_20200501 360
m_3311602_sw_11_060_20200415 340
m_3211624_nw_11_060_20200420 340
m_2809762_nw_14_060_20200501 360
m_3108232_sw_17_060_20191110_20200102 340
m_3412019_ne_10_1_20140926_20150115 132
m_3009234_sw_15_030_20211221 1326
m_4207448_sw_18_060_20210920 320
m_3507625_sw_18_060_20201031 357
m_2909416_ne_15_060_20201102 340
m_4406832_sw_19_060_20210901 300
m_3507760_ne_18_060_20200930 340
m_3707612_sw_18_060_20210912 357
m_3009044_nw_15_030_20211120 1365
m_3008939_se_16_030_20211114 1435
m_4107139_nw_19_060_20210826 320
m_3407861_sw_17_060_20200922 378
/work/csr33/images_for_predictions/naip_tiles/m_3009047_nw_15_030_20211116.tif

m_2809642_ne_14_060_20201029 360
m_4506726_ne_19_060_20210815 300
m_4107230_se_18_060_20210926 336
m_3009432_se_15_060_20201102 340
m_2809614_sw_14_060_20200501 360
m_3008931_se_16_030_20211119 1435
m_2908113_nw_17_060_20211130 360
m_3411918_nw_11_060_20200607 340
m_4506727_se_19_060_20210723 300
m_2508020_sw_17_060_20211203 380
m_3607748_sw_18_060_20200922 357
m_4207139_sw_19_060_20211024 336
m_3807650_sw_18_060_20210910 357
m_3208131_sw_17_060_20210426 340
m_3008340_nw_17_060_20211116 360
m_3707761_se_18_060_20210903 357
m_3008724_se_16_060_20191103_20200114 340
m_3407821_sw_17_060_20200603 378
m_3411955_nw_11_060_20200524 340
m_4406907_nw_19_060_20211006 300
m_4506758_ne_19_060_20210815 300
m_2908128_nw_17_060_20211129 360
m_3008613_nw_16_060_20191109_20200114 340
m_2909414_sw_15_060_20201112 340
m_3507537_nw_18_060_20201018 340
m_3807627_ne_18_060_20210617 320
m_3907528_sw_18_060_20210630 320
m_2909017_nw_15_060_20190707_20191001 360
m_3507739_nw_18_060_20200930 340
m_2908114_nw_17_060_20211130 360
m_3008936_nw_16_030_20211114 1440
m_2609726_se_14_060_20201001 360
m_2808026_sw_17_060_20191202_20200113 340
m_4007312_se_18_060_20211103 336
m_3208003_sw_17_060_20210426 340
m_4307005_se_19_060_20210722 315
m_3211617_ne_11_060_20200425 340
m_3707728_sw_18_060_20210910 357
m_3009559_nw_15_060_20201030 360
m_4107416_sw_18_060_20211105 320
m_4107127_ne_19_060_20210926 320
m_3607639_se_18_060_20200516 340
/work/csr33/images_for_predictions/naip_tiles/m_2708026_se_17_060_20191129_20200113.tif

m_2909215_sw_15_060_20190706_20191001 360
m_4406929_nw_19_060_20210904 300
m_4406814_sw_19_060_20210919 300
m_2909205_ne_15_060_20190706_20191001 360
m_3109464_se_15_060_20201014 340
m_3108120_nw_17_060_20191110_20200102 340
m_3008646_nw_16_060_20191109_20200114 340
m_3008547_nw_16_060_20191128_20200114 340
m_2609751_se_14_060_20201210 360
m_3907404_se_18_060_20190830_20191209 320
m_3208049_nw_17_060_20210507 340
m_3807615_ne_18_060_20210623 320
m_4107355_nw_18_060_20211103 320
m_3008322_sw_17_060_20211116 378
m_2708134_sw_17_060_20211202 360
m_3008527_nw_16_060_20191118_20200114 340
m_2908347_se_17_060_20211116 378
m_3009329_sw_15_060_20190905_20191001 360
m_3311716_ne_11_060_20200422 340
m_2608046_sw_17_060_20191120_20200113 360
m_2909661_sw_14_060_20200501 360
m_2608030_sw_17_060_20191203_20200113 360
m_3407730_ne_18_060_20201031 340
m_3008157_se_17_060_20211129 360
m_3807558_ne_18_060_20210618 320
m_3008425_nw_16_060_20191120_20200114 340
m_3311846_se_11_060_20200504 340
m_4107008_sw_19_060_20210826 320
m_3907663_se_18_060_20211020 320
m_4406701_se_19_060_20210901 300
m_3009428_se_15_060_20201112 340
m_3211602_sw_11_060_20200415 340
m_4406815_nw_19_060_20210920 300
m_3807547_se_18_060_20210605 320
/work/csr33/images_for_predictions/naip_tiles/m_3008830_nw_16_030_20211119.tif

m_3211604_se_11_060_20200415 340
m_2909513_ne_15_060_20201118 360
m_2709745_ne_14_060_20200430 360
m_3607606_sw_18_060_20210913 340
m_3707525_ne_18_060_20211017 320
m_3311618_ne_11_060_20200615 340
m_3707636_nw_18_060_20210926 340
m_2708128_ne_17_060_20191129_20200113 360
m_2809752_se_14_060_20201116 360
m_2909042_sw_15_060_20190830_20191001 378
m_2909516_nw_15_060_20201118 360
m_2909227_nw_15_060_20190706_20191001 360
m_4506718_sw_19_060_20210815 300
m_3008722_se_16_060_20191103_20200114 340
m_3507660_nw_18_060_20201018 340
m_2609754_se_14_060_20200430 360
m_3807739_se_18_060_20210617 320
/work/csr33/images_for_predictions/naip_tiles/m_3008826_nw_16_030_20211119.tif

m_3707659_sw_18_060_20210912 357
m_3208160_sw_17_060_20191109_20200102 340
m_2809751_sw_14_060_20201115 360
m_3311754_ne_11_060_20200520 340
m_3307916_sw_17_060_20210501 340
m_4506811_se_19_060_20211006 300
m_2808237_ne_17_060_20211130 360
m_2508026_sw_17_060_20211203 380
m_3009558_se_15_060_20201030 360
m_3009309_sw_15_060_20201006 340
m_2908412_nw_16_060_20191129_20200114 360
m_3211603_nw_11_060_20200415 340
m_3707723_ne_18_060_20210912 340
m_3008913_se_16_030_20211112 1435
m_4007311_se_18_060_20211106 320
m_2708027_nw_17_060_20191215_20200113 360
m_4107336_se_18_060_20211106 336
m_3807659_se_18_060_20210926 357
m_4506834_nw_19_060_20210816 300
m_3807530_nw_18_060_20211019 320
/work/csr33/images_for_predictions/naip_tiles/m_3008736_nw_16_030_20211113.tif

m_2909109_ne_15_060_20190706_20191001 360
m_4107105_sw_19_060_20210826 336
m_4506752_se_19_060_20210723 315
m_3009057_ne_15_030_20211119 1365
m_2708010_se_17_060_20191129_20200113 360
m_2508103_nw_17_060_20211223 380
m_3311762_se_11_060_20200520 340
m_2608151_ne_17_060_20211223 360
m_3907540_se_18_060_20190726_20191209 320
m_3008639_sw_16_060_20191109_20200114 340
m_3009133_se_15_030_20211113 1326
m_3008842_ne_16_030_20211114 1400
m_3008510_sw_16_060_20191109_20200114 340
m_3607661_sw_18_060_20200922 340
m_4207144_sw_19_060_20211105 336
m_4207058_nw_19_060_20210904 320
m_3308063_se_17_060_20210501 340
m_3008726_nw_16_030_20211119 1400
m_3008618_nw_16_060_20191109_20200114 340
m_2909028_ne_15_030_20211130 1365
m_4007438_ne_18_060_20211105 320
m_3907528_se_18_060_20210630 320
m_3311730_nw_11_060_20200423 340
m_3009137_se_15_030_20211114 1326
m_3507716_sw_18_060_20200922 357
m_2709711_sw_14_060_20200501 360
m_2608021_ne_17_060_20191207_20200113 360
m_3009159_sw_15_060_20190706_20191001 360
m_3407846_se_17_060_20201102 357
m_3412012_nw_10_060_20180724_20190208 340
m_4406804_se_19_060_20210914 300
m_2908113_ne_17_060_20211130 360
m_2609705_se_14_060_20201029 360
m_2809716_se_14_060_20201029 360
m_4007427_nw_18_060_20190917_20191209 300
m_2909130_sw_15_060_20190831_20191001 360
m_3009125_ne_15_030_20211113 1326
m_2608151_nw_17_060_20211223 380
m_3907542_ne_18_060_20210629 320
m_3307927_se_17_060_20210501 340
m_4007322_se_18_060_20211103 336
m_2809625_ne_14_060_20201116 360
m_3009562_se_15_060_20201130 360
m_4107412_ne_18_060_20211106 320
m_4107127_sw_19_060_20210926 336
m_4406837_se_19_060_20210914 300
m_2808214_ne_17_060_20211130 360
m_2709751_nw_14_060_20200501 360
m_3907412_se_18_060_20190730_20191209 320
m_3507622_nw_18_060_20200922 340
m_3507727_nw_18_060_20200930 340
m_3907423_ne_18_060_20190809_20191209 320
m_3907648_ne_18_060_20211020 320
m_3009455_se_15_060_20201102 340
/work/csr33/images_for_predictions/naip_tiles/m_3008208_nw_17_060_20191110_20200108.tif

m_3607642_ne_18_060_20200922 340
m_4007540_nw_18_060_20191021_20191203 320
m_4506750_ne_19_060_20210815 300
m_3008608_se_16_060_20191109_20200114 340
/work/csr33/images_for_predictions/naip_tiles/m_3009131_ne_15_030_20211114.tif

m_3807731_ne_18_060_20210617 320
m_4207139_se_19_060_20211024 336
m_2909423_nw_15_060_20201112 340
m_3707762_ne_18_060_20210827 340
m_3607660_sw_18_060_20201001 357
m_4107304_se_18_060_20211106 336
m_2808205_se_17_060_20211130 360
m_3008117_sw_17_060_20211202 360
m_4406954_nw_19_060_20210904 300
m_2909524_se_15_060_20201118 360
m_3707659_nw_18_060_20210912 340
m_3009431_sw_15_060_20201104 340
m_3607659_sw_18_060_20201001 357
m_4107421_ne_18_060_20211106 320
m_4107445_sw_18_060_20211106 320
m_3009216_se_15_030_20211114 1326
m_2809613_sw_14_060_20200501 360
m_4406827_sw_19_060_20210723 300
m_4207131_nw_19_060_20211024 320
m_2609701_sw_14_060_20200503 360
m_3008541_nw_16_060_20191109_20200114 340
m_3407724_nw_18_060_20201031 340
m_4406951_nw_19_060_20210827 300
m_4506828_ne_19_060_20211006 300
m_4007463_sw_18_060_20190809_20191209 320
m_3807527_nw_18_060_20210623 320
m_2709601_sw_14_060_20200430 360
m_2908410_sw_16_060_20191128_20200114 360
m_3311736_ne_11_060_20200423 340
m_3607763_nw_18_060_20200922 340
m_3807530_ne_18_060_20210624 320
m_3707756_ne_18_060_20210827 340
m_2809629_ne_14_060_20200501 360
m_4007341_nw_18_060_20190809_20191209 320
m_3009356_se_15_060_20190905_20191001 360
m_3807559_nw_18_060_20210605 320
m_2709735_nw_14_060_20200501 360
m_3008521_se_16_060_20191118_20200114 340
m_4406922_ne_19_060_20211006 300
m_4007462_nw_18_060_20190730_20191209 320
m_2609737_nw_14_060_20201029 360
m_3412040_ne_10_060_20200522 340
m_2909515_nw_15_060_20201130 360
m_3008157_sw_17_060_20211129 360
m_4207313_nw_18_060_20211107 320
m_4506851_se_19_060_20211006 300
m_3009061_nw_15_060_20190831_20191001 360
m_3907629_se_18_060_20211101 320
m_2909208_se_15_060_20190706_20191001 360
m_2508019_nw_17_060_20211203 380
m_3008553_nw_16_060_20191118_20200114 340
m_2908134_ne_17_060_20211129 360
m_3008450_sw_16_060_20191128_20200114 360
m_3208152_nw_17_060_20191109_20200102 340
m_4007423_nw_18_060_20190917_20191209 300
m_2909048_se_15_030_20211130 1365
m_2508106_ne_17_060_20211203 360
m_3407856_se_17_060_20200603 357
m_3707610_se_18_060_20210827 357
m_2809628_se_14_060_20200501 360
m_2709721_se_14_060_20201001 360
m_4506962_se_19_060_20210816 300
m_3507544_se_18_060_20201018 340
m_3008812_se_16_030_20211112 1400
m_2709735_se_14_060_20200501 360
m_4107237_sw_18_060_20210904 336
m_3807505_ne_18_060_20211019 320
/work/csr33/images_for_predictions/naip_tiles/m_2708026_ne_17_060_20191129_20200113.tif

m_4406923_se_19_060_20211006 300
m_3008454_nw_16_060_20191129_20200114 360
m_3009218_se_15_030_20211221 1326
m_2909232_ne_15_060_20190706_20191001 360
m_2709720_ne_14_060_20200430 360
m_3108838_nw_16_030_20211123 1400
m_2909020_sw_15_030_20211130 1365
m_3108759_sw_16_030_20211115 1400
m_3311748_se_11_060_20200428 340
m_3311630_nw_11_060_20200415 340
m_3507714_se_18_060_20200922 357
m_2909208_ne_15_060_20190706_20191001 360
m_2708127_nw_17_060_20211202 360
m_3407706_sw_18_060_20201031 357
m_3108742_sw_16_030_20211115 1400
m_3311612_se_11_060_20200416 340
m_4007313_se_18_060_20211103 336
m_3507708_ne_18_060_20200922 340
m_3009153_sw_15_030_20211114 1326
m_2508037_nw_17_060_20191126_20200113 360
m_3412039_nw_10_060_20200522 340
m_2909001_sw_15_060_20190707_20191001 378
m_3108762_se_16_030_20211115 1400
/work/csr33/images_for_predictions/naip_tiles/m_3407852_sw_17_060_20200922.tif

m_3108223_ne_17_060_20191110_20200102 340
m_3407704_sw_18_060_20200930 378
m_3807515_se_18_060_20210624 320
m_2809650_sw_14_060_20201029 360
m_3008723_sw_16_060_20191103_20200114 340
m_2608022_sw_17_060_20191203_20200113 360
m_2909546_nw_15_060_20201117 360
m_3407864_se_17_060_20200904 378
m_4107245_nw_18_060_20210904 320
m_3308064_se_17_060_20210426 340
m_3407810_sw_17_060_20200603 357
m_2609701_nw_14_060_20200501 360
m_4007205_sw_18_060_20210904 336
m_3008816_sw_16_030_20211112 1400
m_3008536_se_16_060_20191118_20200114 340
m_3008439_sw_16_060_20191205_20200114 360
m_2709710_sw_14_060_20200501 360
m_3707752_nw_18_060_20210910 340
m_3707716_sw_18_060_20210912 357
m_4107003_se_19_060_20210904 336
m_3308048_sw_17_060_20210501 340
m_2809716_nw_14_060_20201029 360
m_3008555_se_16_060_20191118_20200114 360
m_3907639_nw_18_060_20211101 320
m_3008918_sw_16_030_20211116 1365
m_3507737_nw_18_060_20200930 340
m_3009239_se_15_030_20211212 1326
m_2609758_nw_14_060_20201001 360
m_3607604_ne_18_060_20210913 340
m_3907507_nw_18_060_20191019_20191203 320
m_4406846_ne_19_060_20210919 300
m_3008460_nw_16_060_20191129_20200114 360
m_3108153_nw_17_060_20211203 340
m_3009036_sw_15_030_20211120 1365
m_2609761_se_14_060_20201029 360
m_4107218_se_18_060_20211105 336
m_2508053_se_17_060_20191126_20200113 360
m_3807518_ne_18_060_20210618 320
m_3807547_nw_18_060_20210605 320
m_3211724_ne_11_060_20200428 340
m_3907434_ne_18_060_20190730_20191209 320
m_3108261_se_17_060_20191110_20200102 340
m_2909119_se_15_060_20190706_20191001 360
m_3807523_se_18_060_20210624 320
m_3307921_nw_17_060_20210501 340
m_4007443_se_18_060_20190730_20191209 300
m_2909303_sw_15_060_20190726_20191001 360
m_3009014_ne_15_030_20211116 1365
m_3008702_nw_16_030_20211115 1400
m_2608022_ne_17_060_20191120_20200113 360
m_2608111_sw_17_060_20191129_20200113 360
m_3407953_sw_17_060_20210508 340
m_3308054_sw_17_060_20210426 340
m_4107436_se_18_060_20211106 320
m_3607648_sw_18_060_20200516 340
m_3512055_nw_10_060_20200522 340
m_2909034_nw_15_060_20190831_20191001 360
m_2609734_se_14_060_20201029 360
m_2609710_sw_14_060_20201001 360
m_3607509_sw_18_060_20210913 340
m_3009350_ne_15_060_20201031 340
m_4107461_ne_18_060_20190917_20191209 300
/work/csr33/images_for_predictions/naip_tiles/m_3009045_se_15_030_20211115.tif

m_4606845_nw_19_060_20210817 300
m_2908505_ne_16_060_20191118_20200114 340
m_2908122_ne_17_060_20211130 360
m_3108255_se_17_060_20191110_20200102 340
m_4406949_nw_19_060_20210827 300
m_3507635_sw_18_060_20201018 357
m_4606853_nw_19_060_20210817 300
/work/csr33/images_for_predictions/naip_tiles/m_2908964_nw_16_030_20211130.tif

m_3008232_ne_17_060_20211202 360
m_4007441_nw_18_060_20191014_20191203 320
m_3008561_se_16_060_20191118_20200114 340
m_4406962_ne_19_060_20211006 300
m_2909122_sw_15_060_20190707_20191001 360
m_4307161_se_19_060_20211024 336
m_3009341_se_15_060_20201102 340
m_2909044_nw_15_030_20211130 1365
m_3009302_nw_15_060_20200822 340
m_4606835_sw_19_060_20210817 300
m_3407718_se_18_060_20200904 357
m_3108142_ne_17_060_20191110_20200102 340
m_2708125_ne_17_060_20211202 360
m_3807521_ne_18_060_20211019 320
m_2509706_ne_14_060_20200430 360
m_4506963_nw_19_060_20210816 300
m_3108122_se_17_060_20191110_20200102 340
m_3211611_ne_11_060_20200415 340
m_3009030_nw_15_030_20211115 1365
m_2909435_sw_15_060_20201116 360
m_4307019_ne_19_060_20211007 300
m_2608018_se_17_060_20191207_20200113 360
m_3607601_ne_18_060_20210827 340
m_3407860_se_17_060_20200922 357
/work/csr33/images_for_predictions/naip_tiles/m_3008737_ne_16_030_20211113.tif

m_2809643_se_14_060_20201029 360
m_3008346_sw_17_060_20211116 378
m_2608215_sw_17_060_20211217 380
m_3009564_sw_15_060_20201118 360
m_3009407_ne_15_060_20201030 340
m_3108133_se_17_060_20191110_20200102 340
m_3008619_nw_16_060_20191109_20200114 340
m_3008103_se_17_060_20191110_20200108 340
m_3009434_ne_15_060_20201118 340
m_3311613_nw_11_060_20200416 340
m_3008342_sw_17_060_20191117_20200114 360
m_3907655_ne_18_060_20211101 320
m_2708151_ne_17_060_20191129_20200113 360
m_4506853_se_19_060_20210929 300
m_2708127_ne_17_060_20211202 360
m_3009438_se_15_060_20201104 340
m_2508022_nw_17_060_20191126_20200113 360
m_3008206_se_17_060_20191110_20200108 340
m_2708230_se_17_060_20211130 360
m_4107131_nw_19_060_20210826 320
m_2909545_sw_15_060_20201117 360
m_3211603_se_11_060_20200415 340
m_4107115_sw_19_060_20210826 336
m_3109359_ne_15_060_20201104 340
m_4506755_sw_19_060_20210828 315
m_4207002_nw_19_060_20211024 320
m_4406938_sw_19_060_20210904 300
m_3707541_ne_18_060_20211017 340
m_2909449_sw_15_060_20201116 360
m_3008616_se_16_060_20191109_20200114 340
m_3407831_sw_17_060_20200904 378
m_3707634_nw_18_060_20210827 340
m_3407620_ne_18_060_20201018 340
m_4207138_ne_19_060_20211024 320
m_3208155_nw_17_060_20211202 340
m_4406818_se_19_060_20210723 300
m_2909515_ne_15_060_20201130 360
m_2608015_sw_17_060_20191120_20200113 360
m_4007412_sw_18_060_20190830_20191209 300
m_3607623_nw_18_060_20210913 340
m_3009109_nw_15_030_20211113 1326
m_3907518_ne_18_060_20211019 320
m_2709722_nw_14_060_20200430 360
m_4107135_se_19_060_20210826 336
m_2809747_se_14_060_20201029 360
m_4207350_ne_18_060_20211107 320
m_2908507_nw_16_060_20191118_20200114 360
m_3807536_se_18_060_20210605 320
/work/csr33/images_for_predictions/naip_tiles/m_4107220_se_18_060_20210904.tif

m_2708021_sw_17_060_20191215_20200113 360
m_3307802_sw_17_060_20210508 340
m_2809606_nw_14_060_20200501 360
m_3507616_se_18_060_20200516 340
m_3311642_ne_11_060_20200415 340
m_2709726_nw_14_060_20200501 360
m_3412007_sw_10_060_20200522 340
m_3907451_nw_18_060_20190730_20191209 320
m_2809642_nw_14_060_20201029 360
m_3311737_ne_11_060_20200423 340
m_3208164_ne_17_060_20210507 340
m_3307914_sw_17_060_20210501 340
m_2908127_sw_17_060_20211129 360
m_3807605_sw_18_060_20211020 320
m_3108130_se_17_060_20211203 340
m_3707718_ne_18_060_20210628 340
m_3907535_sw_18_060_20211019 320
m_3208015_sw_17_060_20210426 340
m_4506839_sw_19_060_20210929 300
m_2909441_se_15_060_20201116 360
m_3009215_sw_15_030_20211212 1326
m_3108720_ne_16_030_20211115 1360
m_2708004_nw_17_060_20191215_20200113 360
m_4107239_nw_18_060_20210926 320
m_2909024_ne_15_030_20211115 1365
m_3907521_nw_18_060_20210630 320
m_4207132_sw_19_060_20211024 336
m_4107024_nw_19_060_20210826 320
m_3008102_sw_17_060_20191110_20200108 340
m_3311718_se_11_060_20200424 340
m_2609743_nw_14_060_20201216 360
m_3311736_nw_11_060_20200520 340
m_3108736_sw_16_030_20211115 1400
m_4107309_sw_18_060_20211105 320
m_3311755_sw_11_060_20200520 340
m_3009121_se_15_030_20211114 1326
m_2909405_nw_15_060_20201112 340
m_2909224_sw_15_060_20190905_20191001 360
m_2908321_sw_17_060_20191121_20200114 360
m_4207152_sw_19_060_20211024 336
m_3507740_se_18_060_20201031 357
m_4107320_se_18_060_20211106 336
m_3311763_nw_11_060_20200520 340
m_3307910_sw_17_060_20210508 340
m_2909764_sw_14_060_20201116 360
m_4107220_sw_18_060_20210904 336
m_3311643_se_11_060_20200415 340
m_3907407_sw_18_060_20190809_20191209 320
m_4107111_ne_19_060_20210926 320
m_3208155_ne_17_060_20210507 340
m_2608038_nw_17_060_20191203_20200113 360
m_3607629_sw_18_060_20210913 340
m_2909007_ne_15_060_20190707_20191001 360
m_2708027_ne_17_060_20191215_20200113 360
m_3607541_nw_18_060_20200516 340
/work/csr33/images_for_predictions/naip_tiles/m_3009024_sw_15_030_20211123.tif

m_3009355_nw_15_060_20190905_20191001 360
m_3108657_sw_16_030_20211110 1400
/work/csr33/images_for_predictions/naip_tiles/m_3607606_nw_18_060_20210913.tif

m_3707745_ne_18_060_20210903 340
m_4207010_se_19_060_20211024 336
m_4207146_ne_19_060_20210826 320
m_3008248_nw_17_060_20211202 360
m_3807723_nw_18_060_20210630 340
m_2508053_ne_17_060_20191126_20200114 360
m_2909148_ne_15_060_20190830_20191001 360
m_3211814_nw_11_060_20200504 340
m_3411859_nw_11_060_20200515 340
m_3311806_sw_11_060_20200505 340
m_4406808_ne_19_060_20210815 300
m_3807762_sw_18_060_20210910 357
m_3807522_se_18_060_20210624 320
m_2609762_ne_14_060_20200430 360
m_2909651_sw_14_060_20201031 360
m_2908404_se_16_060_20191129_20200114 360
m_3108137_nw_17_060_20211203 340
m_3009022_nw_15_030_20211201 1365
m_2909419_nw_15_060_20201112 360
m_2909109_nw_15_060_20190706_20191001 360
m_3507629_se_18_060_20201018 340
m_4106909_se_19_060_20210826 320
m_2909044_se_15_030_20211130 1365
m_4406823_ne_19_060_20210920 300
m_3108837_sw_16_030_20211123 1400
m_4506825_nw_19_060_20210816 300
m_2809754_sw_14_060_20200501 360
m_3707618_ne_18_060_20210912 340
m_3907457_ne_18_060_20190730_20191209 320
m_3707705_se_18_060_20210903 357
m_2609728_ne_14_060_20201029 360
m_3311653_nw_11_060_20200415 340
m_4406831_sw_19_060_20210920 300
m_4406710_sw_19_060_20210914 300
m_3008704_ne_16_030_20211115 1400
m_3307936_nw_17_060_20210501 340
m_3008437_ne_16_060_20191129_20200114 360
m_2908234_ne_17_060_20211129 360
m_2909550_se_15_060_20201031 360
m_2909549_se_15_060_20201031 360
m_3008631_nw_16_060_20191109_20200114 340
m_4107462_nw_18_060_20190917_20191209 300
m_3507753_sw_18_060_20200930 357
m_2708238_nw_17_060_20211130 360
m_3208114_se_17_060_20210426 340
m_3307811_se_17_060_20210508 340
m_3009142_nw_15_030_20211113 1326
m_4107108_sw_19_060_20210826 336
m_2708248_sw_17_060_20211202 360
m_3607632_nw_18_060_20210913 340
m_3907636_se_18_060_20210606 320
m_2609727_nw_14_060_20201216 360
m_4307161_ne_19_060_20211024 320
m_4606860_ne_19_060_20210817 300
m_4207059_se_19_060_20210904 336
m_2909543_ne_15_060_20201117 360
m_3208035_nw_17_060_20210426 340
m_4406939_ne_19_060_20211006 300
m_2508045_sw_17_060_20191126_20200113 360
m_2809512_nw_15_060_20201117 360
m_3009248_sw_15_030_20211212 1326
m_4207438_se_18_060_20210920 320
m_3907663_ne_18_060_20211020 320
m_3211628_ne_11_060_20200415 340
m_2708221_nw_17_060_20211130 360
m_3907649_sw_18_060_20210617 320
m_3507746_nw_18_060_20200930 340
m_3307808_ne_17_060_20200904 360
m_3009102_ne_15_030_20211113 1326
m_3807763_ne_18_060_20210630 340
m_4506818_nw_19_060_20210816 300
m_3008740_nw_16_060_20191103_20200114 340
m_2908411_ne_16_060_20191128_20200114 360
m_3412039_ne_10_060_20200522 340
m_3008223_ne_17_060_20191110_20200108 340
m_3907663_sw_18_060_20211020 320
m_2908241_ne_17_060_20211129 360
m_2909051_ne_15_030_20211130 1365
m_2809623_sw_14_060_20201029 360
m_3108240_se_17_060_20191110_20200102 340
m_3211609_sw_11_060_20200425 340
m_3009231_sw_15_030_20211222 1326
m_3412037_nw_10_060_20200607 340
m_4007464_nw_18_060_20190809_20191209 320
m_3507616_nw_18_060_20201001 340
m_2909523_sw_15_060_20201130 360
m_3607606_ne_18_060_20210913 340
m_3607542_se_18_060_20200516 340
m_2909020_ne_15_030_20211130 1365
m_3307950_sw_17_060_20210508 340
m_3907524_ne_18_060_20190726_20191209 300
m_3208051_ne_17_060_20210507 340
m_2909529_sw_15_060_20201117 360
m_3108959_se_16_030_20211115 1435
m_3707721_nw_18_060_20210910 340
/work/csr33/images_for_predictions/naip_tiles/m_3407835_nw_17_060_20200603.tif

m_4107456_se_18_060_20211105 320
m_2908313_ne_17_060_20211130 360
m_3009031_se_15_030_20211123 1365
m_2708127_sw_17_060_20211202 360
m_2808203_sw_17_060_20211129 360
m_2908131_sw_17_060_20211130 360
m_2708128_nw_17_060_20211202 360
m_4506962_ne_19_060_20210816 300
m_3411955_sw_11_060_20200524 340
m_3211605_sw_11_060_20200415 340
m_4207050_se_19_060_20210904 336
m_2909510_se_15_060_20201030 360
m_3208007_se_17_060_20210426 340
m_3407717_se_18_060_20200904 357
m_4107312_ne_18_060_20211106 320
m_3008828_se_16_030_20211119 1400
m_3108735_sw_16_030_20211115 1400
m_2909302_se_15_060_20190726_20191001 360
m_3009135_nw_15_030_20211113 1326
/work/csr33/images_for_predictions/naip_tiles/m_3009128_ne_15_030_20211114.tif

m_3208002_ne_17_060_20210426 340
m_3009139_ne_15_030_20211114 1326
m_3507634_sw_18_060_20201031 357
m_2708012_ne_17_060_20191215_20200113 360
m_4207447_se_18_060_20210920 320
m_3307937_se_17_060_20210501 340
m_3008541_se_16_060_20191109_20200114 340
m_4007452_sw_18_060_20190730_20191209 300
m_4107330_se_18_060_20211103 336
m_2508007_se_17_060_20191120_20200113 360
m_3008443_ne_16_060_20191128_20200114 360
m_3311655_nw_11_060_20200415 340
m_2808034_sw_17_060_20191202_20200113 360
m_3807642_nw_18_060_20210617 320
/work/csr33/images_for_predictions/naip_tiles/m_3009025_sw_15_030_20211119.tif

m_4406706_ne_19_060_20210711 300
m_4107217_sw_18_060_20211106 336
m_4406805_se_19_060_20210914 300
m_4307017_ne_19_060_20211007 300
m_3009006_sw_15_030_20211201 1365
m_2909138_ne_15_060_20190831_20191001 360
m_3008326_sw_17_060_20191113_20200114 360
m_3208006_nw_17_060_20210426 340
m_4307044_se_19_060_20211007 315
m_2809608_ne_14_060_20201029 360
m_2808236_nw_17_060_20211130 360
m_3807720_se_18_060_20210903 357
m_4107127_se_19_060_20210926 336
m_4107312_se_18_060_20211106 336
m_3907444_ne_18_060_20190730_20191209 320
m_3607764_nw_18_060_20200922 340
m_2708239_sw_17_060_20211130 360
m_3211715_se_11_060_20200520 340
m_2908324_nw_17_060_20211117 360
m_4007323_ne_18_060_20211106 320
m_4107158_nw_19_060_20210926 320
m_4207312_se_18_060_20211107 336
m_3008513_nw_16_060_20191118_20200114 340
m_2809506_ne_15_060_20201029 360
m_3907427_ne_18_060_20190730_20191209 320
m_3108232_nw_17_060_20191110_20200102 340
m_2708221_ne_17_060_20211130 360
m_3407858_ne_17_060_20210508 340
m_3407861_ne_17_060_20200922 340
m_3907506_sw_18_060_20191019_20191203 320
m_4406703_nw_19_060_20210907 300
m_2608010_nw_17_060_20191130_20200113 360
m_4307025_se_19_060_20211007 336
m_3507526_nw_18_060_20201018 340
m_3507759_ne_18_060_20200930 340
m_2908104_nw_17_060_20211129 360
m_2809749_se_14_060_20201116 360
m_4307010_se_19_060_20211007 315
m_2809650_ne_14_060_20201029 360
m_2608112_se_17_060_20191129_20200113 360
m_3311824_nw_11_060_20200505 340
m_3507760_nw_18_060_20200930 340
m_4107103_se_19_060_20210926 336
m_4406721_nw_19_060_20210711 300
m_3108846_ne_16_030_20211123 1400
m_2809606_sw_14_060_20200501 360
m_2909318_nw_15_060_20201102 340
m_2909542_ne_15_060_20201117 360
/work/csr33/images_for_predictions/naip_tiles/m_3008717_nw_16_030_20211119.tif

m_3412020_se_10_060_20200607 340
m_3907522_se_18_060_20190726_20191209 320
m_3308059_ne_17_060_20210501 340
m_3412006_nw_10_060_20200607 340
m_3907435_nw_18_060_20190730_20191209 320
m_4406956_ne_19_060_20211006 300
m_4107440_sw_18_060_20211105 320
m_4406733_ne_19_060_20210914 300
m_4506737_sw_19_060_20210723 315
m_3707611_ne_18_060_20210912 340
m_3108160_se_17_060_20211203 340
m_3009103_se_15_030_20211120 1326
m_4007331_nw_18_060_20211103 320
m_3009132_se_15_030_20211119 1326
m_3211723_sw_11_060_20200520 340
m_4207136_se_19_060_20210826 336
m_4107353_se_18_060_20211106 336
m_3311836_nw_11_060_20200504 340
m_2909038_ne_15_060_20190707_20191001 360
m_3008464_nw_16_060_20191129_20200114 360
m_3407953_ne_17_060_20210508 340
m_3607735_nw_18_060_20200922 340
m_3009129_nw_15_030_20211114 1326
m_2909101_ne_15_060_20190706_20191001 360
m_2508035_se_17_060_20211203 360
m_2909021_se_15_030_20211130 1365
m_2909031_nw_15_030_20211123 1365
m_3009450_ne_15_060_20201118 340
m_4307057_nw_19_060_20211024 320
m_4107124_sw_19_060_20210826 336
m_3907423_nw_18_060_20190809_20191209 320
m_2909055_nw_15_030_20211202 1365
m_3907538_nw_18_060_20190726_20191209 320
m_4207108_sw_19_060_20211024 336
m_3311701_sw_11_060_20200505 340
m_2609750_nw_14_060_20201001 360
m_4407040_se_19_060_20210827 300
m_2609712_sw_14_060_20201216 360
m_3008536_ne_16_060_20191118_20200114 340
m_3807558_se_18_060_20210618 320
m_4307155_sw_19_060_20211024 336
m_3607764_ne_18_060_20200922 340
m_3108231_ne_17_060_20191110_20200102 340
m_4406955_se_19_060_20211006 300
m_3009027_ne_15_030_20211120 1365
m_2908209_se_17_060_20211129 378
m_4207017_ne_19_060_20211024 320
m_3907526_sw_18_060_20210606 320
m_2908945_sw_16_030_20211130 1365
m_3008904_nw_16_030_20211115 1440
m_3807531_se_18_060_20210624 320
m_4207311_nw_18_060_20211107 320
m_3008705_ne_16_030_20211115 1400
m_2708149_se_17_060_20211204 360
m_3407848_nw_17_060_20200904 360
m_3407719_se_18_060_20200930 357
m_3008543_ne_16_060_20191118_20200114 340
m_4407058_nw_19_060_20211008 320
m_2708231_nw_17_060_20211130 360
m_4107223_sw_18_060_20210926 336
m_4007531_ne_18_060_20191019_20191203 320
m_2608039_sw_17_060_20191120_20200113 360
m_2608118_ne_17_060_20211223 360
m_3008446_nw_16_060_20191129_20200114 360
m_4107126_se_19_060_20210926 336
m_4606853_ne_19_060_20210817 300
m_3507641_se_18_060_20201018 357
m_2808036_se_17_060_20191130_20200113 360
m_2909017_ne_15_060_20190707_20191001 360
m_3008545_nw_16_060_20191118_20200114 340
m_4007538_ne_18_060_20191024_20191203 320
m_3008553_se_16_060_20191118_20200114 340
m_4406830_nw_19_060_20210919 300
m_3507552_nw_18_060_20201018 340
m_3411957_se_11_060_20200607 340
m_3311644_nw_11_060_20200525 340
m_2909507_sw_15_060_20201130 360
m_4406714_sw_19_060_20210711 315
m_2908121_sw_17_060_20211130 360
m_2708228_nw_17_060_20211130 360
m_3807542_se_18_060_20210618 320
m_2908514_ne_16_060_20191118_20200114 360
m_2908904_sw_16_030_20211129 1365
m_4107040_se_19_060_20210826 320
m_4207424_se_18_060_20210920 320
m_4106909_sw_19_060_20210826 320
m_2909650_se_14_060_20201031 360
m_4207119_ne_19_060_20211105 320
m_3907425_ne_18_060_20190830_20191209 320
m_3412016_ne_10_060_20200522 340
m_2708125_sw_17_060_20211202 360
m_3008459_se_16_060_20191128_20200114 360
m_3009128_se_15_030_20211114 1326
m_3807723_sw_18_060_20210630 357
m_3607738_ne_18_060_20200922 340
m_3707746_se_18_060_20210903 357
m_4406847_nw_19_060_20210920 300
m_4107018_ne_19_060_20210904 320
m_3907421_nw_18_060_20190730_20191209 320
m_3807512_ne_18_060_20210624 320
m_3307949_sw_17_060_20210508 340
m_2708061_se_17_060_20191215_20200113 360
m_3507728_nw_18_060_20200930 340
m_2709760_ne_14_060_20200430 360
m_2909018_ne_15_060_20190707_20191001 360
m_3907515_ne_18_060_20190726_20191209 300
m_2609735_se_14_060_20201216 360
m_4207018_nw_19_060_20211024 320
m_3607650_sw_18_060_20200922 357
m_3507715_ne_18_060_20200922 340
m_2909217_nw_15_060_20190905_20191001 360
m_2908225_ne_17_060_20211129 360
m_3311814_ne_11_060_20200505 340
m_2709715_sw_14_060_20200430 360
m_2608207_ne_17_060_20211217 360
m_3211618_ne_11_060_20200425 340
m_2908114_ne_17_060_20211130 360
m_3507628_se_18_060_20201018 340
m_4107108_nw_19_060_20210826 320
m_3307933_se_17_060_20210508 340
m_4007451_ne_18_060_20190730_20191209 300
m_3412027_se_10_1_20140926_20150115 132
m_3407705_nw_18_060_20200930 340
m_3907636_sw_18_060_20210617 320
m_2709707_nw_14_060_20200430 360
m_3407839_sw_17_060_20201102 378
m_3208001_nw_17_060_20210426 340
m_2708157_se_17_060_20211204 360
m_3807731_nw_18_060_20210617 320
m_2709720_sw_14_060_20200430 360
m_2909411_nw_15_060_20201112 360
m_3807736_ne_18_060_20210903 340
m_4107462_se_18_060_20190830_20191209 300
m_4007322_sw_18_060_20211103 336
m_2909550_sw_15_060_20201031 360
m_2909412_nw_15_060_20201112 360
m_3208005_ne_17_060_20210426 340
m_3707636_sw_18_060_20210926 357
m_3008936_ne_16_030_20211114 1400
m_3008813_nw_16_030_20211112 1400
m_2708003_nw_17_060_20191215_20200113 360
m_3008821_se_16_030_20211119 1400
m_3907549_se_18_060_20210606 320
m_2908120_sw_17_060_20211129 360
m_2909140_se_15_060_20190831_20191001 378
m_4506818_ne_19_060_20210816 300
m_3807554_nw_18_060_20210605 320
m_3307959_ne_17_060_20210501 340
m_2909511_ne_15_060_20201030 360
m_2608012_ne_17_060_20191207_20200113 360
m_3108859_sw_16_030_20211123 1440
m_4007303_ne_18_060_20211106 320
m_2708208_se_17_060_20211202 360
m_3707527_ne_18_060_20211017 320
m_4007435_se_18_060_20190917_20191209 300
m_3211708_nw_11_060_20200428 340
m_4406809_sw_19_060_20211006 300
m_2909429_nw_15_060_20201116 360
m_3008360_sw_17_060_20191121_20200114 360
m_4506733_sw_19_060_20210815 300
m_3607731_ne_18_060_20210827 340
m_3607629_ne_18_060_20210913 340
m_3907549_nw_18_060_20210606 320
m_3008443_se_16_060_20191128_20200114 360
m_2908208_se_17_060_20211202 360
m_3507729_sw_18_060_20200930 357
m_2609722_se_14_060_20200430 360
m_3211611_se_11_060_20200415 340
m_3311652_se_11_060_20200415 340
m_3707610_nw_18_060_20210912 340
m_3108157_se_17_060_20191110_20200102 340
m_3512062_nw_10_060_20200607 340
m_3208057_nw_17_060_20210507 340
m_2708060_sw_17_060_20191215_20200113 360
m_3008839_se_16_030_20211113 1400
m_2909557_se_15_060_20201029 360
m_3008136_nw_17_060_20211129 360
m_2609709_nw_14_060_20200503 360
m_4306918_nw_19_060_20211006 300
m_3311815_se_11_060_20200505 340
m_3311709_sw_11_060_20200505 340
m_4207350_sw_18_060_20210920 320
m_3707619_sw_18_060_20210912 357
m_2909508_sw_15_060_20201118 360
m_3807627_se_18_060_20210617 320
m_3707703_nw_18_060_20210623 340
m_3008932_ne_16_030_20211119 1400
m_3607646_ne_18_060_20201001 340
m_3009129_ne_15_030_20211114 1326
m_3008563_sw_16_060_20191118_20200114 360
m_3208003_ne_17_060_20210426 340
m_2908139_nw_17_060_20211130 360
m_3807721_nw_18_060_20210903 340
m_3108264_nw_17_060_20191110_20200102 340
m_3707621_ne_18_060_20210914 340
m_3208057_sw_17_060_20210507 340
m_3707504_ne_18_060_20210605 320
/work/csr33/images_for_predictions/naip_tiles/m_4307164_nw_19_060_20211024.tif

m_3208121_ne_17_060_20210426 340
m_3407614_sw_18_060_20201018 340
m_4406609_nw_19_060_20210711 300
m_2909406_ne_15_060_20201112 340
m_4506831_sw_19_060_20210921 300
m_4506842_se_19_060_20210816 300
m_3008101_ne_17_060_20191110_20200108 340
/work/csr33/images_for_predictions/naip_tiles/m_4406908_nw_19_060_20211006.tif

m_2708117_se_17_060_20211202 360
m_4406812_sw_19_060_20210914 300
m_3411849_sw_11_060_20200522 340
m_3009457_sw_15_060_20201112 360
m_3507642_sw_18_060_20201018 357
m_3907517_se_18_060_20210606 320
m_3009159_ne_15_030_20211114 1326
m_3207917_se_17_060_20210426 340
m_3208041_nw_17_060_20210507 340
m_2508030_sw_17_060_20191126_20200113 360
m_3207909_nw_17_060_20210426 340
m_3407720_se_18_060_20200930 357
m_2909114_sw_15_060_20190707_20191001 360
m_3009313_sw_15_060_20190904_20191001 360
m_2708136_nw_17_060_20191129_20200113 360
m_2809637_ne_14_060_20200501 360
m_2909201_nw_15_060_20190706_20191001 360
m_4506735_sw_19_060_20210815 300
m_3307909_se_17_060_20210508 340
m_3208147_se_17_060_20210507 340
m_3008520_nw_16_060_20191118_20200114 340
m_2909420_sw_15_060_20201112 360
m_4307017_sw_19_060_20211007 336
m_2808264_sw_17_060_20211202 360
m_2809510_sw_15_060_20201029 360
m_4407064_se_19_060_20210827 300
m_2708240_se_17_060_20211202 360
m_3907557_ne_18_060_20210606 320
m_3407947_se_17_060_20210508 340
m_3008101_se_17_060_20191110_20200108 340
m_3307810_sw_17_060_20210508 340
m_3211723_ne_11_060_20200520 340
m_2508049_se_17_060_20211203 360
m_2609720_sw_14_060_20201209 360
m_2909003_nw_15_060_20190707_20191001 360
m_2708240_sw_17_060_20211202 360
m_3108751_se_16_030_20211115 1400
m_4506728_nw_19_060_20210723 300
m_2908504_ne_16_060_20191128_20200114 340
m_3507533_nw_18_060_20201001 340
m_3707535_nw_18_060_20211017 340
m_4107112_ne_19_060_20210826 320
m_3009353_se_15_030_20211122 1326
m_3009334_sw_15_060_20201031 340
m_3907541_se_18_060_20210606 320
m_3311727_nw_11_060_20200424 340
m_3407722_nw_18_060_20201031 360
m_4007308_nw_18_060_20211106 320
m_2808250_se_17_1_20171103_20180201 132
m_2808042_se_17_060_20191202_20200113 360
m_3407712_sw_18_060_20200930 378
m_2909122_nw_15_060_20190707_20191001 360
m_4406940_se_19_060_20211006 300
m_2708159_nw_17_060_20191129_20200113 360
m_2909545_nw_15_060_20201117 360
m_4107337_ne_18_060_20211106 320
m_3211610_se_11_060_20200425 340
m_2909001_nw_15_060_20190707_20191001 360
m_4207344_ne_18_060_20211107 320
m_3009442_nw_15_060_20201112 340
m_4406957_se_19_060_20210827 300
m_2909123_nw_15_060_20190707_20191001 360
m_3707602_sw_18_060_20210912 357
m_3108709_sw_16_030_20211115 1400
m_4506847_nw_19_060_20210929 300
m_3008530_nw_16_060_20191118_20200114 340
m_3807654_sw_18_060_20211020 320
m_4007461_nw_18_060_20190730_20191209 320
m_2909212_nw_15_060_20190706_20191001 360
m_3208006_se_17_060_20210426 340
m_2608004_se_17_060_20191203_20200113 360
m_3707736_ne_18_060_20210910 340
/work/csr33/images_for_predictions/naip_tiles/m_3008830_sw_16_030_20211119.tif

m_3008462_ne_16_060_20191129_20200114 360
m_2809512_ne_15_060_20201117 360
m_2908226_nw_17_060_20211129 360
m_4107360_nw_18_060_20211106 320
m_3707744_se_18_060_20210910 357
m_2608047_sw_17_060_20191120_20200113 360
m_3507652_sw_18_060_20201018 340
m_3008807_nw_16_030_20211123 1400
m_3208041_ne_17_060_20210507 340
m_4107245_sw_18_060_20210904 336
m_3009309_ne_15_060_20201006 340
m_2708238_sw_17_060_20211130 360
m_3507557_nw_18_060_20201018 340
m_3009029_ne_15_030_20211115 1365
m_2809759_nw_14_060_20201115 360
/work/csr33/images_for_predictions/naip_tiles/m_3009044_sw_15_030_20211120.tif

m_3108105_se_17_060_20191110_20200102 340
m_4007312_sw_18_060_20211106 320
m_3507614_sw_18_060_20200922 340
m_3311720_nw_11_060_20200423 340
m_3009416_ne_15_060_20201014 340
m_4207156_se_19_060_20210826 336
m_3407823_sw_17_060_20201102 378
m_3807736_sw_18_060_20210903 357
m_3308040_sw_17_060_20210501 340
m_3707710_ne_18_060_20210628 340
m_2809628_ne_14_060_20200501 360
m_4406828_ne_19_060_20210914 300
m_4407051_se_19_060_20211007 315
m_2508028_se_17_060_20211203 360
m_3008552_ne_16_060_20191128_20200114 340
m_3807511_sw_18_060_20210623 320
m_4307049_nw_19_060_20211024 320
m_4207002_ne_19_060_20211024 320
m_3307931_se_17_060_20210501 340
m_4606850_se_19_060_20210817 300
m_3807543_sw_18_060_20210605 320
m_3807640_nw_18_060_20210623 320
m_3707638_ne_18_060_20210926 340
m_4107056_ne_19_060_20210826 320
m_3407952_se_17_060_20210508 340
m_4306910_sw_19_060_20211006 300
m_2909764_ne_14_060_20201029 360
m_3412024_se_10_060_20200522 340
m_2909214_sw_15_060_20190706_20191001 360
m_3311663_se_11_060_20200420 340
m_3008731_ne_16_060_20191103_20200114 340
/work/csr33/images_for_predictions/naip_tiles/m_3008712_nw_16_030_20211112.tif

m_2708248_nw_17_060_20211202 360
m_3308058_se_17_060_20210421 340
m_3907534_nw_18_060_20210606 320
m_3907412_nw_18_060_20190730_20191209 320
m_2809658_ne_14_060_20201029 360
m_4007437_nw_18_060_20190830_20191209 300
m_3907638_ne_18_060_20211101 320
m_2808204_nw_17_060_20211130 360
m_3907659_nw_18_060_20210617 320
m_4207312_sw_18_060_20211107 336
m_4207108_ne_19_060_20211024 320
m_3008357_nw_17_060_20191117_20200114 360
m_2909050_ne_15_060_20190830_20191001 360
m_2608101_ne_17_060_20211223 360
m_2908259_nw_17_060_20211129 360
m_2908911_ne_16_030_20211129 1365
m_4007454_sw_18_060_20190730_20191209 320
m_4007450_nw_18_060_20191014_20191203 320
m_2809739_sw_14_060_20200501 360
m_2809632_ne_14_060_20201029 360
m_3008716_nw_16_060_20191103_20200114 340
m_4106941_nw_19_060_20210826 320
m_3412038_ne_10_060_20200522 340
m_3009343_se_15_060_20190901_20191001 360
m_4107228_sw_18_060_20211001 336
m_3311611_se_11_060_20200615 340
m_2909147_se_15_060_20190830_20191001 360
m_3311860_se_11_060_20200504 340
m_2609762_se_14_060_20200430 360
m_2709727_sw_14_060_20200501 360
m_3108142_se_17_060_20191110_20200102 340
m_4207352_nw_18_060_20211107 320
m_3311635_se_11_060_20200415 340
m_3009316_sw_15_060_20190904_20191001 360
m_3108658_sw_16_030_20211112 1400
m_2709715_nw_14_060_20200430 360
m_3008456_se_16_060_20191205_20200114 360
m_3208001_ne_17_060_20210426 340
m_4107329_se_18_060_20211106 336
m_3407717_sw_18_060_20200904 378
m_4506758_sw_19_060_20210815 300
m_2808212_sw_17_060_20211130 360
m_3008451_ne_16_060_20191128_20200114 360
m_2909309_se_15_060_20201102 340
m_3008726_ne_16_030_20211119 1400
m_4307132_se_19_060_20211024 336
m_3008361_se_17_060_20211130 378
m_4307023_ne_19_060_20211007 300
m_3507658_ne_18_060_20201031 340
m_3907561_sw_18_060_20211019 320
m_3208108_ne_17_060_20210426 340
m_3009449_se_15_060_20201112 360
m_2909415_sw_15_060_20201112 340
m_4207453_sw_18_060_20211110 320
m_4207358_se_18_060_20211105 320
m_2909003_sw_15_060_20190707_20191001 378
m_3807632_sw_18_060_20210623 320
m_3208161_se_17_060_20191109_20200102 340
m_4007448_ne_18_060_20190809_20191209 320
m_2909037_se_15_030_20211130 1365
/work/csr33/images_for_predictions/naip_tiles/m_3009258_se_15_030_20211221.tif

m_3907406_ne_18_060_20190920_20191209 320
m_2809615_ne_14_060_20201029 360
m_2909112_se_15_060_20190706_20191001 360
m_4207439_nw_18_060_20210920 320
m_3507612_se_18_060_20201001 340
m_2708237_nw_17_060_20211130 360
m_4207051_se_19_060_20210904 336
m_3507739_se_18_060_20201031 357
m_4506839_se_19_060_20210929 300
m_3009359_nw_15_060_20201031 340
m_2909011_nw_15_060_20190707_20191001 360
m_3008944_ne_16_030_20211114 1400
m_4107201_sw_18_060_20211106 336
m_2909551_se_15_060_20201117 360
m_3009140_ne_15_030_20211119 1326
m_3707645_se_18_060_20210926 340
m_2708160_se_17_060_20191129_20200113 360
m_4107138_nw_19_060_20210826 320
m_2908925_se_16_030_20211202 1365
m_3407741_nw_18_060_20200904 360
m_3009147_ne_15_030_20211114 1326
m_2709715_se_14_060_20200430 360
m_3707503_nw_18_060_20210605 320
m_3009041_sw_15_030_20211119 1365
m_4107036_sw_19_060_20210904 336
m_2708021_nw_17_060_20191215_20200113 360
m_4107201_ne_18_060_20211105 320
m_3009363_nw_15_060_20190905_20191001 360
m_3008921_se_16_030_20211119 1435
m_2809641_se_14_060_20201116 360
m_3009033_sw_15_030_20211119 1365
m_3807716_se_18_060_20210617 320
m_3907547_sw_18_060_20190726_20191209 320
m_2909204_se_15_060_20190706_20191001 360
m_3707755_nw_18_060_20210827 340
m_3607639_nw_18_060_20201001 340
m_2609738_se_14_060_20200430 360
m_2909528_ne_15_060_20201117 360
m_3108838_se_16_030_20211123 1400
m_2909531_ne_15_060_20201116 360
m_3008240_se_17_060_20211129 360
m_3208020_se_17_060_20210426 340
m_2909120_nw_15_060_20190706_20191001 360
m_2909429_se_15_060_20201116 360
m_2708144_ne_17_060_20191129_20200113 360
m_3411841_nw_11_060_20200521 340
m_4007539_ne_18_060_20191021_20191203 320
m_3507748_se_18_060_20201031 357
m_2508124_se_17_060_20211203 360
m_4107341_sw_18_060_20211105 320
m_3311728_sw_11_060_20200423 340
m_3907662_sw_18_060_20211020 320
m_3407945_sw_17_060_20210508 340
m_4107017_sw_19_060_20210826 336
m_3407713_se_18_060_20200930 357
m_4107430_se_18_060_20191005_20191209 300
m_3407850_nw_17_060_20200603 360
m_3607645_ne_18_060_20201001 340
m_3807511_ne_18_060_20210623 320
m_3907522_ne_18_060_20190726_20191209 320
m_3008925_nw_16_030_20211115 1365
m_3008609_se_16_060_20191103_20200114 340
m_2708215_se_17_060_20211130 360
m_3411960_sw_11_060_20200607 340
m_3307930_se_17_060_20210501 340
m_2909054_se_15_030_20211123 1365
m_3807714_ne_18_060_20210910 340
m_3008918_nw_16_030_20211116 1365
m_3008816_ne_16_030_20211112 1400
m_2909030_se_15_060_20190707_20191001 378
m_4207154_ne_19_060_20210826 320
/work/csr33/images_for_predictions/naip_tiles/m_3008215_sw_17_060_20191110_20200108.tif

m_2909504_ne_15_060_20201118 360
m_4107248_nw_18_060_20210926 320
m_2909415_ne_15_060_20201102 340
m_3108111_sw_17_060_20191110_20200102 340
m_4306905_sw_19_060_20211006 300
m_4007456_sw_18_060_20190809_20191209 320
m_2708222_se_17_060_20211130 360
m_3208129_ne_17_060_20210426 340
m_3907656_ne_18_060_20211020 320
m_3108733_ne_16_030_20211115 1400
m_3211708_se_11_060_20200428 340
m_3009122_se_15_030_20211116 1326
m_4207432_sw_18_060_20210920 320
m_3607653_sw_18_060_20200922 340
m_2609747_nw_14_060_20201029 360
m_4207027_nw_19_060_20210904 320
m_3108136_sw_17_060_20211203 340
m_3211716_se_11_060_20200428 340
m_4107002_ne_19_060_20210904 320
m_2909306_nw_15_060_20190706_20191001 360
m_3008456_sw_16_060_20191129_20200114 360
m_3307942_nw_17_060_20210508 340
m_3307932_sw_17_060_20210501 340
m_3407855_se_17_060_20200603 357
m_3707724_ne_18_060_20210827 340
m_4307004_se_19_060_20211007 315
m_4107107_se_19_060_20210826 336
m_2909040_sw_15_030_20211115 1365
m_3208019_ne_17_060_20210426 340
m_3009318_ne_15_060_20201031 340
m_4207311_sw_18_060_20211107 320
m_3607635_se_18_060_20200516 357
m_3907551_nw_18_060_20210629 320
m_3507612_sw_18_060_20201001 357
m_3407731_nw_18_060_20201031 360
m_3008710_ne_16_030_20211112 1400
m_3108822_ne_16_030_20211123 1400
m_3008807_sw_16_030_20211112 1400
m_3507748_ne_18_060_20201031 340
m_3907661_se_18_060_20210606 320
m_2708216_nw_17_060_20211202 360
m_3008142_nw_17_060_20211129 360
/work/csr33/images_for_predictions/naip_tiles/m_2909039_nw_15_030_20211123.tif

m_3807707_se_18_060_20210630 336
m_3707730_se_18_060_20210903 357
m_2609736_ne_14_060_20201029 360
m_2808253_ne_17_060_20211130 360
m_2508007_nw_17_060_20191120_20200113 360
m_2608044_se_17_060_20191203_20200113 360
m_3009027_se_15_030_20211120 1365
m_3009341_nw_15_060_20201102 340
m_2609750_se_14_060_20201029 360
m_3108138_sw_17_060_20211203 340
m_4406816_nw_19_060_20210901 300
m_3008704_se_16_060_20191103_20200114 340
m_2908234_nw_17_060_20211129 360
m_4107127_nw_19_060_20210926 320
m_3008952_nw_16_030_20211115 1365
m_4406722_nw_19_060_20210711 300
m_3407826_sw_17_060_20200603 378
m_3607558_ne_18_060_20200516 340
m_3807739_nw_18_060_20210617 320
m_4107338_ne_18_060_20211103 320
m_3807519_nw_18_060_20210623 320
m_3707609_ne_18_060_20210827 340
m_2909556_ne_15_060_20201116 360
m_3008631_ne_16_060_20191109_20200114 340
m_3407863_se_17_060_20200603 357
m_3008449_nw_16_060_20191120_20200114 360
m_3307933_ne_17_060_20210508 340
m_3707731_ne_18_060_20210912 340
m_3008713_se_16_060_20191103_20200114 340
m_3108862_se_16_030_20211123 1400
m_3009553_sw_15_060_20201031 360
m_3008360_nw_17_060_20191121_20200114 360
m_3008812_ne_16_030_20211112 1400
m_3507745_sw_18_060_20200930 357
m_4107231_ne_18_060_20210926 320
m_3907435_sw_18_060_20190730_20191209 320
m_4406950_ne_19_060_20210827 300
m_3507525_se_18_060_20201018 340
m_3907641_ne_18_060_20210616 320
m_3008804_ne_16_030_20211123 1400
m_4307007_nw_19_060_20211007 300
m_3008556_sw_16_060_20191128_20200114 360
m_2909435_ne_15_060_20201116 360
m_2909657_nw_14_060_20201116 360
m_3411937_se_11_060_20200521 340
m_4107429_ne_18_060_20211106 320
m_4107116_sw_19_060_20210826 336
m_3707727_ne_18_060_20210910 340
m_3008845_nw_16_030_20211114 1440
m_2909050_sw_15_060_20190830_20191001 378
m_3607738_sw_18_060_20200922 357
m_3707747_sw_18_060_20210912 357
m_3108141_sw_17_060_20191110_20200106 340
m_3009143_sw_15_030_20211113 1326
m_4007451_se_18_060_20190730_20191209 300
m_2909218_se_15_060_20190905_20191001 360
m_3009464_se_15_060_20201102 340
m_4406847_sw_19_060_20210920 300
m_2808205_nw_17_060_20211130 360
m_4007213_nw_18_060_20210904 320
m_3308164_ne_17_060_20210421 340
m_4107157_sw_19_060_20210926 336
m_2809748_sw_14_060_20201029 360
m_2708046_ne_17_060_20191215_20200113 360
m_2909559_ne_15_060_20201117 360
m_3407821_se_17_060_20200603 357
m_3807715_nw_18_060_20210630 340
m_3807549_ne_18_060_20210618 320
m_3907631_sw_18_060_20211101 320
m_3211724_nw_11_060_20200520 340
m_3008709_nw_16_030_20211112 1400
m_3807714_sw_18_060_20210910 357
m_3507614_se_18_060_20200922 340
m_3512061_se_10_060_20200607 340
m_3008942_nw_16_030_20211116 1365
m_3507630_sw_18_060_20201018 340
m_2908917_sw_16_030_20211130 1365
m_3008804_sw_16_030_20211112 1440
m_2609760_nw_14_060_20201209 360
m_3008932_sw_16_030_20211119 1476
m_2909559_nw_15_060_20201117 360
m_3108855_ne_16_030_20211120 1400
m_2909308_nw_15_060_20190706_20191001 360
m_2909038_se_15_060_20190707_20191001 378
m_4307139_nw_19_060_20211024 320
m_3412012_se_10_1_20140926_20150115 132
m_3607654_sw_18_060_20200922 340
m_2909047_ne_15_030_20211123 1365
m_2708045_se_17_060_20191215_20200113 360
m_2608144_ne_17_060_20191123_20200113 360
m_3807539_sw_18_060_20210605 320
m_3907550_se_18_060_20210629 320
m_4207357_se_18_060_20210920 320
m_3009341_sw_15_060_20201102 340
m_3009462_ne_15_060_20201112 340
m_3407809_ne_17_060_20200603 340
/work/csr33/images_for_predictions/naip_tiles/m_3008929_se_16_030_20211119.tif

m_4307002_se_19_060_20211007 315
m_3008714_se_16_060_20191103_20200114 340
m_4606858_se_19_060_20210817 300
m_2909035_ne_15_030_20211130 1365
m_2908401_ne_16_060_20191128_20200114 360
m_3807555_ne_18_060_20210605 320
m_3307905_ne_17_060_20210508 340
m_2909548_sw_15_060_20201116 360
m_4406713_se_19_060_20210711 315
m_3009043_nw_15_030_20211120 1365
m_4107453_nw_18_060_20211106 320
m_2708037_sw_17_060_20191215_20200113 360
m_4107311_ne_18_060_20211106 320
m_4406724_nw_19_060_20210711 300
m_3907512_nw_18_060_20211019 320
m_4007459_se_18_060_20190730_20191209 300
m_3108962_sw_16_030_20211114 1476
m_3008612_sw_16_060_20191109_20200114 340
m_4107430_sw_18_060_20211106 320
m_3009004_ne_15_030_20211120 1400
m_3607723_se_18_060_20210827 357
m_3507627_sw_18_060_20201018 357
m_3208010_nw_17_060_20210426 340
m_3907639_sw_18_060_20180826_20190212 320
m_2909156_ne_15_060_20190830_20191001 360
m_4207445_ne_18_060_20211110 300
m_3707606_nw_18_060_20210926 340
m_3507626_se_18_060_20201018 357
m_3507607_ne_18_060_20200922 340
m_3211731_se_11_060_20200520 340
m_3108117_sw_17_060_20191110_20200102 340
m_3009005_se_15_030_20211115 1365
m_2908409_sw_16_060_20191128_20200114 360
m_3108150_sw_17_060_20191110_20200102 340
m_3207909_ne_17_060_20210426 340
m_3311808_nw_11_060_20200505 340
m_3407612_se_18_060_20201018 340
m_2708248_se_17_060_20211202 360
m_2909147_sw_15_060_20190830_20191001 360
m_2709713_ne_14_060_20200430 360
m_3411929_sw_11_060_20200521 340
m_3607619_nw_18_060_20210912 340
m_3907640_nw_18_060_20180930_20190212 320
m_3407832_se_17_060_20200904 357
m_3009039_ne_15_030_20211123 1365
m_4107124_ne_19_060_20210826 320
m_3407956_sw_17_060_20210513 340
m_3009407_nw_15_060_20201030 340
m_3009120_nw_15_030_20211114 1326
m_4107136_ne_19_060_20210826 320
m_3807731_se_18_060_20210617 320
m_4107415_sw_18_060_20211106 320
m_4506810_sw_19_060_20210816 300
/work/csr33/images_for_predictions/naip_tiles/m_3008832_nw_16_030_20211119.tif

m_3008231_nw_17_060_20211202 360
m_3907449_ne_18_060_20190730_20191209 320
m_2809620_nw_14_060_20201029 360
m_3108106_sw_17_060_20191110_20200102 340
m_3307916_nw_17_060_20210501 340
m_3208163_se_17_060_20211202 340
m_4207120_ne_19_060_20211024 320
m_3507504_nw_18_060_20200516 340
m_4506758_nw_19_060_20210815 300
m_3411849_se_11_060_20200522 340
m_3208030_sw_17_060_20210426 340
m_4207154_se_19_060_20210826 336
m_3307943_nw_17_060_20210501 340
m_2908252_se_17_060_20211129 360
m_2708253_se_17_060_20211130 360
m_2908111_nw_17_060_20211129 360
m_3407858_se_17_060_20210508 340
m_4007212_nw_18_060_20210904 320
m_2908917_ne_16_030_20211129 1365
m_2608002_ne_17_060_20191129_20200113 360
m_3211612_ne_11_060_20200415 340
m_3009552_se_15_060_20201031 360
m_2908258_ne_17_060_20211129 360
m_3907421_ne_18_060_20190730_20191209 320
m_4107358_nw_18_060_20211105 320
m_2708212_nw_17_060_20211130 360
m_3607748_se_18_060_20200922 357
/work/csr33/images_for_predictions/naip_tiles/m_3008214_nw_17_060_20191110_20200108.tif

m_3108734_se_16_030_20211115 1400
m_2909524_nw_15_060_20201118 360
m_4307043_sw_19_060_20211007 336
m_3311601_se_11_060_20200422 340
m_3307944_nw_17_060_20210501 340
/work/csr33/images_for_predictions/naip_tiles/m_3009025_se_15_030_20211119.tif

m_3009337_sw_15_060_20190901_20191001 360
m_3607654_nw_18_060_20200922 340
m_3008430_nw_16_060_20191129_20200114 360
m_3807535_ne_18_060_20211019 320
m_3008828_sw_16_030_20211119 1440
m_2909033_se_15_060_20190831_20191001 378
m_3807715_se_18_060_20210630 357
m_2708004_ne_17_060_20191215_20200113 360
m_3507610_sw_18_060_20200922 357
m_3407822_nw_17_060_20200603 360
m_2908131_nw_17_060_20211130 360
m_3607621_sw_18_060_20210926 340
m_3807761_ne_18_060_20210903 340
m_3507609_se_18_060_20200922 357
m_2809739_se_14_060_20201029 360
m_3009052_se_15_060_20190831_20191001 378
m_3009314_se_15_060_20190904_20191001 360
m_2708044_nw_17_060_20191215_20200113 360
m_2608014_se_17_060_20191120_20200113 360
m_3108864_nw_16_030_20211120 1400
m_3008923_se_16_030_20211119 1435
m_2908955_nw_16_030_20211130 1365
m_3008159_sw_17_060_20211129 360
m_4506820_sw_19_060_20211006 300
m_3907459_nw_18_060_20190730_20191209 320
m_2908953_ne_16_030_20211130 1365
m_2908134_se_17_060_20211129 360
m_3009429_se_15_060_20201112 340
m_4306904_se_19_060_20211006 300
m_4207041_se_19_060_20210826 336
m_4207328_se_18_060_20211107 336
m_4107238_se_18_060_20210926 336
m_3008112_nw_17_060_20211203 340
m_2508038_se_17_060_20211207 360
m_4406941_ne_19_060_20210827 300
m_3008439_nw_16_060_20191205_20200114 360
m_4406960_se_19_060_20210904 300
m_4207453_nw_18_060_20211110 320
m_3009452_nw_15_060_20201112 340
m_4207459_sw_18_060_20211106 320
m_2508106_nw_17_060_20211203 380
m_3008607_ne_16_030_20211112 1400
m_2909201_ne_15_060_20190706_20191001 360
m_3707710_se_18_060_20210628 357
m_4107414_se_18_060_20211106 320
m_4606844_se_19_060_20210817 300
m_2809621_ne_14_060_20200501 360
m_3707762_sw_18_060_20210903 357
m_2809611_sw_14_060_20201029 360
m_3607639_ne_18_060_20201001 340
m_3211611_sw_11_060_20200425 340
m_2609742_nw_14_060_20201001 360
m_3108727_sw_16_030_20211115 1400
m_3008362_sw_17_060_20211130 378
m_3008249_sw_17_060_20211117 378
m_4506736_ne_19_060_20210723 300
m_3412022_nw_10_060_20200607 340
m_3211723_se_11_060_20200520 340
m_3208031_ne_17_060_20210426 340
m_2909658_sw_14_060_20201029 360
m_4107343_nw_18_060_20211105 320
m_2608159_nw_17_060_20211223 380
m_4007532_sw_18_060_20191019_20191203 320
m_3311654_ne_11_060_20200415 340
m_3009315_nw_15_060_20190904_20191001 360
m_3009160_ne_15_030_20211114 1326
m_4207338_nw_18_060_20211106 320
m_4406921_nw_19_060_20210904 300
m_3108863_nw_16_030_20211123 1400
m_3407757_ne_18_060_20200904 340
m_3407963_sw_17_060_20210508 340
m_3208051_nw_17_060_20210507 340
m_3008615_sw_16_060_20191109_20200114 340
m_3607605_se_18_060_20210913 340
m_2608010_ne_17_060_20191203_20200113 360
m_4506760_nw_19_060_20210723 300
m_4506734_se_19_060_20210815 300
m_2809604_sw_14_060_20201029 360
m_3507722_se_18_060_20200922 357
m_2608214_ne_17_060_20211204 360
m_3607549_ne_18_060_20200516 340
m_3008561_ne_16_060_20191118_20200114 340
m_3008802_sw_16_030_20211112 1476
m_3907531_sw_18_060_20190726_20191209 320
m_3807744_nw_18_060_20210903 340
m_3507525_sw_18_060_20201001 340
m_4307003_sw_19_060_20211007 336
m_3008433_ne_16_060_20191128_20200114 340
m_3907646_nw_18_060_20180826_20190212 320
m_3009457_se_15_060_20201112 360
m_3807562_sw_18_060_20210605 320
m_3108146_nw_17_060_20211203 340
m_2709720_nw_14_060_20200430 360
m_3411862_ne_11_060_20200505 340
m_2608026_se_17_060_20191207_20200113 360
m_3707703_se_18_060_20210910 357
m_3607649_sw_18_060_20200922 357
m_3108757_nw_16_030_20211115 1400
m_3009061_se_15_030_20211115 1365
m_3907647_se_18_060_20211020 320
m_3008635_nw_16_060_20191109_20200114 340
m_3008617_nw_16_060_20191103_20200114 340
m_3208145_se_17_060_20191109_20200102 340
m_3009346_ne_15_060_20190901_20191001 360
m_3009004_se_15_030_20211120 1326
m_3108145_se_17_060_20211203 340
m_2909310_se_15_060_20190726_20191001 360
m_3009255_se_15_030_20211212 1326
m_2608022_nw_17_060_20191203_20200113 360
m_3009151_ne_15_030_20211114 1326
m_3009051_sw_15_030_20211120 1365
m_4207318_se_18_060_20211107 320
m_2708238_ne_17_060_20211130 360
m_4506810_ne_19_060_20210816 300
m_3411910_se_11_060_20200521 340
m_3907748_nw_18_060_20210616 320
m_4406834_sw_19_060_20210913 300
m_2909405_ne_15_060_20201112 340
m_3008934_ne_16_030_20211116 1365
m_2809615_se_14_060_20201029 360
/work/csr33/images_for_predictions/naip_tiles/m_3008831_sw_16_030_20211113.tif

m_4107342_nw_18_060_20211105 320
m_4506743_sw_19_060_20210815 300
m_2609753_ne_14_060_20201029 360
m_4606843_nw_19_060_20210817 300
m_3008817_sw_16_030_20211119 1476
m_4406916_nw_19_060_20211006 300
m_4207440_sw_18_060_20210920 320
m_3009248_ne_15_030_20211114 1326
m_3008951_sw_16_030_20211115 1365
m_3008343_sw_17_060_20191113_20200114 360
m_4207359_se_18_060_20211107 320
m_3807539_se_18_060_20210605 320
m_4007453_nw_18_060_20190730_20191209 300
m_3607640_sw_18_060_20200516 340
m_3008531_sw_16_060_20191118_20200114 340
m_3707747_ne_18_060_20210912 340
m_3807631_nw_18_060_20210623 320
m_3907518_se_18_060_20210629 320
m_3707513_ne_18_060_20211017 320
m_3707614_sw_18_060_20210926 340
m_2708253_ne_17_060_20211130 360
m_4007548_ne_18_060_20191014_20191203 320
m_4207002_sw_19_060_20211024 336
m_3707627_se_18_060_20210912 357
m_2609744_se_14_060_20201029 360
m_4107353_ne_18_060_20211106 320
m_3311610_sw_11_060_20200415 340
m_4107408_nw_18_060_20210920 320
m_2708223_se_17_060_20211201 360
m_3108216_sw_17_060_20191110_20200102 340
m_3707658_nw_18_060_20210827 340
m_3008532_se_16_060_20191120_20200114 340
m_3411947_se_11_060_20200521 340
m_3307960_se_17_060_20210501 340
m_4107130_sw_19_060_20210826 336
m_4406816_ne_19_060_20210901 300
m_4406913_se_19_060_20210904 300
m_3009103_nw_15_030_20211113 1326
m_3009225_se_15_030_20211221 1326
m_2709840_se_14_060_20200501 360
m_3009563_nw_15_060_20201130 360
m_3009117_se_15_030_20211113 1326
m_2708136_ne_17_060_20191129_20200113 360
m_2809754_se_14_060_20200501 360
m_4007415_sw_18_060_20190917_20191209 300
m_3807559_ne_18_060_20210605 320
m_2609755_se_14_060_20201029 360
m_3307942_ne_17_060_20210508 340
m_3108104_se_17_060_20191110_20200102 340
m_3009450_se_15_060_20201118 340
m_3008119_sw_17_060_20211129 360
m_3307953_sw_17_060_20210501 340
m_3009059_sw_15_030_20211120 1365
m_2709722_ne_14_060_20200430 360
m_4506826_sw_19_060_20210816 300
m_3208164_sw_17_060_20211202 340
m_3412005_ne_10_060_20200607 340
m_3311654_se_11_060_20200415 340
m_3507650_sw_18_060_20201031 357
/work/csr33/images_for_predictions/naip_tiles/m_3009046_ne_15_030_20211116.tif

m_3807543_ne_18_060_20210605 320
m_2708030_sw_17_060_20191215_20200113 360
m_4506752_sw_19_060_20210723 315
m_3009111_sw_15_060_20190706_20191001 360
m_3108101_se_17_060_20191110_20200102 340
m_2708055_sw_17_060_20191215_20200113 360
m_3407750_nw_18_060_20200904 360
m_4007327_ne_18_060_20211106 320
m_3008150_ne_17_060_20211129 360
m_3907623_se_18_060_20211101 320
m_4406803_sw_19_060_20210723 300
m_3807736_nw_18_060_20210903 340
m_2908259_ne_17_060_20211129 360
m_3009017_ne_15_030_20211119 1326
m_3412003_ne_10_060_20200607 340
m_3307929_nw_17_060_20210501 340
m_3008935_ne_16_030_20211115 1365
m_2909520_ne_15_060_20201118 360
m_2508116_nw_17_060_20211203 380
m_3907651_nw_18_060_20210617 320
m_3807623_ne_18_060_20210623 320
m_3707705_sw_18_060_20210910 357
m_2708136_se_17_060_20191129_20200113 360
m_2609718_se_14_060_20201001 360
m_3607623_sw_18_060_20210913 340
m_2908235_ne_17_060_20211129 360
m_3807609_ne_18_060_20210617 320
m_4107261_nw_18_060_20210904 320
m_4007448_se_18_060_20190809_20191209 320
m_4107319_ne_18_060_20211105 320
m_3208114_sw_17_060_20210426 340
m_3009361_se_15_030_20211122 1326
m_2908935_sw_16_030_20211202 1365
m_2908903_sw_16_030_20211129 1365
m_3009158_se_15_030_20211113 1326
8784.328366994858
