load envirionment

/work/csr33/images_for_predictions/naip_tiles/m_3707635_se_18_060_20210827.tif
/work/csr33/images_for_predictions/naip_tiles/m_4606844_ne_19_060_20210817.tif
/work/csr33/images_for_predictions/naip_tiles/m_3607616_nw_18_060_20210913.tif
/work/csr33/images_for_predictions/naip_tiles/m_3009548_ne_15_060_20201118.tif
/work/csr33/images_for_predictions/naip_tiles/m_3412023_nw_10_060_20200522.tif
/work/csr33/images_for_predictions/naip_tiles/m_4207122_nw_19_060_20211024.tif
/work/csr33/images_for_predictions/naip_tiles/m_3607730_se_18_060_20210903.tif
/work/csr33/images_for_predictions/naip_tiles/m_4406723_sw_19_060_20210711.tif
/work/csr33/images_for_predictions/naip_tiles/m_2909311_sw_15_060_20190726_20191001.tif
/work/csr33/images_for_predictions/naip_tiles/m_3807740_ne_18_060_20210617.tif
/work/csr33/images_for_predictions/naip_tiles/m_3907756_nw_18_060_20210616.tif
/work/csr33/images_for_predictions/naip_tiles/m_3907545_sw_18_060_20210630.tif
/work/csr33/images_for_predictions/naip_tiles/m_2709726_sw_14_060_20200501.tif
/work/csr33/images_for_predictions/naip_tiles/m_2908101_sw_17_060_20211202.tif
/work/csr33/images_for_predictions/naip_tiles/m_4107241_nw_18_060_20211105.tif
/work/csr33/images_for_predictions/naip_tiles/m_2909660_ne_14_060_20201029.tif
/work/csr33/images_for_predictions/naip_tiles/m_2809637_sw_14_060_20200501.tif
m_4606844_ne_19_060_20210817 300
/work/csr33/images_for_predictions/naip_tiles/m_2909424_se_15_060_20201102.tif
m_4406723_sw_19_060_20210711 315
m_3607616_nw_18_060_20210913 340
m_4207122_nw_19_060_20211024 320
m_3907756_nw_18_060_20210616 320
m_4107241_nw_18_060_20211105 320
m_3907545_sw_18_060_20210630 320
m_3807740_ne_18_060_20210617 320
m_3412023_nw_10_060_20200522 340
m_3707635_se_18_060_20210827 357
m_3607730_se_18_060_20210903 357
m_2909660_ne_14_060_20201029 360
m_2908101_sw_17_060_20211202 360
m_3009548_ne_15_060_20201118 360
m_2709726_sw_14_060_20200501 360
m_2909311_sw_15_060_20190726_20191001 360
m_2909424_se_15_060_20201102 340
m_2809637_sw_14_060_20200501 360
484.9691708087921
