load envirionment

/work/csr33/images_for_predictions/naip_tiles/m_3008931_ne_16_030_20211119.tif
/work/csr33/images_for_predictions/naip_tiles/m_4107011_se_19_060_20210904.tif
/work/csr33/images_for_predictions/naip_tiles/m_4406932_se_19_060_20211006.tif
/work/csr33/images_for_predictions/naip_tiles/m_3907637_sw_18_060_20211101.tif
/work/csr33/images_for_predictions/naip_tiles/m_3208124_nw_17_060_20210426.tif
/work/csr33/images_for_predictions/naip_tiles/m_3907528_ne_18_060_20210630.tif
/work/csr33/images_for_predictions/naip_tiles/m_2908249_ne_17_060_20211129.tif
/work/csr33/images_for_predictions/naip_tiles/m_3108107_sw_17_060_20211202.tif
/work/csr33/images_for_predictions/naip_tiles/m_3411958_sw_11_060_20200607.tif
/work/csr33/images_for_predictions/naip_tiles/m_4207119_se_19_060_20211105.tif
/work/csr33/images_for_predictions/naip_tiles/m_4406941_nw_19_060_20210827.tif
/work/csr33/images_for_predictions/naip_tiles/m_3307946_se_17_060_20210501.tif
/work/csr33/images_for_predictions/naip_tiles/m_3008564_se_16_060_20191120_20200114.tif
/work/csr33/images_for_predictions/naip_tiles/m_3009145_ne_15_030_20211114.tif
/work/csr33/images_for_predictions/naip_tiles/m_4506744_sw_19_060_20210723.tif
/work/csr33/images_for_predictions/naip_tiles/m_3507707_nw_18_060_20200922.tif
/work/csr33/images_for_predictions/naip_tiles/m_3008337_ne_17_060_20211130.tif
m_3907637_sw_18_060_20211101 320
/work/csr33/images_for_predictions/naip_tiles/m_4506842_nw_19_060_20210816.tif
m_4406932_se_19_060_20211006 300
m_3507707_nw_18_060_20200922 340
m_4406941_nw_19_060_20210827 300
m_4506744_sw_19_060_20210723 315
m_3907528_ne_18_060_20210630 320
m_4207119_se_19_060_20211105 336
m_3307946_se_17_060_20210501 340
m_4107011_se_19_060_20210904 336
m_3411958_sw_11_060_20200607 340
m_3208124_nw_17_060_20210426 340
m_3108107_sw_17_060_20211202 340
m_2908249_ne_17_060_20211129 360
m_3008564_se_16_060_20191120_20200114 360
m_4506842_nw_19_060_20210816 300
m_3008337_ne_17_060_20211130 360
m_3009145_ne_15_030_20211114 1326
m_3008931_ne_16_030_20211119 1400
194.95904517173767
