load envirionment

/work/csr33/images_for_predictions/naip_tiles/m_4307022_se_19_060_20210722.tif
/work/csr33/images_for_predictions/naip_tiles/m_4306903_se_19_060_20211006.tif
/work/csr33/images_for_predictions/naip_tiles/m_3412004_nw_10_060_20200607.tif
/work/csr33/images_for_predictions/naip_tiles/m_3907433_se_18_060_20190726_20191209.tif
/work/csr33/images_for_predictions/naip_tiles/m_3607635_ne_18_060_20200516.tif
/work/csr33/images_for_predictions/naip_tiles/m_3907542_se_18_060_20210629.tif
/work/csr33/images_for_predictions/naip_tiles/m_3008634_sw_16_060_20191109_20200114.tif
/work/csr33/images_for_predictions/naip_tiles/m_4107103_nw_19_060_20210926.tif
/work/csr33/images_for_predictions/naip_tiles/m_3407854_se_17_060_20200603.tif
/work/csr33/images_for_predictions/naip_tiles/m_3008816_se_16_030_20211112.tif
/work/csr33/images_for_predictions/naip_tiles/m_3607756_se_18_060_20200922.tif
/work/csr33/images_for_predictions/naip_tiles/m_4406949_sw_19_060_20210827.tif
/work/csr33/images_for_predictions/naip_tiles/m_3607730_sw_18_060_20210903.tif
/work/csr33/images_for_predictions/naip_tiles/m_2609712_nw_14_060_20201216.tif
/work/csr33/images_for_predictions/naip_tiles/m_3507618_nw_18_060_20200922.tif
/work/csr33/images_for_predictions/naip_tiles/m_2809603_se_14_060_20201106.tif
/work/csr33/images_for_predictions/naip_tiles/m_3507743_se_18_060_20200930.tif
m_4306903_se_19_060_20211006 300
/work/csr33/images_for_predictions/naip_tiles/m_3009456_sw_15_060_20201102.tif
m_4406949_sw_19_060_20210827 300
m_4307022_se_19_060_20210722 300
m_3907433_se_18_060_20190726_20191209 320
m_4107103_nw_19_060_20210926 320
m_3907542_se_18_060_20210629 320
m_3412004_nw_10_060_20200607 340
m_3507618_nw_18_060_20200922 340
m_3008634_sw_16_060_20191109_20200114 340
m_3607635_ne_18_060_20200516 340
m_3407854_se_17_060_20200603 357
m_2809603_se_14_060_20201106 360
m_3607730_sw_18_060_20210903 357
m_3607756_se_18_060_20200922 357
m_2609712_nw_14_060_20201216 360
m_3009456_sw_15_060_20201102 340
m_3507743_se_18_060_20200930 357
m_3008816_se_16_030_20211112 1400
735.6692798137665
