load envirionment

/work/csr33/images_for_predictions/naip_tiles/m_4307045_ne_19_060_20210722.tif
/work/csr33/images_for_predictions/naip_tiles/m_4307004_ne_19_060_20211007.tif
/work/csr33/images_for_predictions/naip_tiles/m_4307010_nw_19_060_20211007.tif
/work/csr33/images_for_predictions/naip_tiles/m_2909407_ne_15_060_20201102.tif
/work/csr33/images_for_predictions/naip_tiles/m_3707711_se_18_060_20210910.tif
/work/csr33/images_for_predictions/naip_tiles/m_4406819_nw_19_060_20210723.tif
/work/csr33/images_for_predictions/naip_tiles/m_2909113_ne_15_060_20190706_20191001.tif
/work/csr33/images_for_predictions/naip_tiles/m_3907521_ne_18_060_20190726_20191209.tif
/work/csr33/images_for_predictions/naip_tiles/m_3008623_se_16_060_20191109_20200114.tif
/work/csr33/images_for_predictions/naip_tiles/m_4307029_nw_19_060_20210722.tif
/work/csr33/images_for_predictions/naip_tiles/m_3907437_nw_18_060_20190730_20191209.tif
/work/csr33/images_for_predictions/naip_tiles/m_4406952_sw_19_060_20210904.tif
/work/csr33/images_for_predictions/naip_tiles/m_4406718_nw_19_060_20210914.tif
/work/csr33/images_for_predictions/naip_tiles/m_2908128_sw_17_060_20211129.tif
/work/csr33/images_for_predictions/naip_tiles/m_3407855_nw_17_060_20200603.tif
/work/csr33/images_for_predictions/naip_tiles/m_4007445_se_18_060_20190730_20191209.tif
/work/csr33/images_for_predictions/naip_tiles/m_3108154_ne_17_060_20211203.tif
m_4307045_ne_19_060_20210722 300
/work/csr33/images_for_predictions/naip_tiles/m_4506834_sw_19_060_20210816.tif
m_4406952_sw_19_060_20210904 300
m_4406718_nw_19_060_20210914 300
m_4406819_nw_19_060_20210723 300
m_4007445_se_18_060_20190730_20191209 300
m_4307004_ne_19_060_20211007 300
m_4307029_nw_19_060_20210722 320
m_3907521_ne_18_060_20190726_20191209 320
m_4307010_nw_19_060_20211007 320
m_3907437_nw_18_060_20190730_20191209 320
m_3008623_se_16_060_20191109_20200114 340
m_2909407_ne_15_060_20201102 340
m_3707711_se_18_060_20210910 357
m_2909113_ne_15_060_20190706_20191001 360
m_3407855_nw_17_060_20200603 360
m_2908128_sw_17_060_20211129 360
m_4506834_sw_19_060_20210816 300
m_3108154_ne_17_060_20211203 340
455.7791202068329
