load envirionment

/work/csr33/images_for_predictions/naip_tiles/m_3208152_se_17_060_20191109_20200102.tif
/work/csr33/images_for_predictions/naip_tiles/m_4406960_sw_19_060_20210904.tif
/work/csr33/images_for_predictions/naip_tiles/m_2809740_sw_14_060_20201029.tif
/work/csr33/images_for_predictions/naip_tiles/m_4107461_sw_18_060_20190830_20191209.tif
/work/csr33/images_for_predictions/naip_tiles/m_3311617_sw_11_060_20200415.tif
/work/csr33/images_for_predictions/naip_tiles/m_3507731_nw_18_060_20200930.tif
/work/csr33/images_for_predictions/naip_tiles/m_3311611_sw_11_060_20200615.tif
/work/csr33/images_for_predictions/naip_tiles/m_2908953_nw_16_030_20211130.tif
/work/csr33/images_for_predictions/naip_tiles/m_2508006_sw_17_060_20211207.tif
/work/csr33/images_for_predictions/naip_tiles/m_3407722_ne_18_060_20201031.tif
/work/csr33/images_for_predictions/naip_tiles/m_3411920_se_11_060_20200521.tif
/work/csr33/images_for_predictions/naip_tiles/m_4506825_se_19_060_20210816.tif
/work/csr33/images_for_predictions/naip_tiles/m_2909019_ne_15_030_20211130.tif
/work/csr33/images_for_predictions/naip_tiles/m_2909205_nw_15_060_20190706_20191001.tif
/work/csr33/images_for_predictions/naip_tiles/m_3208130_nw_17_060_20210426.tif
/work/csr33/images_for_predictions/naip_tiles/m_3707621_se_18_060_20210914.tif
/work/csr33/images_for_predictions/naip_tiles/m_3008715_se_16_060_20191103_20200114.tif
m_4506825_se_19_060_20210816 300
/work/csr33/images_for_predictions/naip_tiles/m_2909539_ne_15_060_20201116.tif
m_4107461_sw_18_060_20190830_20191209 300
m_4406960_sw_19_060_20210904 300
m_3707621_se_18_060_20210914 340
m_3311611_sw_11_060_20200615 340
m_3407722_ne_18_060_20201031 340
m_3311617_sw_11_060_20200415 340
m_3507731_nw_18_060_20200930 340
m_3208130_nw_17_060_20210426 340
m_3411920_se_11_060_20200521 340
m_3208152_se_17_060_20191109_20200102 340
m_2809740_sw_14_060_20201029 360
m_2909205_nw_15_060_20190706_20191001 360
m_2508006_sw_17_060_20211207 380
m_3008715_se_16_060_20191103_20200114 340
m_2909539_ne_15_060_20201116 360
m_2908953_nw_16_030_20211130 1365
m_2909019_ne_15_030_20211130 1365
570.4068779945374
