load envirionment

/work/csr33/images_for_predictions/naip_tiles/m_3009117_sw_15_030_20211113.tif
/work/csr33/images_for_predictions/naip_tiles/m_3108105_ne_17_060_20191109_20200102.tif
/work/csr33/images_for_predictions/naip_tiles/m_3211603_sw_11_060_20200415.tif
/work/csr33/images_for_predictions/naip_tiles/m_3009141_se_15_030_20211113.tif
/work/csr33/images_for_predictions/naip_tiles/m_4406962_sw_19_060_20210904.tif
/work/csr33/images_for_predictions/naip_tiles/m_3411927_ne_11_060_20200521.tif
/work/csr33/images_for_predictions/naip_tiles/m_4007562_ne_18_060_20191024_20191203.tif
/work/csr33/images_for_predictions/naip_tiles/m_2808906_nw_16_030_20211130.tif
/work/csr33/images_for_predictions/naip_tiles/m_3807755_ne_18_060_20210630.tif
/work/csr33/images_for_predictions/naip_tiles/m_3009150_sw_15_030_20211113.tif
/work/csr33/images_for_predictions/naip_tiles/m_3412064_sw_10_060_20200607.tif
/work/csr33/images_for_predictions/naip_tiles/m_4007308_sw_18_060_20211106.tif
/work/csr33/images_for_predictions/naip_tiles/m_3009028_ne_15_060_20190726_20191001.tif
/work/csr33/images_for_predictions/naip_tiles/m_4406908_sw_19_060_20211006.tif
/work/csr33/images_for_predictions/naip_tiles/m_3507509_se_18_060_20200516.tif
/work/csr33/images_for_predictions/naip_tiles/m_2708238_se_17_060_20211130.tif
/work/csr33/images_for_predictions/naip_tiles/m_4207460_nw_18_060_20190826_20191209.tif
m_4406962_sw_19_060_20210904 300
/work/csr33/images_for_predictions/naip_tiles/m_4107360_se_18_060_20211106.tif
m_4406908_sw_19_060_20211006 300
m_4007562_ne_18_060_20191024_20191203 320
m_4007308_sw_18_060_20211106 336
m_3507509_se_18_060_20200516 340
m_3108105_ne_17_060_20191109_20200102 340
m_3411927_ne_11_060_20200521 340
m_3211603_sw_11_060_20200415 340
m_3807755_ne_18_060_20210630 340
m_3412064_sw_10_060_20200607 340
m_3009028_ne_15_060_20190726_20191001 360
m_2708238_se_17_060_20211130 360
m_4207460_nw_18_060_20190826_20191209 300
m_4107360_se_18_060_20211106 336
m_3009117_sw_15_030_20211113 1326
m_3009150_sw_15_030_20211113 1326
m_3009141_se_15_030_20211113 1326
m_2808906_nw_16_030_20211130 1365
1071.00883603096
