load envirionment

/work/csr33/images_for_predictions/naip_tiles/m_3707636_sw_18_060_20210926.tif
/work/csr33/images_for_predictions/naip_tiles/m_3208005_ne_17_060_20210426.tif
/work/csr33/images_for_predictions/naip_tiles/m_4107462_se_18_060_20190830_20191209.tif
/work/csr33/images_for_predictions/naip_tiles/m_2708003_nw_17_060_20191215_20200113.tif
/work/csr33/images_for_predictions/naip_tiles/m_2908120_sw_17_060_20211129.tif
/work/csr33/images_for_predictions/naip_tiles/m_3907549_se_18_060_20210606.tif
/work/csr33/images_for_predictions/naip_tiles/m_2909140_se_15_060_20190831_20191001.tif
/work/csr33/images_for_predictions/naip_tiles/m_2909511_ne_15_060_20201030.tif
/work/csr33/images_for_predictions/naip_tiles/m_2608012_ne_17_060_20191207_20200113.tif
/work/csr33/images_for_predictions/naip_tiles/m_3307959_ne_17_060_20210501.tif
/work/csr33/images_for_predictions/naip_tiles/m_3807554_nw_18_060_20210605.tif
/work/csr33/images_for_predictions/naip_tiles/m_4506818_ne_19_060_20210816.tif
/work/csr33/images_for_predictions/naip_tiles/m_2708208_se_17_060_20211202.tif
/work/csr33/images_for_predictions/naip_tiles/m_4007303_ne_18_060_20211106.tif
/work/csr33/images_for_predictions/naip_tiles/m_3009159_ne_15_030_20211114.tif
/work/csr33/images_for_predictions/naip_tiles/m_3707527_ne_18_060_20211017.tif
/work/csr33/images_for_predictions/naip_tiles/m_3211708_nw_11_060_20200428.tif
m_4107462_se_18_060_20190830_20191209 300
/work/csr33/images_for_predictions/naip_tiles/m_4007435_se_18_060_20190917_20191209.tif
m_4506818_ne_19_060_20210816 300
m_3907549_se_18_060_20210606 320
m_3807554_nw_18_060_20210605 320
m_3707527_ne_18_060_20211017 320
m_4007303_ne_18_060_20211106 320
m_3208005_ne_17_060_20210426 340
m_3307959_ne_17_060_20210501 340
m_3707636_sw_18_060_20210926 357
m_2909511_ne_15_060_20201030 360
m_2708003_nw_17_060_20191215_20200113 360
m_2908120_sw_17_060_20211129 360
m_2708208_se_17_060_20211202 360
m_2608012_ne_17_060_20191207_20200113 360
m_2909140_se_15_060_20190831_20191001 378
m_4007435_se_18_060_20190917_20191209 300
m_3211708_nw_11_060_20200428 340
m_3009159_ne_15_030_20211114 1326
886.4034481048584
