load envirionment

/work/csr33/images_for_predictions/naip_tiles/m_3507763_sw_18_060_20201031.tif
/work/csr33/images_for_predictions/naip_tiles/m_4007317_se_18_060_20211105.tif
/work/csr33/images_for_predictions/naip_tiles/m_3008436_se_16_060_20191129_20200114.tif
/work/csr33/images_for_predictions/naip_tiles/m_2909546_ne_15_060_20201029.tif
/work/csr33/images_for_predictions/naip_tiles/m_3807639_se_18_060_20210623.tif
/work/csr33/images_for_predictions/naip_tiles/m_2909544_se_15_060_20201117.tif
/work/csr33/images_for_predictions/naip_tiles/m_4406713_sw_19_060_20210711.tif
/work/csr33/images_for_predictions/naip_tiles/m_3807616_sw_18_060_20210623.tif
/work/csr33/images_for_predictions/naip_tiles/m_2709729_nw_14_060_20200430.tif
/work/csr33/images_for_predictions/naip_tiles/m_4107024_se_19_060_20210826.tif
/work/csr33/images_for_predictions/naip_tiles/m_2808238_sw_17_060_20211130.tif
/work/csr33/images_for_predictions/naip_tiles/m_3311808_sw_11_060_20200505.tif
/work/csr33/images_for_predictions/naip_tiles/m_4007415_se_18_060_20190830_20191209.tif
/work/csr33/images_for_predictions/naip_tiles/m_4007441_se_18_060_20191014_20191203.tif
/work/csr33/images_for_predictions/naip_tiles/m_3008706_nw_16_030_20211115.tif
/work/csr33/images_for_predictions/naip_tiles/m_3008826_sw_16_030_20211119.tif
/work/csr33/images_for_predictions/naip_tiles/m_3507724_sw_18_060_20201031.tif
m_3807639_se_18_060_20210623 320
/work/csr33/images_for_predictions/naip_tiles/m_3707653_ne_18_060_20210913.tif
m_4007415_se_18_060_20190830_20191209 300
m_4406713_sw_19_060_20210711 315
m_4007317_se_18_060_20211105 320
m_3807616_sw_18_060_20210623 320
m_4107024_se_19_060_20210826 320
m_4007441_se_18_060_20191014_20191203 320
m_2909546_ne_15_060_20201029 360
m_3311808_sw_11_060_20200505 340
m_2709729_nw_14_060_20200430 360
m_2808238_sw_17_060_20211130 360
m_2909544_se_15_060_20201117 360
m_3008436_se_16_060_20191129_20200114 360
m_3507763_sw_18_060_20201031 357
m_3707653_ne_18_060_20210913 340
m_3507724_sw_18_060_20201031 357
m_3008706_nw_16_030_20211115 1400
m_3008826_sw_16_030_20211119 1476
397.54854583740234
