load envirionment

/work/csr33/images_for_predictions/naip_tiles/m_4207438_se_18_060_20210920.tif
/work/csr33/images_for_predictions/naip_tiles/m_3009139_ne_15_030_20211114.tif
/work/csr33/images_for_predictions/naip_tiles/m_3211628_ne_11_060_20200415.tif
/work/csr33/images_for_predictions/naip_tiles/m_3907663_ne_18_060_20211020.tif
/work/csr33/images_for_predictions/naip_tiles/m_2708221_nw_17_060_20211130.tif
/work/csr33/images_for_predictions/naip_tiles/m_3307808_ne_17_060_20200904.tif
/work/csr33/images_for_predictions/naip_tiles/m_3507746_nw_18_060_20200930.tif
/work/csr33/images_for_predictions/naip_tiles/m_3907649_sw_18_060_20210617.tif
/work/csr33/images_for_predictions/naip_tiles/m_3807763_ne_18_060_20210630.tif
/work/csr33/images_for_predictions/naip_tiles/m_4506818_nw_19_060_20210816.tif
/work/csr33/images_for_predictions/naip_tiles/m_3009006_sw_15_030_20211201.tif
/work/csr33/images_for_predictions/naip_tiles/m_3412039_ne_10_060_20200522.tif
/work/csr33/images_for_predictions/naip_tiles/m_2908411_ne_16_060_20191128_20200114.tif
/work/csr33/images_for_predictions/naip_tiles/m_3008740_nw_16_060_20191103_20200114.tif
/work/csr33/images_for_predictions/naip_tiles/m_3008223_ne_17_060_20191110_20200108.tif
/work/csr33/images_for_predictions/naip_tiles/m_2908241_ne_17_060_20211129.tif
/work/csr33/images_for_predictions/naip_tiles/m_3907663_sw_18_060_20211020.tif
m_4506818_nw_19_060_20210816 300
/work/csr33/images_for_predictions/naip_tiles/m_2809623_sw_14_060_20201029.tif
m_4207438_se_18_060_20210920 320
m_3907663_ne_18_060_20211020 320
m_3907649_sw_18_060_20210617 320
m_3412039_ne_10_060_20200522 340
m_3008223_ne_17_060_20191110_20200108 340
m_3008740_nw_16_060_20191103_20200114 340
m_3507746_nw_18_060_20200930 340
m_3211628_ne_11_060_20200415 340
m_3807763_ne_18_060_20210630 340
m_2908411_ne_16_060_20191128_20200114 360
m_2908241_ne_17_060_20211129 360
m_3307808_ne_17_060_20200904 360
m_2708221_nw_17_060_20211130 360
m_3907663_sw_18_060_20211020 320
m_2809623_sw_14_060_20201029 360
m_3009139_ne_15_030_20211114 1326
m_3009006_sw_15_030_20211201 1365
416.35228872299194
