load envirionment

/work/csr33/images_for_predictions/naip_tiles/m_3707736_ne_18_060_20210910.tif
/work/csr33/images_for_predictions/naip_tiles/m_2708159_nw_17_060_20191129_20200113.tif
/work/csr33/images_for_predictions/naip_tiles/m_2808250_se_17_1_20171103_20180201.tif
/work/csr33/images_for_predictions/naip_tiles/m_2909545_nw_15_060_20201117.tif
/work/csr33/images_for_predictions/naip_tiles/m_3211610_se_11_060_20200425.tif
/work/csr33/images_for_predictions/naip_tiles/m_2909001_nw_15_060_20190707_20191001.tif
/work/csr33/images_for_predictions/naip_tiles/m_2909123_nw_15_060_20190707_20191001.tif
/work/csr33/images_for_predictions/naip_tiles/m_3009442_nw_15_060_20201112.tif
/work/csr33/images_for_predictions/naip_tiles/m_3707602_sw_18_060_20210912.tif
/work/csr33/images_for_predictions/naip_tiles/m_3008530_nw_16_060_20191118_20200114.tif
/work/csr33/images_for_predictions/naip_tiles/m_2809512_ne_15_060_20201117.tif
/work/csr33/images_for_predictions/naip_tiles/m_4506847_nw_19_060_20210929.tif
/work/csr33/images_for_predictions/naip_tiles/m_3208006_se_17_060_20210426.tif
/work/csr33/images_for_predictions/naip_tiles/m_2909212_nw_15_060_20190706_20191001.tif
/work/csr33/images_for_predictions/naip_tiles/m_2608004_se_17_060_20191203_20200113.tif
/work/csr33/images_for_predictions/naip_tiles/m_3208041_ne_17_060_20210507.tif
/work/csr33/images_for_predictions/naip_tiles/m_3008462_ne_16_060_20191129_20200114.tif
m_2808250_se_17_1_20171103_20180201 132
/work/csr33/images_for_predictions/naip_tiles/m_2908226_nw_17_060_20211129.tif
m_4506847_nw_19_060_20210929 300
m_3707736_ne_18_060_20210910 340
m_3008530_nw_16_060_20191118_20200114 340
m_3208006_se_17_060_20210426 340
m_3211610_se_11_060_20200425 340
m_3009442_nw_15_060_20201112 340
m_3208041_ne_17_060_20210507 340
m_2809512_ne_15_060_20201117 360
m_2909123_nw_15_060_20190707_20191001 360
m_3707602_sw_18_060_20210912 357
m_2909212_nw_15_060_20190706_20191001 360
m_2909545_nw_15_060_20201117 360
m_2608004_se_17_060_20191203_20200113 360
m_2909001_nw_15_060_20190707_20191001 360
m_2708159_nw_17_060_20191129_20200113 360
m_3008462_ne_16_060_20191129_20200114 360
m_2908226_nw_17_060_20211129 360
543.6968929767609
