load envirionment

/work/csr33/images_for_predictions/naip_tiles/m_2708118_sw_17_060_20211202.tif
/work/csr33/images_for_predictions/naip_tiles/m_3807649_ne_18_060_20210910.tif
/work/csr33/images_for_predictions/naip_tiles/m_2808009_nw_17_060_20211202.tif
/work/csr33/images_for_predictions/naip_tiles/m_4107023_sw_19_060_20210826.tif
/work/csr33/images_for_predictions/naip_tiles/m_3407612_nw_18_060_20201018.tif
/work/csr33/images_for_predictions/naip_tiles/m_4406814_nw_19_060_20210919.tif
/work/csr33/images_for_predictions/naip_tiles/m_3008512_nw_16_060_20191118_20200114.tif
/work/csr33/images_for_predictions/naip_tiles/m_4107414_ne_18_060_20211106.tif
/work/csr33/images_for_predictions/naip_tiles/m_3807607_sw_18_060_20210623.tif
/work/csr33/images_for_predictions/naip_tiles/m_4207325_sw_18_060_20210920.tif
/work/csr33/images_for_predictions/naip_tiles/m_2508034_sw_17_060_20211203.tif
/work/csr33/images_for_predictions/naip_tiles/m_3008721_se_16_030_20211119.tif
/work/csr33/images_for_predictions/naip_tiles/m_2508044_sw_17_060_20211203.tif
/work/csr33/images_for_predictions/naip_tiles/m_4306911_nw_19_060_20211006.tif
/work/csr33/images_for_predictions/naip_tiles/m_3407602_ne_18_060_20201031.tif
/work/csr33/images_for_predictions/naip_tiles/m_3707746_ne_18_060_20210912.tif
/work/csr33/images_for_predictions/naip_tiles/m_2709712_sw_14_060_20200430.tif
m_4306911_nw_19_060_20211006 300
/work/csr33/images_for_predictions/naip_tiles/m_3407810_nw_17_060_20200603.tif
m_4406814_nw_19_060_20210919 300
m_4107023_sw_19_060_20210826 320
m_4207325_sw_18_060_20210920 320
m_4107414_ne_18_060_20211106 320
m_3807607_sw_18_060_20210623 320
m_3707746_ne_18_060_20210912 340
m_3407602_ne_18_060_20201031 340
m_3807649_ne_18_060_20210910 340
m_3008512_nw_16_060_20191118_20200114 340
m_3407612_nw_18_060_20201018 340
m_2808009_nw_17_060_20211202 360
m_2708118_sw_17_060_20211202 360
m_2508034_sw_17_060_20211203 380
m_2508044_sw_17_060_20211203 380
m_2709712_sw_14_060_20200430 360
m_3407810_nw_17_060_20200603 340
m_3008721_se_16_030_20211119 1400
1419.2958188056946
