load envirionment

/work/csr33/images_for_predictions/naip_tiles/m_2608063_ne_17_060_20191120_20200113.tif
/work/csr33/images_for_predictions/naip_tiles/m_2908233_se_17_060_20211129.tif
/work/csr33/images_for_predictions/naip_tiles/m_3009041_ne_15_030_20211119.tif
/work/csr33/images_for_predictions/naip_tiles/m_3009159_se_15_030_20211114.tif
/work/csr33/images_for_predictions/naip_tiles/m_3311722_nw_11_060_20200423.tif
/work/csr33/images_for_predictions/naip_tiles/m_4406804_ne_19_060_20210914.tif
/work/csr33/images_for_predictions/naip_tiles/m_4406844_se_19_060_20210914.tif
/work/csr33/images_for_predictions/naip_tiles/m_3507631_se_18_060_20201018.tif
/work/csr33/images_for_predictions/naip_tiles/m_3311614_sw_11_060_20200416.tif
/work/csr33/images_for_predictions/naip_tiles/m_3507761_sw_18_060_20200930.tif
/work/csr33/images_for_predictions/naip_tiles/m_3009234_sw_15_030_20211221.tif
/work/csr33/images_for_predictions/naip_tiles/m_3008939_se_16_030_20211114.tif
/work/csr33/images_for_predictions/naip_tiles/m_2908505_se_16_060_20191118_20200114.tif
/work/csr33/images_for_predictions/naip_tiles/m_3807636_ne_18_060_20211020.tif
/work/csr33/images_for_predictions/naip_tiles/m_3009322_ne_15_060_20190904_20191001.tif
/work/csr33/images_for_predictions/naip_tiles/m_3009044_nw_15_030_20211120.tif
/work/csr33/images_for_predictions/naip_tiles/m_3008602_sw_16_060_20191109_20200114.tif
m_4406844_se_19_060_20210914 300
/work/csr33/images_for_predictions/naip_tiles/m_3008931_se_16_030_20211119.tif
m_4406804_ne_19_060_20210914 300
m_3807636_ne_18_060_20211020 320
m_3311722_nw_11_060_20200423 340
m_3507631_se_18_060_20201018 340
m_3311614_sw_11_060_20200416 340
m_2608063_ne_17_060_20191120_20200113 360
m_3507761_sw_18_060_20200930 357
m_3009322_ne_15_060_20190904_20191001 360
m_2908505_se_16_060_20191118_20200114 360
m_2908233_se_17_060_20211129 378
m_3008602_sw_16_060_20191109_20200114 340
m_3009159_se_15_030_20211114 1326
m_3009234_sw_15_030_20211221 1326
m_3009041_ne_15_030_20211119 1365
m_3009044_nw_15_030_20211120 1365
m_3008939_se_16_030_20211114 1435
m_3008931_se_16_030_20211119 1435
1800.7335042953491
