load envirionment

/work/csr33/images_for_predictions/naip_tiles/m_3907659_nw_18_060_20210617.tif
/work/csr33/images_for_predictions/naip_tiles/m_3008357_nw_17_060_20191117_20200114.tif
/work/csr33/images_for_predictions/naip_tiles/m_2909050_ne_15_060_20190830_20191001.tif
/work/csr33/images_for_predictions/naip_tiles/m_2608101_ne_17_060_20211223.tif
/work/csr33/images_for_predictions/naip_tiles/m_2908259_nw_17_060_20211129.tif
/work/csr33/images_for_predictions/naip_tiles/m_2809739_sw_14_060_20200501.tif
/work/csr33/images_for_predictions/naip_tiles/m_4007454_sw_18_060_20190730_20191209.tif
/work/csr33/images_for_predictions/naip_tiles/m_2809632_ne_14_060_20201029.tif
/work/csr33/images_for_predictions/naip_tiles/m_3008712_nw_16_030_20211112.tif
/work/csr33/images_for_predictions/naip_tiles/m_4007450_nw_18_060_20191014_20191203.tif
/work/csr33/images_for_predictions/naip_tiles/m_4106941_nw_19_060_20210826.tif
/work/csr33/images_for_predictions/naip_tiles/m_3412038_ne_10_060_20200522.tif
/work/csr33/images_for_predictions/naip_tiles/m_3008716_nw_16_060_20191103_20200114.tif
/work/csr33/images_for_predictions/naip_tiles/m_3009343_se_15_060_20190901_20191001.tif
/work/csr33/images_for_predictions/naip_tiles/m_3008944_ne_16_030_20211114.tif
/work/csr33/images_for_predictions/naip_tiles/m_4107228_sw_18_060_20211001.tif
/work/csr33/images_for_predictions/naip_tiles/m_2709727_sw_14_060_20200501.tif
m_4007454_sw_18_060_20190730_20191209 320
/work/csr33/images_for_predictions/naip_tiles/m_2909147_se_15_060_20190830_20191001.tif
m_4106941_nw_19_060_20210826 320
m_4007450_nw_18_060_20191014_20191203 320
m_3412038_ne_10_060_20200522 340
m_3907659_nw_18_060_20210617 320
m_3008716_nw_16_060_20191103_20200114 340
m_4107228_sw_18_060_20211001 336
m_2608101_ne_17_060_20211223 360
m_3008357_nw_17_060_20191117_20200114 360
m_2909050_ne_15_060_20190830_20191001 360
m_2809632_ne_14_060_20201029 360
m_3009343_se_15_060_20190901_20191001 360
m_2809739_sw_14_060_20200501 360
m_2908259_nw_17_060_20211129 360
m_2909147_se_15_060_20190830_20191001 360
m_2709727_sw_14_060_20200501 360
m_3008944_ne_16_030_20211114 1400
m_3008712_nw_16_030_20211112 1400
1502.5682039260864
