load envirionment

/work/csr33/images_for_predictions/naip_tiles/m_4506744_ne_19_060_20210723.tif
/work/csr33/images_for_predictions/naip_tiles/m_3407613_ne_18_060_20201018.tif
/work/csr33/images_for_predictions/naip_tiles/m_2608026_nw_17_060_20191130_20200113.tif
/work/csr33/images_for_predictions/naip_tiles/m_2908321_se_17_060_20211130.tif
/work/csr33/images_for_predictions/naip_tiles/m_4506811_sw_19_060_20210816.tif
/work/csr33/images_for_predictions/naip_tiles/m_3907553_ne_18_060_20210630.tif
/work/csr33/images_for_predictions/naip_tiles/m_2908249_sw_17_060_20211117.tif
/work/csr33/images_for_predictions/naip_tiles/m_3009561_sw_15_060_20201118.tif
/work/csr33/images_for_predictions/naip_tiles/m_2608062_nw_17_060_20191203_20200113.tif
/work/csr33/images_for_predictions/naip_tiles/m_2608162_nw_17_060_20211203.tif
/work/csr33/images_for_predictions/naip_tiles/m_2909404_nw_15_060_20201112.tif
/work/csr33/images_for_predictions/naip_tiles/m_3507747_se_18_060_20201031.tif
/work/csr33/images_for_predictions/naip_tiles/m_3507759_nw_18_060_20200930.tif
/work/csr33/images_for_predictions/naip_tiles/m_4107444_sw_18_060_20211106.tif
/work/csr33/images_for_predictions/naip_tiles/m_2909126_se_15_060_20190706_20191001.tif
/work/csr33/images_for_predictions/naip_tiles/m_4107022_nw_19_060_20210826.tif
/work/csr33/images_for_predictions/naip_tiles/m_4207360_ne_18_060_20211107.tif
m_4506811_sw_19_060_20210816 300
/work/csr33/images_for_predictions/naip_tiles/m_4107129_ne_19_060_20210826.tif
m_4506744_ne_19_060_20210723 300
m_4107444_sw_18_060_20211106 320
m_3907553_ne_18_060_20210630 320
m_2608026_nw_17_060_20191130_20200113 360
m_4107022_nw_19_060_20210826 320
m_3507747_se_18_060_20201031 357
m_3407613_ne_18_060_20201018 340
m_2909126_se_15_060_20190706_20191001 360
m_2608062_nw_17_060_20191203_20200113 360
m_3507759_nw_18_060_20200930 360
m_2908249_sw_17_060_20211117 378
m_2908321_se_17_060_20211130 378
m_3009561_sw_15_060_20201118 360
m_2608162_nw_17_060_20211203 380
m_2909404_nw_15_060_20201112 360
m_4107129_ne_19_060_20210826 320
m_4207360_ne_18_060_20211107 320
599.6580591201782
