load envirionment

/work/csr33/images_for_predictions/naip_tiles/m_4007320_ne_18_060_20211106.tif
/work/csr33/images_for_predictions/naip_tiles/m_3407944_se_17_060_20210508.tif
/work/csr33/images_for_predictions/naip_tiles/m_3108122_ne_17_060_20191110_20200102.tif
/work/csr33/images_for_predictions/naip_tiles/m_2909314_sw_15_060_20190726_20191001.tif
/work/csr33/images_for_predictions/naip_tiles/m_2608028_sw_17_060_20191203_20200113.tif
/work/csr33/images_for_predictions/naip_tiles/m_2809619_sw_14_060_20201029.tif
/work/csr33/images_for_predictions/naip_tiles/m_2508028_ne_17_060_20211203.tif
/work/csr33/images_for_predictions/naip_tiles/m_4406924_se_19_060_20211006.tif
/work/csr33/images_for_predictions/naip_tiles/m_3907650_nw_18_060_20210617.tif
/work/csr33/images_for_predictions/naip_tiles/m_4307011_sw_19_060_20211007.tif
/work/csr33/images_for_predictions/naip_tiles/m_3108102_nw_17_060_20191109_20200102.tif
/work/csr33/images_for_predictions/naip_tiles/m_3009163_sw_15_030_20211119.tif
/work/csr33/images_for_predictions/naip_tiles/m_4207127_nw_19_060_20211105.tif
/work/csr33/images_for_predictions/naip_tiles/m_3308047_se_17_060_20210501.tif
/work/csr33/images_for_predictions/naip_tiles/m_2709708_nw_14_060_20200430.tif
/work/csr33/images_for_predictions/naip_tiles/m_3507720_sw_18_060_20200930.tif
/work/csr33/images_for_predictions/naip_tiles/m_2909414_se_15_060_20201112.tif
m_4406924_se_19_060_20211006 300
/work/csr33/images_for_predictions/naip_tiles/m_2608126_ne_17_060_20211223.tif
m_3907650_nw_18_060_20210617 320
m_4207127_nw_19_060_20211105 320
m_4007320_ne_18_060_20211106 320
m_3308047_se_17_060_20210501 340
m_3407944_se_17_060_20210508 340
m_4307011_sw_19_060_20211007 336
m_3108122_ne_17_060_20191110_20200102 340
m_3108102_nw_17_060_20191109_20200102 340
m_2508028_ne_17_060_20211203 360
m_2608028_sw_17_060_20191203_20200113 360
m_3507720_sw_18_060_20200930 357
m_2809619_sw_14_060_20201029 360
m_2909314_sw_15_060_20190726_20191001 360
m_2709708_nw_14_060_20200430 360
m_2909414_se_15_060_20201112 340
m_2608126_ne_17_060_20211223 360
m_3009163_sw_15_030_20211119 1365
279.15684938430786
