load envirionment

/work/csr33/images_for_predictions/naip_tiles/m_2909119_ne_15_060_20190706_20191001.tif
/work/csr33/images_for_predictions/naip_tiles/m_2809724_sw_14_060_20201029.tif
/work/csr33/images_for_predictions/naip_tiles/m_2908202_se_17_060_20211129.tif
/work/csr33/images_for_predictions/naip_tiles/m_2909148_sw_15_060_20190830_20191001.tif
/work/csr33/images_for_predictions/naip_tiles/m_3707525_sw_18_060_20210926.tif
/work/csr33/images_for_predictions/naip_tiles/m_2508033_nw_17_060_20211203.tif
/work/csr33/images_for_predictions/naip_tiles/m_3507510_nw_18_060_20200516.tif
/work/csr33/images_for_predictions/naip_tiles/m_3507731_sw_18_060_20200930.tif
/work/csr33/images_for_predictions/naip_tiles/m_3407728_ne_18_060_20200930.tif
/work/csr33/images_for_predictions/naip_tiles/m_4107121_sw_19_060_20210826.tif
/work/csr33/images_for_predictions/naip_tiles/m_4007458_se_18_060_20190917_20191209.tif
/work/csr33/images_for_predictions/naip_tiles/m_2908224_ne_17_060_20211202.tif
/work/csr33/images_for_predictions/naip_tiles/m_3907537_sw_18_060_20190726_20191209.tif
/work/csr33/images_for_predictions/naip_tiles/m_3008638_sw_16_060_20191109_20200114.tif
/work/csr33/images_for_predictions/naip_tiles/m_3108751_sw_16_030_20211115.tif
/work/csr33/images_for_predictions/naip_tiles/m_4307004_sw_19_060_20211007.tif
/work/csr33/images_for_predictions/naip_tiles/m_3407718_ne_18_060_20200904.tif
m_4007458_se_18_060_20190917_20191209 300
/work/csr33/images_for_predictions/naip_tiles/m_3307807_ne_17_060_20200603.tif
m_3907537_sw_18_060_20190726_20191209 320
m_4307004_sw_19_060_20211007 336
m_4107121_sw_19_060_20210826 336
m_3008638_sw_16_060_20191109_20200114 340
m_3507510_nw_18_060_20200516 340
m_3407728_ne_18_060_20200930 340
m_2908202_se_17_060_20211129 360
m_3707525_sw_18_060_20210926 340
m_3507731_sw_18_060_20200930 357
m_2908224_ne_17_060_20211202 360
m_2909119_ne_15_060_20190706_20191001 360
m_2909148_sw_15_060_20190830_20191001 378
m_2809724_sw_14_060_20201029 360
m_2508033_nw_17_060_20211203 380
m_3407718_ne_18_060_20200904 340
m_3307807_ne_17_060_20200603 340
m_3108751_sw_16_030_20211115 1400
457.2861497402191
