load envirionment

/work/csr33/images_for_predictions/naip_tiles/m_3311612_ne_11_060_20200416.tif
/work/csr33/images_for_predictions/naip_tiles/m_3009032_se_15_060_20190830_20191015.tif
/work/csr33/images_for_predictions/naip_tiles/m_4107121_se_19_060_20210826.tif
/work/csr33/images_for_predictions/naip_tiles/m_3707729_sw_18_060_20210910.tif
/work/csr33/images_for_predictions/naip_tiles/m_4207001_nw_19_060_20211024.tif
/work/csr33/images_for_predictions/naip_tiles/m_3009254_ne_15_030_20211222.tif
/work/csr33/images_for_predictions/naip_tiles/m_3008437_nw_16_060_20191129_20200114.tif
/work/csr33/images_for_predictions/naip_tiles/m_3008231_sw_17_060_20211202.tif
/work/csr33/images_for_predictions/naip_tiles/m_2908322_se_17_060_20211116.tif
/work/csr33/images_for_predictions/naip_tiles/m_2908410_se_16_060_20191128_20200114.tif
/work/csr33/images_for_predictions/naip_tiles/m_3108151_sw_17_060_20191110_20200102.tif
/work/csr33/images_for_predictions/naip_tiles/m_3008838_se_16_030_20211113.tif
/work/csr33/images_for_predictions/naip_tiles/m_2909106_se_15_060_20190707_20191001.tif
/work/csr33/images_for_predictions/naip_tiles/m_4107237_se_18_060_20210926.tif
/work/csr33/images_for_predictions/naip_tiles/m_3008932_se_16_030_20211119.tif
/work/csr33/images_for_predictions/naip_tiles/m_2808221_se_17_060_20211130.tif
/work/csr33/images_for_predictions/naip_tiles/m_4207358_ne_18_060_20211105.tif
m_4107121_se_19_060_20210826 336
/work/csr33/images_for_predictions/naip_tiles/m_2909146_se_15_060_20190830_20191001.tif
m_4207001_nw_19_060_20211024 320
m_4107237_se_18_060_20210926 336
m_3311612_ne_11_060_20200416 340
m_3108151_sw_17_060_20191110_20200102 340
m_3008231_sw_17_060_20211202 360
m_2908410_se_16_060_20191128_20200114 360
m_3707729_sw_18_060_20210910 357
m_3008437_nw_16_060_20191129_20200114 360
m_2909106_se_15_060_20190707_20191001 360
m_3009032_se_15_060_20190830_20191015 378
m_2808221_se_17_060_20211130 360
m_2908322_se_17_060_20211116 378
m_4207358_ne_18_060_20211105 320
m_2909146_se_15_060_20190830_20191001 360
m_3009254_ne_15_030_20211222 1326
m_3008838_se_16_030_20211113 1400
m_3008932_se_16_030_20211119 1435
403.01244020462036
