load envirionment

/work/csr33/images_for_predictions/naip_tiles/m_3008528_ne_16_060_20191118_20200114.tif
/work/csr33/images_for_predictions/naip_tiles/m_3411851_sw_11_060_20200515.tif
/work/csr33/images_for_predictions/naip_tiles/m_2909540_ne_15_060_20201116.tif
/work/csr33/images_for_predictions/naip_tiles/m_3008436_sw_16_060_20191129_20200114.tif
/work/csr33/images_for_predictions/naip_tiles/m_2909011_sw_15_060_20190707_20191001.tif
/work/csr33/images_for_predictions/naip_tiles/m_3507726_sw_18_060_20200904.tif
/work/csr33/images_for_predictions/naip_tiles/m_2808256_nw_17_060_20211202.tif
/work/csr33/images_for_predictions/naip_tiles/m_2608159_ne_17_060_20211223.tif
/work/csr33/images_for_predictions/naip_tiles/m_2809746_nw_14_060_20200501.tif
/work/csr33/images_for_predictions/naip_tiles/m_3907660_nw_18_060_20210617.tif
/work/csr33/images_for_predictions/naip_tiles/m_4207163_sw_19_060_20210826.tif
/work/csr33/images_for_predictions/naip_tiles/m_4207128_ne_19_060_20211024.tif
/work/csr33/images_for_predictions/naip_tiles/m_3108713_nw_16_030_20211115.tif
/work/csr33/images_for_predictions/naip_tiles/m_3211623_sw_11_060_20200415.tif
/work/csr33/images_for_predictions/naip_tiles/m_3807745_se_18_060_20210630.tif
/work/csr33/images_for_predictions/naip_tiles/m_3008923_sw_16_030_20211119.tif
/work/csr33/images_for_predictions/naip_tiles/m_4007538_se_18_060_20191019_20191203.tif
m_3907660_nw_18_060_20210617 320
/work/csr33/images_for_predictions/naip_tiles/m_3707502_ne_18_060_20210618.tif
m_4207128_ne_19_060_20211024 320
m_3008528_ne_16_060_20191118_20200114 340
m_4207163_sw_19_060_20210826 336
m_3411851_sw_11_060_20200515 340
m_2808256_nw_17_060_20211202 360
m_3211623_sw_11_060_20200415 340
m_3008436_sw_16_060_20191129_20200114 360
m_2608159_ne_17_060_20211223 360
m_2909540_ne_15_060_20201116 360
m_3807745_se_18_060_20210630 357
m_3507726_sw_18_060_20200904 357
m_2809746_nw_14_060_20200501 360
m_2909011_sw_15_060_20190707_20191001 378
m_4007538_se_18_060_20191019_20191203 320
m_3707502_ne_18_060_20210618 320
m_3108713_nw_16_030_20211115 1400
m_3008923_sw_16_030_20211119 1476
331.031849861145
