load envirionment

/work/csr33/images_for_predictions/naip_tiles/m_4107204_sw_18_060_20211001.tif
/work/csr33/images_for_predictions/naip_tiles/m_3008354_ne_17_060_20211116.tif
/work/csr33/images_for_predictions/naip_tiles/m_3211616_nw_11_060_20200420.tif
/work/csr33/images_for_predictions/naip_tiles/m_4107017_ne_19_060_20210826.tif
/work/csr33/images_for_predictions/naip_tiles/m_3008231_ne_17_060_20191110_20200108.tif
/work/csr33/images_for_predictions/naip_tiles/m_3707503_se_18_060_20211017.tif
/work/csr33/images_for_predictions/naip_tiles/m_2908401_nw_16_060_20191120_20200114.tif
/work/csr33/images_for_predictions/naip_tiles/m_3008812_nw_16_030_20211112.tif
/work/csr33/images_for_predictions/naip_tiles/m_2809716_sw_14_060_20201029.tif
/work/csr33/images_for_predictions/naip_tiles/m_2608020_ne_17_060_20191207_20200113.tif
/work/csr33/images_for_predictions/naip_tiles/m_2708222_sw_17_060_20211130.tif
/work/csr33/images_for_predictions/naip_tiles/m_3311635_nw_11_060_20200415.tif
/work/csr33/images_for_predictions/naip_tiles/m_3211604_nw_11_060_20200415.tif
/work/csr33/images_for_predictions/naip_tiles/m_3009153_se_15_030_20211114.tif
/work/csr33/images_for_predictions/naip_tiles/m_2709718_sw_14_060_20200501.tif
/work/csr33/images_for_predictions/naip_tiles/m_3008564_sw_16_060_20191118_20200114.tif
/work/csr33/images_for_predictions/naip_tiles/m_3009034_sw_15_030_20211119.tif
m_3008354_ne_17_060_20211116 360
/work/csr33/images_for_predictions/naip_tiles/m_3108232_ne_17_060_20191110_20200102.tif
m_4107017_ne_19_060_20210826 320
m_3707503_se_18_060_20211017 320
m_3311635_nw_11_060_20200415 340
m_4107204_sw_18_060_20211001 336
m_3211604_nw_11_060_20200415 340
m_3008231_ne_17_060_20191110_20200108 340
m_3211616_nw_11_060_20200420 340
m_2708222_sw_17_060_20211130 360
m_3008564_sw_16_060_20191118_20200114 360
m_2908401_nw_16_060_20191120_20200114 360
m_2809716_sw_14_060_20201029 360
m_2709718_sw_14_060_20200501 360
m_2608020_ne_17_060_20191207_20200113 360
m_3108232_ne_17_060_20191110_20200102 340
m_3009153_se_15_030_20211114 1326
m_3008812_nw_16_030_20211112 1440
m_3009034_sw_15_030_20211119 1365
414.34902024269104
