10
...done, 469991808 bytes.
/work/csr33/images_for_predictions/naip_tiles/m_4406907_se_19_060_20211006.tif
...done, 574527934 bytes.
/work/csr33/images_for_predictions/naip_tiles/m_3407852_sw_17_060_20200922.tif
...done, 1480866927 bytes.
/work/csr33/images_for_predictions/naip_tiles/m_3009045_sw_15_030_20211115.tif
...done, 1638097170 bytes.
/work/csr33/images_for_predictions/naip_tiles/m_3009047_ne_15_030_20211123.tif
...done, 1847906258 bytes.
/work/csr33/images_for_predictions/naip_tiles/m_3008736_nw_16_030_20211113.tif
...done, 1868286209 bytes.
/work/csr33/images_for_predictions/naip_tiles/m_3009045_se_15_030_20211115.tif
...done, 2007387625 bytes.
/work/csr33/images_for_predictions/naip_tiles/m_3009131_ne_15_030_20211114.tif
...done, 2003401853 bytes.
/work/csr33/images_for_predictions/naip_tiles/m_3008830_ne_16_030_20211119.tif
...done, 2235642987 bytes.
/work/csr33/images_for_predictions/naip_tiles/m_3008826_nw_16_030_20211119.tif
...done, 2167250384 bytes.
/work/csr33/images_for_predictions/naip_tiles/m_3009023_ne_15_030_20211116.tif
