[ WARN:0@337.768] global grfmt_tiff.cpp:840 readData OpenCV TIFF(line 840): failed TIFFReadRGBATile(tif, x, y, (uint32*)src_buffer)
[ERROR:0@337.789] global loadsave.cpp:478 imread_ imread_('/work/csr33/images_for_predictions/naip_tiles/m_3307805_ne_17_060_20200603.tif'): can't read data: OpenCV(4.9.0) /io/opencv/modules/imgcodecs/src/grfmt_tiff.cpp:840: error: (-2:Unspecified error) OpenCV TIFF: failed TIFFReadRGBATile(tif, x, y, (uint32*)src_buffer) in function 'readData'

[ WARN:1@1331.499] global grfmt_tiff.cpp:840 readData OpenCV TIFF(line 840): failed TIFFReadRGBATile(tif, x, y, (uint32*)src_buffer)
[ERROR:1@1331.502] global loadsave.cpp:478 imread_ imread_('/work/csr33/images_for_predictions/naip_tiles/m_3009018_se_15_030_20211119.tif'): can't read data: OpenCV(4.9.0) /io/opencv/modules/imgcodecs/src/grfmt_tiff.cpp:840: error: (-2:Unspecified error) OpenCV TIFF: failed TIFFReadRGBATile(tif, x, y, (uint32*)src_buffer) in function 'readData'

[ WARN:2@2266.575] global grfmt_tiff.cpp:840 readData OpenCV TIFF(line 840): failed TIFFReadRGBATile(tif, x, y, (uint32*)src_buffer)
[ERROR:2@2266.579] global loadsave.cpp:478 imread_ imread_('/work/csr33/images_for_predictions/naip_tiles/m_2909048_sw_15_030_20211115.tif'): can't read data: OpenCV(4.9.0) /io/opencv/modules/imgcodecs/src/grfmt_tiff.cpp:840: error: (-2:Unspecified error) OpenCV TIFF: failed TIFFReadRGBATile(tif, x, y, (uint32*)src_buffer) in function 'readData'

[ WARN:3@2342.315] global grfmt_tiff.cpp:840 readData OpenCV TIFF(line 840): failed TIFFReadRGBATile(tif, x, y, (uint32*)src_buffer)
[ERROR:3@2342.317] global loadsave.cpp:478 imread_ imread_('/work/csr33/images_for_predictions/naip_tiles/m_3008815_se_16_030_20211112.tif'): can't read data: OpenCV(4.9.0) /io/opencv/modules/imgcodecs/src/grfmt_tiff.cpp:840: error: (-2:Unspecified error) OpenCV TIFF: failed TIFFReadRGBATile(tif, x, y, (uint32*)src_buffer) in function 'readData'

[ WARN:4@2397.204] global grfmt_tiff.cpp:840 readData OpenCV TIFF(line 840): failed TIFFReadRGBATile(tif, x, y, (uint32*)src_buffer)
[ERROR:4@2397.204] global loadsave.cpp:478 imread_ imread_('/work/csr33/images_for_predictions/naip_tiles/m_3008215_nw_17_060_20191110_20200108.tif'): can't read data: OpenCV(4.9.0) /io/opencv/modules/imgcodecs/src/grfmt_tiff.cpp:840: error: (-2:Unspecified error) OpenCV TIFF: failed TIFFReadRGBATile(tif, x, y, (uint32*)src_buffer) in function 'readData'

[ WARN:4@2416.243] global grfmt_tiff.cpp:840 readData OpenCV TIFF(line 840): failed TIFFReadRGBATile(tif, x, y, (uint32*)src_buffer)
[ERROR:4@2416.243] global loadsave.cpp:478 imread_ imread_('/work/csr33/images_for_predictions/naip_tiles/m_3008829_ne_16_030_20211119.tif'): can't read data: OpenCV(4.9.0) /io/opencv/modules/imgcodecs/src/grfmt_tiff.cpp:840: error: (-2:Unspecified error) OpenCV TIFF: failed TIFFReadRGBATile(tif, x, y, (uint32*)src_buffer) in function 'readData'

[ WARN:3@2872.943] global grfmt_tiff.cpp:840 readData OpenCV TIFF(line 840): failed TIFFReadRGBATile(tif, x, y, (uint32*)src_buffer)
[ERROR:3@2872.947] global loadsave.cpp:478 imread_ imread_('/work/csr33/images_for_predictions/naip_tiles/m_3009223_sw_15_030_20211212.tif'): can't read data: OpenCV(4.9.0) /io/opencv/modules/imgcodecs/src/grfmt_tiff.cpp:840: error: (-2:Unspecified error) OpenCV TIFF: failed TIFFReadRGBATile(tif, x, y, (uint32*)src_buffer) in function 'readData'

[ WARN:5@3118.666] global grfmt_tiff.cpp:840 readData OpenCV TIFF(line 840): failed TIFFReadRGBATile(tif, x, y, (uint32*)src_buffer)
[ERROR:5@3118.673] global loadsave.cpp:478 imread_ imread_('/work/csr33/images_for_predictions/naip_tiles/m_3009138_sw_15_030_20211114.tif'): can't read data: OpenCV(4.9.0) /io/opencv/modules/imgcodecs/src/grfmt_tiff.cpp:840: error: (-2:Unspecified error) OpenCV TIFF: failed TIFFReadRGBATile(tif, x, y, (uint32*)src_buffer) in function 'readData'

[ WARN:6@3494.159] global grfmt_tiff.cpp:840 readData OpenCV TIFF(line 840): failed TIFFReadRGBATile(tif, x, y, (uint32*)src_buffer)
[ERROR:6@3494.161] global loadsave.cpp:478 imread_ imread_('/work/csr33/images_for_predictions/naip_tiles/m_3008813_se_16_030_20211112.tif'): can't read data: OpenCV(4.9.0) /io/opencv/modules/imgcodecs/src/grfmt_tiff.cpp:840: error: (-2:Unspecified error) OpenCV TIFF: failed TIFFReadRGBATile(tif, x, y, (uint32*)src_buffer) in function 'readData'

[ WARN:7@4350.487] global grfmt_tiff.cpp:840 readData OpenCV TIFF(line 840): failed TIFFReadRGBATile(tif, x, y, (uint32*)src_buffer)
[ERROR:7@4350.491] global loadsave.cpp:478 imread_ imread_('/work/csr33/images_for_predictions/naip_tiles/m_2708017_se_17_060_20191129_20200113.tif'): can't read data: OpenCV(4.9.0) /io/opencv/modules/imgcodecs/src/grfmt_tiff.cpp:840: error: (-2:Unspecified error) OpenCV TIFF: failed TIFFReadRGBATile(tif, x, y, (uint32*)src_buffer) in function 'readData'

[ WARN:8@5055.364] global grfmt_tiff.cpp:840 readData OpenCV TIFF(line 840): failed TIFFReadRGBATile(tif, x, y, (uint32*)src_buffer)
[ERROR:8@5055.367] global loadsave.cpp:478 imread_ imread_('/work/csr33/images_for_predictions/naip_tiles/m_2908961_ne_16_030_20211130.tif'): can't read data: OpenCV(4.9.0) /io/opencv/modules/imgcodecs/src/grfmt_tiff.cpp:840: error: (-2:Unspecified error) OpenCV TIFF: failed TIFFReadRGBATile(tif, x, y, (uint32*)src_buffer) in function 'readData'

[ WARN:4@5096.747] global grfmt_tiff.cpp:840 readData OpenCV TIFF(line 840): failed TIFFReadRGBATile(tif, x, y, (uint32*)src_buffer)
[ERROR:4@5096.747] global loadsave.cpp:478 imread_ imread_('/work/csr33/images_for_predictions/naip_tiles/m_3108846_se_16_030_20211123.tif'): can't read data: OpenCV(4.9.0) /io/opencv/modules/imgcodecs/src/grfmt_tiff.cpp:840: error: (-2:Unspecified error) OpenCV TIFF: failed TIFFReadRGBATile(tif, x, y, (uint32*)src_buffer) in function 'readData'

