[ WARN:0@905.925] global grfmt_tiff.cpp:840 readData OpenCV TIFF(line 840): failed TIFFReadRGBATile(tif, x, y, (uint32*)src_buffer)
[ERROR:0@905.982] global loadsave.cpp:478 imread_ imread_('/work/csr33/images_for_predictions/naip_tiles/m_3008214_sw_17_060_20191110_20200108.tif'): can't read data: OpenCV(4.9.0) /io/opencv/modules/imgcodecs/src/grfmt_tiff.cpp:840: error: (-2:Unspecified error) OpenCV TIFF: failed TIFFReadRGBATile(tif, x, y, (uint32*)src_buffer) in function 'readData'

[ WARN:1@924.270] global grfmt_tiff.cpp:840 readData OpenCV TIFF(line 840): failed TIFFReadRGBATile(tif, x, y, (uint32*)src_buffer)
[ERROR:1@924.271] global loadsave.cpp:478 imread_ imread_('/work/csr33/images_for_predictions/naip_tiles/m_3008846_ne_16_030_20211113.tif'): can't read data: OpenCV(4.9.0) /io/opencv/modules/imgcodecs/src/grfmt_tiff.cpp:840: error: (-2:Unspecified error) OpenCV TIFF: failed TIFFReadRGBATile(tif, x, y, (uint32*)src_buffer) in function 'readData'

[ WARN:2@966.338] global grfmt_tiff.cpp:840 readData OpenCV TIFF(line 840): failed TIFFReadRGBATile(tif, x, y, (uint32*)src_buffer)
[ERROR:2@966.339] global loadsave.cpp:478 imread_ imread_('/work/csr33/images_for_predictions/naip_tiles/m_3008835_nw_16_030_20211113.tif'): can't read data: OpenCV(4.9.0) /io/opencv/modules/imgcodecs/src/grfmt_tiff.cpp:840: error: (-2:Unspecified error) OpenCV TIFF: failed TIFFReadRGBATile(tif, x, y, (uint32*)src_buffer) in function 'readData'

[ WARN:3@1370.921] global grfmt_tiff.cpp:840 readData OpenCV TIFF(line 840): failed TIFFReadRGBATile(tif, x, y, (uint32*)src_buffer)
[ERROR:3@1370.925] global loadsave.cpp:478 imread_ imread_('/work/csr33/images_for_predictions/naip_tiles/m_4107221_nw_18_060_20210904.tif'): can't read data: OpenCV(4.9.0) /io/opencv/modules/imgcodecs/src/grfmt_tiff.cpp:840: error: (-2:Unspecified error) OpenCV TIFF: failed TIFFReadRGBATile(tif, x, y, (uint32*)src_buffer) in function 'readData'

[ WARN:4@1673.553] global grfmt_tiff.cpp:840 readData OpenCV TIFF(line 840): failed TIFFReadRGBATile(tif, x, y, (uint32*)src_buffer)
[ERROR:4@1673.555] global loadsave.cpp:478 imread_ imread_('/work/csr33/images_for_predictions/naip_tiles/m_3008736_se_16_030_20211113.tif'): can't read data: OpenCV(4.9.0) /io/opencv/modules/imgcodecs/src/grfmt_tiff.cpp:840: error: (-2:Unspecified error) OpenCV TIFF: failed TIFFReadRGBATile(tif, x, y, (uint32*)src_buffer) in function 'readData'

[ WARN:5@2659.060] global grfmt_tiff.cpp:840 readData OpenCV TIFF(line 840): failed TIFFReadRGBATile(tif, x, y, (uint32*)src_buffer)
[ERROR:5@2659.063] global loadsave.cpp:478 imread_ imread_('/work/csr33/images_for_predictions/naip_tiles/m_4107223_nw_18_060_20210926.tif'): can't read data: OpenCV(4.9.0) /io/opencv/modules/imgcodecs/src/grfmt_tiff.cpp:840: error: (-2:Unspecified error) OpenCV TIFF: failed TIFFReadRGBATile(tif, x, y, (uint32*)src_buffer) in function 'readData'

[ WARN:4@2900.736] global grfmt_tiff.cpp:840 readData OpenCV TIFF(line 840): failed TIFFReadRGBATile(tif, x, y, (uint32*)src_buffer)
[ERROR:4@2900.740] global loadsave.cpp:478 imread_ imread_('/work/csr33/images_for_predictions/naip_tiles/m_3008815_sw_16_030_20211112.tif'): can't read data: OpenCV(4.9.0) /io/opencv/modules/imgcodecs/src/grfmt_tiff.cpp:840: error: (-2:Unspecified error) OpenCV TIFF: failed TIFFReadRGBATile(tif, x, y, (uint32*)src_buffer) in function 'readData'

[ WARN:6@3130.843] global grfmt_tiff.cpp:840 readData OpenCV TIFF(line 840): failed TIFFReadRGBATile(tif, x, y, (uint32*)src_buffer)
[ERROR:6@3130.845] global loadsave.cpp:478 imread_ imread_('/work/csr33/images_for_predictions/naip_tiles/m_3008829_se_16_030_20211119.tif'): can't read data: OpenCV(4.9.0) /io/opencv/modules/imgcodecs/src/grfmt_tiff.cpp:840: error: (-2:Unspecified error) OpenCV TIFF: failed TIFFReadRGBATile(tif, x, y, (uint32*)src_buffer) in function 'readData'

[ WARN:7@3526.021] global grfmt_tiff.cpp:840 readData OpenCV TIFF(line 840): failed TIFFReadRGBATile(tif, x, y, (uint32*)src_buffer)
[ERROR:7@3526.022] global loadsave.cpp:478 imread_ imread_('/work/csr33/images_for_predictions/naip_tiles/m_3008837_se_16_030_20211113.tif'): can't read data: OpenCV(4.9.0) /io/opencv/modules/imgcodecs/src/grfmt_tiff.cpp:840: error: (-2:Unspecified error) OpenCV TIFF: failed TIFFReadRGBATile(tif, x, y, (uint32*)src_buffer) in function 'readData'

[ WARN:8@3529.883] global grfmt_tiff.cpp:840 readData OpenCV TIFF(line 840): failed TIFFReadRGBATile(tif, x, y, (uint32*)src_buffer)
[ERROR:8@3529.884] global loadsave.cpp:478 imread_ imread_('/work/csr33/images_for_predictions/naip_tiles/m_3009255_sw_15_030_20211212.tif'): can't read data: OpenCV(4.9.0) /io/opencv/modules/imgcodecs/src/grfmt_tiff.cpp:840: error: (-2:Unspecified error) OpenCV TIFF: failed TIFFReadRGBATile(tif, x, y, (uint32*)src_buffer) in function 'readData'

[ WARN:9@3681.599] global grfmt_tiff.cpp:840 readData OpenCV TIFF(line 840): failed TIFFReadRGBATile(tif, x, y, (uint32*)src_buffer)
[ERROR:9@3681.602] global loadsave.cpp:478 imread_ imread_('/work/csr33/images_for_predictions/naip_tiles/m_3008953_ne_16_030_20211114.tif'): can't read data: OpenCV(4.9.0) /io/opencv/modules/imgcodecs/src/grfmt_tiff.cpp:840: error: (-2:Unspecified error) OpenCV TIFF: failed TIFFReadRGBATile(tif, x, y, (uint32*)src_buffer) in function 'readData'

[ WARN:10@4065.822] global grfmt_tiff.cpp:840 readData OpenCV TIFF(line 840): failed TIFFReadRGBATile(tif, x, y, (uint32*)src_buffer)
[ERROR:10@4065.825] global loadsave.cpp:478 imread_ imread_('/work/csr33/images_for_predictions/naip_tiles/m_2908901_ne_16_030_20211129.tif'): can't read data: OpenCV(4.9.0) /io/opencv/modules/imgcodecs/src/grfmt_tiff.cpp:840: error: (-2:Unspecified error) OpenCV TIFF: failed TIFFReadRGBATile(tif, x, y, (uint32*)src_buffer) in function 'readData'

[ WARN:11@4149.075] global grfmt_tiff.cpp:840 readData OpenCV TIFF(line 840): failed TIFFReadRGBATile(tif, x, y, (uint32*)src_buffer)
[ERROR:11@4149.079] global loadsave.cpp:478 imread_ imread_('/work/csr33/images_for_predictions/naip_tiles/m_3008215_ne_17_060_20191110_20200108.tif'): can't read data: OpenCV(4.9.0) /io/opencv/modules/imgcodecs/src/grfmt_tiff.cpp:840: error: (-2:Unspecified error) OpenCV TIFF: failed TIFFReadRGBATile(tif, x, y, (uint32*)src_buffer) in function 'readData'

[ WARN:2@4241.901] global grfmt_tiff.cpp:840 readData OpenCV TIFF(line 840): failed TIFFReadRGBATile(tif, x, y, (uint32*)src_buffer)
[ERROR:2@4241.903] global loadsave.cpp:478 imread_ imread_('/work/csr33/images_for_predictions/naip_tiles/m_3008814_sw_16_030_20211112.tif'): can't read data: OpenCV(4.9.0) /io/opencv/modules/imgcodecs/src/grfmt_tiff.cpp:840: error: (-2:Unspecified error) OpenCV TIFF: failed TIFFReadRGBATile(tif, x, y, (uint32*)src_buffer) in function 'readData'

[ WARN:12@4721.477] global grfmt_tiff.cpp:840 readData OpenCV TIFF(line 840): failed TIFFReadRGBATile(tif, x, y, (uint32*)src_buffer)
[ERROR:12@4721.479] global loadsave.cpp:478 imread_ imread_('/work/csr33/images_for_predictions/naip_tiles/m_3907756_nw_18_060_20210616.tif'): can't read data: OpenCV(4.9.0) /io/opencv/modules/imgcodecs/src/grfmt_tiff.cpp:840: error: (-2:Unspecified error) OpenCV TIFF: failed TIFFReadRGBATile(tif, x, y, (uint32*)src_buffer) in function 'readData'

[ WARN:4@5026.420] global grfmt_tiff.cpp:840 readData OpenCV TIFF(line 840): failed TIFFReadRGBATile(tif, x, y, (uint32*)src_buffer)
[ERROR:4@5026.426] global loadsave.cpp:478 imread_ imread_('/work/csr33/images_for_predictions/naip_tiles/m_3009005_nw_15_030_20211120.tif'): can't read data: OpenCV(4.9.0) /io/opencv/modules/imgcodecs/src/grfmt_tiff.cpp:840: error: (-2:Unspecified error) OpenCV TIFF: failed TIFFReadRGBATile(tif, x, y, (uint32*)src_buffer) in function 'readData'

[ WARN:1@5205.410] global grfmt_tiff.cpp:840 readData OpenCV TIFF(line 840): failed TIFFReadRGBATile(tif, x, y, (uint32*)src_buffer)
[ERROR:1@5205.413] global loadsave.cpp:478 imread_ imread_('/work/csr33/images_for_predictions/naip_tiles/m_3008737_sw_16_030_20211113.tif'): can't read data: OpenCV(4.9.0) /io/opencv/modules/imgcodecs/src/grfmt_tiff.cpp:840: error: (-2:Unspecified error) OpenCV TIFF: failed TIFFReadRGBATile(tif, x, y, (uint32*)src_buffer) in function 'readData'

