[ WARN:0@15.647] global grfmt_tiff.cpp:840 readData OpenCV TIFF(line 840): failed TIFFReadRGBATile(tif, x, y, (uint32*)src_buffer)
[ERROR:0@15.668] global loadsave.cpp:478 imread_ imread_('/work/csr33/images_for_predictions/naip_tiles/m_3009023_ne_15_030_20211116.tif'): can't read data: OpenCV(4.9.0) /io/opencv/modules/imgcodecs/src/grfmt_tiff.cpp:840: error: (-2:Unspecified error) OpenCV TIFF: failed TIFFReadRGBATile(tif, x, y, (uint32*)src_buffer) in function 'readData'

[ WARN:1@171.920] global grfmt_tiff.cpp:840 readData OpenCV TIFF(line 840): failed TIFFReadRGBATile(tif, x, y, (uint32*)src_buffer)
[ERROR:1@171.922] global loadsave.cpp:478 imread_ imread_('/work/csr33/images_for_predictions/naip_tiles/m_4406907_se_19_060_20211006.tif'): can't read data: OpenCV(4.9.0) /io/opencv/modules/imgcodecs/src/grfmt_tiff.cpp:840: error: (-2:Unspecified error) OpenCV TIFF: failed TIFFReadRGBATile(tif, x, y, (uint32*)src_buffer) in function 'readData'

[ WARN:2@404.480] global grfmt_tiff.cpp:840 readData OpenCV TIFF(line 840): failed TIFFReadRGBATile(tif, x, y, (uint32*)src_buffer)
[ERROR:2@404.481] global loadsave.cpp:478 imread_ imread_('/work/csr33/images_for_predictions/naip_tiles/m_3009047_ne_15_030_20211123.tif'): can't read data: OpenCV(4.9.0) /io/opencv/modules/imgcodecs/src/grfmt_tiff.cpp:840: error: (-2:Unspecified error) OpenCV TIFF: failed TIFFReadRGBATile(tif, x, y, (uint32*)src_buffer) in function 'readData'

[ WARN:3@1930.002] global grfmt_tiff.cpp:840 readData OpenCV TIFF(line 840): failed TIFFReadRGBATile(tif, x, y, (uint32*)src_buffer)
[ERROR:3@1930.005] global loadsave.cpp:478 imread_ imread_('/work/csr33/images_for_predictions/naip_tiles/m_3008830_ne_16_030_20211119.tif'): can't read data: OpenCV(4.9.0) /io/opencv/modules/imgcodecs/src/grfmt_tiff.cpp:840: error: (-2:Unspecified error) OpenCV TIFF: failed TIFFReadRGBATile(tif, x, y, (uint32*)src_buffer) in function 'readData'

[ WARN:4@3002.015] global grfmt_tiff.cpp:840 readData OpenCV TIFF(line 840): failed TIFFReadRGBATile(tif, x, y, (uint32*)src_buffer)
[ERROR:4@3002.017] global loadsave.cpp:478 imread_ imread_('/work/csr33/images_for_predictions/naip_tiles/m_3009045_sw_15_030_20211115.tif'): can't read data: OpenCV(4.9.0) /io/opencv/modules/imgcodecs/src/grfmt_tiff.cpp:840: error: (-2:Unspecified error) OpenCV TIFF: failed TIFFReadRGBATile(tif, x, y, (uint32*)src_buffer) in function 'readData'

[ WARN:1@4725.100] global grfmt_tiff.cpp:840 readData OpenCV TIFF(line 840): failed TIFFReadRGBATile(tif, x, y, (uint32*)src_buffer)
[ERROR:1@4725.105] global loadsave.cpp:478 imread_ imread_('/work/csr33/images_for_predictions/naip_tiles/m_3008803_se_16_030_20211112.tif'): can't read data: OpenCV(4.9.0) /io/opencv/modules/imgcodecs/src/grfmt_tiff.cpp:840: error: (-2:Unspecified error) OpenCV TIFF: failed TIFFReadRGBATile(tif, x, y, (uint32*)src_buffer) in function 'readData'

[ WARN:5@4965.859] global grfmt_tiff.cpp:840 readData OpenCV TIFF(line 840): failed TIFFReadRGBATile(tif, x, y, (uint32*)src_buffer)
[ERROR:5@4965.860] global loadsave.cpp:478 imread_ imread_('/work/csr33/images_for_predictions/naip_tiles/m_3008847_ne_16_030_20211113.tif'): can't read data: OpenCV(4.9.0) /io/opencv/modules/imgcodecs/src/grfmt_tiff.cpp:840: error: (-2:Unspecified error) OpenCV TIFF: failed TIFFReadRGBATile(tif, x, y, (uint32*)src_buffer) in function 'readData'

[ WARN:4@5134.349] global grfmt_tiff.cpp:840 readData OpenCV TIFF(line 840): failed TIFFReadRGBATile(tif, x, y, (uint32*)src_buffer)
[ERROR:4@5134.351] global loadsave.cpp:478 imread_ imread_('/work/csr33/images_for_predictions/naip_tiles/m_3009220_se_15_030_20211223.tif'): can't read data: OpenCV(4.9.0) /io/opencv/modules/imgcodecs/src/grfmt_tiff.cpp:840: error: (-2:Unspecified error) OpenCV TIFF: failed TIFFReadRGBATile(tif, x, y, (uint32*)src_buffer) in function 'readData'

[ WARN:6@6514.728] global grfmt_tiff.cpp:840 readData OpenCV TIFF(line 840): failed TIFFReadRGBATile(tif, x, y, (uint32*)src_buffer)
[ERROR:6@6514.777] global loadsave.cpp:478 imread_ imread_('/work/csr33/images_for_predictions/naip_tiles/m_3108853_ne_16_030_20211123.tif'): can't read data: OpenCV(4.9.0) /io/opencv/modules/imgcodecs/src/grfmt_tiff.cpp:840: error: (-2:Unspecified error) OpenCV TIFF: failed TIFFReadRGBATile(tif, x, y, (uint32*)src_buffer) in function 'readData'

[ WARN:6@8501.892] global grfmt_tiff.cpp:840 readData OpenCV TIFF(line 840): failed TIFFReadRGBATile(tif, x, y, (uint32*)src_buffer)
[ERROR:6@8501.896] global loadsave.cpp:478 imread_ imread_('/work/csr33/images_for_predictions/naip_tiles/m_3009121_nw_15_030_20211114.tif'): can't read data: OpenCV(4.9.0) /io/opencv/modules/imgcodecs/src/grfmt_tiff.cpp:840: error: (-2:Unspecified error) OpenCV TIFF: failed TIFFReadRGBATile(tif, x, y, (uint32*)src_buffer) in function 'readData'

