load envirionment

/hpc/group/borsuklab/csr33/object_detection/naip_tiles/m_3507502_sw_18_060_20200516.tif
/hpc/group/borsuklab/csr33/object_detection/naip_tiles/m_4107226_sw_18_060_20211105.tif
/hpc/group/borsuklab/csr33/object_detection/naip_tiles/m_4207026_nw_19_060_20211024.tif
/hpc/group/borsuklab/csr33/object_detection/naip_tiles/m_3907406_sw_18_060_20190920_20191209.tif
/hpc/group/borsuklab/csr33/object_detection/naip_tiles/m_3008706_se_16_060_20191103_20200114.tif
/hpc/group/borsuklab/csr33/object_detection/naip_tiles/m_2909316_sw_15_060_20190726_20191001.tif
/hpc/group/borsuklab/csr33/object_detection/naip_tiles/m_3411937_nw_11_060_20200521.tif
/hpc/group/borsuklab/csr33/object_detection/naip_tiles/m_4107335_se_18_060_20211105.tif
/hpc/group/borsuklab/csr33/object_detection/naip_tiles/m_3907526_se_18_060_20210629.tif
/hpc/group/borsuklab/csr33/object_detection/naip_tiles/m_3008634_nw_16_060_20191109_20200114.tif
/hpc/group/borsuklab/csr33/object_detection/naip_tiles/m_3707527_nw_18_060_20211017.tif
/hpc/group/borsuklab/csr33/object_detection/naip_tiles/m_3307812_nw_17_060_20210508.tif
/hpc/group/borsuklab/csr33/object_detection/naip_tiles/m_3311625_sw_11_060_20200415.tif
/hpc/group/borsuklab/csr33/object_detection/naip_tiles/m_2809652_nw_14_060_20201029.tif
m_3008634_nw_16_060_20191109_20200114 340
m_4207026_nw_19_060_20211024 320
m_3907406_sw_18_060_20190920_20191209 320
m_3411937_nw_11_060_20200521 340
m_4107226_sw_18_060_20211105 336
m_3307812_nw_17_060_20210508 340
m_3907526_se_18_060_20210629 320
m_3311625_sw_11_060_20200415 340
m_4107335_se_18_060_20211105 320
m_2809652_nw_14_060_20201029 360
m_3707527_nw_18_060_20211017 340
m_3008706_se_16_060_20191103_20200114 340
m_3507502_sw_18_060_20200516 340
m_2909316_sw_15_060_20190726_20191001 360
159.96275210380554
