load envirionment

/hpc/group/borsuklab/csr33/object_detection/naip_tiles/m_3311728_nw_11_060_20200423.tif
/hpc/group/borsuklab/csr33/object_detection/naip_tiles/m_3211708_ne_11_060_20200428.tif
/hpc/group/borsuklab/csr33/object_detection/naip_tiles/m_4107233_sw_18_060_20211105.tif
/hpc/group/borsuklab/csr33/object_detection/naip_tiles/m_2909221_sw_15_060_20190905_20191001.tif
/hpc/group/borsuklab/csr33/object_detection/naip_tiles/m_4506750_nw_19_060_20210815.tif
/hpc/group/borsuklab/csr33/object_detection/naip_tiles/m_3607602_nw_18_060_20210827.tif
/hpc/group/borsuklab/csr33/object_detection/naip_tiles/m_4307016_nw_19_060_20211006.tif
/hpc/group/borsuklab/csr33/object_detection/naip_tiles/m_3008911_nw_16_030_20211112.tif
/hpc/group/borsuklab/csr33/object_detection/naip_tiles/m_2609735_sw_14_060_20201216.tif
/hpc/group/borsuklab/csr33/object_detection/naip_tiles/m_3807626_se_18_060_20210617.tif
/hpc/group/borsuklab/csr33/object_detection/naip_tiles/m_3707714_se_18_060_20210903.tif
/hpc/group/borsuklab/csr33/object_detection/naip_tiles/m_3008734_sw_16_030_20211113.tif
/hpc/group/borsuklab/csr33/object_detection/naip_tiles/m_3008603_ne_16_030_20211109.tif
/hpc/group/borsuklab/csr33/object_detection/naip_tiles/m_4506749_sw_19_060_20210815.tif
m_4107233_sw_18_060_20211105 336
m_4506750_nw_19_060_20210815 300
m_4506749_sw_19_060_20210815 300
m_2909221_sw_15_060_20190905_20191001 360
m_3607602_nw_18_060_20210827 340
m_3807626_se_18_060_20210617 320
m_4307016_nw_19_060_20211006 300
m_2609735_sw_14_060_20201216 360
m_3211708_ne_11_060_20200428 340
m_3311728_nw_11_060_20200423 340
m_3707714_se_18_060_20210903 357
m_3008603_ne_16_030_20211109 1400
m_3008734_sw_16_030_20211113 1400
m_3008911_nw_16_030_20211112 1440
238.52925848960876
