load envirionment

/hpc/group/borsuklab/csr33/object_detection/naip_tiles/m_3008105_ne_17_060_20211203.tif
/hpc/group/borsuklab/csr33/object_detection/naip_tiles/m_2508103_se_17_060_20211223.tif
/hpc/group/borsuklab/csr33/object_detection/naip_tiles/m_3407611_sw_18_060_20201031.tif
/hpc/group/borsuklab/csr33/object_detection/naip_tiles/m_3009160_sw_15_030_20211114.tif
/hpc/group/borsuklab/csr33/object_detection/naip_tiles/m_4207461_nw_18_060_20211110.tif
/hpc/group/borsuklab/csr33/object_detection/naip_tiles/m_2909206_nw_15_060_20190706_20191001.tif
/hpc/group/borsuklab/csr33/object_detection/naip_tiles/m_2608002_se_17_060_20191203_20200113.tif
/hpc/group/borsuklab/csr33/object_detection/naip_tiles/m_2908129_se_17_060_20211129.tif
/hpc/group/borsuklab/csr33/object_detection/naip_tiles/m_4107431_sw_18_060_20211105.tif
/hpc/group/borsuklab/csr33/object_detection/naip_tiles/m_2709707_sw_14_060_20200430.tif
/hpc/group/borsuklab/csr33/object_detection/naip_tiles/m_4506864_ne_19_060_20210831.tif
/hpc/group/borsuklab/csr33/object_detection/naip_tiles/m_3009432_ne_15_060_20201102.tif
/hpc/group/borsuklab/csr33/object_detection/naip_tiles/m_4307164_se_19_060_20211024.tif
/hpc/group/borsuklab/csr33/object_detection/naip_tiles/m_3208121_se_17_060_20210426.tif
m_4307164_se_19_060_20211024 336
m_4506864_ne_19_060_20210831 300
m_4107431_sw_18_060_20211105 320
m_3208121_se_17_060_20210426 340
m_2709707_sw_14_060_20200430 360
m_4207461_nw_18_060_20211110 320
m_3407611_sw_18_060_20201031 357
m_3008105_ne_17_060_20211203 340
m_2908129_se_17_060_20211129 360
m_2508103_se_17_060_20211223 360
m_2909206_nw_15_060_20190706_20191001 360
m_3009432_ne_15_060_20201102 340
m_2608002_se_17_060_20191203_20200113 360
m_3009160_sw_15_030_20211114 1326
114.31668305397034
