load envirionment

/hpc/group/borsuklab/csr33/object_detection/naip_tiles/m_2909441_sw_15_060_20201116.tif
/hpc/group/borsuklab/csr33/object_detection/naip_tiles/m_4406701_ne_19_060_20210901.tif
/hpc/group/borsuklab/csr33/object_detection/naip_tiles/m_4207430_ne_18_060_20210920.tif
/hpc/group/borsuklab/csr33/object_detection/naip_tiles/m_3311717_sw_11_060_20200505.tif
/hpc/group/borsuklab/csr33/object_detection/naip_tiles/m_4307148_se_19_060_20211024.tif
/hpc/group/borsuklab/csr33/object_detection/naip_tiles/m_2909130_se_15_060_20190831_20191001.tif
/hpc/group/borsuklab/csr33/object_detection/naip_tiles/m_3607624_ne_18_060_20210913.tif
/hpc/group/borsuklab/csr33/object_detection/naip_tiles/m_3507713_ne_18_060_20200922.tif
/hpc/group/borsuklab/csr33/object_detection/naip_tiles/m_3407851_sw_17_060_20200922.tif
/hpc/group/borsuklab/csr33/object_detection/naip_tiles/m_4506805_se_19_060_20210921.tif
/hpc/group/borsuklab/csr33/object_detection/naip_tiles/m_3008151_se_17_060_20211129.tif
/hpc/group/borsuklab/csr33/object_detection/naip_tiles/m_2608208_se_17_060_20211217.tif
/hpc/group/borsuklab/csr33/object_detection/naip_tiles/m_3311622_sw_11_060_20200416.tif
/hpc/group/borsuklab/csr33/object_detection/naip_tiles/m_3008940_nw_16_030_20211114.tif
m_3507713_ne_18_060_20200922 340
m_4406701_ne_19_060_20210901 300
m_4506805_se_19_060_20210921 300
m_4207430_ne_18_060_20210920 300
m_2909130_se_15_060_20190831_20191001 360
m_4307148_se_19_060_20211024 336
m_3311622_sw_11_060_20200416 340
m_2909441_sw_15_060_20201116 360
m_3607624_ne_18_060_20210913 340
m_3311717_sw_11_060_20200505 340
m_3407851_sw_17_060_20200922 378
m_2608208_se_17_060_20211217 360
m_3008151_se_17_060_20211129 360
m_3008940_nw_16_030_20211114 1440
183.3366801738739
