load envirionment

/hpc/group/borsuklab/csr33/object_detection/naip_tiles/m_2908314_sw_17_060_20211130.tif
/hpc/group/borsuklab/csr33/object_detection/naip_tiles/m_4107021_se_19_060_20211103.tif
/hpc/group/borsuklab/csr33/object_detection/naip_tiles/m_3907552_sw_18_060_20210630.tif
/hpc/group/borsuklab/csr33/object_detection/naip_tiles/m_2908954_se_16_030_20211130.tif
/hpc/group/borsuklab/csr33/object_detection/naip_tiles/m_4207454_se_18_060_20211110.tif
/hpc/group/borsuklab/csr33/object_detection/naip_tiles/m_2909210_ne_15_060_20190706_20191001.tif
/hpc/group/borsuklab/csr33/object_detection/naip_tiles/m_3108255_nw_17_060_20191110_20200102.tif
/hpc/group/borsuklab/csr33/object_detection/naip_tiles/m_4506830_nw_19_060_20210921.tif
/hpc/group/borsuklab/csr33/object_detection/naip_tiles/m_3607517_ne_18_060_20210913.tif
/hpc/group/borsuklab/csr33/object_detection/naip_tiles/m_3607653_ne_18_060_20200922.tif
/hpc/group/borsuklab/csr33/object_detection/naip_tiles/m_3311617_ne_11_060_20200415.tif
/hpc/group/borsuklab/csr33/object_detection/naip_tiles/m_3807609_sw_18_060_20210617.tif
/hpc/group/borsuklab/csr33/object_detection/naip_tiles/m_3411864_se_11_060_20200505.tif
/hpc/group/borsuklab/csr33/object_detection/naip_tiles/m_2909211_se_15_060_20190706_20191001.tif
m_4506830_nw_19_060_20210921 300
m_3807609_sw_18_060_20210617 320
m_3108255_nw_17_060_20191110_20200102 340
m_4107021_se_19_060_20211103 320
m_3907552_sw_18_060_20210630 320
m_3607517_ne_18_060_20210913 340
m_4207454_se_18_060_20211110 320
m_2908314_sw_17_060_20211130 378
m_3311617_ne_11_060_20200415 340
m_3411864_se_11_060_20200505 340
m_3607653_ne_18_060_20200922 340
m_2909211_se_15_060_20190706_20191001 360
m_2909210_ne_15_060_20190706_20191001 360
m_2908954_se_16_030_20211130 1365
108.44780921936035
