load envirionment

/hpc/group/borsuklab/csr33/object_detection/naip_tiles/m_2909036_ne_15_030_20211130.tif
/hpc/group/borsuklab/csr33/object_detection/naip_tiles/m_3207925_nw_17_060_20210426.tif
/hpc/group/borsuklab/csr33/object_detection/naip_tiles/m_2608017_ne_17_060_20191130_20200113.tif
/hpc/group/borsuklab/csr33/object_detection/naip_tiles/m_4207329_sw_18_060_20211107.tif
/hpc/group/borsuklab/csr33/object_detection/naip_tiles/m_2508124_ne_17_060_20211203.tif
/hpc/group/borsuklab/csr33/object_detection/naip_tiles/m_4406819_ne_19_060_20210914.tif
/hpc/group/borsuklab/csr33/object_detection/naip_tiles/m_3108743_nw_16_030_20211115.tif
/hpc/group/borsuklab/csr33/object_detection/naip_tiles/m_3307919_sw_17_060_20210501.tif
/hpc/group/borsuklab/csr33/object_detection/naip_tiles/m_3008606_nw_16_030_20211112.tif
/hpc/group/borsuklab/csr33/object_detection/naip_tiles/m_3009045_nw_15_030_20211115.tif
/hpc/group/borsuklab/csr33/object_detection/naip_tiles/m_3108854_se_16_030_20211123.tif
/hpc/group/borsuklab/csr33/object_detection/naip_tiles/m_4107243_ne_18_060_20211001.tif
/hpc/group/borsuklab/csr33/object_detection/naip_tiles/m_3807526_nw_18_060_20210618.tif
/hpc/group/borsuklab/csr33/object_detection/naip_tiles/m_3211605_ne_11_060_20200415.tif
m_3207925_nw_17_060_20210426 340
m_3807526_nw_18_060_20210618 320
m_4107243_ne_18_060_20211001 320
m_4207329_sw_18_060_20211107 336
m_3307919_sw_17_060_20210501 340
m_2608017_ne_17_060_20191130_20200113 360
m_3211605_ne_11_060_20200415 340
m_4406819_ne_19_060_20210914 300
m_2508124_ne_17_060_20211203 360
m_2909036_ne_15_030_20211130 1365
m_3009045_nw_15_030_20211115 1365
m_3008606_nw_16_030_20211112 1400
m_3108854_se_16_030_20211123 1400
m_3108743_nw_16_030_20211115 1400
181.04254150390625
