load envirionment

/hpc/group/borsuklab/csr33/object_detection/naip_tiles/m_3009332_se_15_060_20190905_20191001.tif
/hpc/group/borsuklab/csr33/object_detection/naip_tiles/m_3807737_sw_18_060_20210903.tif
/hpc/group/borsuklab/csr33/object_detection/naip_tiles/m_2909421_se_15_060_20201112.tif
/hpc/group/borsuklab/csr33/object_detection/naip_tiles/m_3108759_se_16_030_20211115.tif
/hpc/group/borsuklab/csr33/object_detection/naip_tiles/m_2808221_sw_17_060_20211130.tif
/hpc/group/borsuklab/csr33/object_detection/naip_tiles/m_4007414_nw_18_060_20190830_20191209.tif
/hpc/group/borsuklab/csr33/object_detection/naip_tiles/m_2709741_se_14_060_20200501.tif
/hpc/group/borsuklab/csr33/object_detection/naip_tiles/m_4207341_nw_18_060_20210920.tif
/hpc/group/borsuklab/csr33/object_detection/naip_tiles/m_3907552_se_18_060_20210624.tif
/hpc/group/borsuklab/csr33/object_detection/naip_tiles/m_3008143_sw_17_060_20211129.tif
/hpc/group/borsuklab/csr33/object_detection/naip_tiles/m_3607730_ne_18_060_20210903.tif
/hpc/group/borsuklab/csr33/object_detection/naip_tiles/m_3009235_nw_15_060_20190706_20191001.tif
/hpc/group/borsuklab/csr33/object_detection/naip_tiles/m_2708236_nw_17_060_20211130.tif
/hpc/group/borsuklab/csr33/object_detection/naip_tiles/m_3907624_se_18_060_20211020.tif
m_3907552_se_18_060_20210624 320
m_3607730_ne_18_060_20210903 340
m_2808221_sw_17_060_20211130 360
m_4007414_nw_18_060_20190830_20191209 300
m_3009332_se_15_060_20190905_20191001 360
m_3907624_se_18_060_20211020 320
m_4207341_nw_18_060_20210920 320
m_2709741_se_14_060_20200501 360
m_3009235_nw_15_060_20190706_20191001 360
m_3008143_sw_17_060_20211129 360
m_2909421_se_15_060_20201112 360
m_3807737_sw_18_060_20210903 357
m_2708236_nw_17_060_20211130 380
m_3108759_se_16_030_20211115 1400
160.84591913223267
