load envirionment

/hpc/group/borsuklab/csr33/object_detection/naip_tiles/m_4107228_ne_18_060_20210904.tif
/hpc/group/borsuklab/csr33/object_detection/naip_tiles/m_3008834_ne_16_030_20211113.tif
/hpc/group/borsuklab/csr33/object_detection/naip_tiles/m_3507601_nw_18_060_20200922.tif
/hpc/group/borsuklab/csr33/object_detection/naip_tiles/m_3211614_sw_11_060_20200415.tif
/hpc/group/borsuklab/csr33/object_detection/naip_tiles/m_3008714_nw_16_060_20191103_20200114.tif
/hpc/group/borsuklab/csr33/object_detection/naip_tiles/m_4007450_se_18_060_20191014_20191203.tif
/hpc/group/borsuklab/csr33/object_detection/naip_tiles/m_3311805_ne_11_060_20200515.tif
/hpc/group/borsuklab/csr33/object_detection/naip_tiles/m_3607736_ne_18_060_20200922.tif
/hpc/group/borsuklab/csr33/object_detection/naip_tiles/m_3211714_ne_11_060_20200520.tif
/hpc/group/borsuklab/csr33/object_detection/naip_tiles/m_4007414_sw_18_060_20190830_20191209.tif
/hpc/group/borsuklab/csr33/object_detection/naip_tiles/m_3008102_se_17_060_20191110_20200108.tif
/hpc/group/borsuklab/csr33/object_detection/naip_tiles/m_4007424_ne_18_060_20211105.tif
/hpc/group/borsuklab/csr33/object_detection/naip_tiles/m_3008927_sw_16_030_20211116.tif
/hpc/group/borsuklab/csr33/object_detection/naip_tiles/m_3307801_nw_17_060_20210501.tif
m_3507601_nw_18_060_20200922 340
m_4007414_sw_18_060_20190830_20191209 300
m_4107228_ne_18_060_20210904 320
m_4007450_se_18_060_20191014_20191203 320
m_3211714_ne_11_060_20200520 340
m_3008714_nw_16_060_20191103_20200114 340
m_3607736_ne_18_060_20200922 340
m_3311805_ne_11_060_20200515 340
m_3008102_se_17_060_20191110_20200108 340
m_4007424_ne_18_060_20211105 320
m_3211614_sw_11_060_20200415 340
m_3307801_nw_17_060_20210501 340
m_3008927_sw_16_030_20211116 1365
m_3008834_ne_16_030_20211113 1400
123.16046237945557
