load envirionment

/hpc/group/borsuklab/csr33/object_detection/naip_tiles/m_2708003_se_17_060_20191215_20200113.tif
/hpc/group/borsuklab/csr33/object_detection/naip_tiles/m_3008518_ne_16_060_20191109_20200114.tif
/hpc/group/borsuklab/csr33/object_detection/naip_tiles/m_3307960_sw_17_060_20210501.tif
/hpc/group/borsuklab/csr33/object_detection/naip_tiles/m_2908225_sw_17_060_20211117.tif
/hpc/group/borsuklab/csr33/object_detection/naip_tiles/m_4506835_se_19_060_20210816.tif
/hpc/group/borsuklab/csr33/object_detection/naip_tiles/m_3507744_ne_18_060_20200930.tif
/hpc/group/borsuklab/csr33/object_detection/naip_tiles/m_2909220_ne_15_060_20190706_20191001.tif
/hpc/group/borsuklab/csr33/object_detection/naip_tiles/m_3008117_ne_17_060_20211129.tif
/hpc/group/borsuklab/csr33/object_detection/naip_tiles/m_2609725_sw_14_060_20200503.tif
/hpc/group/borsuklab/csr33/object_detection/naip_tiles/m_3008125_se_17_060_20211129.tif
/hpc/group/borsuklab/csr33/object_detection/naip_tiles/m_3907407_nw_18_060_20190809_20191209.tif
/hpc/group/borsuklab/csr33/object_detection/naip_tiles/m_3008457_se_16_060_20191128_20200114.tif
/hpc/group/borsuklab/csr33/object_detection/naip_tiles/m_3009133_ne_15_030_20211113.tif
/hpc/group/borsuklab/csr33/object_detection/naip_tiles/m_3008109_sw_17_060_20211202.tif
m_3008518_ne_16_060_20191109_20200114 340
m_3307960_sw_17_060_20210501 340
m_3907407_nw_18_060_20190809_20191209 320
m_4506835_se_19_060_20210816 300
m_2909220_ne_15_060_20190706_20191001 360
m_3008457_se_16_060_20191128_20200114 360
m_3008109_sw_17_060_20211202 360
m_2708003_se_17_060_20191215_20200113 360
m_3008125_se_17_060_20211129 360
m_3008117_ne_17_060_20211129 360
m_3507744_ne_18_060_20200930 340
m_2609725_sw_14_060_20200503 360
m_2908225_sw_17_060_20211117 378
m_3009133_ne_15_030_20211113 1326
91.65962600708008
