load envirionment

/hpc/group/borsuklab/csr33/object_detection/naip_tiles/m_4107231_ne_18_060_20210926.tif
/hpc/group/borsuklab/csr33/object_detection/naip_tiles/m_3907435_sw_18_060_20190730_20191209.tif
/hpc/group/borsuklab/csr33/object_detection/naip_tiles/m_2909047_ne_15_030_20211123.tif
/hpc/group/borsuklab/csr33/object_detection/naip_tiles/m_3507525_se_18_060_20201018.tif
/hpc/group/borsuklab/csr33/object_detection/naip_tiles/m_3907641_ne_18_060_20210616.tif
/hpc/group/borsuklab/csr33/object_detection/naip_tiles/m_3008556_sw_16_060_20191128_20200114.tif
/hpc/group/borsuklab/csr33/object_detection/naip_tiles/m_4406950_ne_19_060_20210827.tif
/hpc/group/borsuklab/csr33/object_detection/naip_tiles/m_2909435_ne_15_060_20201116.tif
/hpc/group/borsuklab/csr33/object_detection/naip_tiles/m_2909657_nw_14_060_20201116.tif
/hpc/group/borsuklab/csr33/object_detection/naip_tiles/m_3411937_se_11_060_20200521.tif
/hpc/group/borsuklab/csr33/object_detection/naip_tiles/m_4307007_nw_19_060_20211007.tif
/hpc/group/borsuklab/csr33/object_detection/naip_tiles/m_2909050_sw_15_060_20190830_20191001.tif
/hpc/group/borsuklab/csr33/object_detection/naip_tiles/m_3707727_ne_18_060_20210910.tif
/hpc/group/borsuklab/csr33/object_detection/naip_tiles/m_4107429_ne_18_060_20211106.tif
m_4307007_nw_19_060_20211007 300
m_3907641_ne_18_060_20210616 320
m_3411937_se_11_060_20200521 340
m_4107429_ne_18_060_20211106 320
m_4107231_ne_18_060_20210926 320
m_3507525_se_18_060_20201018 340
m_2909657_nw_14_060_20201116 360
m_4406950_ne_19_060_20210827 300
m_2909050_sw_15_060_20190830_20191001 378
m_3707727_ne_18_060_20210910 340
m_3008556_sw_16_060_20191128_20200114 360
m_2909435_ne_15_060_20201116 360
m_3907435_sw_18_060_20190730_20191209 320
m_2909047_ne_15_030_20211123 1365
108.16898894309998
