load envirionment

/hpc/group/borsuklab/csr33/object_detection/naip_tiles/m_2809631_nw_14_060_20201029.tif
/hpc/group/borsuklab/csr33/object_detection/naip_tiles/m_2909214_ne_15_060_20190706_20191001.tif
/hpc/group/borsuklab/csr33/object_detection/naip_tiles/m_3907417_se_18_060_20190830_20191209.tif
/hpc/group/borsuklab/csr33/object_detection/naip_tiles/m_3607549_sw_18_060_20200516.tif
/hpc/group/borsuklab/csr33/object_detection/naip_tiles/m_3008160_se_17_060_20211129.tif
/hpc/group/borsuklab/csr33/object_detection/naip_tiles/m_2809760_ne_14_060_20201116.tif
/hpc/group/borsuklab/csr33/object_detection/naip_tiles/m_2708010_nw_17_060_20191129_20200113.tif
/hpc/group/borsuklab/csr33/object_detection/naip_tiles/m_2808256_sw_17_060_20211202.tif
/hpc/group/borsuklab/csr33/object_detection/naip_tiles/m_3907413_se_18_060_20190730_20191209.tif
/hpc/group/borsuklab/csr33/object_detection/naip_tiles/m_3108758_nw_16_030_20211115.tif
/hpc/group/borsuklab/csr33/object_detection/naip_tiles/m_3307932_ne_17_060_20210501.tif
/hpc/group/borsuklab/csr33/object_detection/naip_tiles/m_4107210_ne_18_060_20211019.tif
/hpc/group/borsuklab/csr33/object_detection/naip_tiles/m_3208153_sw_17_060_20191109_20200102.tif
/hpc/group/borsuklab/csr33/object_detection/naip_tiles/m_3311715_nw_11_060_20200423.tif
m_3907413_se_18_060_20190730_20191209 320
m_3208153_sw_17_060_20191109_20200102 340
m_3311715_nw_11_060_20200423 340
m_3307932_ne_17_060_20210501 340
m_2708010_nw_17_060_20191129_20200113 360
m_2909214_ne_15_060_20190706_20191001 360
m_2809760_ne_14_060_20201116 360
m_4107210_ne_18_060_20211019 320
m_3907417_se_18_060_20190830_20191209 320
m_3607549_sw_18_060_20200516 340
m_2808256_sw_17_060_20211202 360
m_2809631_nw_14_060_20201029 360
m_3008160_se_17_060_20211129 360
m_3108758_nw_16_030_20211115 1400
120.39759254455566
