load envirionment

/hpc/group/borsuklab/csr33/object_detection/naip_tiles/m_3707603_ne_18_060_20210926.tif
/hpc/group/borsuklab/csr33/object_detection/naip_tiles/m_3311731_nw_11_060_20200423.tif
/hpc/group/borsuklab/csr33/object_detection/naip_tiles/m_2708063_nw_17_060_20191215_20200113.tif
/hpc/group/borsuklab/csr33/object_detection/naip_tiles/m_3308032_sw_17_060_20210501.tif
/hpc/group/borsuklab/csr33/object_detection/naip_tiles/m_4107423_ne_18_060_20211105.tif
/hpc/group/borsuklab/csr33/object_detection/naip_tiles/m_3008705_nw_16_030_20211115.tif
/hpc/group/borsuklab/csr33/object_detection/naip_tiles/m_2708262_sw_17_060_20211204.tif
/hpc/group/borsuklab/csr33/object_detection/naip_tiles/m_4406723_nw_19_060_20210711.tif
/hpc/group/borsuklab/csr33/object_detection/naip_tiles/m_3512064_sw_10_060_20200522.tif
/hpc/group/borsuklab/csr33/object_detection/naip_tiles/m_4506761_sw_19_060_20210723.tif
/hpc/group/borsuklab/csr33/object_detection/naip_tiles/m_3307810_nw_17_060_20210508.tif
/hpc/group/borsuklab/csr33/object_detection/naip_tiles/m_3008810_nw_16_030_20211112.tif
/hpc/group/borsuklab/csr33/object_detection/naip_tiles/m_3311628_se_11_060_20200415.tif
/hpc/group/borsuklab/csr33/object_detection/naip_tiles/m_2909036_sw_15_030_20211130.tif
m_2708063_nw_17_060_20191215_20200113 360
m_4406723_nw_19_060_20210711 300
m_4107423_ne_18_060_20211105 320
m_4506761_sw_19_060_20210723 315
m_3308032_sw_17_060_20210501 340
m_3311731_nw_11_060_20200423 340
m_3707603_ne_18_060_20210926 340
m_3311628_se_11_060_20200415 340
m_3307810_nw_17_060_20210508 340
m_3512064_sw_10_060_20200522 340
m_2708262_sw_17_060_20211204 380
m_2909036_sw_15_030_20211130 1365
m_3008705_nw_16_030_20211115 1400
m_3008810_nw_16_030_20211112 1440
146.4161581993103
