load envirionment

/hpc/group/borsuklab/csr33/object_detection/naip_tiles/m_3407719_sw_18_060_20200930.tif
/hpc/group/borsuklab/csr33/object_detection/naip_tiles/m_2709727_ne_14_060_20200501.tif
/hpc/group/borsuklab/csr33/object_detection/naip_tiles/m_2808258_se_17_060_20191121_20200113.tif
/hpc/group/borsuklab/csr33/object_detection/naip_tiles/m_4107010_ne_19_060_20210904.tif
/hpc/group/borsuklab/csr33/object_detection/naip_tiles/m_3707611_nw_18_060_20210912.tif
/hpc/group/borsuklab/csr33/object_detection/naip_tiles/m_2809764_se_14_060_20200430.tif
/hpc/group/borsuklab/csr33/object_detection/naip_tiles/m_2609840_ne_14_060_20200502.tif
/hpc/group/borsuklab/csr33/object_detection/naip_tiles/m_3009133_sw_15_030_20211113.tif
/hpc/group/borsuklab/csr33/object_detection/naip_tiles/m_4107350_ne_18_060_20211105.tif
/hpc/group/borsuklab/csr33/object_detection/naip_tiles/m_4406937_ne_19_060_20210904.tif
/hpc/group/borsuklab/csr33/object_detection/naip_tiles/m_2909409_se_15_060_20201112.tif
/hpc/group/borsuklab/csr33/object_detection/naip_tiles/m_2909047_nw_15_030_20211123.tif
/hpc/group/borsuklab/csr33/object_detection/naip_tiles/m_3008945_ne_16_030_20211114.tif
/hpc/group/borsuklab/csr33/object_detection/naip_tiles/m_2808220_se_17_060_20211130.tif
m_4406937_ne_19_060_20210904 300
m_4107010_ne_19_060_20210904 320
m_3707611_nw_18_060_20210912 340
m_3407719_sw_18_060_20200930 378
m_2808258_se_17_060_20191121_20200113 360
m_2909409_se_15_060_20201112 360
m_2808220_se_17_060_20211130 360
m_2809764_se_14_060_20200430 360
m_2709727_ne_14_060_20200501 360
m_4107350_ne_18_060_20211105 320
m_2609840_ne_14_060_20200502 360
m_3009133_sw_15_030_20211113 1326
m_2909047_nw_15_030_20211123 1365
m_3008945_ne_16_030_20211114 1400
152.32757234573364
