load envirionment

/hpc/group/borsuklab/csr33/object_detection/naip_tiles/m_3807736_ne_18_060_20210903.tif
/hpc/group/borsuklab/csr33/object_detection/naip_tiles/m_4007322_sw_18_060_20211103.tif
/hpc/group/borsuklab/csr33/object_detection/naip_tiles/m_3707636_sw_18_060_20210926.tif
/hpc/group/borsuklab/csr33/object_detection/naip_tiles/m_3208005_ne_17_060_20210426.tif
/hpc/group/borsuklab/csr33/object_detection/naip_tiles/m_4107462_se_18_060_20190830_20191209.tif
/hpc/group/borsuklab/csr33/object_detection/naip_tiles/m_2708003_nw_17_060_20191215_20200113.tif
/hpc/group/borsuklab/csr33/object_detection/naip_tiles/m_2908120_sw_17_060_20211129.tif
/hpc/group/borsuklab/csr33/object_detection/naip_tiles/m_3907549_se_18_060_20210606.tif
/hpc/group/borsuklab/csr33/object_detection/naip_tiles/m_2909140_se_15_060_20190831_20191001.tif
/hpc/group/borsuklab/csr33/object_detection/naip_tiles/m_2909511_ne_15_060_20201030.tif
/hpc/group/borsuklab/csr33/object_detection/naip_tiles/m_2608012_ne_17_060_20191207_20200113.tif
/hpc/group/borsuklab/csr33/object_detection/naip_tiles/m_3307959_ne_17_060_20210501.tif
/hpc/group/borsuklab/csr33/object_detection/naip_tiles/m_3807554_nw_18_060_20210605.tif
/hpc/group/borsuklab/csr33/object_detection/naip_tiles/m_4506818_ne_19_060_20210816.tif
m_4107462_se_18_060_20190830_20191209 300
m_4506818_ne_19_060_20210816 300
m_3807554_nw_18_060_20210605 320
m_3907549_se_18_060_20210606 320
m_2909140_se_15_060_20190831_20191001 378
m_4007322_sw_18_060_20211103 336
m_2608012_ne_17_060_20191207_20200113 360
m_3707636_sw_18_060_20210926 357
m_2909511_ne_15_060_20201030 360
m_2708003_nw_17_060_20191215_20200113 360
m_3307959_ne_17_060_20210501 340
m_3807736_ne_18_060_20210903 340
m_3208005_ne_17_060_20210426 340
m_2908120_sw_17_060_20211129 360
75.54506611824036
