load envirionment

/hpc/group/borsuklab/csr33/object_detection/naip_tiles/m_3008448_nw_16_060_20191205_20200114.tif
/hpc/group/borsuklab/csr33/object_detection/naip_tiles/m_3008119_se_17_060_20211129.tif
/hpc/group/borsuklab/csr33/object_detection/naip_tiles/m_2608048_nw_17_060_20191120_20200113.tif
/hpc/group/borsuklab/csr33/object_detection/naip_tiles/m_2909045_ne_15_030_20211130.tif
/hpc/group/borsuklab/csr33/object_detection/naip_tiles/m_2909532_nw_15_060_20201116.tif
/hpc/group/borsuklab/csr33/object_detection/naip_tiles/m_3208017_ne_17_060_20210426.tif
/hpc/group/borsuklab/csr33/object_detection/naip_tiles/m_4307058_se_19_060_20211024.tif
/hpc/group/borsuklab/csr33/object_detection/naip_tiles/m_3008820_sw_16_030_20211119.tif
/hpc/group/borsuklab/csr33/object_detection/naip_tiles/m_2908232_ne_17_060_20211129.tif
/hpc/group/borsuklab/csr33/object_detection/naip_tiles/m_3607724_se_18_060_20210827.tif
/hpc/group/borsuklab/csr33/object_detection/naip_tiles/m_3507720_ne_18_060_20200930.tif
/hpc/group/borsuklab/csr33/object_detection/naip_tiles/m_3707617_sw_18_060_20210827.tif
/hpc/group/borsuklab/csr33/object_detection/naip_tiles/m_2809617_sw_14_060_20201116.tif
/hpc/group/borsuklab/csr33/object_detection/naip_tiles/m_3008614_nw_16_060_20191109_20200114.tif
m_3008614_nw_16_060_20191109_20200114 340
m_3208017_ne_17_060_20210426 340
m_3507720_ne_18_060_20200930 340
m_3707617_sw_18_060_20210827 357
m_3607724_se_18_060_20210827 357
m_3008119_se_17_060_20211129 360
m_2908232_ne_17_060_20211129 360
m_2909532_nw_15_060_20201116 360
m_3008448_nw_16_060_20191205_20200114 360
m_4307058_se_19_060_20211024 336
m_2608048_nw_17_060_20191120_20200113 360
m_2809617_sw_14_060_20201116 360
m_2909045_ne_15_030_20211130 1365
m_3008820_sw_16_030_20211119 1440
145.76470828056335
