load envirionment

/hpc/group/borsuklab/csr33/object_detection/naip_tiles/m_3208006_se_17_060_20210426.tif
/hpc/group/borsuklab/csr33/object_detection/naip_tiles/m_2909212_nw_15_060_20190706_20191001.tif
/hpc/group/borsuklab/csr33/object_detection/naip_tiles/m_2608004_se_17_060_20191203_20200113.tif
/hpc/group/borsuklab/csr33/object_detection/naip_tiles/m_3208041_ne_17_060_20210507.tif
/hpc/group/borsuklab/csr33/object_detection/naip_tiles/m_3008462_ne_16_060_20191129_20200114.tif
/hpc/group/borsuklab/csr33/object_detection/naip_tiles/m_2908226_nw_17_060_20211129.tif
/hpc/group/borsuklab/csr33/object_detection/naip_tiles/m_4107245_sw_18_060_20210904.tif
/hpc/group/borsuklab/csr33/object_detection/naip_tiles/m_2608047_sw_17_060_20191120_20200113.tif
/hpc/group/borsuklab/csr33/object_detection/naip_tiles/m_4107360_nw_18_060_20211106.tif
/hpc/group/borsuklab/csr33/object_detection/naip_tiles/m_3507652_sw_18_060_20201018.tif
/hpc/group/borsuklab/csr33/object_detection/naip_tiles/m_2708238_sw_17_060_20211130.tif
/hpc/group/borsuklab/csr33/object_detection/naip_tiles/m_3009309_ne_15_060_20201006.tif
/hpc/group/borsuklab/csr33/object_detection/naip_tiles/m_2809759_nw_14_060_20201115.tif
/hpc/group/borsuklab/csr33/object_detection/naip_tiles/m_3507557_nw_18_060_20201018.tif
m_2708238_sw_17_060_20211130 360
m_3009309_ne_15_060_20201006 340
m_4107360_nw_18_060_20211106 320
m_3507652_sw_18_060_20201018 340
m_2809759_nw_14_060_20201115 360
m_4107245_sw_18_060_20210904 336
m_3008462_ne_16_060_20191129_20200114 360
m_2608047_sw_17_060_20191120_20200113 360
m_3208006_se_17_060_20210426 340
m_3507557_nw_18_060_20201018 340
m_2909212_nw_15_060_20190706_20191001 360
m_2608004_se_17_060_20191203_20200113 360
m_3208041_ne_17_060_20210507 340
m_2908226_nw_17_060_20211129 360
68.66395545005798
