load envirionment

/hpc/group/borsuklab/csr33/object_detection/naip_tiles/m_3907415_ne_18_060_20190809_20191209.tif
/hpc/group/borsuklab/csr33/object_detection/naip_tiles/m_3907526_ne_18_060_20210629.tif
/hpc/group/borsuklab/csr33/object_detection/naip_tiles/m_4107262_se_18_060_20210926.tif
/hpc/group/borsuklab/csr33/object_detection/naip_tiles/m_3208012_nw_17_060_20210507.tif
/hpc/group/borsuklab/csr33/object_detection/naip_tiles/m_2909014_nw_15_030_20211130.tif
/hpc/group/borsuklab/csr33/object_detection/naip_tiles/m_2908348_ne_17_060_20211117.tif
/hpc/group/borsuklab/csr33/object_detection/naip_tiles/m_3008602_nw_16_030_20211112.tif
/hpc/group/borsuklab/csr33/object_detection/naip_tiles/m_3108133_ne_17_060_20191110_20200102.tif
/hpc/group/borsuklab/csr33/object_detection/naip_tiles/m_4107018_sw_19_060_20210904.tif
/hpc/group/borsuklab/csr33/object_detection/naip_tiles/m_3009238_se_15_030_20211222.tif
/hpc/group/borsuklab/csr33/object_detection/naip_tiles/m_4107140_nw_19_060_20210826.tif
/hpc/group/borsuklab/csr33/object_detection/naip_tiles/m_3009157_se_15_030_20211113.tif
/hpc/group/borsuklab/csr33/object_detection/naip_tiles/m_3311651_sw_11_060_20200415.tif
/hpc/group/borsuklab/csr33/object_detection/naip_tiles/m_2909123_sw_15_060_20190707_20191001.tif
m_4107262_se_18_060_20210926 336
m_3311651_sw_11_060_20200415 340
m_4107140_nw_19_060_20210826 320
m_3108133_ne_17_060_20191110_20200102 340
m_2908348_ne_17_060_20211117 360
m_3907415_ne_18_060_20190809_20191209 320
m_3907526_ne_18_060_20210629 320
m_3208012_nw_17_060_20210507 340
m_4107018_sw_19_060_20210904 336
m_2909123_sw_15_060_20190707_20191001 360
m_3009238_se_15_030_20211222 1326
m_3009157_se_15_030_20211113 1326
m_2909014_nw_15_030_20211130 1365
m_3008602_nw_16_030_20211112 1365
178.67667508125305
