load envirionment

/hpc/group/borsuklab/csr33/object_detection/naip_tiles/m_2809764_sw_14_060_20200430.tif
/hpc/group/borsuklab/csr33/object_detection/naip_tiles/m_3009217_sw_15_060_20190904_20191001.tif
/hpc/group/borsuklab/csr33/object_detection/naip_tiles/m_3009155_ne_15_030_20211120.tif
/hpc/group/borsuklab/csr33/object_detection/naip_tiles/m_4307006_se_19_060_20210722.tif
/hpc/group/borsuklab/csr33/object_detection/naip_tiles/m_3008241_sw_17_060_20211130.tif
/hpc/group/borsuklab/csr33/object_detection/naip_tiles/m_3009104_sw_15_030_20211114.tif
/hpc/group/borsuklab/csr33/object_detection/naip_tiles/m_4107346_sw_18_060_20211106.tif
/hpc/group/borsuklab/csr33/object_detection/naip_tiles/m_3008161_nw_17_060_20211130.tif
/hpc/group/borsuklab/csr33/object_detection/naip_tiles/m_3008618_ne_16_060_20191109_20200114.tif
/hpc/group/borsuklab/csr33/object_detection/naip_tiles/m_3208146_se_17_060_20191109_20200102.tif
/hpc/group/borsuklab/csr33/object_detection/naip_tiles/m_2909036_nw_15_030_20211130.tif
/hpc/group/borsuklab/csr33/object_detection/naip_tiles/m_4406925_sw_19_060_20210827.tif
/hpc/group/borsuklab/csr33/object_detection/naip_tiles/m_2908405_nw_16_060_20191129_20200114.tif
/hpc/group/borsuklab/csr33/object_detection/naip_tiles/m_4406728_nw_19_060_20210907.tif
m_4107346_sw_18_060_20211106 336
m_4307006_se_19_060_20210722 300
m_4406925_sw_19_060_20210827 300
m_2809764_sw_14_060_20200430 360
m_4406728_nw_19_060_20210907 300
m_3208146_se_17_060_20191109_20200102 340
m_2908405_nw_16_060_20191129_20200114 360
m_3008161_nw_17_060_20211130 360
m_3008618_ne_16_060_20191109_20200114 340
m_3008241_sw_17_060_20211130 378
m_3009217_sw_15_060_20190904_20191001 360
m_3009104_sw_15_030_20211114 1326
m_3009155_ne_15_030_20211120 1365
m_2909036_nw_15_030_20211130 1365
136.59450912475586
