load envirionment

/hpc/group/borsuklab/csr33/object_detection/naip_tiles/m_3108830_nw_16_030_20211123.tif
/hpc/group/borsuklab/csr33/object_detection/naip_tiles/m_2908147_ne_17_060_20211130.tif
/hpc/group/borsuklab/csr33/object_detection/naip_tiles/m_2909311_se_15_060_20190726_20191001.tif
/hpc/group/borsuklab/csr33/object_detection/naip_tiles/m_3108262_se_17_060_20191110_20200102.tif
/hpc/group/borsuklab/csr33/object_detection/naip_tiles/m_4506763_sw_19_060_20210828.tif
/hpc/group/borsuklab/csr33/object_detection/naip_tiles/m_3009012_sw_15_030_20211201.tif
/hpc/group/borsuklab/csr33/object_detection/naip_tiles/m_2909111_se_15_060_20190706_20191001.tif
/hpc/group/borsuklab/csr33/object_detection/naip_tiles/m_3807608_nw_18_060_20211020.tif
/hpc/group/borsuklab/csr33/object_detection/naip_tiles/m_2709722_sw_14_060_20200430.tif
/hpc/group/borsuklab/csr33/object_detection/naip_tiles/m_4506829_ne_19_060_20210929.tif
/hpc/group/borsuklab/csr33/object_detection/naip_tiles/m_2709749_sw_14_060_20200501.tif
/hpc/group/borsuklab/csr33/object_detection/naip_tiles/m_3807545_sw_18_060_20210605.tif
/hpc/group/borsuklab/csr33/object_detection/naip_tiles/m_2708054_nw_17_060_20191215_20200113.tif
/hpc/group/borsuklab/csr33/object_detection/naip_tiles/m_3407964_se_17_060_20210513.tif
m_3407964_se_17_060_20210513 340
m_3108262_se_17_060_20191110_20200102 340
m_3807545_sw_18_060_20210605 320
m_2909311_se_15_060_20190726_20191001 360
m_3807608_nw_18_060_20211020 320
m_4506763_sw_19_060_20210828 315
m_2908147_ne_17_060_20211130 360
m_4506829_ne_19_060_20210929 300
m_2709722_sw_14_060_20200430 360
m_2709749_sw_14_060_20200501 360
m_2909111_se_15_060_20190706_20191001 360
m_2708054_nw_17_060_20191215_20200113 360
m_3009012_sw_15_030_20211201 1365
m_3108830_nw_16_030_20211123 1400
127.32707285881042
