load envirionment

/hpc/group/borsuklab/csr33/object_detection/naip_tiles/m_3707517_se_18_060_20211017.tif
/hpc/group/borsuklab/csr33/object_detection/naip_tiles/m_3211631_ne_11_060_20200420.tif
/hpc/group/borsuklab/csr33/object_detection/naip_tiles/m_3009102_se_15_060_20190706_20191001.tif
/hpc/group/borsuklab/csr33/object_detection/naip_tiles/m_3008330_sw_17_060_20211116.tif
/hpc/group/borsuklab/csr33/object_detection/naip_tiles/m_2909547_se_15_060_20201116.tif
/hpc/group/borsuklab/csr33/object_detection/naip_tiles/m_2909118_nw_15_060_20190706_20191001.tif
/hpc/group/borsuklab/csr33/object_detection/naip_tiles/m_3008336_nw_17_060_20191113_20200114.tif
/hpc/group/borsuklab/csr33/object_detection/naip_tiles/m_3407818_ne_17_060_20200603.tif
/hpc/group/borsuklab/csr33/object_detection/naip_tiles/m_3008338_se_17_060_20211116.tif
/hpc/group/borsuklab/csr33/object_detection/naip_tiles/m_4506823_se_19_060_20210911.tif
/hpc/group/borsuklab/csr33/object_detection/naip_tiles/m_3412023_se_10_060_20200522.tif
/hpc/group/borsuklab/csr33/object_detection/naip_tiles/m_3008439_ne_16_060_20191205_20200114.tif
/hpc/group/borsuklab/csr33/object_detection/naip_tiles/m_2809756_ne_14_060_20201029.tif
/hpc/group/borsuklab/csr33/object_detection/naip_tiles/m_4207461_se_18_060_20211106.tif
m_3211631_ne_11_060_20200420 340
m_3009102_se_15_060_20190706_20191001 360
m_3707517_se_18_060_20211017 320
m_4207461_se_18_060_20211106 320
m_3008330_sw_17_060_20211116 378
m_2909118_nw_15_060_20190706_20191001 360
m_3407818_ne_17_060_20200603 340
m_2809756_ne_14_060_20201029 360
m_2909547_se_15_060_20201116 360
m_3008336_nw_17_060_20191113_20200114 360
m_3008338_se_17_060_20211116 378
m_4506823_se_19_060_20210911 300
m_3412023_se_10_060_20200522 340
m_3008439_ne_16_060_20191205_20200114 360
130.52696681022644
