load envirionment

/hpc/group/borsuklab/csr33/object_detection/naip_tiles/m_2708133_sw_17_060_20211202.tif
/hpc/group/borsuklab/csr33/object_detection/naip_tiles/m_3008352_se_17_060_20191121_20200114.tif
/hpc/group/borsuklab/csr33/object_detection/naip_tiles/m_3311637_sw_11_060_20200415.tif
/hpc/group/borsuklab/csr33/object_detection/naip_tiles/m_3607632_ne_18_060_20210913.tif
/hpc/group/borsuklab/csr33/object_detection/naip_tiles/m_3108735_se_16_030_20211115.tif
/hpc/group/borsuklab/csr33/object_detection/naip_tiles/m_3008639_se_16_060_20191109_20200114.tif
/hpc/group/borsuklab/csr33/object_detection/naip_tiles/m_2908111_se_17_060_20211129.tif
/hpc/group/borsuklab/csr33/object_detection/naip_tiles/m_2909428_nw_15_060_20201116.tif
/hpc/group/borsuklab/csr33/object_detection/naip_tiles/m_4406714_ne_19_060_20210711.tif
/hpc/group/borsuklab/csr33/object_detection/naip_tiles/m_3108116_nw_17_060_20211202.tif
/hpc/group/borsuklab/csr33/object_detection/naip_tiles/m_2808010_ne_17_060_20191119_20200113.tif
/hpc/group/borsuklab/csr33/object_detection/naip_tiles/m_2508044_nw_17_060_20211203.tif
/hpc/group/borsuklab/csr33/object_detection/naip_tiles/m_3009121_sw_15_030_20211114.tif
/hpc/group/borsuklab/csr33/object_detection/naip_tiles/m_4007564_se_18_060_20191014_20191203.tif
m_4007564_se_18_060_20191014_20191203 320
m_3108116_nw_17_060_20211202 340
m_3311637_sw_11_060_20200415 340
m_2708133_sw_17_060_20211202 360
m_3008639_se_16_060_20191109_20200114 340
m_4406714_ne_19_060_20210711 300
m_3607632_ne_18_060_20210913 340
m_2908111_se_17_060_20211129 360
m_2909428_nw_15_060_20201116 360
m_2508044_nw_17_060_20211203 380
m_3008352_se_17_060_20191121_20200114 360
m_2808010_ne_17_060_20191119_20200113 340
m_3009121_sw_15_030_20211114 1326
m_3108735_se_16_030_20211115 1400
130.61408257484436
