load envirionment

/hpc/group/borsuklab/csr33/object_detection/naip_tiles/m_2708151_sw_17_060_20191129_20200113.tif
/hpc/group/borsuklab/csr33/object_detection/naip_tiles/m_4107335_ne_18_060_20211106.tif
/hpc/group/borsuklab/csr33/object_detection/naip_tiles/m_3008455_sw_16_060_20191129_20200114.tif
/hpc/group/borsuklab/csr33/object_detection/naip_tiles/m_2708054_se_17_060_20191215_20200113.tif
/hpc/group/borsuklab/csr33/object_detection/naip_tiles/m_2908516_sw_16_060_20191118_20200114.tif
/hpc/group/borsuklab/csr33/object_detection/naip_tiles/m_2908226_sw_17_060_20211129.tif
/hpc/group/borsuklab/csr33/object_detection/naip_tiles/m_4207057_sw_19_060_20210826.tif
/hpc/group/borsuklab/csr33/object_detection/naip_tiles/m_2908340_nw_17_060_20211116.tif
/hpc/group/borsuklab/csr33/object_detection/naip_tiles/m_2609733_sw_14_060_20200503.tif
/hpc/group/borsuklab/csr33/object_detection/naip_tiles/m_2908515_nw_16_060_20191118_20200114.tif
/hpc/group/borsuklab/csr33/object_detection/naip_tiles/m_2808255_sw_17_060_20211130.tif
/hpc/group/borsuklab/csr33/object_detection/naip_tiles/m_2508156_ne_17_060_20211203.tif
/hpc/group/borsuklab/csr33/object_detection/naip_tiles/m_3009347_ne_15_060_20190901_20191001.tif
/hpc/group/borsuklab/csr33/object_detection/naip_tiles/m_3607644_se_18_060_20200922.tif
m_3008455_sw_16_060_20191129_20200114 360
m_4207057_sw_19_060_20210826 336
m_3009347_ne_15_060_20190901_20191001 360
m_4107335_ne_18_060_20211106 320
m_2908515_nw_16_060_20191118_20200114 360
m_2908226_sw_17_060_20211129 360
m_2508156_ne_17_060_20211203 360
m_2609733_sw_14_060_20200503 360
m_2908516_sw_16_060_20191118_20200114 360
m_2808255_sw_17_060_20211130 360
m_3607644_se_18_060_20200922 340
m_2908340_nw_17_060_20211116 360
m_2708054_se_17_060_20191215_20200113 360
m_2708151_sw_17_060_20191129_20200113 360
80.6586983203888
