load envirionment

/hpc/group/borsuklab/csr33/object_detection/naip_tiles/m_4207144_nw_19_060_20210826.tif
/hpc/group/borsuklab/csr33/object_detection/naip_tiles/m_3008633_sw_16_060_20191103_20200114.tif
/hpc/group/borsuklab/csr33/object_detection/naip_tiles/m_3507756_se_18_060_20201031.tif
/hpc/group/borsuklab/csr33/object_detection/naip_tiles/m_3807503_sw_18_060_20210623.tif
/hpc/group/borsuklab/csr33/object_detection/naip_tiles/m_4007437_ne_18_060_20190830_20191209.tif
/hpc/group/borsuklab/csr33/object_detection/naip_tiles/m_2809759_sw_14_060_20200501.tif
/hpc/group/borsuklab/csr33/object_detection/naip_tiles/m_3807650_ne_18_060_20210617.tif
/hpc/group/borsuklab/csr33/object_detection/naip_tiles/m_3208051_sw_17_060_20210507.tif
/hpc/group/borsuklab/csr33/object_detection/naip_tiles/m_2508042_sw_17_060_20211203.tif
/hpc/group/borsuklab/csr33/object_detection/naip_tiles/m_3907418_sw_18_060_20190830_20191209.tif
/hpc/group/borsuklab/csr33/object_detection/naip_tiles/m_3807606_se_18_060_20211020.tif
/hpc/group/borsuklab/csr33/object_detection/naip_tiles/m_2908130_nw_17_060_20211130.tif
/hpc/group/borsuklab/csr33/object_detection/naip_tiles/m_2909317_ne_15_060_20201102.tif
/hpc/group/borsuklab/csr33/object_detection/naip_tiles/m_3507624_ne_18_060_20200516.tif
m_3507624_ne_18_060_20200516 340
m_3807606_se_18_060_20211020 320
m_3807503_sw_18_060_20210623 320
m_3907418_sw_18_060_20190830_20191209 320
m_3507756_se_18_060_20201031 357
m_3807650_ne_18_060_20210617 320
m_3008633_sw_16_060_20191103_20200114 340
m_2909317_ne_15_060_20201102 340
m_4007437_ne_18_060_20190830_20191209 300
m_2809759_sw_14_060_20200501 360
m_4207144_nw_19_060_20210826 320
m_3208051_sw_17_060_20210507 340
m_2908130_nw_17_060_20211130 360
m_2508042_sw_17_060_20211203 380
88.92328119277954
