load envirionment

/hpc/group/borsuklab/csr33/object_detection/naip_tiles/m_3507543_se_18_060_20201018.tif
/hpc/group/borsuklab/csr33/object_detection/naip_tiles/m_3807761_nw_18_060_20210903.tif
/hpc/group/borsuklab/csr33/object_detection/naip_tiles/m_3311621_ne_11_060_20200416.tif
/hpc/group/borsuklab/csr33/object_detection/naip_tiles/m_3008839_sw_16_030_20211113.tif
/hpc/group/borsuklab/csr33/object_detection/naip_tiles/m_3907638_nw_18_060_20211101.tif
/hpc/group/borsuklab/csr33/object_detection/naip_tiles/m_3108701_ne_16_030_20211115.tif
/hpc/group/borsuklab/csr33/object_detection/naip_tiles/m_3807642_se_18_060_20210617.tif
/hpc/group/borsuklab/csr33/object_detection/naip_tiles/m_2508139_ne_17_060_20211203.tif
/hpc/group/borsuklab/csr33/object_detection/naip_tiles/m_2609759_ne_14_060_20201210.tif
/hpc/group/borsuklab/csr33/object_detection/naip_tiles/m_4307041_sw_19_060_20211024.tif
/hpc/group/borsuklab/csr33/object_detection/naip_tiles/m_2809509_nw_15_060_20201029.tif
/hpc/group/borsuklab/csr33/object_detection/naip_tiles/m_3008740_ne_16_060_20191103_20200114.tif
/hpc/group/borsuklab/csr33/object_detection/naip_tiles/m_3607617_sw_18_060_20210827.tif
/hpc/group/borsuklab/csr33/object_detection/naip_tiles/m_3311659_nw_11_060_20200415.tif
m_3311621_ne_11_060_20200416 340
m_3907638_nw_18_060_20211101 320
m_3807761_nw_18_060_20210903 340
m_3311659_nw_11_060_20200415 340
m_4307041_sw_19_060_20211024 336
m_3507543_se_18_060_20201018 340
m_3008740_ne_16_060_20191103_20200114 340
m_2508139_ne_17_060_20211203 360
m_3607617_sw_18_060_20210827 357
m_2809509_nw_15_060_20201029 360
m_2609759_ne_14_060_20201210 360
m_3807642_se_18_060_20210617 320
m_3108701_ne_16_030_20211115 1360
m_3008839_sw_16_030_20211113 1440
203.55110907554626
