load envirionment

/hpc/group/borsuklab/csr33/object_detection/naip_tiles/m_3009216_se_15_030_20211114.tif
/hpc/group/borsuklab/csr33/object_detection/naip_tiles/m_4207144_sw_19_060_20211105.tif
/hpc/group/borsuklab/csr33/object_detection/naip_tiles/m_4207058_nw_19_060_20210904.tif
/hpc/group/borsuklab/csr33/object_detection/naip_tiles/m_3008618_nw_16_060_20191109_20200114.tif
/hpc/group/borsuklab/csr33/object_detection/naip_tiles/m_3008736_nw_16_030_20211113.tif
/hpc/group/borsuklab/csr33/object_detection/naip_tiles/m_3311730_nw_11_060_20200423.tif
/hpc/group/borsuklab/csr33/object_detection/naip_tiles/m_4007438_ne_18_060_20211105.tif
/hpc/group/borsuklab/csr33/object_detection/naip_tiles/m_3507716_sw_18_060_20200922.tif
/hpc/group/borsuklab/csr33/object_detection/naip_tiles/m_3907528_se_18_060_20210630.tif
/hpc/group/borsuklab/csr33/object_detection/naip_tiles/m_2709711_sw_14_060_20200501.tif
/hpc/group/borsuklab/csr33/object_detection/naip_tiles/m_2608021_ne_17_060_20191207_20200113.tif
/hpc/group/borsuklab/csr33/object_detection/naip_tiles/m_3009159_sw_15_060_20190706_20191001.tif
/hpc/group/borsuklab/csr33/object_detection/naip_tiles/m_2908113_ne_17_060_20211130.tif
/hpc/group/borsuklab/csr33/object_detection/naip_tiles/m_3407846_se_17_060_20201102.tif
m_3907528_se_18_060_20210630 320
m_3407846_se_17_060_20201102 357
m_4207058_nw_19_060_20210904 320
m_2908113_ne_17_060_20211130 360
m_4207144_sw_19_060_20211105 336
m_3507716_sw_18_060_20200922 357
m_3009159_sw_15_060_20190706_20191001 360
m_3008618_nw_16_060_20191109_20200114 340
m_4007438_ne_18_060_20211105 320
m_2709711_sw_14_060_20200501 360
m_3311730_nw_11_060_20200423 340
m_2608021_ne_17_060_20191207_20200113 360
m_3009216_se_15_030_20211114 1326
m_3008736_nw_16_030_20211113 1400
108.6134934425354
