load envirionment

/hpc/group/borsuklab/csr33/object_detection/naip_tiles/m_3308056_ne_17_060_20210501.tif
/hpc/group/borsuklab/csr33/object_detection/naip_tiles/m_3009049_ne_15_030_20211119.tif
/hpc/group/borsuklab/csr33/object_detection/naip_tiles/m_4207337_nw_18_060_20211107.tif
/hpc/group/borsuklab/csr33/object_detection/naip_tiles/m_3407820_sw_17_060_20200903.tif
/hpc/group/borsuklab/csr33/object_detection/naip_tiles/m_2909044_ne_15_030_20211130.tif
/hpc/group/borsuklab/csr33/object_detection/naip_tiles/m_2909027_ne_15_030_20211130.tif
/hpc/group/borsuklab/csr33/object_detection/naip_tiles/m_3307806_nw_17_060_20200603.tif
/hpc/group/borsuklab/csr33/object_detection/naip_tiles/m_4207439_se_18_060_20210920.tif
/hpc/group/borsuklab/csr33/object_detection/naip_tiles/m_3008113_sw_17_060_20211203.tif
/hpc/group/borsuklab/csr33/object_detection/naip_tiles/m_3907657_sw_18_060_20210617.tif
/hpc/group/borsuklab/csr33/object_detection/naip_tiles/m_4406951_se_19_060_20210919.tif
/hpc/group/borsuklab/csr33/object_detection/naip_tiles/m_3607763_se_18_060_20200922.tif
/hpc/group/borsuklab/csr33/object_detection/naip_tiles/m_3008321_se_17_060_20211130.tif
/hpc/group/borsuklab/csr33/object_detection/naip_tiles/m_2508033_se_17_060_20211203.tif
m_3907657_sw_18_060_20210617 320
m_3308056_ne_17_060_20210501 340
m_3407820_sw_17_060_20200903 378
m_4406951_se_19_060_20210919 300
m_4207439_se_18_060_20210920 320
m_3607763_se_18_060_20200922 357
m_3008113_sw_17_060_20211203 340
m_4207337_nw_18_060_20211107 320
m_2508033_se_17_060_20211203 360
m_3307806_nw_17_060_20200603 360
m_3008321_se_17_060_20211130 378
m_2909044_ne_15_030_20211130 1365
m_2909027_ne_15_030_20211130 1365
m_3009049_ne_15_030_20211119 1365
134.27229499816895
