load envirionment

/hpc/group/borsuklab/csr33/object_detection/naip_tiles/m_3707713_ne_18_060_20210910.tif
/hpc/group/borsuklab/csr33/object_detection/naip_tiles/m_4207120_se_19_060_20211024.tif
/hpc/group/borsuklab/csr33/object_detection/naip_tiles/m_4506846_sw_19_060_20210929.tif
/hpc/group/borsuklab/csr33/object_detection/naip_tiles/m_3807658_se_18_060_20210910.tif
/hpc/group/borsuklab/csr33/object_detection/naip_tiles/m_3008950_se_16_030_20211116.tif
/hpc/group/borsuklab/csr33/object_detection/naip_tiles/m_2808243_sw_17_060_20191121_20200113.tif
/hpc/group/borsuklab/csr33/object_detection/naip_tiles/m_2709738_nw_14_060_20200430.tif
/hpc/group/borsuklab/csr33/object_detection/naip_tiles/m_3009424_se_15_060_20201112.tif
/hpc/group/borsuklab/csr33/object_detection/naip_tiles/m_3008947_nw_16_030_20211114.tif
/hpc/group/borsuklab/csr33/object_detection/naip_tiles/m_3907409_nw_18_060_20190726_20191209.tif
/hpc/group/borsuklab/csr33/object_detection/naip_tiles/m_3008434_ne_16_060_20191128_20200114.tif
/hpc/group/borsuklab/csr33/object_detection/naip_tiles/m_3807753_sw_18_060_20210903.tif
/hpc/group/borsuklab/csr33/object_detection/naip_tiles/m_3109351_sw_15_060_20201006.tif
/hpc/group/borsuklab/csr33/object_detection/naip_tiles/m_2809612_nw_14_060_20201029.tif
m_3807753_sw_18_060_20210903 357
m_4506846_sw_19_060_20210929 300
m_3109351_sw_15_060_20201006 340
m_3907409_nw_18_060_20190726_20191209 300
m_4207120_se_19_060_20211024 336
m_2809612_nw_14_060_20201029 360
m_3009424_se_15_060_20201112 340
m_2808243_sw_17_060_20191121_20200113 360
m_3807658_se_18_060_20210910 357
m_3707713_ne_18_060_20210910 340
m_2709738_nw_14_060_20200430 360
m_3008434_ne_16_060_20191128_20200114 360
m_3008950_se_16_030_20211116 1365
m_3008947_nw_16_030_20211114 1440
129.7823212146759
