load envirionment

/hpc/group/borsuklab/csr33/object_detection/naip_tiles/m_3008449_nw_16_060_20191120_20200114.tif
/hpc/group/borsuklab/csr33/object_detection/naip_tiles/m_4107338_ne_18_060_20211103.tif
/hpc/group/borsuklab/csr33/object_detection/naip_tiles/m_3008804_sw_16_030_20211112.tif
/hpc/group/borsuklab/csr33/object_detection/naip_tiles/m_3307933_ne_17_060_20210508.tif
/hpc/group/borsuklab/csr33/object_detection/naip_tiles/m_3008942_nw_16_030_20211116.tif
/hpc/group/borsuklab/csr33/object_detection/naip_tiles/m_3008631_ne_16_060_20191109_20200114.tif
/hpc/group/borsuklab/csr33/object_detection/naip_tiles/m_3008932_sw_16_030_20211119.tif
/hpc/group/borsuklab/csr33/object_detection/naip_tiles/m_3707731_ne_18_060_20210912.tif
/hpc/group/borsuklab/csr33/object_detection/naip_tiles/m_2908917_sw_16_030_20211130.tif
/hpc/group/borsuklab/csr33/object_detection/naip_tiles/m_3008713_se_16_060_20191103_20200114.tif
/hpc/group/borsuklab/csr33/object_detection/naip_tiles/m_3009553_sw_15_060_20201031.tif
/hpc/group/borsuklab/csr33/object_detection/naip_tiles/m_3008360_nw_17_060_20191121_20200114.tif
/hpc/group/borsuklab/csr33/object_detection/naip_tiles/m_3108855_ne_16_030_20211120.tif
/hpc/group/borsuklab/csr33/object_detection/naip_tiles/m_3507745_sw_18_060_20200930.tif
m_3008631_ne_16_060_20191109_20200114 340
m_4107338_ne_18_060_20211103 320
m_3009553_sw_15_060_20201031 360
m_3008449_nw_16_060_20191120_20200114 360
m_3507745_sw_18_060_20200930 357
m_3707731_ne_18_060_20210912 340
m_3307933_ne_17_060_20210508 340
m_3008360_nw_17_060_20191121_20200114 360
m_3008713_se_16_060_20191103_20200114 340
m_3008804_sw_16_030_20211112 1440
m_3008932_sw_16_030_20211119 1476
m_3008942_nw_16_030_20211116 1365
m_2908917_sw_16_030_20211130 1365
m_3108855_ne_16_030_20211120 1400
145.7544310092926
