load envirionment

/hpc/group/borsuklab/csr33/object_detection/naip_tiles/m_3308064_nw_17_060_20210501.tif
/hpc/group/borsuklab/csr33/object_detection/naip_tiles/m_3008563_nw_16_060_20191118_20200114.tif
/hpc/group/borsuklab/csr33/object_detection/naip_tiles/m_3307940_nw_17_060_20210501.tif
/hpc/group/borsuklab/csr33/object_detection/naip_tiles/m_2808261_ne_17_060_20211130.tif
/hpc/group/borsuklab/csr33/object_detection/naip_tiles/m_4406931_nw_19_060_20211006.tif
/hpc/group/borsuklab/csr33/object_detection/naip_tiles/m_3009138_nw_15_030_20211114.tif
/hpc/group/borsuklab/csr33/object_detection/naip_tiles/m_4107213_sw_18_060_20210904.tif
/hpc/group/borsuklab/csr33/object_detection/naip_tiles/m_3907522_nw_18_060_20190726_20191209.tif
/hpc/group/borsuklab/csr33/object_detection/naip_tiles/m_3407963_nw_17_060_20210508.tif
/hpc/group/borsuklab/csr33/object_detection/naip_tiles/m_4506741_sw_19_060_20210815.tif
/hpc/group/borsuklab/csr33/object_detection/naip_tiles/m_4107463_se_18_060_20190917_20191209.tif
/hpc/group/borsuklab/csr33/object_detection/naip_tiles/m_3607551_sw_18_060_20200516.tif
/hpc/group/borsuklab/csr33/object_detection/naip_tiles/m_3507715_nw_18_060_20200922.tif
/hpc/group/borsuklab/csr33/object_detection/naip_tiles/m_4307020_nw_19_060_20211007.tif
m_4506741_sw_19_060_20210815 300
m_4107213_sw_18_060_20210904 336
m_4307020_nw_19_060_20211007 320
m_4107463_se_18_060_20190917_20191209 300
m_3907522_nw_18_060_20190726_20191209 320
m_2808261_ne_17_060_20211130 360
m_3607551_sw_18_060_20200516 340
m_3507715_nw_18_060_20200922 340
m_3407963_nw_17_060_20210508 340
m_4406931_nw_19_060_20211006 300
m_3308064_nw_17_060_20210501 340
m_3307940_nw_17_060_20210501 340
m_3008563_nw_16_060_20191118_20200114 360
m_3009138_nw_15_030_20211114 1326
99.1987202167511
