load envirionment

/hpc/group/borsuklab/csr33/object_detection/naip_tiles/m_3311747_se_11_060_20200520.tif
/hpc/group/borsuklab/csr33/object_detection/naip_tiles/m_3108123_nw_17_060_20211202.tif
/hpc/group/borsuklab/csr33/object_detection/naip_tiles/m_2708264_ne_17_060_20211217.tif
/hpc/group/borsuklab/csr33/object_detection/naip_tiles/m_3807635_ne_18_060_20210617.tif
/hpc/group/borsuklab/csr33/object_detection/naip_tiles/m_3009310_sw_15_060_20200822.tif
/hpc/group/borsuklab/csr33/object_detection/naip_tiles/m_3308051_sw_17_060_20210507.tif
/hpc/group/borsuklab/csr33/object_detection/naip_tiles/m_3008533_ne_16_060_20191109_20200114.tif
/hpc/group/borsuklab/csr33/object_detection/naip_tiles/m_3707738_nw_18_060_20210910.tif
/hpc/group/borsuklab/csr33/object_detection/naip_tiles/m_3507649_sw_18_060_20201031.tif
/hpc/group/borsuklab/csr33/object_detection/naip_tiles/m_2709750_ne_14_060_20200501.tif
/hpc/group/borsuklab/csr33/object_detection/naip_tiles/m_3607601_nw_18_060_20210827.tif
/hpc/group/borsuklab/csr33/object_detection/naip_tiles/m_2808036_sw_17_060_20191130_20200113.tif
/hpc/group/borsuklab/csr33/object_detection/naip_tiles/m_2608128_ne_17_060_20191123_20200113.tif
/hpc/group/borsuklab/csr33/object_detection/naip_tiles/m_3009246_se_15_030_20211222.tif
m_3807635_ne_18_060_20210617 320
m_3607601_nw_18_060_20210827 340
m_3308051_sw_17_060_20210507 340
m_3707738_nw_18_060_20210910 340
m_2608128_ne_17_060_20191123_20200113 360
m_3311747_se_11_060_20200520 340
m_3108123_nw_17_060_20211202 340
m_3009310_sw_15_060_20200822 340
m_2808036_sw_17_060_20191130_20200113 360
m_3008533_ne_16_060_20191109_20200114 340
m_2709750_ne_14_060_20200501 360
m_2708264_ne_17_060_20211217 360
m_3507649_sw_18_060_20201031 357
m_3009246_se_15_030_20211222 1326
109.46152925491333
