load envirionment

/hpc/group/borsuklab/csr33/object_detection/naip_tiles/m_2908105_nw_17_060_20211129.tif
/hpc/group/borsuklab/csr33/object_detection/naip_tiles/m_3607542_sw_18_060_20200516.tif
/hpc/group/borsuklab/csr33/object_detection/naip_tiles/m_4406935_se_19_060_20210904.tif
/hpc/group/borsuklab/csr33/object_detection/naip_tiles/m_3907650_se_18_060_20210617.tif
/hpc/group/borsuklab/csr33/object_detection/naip_tiles/m_3208140_sw_17_060_20210507.tif
/hpc/group/borsuklab/csr33/object_detection/naip_tiles/m_3807705_se_18_060_20210910.tif
/hpc/group/borsuklab/csr33/object_detection/naip_tiles/m_2708214_se_17_060_20211130.tif
/hpc/group/borsuklab/csr33/object_detection/naip_tiles/m_4107333_se_18_060_20211105.tif
/hpc/group/borsuklab/csr33/object_detection/naip_tiles/m_4207431_se_18_060_20210920.tif
/hpc/group/borsuklab/csr33/object_detection/naip_tiles/m_4307033_se_19_060_20211007.tif
/hpc/group/borsuklab/csr33/object_detection/naip_tiles/m_3008336_sw_17_060_20191113_20200114.tif
/hpc/group/borsuklab/csr33/object_detection/naip_tiles/m_3907422_se_18_060_20190730_20191209.tif
/hpc/group/borsuklab/csr33/object_detection/naip_tiles/m_3311662_sw_11_060_20200415.tif
/hpc/group/borsuklab/csr33/object_detection/naip_tiles/m_2609709_ne_14_060_20200503.tif
m_4307033_se_19_060_20211007 336
m_4406935_se_19_060_20210904 300
m_3208140_sw_17_060_20210507 340
m_4107333_se_18_060_20211105 320
m_3907650_se_18_060_20210617 320
m_3907422_se_18_060_20190730_20191209 320
m_4207431_se_18_060_20210920 320
m_3311662_sw_11_060_20200415 340
m_3607542_sw_18_060_20200516 340
m_2908105_nw_17_060_20211129 360
m_3807705_se_18_060_20210910 357
m_2609709_ne_14_060_20200503 360
m_2708214_se_17_060_20211130 360
m_3008336_sw_17_060_20191113_20200114 360
87.22132158279419
