load envirionment

/hpc/group/borsuklab/csr33/object_detection/naip_tiles/m_3009347_nw_15_060_20190901_20191001.tif
/hpc/group/borsuklab/csr33/object_detection/naip_tiles/m_4007454_nw_18_060_20190730_20191209.tif
/hpc/group/borsuklab/csr33/object_detection/naip_tiles/m_3009321_ne_15_030_20211122.tif
/hpc/group/borsuklab/csr33/object_detection/naip_tiles/m_3009213_sw_15_030_20211222.tif
/hpc/group/borsuklab/csr33/object_detection/naip_tiles/m_3208130_sw_17_060_20210426.tif
/hpc/group/borsuklab/csr33/object_detection/naip_tiles/m_3707622_ne_18_060_20210926.tif
/hpc/group/borsuklab/csr33/object_detection/naip_tiles/m_2909406_sw_15_060_20201112.tif
/hpc/group/borsuklab/csr33/object_detection/naip_tiles/m_2708052_ne_17_060_20191215_20200113.tif
/hpc/group/borsuklab/csr33/object_detection/naip_tiles/m_3807514_se_18_060_20210624.tif
/hpc/group/borsuklab/csr33/object_detection/naip_tiles/m_3008424_se_16_060_20211116.tif
/hpc/group/borsuklab/csr33/object_detection/naip_tiles/m_3907427_sw_18_060_20190730_20191209.tif
/hpc/group/borsuklab/csr33/object_detection/naip_tiles/m_3208011_se_17_060_20210426.tif
/hpc/group/borsuklab/csr33/object_detection/naip_tiles/m_2808232_se_17_060_20211202.tif
/hpc/group/borsuklab/csr33/object_detection/naip_tiles/m_3607650_nw_18_060_20200922.tif
m_3208130_sw_17_060_20210426 340
m_2909406_sw_15_060_20201112 340
m_4007454_nw_18_060_20190730_20191209 320
m_3707622_ne_18_060_20210926 340
m_3807514_se_18_060_20210624 320
m_2808232_se_17_060_20211202 360
m_3907427_sw_18_060_20190730_20191209 320
m_3607650_nw_18_060_20200922 340
m_3009347_nw_15_060_20190901_20191001 360
m_2708052_ne_17_060_20191215_20200113 360
m_3208011_se_17_060_20210426 340
m_3008424_se_16_060_20211116 360
m_3009321_ne_15_030_20211122 1326
m_3009213_sw_15_030_20211222 1326
157.8450801372528
