load envirionment

/hpc/group/borsuklab/csr33/object_detection/naip_tiles/m_3507738_se_18_060_20200930.tif
/hpc/group/borsuklab/csr33/object_detection/naip_tiles/m_3907628_ne_18_060_20210606.tif
/hpc/group/borsuklab/csr33/object_detection/naip_tiles/m_3607746_se_18_060_20200922.tif
/hpc/group/borsuklab/csr33/object_detection/naip_tiles/m_3807624_se_18_060_20210618.tif
/hpc/group/borsuklab/csr33/object_detection/naip_tiles/m_3807622_sw_18_060_20211020.tif
/hpc/group/borsuklab/csr33/object_detection/naip_tiles/m_3009233_nw_15_060_20190901_20191001.tif
/hpc/group/borsuklab/csr33/object_detection/naip_tiles/m_3009325_sw_15_060_20201102.tif
/hpc/group/borsuklab/csr33/object_detection/naip_tiles/m_4107110_ne_19_060_20210926.tif
/hpc/group/borsuklab/csr33/object_detection/naip_tiles/m_3407733_sw_18_060_20200904.tif
/hpc/group/borsuklab/csr33/object_detection/naip_tiles/m_4107002_nw_19_060_20210904.tif
/hpc/group/borsuklab/csr33/object_detection/naip_tiles/m_3807706_ne_18_060_20210617.tif
/hpc/group/borsuklab/csr33/object_detection/naip_tiles/m_2608118_nw_17_060_20211223.tif
/hpc/group/borsuklab/csr33/object_detection/naip_tiles/m_3008362_se_17_060_20211116.tif
/hpc/group/borsuklab/csr33/object_detection/naip_tiles/m_2909209_nw_15_060_20190706_20191001.tif
m_3807622_sw_18_060_20211020 320
m_4107110_ne_19_060_20210926 320
m_3507738_se_18_060_20200930 357
m_3807624_se_18_060_20210618 320
m_3807706_ne_18_060_20210617 320
m_3009233_nw_15_060_20190901_20191001 360
m_3907628_ne_18_060_20210606 320
m_4107002_nw_19_060_20210904 320
m_3009325_sw_15_060_20201102 340
m_2909209_nw_15_060_20190706_20191001 360
m_3607746_se_18_060_20200922 357
m_3008362_se_17_060_20211116 378
m_2608118_nw_17_060_20211223 360
m_3407733_sw_18_060_20200904 378
87.98880910873413
