load envirionment

/hpc/group/borsuklab/csr33/object_detection/naip_tiles/m_3707706_ne_18_060_20210903.tif
/hpc/group/borsuklab/csr33/object_detection/naip_tiles/m_4406823_se_19_060_20210920.tif
/hpc/group/borsuklab/csr33/object_detection/naip_tiles/m_3208044_nw_17_060_20210507.tif
/hpc/group/borsuklab/csr33/object_detection/naip_tiles/m_3008555_nw_16_060_20191128_20200114.tif
/hpc/group/borsuklab/csr33/object_detection/naip_tiles/m_2909311_nw_15_060_20190726_20191001.tif
/hpc/group/borsuklab/csr33/object_detection/naip_tiles/m_2908348_nw_17_060_20211117.tif
/hpc/group/borsuklab/csr33/object_detection/naip_tiles/m_2909048_nw_15_030_20211115.tif
/hpc/group/borsuklab/csr33/object_detection/naip_tiles/m_2708262_se_17_060_20211130.tif
/hpc/group/borsuklab/csr33/object_detection/naip_tiles/m_3008352_sw_17_060_20191121_20200114.tif
/hpc/group/borsuklab/csr33/object_detection/naip_tiles/m_2608038_se_17_060_20191120_20200113.tif
/hpc/group/borsuklab/csr33/object_detection/naip_tiles/m_3208033_sw_17_060_20210507.tif
/hpc/group/borsuklab/csr33/object_detection/naip_tiles/m_2608006_sw_17_060_20191120_20200113.tif
/hpc/group/borsuklab/csr33/object_detection/naip_tiles/m_4506854_ne_19_060_20210929.tif
/hpc/group/borsuklab/csr33/object_detection/naip_tiles/m_3008638_ne_16_060_20191109_20200114.tif
m_3707706_ne_18_060_20210903 340
m_3208044_nw_17_060_20210507 340
m_4506854_ne_19_060_20210929 300
m_2608006_sw_17_060_20191120_20200113 360
m_4406823_se_19_060_20210920 300
m_2908348_nw_17_060_20211117 360
m_3208033_sw_17_060_20210507 340
m_3008638_ne_16_060_20191109_20200114 340
m_2608038_se_17_060_20191120_20200113 360
m_2708262_se_17_060_20211130 360
m_2909311_nw_15_060_20190726_20191001 360
m_3008555_nw_16_060_20191128_20200114 340
m_3008352_sw_17_060_20191121_20200114 360
m_2909048_nw_15_030_20211115 1365
143.0321228504181
