load envirionment

/hpc/group/borsuklab/csr33/object_detection/naip_tiles/m_3607637_sw_18_060_20200922.tif
/hpc/group/borsuklab/csr33/object_detection/naip_tiles/m_2708208_nw_17_060_20211202.tif
/hpc/group/borsuklab/csr33/object_detection/naip_tiles/m_2909560_nw_15_060_20201117.tif
/hpc/group/borsuklab/csr33/object_detection/naip_tiles/m_3311621_sw_11_060_20200416.tif
/hpc/group/borsuklab/csr33/object_detection/naip_tiles/m_2508046_sw_17_060_20191126_20200113.tif
/hpc/group/borsuklab/csr33/object_detection/naip_tiles/m_3311603_nw_11_060_20200615.tif
/hpc/group/borsuklab/csr33/object_detection/naip_tiles/m_4406804_sw_19_060_20210914.tif
/hpc/group/borsuklab/csr33/object_detection/naip_tiles/m_2909537_sw_15_060_20201117.tif
/hpc/group/borsuklab/csr33/object_detection/naip_tiles/m_4107130_se_19_060_20210826.tif
/hpc/group/borsuklab/csr33/object_detection/naip_tiles/m_2909112_sw_15_060_20190706_20191001.tif
/hpc/group/borsuklab/csr33/object_detection/naip_tiles/m_4307022_nw_19_060_20210722.tif
/hpc/group/borsuklab/csr33/object_detection/naip_tiles/m_3707703_sw_18_060_20210910.tif
/hpc/group/borsuklab/csr33/object_detection/naip_tiles/m_4207129_se_19_060_20211024.tif
/hpc/group/borsuklab/csr33/object_detection/naip_tiles/m_3008943_se_16_030_20211115.tif
m_4406804_sw_19_060_20210914 300
m_4307022_nw_19_060_20210722 320
m_3607637_sw_18_060_20200922 340
m_2508046_sw_17_060_20191126_20200113 360
m_3311603_nw_11_060_20200615 340
m_4207129_se_19_060_20211024 336
m_4107130_se_19_060_20210826 336
m_3311621_sw_11_060_20200416 340
m_3707703_sw_18_060_20210910 357
m_2909560_nw_15_060_20201117 360
m_2708208_nw_17_060_20211202 360
m_2909537_sw_15_060_20201117 360
m_2909112_sw_15_060_20190706_20191001 360
m_3008943_se_16_030_20211115 1365
170.30276608467102
