load envirionment

/hpc/group/borsuklab/csr33/object_detection/naip_tiles/m_4207445_ne_18_060_20211110.tif
/hpc/group/borsuklab/csr33/object_detection/naip_tiles/m_3707606_nw_18_060_20210926.tif
/hpc/group/borsuklab/csr33/object_detection/naip_tiles/m_2909156_ne_15_060_20190830_20191001.tif
/hpc/group/borsuklab/csr33/object_detection/naip_tiles/m_3507607_ne_18_060_20200922.tif
/hpc/group/borsuklab/csr33/object_detection/naip_tiles/m_2908409_sw_16_060_20191128_20200114.tif
/hpc/group/borsuklab/csr33/object_detection/naip_tiles/m_3008828_sw_16_030_20211119.tif
/hpc/group/borsuklab/csr33/object_detection/naip_tiles/m_3108150_sw_17_060_20191110_20200102.tif
/hpc/group/borsuklab/csr33/object_detection/naip_tiles/m_3211731_se_11_060_20200520.tif
/hpc/group/borsuklab/csr33/object_detection/naip_tiles/m_3108117_sw_17_060_20191110_20200102.tif
/hpc/group/borsuklab/csr33/object_detection/naip_tiles/m_3207909_ne_17_060_20210426.tif
/hpc/group/borsuklab/csr33/object_detection/naip_tiles/m_2708248_se_17_060_20211202.tif
/hpc/group/borsuklab/csr33/object_detection/naip_tiles/m_3407612_se_18_060_20201018.tif
/hpc/group/borsuklab/csr33/object_detection/naip_tiles/m_2709713_ne_14_060_20200430.tif
/hpc/group/borsuklab/csr33/object_detection/naip_tiles/m_3311808_nw_11_060_20200505.tif
m_2708248_se_17_060_20211202 360
m_3407612_se_18_060_20201018 340
m_4207445_ne_18_060_20211110 300
m_2908409_sw_16_060_20191128_20200114 360
m_3507607_ne_18_060_20200922 340
m_3311808_nw_11_060_20200505 340
m_3207909_ne_17_060_20210426 340
m_3108150_sw_17_060_20191110_20200102 340
m_2709713_ne_14_060_20200430 360
m_3108117_sw_17_060_20191110_20200102 340
m_2909156_ne_15_060_20190830_20191001 360
m_3707606_nw_18_060_20210926 340
m_3211731_se_11_060_20200520 340
m_3008828_sw_16_030_20211119 1440
178.81898188591003
