load envirionment

/hpc/group/borsuklab/csr33/object_detection/naip_tiles/m_2909506_nw_15_060_20201130.tif
/hpc/group/borsuklab/csr33/object_detection/naip_tiles/m_3907527_nw_18_060_20210629.tif
/hpc/group/borsuklab/csr33/object_detection/naip_tiles/m_3108126_sw_17_060_20191110_20200102.tif
/hpc/group/borsuklab/csr33/object_detection/naip_tiles/m_3707745_se_18_060_20210910.tif
/hpc/group/borsuklab/csr33/object_detection/naip_tiles/m_2908126_sw_17_060_20211129.tif
/hpc/group/borsuklab/csr33/object_detection/naip_tiles/m_2909202_nw_15_060_20190706_20191001.tif
/hpc/group/borsuklab/csr33/object_detection/naip_tiles/m_2908926_nw_16_060_20190707_20191015.tif
/hpc/group/borsuklab/csr33/object_detection/naip_tiles/m_3607762_ne_18_060_20200922.tif
/hpc/group/borsuklab/csr33/object_detection/naip_tiles/m_3507623_nw_18_060_20201001.tif
/hpc/group/borsuklab/csr33/object_detection/naip_tiles/m_4207459_se_18_060_20190826_20191209.tif
/hpc/group/borsuklab/csr33/object_detection/naip_tiles/m_4107329_sw_18_060_20211106.tif
/hpc/group/borsuklab/csr33/object_detection/naip_tiles/m_2608120_se_17_060_20191123_20200113.tif
/hpc/group/borsuklab/csr33/object_detection/naip_tiles/m_3311603_sw_11_060_20200615.tif
/hpc/group/borsuklab/csr33/object_detection/naip_tiles/m_3009354_nw_15_060_20190905_20191001.tif
m_2908926_nw_16_060_20190707_20191015 360
m_4207459_se_18_060_20190826_20191209 300
m_3507623_nw_18_060_20201001 340
m_3907527_nw_18_060_20210629 320
m_3108126_sw_17_060_20191110_20200102 340
m_2908126_sw_17_060_20211129 360
m_3707745_se_18_060_20210910 357
m_3607762_ne_18_060_20200922 340
m_4107329_sw_18_060_20211106 336
m_3311603_sw_11_060_20200615 340
m_2909506_nw_15_060_20201130 360
m_2909202_nw_15_060_20190706_20191001 360
m_3009354_nw_15_060_20190905_20191001 360
m_2608120_se_17_060_20191123_20200113 360
88.24201989173889
