load envirionment

/hpc/group/borsuklab/csr33/object_detection/naip_tiles/m_3907507_nw_18_060_20191019_20191203.tif
/hpc/group/borsuklab/csr33/object_detection/naip_tiles/m_3008460_nw_16_060_20191129_20200114.tif
/hpc/group/borsuklab/csr33/object_detection/naip_tiles/m_2609761_se_14_060_20201029.tif
/hpc/group/borsuklab/csr33/object_detection/naip_tiles/m_3108153_nw_17_060_20211203.tif
/hpc/group/borsuklab/csr33/object_detection/naip_tiles/m_4406846_ne_19_060_20210919.tif
/hpc/group/borsuklab/csr33/object_detection/naip_tiles/m_4107218_se_18_060_20211105.tif
/hpc/group/borsuklab/csr33/object_detection/naip_tiles/m_2508053_se_17_060_20191126_20200113.tif
/hpc/group/borsuklab/csr33/object_detection/naip_tiles/m_3211724_ne_11_060_20200428.tif
/hpc/group/borsuklab/csr33/object_detection/naip_tiles/m_3807518_ne_18_060_20210618.tif
/hpc/group/borsuklab/csr33/object_detection/naip_tiles/m_3108261_se_17_060_20191110_20200102.tif
/hpc/group/borsuklab/csr33/object_detection/naip_tiles/m_3807547_nw_18_060_20210605.tif
/hpc/group/borsuklab/csr33/object_detection/naip_tiles/m_2909119_se_15_060_20190706_20191001.tif
/hpc/group/borsuklab/csr33/object_detection/naip_tiles/m_3907434_ne_18_060_20190730_20191209.tif
/hpc/group/borsuklab/csr33/object_detection/naip_tiles/m_3807523_se_18_060_20210624.tif
m_3907434_ne_18_060_20190730_20191209 320
m_3008460_nw_16_060_20191129_20200114 360
m_4107218_se_18_060_20211105 336
m_3807547_nw_18_060_20210605 320
m_3108261_se_17_060_20191110_20200102 340
m_3907507_nw_18_060_20191019_20191203 320
m_3807523_se_18_060_20210624 320
m_3108153_nw_17_060_20211203 340
m_4406846_ne_19_060_20210919 300
m_2609761_se_14_060_20201029 360
m_2508053_se_17_060_20191126_20200113 360
m_2909119_se_15_060_20190706_20191001 360
m_3807518_ne_18_060_20210618 320
m_3211724_ne_11_060_20200428 340
128.0306360721588
