load envirionment

/hpc/group/borsuklab/csr33/object_detection/naip_tiles/m_2609730_se_14_060_20200430.tif
/hpc/group/borsuklab/csr33/object_detection/naip_tiles/m_4107111_sw_19_060_20210926.tif
/hpc/group/borsuklab/csr33/object_detection/naip_tiles/m_2908955_se_16_030_20211130.tif
/hpc/group/borsuklab/csr33/object_detection/naip_tiles/m_3009236_sw_15_060_20190706_20191001.tif
/hpc/group/borsuklab/csr33/object_detection/naip_tiles/m_3311753_se_11_060_20200520.tif
/hpc/group/borsuklab/csr33/object_detection/naip_tiles/m_2909413_se_15_060_20201112.tif
/hpc/group/borsuklab/csr33/object_detection/naip_tiles/m_4306910_ne_19_060_20211006.tif
/hpc/group/borsuklab/csr33/object_detection/naip_tiles/m_2708204_sw_17_060_20211130.tif
/hpc/group/borsuklab/csr33/object_detection/naip_tiles/m_2608046_se_17_060_20191120_20200113.tif
/hpc/group/borsuklab/csr33/object_detection/naip_tiles/m_3807657_ne_18_060_20210910.tif
/hpc/group/borsuklab/csr33/object_detection/naip_tiles/m_2909402_se_15_060_20201118.tif
/hpc/group/borsuklab/csr33/object_detection/naip_tiles/m_3507723_sw_18_060_20200922.tif
/hpc/group/borsuklab/csr33/object_detection/naip_tiles/m_3907551_ne_18_060_20210630.tif
/hpc/group/borsuklab/csr33/object_detection/naip_tiles/m_3407722_sw_18_060_20201031.tif
m_3311753_se_11_060_20200520 340
m_3507723_sw_18_060_20200922 357
m_2909402_se_15_060_20201118 360
m_4107111_sw_19_060_20210926 336
m_3009236_sw_15_060_20190706_20191001 360
m_2909413_se_15_060_20201112 340
m_3807657_ne_18_060_20210910 340
m_4306910_ne_19_060_20211006 300
m_2708204_sw_17_060_20211130 360
m_3907551_ne_18_060_20210630 320
m_2609730_se_14_060_20200430 360
m_2608046_se_17_060_20191120_20200113 360
m_3407722_sw_18_060_20201031 378
m_2908955_se_16_030_20211130 1365
180.99372839927673
