load envirionment

/hpc/group/borsuklab/csr33/object_detection/naip_tiles/m_3208058_ne_17_060_20210507.tif
/hpc/group/borsuklab/csr33/object_detection/naip_tiles/m_2909030_ne_15_060_20190707_20191001.tif
/hpc/group/borsuklab/csr33/object_detection/naip_tiles/m_3009563_se_15_060_20201130.tif
/hpc/group/borsuklab/csr33/object_detection/naip_tiles/m_4406716_ne_19_060_20210711.tif
/hpc/group/borsuklab/csr33/object_detection/naip_tiles/m_3308024_ne_17_060_20210501.tif
/hpc/group/borsuklab/csr33/object_detection/naip_tiles/m_4606859_sw_19_060_20210817.tif
/hpc/group/borsuklab/csr33/object_detection/naip_tiles/m_2708150_se_17_060_20191129_20200113.tif
/hpc/group/borsuklab/csr33/object_detection/naip_tiles/m_2908227_se_17_060_20211129.tif
/hpc/group/borsuklab/csr33/object_detection/naip_tiles/m_2909659_sw_14_060_20201107.tif
/hpc/group/borsuklab/csr33/object_detection/naip_tiles/m_2809502_ne_15_060_20201031.tif
/hpc/group/borsuklab/csr33/object_detection/naip_tiles/m_3008717_sw_16_030_20211119.tif
/hpc/group/borsuklab/csr33/object_detection/naip_tiles/m_3008641_ne_16_060_20191103_20200114.tif
/hpc/group/borsuklab/csr33/object_detection/naip_tiles/m_3607619_se_18_060_20210827.tif
/hpc/group/borsuklab/csr33/object_detection/naip_tiles/m_3412038_nw_10_060_20200523.tif
m_2909030_ne_15_060_20190707_20191001 360
m_2708150_se_17_060_20191129_20200113 360
m_4606859_sw_19_060_20210817 300
m_2908227_se_17_060_20211129 360
m_4406716_ne_19_060_20210711 300
m_3607619_se_18_060_20210827 357
m_3008641_ne_16_060_20191103_20200114 340
m_3208058_ne_17_060_20210507 340
m_3308024_ne_17_060_20210501 340
m_2809502_ne_15_060_20201031 360
m_3412038_nw_10_060_20200523 340
m_3009563_se_15_060_20201130 360
m_2909659_sw_14_060_20201107 360
m_3008717_sw_16_030_20211119 1400
114.03072166442871
