load envirionment

/hpc/group/borsuklab/csr33/object_detection/naip_tiles/m_3009032_nw_15_030_20211123.tif
/hpc/group/borsuklab/csr33/object_detection/naip_tiles/m_4007434_se_18_060_20190917_20191209.tif
/hpc/group/borsuklab/csr33/object_detection/naip_tiles/m_2909504_se_15_060_20201118.tif
/hpc/group/borsuklab/csr33/object_detection/naip_tiles/m_3311721_se_11_060_20200423.tif
/hpc/group/borsuklab/csr33/object_detection/naip_tiles/m_3311663_sw_11_060_20200415.tif
/hpc/group/borsuklab/csr33/object_detection/naip_tiles/m_3907512_se_18_060_20211019.tif
/hpc/group/borsuklab/csr33/object_detection/naip_tiles/m_4107232_nw_18_060_20210926.tif
/hpc/group/borsuklab/csr33/object_detection/naip_tiles/m_3008161_se_17_060_20211130.tif
/hpc/group/borsuklab/csr33/object_detection/naip_tiles/m_3009308_sw_15_060_20190904_20191001.tif
/hpc/group/borsuklab/csr33/object_detection/naip_tiles/m_3009458_ne_15_060_20201118.tif
/hpc/group/borsuklab/csr33/object_detection/naip_tiles/m_2709738_sw_14_060_20200430.tif
/hpc/group/borsuklab/csr33/object_detection/naip_tiles/m_4506847_sw_19_060_20210920.tif
/hpc/group/borsuklab/csr33/object_detection/naip_tiles/m_3108837_nw_16_030_20211123.tif
/hpc/group/borsuklab/csr33/object_detection/naip_tiles/m_3008903_ne_16_030_20211115.tif
m_3311663_sw_11_060_20200415 340
m_3009458_ne_15_060_20201118 360
m_4007434_se_18_060_20190917_20191209 300
m_3009308_sw_15_060_20190904_20191001 360
m_3907512_se_18_060_20211019 320
m_3311721_se_11_060_20200423 340
m_4107232_nw_18_060_20210926 320
m_2909504_se_15_060_20201118 360
m_3008161_se_17_060_20211130 360
m_4506847_sw_19_060_20210920 300
m_2709738_sw_14_060_20200430 360
m_3009032_nw_15_030_20211123 1365
m_3008903_ne_16_030_20211115 1400
m_3108837_nw_16_030_20211123 1400
125.64835739135742
