load envirionment

/hpc/group/borsuklab/csr33/object_detection/naip_tiles/m_2809625_nw_14_060_20201116.tif
/hpc/group/borsuklab/csr33/object_detection/naip_tiles/m_3707618_se_18_060_20210912.tif
/hpc/group/borsuklab/csr33/object_detection/naip_tiles/m_4107024_sw_19_060_20210826.tif
/hpc/group/borsuklab/csr33/object_detection/naip_tiles/m_4307148_ne_19_060_20211024.tif
/hpc/group/borsuklab/csr33/object_detection/naip_tiles/m_2808229_se_17_060_20211130.tif
/hpc/group/borsuklab/csr33/object_detection/naip_tiles/m_3008832_sw_16_030_20211113.tif
/hpc/group/borsuklab/csr33/object_detection/naip_tiles/m_3208148_nw_17_060_20210507.tif
/hpc/group/borsuklab/csr33/object_detection/naip_tiles/m_3008834_nw_16_030_20211113.tif
/hpc/group/borsuklab/csr33/object_detection/naip_tiles/m_3507716_se_18_060_20200922.tif
/hpc/group/borsuklab/csr33/object_detection/naip_tiles/m_2608008_sw_17_060_20191120_20200113.tif
/hpc/group/borsuklab/csr33/object_detection/naip_tiles/m_4007416_se_18_060_20211105.tif
/hpc/group/borsuklab/csr33/object_detection/naip_tiles/m_2808240_se_17_060_20211202.tif
/hpc/group/borsuklab/csr33/object_detection/naip_tiles/m_2909312_sw_15_060_20190726_20191001.tif
/hpc/group/borsuklab/csr33/object_detection/naip_tiles/m_3407741_ne_18_060_20200904.tif
m_2608008_sw_17_060_20191120_20200113 360
m_3407741_ne_18_060_20200904 340
m_2808229_se_17_060_20211130 360
m_4007416_se_18_060_20211105 320
m_4107024_sw_19_060_20210826 320
m_4307148_ne_19_060_20211024 320
m_3208148_nw_17_060_20210507 340
m_2909312_sw_15_060_20190726_20191001 360
m_2809625_nw_14_060_20201116 360
m_3507716_se_18_060_20200922 357
m_3707618_se_18_060_20210912 357
m_2808240_se_17_060_20211202 360
m_3008832_sw_16_030_20211113 1400
m_3008834_nw_16_030_20211113 1440
123.86857843399048
