load envirionment

/hpc/group/borsuklab/csr33/object_detection/naip_tiles/m_4207261_sw_18_060_20211001.tif
/hpc/group/borsuklab/csr33/object_detection/naip_tiles/m_2909029_sw_15_030_20211130.tif
/hpc/group/borsuklab/csr33/object_detection/naip_tiles/m_3009339_sw_15_060_20190901_20191001.tif
/hpc/group/borsuklab/csr33/object_detection/naip_tiles/m_3411901_nw_11_060_20200525.tif
/hpc/group/borsuklab/csr33/object_detection/naip_tiles/m_3208030_ne_17_060_20210426.tif
/hpc/group/borsuklab/csr33/object_detection/naip_tiles/m_2808227_se_17_060_20211130.tif
/hpc/group/borsuklab/csr33/object_detection/naip_tiles/m_2708264_se_17_060_20211217.tif
/hpc/group/borsuklab/csr33/object_detection/naip_tiles/m_4506845_ne_19_060_20210929.tif
/hpc/group/borsuklab/csr33/object_detection/naip_tiles/m_2809518_ne_15_060_20201029.tif
/hpc/group/borsuklab/csr33/object_detection/naip_tiles/m_2808254_sw_17_060_20211130.tif
/hpc/group/borsuklab/csr33/object_detection/naip_tiles/m_3412030_sw_10_060_20200523.tif
/hpc/group/borsuklab/csr33/object_detection/naip_tiles/m_3907410_ne_18_060_20190730_20191209.tif
/hpc/group/borsuklab/csr33/object_detection/naip_tiles/m_2908105_sw_17_060_20211129.tif
/hpc/group/borsuklab/csr33/object_detection/naip_tiles/m_3607627_nw_18_060_20210827.tif
m_3009339_sw_15_060_20190901_20191001 360
m_3208030_ne_17_060_20210426 340
m_4207261_sw_18_060_20211001 336
m_3907410_ne_18_060_20190730_20191209 320
m_3412030_sw_10_060_20200523 340
m_2808254_sw_17_060_20211130 360
m_2908105_sw_17_060_20211129 360
m_2809518_ne_15_060_20201029 360
m_3607627_nw_18_060_20210827 340
m_2808227_se_17_060_20211130 360
m_3411901_nw_11_060_20200525 340
m_2708264_se_17_060_20211217 360
m_4506845_ne_19_060_20210929 300
m_2909029_sw_15_030_20211130 1365
118.39352083206177
