load envirionment

/hpc/group/borsuklab/csr33/object_detection/naip_tiles/m_2708248_sw_17_060_20211202.tif
/hpc/group/borsuklab/csr33/object_detection/naip_tiles/m_3009031_se_15_030_20211123.tif
/hpc/group/borsuklab/csr33/object_detection/naip_tiles/m_3607632_nw_18_060_20210913.tif
/hpc/group/borsuklab/csr33/object_detection/naip_tiles/m_2609727_nw_14_060_20201216.tif
/hpc/group/borsuklab/csr33/object_detection/naip_tiles/m_3907636_se_18_060_20210606.tif
/hpc/group/borsuklab/csr33/object_detection/naip_tiles/m_4307161_ne_19_060_20211024.tif
/hpc/group/borsuklab/csr33/object_detection/naip_tiles/m_3208035_nw_17_060_20210426.tif
/hpc/group/borsuklab/csr33/object_detection/naip_tiles/m_3008828_se_16_030_20211119.tif
/hpc/group/borsuklab/csr33/object_detection/naip_tiles/m_4606860_ne_19_060_20210817.tif
/hpc/group/borsuklab/csr33/object_detection/naip_tiles/m_2909543_ne_15_060_20201117.tif
/hpc/group/borsuklab/csr33/object_detection/naip_tiles/m_3108735_sw_16_030_20211115.tif
/hpc/group/borsuklab/csr33/object_detection/naip_tiles/m_4207059_se_19_060_20210904.tif
/hpc/group/borsuklab/csr33/object_detection/naip_tiles/m_2508045_sw_17_060_20191126_20200113.tif
/hpc/group/borsuklab/csr33/object_detection/naip_tiles/m_4406939_ne_19_060_20211006.tif
m_4606860_ne_19_060_20210817 300
m_4307161_ne_19_060_20211024 320
m_3907636_se_18_060_20210606 320
m_4406939_ne_19_060_20211006 300
m_3208035_nw_17_060_20210426 340
m_3607632_nw_18_060_20210913 340
m_4207059_se_19_060_20210904 336
m_2609727_nw_14_060_20201216 360
m_2909543_ne_15_060_20201117 360
m_2508045_sw_17_060_20191126_20200113 360
m_2708248_sw_17_060_20211202 360
m_3108735_sw_16_030_20211115 1400
m_3009031_se_15_030_20211123 1365
m_3008828_se_16_030_20211119 1400
111.78133177757263
