load envirionment

/hpc/group/borsuklab/csr33/object_detection/naip_tiles/m_2909020_nw_15_030_20211130.tif
/hpc/group/borsuklab/csr33/object_detection/naip_tiles/m_3009330_nw_15_060_20190904_20191001.tif
/hpc/group/borsuklab/csr33/object_detection/naip_tiles/m_2909558_ne_15_060_20201031.tif
/hpc/group/borsuklab/csr33/object_detection/naip_tiles/m_3807611_sw_18_060_20210617.tif
/hpc/group/borsuklab/csr33/object_detection/naip_tiles/m_2909301_nw_15_060_20201102.tif
/hpc/group/borsuklab/csr33/object_detection/naip_tiles/m_3907531_nw_18_060_20190726_20191209.tif
/hpc/group/borsuklab/csr33/object_detection/naip_tiles/m_3907458_sw_18_060_20190830_20191209.tif
/hpc/group/borsuklab/csr33/object_detection/naip_tiles/m_3108143_se_17_060_20191110_20200102.tif
/hpc/group/borsuklab/csr33/object_detection/naip_tiles/m_3108111_se_17_060_20191110_20200102.tif
/hpc/group/borsuklab/csr33/object_detection/naip_tiles/m_2708246_sw_17_060_20211130.tif
/hpc/group/borsuklab/csr33/object_detection/naip_tiles/m_2909042_nw_15_060_20190830_20191001.tif
/hpc/group/borsuklab/csr33/object_detection/naip_tiles/m_2808018_nw_17_060_20191202_20200113.tif
/hpc/group/borsuklab/csr33/object_detection/naip_tiles/m_4406714_nw_19_060_20210711.tif
/hpc/group/borsuklab/csr33/object_detection/naip_tiles/m_3008532_sw_16_060_20191118_20200114.tif
m_3907458_sw_18_060_20190830_20191209 320
m_3807611_sw_18_060_20210617 320
m_2808018_nw_17_060_20191202_20200113 340
m_2909558_ne_15_060_20201031 360
m_3009330_nw_15_060_20190904_20191001 360
m_3008532_sw_16_060_20191118_20200114 340
m_4406714_nw_19_060_20210711 300
m_3907531_nw_18_060_20190726_20191209 320
m_2708246_sw_17_060_20211130 360
m_2909301_nw_15_060_20201102 340
m_2909042_nw_15_060_20190830_20191001 360
m_3108111_se_17_060_20191110_20200102 340
m_3108143_se_17_060_20191110_20200102 340
m_2909020_nw_15_030_20211130 1365
233.25558590888977
