load envirionment

/hpc/group/borsuklab/csr33/object_detection/naip_tiles/m_2608004_nw_17_060_20191215_20200113.tif
/hpc/group/borsuklab/csr33/object_detection/naip_tiles/m_3807641_ne_18_060_20210617.tif
/hpc/group/borsuklab/csr33/object_detection/naip_tiles/m_4207360_se_18_060_20211107.tif
/hpc/group/borsuklab/csr33/object_detection/naip_tiles/m_2909519_ne_15_060_20201030.tif
/hpc/group/borsuklab/csr33/object_detection/naip_tiles/m_3008930_nw_16_030_20211119.tif
/hpc/group/borsuklab/csr33/object_detection/naip_tiles/m_3008829_sw_16_030_20211119.tif
/hpc/group/borsuklab/csr33/object_detection/naip_tiles/m_2908418_nw_16_060_20191128_20200114.tif
/hpc/group/borsuklab/csr33/object_detection/naip_tiles/m_3009434_nw_15_060_20201112.tif
/hpc/group/borsuklab/csr33/object_detection/naip_tiles/m_3008934_nw_16_030_20211116.tif
/hpc/group/borsuklab/csr33/object_detection/naip_tiles/m_4307036_se_19_060_20211007.tif
/hpc/group/borsuklab/csr33/object_detection/naip_tiles/m_2909407_sw_15_060_20201112.tif
/hpc/group/borsuklab/csr33/object_detection/naip_tiles/m_3008635_ne_16_060_20191109_20200114.tif
/hpc/group/borsuklab/csr33/object_detection/naip_tiles/m_2708063_ne_17_060_20191215_20200113.tif
/hpc/group/borsuklab/csr33/object_detection/naip_tiles/m_3607605_ne_18_060_20210913.tif
m_3807641_ne_18_060_20210617 320
m_3008635_ne_16_060_20191109_20200114 340
m_4307036_se_19_060_20211007 315
m_4207360_se_18_060_20211107 336
m_2909407_sw_15_060_20201112 340
m_2908418_nw_16_060_20191128_20200114 360
m_3607605_ne_18_060_20210913 340
m_2708063_ne_17_060_20191215_20200113 360
m_2909519_ne_15_060_20201030 360
m_2608004_nw_17_060_20191215_20200113 360
m_3009434_nw_15_060_20201112 340
m_3008934_nw_16_030_20211116 1365
m_3008930_nw_16_030_20211119 1440
m_3008829_sw_16_030_20211119 1440
123.6609878540039
