load envirionment

/hpc/group/borsuklab/csr33/object_detection/naip_tiles/m_4007424_sw_18_060_20211105.tif
/hpc/group/borsuklab/csr33/object_detection/naip_tiles/m_2909403_se_15_060_20201112.tif
/hpc/group/borsuklab/csr33/object_detection/naip_tiles/m_3707502_nw_18_060_20210618.tif
/hpc/group/borsuklab/csr33/object_detection/naip_tiles/m_3507707_se_18_060_20200922.tif
/hpc/group/borsuklab/csr33/object_detection/naip_tiles/m_2808001_nw_17_060_20211130.tif
/hpc/group/borsuklab/csr33/object_detection/naip_tiles/m_2908910_se_16_030_20211129.tif
/hpc/group/borsuklab/csr33/object_detection/naip_tiles/m_4107428_ne_18_060_20211106.tif
/hpc/group/borsuklab/csr33/object_detection/naip_tiles/m_3311710_se_11_060_20200424.tif
/hpc/group/borsuklab/csr33/object_detection/naip_tiles/m_4207123_sw_19_060_20211024.tif
/hpc/group/borsuklab/csr33/object_detection/naip_tiles/m_4007423_ne_18_060_20190830_20191209.tif
/hpc/group/borsuklab/csr33/object_detection/naip_tiles/m_3009351_se_15_060_20190726_20191001.tif
/hpc/group/borsuklab/csr33/object_detection/naip_tiles/m_3707713_nw_18_060_20210910.tif
/hpc/group/borsuklab/csr33/object_detection/naip_tiles/m_3507624_sw_18_060_20201001.tif
/hpc/group/borsuklab/csr33/object_detection/naip_tiles/m_2609734_ne_14_060_20201001.tif
m_4007423_ne_18_060_20190830_20191209 300
m_4007424_sw_18_060_20211105 320
m_3311710_se_11_060_20200424 340
m_3707713_nw_18_060_20210910 340
m_4107428_ne_18_060_20211106 320
m_2609734_ne_14_060_20201001 360
m_2808001_nw_17_060_20211130 360
m_3507624_sw_18_060_20201001 340
m_2909403_se_15_060_20201112 360
m_4207123_sw_19_060_20211024 336
m_3507707_se_18_060_20200922 357
m_3009351_se_15_060_20190726_20191001 360
m_3707502_nw_18_060_20210618 320
m_2908910_se_16_030_20211129 1365
131.6877098083496
