load envirionment

/hpc/group/borsuklab/csr33/object_detection/naip_tiles/m_2909156_nw_15_060_20190830_20191001.tif
/hpc/group/borsuklab/csr33/object_detection/naip_tiles/m_2909664_se_14_060_20201029.tif
/hpc/group/borsuklab/csr33/object_detection/naip_tiles/m_3307931_sw_17_060_20210501.tif
/hpc/group/borsuklab/csr33/object_detection/naip_tiles/m_3607619_ne_18_060_20210912.tif
/hpc/group/borsuklab/csr33/object_detection/naip_tiles/m_3009312_ne_15_060_20201104.tif
/hpc/group/borsuklab/csr33/object_detection/naip_tiles/m_4306910_se_19_060_20211006.tif
/hpc/group/borsuklab/csr33/object_detection/naip_tiles/m_3009223_se_15_030_20211212.tif
/hpc/group/borsuklab/csr33/object_detection/naip_tiles/m_3411948_se_11_060_20200521.tif
/hpc/group/borsuklab/csr33/object_detection/naip_tiles/m_4207358_nw_18_060_20211105.tif
/hpc/group/borsuklab/csr33/object_detection/naip_tiles/m_3208156_sw_17_060_20210507.tif
/hpc/group/borsuklab/csr33/object_detection/naip_tiles/m_3211602_ne_11_060_20200415.tif
/hpc/group/borsuklab/csr33/object_detection/naip_tiles/m_2908109_sw_17_060_20211202.tif
/hpc/group/borsuklab/csr33/object_detection/naip_tiles/m_2809620_sw_14_060_20201029.tif
/hpc/group/borsuklab/csr33/object_detection/naip_tiles/m_3311643_sw_11_060_20200415.tif
m_4306910_se_19_060_20211006 300
m_3307931_sw_17_060_20210501 340
m_3311643_sw_11_060_20200415 340
m_4207358_nw_18_060_20211105 320
m_3607619_ne_18_060_20210912 340
m_2809620_sw_14_060_20201029 360
m_2909156_nw_15_060_20190830_20191001 360
m_3009312_ne_15_060_20201104 340
m_3411948_se_11_060_20200521 340
m_2909664_se_14_060_20201029 360
m_2908109_sw_17_060_20211202 360
m_3211602_ne_11_060_20200415 340
m_3208156_sw_17_060_20210507 340
m_3009223_se_15_030_20211212 1326
100.43511009216309
