load envirionment

/hpc/group/borsuklab/csr33/object_detection/naip_tiles/m_3411935_sw_11_060_20200521.tif
/hpc/group/borsuklab/csr33/object_detection/naip_tiles/m_4307006_nw_19_060_20210722.tif
/hpc/group/borsuklab/csr33/object_detection/naip_tiles/m_3008722_nw_16_060_20191103_20200114.tif
/hpc/group/borsuklab/csr33/object_detection/naip_tiles/m_3607655_se_18_060_20200922.tif
/hpc/group/borsuklab/csr33/object_detection/naip_tiles/m_4007317_nw_18_060_20211105.tif
/hpc/group/borsuklab/csr33/object_detection/naip_tiles/m_3208031_nw_17_060_20210426.tif
/hpc/group/borsuklab/csr33/object_detection/naip_tiles/m_3707601_nw_18_060_20210910.tif
/hpc/group/borsuklab/csr33/object_detection/naip_tiles/m_3407727_nw_18_060_20200930.tif
/hpc/group/borsuklab/csr33/object_detection/naip_tiles/m_3208132_se_17_060_20210426.tif
/hpc/group/borsuklab/csr33/object_detection/naip_tiles/m_2909307_nw_15_060_20190706_20191001.tif
/hpc/group/borsuklab/csr33/object_detection/naip_tiles/m_3008946_ne_16_030_20211114.tif
/hpc/group/borsuklab/csr33/object_detection/naip_tiles/m_4007421_nw_18_060_20190830_20191209.tif
/hpc/group/borsuklab/csr33/object_detection/naip_tiles/m_2908331_se_17_060_20211116.tif
/hpc/group/borsuklab/csr33/object_detection/naip_tiles/m_3008460_ne_16_060_20191129_20200114.tif
m_3208132_se_17_060_20210426 340
m_4007421_nw_18_060_20190830_20191209 300
m_4007317_nw_18_060_20211105 320
m_4307006_nw_19_060_20210722 320
m_3008722_nw_16_060_20191103_20200114 340
m_3208031_nw_17_060_20210426 340
m_3411935_sw_11_060_20200521 340
m_3707601_nw_18_060_20210910 340
m_3607655_se_18_060_20200922 340
m_2909307_nw_15_060_20190706_20191001 360
m_2908331_se_17_060_20211116 378
m_3008460_ne_16_060_20191129_20200114 360
m_3407727_nw_18_060_20200930 360
m_3008946_ne_16_030_20211114 1400
140.5160620212555
