load envirionment

/hpc/group/borsuklab/csr33/object_detection/naip_tiles/m_3208136_ne_17_060_20191109_20200102.tif
/hpc/group/borsuklab/csr33/object_detection/naip_tiles/m_3008834_sw_16_030_20211114.tif
/hpc/group/borsuklab/csr33/object_detection/naip_tiles/m_4207345_se_18_060_20211107.tif
/hpc/group/borsuklab/csr33/object_detection/naip_tiles/m_3009032_sw_15_030_20211123.tif
/hpc/group/borsuklab/csr33/object_detection/naip_tiles/m_3009156_sw_15_030_20211119.tif
/hpc/group/borsuklab/csr33/object_detection/naip_tiles/m_3311647_sw_11_060_20200415.tif
/hpc/group/borsuklab/csr33/object_detection/naip_tiles/m_2808221_nw_17_060_20211130.tif
/hpc/group/borsuklab/csr33/object_detection/naip_tiles/m_3307949_ne_17_060_20210508.tif
/hpc/group/borsuklab/csr33/object_detection/naip_tiles/m_3407811_se_17_060_20200603.tif
/hpc/group/borsuklab/csr33/object_detection/naip_tiles/m_3108728_se_16_030_20211115.tif
/hpc/group/borsuklab/csr33/object_detection/naip_tiles/m_2708230_nw_17_060_20211130.tif
/hpc/group/borsuklab/csr33/object_detection/naip_tiles/m_3009333_ne_15_060_20201102.tif
/hpc/group/borsuklab/csr33/object_detection/naip_tiles/m_3009435_sw_15_060_20201112.tif
/hpc/group/borsuklab/csr33/object_detection/naip_tiles/m_3008944_nw_16_030_20211114.tif
m_3009435_sw_15_060_20201112 340
m_2808221_nw_17_060_20211130 360
m_3208136_ne_17_060_20191109_20200102 340
m_3009333_ne_15_060_20201102 340
m_3311647_sw_11_060_20200415 340
m_4207345_se_18_060_20211107 336
m_2708230_nw_17_060_20211130 360
m_3307949_ne_17_060_20210508 340
m_3407811_se_17_060_20200603 357
m_3108728_se_16_030_20211115 1360
m_3009156_sw_15_030_20211119 1365
m_3009032_sw_15_030_20211123 1365
m_3008834_sw_16_030_20211114 1476
m_3008944_nw_16_030_20211114 1440
163.13850378990173
