load envirionment

/hpc/group/borsuklab/csr33/object_detection/naip_tiles/m_2609742_sw_14_060_20201001.tif
/hpc/group/borsuklab/csr33/object_detection/naip_tiles/m_4107119_se_19_060_20210926.tif
/hpc/group/borsuklab/csr33/object_detection/naip_tiles/m_3607727_se_18_060_20210912.tif
/hpc/group/borsuklab/csr33/object_detection/naip_tiles/m_2708134_nw_17_060_20211202.tif
/hpc/group/borsuklab/csr33/object_detection/naip_tiles/m_4207321_ne_18_060_20211107.tif
/hpc/group/borsuklab/csr33/object_detection/naip_tiles/m_2908912_ne_16_030_20211129.tif
/hpc/group/borsuklab/csr33/object_detection/naip_tiles/m_3412006_ne_10_060_20200523.tif
/hpc/group/borsuklab/csr33/object_detection/naip_tiles/m_2809504_se_15_060_20201117.tif
/hpc/group/borsuklab/csr33/object_detection/naip_tiles/m_3208044_ne_17_060_20210426.tif
/hpc/group/borsuklab/csr33/object_detection/naip_tiles/m_2909103_ne_15_060_20190706_20191001.tif
/hpc/group/borsuklab/csr33/object_detection/naip_tiles/m_2808205_sw_17_060_20211130.tif
/hpc/group/borsuklab/csr33/object_detection/naip_tiles/m_3607526_sw_18_060_20210913.tif
/hpc/group/borsuklab/csr33/object_detection/naip_tiles/m_3311715_sw_11_060_20200423.tif
/hpc/group/borsuklab/csr33/object_detection/naip_tiles/m_3308032_ne_17_060_20210501.tif
m_2708134_nw_17_060_20211202 360
m_4207321_ne_18_060_20211107 320
m_4107119_se_19_060_20210926 336
m_2808205_sw_17_060_20211130 360
m_3311715_sw_11_060_20200423 340
m_2609742_sw_14_060_20201001 360
m_3607526_sw_18_060_20210913 340
m_3208044_ne_17_060_20210426 340
m_3607727_se_18_060_20210912 357
m_2909103_ne_15_060_20190706_20191001 360
m_3308032_ne_17_060_20210501 340
m_2809504_se_15_060_20201117 360
m_3412006_ne_10_060_20200523 340
m_2908912_ne_16_030_20211129 1365
133.84476161003113
