load envirionment

/hpc/group/borsuklab/csr33/object_detection/naip_tiles/m_3907623_se_18_060_20211101.tif
/hpc/group/borsuklab/csr33/object_detection/naip_tiles/m_2908259_ne_17_060_20211129.tif
/hpc/group/borsuklab/csr33/object_detection/naip_tiles/m_3807736_nw_18_060_20210903.tif
/hpc/group/borsuklab/csr33/object_detection/naip_tiles/m_3412003_ne_10_060_20200607.tif
/hpc/group/borsuklab/csr33/object_detection/naip_tiles/m_3307929_nw_17_060_20210501.tif
/hpc/group/borsuklab/csr33/object_detection/naip_tiles/m_4406803_sw_19_060_20210723.tif
/hpc/group/borsuklab/csr33/object_detection/naip_tiles/m_2909520_ne_15_060_20201118.tif
/hpc/group/borsuklab/csr33/object_detection/naip_tiles/m_2508116_nw_17_060_20211203.tif
/hpc/group/borsuklab/csr33/object_detection/naip_tiles/m_3009046_ne_15_030_20211116.tif
/hpc/group/borsuklab/csr33/object_detection/naip_tiles/m_3707705_sw_18_060_20210910.tif
/hpc/group/borsuklab/csr33/object_detection/naip_tiles/m_2609718_se_14_060_20201001.tif
/hpc/group/borsuklab/csr33/object_detection/naip_tiles/m_3907651_nw_18_060_20210617.tif
/hpc/group/borsuklab/csr33/object_detection/naip_tiles/m_3807623_ne_18_060_20210623.tif
/hpc/group/borsuklab/csr33/object_detection/naip_tiles/m_2908235_ne_17_060_20211129.tif
m_3907623_se_18_060_20211101 320
m_3807623_ne_18_060_20210623 320
m_2508116_nw_17_060_20211203 380
m_4406803_sw_19_060_20210723 300
m_3707705_sw_18_060_20210910 357
m_3907651_nw_18_060_20210617 320
m_2909520_ne_15_060_20201118 360
m_3412003_ne_10_060_20200607 340
m_2908235_ne_17_060_20211129 360
m_3807736_nw_18_060_20210903 340
m_2609718_se_14_060_20201001 360
m_2908259_ne_17_060_20211129 360
m_3307929_nw_17_060_20210501 340
m_3009046_ne_15_030_20211116 1365
168.07528638839722
