load envirionment

/hpc/group/borsuklab/csr33/object_detection/naip_tiles/m_3607652_nw_18_060_20200922.tif
/hpc/group/borsuklab/csr33/object_detection/naip_tiles/m_3907653_se_18_060_20210606.tif
/hpc/group/borsuklab/csr33/object_detection/naip_tiles/m_3108741_ne_16_030_20211115.tif
/hpc/group/borsuklab/csr33/object_detection/naip_tiles/m_3008624_se_16_060_20191109_20200114.tif
/hpc/group/borsuklab/csr33/object_detection/naip_tiles/m_3707708_ne_18_060_20210910.tif
/hpc/group/borsuklab/csr33/object_detection/naip_tiles/m_2709709_se_14_060_20200501.tif
/hpc/group/borsuklab/csr33/object_detection/naip_tiles/m_3507520_ne_18_060_20200516.tif
/hpc/group/borsuklab/csr33/object_detection/naip_tiles/m_4506962_sw_19_060_20210816.tif
/hpc/group/borsuklab/csr33/object_detection/naip_tiles/m_2909050_nw_15_060_20190830_20191001.tif
/hpc/group/borsuklab/csr33/object_detection/naip_tiles/m_3211615_nw_11_060_20200415.tif
/hpc/group/borsuklab/csr33/object_detection/naip_tiles/m_3208033_nw_17_060_20210426.tif
/hpc/group/borsuklab/csr33/object_detection/naip_tiles/m_3707706_sw_18_060_20210912.tif
/hpc/group/borsuklab/csr33/object_detection/naip_tiles/m_2708052_sw_17_060_20191215_20200113.tif
/hpc/group/borsuklab/csr33/object_detection/naip_tiles/m_2508038_sw_17_060_20211207.tif
m_4506962_sw_19_060_20210816 300
m_3907653_se_18_060_20210606 320
m_2909050_nw_15_060_20190830_20191001 360
m_2508038_sw_17_060_20211207 380
m_3707706_sw_18_060_20210912 357
m_3208033_nw_17_060_20210426 340
m_3211615_nw_11_060_20200415 340
m_3008624_se_16_060_20191109_20200114 340
m_3607652_nw_18_060_20200922 340
m_3507520_ne_18_060_20200516 340
m_3707708_ne_18_060_20210910 340
m_2708052_sw_17_060_20191215_20200113 360
m_2709709_se_14_060_20200501 360
m_3108741_ne_16_030_20211115 1400
168.6532416343689
