load envirionment

/hpc/group/borsuklab/csr33/object_detection/naip_tiles/m_3807740_nw_18_060_20210617.tif
/hpc/group/borsuklab/csr33/object_detection/naip_tiles/m_3009158_sw_15_030_20211113.tif
/hpc/group/borsuklab/csr33/object_detection/naip_tiles/m_4107429_se_18_060_20190917_20191209.tif
/hpc/group/borsuklab/csr33/object_detection/naip_tiles/m_2909303_nw_15_060_20190726_20191001.tif
/hpc/group/borsuklab/csr33/object_detection/naip_tiles/m_2808239_nw_17_060_20211130.tif
/hpc/group/borsuklab/csr33/object_detection/naip_tiles/m_4007309_sw_18_060_20211105.tif
/hpc/group/borsuklab/csr33/object_detection/naip_tiles/m_4506744_ne_19_060_20210723.tif
/hpc/group/borsuklab/csr33/object_detection/naip_tiles/m_3407613_ne_18_060_20201018.tif
/hpc/group/borsuklab/csr33/object_detection/naip_tiles/m_2608026_nw_17_060_20191130_20200113.tif
/hpc/group/borsuklab/csr33/object_detection/naip_tiles/m_2908321_se_17_060_20211130.tif
/hpc/group/borsuklab/csr33/object_detection/naip_tiles/m_4506811_sw_19_060_20210816.tif
/hpc/group/borsuklab/csr33/object_detection/naip_tiles/m_3907553_ne_18_060_20210630.tif
/hpc/group/borsuklab/csr33/object_detection/naip_tiles/m_2908249_sw_17_060_20211117.tif
/hpc/group/borsuklab/csr33/object_detection/naip_tiles/m_3009561_sw_15_060_20201118.tif
m_3807740_nw_18_060_20210617 320
m_4107429_se_18_060_20190917_20191209 300
m_4007309_sw_18_060_20211105 320
m_4506811_sw_19_060_20210816 300
m_3407613_ne_18_060_20201018 340
m_2908249_sw_17_060_20211117 378
m_3907553_ne_18_060_20210630 320
m_4506744_ne_19_060_20210723 300
m_2608026_nw_17_060_20191130_20200113 360
m_3009561_sw_15_060_20201118 360
m_2808239_nw_17_060_20211130 360
m_2909303_nw_15_060_20190726_20191001 360
m_2908321_se_17_060_20211130 378
m_3009158_sw_15_030_20211113 1326
95.91557669639587
