load envirionment

/hpc/group/borsuklab/csr33/object_detection/naip_tiles/m_3807536_nw_18_060_20211019.tif
/hpc/group/borsuklab/csr33/object_detection/naip_tiles/m_2909653_sw_14_060_20201102.tif
/hpc/group/borsuklab/csr33/object_detection/naip_tiles/m_3407854_ne_17_060_20200603.tif
/hpc/group/borsuklab/csr33/object_detection/naip_tiles/m_3311634_ne_11_060_20200415.tif
/hpc/group/borsuklab/csr33/object_detection/naip_tiles/m_3807720_sw_18_060_20210903.tif
/hpc/group/borsuklab/csr33/object_detection/naip_tiles/m_2508038_nw_17_060_20211207.tif
/hpc/group/borsuklab/csr33/object_detection/naip_tiles/m_3008340_sw_17_060_20211117.tif
/hpc/group/borsuklab/csr33/object_detection/naip_tiles/m_2808108_ne_17_060_20211202.tif
/hpc/group/borsuklab/csr33/object_detection/naip_tiles/m_4007446_nw_18_060_20190730_20191209.tif
/hpc/group/borsuklab/csr33/object_detection/naip_tiles/m_2809608_nw_14_060_20201029.tif
/hpc/group/borsuklab/csr33/object_detection/naip_tiles/m_2809644_nw_14_060_20201029.tif
/hpc/group/borsuklab/csr33/object_detection/naip_tiles/m_2809618_ne_14_060_20201029.tif
/hpc/group/borsuklab/csr33/object_detection/naip_tiles/m_4007459_nw_18_060_20190730_20191209.tif
/hpc/group/borsuklab/csr33/object_detection/naip_tiles/m_4506848_nw_19_060_20210911.tif
m_2508038_nw_17_060_20211207 380
m_2809644_nw_14_060_20201029 360
m_3807536_nw_18_060_20211019 320
m_2808108_ne_17_060_20211202 360
m_4007459_nw_18_060_20190730_20191209 300
m_3407854_ne_17_060_20200603 340
m_2809608_nw_14_060_20201029 360
m_3311634_ne_11_060_20200415 340
m_4506848_nw_19_060_20210911 300
m_3807720_sw_18_060_20210903 357
m_4007446_nw_18_060_20190730_20191209 300
m_2909653_sw_14_060_20201102 360
m_2809618_ne_14_060_20201029 360
m_3008340_sw_17_060_20211117 378
93.70241189002991
