load envirionment

/hpc/group/borsuklab/csr33/object_detection/naip_tiles/m_2909303_sw_15_060_20190726_20191001.tif
/hpc/group/borsuklab/csr33/object_detection/naip_tiles/m_3307921_nw_17_060_20210501.tif
/hpc/group/borsuklab/csr33/object_detection/naip_tiles/m_2608022_ne_17_060_20191120_20200113.tif
/hpc/group/borsuklab/csr33/object_detection/naip_tiles/m_2608111_sw_17_060_20191129_20200113.tif
/hpc/group/borsuklab/csr33/object_detection/naip_tiles/m_4007443_se_18_060_20190730_20191209.tif
/hpc/group/borsuklab/csr33/object_detection/naip_tiles/m_3308054_sw_17_060_20210426.tif
/hpc/group/borsuklab/csr33/object_detection/naip_tiles/m_3407953_sw_17_060_20210508.tif
/hpc/group/borsuklab/csr33/object_detection/naip_tiles/m_4107436_se_18_060_20211106.tif
/hpc/group/borsuklab/csr33/object_detection/naip_tiles/m_2909034_nw_15_060_20190831_20191001.tif
/hpc/group/borsuklab/csr33/object_detection/naip_tiles/m_3607648_sw_18_060_20200516.tif
/hpc/group/borsuklab/csr33/object_detection/naip_tiles/m_2609734_se_14_060_20201029.tif
/hpc/group/borsuklab/csr33/object_detection/naip_tiles/m_2609710_sw_14_060_20201001.tif
/hpc/group/borsuklab/csr33/object_detection/naip_tiles/m_3512055_nw_10_060_20200522.tif
/hpc/group/borsuklab/csr33/object_detection/naip_tiles/m_3607509_sw_18_060_20210913.tif
m_4007443_se_18_060_20190730_20191209 300
m_3308054_sw_17_060_20210426 340
m_2609734_se_14_060_20201029 360
m_3607509_sw_18_060_20210913 340
m_4107436_se_18_060_20211106 320
m_3512055_nw_10_060_20200522 340
m_2909303_sw_15_060_20190726_20191001 360
m_2909034_nw_15_060_20190831_20191001 360
m_3407953_sw_17_060_20210508 340
m_2608022_ne_17_060_20191120_20200113 360
m_3307921_nw_17_060_20210501 340
m_2609710_sw_14_060_20201001 360
m_3607648_sw_18_060_20200516 340
m_2608111_sw_17_060_20191129_20200113 360
86.28687930107117
