load envirionment

/hpc/group/borsuklab/csr33/object_detection/naip_tiles/m_3008927_nw_16_030_20211119.tif
/hpc/group/borsuklab/csr33/object_detection/naip_tiles/m_3907410_se_18_060_20190730_20191209.tif
/hpc/group/borsuklab/csr33/object_detection/naip_tiles/m_2909003_ne_15_060_20190707_20191001.tif
/hpc/group/borsuklab/csr33/object_detection/naip_tiles/m_3008940_ne_16_030_20211114.tif
/hpc/group/borsuklab/csr33/object_detection/naip_tiles/m_3412004_se_10_060_20200607.tif
/hpc/group/borsuklab/csr33/object_detection/naip_tiles/m_2909012_se_15_030_20211130.tif
/hpc/group/borsuklab/csr33/object_detection/naip_tiles/m_4207105_se_19_060_20211024.tif
/hpc/group/borsuklab/csr33/object_detection/naip_tiles/m_3009239_nw_15_030_20211222.tif
/hpc/group/borsuklab/csr33/object_detection/naip_tiles/m_4107310_nw_18_060_20211105.tif
/hpc/group/borsuklab/csr33/object_detection/naip_tiles/m_3707630_sw_18_060_20210926.tif
/hpc/group/borsuklab/csr33/object_detection/naip_tiles/m_3607748_nw_18_060_20200922.tif
/hpc/group/borsuklab/csr33/object_detection/naip_tiles/m_2909131_nw_15_060_20190902_20191001.tif
/hpc/group/borsuklab/csr33/object_detection/naip_tiles/m_3108216_nw_17_060_20191110_20200102.tif
/hpc/group/borsuklab/csr33/object_detection/naip_tiles/m_2608215_ne_17_060_20211217.tif
m_2909131_nw_15_060_20190902_20191001 360
m_3412004_se_10_060_20200607 340
m_4207105_se_19_060_20211024 336
m_4107310_nw_18_060_20211105 320
m_3108216_nw_17_060_20191110_20200102 340
m_2909003_ne_15_060_20190707_20191001 360
m_3707630_sw_18_060_20210926 340
m_3607748_nw_18_060_20200922 340
m_2608215_ne_17_060_20211217 360
m_3907410_se_18_060_20190730_20191209 320
m_2909012_se_15_030_20211130 1365
m_3009239_nw_15_030_20211222 1326
m_3008940_ne_16_030_20211114 1400
m_3008927_nw_16_030_20211119 1440
228.4705240726471
