load envirionment

/hpc/group/borsuklab/csr33/object_detection/naip_tiles/m_3211814_nw_11_060_20200504.tif
/hpc/group/borsuklab/csr33/object_detection/naip_tiles/m_3311806_sw_11_060_20200505.tif
/hpc/group/borsuklab/csr33/object_detection/naip_tiles/m_3807762_sw_18_060_20210910.tif
/hpc/group/borsuklab/csr33/object_detection/naip_tiles/m_4406808_ne_19_060_20210815.tif
/hpc/group/borsuklab/csr33/object_detection/naip_tiles/m_3009024_sw_15_030_20211123.tif
/hpc/group/borsuklab/csr33/object_detection/naip_tiles/m_2909419_nw_15_060_20201112.tif
/hpc/group/borsuklab/csr33/object_detection/naip_tiles/m_2609762_ne_14_060_20200430.tif
/hpc/group/borsuklab/csr33/object_detection/naip_tiles/m_3108137_nw_17_060_20211203.tif
/hpc/group/borsuklab/csr33/object_detection/naip_tiles/m_2909651_sw_14_060_20201031.tif
/hpc/group/borsuklab/csr33/object_detection/naip_tiles/m_2908404_se_16_060_20191129_20200114.tif
/hpc/group/borsuklab/csr33/object_detection/naip_tiles/m_3607606_nw_18_060_20210913.tif
/hpc/group/borsuklab/csr33/object_detection/naip_tiles/m_2909109_nw_15_060_20190706_20191001.tif
/hpc/group/borsuklab/csr33/object_detection/naip_tiles/m_3807522_se_18_060_20210624.tif
/hpc/group/borsuklab/csr33/object_detection/naip_tiles/m_3009102_ne_15_030_20211113.tif
m_3211814_nw_11_060_20200504 340
m_2909109_nw_15_060_20190706_20191001 360
m_4406808_ne_19_060_20210815 300
m_3807762_sw_18_060_20210910 357
m_3311806_sw_11_060_20200505 340
m_2909419_nw_15_060_20201112 360
m_2609762_ne_14_060_20200430 360
m_3607606_nw_18_060_20210913 340
m_2909651_sw_14_060_20201031 360
m_3807522_se_18_060_20210624 320
m_3108137_nw_17_060_20211203 340
m_2908404_se_16_060_20191129_20200114 360
m_3009102_ne_15_030_20211113 1326
m_3009024_sw_15_030_20211123 1365
180.0639033317566
