load envirionment

/hpc/group/borsuklab/csr33/object_detection/naip_tiles/m_3308060_ne_17_060_20210501.tif
/hpc/group/borsuklab/csr33/object_detection/naip_tiles/m_3009117_ne_15_030_20211113.tif
/hpc/group/borsuklab/csr33/object_detection/naip_tiles/m_2508005_nw_17_060_20191203_20200113.tif
/hpc/group/borsuklab/csr33/object_detection/naip_tiles/m_2508035_nw_17_060_20211203.tif
/hpc/group/borsuklab/csr33/object_detection/naip_tiles/m_3807609_se_18_060_20210617.tif
/hpc/group/borsuklab/csr33/object_detection/naip_tiles/m_3607517_nw_18_060_20210913.tif
/hpc/group/borsuklab/csr33/object_detection/naip_tiles/m_4107415_nw_18_060_20211106.tif
/hpc/group/borsuklab/csr33/object_detection/naip_tiles/m_2909549_ne_15_060_20201031.tif
/hpc/group/borsuklab/csr33/object_detection/naip_tiles/m_3412063_se_10_060_20200607.tif
/hpc/group/borsuklab/csr33/object_detection/naip_tiles/m_4307036_nw_19_060_20211007.tif
/hpc/group/borsuklab/csr33/object_detection/naip_tiles/m_2909442_nw_15_060_20201116.tif
/hpc/group/borsuklab/csr33/object_detection/naip_tiles/m_3607660_ne_18_060_20200922.tif
/hpc/group/borsuklab/csr33/object_detection/naip_tiles/m_2508114_nw_17_060_20211203.tif
/hpc/group/borsuklab/csr33/object_detection/naip_tiles/m_3008704_sw_16_030_20211112.tif
m_4107415_nw_18_060_20211106 320
m_2909442_nw_15_060_20201116 360
m_2508035_nw_17_060_20211203 380
m_3607517_nw_18_060_20210913 340
m_4307036_nw_19_060_20211007 320
m_3308060_ne_17_060_20210501 340
m_3607660_ne_18_060_20200922 340
m_2909549_ne_15_060_20201031 360
m_2508114_nw_17_060_20211203 380
m_3807609_se_18_060_20210617 320
m_3412063_se_10_060_20200607 340
m_2508005_nw_17_060_20191203_20200113 360
m_3008704_sw_16_030_20211112 1400
m_3009117_ne_15_030_20211113 1326
125.54530763626099
