load envirionment

/hpc/group/borsuklab/csr33/object_detection/naip_tiles/m_2508015_ne_17_060_20191120_20200113.tif
/hpc/group/borsuklab/csr33/object_detection/naip_tiles/m_4107114_nw_19_060_20210826.tif
/hpc/group/borsuklab/csr33/object_detection/naip_tiles/m_2908935_nw_16_030_20211202.tif
/hpc/group/borsuklab/csr33/object_detection/naip_tiles/m_3211616_sw_11_060_20200420.tif
/hpc/group/borsuklab/csr33/object_detection/naip_tiles/m_2609739_sw_14_060_20201029.tif
/hpc/group/borsuklab/csr33/object_detection/naip_tiles/m_3907507_ne_18_060_20191015_20191203.tif
/hpc/group/borsuklab/csr33/object_detection/naip_tiles/m_4506753_ne_19_060_20210723.tif
/hpc/group/borsuklab/csr33/object_detection/naip_tiles/m_3008548_ne_16_060_20191120_20200114.tif
/hpc/group/borsuklab/csr33/object_detection/naip_tiles/m_3507664_ne_18_060_20201018.tif
/hpc/group/borsuklab/csr33/object_detection/naip_tiles/m_3307908_nw_17_060_20210501.tif
/hpc/group/borsuklab/csr33/object_detection/naip_tiles/m_3208036_se_17_060_20210426.tif
/hpc/group/borsuklab/csr33/object_detection/naip_tiles/m_2909556_sw_15_060_20201116.tif
/hpc/group/borsuklab/csr33/object_detection/naip_tiles/m_2909555_nw_15_060_20201116.tif
/hpc/group/borsuklab/csr33/object_detection/naip_tiles/m_2908245_nw_17_060_20211129.tif
m_4107114_nw_19_060_20210826 320
m_4506753_ne_19_060_20210723 300
m_3307908_nw_17_060_20210501 340
m_3507664_ne_18_060_20201018 340
m_2909556_sw_15_060_20201116 360
m_2909555_nw_15_060_20201116 360
m_2908245_nw_17_060_20211129 360
m_3907507_ne_18_060_20191015_20191203 320
m_3211616_sw_11_060_20200420 340
m_2609739_sw_14_060_20201029 360
m_3208036_se_17_060_20210426 340
m_3008548_ne_16_060_20191120_20200114 340
m_2508015_ne_17_060_20191120_20200113 360
m_2908935_nw_16_030_20211202 1365
120.15603756904602
