load envirionment

/hpc/group/borsuklab/csr33/object_detection/naip_tiles/m_3507549_sw_18_060_20201018.tif
/hpc/group/borsuklab/csr33/object_detection/naip_tiles/m_3807740_sw_18_060_20210617.tif
/hpc/group/borsuklab/csr33/object_detection/naip_tiles/m_4406927_se_19_060_20210827.tif
/hpc/group/borsuklab/csr33/object_detection/naip_tiles/m_3411917_nw_11_060_20200522.tif
/hpc/group/borsuklab/csr33/object_detection/naip_tiles/m_3109359_se_15_060_20201104.tif
/hpc/group/borsuklab/csr33/object_detection/naip_tiles/m_3008745_ne_16_060_20191103_20200114.tif
/hpc/group/borsuklab/csr33/object_detection/naip_tiles/m_4107345_ne_18_060_20211106.tif
/hpc/group/borsuklab/csr33/object_detection/naip_tiles/m_3707629_nw_18_060_20210926.tif
/hpc/group/borsuklab/csr33/object_detection/naip_tiles/m_3108128_ne_17_060_20191110_20200102.tif
/hpc/group/borsuklab/csr33/object_detection/naip_tiles/m_3907525_sw_18_060_20211020.tif
/hpc/group/borsuklab/csr33/object_detection/naip_tiles/m_3807650_se_18_060_20210910.tif
/hpc/group/borsuklab/csr33/object_detection/naip_tiles/m_3707734_sw_18_060_20210628.tif
/hpc/group/borsuklab/csr33/object_detection/naip_tiles/m_4207164_se_19_060_20210826.tif
/hpc/group/borsuklab/csr33/object_detection/naip_tiles/m_2709759_se_14_060_20200501.tif
m_4207164_se_19_060_20210826 336
m_4107345_ne_18_060_20211106 320
m_3707629_nw_18_060_20210926 340
m_3108128_ne_17_060_20191110_20200102 340
m_4406927_se_19_060_20210827 300
m_3807740_sw_18_060_20210617 320
m_3411917_nw_11_060_20200522 340
m_3109359_se_15_060_20201104 340
m_3008745_ne_16_060_20191103_20200114 340
m_3707734_sw_18_060_20210628 357
m_3807650_se_18_060_20210910 357
m_3907525_sw_18_060_20211020 320
m_3507549_sw_18_060_20201018 340
m_2709759_se_14_060_20200501 360
115.95349287986755
