load envirionment

/hpc/group/borsuklab/csr33/object_detection/naip_tiles/m_3208026_se_17_060_20210426.tif
/hpc/group/borsuklab/csr33/object_detection/naip_tiles/m_3607744_se_18_060_20200922.tif
/hpc/group/borsuklab/csr33/object_detection/naip_tiles/m_4207137_ne_19_060_20211024.tif
/hpc/group/borsuklab/csr33/object_detection/naip_tiles/m_2909304_nw_15_060_20190726_20191001.tif
/hpc/group/borsuklab/csr33/object_detection/naip_tiles/m_2809756_se_14_060_20201029.tif
/hpc/group/borsuklab/csr33/object_detection/naip_tiles/m_3008615_se_16_060_20191109_20200114.tif
/hpc/group/borsuklab/csr33/object_detection/naip_tiles/m_2709723_nw_14_060_20200430.tif
/hpc/group/borsuklab/csr33/object_detection/naip_tiles/m_3807738_ne_18_060_20210617.tif
/hpc/group/borsuklab/csr33/object_detection/naip_tiles/m_4307051_ne_19_060_20211007.tif
/hpc/group/borsuklab/csr33/object_detection/naip_tiles/m_3907420_se_18_060_20190730_20191209.tif
/hpc/group/borsuklab/csr33/object_detection/naip_tiles/m_3507624_nw_18_060_20201001.tif
/hpc/group/borsuklab/csr33/object_detection/naip_tiles/m_3009304_nw_15_060_20201104.tif
/hpc/group/borsuklab/csr33/object_detection/naip_tiles/m_4506804_se_19_060_20211006.tif
/hpc/group/borsuklab/csr33/object_detection/naip_tiles/m_3907536_ne_18_060_20190726_20191209.tif
m_4506804_se_19_060_20211006 300
m_4307051_ne_19_060_20211007 320
m_3807738_ne_18_060_20210617 320
m_3907420_se_18_060_20190730_20191209 320
m_4207137_ne_19_060_20211024 320
m_3507624_nw_18_060_20201001 340
m_3009304_nw_15_060_20201104 340
m_3008615_se_16_060_20191109_20200114 340
m_3607744_se_18_060_20200922 357
m_2809756_se_14_060_20201029 360
m_2709723_nw_14_060_20200430 360
m_2909304_nw_15_060_20190726_20191001 360
m_3907536_ne_18_060_20190726_20191209 320
m_3208026_se_17_060_20210426 340
84.80234789848328
