load envirionment

/hpc/group/borsuklab/csr33/object_detection/naip_tiles/m_4007407_se_18_060_20190830_20191209.tif
/hpc/group/borsuklab/csr33/object_detection/naip_tiles/m_3311710_ne_11_060_20200424.tif
/hpc/group/borsuklab/csr33/object_detection/naip_tiles/m_3707512_se_18_060_20211017.tif
/hpc/group/borsuklab/csr33/object_detection/naip_tiles/m_2608158_ne_17_060_20211223.tif
/hpc/group/borsuklab/csr33/object_detection/naip_tiles/m_4107107_sw_19_060_20210826.tif
/hpc/group/borsuklab/csr33/object_detection/naip_tiles/m_2608112_nw_17_060_20191129_20200113.tif
/hpc/group/borsuklab/csr33/object_detection/naip_tiles/m_3009250_nw_15_030_20211221.tif
/hpc/group/borsuklab/csr33/object_detection/naip_tiles/m_4207025_se_19_060_20211024.tif
/hpc/group/borsuklab/csr33/object_detection/naip_tiles/m_3009130_nw_15_030_20211120.tif
/hpc/group/borsuklab/csr33/object_detection/naip_tiles/m_3407707_nw_18_060_20201031.tif
/hpc/group/borsuklab/csr33/object_detection/naip_tiles/m_2608110_sw_17_060_20211223.tif
/hpc/group/borsuklab/csr33/object_detection/naip_tiles/m_3307807_sw_17_060_20200603.tif
/hpc/group/borsuklab/csr33/object_detection/naip_tiles/m_2908506_nw_16_060_20191118_20200114.tif
/hpc/group/borsuklab/csr33/object_detection/naip_tiles/m_4406940_sw_19_060_20211006.tif
m_4406940_sw_19_060_20211006 300
m_4007407_se_18_060_20190830_20191209 300
m_3311710_ne_11_060_20200424 340
m_3707512_se_18_060_20211017 320
m_4107107_sw_19_060_20210826 336
m_4207025_se_19_060_20211024 336
m_2608110_sw_17_060_20211223 360
m_2608112_nw_17_060_20191129_20200113 360
m_2908506_nw_16_060_20191118_20200114 360
m_2608158_ne_17_060_20211223 360
m_3407707_nw_18_060_20201031 340
m_3307807_sw_17_060_20200603 378
m_3009250_nw_15_030_20211221 1326
m_3009130_nw_15_030_20211120 1326
133.7663128376007
