load envirionment

/hpc/group/borsuklab/csr33/object_detection/naip_tiles/m_3008716_se_16_060_20191103_20200114.tif
/hpc/group/borsuklab/csr33/object_detection/naip_tiles/m_3009212_se_15_030_20211223.tif
/hpc/group/borsuklab/csr33/object_detection/naip_tiles/m_4107325_nw_18_060_20211105.tif
/hpc/group/borsuklab/csr33/object_detection/naip_tiles/m_4207153_se_19_060_20210826.tif
/hpc/group/borsuklab/csr33/object_detection/naip_tiles/m_2909523_se_15_060_20201130.tif
/hpc/group/borsuklab/csr33/object_detection/naip_tiles/m_2808239_se_17_060_20211130.tif
/hpc/group/borsuklab/csr33/object_detection/naip_tiles/m_3008327_ne_17_060_20191113_20200114.tif
/hpc/group/borsuklab/csr33/object_detection/naip_tiles/m_4107108_se_19_060_20210826.tif
/hpc/group/borsuklab/csr33/object_detection/naip_tiles/m_2909231_ne_15_060_20190706_20191001.tif
/hpc/group/borsuklab/csr33/object_detection/naip_tiles/m_2909026_ne_15_060_20190906_20191001.tif
/hpc/group/borsuklab/csr33/object_detection/naip_tiles/m_2509704_ne_14_060_20201029.tif
/hpc/group/borsuklab/csr33/object_detection/naip_tiles/m_3507616_sw_18_060_20201001.tif
/hpc/group/borsuklab/csr33/object_detection/naip_tiles/m_3008748_ne_16_060_20191103_20200114.tif
/hpc/group/borsuklab/csr33/object_detection/naip_tiles/m_3009234_ne_15_030_20211221.tif
m_4107325_nw_18_060_20211105 320
m_3008716_se_16_060_20191103_20200114 340
m_2808239_se_17_060_20211130 360
m_3507616_sw_18_060_20201001 340
m_2509704_ne_14_060_20201029 360
m_2909231_ne_15_060_20190706_20191001 360
m_3008748_ne_16_060_20191103_20200114 340
m_4207153_se_19_060_20210826 336
m_4107108_se_19_060_20210826 336
m_2909523_se_15_060_20201130 360
m_2909026_ne_15_060_20190906_20191001 360
m_3008327_ne_17_060_20191113_20200114 360
m_3009234_ne_15_030_20211221 1326
m_3009212_se_15_030_20211223 1326
135.10405230522156
