load envirionment

/hpc/group/borsuklab/csr33/object_detection/naip_tiles/m_2908202_se_17_060_20211129.tif
/hpc/group/borsuklab/csr33/object_detection/naip_tiles/m_2909148_sw_15_060_20190830_20191001.tif
/hpc/group/borsuklab/csr33/object_detection/naip_tiles/m_3707525_sw_18_060_20210926.tif
/hpc/group/borsuklab/csr33/object_detection/naip_tiles/m_2508033_nw_17_060_20211203.tif
/hpc/group/borsuklab/csr33/object_detection/naip_tiles/m_3507510_nw_18_060_20200516.tif
/hpc/group/borsuklab/csr33/object_detection/naip_tiles/m_3507731_sw_18_060_20200930.tif
/hpc/group/borsuklab/csr33/object_detection/naip_tiles/m_3407728_ne_18_060_20200930.tif
/hpc/group/borsuklab/csr33/object_detection/naip_tiles/m_4107121_sw_19_060_20210826.tif
/hpc/group/borsuklab/csr33/object_detection/naip_tiles/m_4007458_se_18_060_20190917_20191209.tif
/hpc/group/borsuklab/csr33/object_detection/naip_tiles/m_2908224_ne_17_060_20211202.tif
/hpc/group/borsuklab/csr33/object_detection/naip_tiles/m_3907537_sw_18_060_20190726_20191209.tif
/hpc/group/borsuklab/csr33/object_detection/naip_tiles/m_3008638_sw_16_060_20191109_20200114.tif
/hpc/group/borsuklab/csr33/object_detection/naip_tiles/m_3108751_sw_16_030_20211115.tif
/hpc/group/borsuklab/csr33/object_detection/naip_tiles/m_4307004_sw_19_060_20211007.tif
m_3008638_sw_16_060_20191109_20200114 340
m_3507731_sw_18_060_20200930 357
m_3707525_sw_18_060_20210926 340
m_3907537_sw_18_060_20190726_20191209 320
m_4007458_se_18_060_20190917_20191209 300
m_3407728_ne_18_060_20200930 340
m_4307004_sw_19_060_20211007 336
m_3507510_nw_18_060_20200516 340
m_4107121_sw_19_060_20210826 336
m_2908224_ne_17_060_20211202 360
m_2908202_se_17_060_20211129 360
m_2508033_nw_17_060_20211203 380
m_2909148_sw_15_060_20190830_20191001 378
m_3108751_sw_16_030_20211115 1400
161.22908782958984
