load envirionment

/hpc/group/borsuklab/csr33/object_detection/naip_tiles/m_3009217_se_15_030_20211221.tif
/hpc/group/borsuklab/csr33/object_detection/naip_tiles/m_4406709_se_19_060_20210815.tif
/hpc/group/borsuklab/csr33/object_detection/naip_tiles/m_4406834_ne_19_060_20210723.tif
/hpc/group/borsuklab/csr33/object_detection/naip_tiles/m_3109357_nw_15_060_20201006.tif
/hpc/group/borsuklab/csr33/object_detection/naip_tiles/m_3009122_nw_15_030_20211120.tif
/hpc/group/borsuklab/csr33/object_detection/naip_tiles/m_3008939_sw_16_030_20211114.tif
/hpc/group/borsuklab/csr33/object_detection/naip_tiles/m_3008821_sw_16_030_20211119.tif
/hpc/group/borsuklab/csr33/object_detection/naip_tiles/m_4506861_se_19_060_20210929.tif
/hpc/group/borsuklab/csr33/object_detection/naip_tiles/m_3008438_nw_16_060_20211116.tif
/hpc/group/borsuklab/csr33/object_detection/naip_tiles/m_3907619_ne_18_060_20210616.tif
/hpc/group/borsuklab/csr33/object_detection/naip_tiles/m_4107248_se_18_060_20210926.tif
/hpc/group/borsuklab/csr33/object_detection/naip_tiles/m_3607637_nw_18_060_20201001.tif
/hpc/group/borsuklab/csr33/object_detection/naip_tiles/m_3008256_se_17_060_20211202.tif
/hpc/group/borsuklab/csr33/object_detection/naip_tiles/m_3607631_se_18_060_20210913.tif
m_4506861_se_19_060_20210929 300
m_3607631_se_18_060_20210913 340
m_3008438_nw_16_060_20211116 360
m_4406709_se_19_060_20210815 300
m_4406834_ne_19_060_20210723 300
m_4107248_se_18_060_20210926 336
m_3907619_ne_18_060_20210616 320
m_3008256_se_17_060_20211202 360
m_3109357_nw_15_060_20201006 340
m_3607637_nw_18_060_20201001 340
m_3009217_se_15_030_20211221 1326
m_3009122_nw_15_030_20211120 1326
m_3008821_sw_16_030_20211119 1440
m_3008939_sw_16_030_20211114 1476
149.94059348106384
