load envirionment

/hpc/group/borsuklab/csr33/object_detection/naip_tiles/m_2508009_ne_17_060_20211203.tif
/hpc/group/borsuklab/csr33/object_detection/naip_tiles/m_3907648_nw_18_060_20211020.tif
/hpc/group/borsuklab/csr33/object_detection/naip_tiles/m_3512055_sw_10_060_20200522.tif
/hpc/group/borsuklab/csr33/object_detection/naip_tiles/m_3009354_sw_15_060_20190905_20191001.tif
/hpc/group/borsuklab/csr33/object_detection/naip_tiles/m_3008725_ne_16_030_20211119.tif
/hpc/group/borsuklab/csr33/object_detection/naip_tiles/m_3707644_nw_18_060_20210926.tif
/hpc/group/borsuklab/csr33/object_detection/naip_tiles/m_3807763_sw_18_060_20210630.tif
/hpc/group/borsuklab/csr33/object_detection/naip_tiles/m_3707731_nw_18_060_20210912.tif
/hpc/group/borsuklab/csr33/object_detection/naip_tiles/m_3008927_ne_16_030_20211119.tif
/hpc/group/borsuklab/csr33/object_detection/naip_tiles/m_3807511_nw_18_060_20210623.tif
/hpc/group/borsuklab/csr33/object_detection/naip_tiles/m_2908303_ne_17_060_20191121_20200114.tif
/hpc/group/borsuklab/csr33/object_detection/naip_tiles/m_2909013_se_15_030_20211130.tif
/hpc/group/borsuklab/csr33/object_detection/naip_tiles/m_3009322_sw_15_060_20190904_20191001.tif
/hpc/group/borsuklab/csr33/object_detection/naip_tiles/m_3308045_nw_17_060_20210501.tif
m_3907648_nw_18_060_20211020 320
m_3707731_nw_18_060_20210912 340
m_3009354_sw_15_060_20190905_20191001 360
m_3512055_sw_10_060_20200522 340
m_2508009_ne_17_060_20211203 360
m_3807511_nw_18_060_20210623 320
m_3308045_nw_17_060_20210501 340
m_3707644_nw_18_060_20210926 340
m_3807763_sw_18_060_20210630 357
m_2908303_ne_17_060_20191121_20200114 360
m_3009322_sw_15_060_20190904_20191001 360
m_2909013_se_15_030_20211130 1365
m_3008927_ne_16_030_20211119 1400
m_3008725_ne_16_030_20211119 1400
115.29525017738342
