load envirionment

/hpc/group/borsuklab/csr33/object_detection/naip_tiles/m_4007407_sw_18_060_20190917_20191209.tif
/hpc/group/borsuklab/csr33/object_detection/naip_tiles/m_3707716_se_18_060_20210827.tif
/hpc/group/borsuklab/csr33/object_detection/naip_tiles/m_3807538_sw_18_060_20210605.tif
/hpc/group/borsuklab/csr33/object_detection/naip_tiles/m_2809627_ne_14_060_20201029.tif
/hpc/group/borsuklab/csr33/object_detection/naip_tiles/m_2808206_sw_17_060_20211129.tif
/hpc/group/borsuklab/csr33/object_detection/naip_tiles/m_2909030_nw_15_030_20211130.tif
/hpc/group/borsuklab/csr33/object_detection/naip_tiles/m_3307907_nw_17_060_20210508.tif
/hpc/group/borsuklab/csr33/object_detection/naip_tiles/m_3607611_nw_18_060_20210827.tif
/hpc/group/borsuklab/csr33/object_detection/naip_tiles/m_3411934_sw_11_060_20200521.tif
/hpc/group/borsuklab/csr33/object_detection/naip_tiles/m_3008931_sw_16_030_20211119.tif
/hpc/group/borsuklab/csr33/object_detection/naip_tiles/m_3008534_sw_16_060_20191109_20200114.tif
/hpc/group/borsuklab/csr33/object_detection/naip_tiles/m_2908217_nw_17_060_20211117.tif
/hpc/group/borsuklab/csr33/object_detection/naip_tiles/m_3009204_sw_15_060_20190904_20191001.tif
/hpc/group/borsuklab/csr33/object_detection/naip_tiles/m_3008158_se_17_060_20211129.tif
m_4007407_sw_18_060_20190917_20191209 300
m_3807538_sw_18_060_20210605 320
m_3307907_nw_17_060_20210508 340
m_3008534_sw_16_060_20191109_20200114 340
m_3607611_nw_18_060_20210827 340
m_3009204_sw_15_060_20190904_20191001 360
m_3411934_sw_11_060_20200521 340
m_2809627_ne_14_060_20201029 360
m_3707716_se_18_060_20210827 357
m_2808206_sw_17_060_20211129 360
m_2908217_nw_17_060_20211117 360
m_3008158_se_17_060_20211129 360
m_2909030_nw_15_030_20211130 1365
m_3008931_sw_16_030_20211119 1476
132.87021398544312
