load envirionment

/hpc/group/borsuklab/csr33/object_detection/naip_tiles/m_3311612_sw_11_060_20200416.tif
/hpc/group/borsuklab/csr33/object_detection/naip_tiles/m_2808228_ne_17_060_20211130.tif
/hpc/group/borsuklab/csr33/object_detection/naip_tiles/m_2609746_sw_14_060_20200430.tif
/hpc/group/borsuklab/csr33/object_detection/naip_tiles/m_2908954_ne_16_030_20211130.tif
/hpc/group/borsuklab/csr33/object_detection/naip_tiles/m_3907431_nw_18_060_20190730_20191209.tif
/hpc/group/borsuklab/csr33/object_detection/naip_tiles/m_3009162_nw_15_030_20211116.tif
/hpc/group/borsuklab/csr33/object_detection/naip_tiles/m_3412016_sw_10_060_20200522.tif
/hpc/group/borsuklab/csr33/object_detection/naip_tiles/m_2608054_ne_17_060_20191120_20200113.tif
/hpc/group/borsuklab/csr33/object_detection/naip_tiles/m_2708047_sw_17_060_20191215_20200113.tif
/hpc/group/borsuklab/csr33/object_detection/naip_tiles/m_3807755_se_18_060_20210630.tif
/hpc/group/borsuklab/csr33/object_detection/naip_tiles/m_3907557_se_18_060_20210606.tif
/hpc/group/borsuklab/csr33/object_detection/naip_tiles/m_3009252_se_15_030_20211223.tif
/hpc/group/borsuklab/csr33/object_detection/naip_tiles/m_2808206_nw_17_060_20211130.tif
/hpc/group/borsuklab/csr33/object_detection/naip_tiles/m_2709757_sw_14_060_20200501.tif
m_3907557_se_18_060_20210606 320
m_3907431_nw_18_060_20190730_20191209 320
m_2808228_ne_17_060_20211130 360
m_3311612_sw_11_060_20200416 340
m_2709757_sw_14_060_20200501 360
m_3412016_sw_10_060_20200522 340
m_2808206_nw_17_060_20211130 360
m_2708047_sw_17_060_20191215_20200113 360
m_2609746_sw_14_060_20200430 360
m_2608054_ne_17_060_20191120_20200113 360
m_3807755_se_18_060_20210630 357
m_3009252_se_15_030_20211223 1326
m_2908954_ne_16_030_20211130 1365
m_3009162_nw_15_030_20211116 1326
168.79673433303833
