load envirionment

/hpc/group/borsuklab/csr33/object_detection/naip_tiles/m_4207424_nw_18_060_20210920.tif
/hpc/group/borsuklab/csr33/object_detection/naip_tiles/m_3108115_ne_17_060_20211202.tif
/hpc/group/borsuklab/csr33/object_detection/naip_tiles/m_3009219_nw_15_060_20190904_20191001.tif
/hpc/group/borsuklab/csr33/object_detection/naip_tiles/m_3707622_sw_18_060_20210926.tif
/hpc/group/borsuklab/csr33/object_detection/naip_tiles/m_3907636_nw_18_060_20210617.tif
/hpc/group/borsuklab/csr33/object_detection/naip_tiles/m_3412013_ne_10_060_20200607.tif
/hpc/group/borsuklab/csr33/object_detection/naip_tiles/m_3008242_se_17_060_20211129.tif
/hpc/group/borsuklab/csr33/object_detection/naip_tiles/m_2909047_se_15_030_20211123.tif
/hpc/group/borsuklab/csr33/object_detection/naip_tiles/m_2909006_sw_15_030_20211130.tif
/hpc/group/borsuklab/csr33/object_detection/naip_tiles/m_3008632_nw_16_060_20191109_20200114.tif
/hpc/group/borsuklab/csr33/object_detection/naip_tiles/m_3311644_ne_11_060_20200415.tif
/hpc/group/borsuklab/csr33/object_detection/naip_tiles/m_3108121_sw_17_060_20191110_20200102.tif
/hpc/group/borsuklab/csr33/object_detection/naip_tiles/m_4406704_sw_19_060_20210907.tif
/hpc/group/borsuklab/csr33/object_detection/naip_tiles/m_4207063_nw_19_060_20210826.tif
m_3412013_ne_10_060_20200607 340
m_4207424_nw_18_060_20210920 320
m_4406704_sw_19_060_20210907 315
m_3907636_nw_18_060_20210617 320
m_4207063_nw_19_060_20210826 320
m_3311644_ne_11_060_20200415 340
m_3707622_sw_18_060_20210926 340
m_3108121_sw_17_060_20191110_20200102 340
m_3108115_ne_17_060_20211202 340
m_3008242_se_17_060_20211129 360
m_3009219_nw_15_060_20190904_20191001 360
m_3008632_nw_16_060_20191109_20200114 340
m_2909047_se_15_030_20211123 1365
m_2909006_sw_15_030_20211130 1365
215.6041874885559
