load envirionment

/hpc/group/borsuklab/csr33/object_detection/naip_tiles/m_2708262_nw_17_060_20211130.tif
/hpc/group/borsuklab/csr33/object_detection/naip_tiles/m_4506836_ne_19_060_20210929.tif
/hpc/group/borsuklab/csr33/object_detection/naip_tiles/m_2908917_se_16_030_20211130.tif
/hpc/group/borsuklab/csr33/object_detection/naip_tiles/m_2908405_ne_16_060_20191129_20200114.tif
/hpc/group/borsuklab/csr33/object_detection/naip_tiles/m_3108106_ne_17_060_20191109_20200102.tif
/hpc/group/borsuklab/csr33/object_detection/naip_tiles/m_4406928_se_19_060_20210904.tif
/hpc/group/borsuklab/csr33/object_detection/naip_tiles/m_2908918_nw_16_030_20211129.tif
/hpc/group/borsuklab/csr33/object_detection/naip_tiles/m_4107003_ne_19_060_20210904.tif
/hpc/group/borsuklab/csr33/object_detection/naip_tiles/m_3307926_sw_17_060_20210508.tif
/hpc/group/borsuklab/csr33/object_detection/naip_tiles/m_3211621_sw_11_060_20200415.tif
/hpc/group/borsuklab/csr33/object_detection/naip_tiles/m_2808058_sw_17_060_20191129_20200113.tif
/hpc/group/borsuklab/csr33/object_detection/naip_tiles/m_3411956_nw_11_060_20200524.tif
/hpc/group/borsuklab/csr33/object_detection/naip_tiles/m_3008835_sw_16_030_20211114.tif
/hpc/group/borsuklab/csr33/object_detection/naip_tiles/m_3008636_nw_16_060_20191109_20200114.tif
m_3411956_nw_11_060_20200524 340
m_2808058_sw_17_060_20191129_20200113 360
m_2908405_ne_16_060_20191129_20200114 360
m_3211621_sw_11_060_20200415 340
m_3307926_sw_17_060_20210508 340
m_4506836_ne_19_060_20210929 300
m_2708262_nw_17_060_20211130 380
m_3008636_nw_16_060_20191109_20200114 340
m_4406928_se_19_060_20210904 300
m_4107003_ne_19_060_20210904 320
m_3108106_ne_17_060_20191109_20200102 340
m_2908917_se_16_030_20211130 1365
m_2908918_nw_16_030_20211129 1365
m_3008835_sw_16_030_20211114 1440
126.15637278556824
