load envirionment

/hpc/group/borsuklab/csr33/object_detection/naip_tiles/m_2808204_ne_17_060_20211129.tif
/hpc/group/borsuklab/csr33/object_detection/naip_tiles/m_4406927_nw_19_060_20210827.tif
/hpc/group/borsuklab/csr33/object_detection/naip_tiles/m_4406825_se_19_060_20210913.tif
/hpc/group/borsuklab/csr33/object_detection/naip_tiles/m_2909028_sw_15_030_20211130.tif
/hpc/group/borsuklab/csr33/object_detection/naip_tiles/m_2608102_nw_17_060_20211223.tif
/hpc/group/borsuklab/csr33/object_detection/naip_tiles/m_3807603_sw_18_060_20210617.tif
/hpc/group/borsuklab/csr33/object_detection/naip_tiles/m_3211609_ne_11_060_20200425.tif
/hpc/group/borsuklab/csr33/object_detection/naip_tiles/m_4107113_ne_19_060_20210826.tif
/hpc/group/borsuklab/csr33/object_detection/naip_tiles/m_4007431_sw_18_060_20211105.tif
/hpc/group/borsuklab/csr33/object_detection/naip_tiles/m_3407818_sw_17_060_20200603.tif
/hpc/group/borsuklab/csr33/object_detection/naip_tiles/m_3008539_ne_16_060_20191128_20200114.tif
/hpc/group/borsuklab/csr33/object_detection/naip_tiles/m_3008444_se_16_060_20191129_20200114.tif
/hpc/group/borsuklab/csr33/object_detection/naip_tiles/m_3907653_nw_18_060_20210606.tif
/hpc/group/borsuklab/csr33/object_detection/naip_tiles/m_4406830_se_19_060_20210919.tif
m_3807603_sw_18_060_20210617 320
m_3211609_ne_11_060_20200425 340
m_2608102_nw_17_060_20211223 360
m_3008539_ne_16_060_20191128_20200114 340
m_4107113_ne_19_060_20210826 320
m_2808204_ne_17_060_20211129 360
m_4007431_sw_18_060_20211105 320
m_4406927_nw_19_060_20210827 300
m_4406825_se_19_060_20210913 300
m_4406830_se_19_060_20210919 300
m_3407818_sw_17_060_20200603 357
m_3907653_nw_18_060_20210606 320
m_3008444_se_16_060_20191129_20200114 360
m_2909028_sw_15_030_20211130 1365
122.51454138755798
