load envirionment

/hpc/group/borsuklab/csr33/object_detection/naip_tiles/m_3412008_sw_10_060_20200522.tif
/hpc/group/borsuklab/csr33/object_detection/naip_tiles/m_3008223_se_17_060_20191110_20200108.tif
/hpc/group/borsuklab/csr33/object_detection/naip_tiles/m_3707605_nw_18_060_20210926.tif
/hpc/group/borsuklab/csr33/object_detection/naip_tiles/m_2809731_se_14_060_20201029.tif
/hpc/group/borsuklab/csr33/object_detection/naip_tiles/m_4107045_nw_19_060_20210904.tif
/hpc/group/borsuklab/csr33/object_detection/naip_tiles/m_3008128_nw_17_060_20211129.tif
/hpc/group/borsuklab/csr33/object_detection/naip_tiles/m_3907444_sw_18_060_20190730_20191209.tif
/hpc/group/borsuklab/csr33/object_detection/naip_tiles/m_3009459_sw_15_060_20201112.tif
/hpc/group/borsuklab/csr33/object_detection/naip_tiles/m_3907515_se_18_060_20190726_20191209.tif
/hpc/group/borsuklab/csr33/object_detection/naip_tiles/m_3009247_se_15_030_20211212.tif
/hpc/group/borsuklab/csr33/object_detection/naip_tiles/m_4106901_sw_19_060_20210826.tif
/hpc/group/borsuklab/csr33/object_detection/naip_tiles/m_3009360_nw_15_060_20190726_20191001.tif
/hpc/group/borsuklab/csr33/object_detection/naip_tiles/m_2609726_nw_14_060_20201001.tif
/hpc/group/borsuklab/csr33/object_detection/naip_tiles/m_3108760_nw_16_030_20211115.tif
m_4107045_nw_19_060_20210904 320
m_4106901_sw_19_060_20210826 320
m_3707605_nw_18_060_20210926 340
m_3907444_sw_18_060_20190730_20191209 320
m_3008223_se_17_060_20191110_20200108 340
m_3907515_se_18_060_20190726_20191209 320
m_3412008_sw_10_060_20200522 340
m_2609726_nw_14_060_20201001 360
m_2809731_se_14_060_20201029 360
m_3008128_nw_17_060_20211129 360
m_3009459_sw_15_060_20201112 360
m_3009360_nw_15_060_20190726_20191001 360
m_3009247_se_15_030_20211212 1326
m_3108760_nw_16_030_20211115 1400
176.21631479263306
