load envirionment

/hpc/group/borsuklab/csr33/object_detection/naip_tiles/m_3009261_sw_15_030_20211222.tif
/hpc/group/borsuklab/csr33/object_detection/naip_tiles/m_3411946_nw_11_060_20200521.tif
/hpc/group/borsuklab/csr33/object_detection/naip_tiles/m_3008355_sw_17_060_20211130.tif
/hpc/group/borsuklab/csr33/object_detection/naip_tiles/m_2508014_nw_17_060_20191203_20200113.tif
/hpc/group/borsuklab/csr33/object_detection/naip_tiles/m_3009443_nw_15_060_20201112.tif
/hpc/group/borsuklab/csr33/object_detection/naip_tiles/m_3009140_nw_15_030_20211119.tif
/hpc/group/borsuklab/csr33/object_detection/naip_tiles/m_4107318_ne_18_060_20211105.tif
/hpc/group/borsuklab/csr33/object_detection/naip_tiles/m_3311629_sw_11_060_20200525.tif
/hpc/group/borsuklab/csr33/object_detection/naip_tiles/m_3507628_nw_18_060_20201018.tif
/hpc/group/borsuklab/csr33/object_detection/naip_tiles/m_3707712_se_18_060_20210910.tif
/hpc/group/borsuklab/csr33/object_detection/naip_tiles/m_3311715_se_11_060_20200422.tif
/hpc/group/borsuklab/csr33/object_detection/naip_tiles/m_4506827_ne_19_060_20211006.tif
/hpc/group/borsuklab/csr33/object_detection/naip_tiles/m_3008216_nw_17_060_20191110_20200108.tif
/hpc/group/borsuklab/csr33/object_detection/naip_tiles/m_3307949_nw_17_060_20210508.tif
m_4506827_ne_19_060_20211006 300
m_3307949_nw_17_060_20210508 340
m_3009443_nw_15_060_20201112 340
m_3411946_nw_11_060_20200521 340
m_3311715_se_11_060_20200422 340
m_3008355_sw_17_060_20211130 378
m_3008216_nw_17_060_20191110_20200108 340
m_2508014_nw_17_060_20191203_20200113 360
m_3707712_se_18_060_20210910 357
m_4107318_ne_18_060_20211105 320
m_3311629_sw_11_060_20200525 340
m_3507628_nw_18_060_20201018 340
m_3009261_sw_15_030_20211222 1326
m_3009140_nw_15_030_20211119 1326
138.73005390167236
