load envirionment

/hpc/group/borsuklab/csr33/object_detection/naip_tiles/m_3907441_se_18_060_20190726_20191209.tif
/hpc/group/borsuklab/csr33/object_detection/naip_tiles/m_3008613_se_16_060_20191109_20200114.tif
/hpc/group/borsuklab/csr33/object_detection/naip_tiles/m_2909116_ne_15_060_20190707_20191001.tif
/hpc/group/borsuklab/csr33/object_detection/naip_tiles/m_2808905_ne_16_030_20211130.tif
/hpc/group/borsuklab/csr33/object_detection/naip_tiles/m_3008437_sw_16_060_20191129_20200114.tif
/hpc/group/borsuklab/csr33/object_detection/naip_tiles/m_2609719_sw_14_060_20201216.tif
/hpc/group/borsuklab/csr33/object_detection/naip_tiles/m_4506820_ne_19_060_20211006.tif
/hpc/group/borsuklab/csr33/object_detection/naip_tiles/m_3008828_ne_16_030_20211119.tif
/hpc/group/borsuklab/csr33/object_detection/naip_tiles/m_4207260_se_18_060_20211001.tif
/hpc/group/borsuklab/csr33/object_detection/naip_tiles/m_4406846_nw_19_060_20210919.tif
/hpc/group/borsuklab/csr33/object_detection/naip_tiles/m_3807535_se_18_060_20210605.tif
/hpc/group/borsuklab/csr33/object_detection/naip_tiles/m_2908210_nw_17_060_20211129.tif
/hpc/group/borsuklab/csr33/object_detection/naip_tiles/m_2708232_nw_17_060_20211201.tif
/hpc/group/borsuklab/csr33/object_detection/naip_tiles/m_3008442_nw_16_060_20191128_20200114.tif
m_4506820_ne_19_060_20211006 300
m_3807535_se_18_060_20210605 320
m_3907441_se_18_060_20190726_20191209 320
m_4406846_nw_19_060_20210919 300
m_3008437_sw_16_060_20191129_20200114 360
m_3008442_nw_16_060_20191128_20200114 360
m_2909116_ne_15_060_20190707_20191001 360
m_3008613_se_16_060_20191109_20200114 340
m_2708232_nw_17_060_20211201 360
m_4207260_se_18_060_20211001 336
m_2609719_sw_14_060_20201216 360
m_2908210_nw_17_060_20211129 360
m_3008828_ne_16_030_20211119 1400
m_2808905_ne_16_030_20211130 1365
137.86779403686523
