load envirionment

/hpc/group/borsuklab/csr33/object_detection/naip_tiles/m_3108720_sw_16_030_20211115.tif
/hpc/group/borsuklab/csr33/object_detection/naip_tiles/m_2909413_nw_15_060_20201112.tif
/hpc/group/borsuklab/csr33/object_detection/naip_tiles/m_2508115_nw_17_060_20211203.tif
/hpc/group/borsuklab/csr33/object_detection/naip_tiles/m_3607610_se_18_060_20210827.tif
/hpc/group/borsuklab/csr33/object_detection/naip_tiles/m_2909022_nw_15_030_20211130.tif
/hpc/group/borsuklab/csr33/object_detection/naip_tiles/m_3108657_se_16_030_20211110.tif
/hpc/group/borsuklab/csr33/object_detection/naip_tiles/m_3311657_sw_11_060_20200425.tif
/hpc/group/borsuklab/csr33/object_detection/naip_tiles/m_3009349_se_15_060_20201102.tif
/hpc/group/borsuklab/csr33/object_detection/naip_tiles/m_3009463_nw_15_060_20201104.tif
/hpc/group/borsuklab/csr33/object_detection/naip_tiles/m_2808060_se_17_060_20191215_20200113.tif
/hpc/group/borsuklab/csr33/object_detection/naip_tiles/m_3907413_nw_18_060_20190730_20191209.tif
/hpc/group/borsuklab/csr33/object_detection/naip_tiles/m_2908236_ne_17_060_20211129.tif
/hpc/group/borsuklab/csr33/object_detection/naip_tiles/m_3008927_se_16_030_20211119.tif
/hpc/group/borsuklab/csr33/object_detection/naip_tiles/m_4207322_sw_18_060_20211106.tif
m_3907413_nw_18_060_20190730_20191209 320
m_3607610_se_18_060_20210827 357
m_2808060_se_17_060_20191215_20200113 360
m_2909413_nw_15_060_20201112 340
m_3009463_nw_15_060_20201104 340
m_3311657_sw_11_060_20200425 340
m_2908236_ne_17_060_20211129 360
m_4207322_sw_18_060_20211106 336
m_3009349_se_15_060_20201102 340
m_2508115_nw_17_060_20211203 380
m_2909022_nw_15_030_20211130 1365
m_3108657_se_16_030_20211110 1360
m_3108720_sw_16_030_20211115 1400
m_3008927_se_16_030_20211119 1435
147.3762092590332
