load envirionment

/hpc/group/borsuklab/csr33/object_detection/naip_tiles/m_3108105_nw_17_060_20191109_20200102.tif
/hpc/group/borsuklab/csr33/object_detection/naip_tiles/m_2809643_nw_14_060_20201029.tif
/hpc/group/borsuklab/csr33/object_detection/naip_tiles/m_2509704_sw_14_060_20201209.tif
/hpc/group/borsuklab/csr33/object_detection/naip_tiles/m_2608054_nw_17_060_20191203_20200113.tif
/hpc/group/borsuklab/csr33/object_detection/naip_tiles/m_3108853_ne_16_030_20211123.tif
/hpc/group/borsuklab/csr33/object_detection/naip_tiles/m_3311846_sw_11_060_20200504.tif
/hpc/group/borsuklab/csr33/object_detection/naip_tiles/m_4107445_ne_18_060_20211106.tif
/hpc/group/borsuklab/csr33/object_detection/naip_tiles/m_3307926_nw_17_060_20210508.tif
/hpc/group/borsuklab/csr33/object_detection/naip_tiles/m_3008454_sw_16_060_20191129_20200114.tif
/hpc/group/borsuklab/csr33/object_detection/naip_tiles/m_4207140_sw_19_060_20211024.tif
/hpc/group/borsuklab/csr33/object_detection/naip_tiles/m_2709848_se_14_060_20200501.tif
/hpc/group/borsuklab/csr33/object_detection/naip_tiles/m_3108749_se_16_030_20211115.tif
/hpc/group/borsuklab/csr33/object_detection/naip_tiles/m_3907422_sw_18_060_20190920_20191209.tif
/hpc/group/borsuklab/csr33/object_detection/naip_tiles/m_4107337_se_18_060_20211106.tif
m_4207140_sw_19_060_20211024 336
m_4107445_ne_18_060_20211106 320
m_3307926_nw_17_060_20210508 340
m_4107337_se_18_060_20211106 336
m_3108105_nw_17_060_20191109_20200102 340
m_2809643_nw_14_060_20201029 360
m_3907422_sw_18_060_20190920_20191209 320
m_2608054_nw_17_060_20191203_20200113 360
m_2509704_sw_14_060_20201209 360
m_3311846_sw_11_060_20200504 340
m_3008454_sw_16_060_20191129_20200114 360
m_2709848_se_14_060_20200501 360
m_3108853_ne_16_030_20211123 1400
m_3108749_se_16_030_20211115 1400
134.34328317642212
