load envirionment

/hpc/group/borsuklab/csr33/object_detection/naip_tiles/m_3807509_nw_18_060_20210618.tif
/hpc/group/borsuklab/csr33/object_detection/naip_tiles/m_3009143_nw_15_030_20211113.tif
/hpc/group/borsuklab/csr33/object_detection/naip_tiles/m_3407605_sw_18_060_20201018.tif
/hpc/group/borsuklab/csr33/object_detection/naip_tiles/m_3507732_se_18_060_20201031.tif
/hpc/group/borsuklab/csr33/object_detection/naip_tiles/m_2909564_nw_15_060_20201116.tif
/hpc/group/borsuklab/csr33/object_detection/naip_tiles/m_2909304_ne_15_060_20190726_20191001.tif
/hpc/group/borsuklab/csr33/object_detection/naip_tiles/m_3907542_nw_18_060_20210606.tif
/hpc/group/borsuklab/csr33/object_detection/naip_tiles/m_3008216_sw_17_060_20191110_20200108.tif
/hpc/group/borsuklab/csr33/object_detection/naip_tiles/m_4406806_se_19_060_20210919.tif
/hpc/group/borsuklab/csr33/object_detection/naip_tiles/m_3407620_nw_18_060_20201018.tif
/hpc/group/borsuklab/csr33/object_detection/naip_tiles/m_4007563_sw_18_060_20191024_20191203.tif
/hpc/group/borsuklab/csr33/object_detection/naip_tiles/m_2909027_sw_15_060_20190831_20191001.tif
/hpc/group/borsuklab/csr33/object_detection/naip_tiles/m_4107439_se_18_060_20211105.tif
/hpc/group/borsuklab/csr33/object_detection/naip_tiles/m_3807703_sw_18_060_20210912.tif
m_4107439_se_18_060_20211105 320
m_4406806_se_19_060_20210919 300
m_3907542_nw_18_060_20210606 320
m_4007563_sw_18_060_20191024_20191203 320
m_3407620_nw_18_060_20201018 340
m_3008216_sw_17_060_20191110_20200108 340
m_3407605_sw_18_060_20201018 340
m_3807509_nw_18_060_20210618 320
m_3507732_se_18_060_20201031 357
m_2909027_sw_15_060_20190831_20191001 378
m_3807703_sw_18_060_20210912 357
m_2909304_ne_15_060_20190726_20191001 360
m_2909564_nw_15_060_20201116 360
m_3009143_nw_15_030_20211113 1326
120.47559094429016
