load envirionment

/hpc/group/borsuklab/csr33/object_detection/naip_tiles/m_4107201_ne_18_060_20211105.tif
/hpc/group/borsuklab/csr33/object_detection/naip_tiles/m_4107036_sw_19_060_20210904.tif
/hpc/group/borsuklab/csr33/object_detection/naip_tiles/m_3009363_nw_15_060_20190905_20191001.tif
/hpc/group/borsuklab/csr33/object_detection/naip_tiles/m_3108733_ne_16_030_20211115.tif
/hpc/group/borsuklab/csr33/object_detection/naip_tiles/m_2809641_se_14_060_20201116.tif
/hpc/group/borsuklab/csr33/object_detection/naip_tiles/m_2909204_se_15_060_20190706_20191001.tif
/hpc/group/borsuklab/csr33/object_detection/naip_tiles/m_3807716_se_18_060_20210617.tif
/hpc/group/borsuklab/csr33/object_detection/naip_tiles/m_3907547_sw_18_060_20190726_20191209.tif
/hpc/group/borsuklab/csr33/object_detection/naip_tiles/m_3009122_se_15_030_20211116.tif
/hpc/group/borsuklab/csr33/object_detection/naip_tiles/m_3607639_nw_18_060_20201001.tif
/hpc/group/borsuklab/csr33/object_detection/naip_tiles/m_2609738_se_14_060_20200430.tif
/hpc/group/borsuklab/csr33/object_detection/naip_tiles/m_3707755_nw_18_060_20210827.tif
/hpc/group/borsuklab/csr33/object_detection/naip_tiles/m_2909528_ne_15_060_20201117.tif
/hpc/group/borsuklab/csr33/object_detection/naip_tiles/m_2909531_ne_15_060_20201116.tif
m_4107036_sw_19_060_20210904 336
m_3009363_nw_15_060_20190905_20191001 360
m_3907547_sw_18_060_20190726_20191209 320
m_3707755_nw_18_060_20210827 340
m_4107201_ne_18_060_20211105 320
m_3607639_nw_18_060_20201001 340
m_2909204_se_15_060_20190706_20191001 360
m_3807716_se_18_060_20210617 320
m_2609738_se_14_060_20200430 360
m_2909531_ne_15_060_20201116 360
m_2809641_se_14_060_20201116 360
m_2909528_ne_15_060_20201117 360
m_3009122_se_15_030_20211116 1326
m_3108733_ne_16_030_20211115 1400
174.04803371429443
