load envirionment

/hpc/group/borsuklab/csr33/object_detection/naip_tiles/m_2708149_nw_17_060_20211202.tif
/hpc/group/borsuklab/csr33/object_detection/naip_tiles/m_3009242_nw_15_030_20211221.tif
/hpc/group/borsuklab/csr33/object_detection/naip_tiles/m_3311612_ne_11_060_20200416.tif
/hpc/group/borsuklab/csr33/object_detection/naip_tiles/m_3009032_se_15_060_20190830_20191015.tif
/hpc/group/borsuklab/csr33/object_detection/naip_tiles/m_4107121_se_19_060_20210826.tif
/hpc/group/borsuklab/csr33/object_detection/naip_tiles/m_3707729_sw_18_060_20210910.tif
/hpc/group/borsuklab/csr33/object_detection/naip_tiles/m_4207001_nw_19_060_20211024.tif
/hpc/group/borsuklab/csr33/object_detection/naip_tiles/m_3009254_ne_15_030_20211222.tif
/hpc/group/borsuklab/csr33/object_detection/naip_tiles/m_3008437_nw_16_060_20191129_20200114.tif
/hpc/group/borsuklab/csr33/object_detection/naip_tiles/m_3008231_sw_17_060_20211202.tif
/hpc/group/borsuklab/csr33/object_detection/naip_tiles/m_2908322_se_17_060_20211116.tif
/hpc/group/borsuklab/csr33/object_detection/naip_tiles/m_2908410_se_16_060_20191128_20200114.tif
/hpc/group/borsuklab/csr33/object_detection/naip_tiles/m_3108151_sw_17_060_20191110_20200102.tif
/hpc/group/borsuklab/csr33/object_detection/naip_tiles/m_3008838_se_16_030_20211113.tif
m_3707729_sw_18_060_20210910 357
m_2708149_nw_17_060_20211202 360
m_3311612_ne_11_060_20200416 340
m_4207001_nw_19_060_20211024 320
m_2908322_se_17_060_20211116 378
m_3008231_sw_17_060_20211202 360
m_4107121_se_19_060_20210826 336
m_2908410_se_16_060_20191128_20200114 360
m_3108151_sw_17_060_20191110_20200102 340
m_3008437_nw_16_060_20191129_20200114 360
m_3009032_se_15_060_20190830_20191015 378
m_3009242_nw_15_030_20211221 1326
m_3008838_se_16_030_20211113 1400
m_3009254_ne_15_030_20211222 1326
145.0742244720459
