load envirionment

/hpc/group/borsuklab/csr33/object_detection/naip_tiles/m_2508054_nw_17_060_20191126_20200113.tif
/hpc/group/borsuklab/csr33/object_detection/naip_tiles/m_3008938_ne_16_030_20211114.tif
/hpc/group/borsuklab/csr33/object_detection/naip_tiles/m_4207327_nw_18_060_20211107.tif
/hpc/group/borsuklab/csr33/object_detection/naip_tiles/m_4207120_nw_19_060_20211105.tif
/hpc/group/borsuklab/csr33/object_detection/naip_tiles/m_2909661_nw_14_060_20200501.tif
/hpc/group/borsuklab/csr33/object_detection/naip_tiles/m_2709708_se_14_060_20200430.tif
/hpc/group/borsuklab/csr33/object_detection/naip_tiles/m_2909530_ne_15_060_20201116.tif
/hpc/group/borsuklab/csr33/object_detection/naip_tiles/m_3008808_sw_16_030_20211112.tif
/hpc/group/borsuklab/csr33/object_detection/naip_tiles/m_2908211_sw_17_060_20211129.tif
/hpc/group/borsuklab/csr33/object_detection/naip_tiles/m_3707641_ne_18_060_20210827.tif
/hpc/group/borsuklab/csr33/object_detection/naip_tiles/m_2908249_nw_17_060_20211117.tif
/hpc/group/borsuklab/csr33/object_detection/naip_tiles/m_3208156_ne_17_060_20210507.tif
/hpc/group/borsuklab/csr33/object_detection/naip_tiles/m_2609744_ne_14_060_20201029.tif
/hpc/group/borsuklab/csr33/object_detection/naip_tiles/m_3009238_ne_15_030_20211222.tif
m_2709708_se_14_060_20200430 360
m_4207120_nw_19_060_20211105 320
m_2909530_ne_15_060_20201116 360
m_2508054_nw_17_060_20191126_20200113 360
m_3208156_ne_17_060_20210507 340
m_4207327_nw_18_060_20211107 320
m_2609744_ne_14_060_20201029 360
m_3707641_ne_18_060_20210827 340
m_2909661_nw_14_060_20200501 360
m_2908249_nw_17_060_20211117 360
m_2908211_sw_17_060_20211129 360
m_3009238_ne_15_030_20211222 1326
m_3008808_sw_16_030_20211112 1400
m_3008938_ne_16_030_20211114 1400
116.22050094604492
