load envirionment

/hpc/group/borsuklab/csr33/object_detection/naip_tiles/m_2908123_sw_17_060_20211130.tif
/hpc/group/borsuklab/csr33/object_detection/naip_tiles/m_4506849_se_19_060_20210816.tif
/hpc/group/borsuklab/csr33/object_detection/naip_tiles/m_4207140_nw_19_060_20211024.tif
/hpc/group/borsuklab/csr33/object_detection/naip_tiles/m_4506726_nw_19_060_20210815.tif
/hpc/group/borsuklab/csr33/object_detection/naip_tiles/m_3907619_nw_18_060_20210616.tif
/hpc/group/borsuklab/csr33/object_detection/naip_tiles/m_2609729_se_14_060_20201029.tif
/hpc/group/borsuklab/csr33/object_detection/naip_tiles/m_3008512_ne_16_060_20191118_20200114.tif
/hpc/group/borsuklab/csr33/object_detection/naip_tiles/m_2909658_nw_14_060_20201029.tif
/hpc/group/borsuklab/csr33/object_detection/naip_tiles/m_3008935_sw_16_030_20211116.tif
/hpc/group/borsuklab/csr33/object_detection/naip_tiles/m_3707740_nw_18_060_20210912.tif
/hpc/group/borsuklab/csr33/object_detection/naip_tiles/m_3108001_ne_17_060_20211202.tif
/hpc/group/borsuklab/csr33/object_detection/naip_tiles/m_3907626_ne_18_060_20210616.tif
/hpc/group/borsuklab/csr33/object_detection/naip_tiles/m_2809740_se_14_060_20201029.tif
/hpc/group/borsuklab/csr33/object_detection/naip_tiles/m_3008647_nw_16_060_20191109_20200114.tif
m_3008647_nw_16_060_20191109_20200114 340
m_4506849_se_19_060_20210816 300
m_4506726_nw_19_060_20210815 300
m_3907626_ne_18_060_20210616 320
m_2909658_nw_14_060_20201029 360
m_4207140_nw_19_060_20211024 320
m_3108001_ne_17_060_20211202 340
m_2809740_se_14_060_20201029 360
m_3008512_ne_16_060_20191118_20200114 340
m_2609729_se_14_060_20201029 360
m_2908123_sw_17_060_20211130 360
m_3907619_nw_18_060_20210616 320
m_3707740_nw_18_060_20210912 340
m_3008935_sw_16_030_20211116 1365
235.07146739959717
