load envirionment

/hpc/group/borsuklab/csr33/object_detection/naip_tiles/m_3907535_nw_18_060_20210629.tif
/hpc/group/borsuklab/csr33/object_detection/naip_tiles/m_3008533_nw_16_060_20191109_20200114.tif
/hpc/group/borsuklab/csr33/object_detection/naip_tiles/m_3108760_sw_16_030_20211115.tif
/hpc/group/borsuklab/csr33/object_detection/naip_tiles/m_3907507_sw_18_060_20191019_20191203.tif
/hpc/group/borsuklab/csr33/object_detection/naip_tiles/m_4107356_ne_18_060_20211105.tif
/hpc/group/borsuklab/csr33/object_detection/naip_tiles/m_2909201_se_15_060_20190706_20191001.tif
/hpc/group/borsuklab/csr33/object_detection/naip_tiles/m_3009042_ne_15_030_20211120.tif
/hpc/group/borsuklab/csr33/object_detection/naip_tiles/m_4307016_se_19_060_20211006.tif
/hpc/group/borsuklab/csr33/object_detection/naip_tiles/m_2809601_sw_14_060_20201116.tif
/hpc/group/borsuklab/csr33/object_detection/naip_tiles/m_2709741_sw_14_060_20200501.tif
/hpc/group/borsuklab/csr33/object_detection/naip_tiles/m_3507612_ne_18_060_20200922.tif
/hpc/group/borsuklab/csr33/object_detection/naip_tiles/m_3008103_sw_17_060_20191110_20200108.tif
/hpc/group/borsuklab/csr33/object_detection/naip_tiles/m_3707711_sw_18_060_20210910.tif
/hpc/group/borsuklab/csr33/object_detection/naip_tiles/m_3607735_ne_18_060_20200922.tif
m_3907535_nw_18_060_20210629 320
m_2709741_sw_14_060_20200501 360
m_4307016_se_19_060_20211006 300
m_3607735_ne_18_060_20200922 340
m_3907507_sw_18_060_20191019_20191203 320
m_3008103_sw_17_060_20191110_20200108 340
m_4107356_ne_18_060_20211105 320
m_3008533_nw_16_060_20191109_20200114 340
m_3507612_ne_18_060_20200922 340
m_2909201_se_15_060_20190706_20191001 360
m_3707711_sw_18_060_20210910 357
m_2809601_sw_14_060_20201116 360
m_3009042_ne_15_030_20211120 1365
m_3108760_sw_16_030_20211115 1400
135.41433954238892
