load envirionment

/hpc/group/borsuklab/csr33/object_detection/naip_tiles/m_2508021_se_17_060_20191126_20200113.tif
/hpc/group/borsuklab/csr33/object_detection/naip_tiles/m_4107326_se_18_060_20211105.tif
/hpc/group/borsuklab/csr33/object_detection/naip_tiles/m_3008342_ne_17_060_20191113_20200114.tif
/hpc/group/borsuklab/csr33/object_detection/naip_tiles/m_3807658_sw_18_060_20210910.tif
/hpc/group/borsuklab/csr33/object_detection/naip_tiles/m_3807501_sw_18_060_20210618.tif
/hpc/group/borsuklab/csr33/object_detection/naip_tiles/m_3009559_sw_15_060_20201030.tif
/hpc/group/borsuklab/csr33/object_detection/naip_tiles/m_3507732_nw_18_060_20201031.tif
/hpc/group/borsuklab/csr33/object_detection/naip_tiles/m_3008554_sw_16_060_20191118_20200114.tif
/hpc/group/borsuklab/csr33/object_detection/naip_tiles/m_2908164_se_17_060_20211130.tif
/hpc/group/borsuklab/csr33/object_detection/naip_tiles/m_3907624_ne_18_060_20211020.tif
/hpc/group/borsuklab/csr33/object_detection/naip_tiles/m_3507734_nw_18_060_20200904.tif
/hpc/group/borsuklab/csr33/object_detection/naip_tiles/m_2709737_se_14_060_20200430.tif
/hpc/group/borsuklab/csr33/object_detection/naip_tiles/m_4307132_sw_19_060_20211024.tif
/hpc/group/borsuklab/csr33/object_detection/naip_tiles/m_3707762_nw_18_060_20210910.tif
m_3807501_sw_18_060_20210618 320
m_4107326_se_18_060_20211105 320
m_3907624_ne_18_060_20211020 320
m_3707762_nw_18_060_20210910 340
m_3507734_nw_18_060_20200904 340
m_3008554_sw_16_060_20191118_20200114 340
m_3807658_sw_18_060_20210910 357
m_4307132_sw_19_060_20211024 336
m_2508021_se_17_060_20191126_20200113 360
m_3507732_nw_18_060_20201031 340
m_3008342_ne_17_060_20191113_20200114 360
m_2908164_se_17_060_20211130 360
m_2709737_se_14_060_20200430 360
m_3009559_sw_15_060_20201030 360
90.66348171234131
