load envirionment

/hpc/group/borsuklab/csr33/object_detection/naip_tiles/m_3108848_sw_16_030_20211120.tif
/hpc/group/borsuklab/csr33/object_detection/naip_tiles/m_3008729_sw_16_030_20211113.tif
/hpc/group/borsuklab/csr33/object_detection/naip_tiles/m_3108134_sw_17_060_20191110_20200102.tif
/hpc/group/borsuklab/csr33/object_detection/naip_tiles/m_3407861_se_17_060_20200603.tif
/hpc/group/borsuklab/csr33/object_detection/naip_tiles/m_4007315_sw_18_060_20211103.tif
/hpc/group/borsuklab/csr33/object_detection/naip_tiles/m_4107302_nw_18_060_20211105.tif
/hpc/group/borsuklab/csr33/object_detection/naip_tiles/m_4107352_nw_18_060_20211106.tif
/hpc/group/borsuklab/csr33/object_detection/naip_tiles/m_4506743_nw_19_060_20210815.tif
/hpc/group/borsuklab/csr33/object_detection/naip_tiles/m_4107247_ne_18_060_20210926.tif
/hpc/group/borsuklab/csr33/object_detection/naip_tiles/m_2709729_ne_14_060_20200430.tif
/hpc/group/borsuklab/csr33/object_detection/naip_tiles/m_3607623_ne_18_060_20210913.tif
/hpc/group/borsuklab/csr33/object_detection/naip_tiles/m_3807763_se_18_060_20210630.tif
/hpc/group/borsuklab/csr33/object_detection/naip_tiles/m_3008455_se_16_060_20191129_20200114.tif
/hpc/group/borsuklab/csr33/object_detection/naip_tiles/m_3311703_nw_11_060_20200424.tif
m_4107247_ne_18_060_20210926 320
m_4107352_nw_18_060_20211106 320
m_3607623_ne_18_060_20210913 340
m_3407861_se_17_060_20200603 357
m_4107302_nw_18_060_20211105 320
m_3108134_sw_17_060_20191110_20200102 340
m_3311703_nw_11_060_20200424 340
m_4007315_sw_18_060_20211103 336
m_3807763_se_18_060_20210630 357
m_4506743_nw_19_060_20210815 300
m_3008455_se_16_060_20191129_20200114 360
m_2709729_ne_14_060_20200430 360
m_3108848_sw_16_030_20211120 1400
m_3008729_sw_16_030_20211113 1400
153.17904114723206
