load envirionment

/hpc/group/borsuklab/csr33/object_detection/naip_tiles/m_3009442_sw_15_060_20201112.tif
/hpc/group/borsuklab/csr33/object_detection/naip_tiles/m_3607632_se_18_060_20210913.tif
/hpc/group/borsuklab/csr33/object_detection/naip_tiles/m_3008535_sw_16_060_20191118_20200114.tif
/hpc/group/borsuklab/csr33/object_detection/naip_tiles/m_2508041_ne_17_060_20211203.tif
/hpc/group/borsuklab/csr33/object_detection/naip_tiles/m_3311836_sw_11_060_20200504.tif
/hpc/group/borsuklab/csr33/object_detection/naip_tiles/m_3607756_sw_18_060_20200922.tif
/hpc/group/borsuklab/csr33/object_detection/naip_tiles/m_3412011_ne_10_1_20140926_20150115.tif
/hpc/group/borsuklab/csr33/object_detection/naip_tiles/m_4406821_sw_19_060_20210914.tif
/hpc/group/borsuklab/csr33/object_detection/naip_tiles/m_4107008_ne_19_060_20210826.tif
/hpc/group/borsuklab/csr33/object_detection/naip_tiles/m_4007204_se_18_060_20210904.tif
/hpc/group/borsuklab/csr33/object_detection/naip_tiles/m_2909418_sw_15_060_20201112.tif
/hpc/group/borsuklab/csr33/object_detection/naip_tiles/m_3412007_ne_10_060_20200522.tif
/hpc/group/borsuklab/csr33/object_detection/naip_tiles/m_3009303_ne_15_060_20201104.tif
/hpc/group/borsuklab/csr33/object_detection/naip_tiles/m_4007430_sw_18_060_20190830_20191209.tif
m_3412011_ne_10_1_20140926_20150115 132
m_3412007_ne_10_060_20200522 340
m_4406821_sw_19_060_20210914 300
m_4107008_ne_19_060_20210826 320
m_4007430_sw_18_060_20190830_20191209 300
m_3008535_sw_16_060_20191118_20200114 340
m_3009303_ne_15_060_20201104 340
m_3607632_se_18_060_20210913 340
m_3607756_sw_18_060_20200922 357
m_3009442_sw_15_060_20201112 340
m_3311836_sw_11_060_20200504 340
m_2508041_ne_17_060_20211203 360
m_4007204_se_18_060_20210904 336
m_2909418_sw_15_060_20201112 360
77.27564096450806
