load envirionment

/hpc/group/borsuklab/csr33/object_detection/naip_tiles/m_2708213_nw_17_060_20211130.tif
/hpc/group/borsuklab/csr33/object_detection/naip_tiles/m_3009112_nw_15_030_20211114.tif
/hpc/group/borsuklab/csr33/object_detection/naip_tiles/m_3008141_nw_17_060_20211202.tif
/hpc/group/borsuklab/csr33/object_detection/naip_tiles/m_2709718_ne_14_060_20200501.tif
/hpc/group/borsuklab/csr33/object_detection/naip_tiles/m_3009051_se_15_030_20211120.tif
/hpc/group/borsuklab/csr33/object_detection/naip_tiles/m_3707619_nw_18_060_20210912.tif
/hpc/group/borsuklab/csr33/object_detection/naip_tiles/m_3907635_se_18_060_20210616.tif
/hpc/group/borsuklab/csr33/object_detection/naip_tiles/m_2608046_ne_17_060_20191120_20200113.tif
/hpc/group/borsuklab/csr33/object_detection/naip_tiles/m_3211706_se_11_060_20200520.tif
/hpc/group/borsuklab/csr33/object_detection/naip_tiles/m_4107142_ne_19_060_20210926.tif
/hpc/group/borsuklab/csr33/object_detection/naip_tiles/m_3108727_ne_16_030_20211115.tif
/hpc/group/borsuklab/csr33/object_detection/naip_tiles/m_2909401_se_15_060_20201112.tif
/hpc/group/borsuklab/csr33/object_detection/naip_tiles/m_3907747_ne_18_060_20210616.tif
/hpc/group/borsuklab/csr33/object_detection/naip_tiles/m_3807561_nw_18_060_20210605.tif
m_3907747_ne_18_060_20210616 320
m_3807561_nw_18_060_20210605 320
m_3907635_se_18_060_20210616 320
m_4107142_ne_19_060_20210926 320
m_3707619_nw_18_060_20210912 340
m_2708213_nw_17_060_20211130 360
m_2709718_ne_14_060_20200501 360
m_2909401_se_15_060_20201112 360
m_3211706_se_11_060_20200520 340
m_2608046_ne_17_060_20191120_20200113 360
m_3008141_nw_17_060_20211202 360
m_3009112_nw_15_030_20211114 1326
m_3108727_ne_16_030_20211115 1360
m_3009051_se_15_030_20211120 1365
263.1194896697998
