load envirionment

/hpc/group/borsuklab/csr33/object_detection/naip_tiles/m_3009253_se_15_030_20211222.tif
/hpc/group/borsuklab/csr33/object_detection/naip_tiles/m_2608020_nw_17_060_20191207_20200113.tif
/hpc/group/borsuklab/csr33/object_detection/naip_tiles/m_3807614_se_18_060_20211020.tif
/hpc/group/borsuklab/csr33/object_detection/naip_tiles/m_3507550_se_18_060_20201018.tif
/hpc/group/borsuklab/csr33/object_detection/naip_tiles/m_2909552_sw_15_060_20201117.tif
/hpc/group/borsuklab/csr33/object_detection/naip_tiles/m_2908513_se_16_060_20191118_20200114.tif
/hpc/group/borsuklab/csr33/object_detection/naip_tiles/m_4307006_sw_19_060_20210722.tif
/hpc/group/borsuklab/csr33/object_detection/naip_tiles/m_4207042_sw_19_060_20211024.tif
/hpc/group/borsuklab/csr33/object_detection/naip_tiles/m_3009260_sw_15_060_20190706_20191001.tif
/hpc/group/borsuklab/csr33/object_detection/naip_tiles/m_3907657_nw_18_060_20210617.tif
/hpc/group/borsuklab/csr33/object_detection/naip_tiles/m_3009364_nw_15_060_20190905_20191001.tif
/hpc/group/borsuklab/csr33/object_detection/naip_tiles/m_3807630_ne_18_060_20211020.tif
/hpc/group/borsuklab/csr33/object_detection/naip_tiles/m_2508116_sw_17_060_20211203.tif
/hpc/group/borsuklab/csr33/object_detection/naip_tiles/m_2709746_nw_14_060_20200430.tif
m_3507550_se_18_060_20201018 340
m_4307006_sw_19_060_20210722 320
m_3009364_nw_15_060_20190905_20191001 360
m_2608020_nw_17_060_20191207_20200113 360
m_3907657_nw_18_060_20210617 320
m_3807614_se_18_060_20211020 320
m_3807630_ne_18_060_20211020 320
m_4207042_sw_19_060_20211024 336
m_2908513_se_16_060_20191118_20200114 360
m_2909552_sw_15_060_20201117 360
m_2709746_nw_14_060_20200430 360
m_3009260_sw_15_060_20190706_20191001 360
m_2508116_sw_17_060_20211203 380
m_3009253_se_15_030_20211222 1326
172.02519345283508
