load envirionment

/hpc/group/borsuklab/csr33/object_detection/naip_tiles/m_3108733_se_16_030_20211115.tif
/hpc/group/borsuklab/csr33/object_detection/naip_tiles/m_4007546_ne_18_060_20191019_20191203.tif
/hpc/group/borsuklab/csr33/object_detection/naip_tiles/m_4207446_nw_18_060_20211110.tif
/hpc/group/borsuklab/csr33/object_detection/naip_tiles/m_4107260_sw_18_060_20211105.tif
/hpc/group/borsuklab/csr33/object_detection/naip_tiles/m_3307922_ne_17_060_20210501.tif
/hpc/group/borsuklab/csr33/object_detection/naip_tiles/m_2609728_sw_14_060_20201209.tif
/hpc/group/borsuklab/csr33/object_detection/naip_tiles/m_3907520_nw_18_060_20211019.tif
/hpc/group/borsuklab/csr33/object_detection/naip_tiles/m_4007420_ne_18_060_20190830_20191209.tif
/hpc/group/borsuklab/csr33/object_detection/naip_tiles/m_3109463_se_15_060_20201030.tif
/hpc/group/borsuklab/csr33/object_detection/naip_tiles/m_3008741_se_16_030_20211113.tif
/hpc/group/borsuklab/csr33/object_detection/naip_tiles/m_4007304_sw_18_060_20211105.tif
/hpc/group/borsuklab/csr33/object_detection/naip_tiles/m_3108130_ne_17_060_20191110_20200102.tif
/hpc/group/borsuklab/csr33/object_detection/naip_tiles/m_3807644_nw_18_060_20211020.tif
/hpc/group/borsuklab/csr33/object_detection/naip_tiles/m_2909203_sw_15_060_20190706_20191001.tif
m_3108130_ne_17_060_20191110_20200102 340
m_4007304_sw_18_060_20211105 320
m_4107260_sw_18_060_20211105 336
m_4007420_ne_18_060_20190830_20191209 300
m_3907520_nw_18_060_20211019 320
m_4207446_nw_18_060_20211110 320
m_3807644_nw_18_060_20211020 320
m_4007546_ne_18_060_20191019_20191203 320
m_3109463_se_15_060_20201030 340
m_2909203_sw_15_060_20190706_20191001 360
m_3307922_ne_17_060_20210501 340
m_2609728_sw_14_060_20201209 360
m_3008741_se_16_030_20211113 1400
m_3108733_se_16_030_20211115 1400
115.897616147995
