load envirionment

/hpc/group/borsuklab/csr33/object_detection/naip_tiles/m_3507501_sw_18_060_20200516.tif
/hpc/group/borsuklab/csr33/object_detection/naip_tiles/m_3008110_se_17_060_20211129.tif
/hpc/group/borsuklab/csr33/object_detection/naip_tiles/m_3308053_nw_17_060_20210501.tif
/hpc/group/borsuklab/csr33/object_detection/naip_tiles/m_4307010_sw_19_060_20211007.tif
/hpc/group/borsuklab/csr33/object_detection/naip_tiles/m_3108144_sw_17_060_20211203.tif
/hpc/group/borsuklab/csr33/object_detection/naip_tiles/m_2809611_nw_14_060_20201107.tif
/hpc/group/borsuklab/csr33/object_detection/naip_tiles/m_4506826_nw_19_060_20210816.tif
/hpc/group/borsuklab/csr33/object_detection/naip_tiles/m_4307018_sw_19_060_20211007.tif
/hpc/group/borsuklab/csr33/object_detection/naip_tiles/m_3009309_nw_15_060_20201006.tif
/hpc/group/borsuklab/csr33/object_detection/naip_tiles/m_3907417_sw_18_060_20190830_20191209.tif
/hpc/group/borsuklab/csr33/object_detection/naip_tiles/m_4007446_ne_18_060_20190730_20191209.tif
/hpc/group/borsuklab/csr33/object_detection/naip_tiles/m_3412005_se_10_060_20200607.tif
/hpc/group/borsuklab/csr33/object_detection/naip_tiles/m_4207440_se_18_060_20210920.tif
/hpc/group/borsuklab/csr33/object_detection/naip_tiles/m_2508103_sw_17_060_20211223.tif
m_4307010_sw_19_060_20211007 336
m_3009309_nw_15_060_20201006 340
m_4007446_ne_18_060_20190730_20191209 320
m_4207440_se_18_060_20210920 320
m_4307018_sw_19_060_20211007 336
m_3907417_sw_18_060_20190830_20191209 320
m_3507501_sw_18_060_20200516 340
m_3108144_sw_17_060_20211203 340
m_3412005_se_10_060_20200607 340
m_4506826_nw_19_060_20210816 300
m_3308053_nw_17_060_20210501 340
m_2508103_sw_17_060_20211223 380
m_2809611_nw_14_060_20201107 360
m_3008110_se_17_060_20211129 360
73.14794516563416
