load envirionment

/hpc/group/borsuklab/csr33/object_detection/naip_tiles/m_2708213_ne_17_060_20211130.tif
/hpc/group/borsuklab/csr33/object_detection/naip_tiles/m_2809616_sw_14_060_20201029.tif
/hpc/group/borsuklab/csr33/object_detection/naip_tiles/m_4406830_sw_19_060_20210919.tif
/hpc/group/borsuklab/csr33/object_detection/naip_tiles/m_3208148_ne_17_060_20210507.tif
/hpc/group/borsuklab/csr33/object_detection/naip_tiles/m_4506725_se_19_060_20210815.tif
/hpc/group/borsuklab/csr33/object_detection/naip_tiles/m_4406835_ne_19_060_20210914.tif
/hpc/group/borsuklab/csr33/object_detection/naip_tiles/m_4306909_sw_19_060_20211006.tif
/hpc/group/borsuklab/csr33/object_detection/naip_tiles/m_3008612_nw_16_060_20191109_20200114.tif
/hpc/group/borsuklab/csr33/object_detection/naip_tiles/m_3507518_nw_18_060_20200516.tif
/hpc/group/borsuklab/csr33/object_detection/naip_tiles/m_2608061_nw_17_060_20191203_20200113.tif
/hpc/group/borsuklab/csr33/object_detection/naip_tiles/m_4207461_sw_18_060_20211106.tif
/hpc/group/borsuklab/csr33/object_detection/naip_tiles/m_4207306_nw_18_060_20211106.tif
/hpc/group/borsuklab/csr33/object_detection/naip_tiles/m_3407729_nw_18_060_20200930.tif
/hpc/group/borsuklab/csr33/object_detection/naip_tiles/m_2809507_nw_15_060_20201116.tif
m_4207461_sw_18_060_20211106 320
m_3008612_nw_16_060_20191109_20200114 340
m_2608061_nw_17_060_20191203_20200113 360
m_3208148_ne_17_060_20210507 340
m_4306909_sw_19_060_20211006 300
m_4506725_se_19_060_20210815 300
m_4406830_sw_19_060_20210919 300
m_4406835_ne_19_060_20210914 300
m_4207306_nw_18_060_20211106 320
m_3507518_nw_18_060_20200516 340
m_2809507_nw_15_060_20201116 360
m_2708213_ne_17_060_20211130 360
m_3407729_nw_18_060_20200930 360
m_2809616_sw_14_060_20201029 360
63.85384273529053
