load envirionment

/hpc/group/borsuklab/csr33/object_detection/naip_tiles/m_3108701_nw_16_030_20211115.tif
/hpc/group/borsuklab/csr33/object_detection/naip_tiles/m_4107030_ne_19_060_20210826.tif
/hpc/group/borsuklab/csr33/object_detection/naip_tiles/m_4007210_nw_18_060_20211105.tif
/hpc/group/borsuklab/csr33/object_detection/naip_tiles/m_3607638_sw_18_060_20201001.tif
/hpc/group/borsuklab/csr33/object_detection/naip_tiles/m_3008617_se_16_060_20191103_20200114.tif
/hpc/group/borsuklab/csr33/object_detection/naip_tiles/m_3009141_nw_15_030_20211113.tif
/hpc/group/borsuklab/csr33/object_detection/naip_tiles/m_3008742_nw_16_030_20211113.tif
/hpc/group/borsuklab/csr33/object_detection/naip_tiles/m_3008319_sw_17_060_20211222.tif
/hpc/group/borsuklab/csr33/object_detection/naip_tiles/m_3707646_ne_18_060_20210926.tif
/hpc/group/borsuklab/csr33/object_detection/naip_tiles/m_4406707_se_19_060_20210711.tif
/hpc/group/borsuklab/csr33/object_detection/naip_tiles/m_3907544_nw_18_060_20210630.tif
/hpc/group/borsuklab/csr33/object_detection/naip_tiles/m_3507627_ne_18_060_20201018.tif
/hpc/group/borsuklab/csr33/object_detection/naip_tiles/m_2709736_nw_14_060_20200430.tif
/hpc/group/borsuklab/csr33/object_detection/naip_tiles/m_3707661_nw_18_060_20210926.tif
m_4406707_se_19_060_20210711 315
m_3907544_nw_18_060_20210630 320
m_4107030_ne_19_060_20210826 320
m_3008319_sw_17_060_20211222 360
m_4007210_nw_18_060_20211105 320
m_3507627_ne_18_060_20201018 340
m_3008617_se_16_060_20191103_20200114 340
m_3707646_ne_18_060_20210926 340
m_3607638_sw_18_060_20201001 340
m_2709736_nw_14_060_20200430 360
m_3707661_nw_18_060_20210926 340
m_3009141_nw_15_030_20211113 1326
m_3008742_nw_16_030_20211113 1400
m_3108701_nw_16_030_20211115 1400
136.18636274337769
