load envirionment

/hpc/group/borsuklab/csr33/object_detection/naip_tiles/m_3907637_nw_18_060_20211101.tif
/hpc/group/borsuklab/csr33/object_detection/naip_tiles/m_3208148_sw_17_060_20210507.tif
/hpc/group/borsuklab/csr33/object_detection/naip_tiles/m_2708061_ne_17_060_20191215_20200113.tif
/hpc/group/borsuklab/csr33/object_detection/naip_tiles/m_3108749_ne_16_030_20211115.tif
/hpc/group/borsuklab/csr33/object_detection/naip_tiles/m_3311654_nw_11_060_20200415.tif
/hpc/group/borsuklab/csr33/object_detection/naip_tiles/m_3807552_se_18_060_20210605.tif
/hpc/group/borsuklab/csr33/object_detection/naip_tiles/m_4506727_ne_19_060_20210723.tif
/hpc/group/borsuklab/csr33/object_detection/naip_tiles/m_3411945_ne_11_060_20200521.tif
/hpc/group/borsuklab/csr33/object_detection/naip_tiles/m_3208032_nw_17_060_20210426.tif
/hpc/group/borsuklab/csr33/object_detection/naip_tiles/m_3407863_ne_17_060_20200603.tif
/hpc/group/borsuklab/csr33/object_detection/naip_tiles/m_4207164_ne_19_060_20210826.tif
/hpc/group/borsuklab/csr33/object_detection/naip_tiles/m_3308057_sw_17_060_20210421.tif
/hpc/group/borsuklab/csr33/object_detection/naip_tiles/m_3008348_sw_17_060_20211117.tif
/hpc/group/borsuklab/csr33/object_detection/naip_tiles/m_3507764_nw_18_060_20201031.tif
m_4506727_ne_19_060_20210723 300
m_3411945_ne_11_060_20200521 340
m_3507764_nw_18_060_20201031 340
m_3308057_sw_17_060_20210421 340
m_3807552_se_18_060_20210605 320
m_3311654_nw_11_060_20200415 340
m_3907637_nw_18_060_20211101 320
m_3208148_sw_17_060_20210507 340
m_3208032_nw_17_060_20210426 340
m_4207164_ne_19_060_20210826 320
m_2708061_ne_17_060_20191215_20200113 360
m_3407863_ne_17_060_20200603 340
m_3008348_sw_17_060_20211117 378
m_3108749_ne_16_030_20211115 1400
140.76986169815063
