load envirionment

/hpc/group/borsuklab/csr33/object_detection/naip_tiles/m_3907546_nw_18_060_20190726_20191209.tif
/hpc/group/borsuklab/csr33/object_detection/naip_tiles/m_3307947_ne_17_060_20210501.tif
/hpc/group/borsuklab/csr33/object_detection/naip_tiles/m_3607705_ne_18_060_20210910.tif
/hpc/group/borsuklab/csr33/object_detection/naip_tiles/m_4207009_se_19_060_20211024.tif
/hpc/group/borsuklab/csr33/object_detection/naip_tiles/m_3008913_nw_16_030_20211112.tif
/hpc/group/borsuklab/csr33/object_detection/naip_tiles/m_3807512_sw_18_060_20211019.tif
/hpc/group/borsuklab/csr33/object_detection/naip_tiles/m_4406807_se_19_060_20210920.tif
/hpc/group/borsuklab/csr33/object_detection/naip_tiles/m_4506858_se_19_060_20210816.tif
/hpc/group/borsuklab/csr33/object_detection/naip_tiles/m_3807533_sw_18_060_20210618.tif
/hpc/group/borsuklab/csr33/object_detection/naip_tiles/m_3307936_se_17_060_20210501.tif
/hpc/group/borsuklab/csr33/object_detection/naip_tiles/m_3008648_sw_16_060_20191109_20200114.tif
/hpc/group/borsuklab/csr33/object_detection/naip_tiles/m_3008554_nw_16_060_20191118_20200114.tif
/hpc/group/borsuklab/csr33/object_detection/naip_tiles/m_3607733_ne_18_060_20200922.tif
/hpc/group/borsuklab/csr33/object_detection/naip_tiles/m_4406713_ne_19_060_20210711.tif
m_3907546_nw_18_060_20190726_20191209 320
m_4406713_ne_19_060_20210711 300
m_3807512_sw_18_060_20211019 320
m_4207009_se_19_060_20211024 336
m_3607733_ne_18_060_20200922 340
m_4506858_se_19_060_20210816 300
m_4406807_se_19_060_20210920 300
m_3008648_sw_16_060_20191109_20200114 340
m_3008554_nw_16_060_20191118_20200114 340
m_3607705_ne_18_060_20210910 340
m_3307936_se_17_060_20210501 340
m_3307947_ne_17_060_20210501 340
m_3807533_sw_18_060_20210618 320
m_3008913_nw_16_030_20211112 1440
220.61080241203308
