load envirionment

/hpc/group/borsuklab/csr33/object_detection/naip_tiles/m_3009209_ne_15_030_20211221.tif
/hpc/group/borsuklab/csr33/object_detection/naip_tiles/m_2508046_nw_17_060_20191126_20200113.tif
/hpc/group/borsuklab/csr33/object_detection/naip_tiles/m_3707734_se_18_060_20210628.tif
/hpc/group/borsuklab/csr33/object_detection/naip_tiles/m_2908925_sw_16_030_20211202.tif
/hpc/group/borsuklab/csr33/object_detection/naip_tiles/m_2609744_nw_14_060_20201209.tif
/hpc/group/borsuklab/csr33/object_detection/naip_tiles/m_2808244_sw_17_060_20211130.tif
/hpc/group/borsuklab/csr33/object_detection/naip_tiles/m_3307922_sw_17_060_20210501.tif
/hpc/group/borsuklab/csr33/object_detection/naip_tiles/m_3607655_sw_18_060_20200922.tif
/hpc/group/borsuklab/csr33/object_detection/naip_tiles/m_3008151_sw_17_060_20211129.tif
/hpc/group/borsuklab/csr33/object_detection/naip_tiles/m_3407964_ne_17_060_20210513.tif
/hpc/group/borsuklab/csr33/object_detection/naip_tiles/m_2809644_sw_14_060_20201029.tif
/hpc/group/borsuklab/csr33/object_detection/naip_tiles/m_3807518_sw_18_060_20210618.tif
/hpc/group/borsuklab/csr33/object_detection/naip_tiles/m_3008825_se_16_030_20211119.tif
/hpc/group/borsuklab/csr33/object_detection/naip_tiles/m_4107209_se_18_060_20211105.tif
m_3807518_sw_18_060_20210618 320
m_2508046_nw_17_060_20191126_20200113 360
m_3407964_ne_17_060_20210513 340
m_3008151_sw_17_060_20211129 360
m_3707734_se_18_060_20210628 357
m_4107209_se_18_060_20211105 336
m_3607655_sw_18_060_20200922 340
m_3307922_sw_17_060_20210501 340
m_2809644_sw_14_060_20201029 360
m_2609744_nw_14_060_20201209 360
m_2808244_sw_17_060_20211130 360
m_3009209_ne_15_030_20211221 1326
m_2908925_sw_16_030_20211202 1365
m_3008825_se_16_030_20211119 1435
154.61446452140808
