load envirionment

/hpc/group/borsuklab/csr33/object_detection/naip_tiles/m_3907530_sw_18_060_20190726_20191209.tif
/hpc/group/borsuklab/csr33/object_detection/naip_tiles/m_3907406_nw_18_060_20190920_20191209.tif
/hpc/group/borsuklab/csr33/object_detection/naip_tiles/m_2908946_sw_16_030_20211130.tif
/hpc/group/borsuklab/csr33/object_detection/naip_tiles/m_3907428_nw_18_060_20190730_20191209.tif
/hpc/group/borsuklab/csr33/object_detection/naip_tiles/m_3008638_nw_16_060_20191109_20200114.tif
/hpc/group/borsuklab/csr33/object_detection/naip_tiles/m_2908963_sw_16_030_20211130.tif
/hpc/group/borsuklab/csr33/object_detection/naip_tiles/m_2608019_nw_17_060_20191203_20200113.tif
/hpc/group/borsuklab/csr33/object_detection/naip_tiles/m_3807652_ne_18_060_20211020.tif
/hpc/group/borsuklab/csr33/object_detection/naip_tiles/m_2908306_se_17_060_20211116.tif
/hpc/group/borsuklab/csr33/object_detection/naip_tiles/m_2808253_se_17_060_20211130.tif
/hpc/group/borsuklab/csr33/object_detection/naip_tiles/m_4107125_ne_19_060_20210926.tif
/hpc/group/borsuklab/csr33/object_detection/naip_tiles/m_3707748_se_18_060_20210912.tif
/hpc/group/borsuklab/csr33/object_detection/naip_tiles/m_3411927_se_11_060_20200521.tif
/hpc/group/borsuklab/csr33/object_detection/naip_tiles/m_3607647_se_18_060_20201001.tif
m_3707748_se_18_060_20210912 357
m_3411927_se_11_060_20200521 340
m_3907428_nw_18_060_20190730_20191209 320
m_4107125_ne_19_060_20210926 320
m_2608019_nw_17_060_20191203_20200113 360
m_3907530_sw_18_060_20190726_20191209 320
m_3907406_nw_18_060_20190920_20191209 320
m_2908306_se_17_060_20211116 378
m_3008638_nw_16_060_20191109_20200114 340
m_3807652_ne_18_060_20211020 320
m_3607647_se_18_060_20201001 340
m_2808253_se_17_060_20211130 360
m_2908946_sw_16_030_20211130 1365
m_2908963_sw_16_030_20211130 1365
105.71325612068176
