load envirionment

/hpc/group/borsuklab/csr33/object_detection/naip_tiles/m_4506956_se_19_060_20210816.tif
/hpc/group/borsuklab/csr33/object_detection/naip_tiles/m_3507626_ne_18_060_20201018.tif
/hpc/group/borsuklab/csr33/object_detection/naip_tiles/m_3108762_sw_16_030_20211115.tif
/hpc/group/borsuklab/csr33/object_detection/naip_tiles/m_3607613_sw_18_060_20210926.tif
/hpc/group/borsuklab/csr33/object_detection/naip_tiles/m_3009344_sw_15_060_20190901_20191001.tif
/hpc/group/borsuklab/csr33/object_detection/naip_tiles/m_4207144_se_19_060_20210826.tif
/hpc/group/borsuklab/csr33/object_detection/naip_tiles/m_2609703_ne_14_060_20200501.tif
/hpc/group/borsuklab/csr33/object_detection/naip_tiles/m_4406949_ne_19_060_20210827.tif
/hpc/group/borsuklab/csr33/object_detection/naip_tiles/m_2508050_se_17_060_20211203.tif
/hpc/group/borsuklab/csr33/object_detection/naip_tiles/m_3707738_sw_18_060_20210912.tif
/hpc/group/borsuklab/csr33/object_detection/naip_tiles/m_3108117_ne_17_060_20191110_20200102.tif
/hpc/group/borsuklab/csr33/object_detection/naip_tiles/m_3008614_se_16_060_20191109_20200114.tif
/hpc/group/borsuklab/csr33/object_detection/naip_tiles/m_3311625_nw_11_060_20200415.tif
/hpc/group/borsuklab/csr33/object_detection/naip_tiles/m_3607631_nw_18_060_20210913.tif
m_3607613_sw_18_060_20210926 340
m_4406949_ne_19_060_20210827 300
m_4506956_se_19_060_20210816 300
m_3008614_se_16_060_20191109_20200114 340
m_3507626_ne_18_060_20201018 340
m_4207144_se_19_060_20210826 336
m_2609703_ne_14_060_20200501 360
m_3707738_sw_18_060_20210912 357
m_3009344_sw_15_060_20190901_20191001 360
m_3607631_nw_18_060_20210913 340
m_3311625_nw_11_060_20200415 340
m_3108117_ne_17_060_20191110_20200102 340
m_2508050_se_17_060_20211203 360
m_3108762_sw_16_030_20211115 1400
141.4633274078369
