load envirionment

/hpc/group/borsuklab/csr33/object_detection/naip_tiles/m_2708206_se_17_060_20211130.tif
/hpc/group/borsuklab/csr33/object_detection/naip_tiles/m_4306902_se_19_060_20211006.tif
/hpc/group/borsuklab/csr33/object_detection/naip_tiles/m_3008732_ne_16_060_20191103_20200114.tif
/hpc/group/borsuklab/csr33/object_detection/naip_tiles/m_4207153_nw_19_060_20210826.tif
/hpc/group/borsuklab/csr33/object_detection/naip_tiles/m_4207455_se_18_060_20210920.tif
/hpc/group/borsuklab/csr33/object_detection/naip_tiles/m_3108153_ne_17_060_20211203.tif
/hpc/group/borsuklab/csr33/object_detection/naip_tiles/m_2508148_nw_17_060_20211203.tif
/hpc/group/borsuklab/csr33/object_detection/naip_tiles/m_3108832_se_16_030_20211120.tif
/hpc/group/borsuklab/csr33/object_detection/naip_tiles/m_3707716_nw_18_060_20210827.tif
/hpc/group/borsuklab/csr33/object_detection/naip_tiles/m_3008355_se_17_060_20211116.tif
/hpc/group/borsuklab/csr33/object_detection/naip_tiles/m_3009153_ne_15_030_20211114.tif
/hpc/group/borsuklab/csr33/object_detection/naip_tiles/m_3207917_nw_17_060_20210426.tif
/hpc/group/borsuklab/csr33/object_detection/naip_tiles/m_4406942_nw_19_060_20210827.tif
/hpc/group/borsuklab/csr33/object_detection/naip_tiles/m_3807531_ne_18_060_20210624.tif
m_3807531_ne_18_060_20210624 320
m_3207917_nw_17_060_20210426 340
m_2708206_se_17_060_20211130 360
m_4306902_se_19_060_20211006 300
m_4207455_se_18_060_20210920 320
m_3008732_ne_16_060_20191103_20200114 340
m_3008355_se_17_060_20211116 378
m_2508148_nw_17_060_20211203 380
m_4406942_nw_19_060_20210827 300
m_4207153_nw_19_060_20210826 320
m_3108153_ne_17_060_20211203 340
m_3707716_nw_18_060_20210827 340
m_3108832_se_16_030_20211120 1400
m_3009153_ne_15_030_20211114 1326
129.5165355205536
