load envirionment

/hpc/group/borsuklab/csr33/object_detection/naip_tiles/m_2908945_sw_16_030_20211130.tif
/hpc/group/borsuklab/csr33/object_detection/naip_tiles/m_3008705_ne_16_030_20211115.tif
/hpc/group/borsuklab/csr33/object_detection/naip_tiles/m_3311824_nw_11_060_20200505.tif
/hpc/group/borsuklab/csr33/object_detection/naip_tiles/m_3507760_nw_18_060_20200930.tif
/hpc/group/borsuklab/csr33/object_detection/naip_tiles/m_4107103_se_19_060_20210926.tif
/hpc/group/borsuklab/csr33/object_detection/naip_tiles/m_2809606_sw_14_060_20200501.tif
/hpc/group/borsuklab/csr33/object_detection/naip_tiles/m_2909542_ne_15_060_20201117.tif
/hpc/group/borsuklab/csr33/object_detection/naip_tiles/m_2909318_nw_15_060_20201102.tif
/hpc/group/borsuklab/csr33/object_detection/naip_tiles/m_4406721_nw_19_060_20210711.tif
/hpc/group/borsuklab/csr33/object_detection/naip_tiles/m_3907522_se_18_060_20190726_20191209.tif
/hpc/group/borsuklab/csr33/object_detection/naip_tiles/m_3412020_se_10_060_20200607.tif
/hpc/group/borsuklab/csr33/object_detection/naip_tiles/m_3412006_nw_10_060_20200607.tif
/hpc/group/borsuklab/csr33/object_detection/naip_tiles/m_3308059_ne_17_060_20210501.tif
/hpc/group/borsuklab/csr33/object_detection/naip_tiles/m_3907435_nw_18_060_20190730_20191209.tif
m_3412020_se_10_060_20200607 340
m_4406721_nw_19_060_20210711 300
m_3311824_nw_11_060_20200505 340
m_3907522_se_18_060_20190726_20191209 320
m_3907435_nw_18_060_20190730_20191209 320
m_2909542_ne_15_060_20201117 360
m_3308059_ne_17_060_20210501 340
m_3507760_nw_18_060_20200930 340
m_2809606_sw_14_060_20200501 360
m_2909318_nw_15_060_20201102 340
m_4107103_se_19_060_20210926 336
m_3412006_nw_10_060_20200607 340
m_2908945_sw_16_030_20211130 1365
m_3008705_ne_16_030_20211115 1400
128.63276624679565
