load envirionment

/hpc/group/borsuklab/csr33/object_detection/naip_tiles/m_2909307_sw_15_060_20190706_20191001.tif
/hpc/group/borsuklab/csr33/object_detection/naip_tiles/m_2709725_ne_14_060_20200501.tif
/hpc/group/borsuklab/csr33/object_detection/naip_tiles/m_3211610_sw_11_060_20200425.tif
/hpc/group/borsuklab/csr33/object_detection/naip_tiles/m_3907623_ne_18_060_20211020.tif
/hpc/group/borsuklab/csr33/object_detection/naip_tiles/m_4107119_nw_19_060_20210926.tif
/hpc/group/borsuklab/csr33/object_detection/naip_tiles/m_3008440_ne_16_060_20191205_20200114.tif
/hpc/group/borsuklab/csr33/object_detection/naip_tiles/m_2909230_ne_15_060_20190706_20191001.tif
/hpc/group/borsuklab/csr33/object_detection/naip_tiles/m_3307912_sw_17_060_20210501.tif
/hpc/group/borsuklab/csr33/object_detection/naip_tiles/m_3008111_se_17_060_20211129.tif
/hpc/group/borsuklab/csr33/object_detection/naip_tiles/m_4407056_ne_19_060_20210827.tif
/hpc/group/borsuklab/csr33/object_detection/naip_tiles/m_2708219_nw_17_060_20211201.tif
/hpc/group/borsuklab/csr33/object_detection/naip_tiles/m_4506847_ne_19_060_20210911.tif
/hpc/group/borsuklab/csr33/object_detection/naip_tiles/m_3311748_ne_11_060_20200428.tif
/hpc/group/borsuklab/csr33/object_detection/naip_tiles/m_4107439_nw_18_060_20211105.tif
m_4107439_nw_18_060_20211105 320
m_3907623_ne_18_060_20211020 320
m_4107119_nw_19_060_20210926 320
m_2708219_nw_17_060_20211201 360
m_4407056_ne_19_060_20210827 300
m_4506847_ne_19_060_20210911 300
m_3311748_ne_11_060_20200428 340
m_2909307_sw_15_060_20190706_20191001 360
m_2709725_ne_14_060_20200501 360
m_3008440_ne_16_060_20191205_20200114 360
m_3211610_sw_11_060_20200425 340
m_3008111_se_17_060_20211129 360
m_3307912_sw_17_060_20210501 340
m_2909230_ne_15_060_20190706_20191001 360
72.28986406326294
