load envirionment

/hpc/group/borsuklab/csr33/object_detection/naip_tiles/m_2708223_se_17_060_20211201.tif
/hpc/group/borsuklab/csr33/object_detection/naip_tiles/m_3108216_sw_17_060_20191110_20200102.tif
/hpc/group/borsuklab/csr33/object_detection/naip_tiles/m_3311610_sw_11_060_20200415.tif
/hpc/group/borsuklab/csr33/object_detection/naip_tiles/m_4107353_ne_18_060_20211106.tif
/hpc/group/borsuklab/csr33/object_detection/naip_tiles/m_4107408_nw_18_060_20210920.tif
/hpc/group/borsuklab/csr33/object_detection/naip_tiles/m_3707658_nw_18_060_20210827.tif
/hpc/group/borsuklab/csr33/object_detection/naip_tiles/m_3008532_se_16_060_20191120_20200114.tif
/hpc/group/borsuklab/csr33/object_detection/naip_tiles/m_3411947_se_11_060_20200521.tif
/hpc/group/borsuklab/csr33/object_detection/naip_tiles/m_3307960_se_17_060_20210501.tif
/hpc/group/borsuklab/csr33/object_detection/naip_tiles/m_4107130_sw_19_060_20210826.tif
/hpc/group/borsuklab/csr33/object_detection/naip_tiles/m_2709840_se_14_060_20200501.tif
/hpc/group/borsuklab/csr33/object_detection/naip_tiles/m_4406816_ne_19_060_20210901.tif
/hpc/group/borsuklab/csr33/object_detection/naip_tiles/m_3009563_nw_15_060_20201130.tif
/hpc/group/borsuklab/csr33/object_detection/naip_tiles/m_4406913_se_19_060_20210904.tif
m_4406816_ne_19_060_20210901 300
m_4406913_se_19_060_20210904 300
m_3707658_nw_18_060_20210827 340
m_3307960_se_17_060_20210501 340
m_4107353_ne_18_060_20211106 320
m_3311610_sw_11_060_20200415 340
m_4107408_nw_18_060_20210920 320
m_4107130_sw_19_060_20210826 336
m_3411947_se_11_060_20200521 340
m_3008532_se_16_060_20191120_20200114 340
m_3108216_sw_17_060_20191110_20200102 340
m_2709840_se_14_060_20200501 360
m_2708223_se_17_060_20211201 360
m_3009563_nw_15_060_20201130 360
90.38084101676941
