load envirionment

/hpc/group/borsuklab/csr33/object_detection/naip_tiles/m_4506857_nw_19_060_20210816.tif
/hpc/group/borsuklab/csr33/object_detection/naip_tiles/m_2508107_se_17_060_20211203.tif
/hpc/group/borsuklab/csr33/object_detection/naip_tiles/m_3311712_se_11_060_20200423.tif
/hpc/group/borsuklab/csr33/object_detection/naip_tiles/m_4107421_se_18_060_20211106.tif
/hpc/group/borsuklab/csr33/object_detection/naip_tiles/m_3707604_nw_18_060_20210926.tif
/hpc/group/borsuklab/csr33/object_detection/naip_tiles/m_3907622_ne_18_060_20211020.tif
/hpc/group/borsuklab/csr33/object_detection/naip_tiles/m_4307132_nw_19_060_20211024.tif
/hpc/group/borsuklab/csr33/object_detection/naip_tiles/m_3008738_sw_16_060_20191103_20200114.tif
/hpc/group/borsuklab/csr33/object_detection/naip_tiles/m_3407847_se_17_060_20200904.tif
/hpc/group/borsuklab/csr33/object_detection/naip_tiles/m_4007203_sw_18_060_20211105.tif
/hpc/group/borsuklab/csr33/object_detection/naip_tiles/m_3707629_se_18_060_20210926.tif
/hpc/group/borsuklab/csr33/object_detection/naip_tiles/m_3009358_nw_15_060_20201031.tif
/hpc/group/borsuklab/csr33/object_detection/naip_tiles/m_3008153_sw_17_060_20211130.tif
/hpc/group/borsuklab/csr33/object_detection/naip_tiles/m_4506744_nw_19_060_20210723.tif
m_4107421_se_18_060_20211106 320
m_3407847_se_17_060_20200904 357
m_4506744_nw_19_060_20210723 300
m_3707604_nw_18_060_20210926 340
m_3009358_nw_15_060_20201031 340
m_3008738_sw_16_060_20191103_20200114 340
m_4307132_nw_19_060_20211024 320
m_4506857_nw_19_060_20210816 300
m_3707629_se_18_060_20210926 340
m_3008153_sw_17_060_20211130 360
m_3311712_se_11_060_20200423 340
m_2508107_se_17_060_20211203 360
m_4007203_sw_18_060_20211105 336
m_3907622_ne_18_060_20211020 320
63.22286295890808
