load envirionment

/hpc/group/borsuklab/csr33/object_detection/naip_tiles/m_2808251_se_17_060_20211130.tif
/hpc/group/borsuklab/csr33/object_detection/naip_tiles/m_2709701_se_14_060_20200501.tif
/hpc/group/borsuklab/csr33/object_detection/naip_tiles/m_2608136_nw_17_060_20191123_20200113.tif
/hpc/group/borsuklab/csr33/object_detection/naip_tiles/m_2908118_sw_17_060_20211129.tif
/hpc/group/borsuklab/csr33/object_detection/naip_tiles/m_3907649_ne_18_060_20210617.tif
/hpc/group/borsuklab/csr33/object_detection/naip_tiles/m_3008609_sw_16_060_20191103_20200114.tif
/hpc/group/borsuklab/csr33/object_detection/naip_tiles/m_4306909_se_19_060_20211006.tif
/hpc/group/borsuklab/csr33/object_detection/naip_tiles/m_2908201_nw_17_060_20211117.tif
/hpc/group/borsuklab/csr33/object_detection/naip_tiles/m_2809501_se_15_060_20201029.tif
/hpc/group/borsuklab/csr33/object_detection/naip_tiles/m_3311641_nw_11_060_20200415.tif
/hpc/group/borsuklab/csr33/object_detection/naip_tiles/m_3009013_se_15_030_20211115.tif
/hpc/group/borsuklab/csr33/object_detection/naip_tiles/m_4107016_se_19_060_20210826.tif
/hpc/group/borsuklab/csr33/object_detection/naip_tiles/m_3008744_ne_16_030_20211113.tif
/hpc/group/borsuklab/csr33/object_detection/naip_tiles/m_4007416_sw_18_060_20190830_20191209.tif
m_3311641_nw_11_060_20200415 340
m_4107016_se_19_060_20210826 320
m_3907649_ne_18_060_20210617 320
m_4306909_se_19_060_20211006 300
m_3008609_sw_16_060_20191103_20200114 340
m_4007416_sw_18_060_20190830_20191209 300
m_2709701_se_14_060_20200501 360
m_2908118_sw_17_060_20211129 360
m_2809501_se_15_060_20201029 360
m_2608136_nw_17_060_20191123_20200113 360
m_2808251_se_17_060_20211130 360
m_2908201_nw_17_060_20211117 360
m_3008744_ne_16_030_20211113 1400
m_3009013_se_15_030_20211115 1365
110.30873250961304
