load envirionment

/hpc/group/borsuklab/csr33/object_detection/naip_tiles/m_3507630_sw_18_060_20201018.tif
/hpc/group/borsuklab/csr33/object_detection/naip_tiles/m_2609760_nw_14_060_20201209.tif
/hpc/group/borsuklab/csr33/object_detection/naip_tiles/m_2909559_nw_15_060_20201117.tif
/hpc/group/borsuklab/csr33/object_detection/naip_tiles/m_2909308_nw_15_060_20190706_20191001.tif
/hpc/group/borsuklab/csr33/object_detection/naip_tiles/m_2909038_se_15_060_20190707_20191001.tif
/hpc/group/borsuklab/csr33/object_detection/naip_tiles/m_3009039_ne_15_030_20211123.tif
/hpc/group/borsuklab/csr33/object_detection/naip_tiles/m_4307139_nw_19_060_20211024.tif
/hpc/group/borsuklab/csr33/object_detection/naip_tiles/m_2608144_ne_17_060_20191123_20200113.tif
/hpc/group/borsuklab/csr33/object_detection/naip_tiles/m_3607654_sw_18_060_20200922.tif
/hpc/group/borsuklab/csr33/object_detection/naip_tiles/m_2708045_se_17_060_20191215_20200113.tif
/hpc/group/borsuklab/csr33/object_detection/naip_tiles/m_3009341_sw_15_060_20201102.tif
/hpc/group/borsuklab/csr33/object_detection/naip_tiles/m_3009462_ne_15_060_20201112.tif
/hpc/group/borsuklab/csr33/object_detection/naip_tiles/m_3807539_sw_18_060_20210605.tif
/hpc/group/borsuklab/csr33/object_detection/naip_tiles/m_4207357_se_18_060_20210920.tif
m_2708045_se_17_060_20191215_20200113 360
m_2609760_nw_14_060_20201209 360
m_3607654_sw_18_060_20200922 340
m_3807539_sw_18_060_20210605 320
m_3009341_sw_15_060_20201102 340
m_4307139_nw_19_060_20211024 320
m_4207357_se_18_060_20210920 320
m_2909559_nw_15_060_20201117 360
m_2909308_nw_15_060_20190706_20191001 360
m_2909038_se_15_060_20190707_20191001 378
m_3009462_ne_15_060_20201112 340
m_3507630_sw_18_060_20201018 340
m_2608144_ne_17_060_20191123_20200113 360
m_3009039_ne_15_030_20211123 1365
115.9612820148468
