load envirionment

/hpc/group/borsuklab/csr33/object_detection/naip_tiles/m_2908338_se_17_060_20211116.tif
/hpc/group/borsuklab/csr33/object_detection/naip_tiles/m_3607618_ne_18_060_20210827.tif
/hpc/group/borsuklab/csr33/object_detection/naip_tiles/m_4207303_nw_18_060_20211107.tif
/hpc/group/borsuklab/csr33/object_detection/naip_tiles/m_3008710_nw_16_030_20211112.tif
/hpc/group/borsuklab/csr33/object_detection/naip_tiles/m_3009345_sw_15_060_20190901_20191001.tif
/hpc/group/borsuklab/csr33/object_detection/naip_tiles/m_3008738_se_16_060_20191103_20200114.tif
/hpc/group/borsuklab/csr33/object_detection/naip_tiles/m_3311762_nw_11_060_20200520.tif
/hpc/group/borsuklab/csr33/object_detection/naip_tiles/m_3009145_nw_15_030_20211114.tif
/hpc/group/borsuklab/csr33/object_detection/naip_tiles/m_4406906_sw_19_060_20210904.tif
/hpc/group/borsuklab/csr33/object_detection/naip_tiles/m_3807619_nw_18_060_20210617.tif
/hpc/group/borsuklab/csr33/object_detection/naip_tiles/m_3008823_ne_16_030_20211119.tif
/hpc/group/borsuklab/csr33/object_detection/naip_tiles/m_3009118_se_15_030_20211113.tif
/hpc/group/borsuklab/csr33/object_detection/naip_tiles/m_3907505_sw_18_060_20191019_20191203.tif
/hpc/group/borsuklab/csr33/object_detection/naip_tiles/m_2808028_se_17_060_20191130_20200114.tif
m_4207303_nw_18_060_20211107 320
m_3008738_se_16_060_20191103_20200114 340
m_3807619_nw_18_060_20210617 320
m_3311762_nw_11_060_20200520 340
m_2808028_se_17_060_20191130_20200114 360
m_3607618_ne_18_060_20210827 340
m_2908338_se_17_060_20211116 378
m_3009345_sw_15_060_20190901_20191001 360
m_4406906_sw_19_060_20210904 300
m_3907505_sw_18_060_20191019_20191203 320
m_3009118_se_15_030_20211113 1326
m_3008823_ne_16_030_20211119 1400
m_3009145_nw_15_030_20211114 1326
m_3008710_nw_16_030_20211112 1400
122.10928606987
