load envirionment

/hpc/group/borsuklab/csr33/object_detection/naip_tiles/m_3008338_ne_17_060_20211116.tif
/hpc/group/borsuklab/csr33/object_detection/naip_tiles/m_3307806_ne_17_060_20200603.tif
/hpc/group/borsuklab/csr33/object_detection/naip_tiles/m_3707653_nw_18_060_20210913.tif
/hpc/group/borsuklab/csr33/object_detection/naip_tiles/m_3108764_sw_16_030_20211109.tif
/hpc/group/borsuklab/csr33/object_detection/naip_tiles/m_3707510_se_18_060_20211017.tif
/hpc/group/borsuklab/csr33/object_detection/naip_tiles/m_2609725_se_14_060_20200503.tif
/hpc/group/borsuklab/csr33/object_detection/naip_tiles/m_2708037_se_17_060_20191215_20200113.tif
/hpc/group/borsuklab/csr33/object_detection/naip_tiles/m_4107321_sw_18_060_20211106.tif
/hpc/group/borsuklab/csr33/object_detection/naip_tiles/m_3008730_ne_16_060_20191103_20200114.tif
/hpc/group/borsuklab/csr33/object_detection/naip_tiles/m_3407854_nw_17_060_20200603.tif
/hpc/group/borsuklab/csr33/object_detection/naip_tiles/m_2609702_se_14_060_20201001.tif
/hpc/group/borsuklab/csr33/object_detection/naip_tiles/m_3907655_sw_18_060_20211101.tif
/hpc/group/borsuklab/csr33/object_detection/naip_tiles/m_2809636_ne_14_060_20200501.tif
/hpc/group/borsuklab/csr33/object_detection/naip_tiles/m_2809510_nw_15_060_20201029.tif
m_3907655_sw_18_060_20211101 320
m_3707510_se_18_060_20211017 320
m_2708037_se_17_060_20191215_20200113 360
m_4107321_sw_18_060_20211106 336
m_3707653_nw_18_060_20210913 340
m_3307806_ne_17_060_20200603 340
m_3008730_ne_16_060_20191103_20200114 340
m_2609702_se_14_060_20201001 360
m_2809636_ne_14_060_20200501 360
m_2809510_nw_15_060_20201029 360
m_3008338_ne_17_060_20211116 360
m_2609725_se_14_060_20200503 360
m_3407854_nw_17_060_20200603 360
m_3108764_sw_16_030_20211109 1400
121.2617576122284
