load envirionment

/hpc/group/borsuklab/csr33/object_detection/naip_tiles/m_4307013_ne_19_060_20210722.tif
/hpc/group/borsuklab/csr33/object_detection/naip_tiles/m_3407812_nw_17_060_20200903.tif
/hpc/group/borsuklab/csr33/object_detection/naip_tiles/m_2508027_sw_17_060_20211203.tif
/hpc/group/borsuklab/csr33/object_detection/naip_tiles/m_3311604_nw_11_060_20200416.tif
/hpc/group/borsuklab/csr33/object_detection/naip_tiles/m_3208037_nw_17_060_20210426.tif
/hpc/group/borsuklab/csr33/object_detection/naip_tiles/m_3707745_nw_18_060_20210910.tif
/hpc/group/borsuklab/csr33/object_detection/naip_tiles/m_3008549_ne_16_060_20191109_20200114.tif
/hpc/group/borsuklab/csr33/object_detection/naip_tiles/m_2909039_sw_15_030_20211123.tif
/hpc/group/borsuklab/csr33/object_detection/naip_tiles/m_3009129_sw_15_030_20211114.tif
/hpc/group/borsuklab/csr33/object_detection/naip_tiles/m_3807703_se_18_060_20210903.tif
/hpc/group/borsuklab/csr33/object_detection/naip_tiles/m_2809625_sw_14_060_20201116.tif
/hpc/group/borsuklab/csr33/object_detection/naip_tiles/m_3412021_ne_10_060_20200607.tif
/hpc/group/borsuklab/csr33/object_detection/naip_tiles/m_3311634_se_11_060_20200415.tif
/hpc/group/borsuklab/csr33/object_detection/naip_tiles/m_2608063_nw_17_060_20191120_20200113.tif
m_3208037_nw_17_060_20210426 340
m_4307013_ne_19_060_20210722 300
m_2508027_sw_17_060_20211203 380
m_3008549_ne_16_060_20191109_20200114 340
m_2809625_sw_14_060_20201116 360
m_3412021_ne_10_060_20200607 340
m_3311634_se_11_060_20200415 340
m_3407812_nw_17_060_20200903 340
m_3707745_nw_18_060_20210910 340
m_3311604_nw_11_060_20200416 340
m_3807703_se_18_060_20210903 357
m_2608063_nw_17_060_20191120_20200113 360
m_2909039_sw_15_030_20211123 1365
m_3009129_sw_15_030_20211114 1326
139.1221239566803
