load envirionment

/hpc/group/borsuklab/csr33/object_detection/naip_tiles/m_4207327_se_18_060_20211107.tif
/hpc/group/borsuklab/csr33/object_detection/naip_tiles/m_2809731_sw_14_060_20200501.tif
/hpc/group/borsuklab/csr33/object_detection/naip_tiles/m_2808042_sw_17_060_20191207_20200113.tif
/hpc/group/borsuklab/csr33/object_detection/naip_tiles/m_2708207_nw_17_060_20211130.tif
/hpc/group/borsuklab/csr33/object_detection/naip_tiles/m_3807402_nw_18_060_20190830_20191209.tif
/hpc/group/borsuklab/csr33/object_detection/naip_tiles/m_3108750_ne_16_030_20211115.tif
/hpc/group/borsuklab/csr33/object_detection/naip_tiles/m_2708143_ne_17_060_20191129_20200113.tif
/hpc/group/borsuklab/csr33/object_detection/naip_tiles/m_4007450_ne_18_060_20191014_20191203.tif
/hpc/group/borsuklab/csr33/object_detection/naip_tiles/m_3512054_sw_10_060_20200607.tif
/hpc/group/borsuklab/csr33/object_detection/naip_tiles/m_4007323_sw_18_060_20211103.tif
/hpc/group/borsuklab/csr33/object_detection/naip_tiles/m_2908505_nw_16_060_20191118_20200114.tif
/hpc/group/borsuklab/csr33/object_detection/naip_tiles/m_2909310_ne_15_060_20190726_20191001.tif
/hpc/group/borsuklab/csr33/object_detection/naip_tiles/m_3109462_sw_15_060_20201030.tif
/hpc/group/borsuklab/csr33/object_detection/naip_tiles/m_2909405_sw_15_060_20201112.tif
m_3109462_sw_15_060_20201030 340
m_2809731_sw_14_060_20200501 360
m_2708143_ne_17_060_20191129_20200113 360
m_2708207_nw_17_060_20211130 360
m_3807402_nw_18_060_20190830_20191209 320
m_4007323_sw_18_060_20211103 336
m_4007450_ne_18_060_20191014_20191203 320
m_3512054_sw_10_060_20200607 340
m_4207327_se_18_060_20211107 320
m_2909405_sw_15_060_20201112 340
m_2908505_nw_16_060_20191118_20200114 340
m_2909310_ne_15_060_20190726_20191001 360
m_2808042_sw_17_060_20191207_20200113 360
m_3108750_ne_16_030_20211115 1400
107.21209645271301
