load envirionment

/hpc/group/borsuklab/csr33/object_detection/naip_tiles/m_2909216_sw_15_060_20190706_20191001.tif
/hpc/group/borsuklab/csr33/object_detection/naip_tiles/m_2609760_se_14_060_20201029.tif
/hpc/group/borsuklab/csr33/object_detection/naip_tiles/m_3411938_se_11_060_20200521.tif
/hpc/group/borsuklab/csr33/object_detection/naip_tiles/m_4007317_sw_18_060_20211105.tif
/hpc/group/borsuklab/csr33/object_detection/naip_tiles/m_3211630_ne_11_060_20200415.tif
/hpc/group/borsuklab/csr33/object_detection/naip_tiles/m_2608023_ne_17_060_20191120_20200113.tif
/hpc/group/borsuklab/csr33/object_detection/naip_tiles/m_4406806_ne_19_060_20210919.tif
/hpc/group/borsuklab/csr33/object_detection/naip_tiles/m_4107219_se_18_060_20211001.tif
/hpc/group/borsuklab/csr33/object_detection/naip_tiles/m_4307027_nw_19_060_20211007.tif
/hpc/group/borsuklab/csr33/object_detection/naip_tiles/m_3307907_se_17_060_20210501.tif
/hpc/group/borsuklab/csr33/object_detection/naip_tiles/m_2608102_ne_17_060_20211223.tif
/hpc/group/borsuklab/csr33/object_detection/naip_tiles/m_4107137_sw_19_060_20210826.tif
/hpc/group/borsuklab/csr33/object_detection/naip_tiles/m_3907664_se_18_060_20211020.tif
/hpc/group/borsuklab/csr33/object_detection/naip_tiles/m_3507632_sw_18_060_20201001.tif
m_4406806_ne_19_060_20210919 300
m_3307907_se_17_060_20210501 340
m_2608102_ne_17_060_20211223 360
m_3507632_sw_18_060_20201001 340
m_4307027_nw_19_060_20211007 320
m_3907664_se_18_060_20211020 320
m_4107137_sw_19_060_20210826 336
m_3411938_se_11_060_20200521 340
m_4007317_sw_18_060_20211105 320
m_2609760_se_14_060_20201029 360
m_2909216_sw_15_060_20190706_20191001 360
m_4107219_se_18_060_20211001 336
m_3211630_ne_11_060_20200415 340
m_2608023_ne_17_060_20191120_20200113 360
143.05816960334778
