load envirionment

/hpc/group/borsuklab/csr33/object_detection/naip_tiles/m_4107226_nw_18_060_20211105.tif
/hpc/group/borsuklab/csr33/object_detection/naip_tiles/m_2709714_ne_14_060_20200430.tif
/hpc/group/borsuklab/csr33/object_detection/naip_tiles/m_2908902_nw_16_030_20211129.tif
/hpc/group/borsuklab/csr33/object_detection/naip_tiles/m_2709761_nw_14_060_20200430.tif
/hpc/group/borsuklab/csr33/object_detection/naip_tiles/m_3108847_sw_16_030_20211123.tif
/hpc/group/borsuklab/csr33/object_detection/naip_tiles/m_3411841_sw_11_060_20200521.tif
/hpc/group/borsuklab/csr33/object_detection/naip_tiles/m_3311706_ne_11_060_20200423.tif
/hpc/group/borsuklab/csr33/object_detection/naip_tiles/m_3008133_nw_17_060_20211202.tif
/hpc/group/borsuklab/csr33/object_detection/naip_tiles/m_2908250_sw_17_060_20211129.tif
/hpc/group/borsuklab/csr33/object_detection/naip_tiles/m_4007547_se_18_060_20191015_20191203.tif
/hpc/group/borsuklab/csr33/object_detection/naip_tiles/m_3108823_nw_16_030_20211123.tif
/hpc/group/borsuklab/csr33/object_detection/naip_tiles/m_3407848_sw_17_060_20200904.tif
/hpc/group/borsuklab/csr33/object_detection/naip_tiles/m_3008444_sw_16_060_20191129_20200114.tif
/hpc/group/borsuklab/csr33/object_detection/naip_tiles/m_3907415_sw_18_060_20190809_20191209.tif
m_4007547_se_18_060_20191015_20191203 320
m_4107226_nw_18_060_20211105 320
m_3907415_sw_18_060_20190809_20191209 320
m_3008444_sw_16_060_20191129_20200114 360
m_2908250_sw_17_060_20211129 360
m_2709714_ne_14_060_20200430 360
m_3311706_ne_11_060_20200423 340
m_3411841_sw_11_060_20200521 340
m_2709761_nw_14_060_20200430 360
m_3008133_nw_17_060_20211202 360
m_3407848_sw_17_060_20200904 378
m_2908902_nw_16_030_20211129 1365
m_3108847_sw_16_030_20211123 1400
m_3108823_nw_16_030_20211123 1400
135.54434490203857
