load envirionment

/hpc/group/borsuklab/csr33/object_detection/naip_tiles/m_3907401_ne_18_060_20190730_20191209.tif
/hpc/group/borsuklab/csr33/object_detection/naip_tiles/m_4207320_ne_18_060_20211107.tif
/hpc/group/borsuklab/csr33/object_detection/naip_tiles/m_4007320_se_18_060_20211106.tif
/hpc/group/borsuklab/csr33/object_detection/naip_tiles/m_2708223_ne_17_060_20211130.tif
/hpc/group/borsuklab/csr33/object_detection/naip_tiles/m_2908332_sw_17_060_20211117.tif
/hpc/group/borsuklab/csr33/object_detection/naip_tiles/m_3008601_ne_16_030_20211110.tif
/hpc/group/borsuklab/csr33/object_detection/naip_tiles/m_2808213_nw_17_060_20211130.tif
/hpc/group/borsuklab/csr33/object_detection/naip_tiles/m_3311845_ne_11_060_20200504.tif
/hpc/group/borsuklab/csr33/object_detection/naip_tiles/m_4207140_ne_19_060_20211024.tif
/hpc/group/borsuklab/csr33/object_detection/naip_tiles/m_3907561_nw_18_060_20211019.tif
/hpc/group/borsuklab/csr33/object_detection/naip_tiles/m_3009561_se_15_060_20201118.tif
/hpc/group/borsuklab/csr33/object_detection/naip_tiles/m_3009152_nw_15_030_20211114.tif
/hpc/group/borsuklab/csr33/object_detection/naip_tiles/m_2608039_se_17_060_20191120_20200113.tif
/hpc/group/borsuklab/csr33/object_detection/naip_tiles/m_2909209_sw_15_060_20190905_20191001.tif
m_4207140_ne_19_060_20211024 320
m_3907401_ne_18_060_20190730_20191209 300
m_3311845_ne_11_060_20200504 340
m_2708223_ne_17_060_20211130 360
m_4207320_ne_18_060_20211107 320
m_2909209_sw_15_060_20190905_20191001 360
m_4007320_se_18_060_20211106 336
m_3907561_nw_18_060_20211019 320
m_3009561_se_15_060_20201118 360
m_2608039_se_17_060_20191120_20200113 360
m_2908332_sw_17_060_20211117 378
m_2808213_nw_17_060_20211130 360
m_3008601_ne_16_030_20211110 1326
m_3009152_nw_15_030_20211114 1326
133.98210406303406
