load envirionment

/hpc/group/borsuklab/csr33/object_detection/naip_tiles/m_2708215_sw_17_060_20211130.tif
/hpc/group/borsuklab/csr33/object_detection/naip_tiles/m_2908104_se_17_060_20211129.tif
/hpc/group/borsuklab/csr33/object_detection/naip_tiles/m_4007314_sw_18_060_20211103.tif
/hpc/group/borsuklab/csr33/object_detection/naip_tiles/m_3907661_ne_18_060_20210606.tif
/hpc/group/borsuklab/csr33/object_detection/naip_tiles/m_3807660_nw_18_060_20210912.tif
/hpc/group/borsuklab/csr33/object_detection/naip_tiles/m_3807657_nw_18_060_20210910.tif
/hpc/group/borsuklab/csr33/object_detection/naip_tiles/m_2609745_se_14_060_20201029.tif
/hpc/group/borsuklab/csr33/object_detection/naip_tiles/m_3108104_sw_17_060_20191110_20200102.tif
/hpc/group/borsuklab/csr33/object_detection/naip_tiles/m_3008528_ne_16_060_20191118_20200114.tif
/hpc/group/borsuklab/csr33/object_detection/naip_tiles/m_3411851_sw_11_060_20200515.tif
/hpc/group/borsuklab/csr33/object_detection/naip_tiles/m_2909540_ne_15_060_20201116.tif
/hpc/group/borsuklab/csr33/object_detection/naip_tiles/m_3008436_sw_16_060_20191129_20200114.tif
/hpc/group/borsuklab/csr33/object_detection/naip_tiles/m_2909011_sw_15_060_20190707_20191001.tif
/hpc/group/borsuklab/csr33/object_detection/naip_tiles/m_3507726_sw_18_060_20200904.tif
m_3807657_nw_18_060_20210910 340
m_2909540_ne_15_060_20201116 360
m_3907661_ne_18_060_20210606 320
m_2708215_sw_17_060_20211130 360
m_3008528_ne_16_060_20191118_20200114 340
m_3507726_sw_18_060_20200904 357
m_2908104_se_17_060_20211129 360
m_2609745_se_14_060_20201029 360
m_3008436_sw_16_060_20191129_20200114 360
m_3411851_sw_11_060_20200515 340
m_4007314_sw_18_060_20211103 336
m_3108104_sw_17_060_20191110_20200102 340
m_3807660_nw_18_060_20210912 340
m_2909011_sw_15_060_20190707_20191001 378
104.62656855583191
