load envirionment

/hpc/group/borsuklab/csr33/object_detection/naip_tiles/m_2909562_sw_15_060_20201117.tif
/hpc/group/borsuklab/csr33/object_detection/naip_tiles/m_3008630_ne_16_060_20191109_20200114.tif
/hpc/group/borsuklab/csr33/object_detection/naip_tiles/m_2908236_nw_17_060_20211129.tif
/hpc/group/borsuklab/csr33/object_detection/naip_tiles/m_3307805_se_17_060_20200603.tif
/hpc/group/borsuklab/csr33/object_detection/naip_tiles/m_3807724_nw_18_060_20210617.tif
/hpc/group/borsuklab/csr33/object_detection/naip_tiles/m_4406719_sw_19_060_20210907.tif
/hpc/group/borsuklab/csr33/object_detection/naip_tiles/m_2809651_nw_14_060_20201029.tif
/hpc/group/borsuklab/csr33/object_detection/naip_tiles/m_4207334_sw_18_060_20210920.tif
/hpc/group/borsuklab/csr33/object_detection/naip_tiles/m_4107202_sw_18_060_20211105.tif
/hpc/group/borsuklab/csr33/object_detection/naip_tiles/m_3008743_nw_16_030_20211113.tif
/hpc/group/borsuklab/csr33/object_detection/naip_tiles/m_2908911_nw_16_030_20211129.tif
/hpc/group/borsuklab/csr33/object_detection/naip_tiles/m_3311754_se_11_060_20200520.tif
/hpc/group/borsuklab/csr33/object_detection/naip_tiles/m_3507734_sw_18_060_20200904.tif
/hpc/group/borsuklab/csr33/object_detection/naip_tiles/m_4007201_se_18_060_20211105.tif
m_3008630_ne_16_060_20191109_20200114 340
m_4207334_sw_18_060_20210920 320
m_4406719_sw_19_060_20210907 300
m_3807724_nw_18_060_20210617 320
m_2809651_nw_14_060_20201029 360
m_4007201_se_18_060_20211105 336
m_4107202_sw_18_060_20211105 336
m_3311754_se_11_060_20200520 340
m_3307805_se_17_060_20200603 357
m_2908236_nw_17_060_20211129 360
m_3507734_sw_18_060_20200904 357
m_2909562_sw_15_060_20201117 360
m_3008743_nw_16_030_20211113 1400
m_2908911_nw_16_030_20211129 1365
123.87717461585999
