load envirionment

/hpc/group/borsuklab/csr33/object_detection/naip_tiles/m_2909220_sw_15_060_20190905_20191001.tif
/hpc/group/borsuklab/csr33/object_detection/naip_tiles/m_3109349_sw_15_060_20201006.tif
/hpc/group/borsuklab/csr33/object_detection/naip_tiles/m_3009060_sw_15_030_20211120.tif
/hpc/group/borsuklab/csr33/object_detection/naip_tiles/m_4107137_ne_19_060_20210826.tif
/hpc/group/borsuklab/csr33/object_detection/naip_tiles/m_3707511_ne_18_060_20211017.tif
/hpc/group/borsuklab/csr33/object_detection/naip_tiles/m_3507649_ne_18_060_20201031.tif
/hpc/group/borsuklab/csr33/object_detection/naip_tiles/m_3008602_ne_16_030_20211112.tif
/hpc/group/borsuklab/csr33/object_detection/naip_tiles/m_3707506_nw_18_060_20211017.tif
/hpc/group/borsuklab/csr33/object_detection/naip_tiles/m_2808026_nw_17_060_20191202_20200113.tif
/hpc/group/borsuklab/csr33/object_detection/naip_tiles/m_2909209_ne_15_060_20190706_20191001.tif
/hpc/group/borsuklab/csr33/object_detection/naip_tiles/m_3008264_ne_17_060_20211202.tif
/hpc/group/borsuklab/csr33/object_detection/naip_tiles/m_4506840_sw_19_060_20210929.tif
/hpc/group/borsuklab/csr33/object_detection/naip_tiles/m_3008455_nw_16_060_20191205_20200114.tif
/hpc/group/borsuklab/csr33/object_detection/naip_tiles/m_2709716_nw_14_060_20200430.tif
m_3707506_nw_18_060_20211017 340
m_4107137_ne_19_060_20210826 320
m_3707511_ne_18_060_20211017 320
m_2909209_ne_15_060_20190706_20191001 360
m_2709716_nw_14_060_20200430 360
m_3507649_ne_18_060_20201031 340
m_2808026_nw_17_060_20191202_20200113 340
m_3109349_sw_15_060_20201006 340
m_4506840_sw_19_060_20210929 300
m_3008455_nw_16_060_20191205_20200114 360
m_2909220_sw_15_060_20190905_20191001 360
m_3008264_ne_17_060_20211202 360
m_3009060_sw_15_030_20211120 1365
m_3008602_ne_16_030_20211112 1365
135.72997570037842
