load envirionment

/hpc/group/borsuklab/csr33/object_detection/naip_tiles/m_3507629_sw_18_060_20201018.tif
/hpc/group/borsuklab/csr33/object_detection/naip_tiles/m_4207327_sw_18_060_20211107.tif
/hpc/group/borsuklab/csr33/object_detection/naip_tiles/m_3707661_se_18_060_20210913.tif
/hpc/group/borsuklab/csr33/object_detection/naip_tiles/m_4207033_se_19_060_20211024.tif
/hpc/group/borsuklab/csr33/object_detection/naip_tiles/m_3307952_sw_17_060_20210501.tif
/hpc/group/borsuklab/csr33/object_detection/naip_tiles/m_3008813_se_16_030_20211112.tif
/hpc/group/borsuklab/csr33/object_detection/naip_tiles/m_4007442_ne_18_060_20190830_20191209.tif
/hpc/group/borsuklab/csr33/object_detection/naip_tiles/m_2708244_sw_17_060_20211130.tif
/hpc/group/borsuklab/csr33/object_detection/naip_tiles/m_2909216_se_15_060_20190706_20191001.tif
/hpc/group/borsuklab/csr33/object_detection/naip_tiles/m_4007203_ne_18_060_20211001.tif
/hpc/group/borsuklab/csr33/object_detection/naip_tiles/m_3311602_nw_11_060_20200415.tif
/hpc/group/borsuklab/csr33/object_detection/naip_tiles/m_3311707_sw_11_060_20200423.tif
/hpc/group/borsuklab/csr33/object_detection/naip_tiles/m_3507503_ne_18_060_20200516.tif
/hpc/group/borsuklab/csr33/object_detection/naip_tiles/m_3507608_nw_18_060_20201001.tif
m_3707661_se_18_060_20210913 340
m_4007442_ne_18_060_20190830_20191209 300
m_3307952_sw_17_060_20210501 340
m_3311707_sw_11_060_20200423 340
m_3507608_nw_18_060_20201001 340
m_4207327_sw_18_060_20211107 320
m_4007203_ne_18_060_20211001 320
m_4207033_se_19_060_20211024 336
m_3311602_nw_11_060_20200415 340
m_3507629_sw_18_060_20201018 340
m_3507503_ne_18_060_20200516 340
m_2909216_se_15_060_20190706_20191001 360
m_2708244_sw_17_060_20211130 380
m_3008813_se_16_030_20211112 1400
132.02558135986328
