load envirionment

/hpc/group/borsuklab/csr33/object_detection/naip_tiles/m_3108154_sw_17_060_20211203.tif
/hpc/group/borsuklab/csr33/object_detection/naip_tiles/m_4207257_se_18_060_20211105.tif
/hpc/group/borsuklab/csr33/object_detection/naip_tiles/m_4107229_ne_18_060_20210926.tif
/hpc/group/borsuklab/csr33/object_detection/naip_tiles/m_3008814_nw_16_030_20211112.tif
/hpc/group/borsuklab/csr33/object_detection/naip_tiles/m_3008233_se_17_060_20211130.tif
/hpc/group/borsuklab/csr33/object_detection/naip_tiles/m_3607635_sw_18_060_20200922.tif
/hpc/group/borsuklab/csr33/object_detection/naip_tiles/m_3108264_ne_17_060_20191110_20200102.tif
/hpc/group/borsuklab/csr33/object_detection/naip_tiles/m_2509704_se_14_060_20201029.tif
/hpc/group/borsuklab/csr33/object_detection/naip_tiles/m_2908259_se_17_060_20211129.tif
/hpc/group/borsuklab/csr33/object_detection/naip_tiles/m_4107009_se_19_060_20210826.tif
/hpc/group/borsuklab/csr33/object_detection/naip_tiles/m_2908130_sw_17_060_20211130.tif
/hpc/group/borsuklab/csr33/object_detection/naip_tiles/m_4107133_sw_19_060_20210926.tif
/hpc/group/borsuklab/csr33/object_detection/naip_tiles/m_3311704_ne_11_060_20200423.tif
/hpc/group/borsuklab/csr33/object_detection/naip_tiles/m_3009441_nw_15_060_20201112.tif
m_4107009_se_19_060_20210826 336
m_4107133_sw_19_060_20210926 336
m_3108154_sw_17_060_20211203 340
m_2509704_se_14_060_20201029 360
m_3607635_sw_18_060_20200922 357
m_3008233_se_17_060_20211130 378
m_4207257_se_18_060_20211105 336
m_3009441_nw_15_060_20201112 340
m_2908259_se_17_060_20211129 360
m_3108264_ne_17_060_20191110_20200102 340
m_3311704_ne_11_060_20200423 340
m_2908130_sw_17_060_20211130 360
m_4107229_ne_18_060_20210926 320
m_3008814_nw_16_030_20211112 1400
140.5808928012848
