load envirionment

/hpc/group/borsuklab/csr33/object_detection/naip_tiles/m_2908934_nw_16_030_20211202.tif
/hpc/group/borsuklab/csr33/object_detection/naip_tiles/m_3907641_se_18_060_20210616.tif
/hpc/group/borsuklab/csr33/object_detection/naip_tiles/m_3009039_sw_15_030_20211116.tif
/hpc/group/borsuklab/csr33/object_detection/naip_tiles/m_3807730_ne_18_060_20210910.tif
/hpc/group/borsuklab/csr33/object_detection/naip_tiles/m_2908304_nw_17_060_20191121_20200114.tif
/hpc/group/borsuklab/csr33/object_detection/naip_tiles/m_4506760_se_19_060_20210723.tif
/hpc/group/borsuklab/csr33/object_detection/naip_tiles/m_3008357_se_17_060_20191117_20200114.tif
/hpc/group/borsuklab/csr33/object_detection/naip_tiles/m_3607650_ne_18_060_20200516.tif
/hpc/group/borsuklab/csr33/object_detection/naip_tiles/m_3507755_sw_18_060_20200930.tif
/hpc/group/borsuklab/csr33/object_detection/naip_tiles/m_4207336_ne_18_060_20211107.tif
/hpc/group/borsuklab/csr33/object_detection/naip_tiles/m_2708255_se_17_060_20211201.tif
/hpc/group/borsuklab/csr33/object_detection/naip_tiles/m_3707615_nw_18_060_20210926.tif
/hpc/group/borsuklab/csr33/object_detection/naip_tiles/m_2809651_se_14_060_20201029.tif
/hpc/group/borsuklab/csr33/object_detection/naip_tiles/m_2908244_nw_17_060_20211129.tif
m_4207336_ne_18_060_20211107 320
m_3707615_nw_18_060_20210926 340
m_4506760_se_19_060_20210723 315
m_3807730_ne_18_060_20210910 340
m_2708255_se_17_060_20211201 360
m_3607650_ne_18_060_20200516 340
m_2908304_nw_17_060_20191121_20200114 360
m_3907641_se_18_060_20210616 320
m_2809651_se_14_060_20201029 360
m_3507755_sw_18_060_20200930 357
m_3008357_se_17_060_20191117_20200114 360
m_2908244_nw_17_060_20211129 360
m_2908934_nw_16_030_20211202 1365
m_3009039_sw_15_030_20211116 1365
126.7435896396637
