load envirionment

/hpc/group/borsuklab/csr33/object_detection/naip_tiles/m_2809606_se_14_060_20201107.tif
/hpc/group/borsuklab/csr33/object_detection/naip_tiles/m_3008341_sw_17_060_20191117_20200114.tif
/hpc/group/borsuklab/csr33/object_detection/naip_tiles/m_3312007_se_10_060_20200607.tif
/hpc/group/borsuklab/csr33/object_detection/naip_tiles/m_2908339_nw_17_060_20211116.tif
/hpc/group/borsuklab/csr33/object_detection/naip_tiles/m_3707662_sw_18_060_20210913.tif
/hpc/group/borsuklab/csr33/object_detection/naip_tiles/m_3707661_sw_18_060_20210926.tif
/hpc/group/borsuklab/csr33/object_detection/naip_tiles/m_3208161_sw_17_060_20191109_20200102.tif
/hpc/group/borsuklab/csr33/object_detection/naip_tiles/m_2609751_sw_14_060_20201216.tif
/hpc/group/borsuklab/csr33/object_detection/naip_tiles/m_3008809_ne_16_030_20211112.tif
/hpc/group/borsuklab/csr33/object_detection/naip_tiles/m_3707756_sw_18_060_20210827.tif
/hpc/group/borsuklab/csr33/object_detection/naip_tiles/m_2809645_nw_14_060_20200501.tif
/hpc/group/borsuklab/csr33/object_detection/naip_tiles/m_2608150_ne_17_060_20211223.tif
/hpc/group/borsuklab/csr33/object_detection/naip_tiles/m_3412005_sw_10_060_20200607.tif
/hpc/group/borsuklab/csr33/object_detection/naip_tiles/m_3311747_nw_11_060_20200520.tif
m_2908339_nw_17_060_20211116 360
m_3311747_nw_11_060_20200520 340
m_3412005_sw_10_060_20200607 340
m_3707756_sw_18_060_20210827 357
m_3707662_sw_18_060_20210913 340
m_3208161_sw_17_060_20191109_20200102 340
m_3707661_sw_18_060_20210926 340
m_2809606_se_14_060_20201107 360
m_3312007_se_10_060_20200607 340
m_2809645_nw_14_060_20200501 360
m_2608150_ne_17_060_20211223 360
m_3008341_sw_17_060_20191117_20200114 360
m_2609751_sw_14_060_20201216 360
m_3008809_ne_16_030_20211112 1400
122.47593426704407
