load envirionment

/hpc/group/borsuklab/csr33/object_detection/naip_tiles/m_4307007_sw_19_060_20211007.tif
/hpc/group/borsuklab/csr33/object_detection/naip_tiles/m_4606858_sw_19_060_20210817.tif
/hpc/group/borsuklab/csr33/object_detection/naip_tiles/m_4207320_sw_18_060_20211107.tif
/hpc/group/borsuklab/csr33/object_detection/naip_tiles/m_3008112_se_17_060_20211203.tif
/hpc/group/borsuklab/csr33/object_detection/naip_tiles/m_3108102_sw_17_060_20191110_20200102.tif
/hpc/group/borsuklab/csr33/object_detection/naip_tiles/m_4207161_sw_19_060_20210826.tif
/hpc/group/borsuklab/csr33/object_detection/naip_tiles/m_2808215_se_17_060_20211130.tif
/hpc/group/borsuklab/csr33/object_detection/naip_tiles/m_3311714_sw_11_060_20200423.tif
/hpc/group/borsuklab/csr33/object_detection/naip_tiles/m_4107344_sw_18_060_20211106.tif
/hpc/group/borsuklab/csr33/object_detection/naip_tiles/m_3907538_se_18_060_20190726_20191209.tif
/hpc/group/borsuklab/csr33/object_detection/naip_tiles/m_2809618_nw_14_060_20201029.tif
/hpc/group/borsuklab/csr33/object_detection/naip_tiles/m_3008848_nw_16_030_20211113.tif
/hpc/group/borsuklab/csr33/object_detection/naip_tiles/m_3407703_nw_18_060_20200930.tif
/hpc/group/borsuklab/csr33/object_detection/naip_tiles/m_2908506_ne_16_060_20191118_20200114.tif
m_3407703_nw_18_060_20200930 360
m_3108102_sw_17_060_20191110_20200102 340
m_3008112_se_17_060_20211203 340
m_2908506_ne_16_060_20191118_20200114 360
m_3907538_se_18_060_20190726_20191209 320
m_2809618_nw_14_060_20201029 360
m_4207320_sw_18_060_20211107 336
m_2808215_se_17_060_20211130 360
m_4107344_sw_18_060_20211106 320
m_4606858_sw_19_060_20210817 300
m_4307007_sw_19_060_20211007 320
m_4207161_sw_19_060_20210826 336
m_3311714_sw_11_060_20200423 340
m_3008848_nw_16_030_20211113 1440
151.3368923664093
