load envirionment

/hpc/group/borsuklab/csr33/object_detection/naip_tiles/m_2608030_se_17_060_20191120_20200113.tif
/hpc/group/borsuklab/csr33/object_detection/naip_tiles/m_2909540_sw_15_060_20201116.tif
/hpc/group/borsuklab/csr33/object_detection/naip_tiles/m_3307801_ne_17_060_20210501.tif
/hpc/group/borsuklab/csr33/object_detection/naip_tiles/m_2508104_se_17_060_20211203.tif
/hpc/group/borsuklab/csr33/object_detection/naip_tiles/m_3907664_nw_18_060_20211020.tif
/hpc/group/borsuklab/csr33/object_detection/naip_tiles/m_3108112_se_17_060_20191110_20200102.tif
/hpc/group/borsuklab/csr33/object_detection/naip_tiles/m_2909025_sw_15_060_20190831_20191001.tif
/hpc/group/borsuklab/csr33/object_detection/naip_tiles/m_3307809_sw_17_060_20210501.tif
/hpc/group/borsuklab/csr33/object_detection/naip_tiles/m_2508026_nw_17_060_20211203.tif
/hpc/group/borsuklab/csr33/object_detection/naip_tiles/m_3807730_nw_18_060_20210910.tif
/hpc/group/borsuklab/csr33/object_detection/naip_tiles/m_3607655_ne_18_060_20200922.tif
/hpc/group/borsuklab/csr33/object_detection/naip_tiles/m_3407609_ne_18_060_20201031.tif
/hpc/group/borsuklab/csr33/object_detection/naip_tiles/m_3907641_sw_18_060_20210616.tif
/hpc/group/borsuklab/csr33/object_detection/naip_tiles/m_3009109_se_15_030_20211113.tif
m_3607655_ne_18_060_20200922 340
m_2508026_nw_17_060_20211203 380
m_3907664_nw_18_060_20211020 320
m_3307809_sw_17_060_20210501 340
m_3108112_se_17_060_20191110_20200102 340
m_3807730_nw_18_060_20210910 340
m_3407609_ne_18_060_20201031 340
m_3307801_ne_17_060_20210501 340
m_2608030_se_17_060_20191120_20200113 360
m_2909540_sw_15_060_20201116 360
m_2508104_se_17_060_20211203 360
m_2909025_sw_15_060_20190831_20191001 378
m_3907641_sw_18_060_20210616 320
m_3009109_se_15_030_20211113 1326
110.90106320381165
