load envirionment

/hpc/group/borsuklab/csr33/object_detection/naip_tiles/m_2908523_nw_16_060_20191118_20200114.tif
/hpc/group/borsuklab/csr33/object_detection/naip_tiles/m_3109061_sw_15_030_20211120.tif
/hpc/group/borsuklab/csr33/object_detection/naip_tiles/m_3507763_sw_18_060_20201031.tif
/hpc/group/borsuklab/csr33/object_detection/naip_tiles/m_4007317_se_18_060_20211105.tif
/hpc/group/borsuklab/csr33/object_detection/naip_tiles/m_3008436_se_16_060_20191129_20200114.tif
/hpc/group/borsuklab/csr33/object_detection/naip_tiles/m_2909546_ne_15_060_20201029.tif
/hpc/group/borsuklab/csr33/object_detection/naip_tiles/m_3807639_se_18_060_20210623.tif
/hpc/group/borsuklab/csr33/object_detection/naip_tiles/m_2909544_se_15_060_20201117.tif
/hpc/group/borsuklab/csr33/object_detection/naip_tiles/m_4406713_sw_19_060_20210711.tif
/hpc/group/borsuklab/csr33/object_detection/naip_tiles/m_3807616_sw_18_060_20210623.tif
/hpc/group/borsuklab/csr33/object_detection/naip_tiles/m_2709729_nw_14_060_20200430.tif
/hpc/group/borsuklab/csr33/object_detection/naip_tiles/m_4107024_se_19_060_20210826.tif
/hpc/group/borsuklab/csr33/object_detection/naip_tiles/m_2808238_sw_17_060_20211130.tif
/hpc/group/borsuklab/csr33/object_detection/naip_tiles/m_3311808_sw_11_060_20200505.tif
m_3807616_sw_18_060_20210623 320
m_2808238_sw_17_060_20211130 360
m_4107024_se_19_060_20210826 320
m_4406713_sw_19_060_20210711 315
m_2909544_se_15_060_20201117 360
m_3807639_se_18_060_20210623 320
m_4007317_se_18_060_20211105 320
m_3311808_sw_11_060_20200505 340
m_3507763_sw_18_060_20201031 357
m_3008436_se_16_060_20191129_20200114 360
m_2709729_nw_14_060_20200430 360
m_2908523_nw_16_060_20191118_20200114 360
m_2909546_ne_15_060_20201029 360
m_3109061_sw_15_030_20211120 1476
124.78274655342102
