load envirionment

/hpc/group/borsuklab/csr33/object_detection/naip_tiles/m_3211612_se_11_060_20200415.tif
/hpc/group/borsuklab/csr33/object_detection/naip_tiles/m_3208036_nw_17_060_20210507.tif
/hpc/group/borsuklab/csr33/object_detection/naip_tiles/m_4107325_sw_18_060_20211105.tif
/hpc/group/borsuklab/csr33/object_detection/naip_tiles/m_2909543_se_15_060_20201117.tif
/hpc/group/borsuklab/csr33/object_detection/naip_tiles/m_4406922_sw_19_060_20210904.tif
/hpc/group/borsuklab/csr33/object_detection/naip_tiles/m_3807747_ne_18_060_20210617.tif
/hpc/group/borsuklab/csr33/object_detection/naip_tiles/m_2608117_sw_17_060_20211223.tif
/hpc/group/borsuklab/csr33/object_detection/naip_tiles/m_3907426_se_18_060_20190730_20191209.tif
/hpc/group/borsuklab/csr33/object_detection/naip_tiles/m_3008546_se_16_060_20191118_20200114.tif
/hpc/group/borsuklab/csr33/object_detection/naip_tiles/m_3507652_nw_18_060_20201018.tif
/hpc/group/borsuklab/csr33/object_detection/naip_tiles/m_2909310_sw_15_060_20190726_20191001.tif
/hpc/group/borsuklab/csr33/object_detection/naip_tiles/m_3008743_ne_16_030_20211113.tif
/hpc/group/borsuklab/csr33/object_detection/naip_tiles/m_4606842_sw_19_060_20210817.tif
/hpc/group/borsuklab/csr33/object_detection/naip_tiles/m_3009044_se_15_060_20190831_20191001.tif
m_3008546_se_16_060_20191118_20200114 340
m_4606842_sw_19_060_20210817 300
m_4406922_sw_19_060_20210904 300
m_3907426_se_18_060_20190730_20191209 320
m_3211612_se_11_060_20200415 340
m_3807747_ne_18_060_20210617 320
m_4107325_sw_18_060_20211105 320
m_3507652_nw_18_060_20201018 340
m_2909310_sw_15_060_20190726_20191001 360
m_3208036_nw_17_060_20210507 340
m_2608117_sw_17_060_20211223 380
m_3009044_se_15_060_20190831_20191001 378
m_2909543_se_15_060_20201117 360
m_3008743_ne_16_030_20211113 1400
135.11712098121643
