load envirionment

/hpc/group/borsuklab/csr33/object_detection/naip_tiles/m_2809628_sw_14_060_20201029.tif
/hpc/group/borsuklab/csr33/object_detection/naip_tiles/m_2608019_sw_17_060_20191207_20200113.tif
/hpc/group/borsuklab/csr33/object_detection/naip_tiles/m_2908117_sw_17_060_20211129.tif
/hpc/group/borsuklab/csr33/object_detection/naip_tiles/m_2909510_sw_15_060_20201030.tif
/hpc/group/borsuklab/csr33/object_detection/naip_tiles/m_2909016_se_15_030_20211115.tif
/hpc/group/borsuklab/csr33/object_detection/naip_tiles/m_4207002_se_19_060_20210904.tif
/hpc/group/borsuklab/csr33/object_detection/naip_tiles/m_2608133_nw_17_060_20211223.tif
/hpc/group/borsuklab/csr33/object_detection/naip_tiles/m_3507642_ne_18_060_20201018.tif
/hpc/group/borsuklab/csr33/object_detection/naip_tiles/m_3008548_nw_16_060_20191128_20200114.tif
/hpc/group/borsuklab/csr33/object_detection/naip_tiles/m_3607650_se_18_060_20200516.tif
/hpc/group/borsuklab/csr33/object_detection/naip_tiles/m_4406954_sw_19_060_20210904.tif
/hpc/group/borsuklab/csr33/object_detection/naip_tiles/m_3009437_ne_15_060_20201112.tif
/hpc/group/borsuklab/csr33/object_detection/naip_tiles/m_3311714_nw_11_060_20200423.tif
/hpc/group/borsuklab/csr33/object_detection/naip_tiles/m_4406727_sw_19_060_20210907.tif
m_2608019_sw_17_060_20191207_20200113 360
m_2809628_sw_14_060_20201029 360
m_2908117_sw_17_060_20211129 360
m_3008548_nw_16_060_20191128_20200114 340
m_3507642_ne_18_060_20201018 340
m_4406727_sw_19_060_20210907 300
m_4406954_sw_19_060_20210904 300
m_4207002_se_19_060_20210904 336
m_3009437_ne_15_060_20201112 340
m_3311714_nw_11_060_20200423 340
m_3607650_se_18_060_20200516 357
m_2909510_sw_15_060_20201030 360
m_2608133_nw_17_060_20211223 380
m_2909016_se_15_030_20211115 1365
215.29596495628357
