load envirionment

/hpc/group/borsuklab/csr33/object_detection/naip_tiles/m_4207019_se_19_060_20210904.tif
/hpc/group/borsuklab/csr33/object_detection/naip_tiles/m_4406703_sw_19_060_20210907.tif
/hpc/group/borsuklab/csr33/object_detection/naip_tiles/m_3009231_ne_15_030_20211212.tif
/hpc/group/borsuklab/csr33/object_detection/naip_tiles/m_2808262_nw_17_060_20211130.tif
/hpc/group/borsuklab/csr33/object_detection/naip_tiles/m_3008953_nw_16_030_20211114.tif
/hpc/group/borsuklab/csr33/object_detection/naip_tiles/m_3707723_sw_18_060_20210912.tif
/hpc/group/borsuklab/csr33/object_detection/naip_tiles/m_3407612_ne_18_060_20201018.tif
/hpc/group/borsuklab/csr33/object_detection/naip_tiles/m_2909102_nw_15_060_20190706_20191001.tif
/hpc/group/borsuklab/csr33/object_detection/naip_tiles/m_4207117_ne_19_060_20211105.tif
/hpc/group/borsuklab/csr33/object_detection/naip_tiles/m_3411947_ne_11_060_20200521.tif
/hpc/group/borsuklab/csr33/object_detection/naip_tiles/m_3208012_se_17_060_20210426.tif
/hpc/group/borsuklab/csr33/object_detection/naip_tiles/m_3009062_ne_15_030_20211123.tif
/hpc/group/borsuklab/csr33/object_detection/naip_tiles/m_3207917_sw_17_060_20210426.tif
/hpc/group/borsuklab/csr33/object_detection/naip_tiles/m_3507705_ne_18_060_20200922.tif
m_3207917_sw_17_060_20210426 340
m_2808262_nw_17_060_20211130 360
m_4406703_sw_19_060_20210907 300
m_3411947_ne_11_060_20200521 340
m_3208012_se_17_060_20210426 340
m_2909102_nw_15_060_20190706_20191001 360
m_4207117_ne_19_060_20211105 320
m_3407612_ne_18_060_20201018 340
m_4207019_se_19_060_20210904 336
m_3507705_ne_18_060_20200922 340
m_3707723_sw_18_060_20210912 357
m_3009231_ne_15_030_20211212 1326
m_3009062_ne_15_030_20211123 1365
m_3008953_nw_16_030_20211114 1440
114.28650236129761
