load envirionment

/hpc/group/borsuklab/csr33/object_detection/naip_tiles/m_2909120_nw_15_060_20190706_20191001.tif
/hpc/group/borsuklab/csr33/object_detection/naip_tiles/m_3008240_se_17_060_20211129.tif
/hpc/group/borsuklab/csr33/object_detection/naip_tiles/m_3208020_se_17_060_20210426.tif
/hpc/group/borsuklab/csr33/object_detection/naip_tiles/m_3507748_se_18_060_20201031.tif
/hpc/group/borsuklab/csr33/object_detection/naip_tiles/m_2909429_se_15_060_20201116.tif
/hpc/group/borsuklab/csr33/object_detection/naip_tiles/m_2708144_ne_17_060_20191129_20200113.tif
/hpc/group/borsuklab/csr33/object_detection/naip_tiles/m_2508124_se_17_060_20211203.tif
/hpc/group/borsuklab/csr33/object_detection/naip_tiles/m_3411841_nw_11_060_20200521.tif
/hpc/group/borsuklab/csr33/object_detection/naip_tiles/m_4007539_ne_18_060_20191021_20191203.tif
/hpc/group/borsuklab/csr33/object_detection/naip_tiles/m_2909040_sw_15_030_20211115.tif
/hpc/group/borsuklab/csr33/object_detection/naip_tiles/m_4107341_sw_18_060_20211105.tif
/hpc/group/borsuklab/csr33/object_detection/naip_tiles/m_3008710_ne_16_030_20211112.tif
/hpc/group/borsuklab/csr33/object_detection/naip_tiles/m_3311728_sw_11_060_20200423.tif
/hpc/group/borsuklab/csr33/object_detection/naip_tiles/m_3907662_sw_18_060_20211020.tif
m_2708144_ne_17_060_20191129_20200113 360
m_4107341_sw_18_060_20211105 320
m_4007539_ne_18_060_20191021_20191203 320
m_3907662_sw_18_060_20211020 320
m_3208020_se_17_060_20210426 340
m_2909120_nw_15_060_20190706_20191001 360
m_3311728_sw_11_060_20200423 340
m_3008240_se_17_060_20211129 360
m_2508124_se_17_060_20211203 360
m_2909429_se_15_060_20201116 360
m_3411841_nw_11_060_20200521 340
m_3507748_se_18_060_20201031 357
m_3008710_ne_16_030_20211112 1400
m_2909040_sw_15_030_20211115 1365
121.60666489601135
