load envirionment

/hpc/group/borsuklab/csr33/object_detection/naip_tiles/m_3507631_ne_18_060_20201018.tif
/hpc/group/borsuklab/csr33/object_detection/naip_tiles/m_2908227_nw_17_060_20211129.tif
/hpc/group/borsuklab/csr33/object_detection/naip_tiles/m_3807545_se_18_060_20210605.tif
/hpc/group/borsuklab/csr33/object_detection/naip_tiles/m_3907635_ne_18_060_20210616.tif
/hpc/group/borsuklab/csr33/object_detection/naip_tiles/m_4207257_sw_18_060_20211106.tif
/hpc/group/borsuklab/csr33/object_detection/naip_tiles/m_4406944_se_19_060_20210904.tif
/hpc/group/borsuklab/csr33/object_detection/naip_tiles/m_3507708_se_18_060_20200922.tif
/hpc/group/borsuklab/csr33/object_detection/naip_tiles/m_2909501_ne_15_060_20201030.tif
/hpc/group/borsuklab/csr33/object_detection/naip_tiles/m_2909536_se_15_060_20201117.tif
/hpc/group/borsuklab/csr33/object_detection/naip_tiles/m_4506862_nw_19_060_20210929.tif
/hpc/group/borsuklab/csr33/object_detection/naip_tiles/m_2909532_ne_15_060_20201116.tif
/hpc/group/borsuklab/csr33/object_detection/naip_tiles/m_2908111_ne_17_060_20211129.tif
/hpc/group/borsuklab/csr33/object_detection/naip_tiles/m_3907644_nw_18_060_20210617.tif
/hpc/group/borsuklab/csr33/object_detection/naip_tiles/m_3707754_se_18_060_20210903.tif
m_4506862_nw_19_060_20210929 300
m_3907644_nw_18_060_20210617 320
m_3907635_ne_18_060_20210616 320
m_2909536_se_15_060_20201117 360
m_3807545_se_18_060_20210605 320
m_2909501_ne_15_060_20201030 360
m_4406944_se_19_060_20210904 300
m_3507708_se_18_060_20200922 357
m_4207257_sw_18_060_20211106 336
m_3507631_ne_18_060_20201018 340
m_3707754_se_18_060_20210903 357
m_2908227_nw_17_060_20211129 360
m_2909532_ne_15_060_20201116 360
m_2908111_ne_17_060_20211129 360
85.73862552642822
