load envirionment

/hpc/group/borsuklab/csr33/object_detection/naip_tiles/m_2809637_sw_14_060_20200501.tif
/hpc/group/borsuklab/csr33/object_detection/naip_tiles/m_2909424_se_15_060_20201102.tif
/hpc/group/borsuklab/csr33/object_detection/naip_tiles/m_3907762_sw_18_060_20210617.tif
/hpc/group/borsuklab/csr33/object_detection/naip_tiles/m_3607656_se_18_060_20200516.tif
/hpc/group/borsuklab/csr33/object_detection/naip_tiles/m_3907656_nw_18_060_20211101.tif
/hpc/group/borsuklab/csr33/object_detection/naip_tiles/m_3008735_nw_16_030_20211113.tif
/hpc/group/borsuklab/csr33/object_detection/naip_tiles/m_3807510_nw_18_060_20210618.tif
/hpc/group/borsuklab/csr33/object_detection/naip_tiles/m_2909428_ne_15_060_20201116.tif
/hpc/group/borsuklab/csr33/object_detection/naip_tiles/m_3009132_sw_15_030_20211119.tif
/hpc/group/borsuklab/csr33/object_detection/naip_tiles/m_3008806_se_16_030_20211112.tif
/hpc/group/borsuklab/csr33/object_detection/naip_tiles/m_4406704_se_19_060_20210907.tif
/hpc/group/borsuklab/csr33/object_detection/naip_tiles/m_4107220_nw_18_060_20211001.tif
/hpc/group/borsuklab/csr33/object_detection/naip_tiles/m_2608028_ne_17_060_20191207_20200113.tif
/hpc/group/borsuklab/csr33/object_detection/naip_tiles/m_3807532_sw_18_060_20210624.tif
m_3907656_nw_18_060_20211101 320
m_3807510_nw_18_060_20210618 320
m_4406704_se_19_060_20210907 315
m_3907762_sw_18_060_20210617 320
m_3807532_sw_18_060_20210624 320
m_2909428_ne_15_060_20201116 360
m_2809637_sw_14_060_20200501 360
m_4107220_nw_18_060_20211001 320
m_3607656_se_18_060_20200516 340
m_2909424_se_15_060_20201102 340
m_2608028_ne_17_060_20191207_20200113 360
m_3008735_nw_16_030_20211113 1400
m_3009132_sw_15_030_20211119 1326
m_3008806_se_16_030_20211112 1400
175.65889024734497
