load envirionment

/hpc/group/borsuklab/csr33/object_detection/naip_tiles/m_3507610_nw_18_060_20200922.tif
/hpc/group/borsuklab/csr33/object_detection/naip_tiles/m_3008622_sw_16_060_20191109_20200114.tif
/hpc/group/borsuklab/csr33/object_detection/naip_tiles/m_3009124_nw_15_030_20211114.tif
/hpc/group/borsuklab/csr33/object_detection/naip_tiles/m_3009349_nw_15_060_20201102.tif
/hpc/group/borsuklab/csr33/object_detection/naip_tiles/m_4107455_se_18_060_20211105.tif
/hpc/group/borsuklab/csr33/object_detection/naip_tiles/m_3507639_sw_18_060_20201018.tif
/hpc/group/borsuklab/csr33/object_detection/naip_tiles/m_3407831_ne_17_060_20200904.tif
/hpc/group/borsuklab/csr33/object_detection/naip_tiles/m_3008847_ne_16_030_20211113.tif
/hpc/group/borsuklab/csr33/object_detection/naip_tiles/m_3411956_se_11_060_20200524.tif
/hpc/group/borsuklab/csr33/object_detection/naip_tiles/m_4406942_sw_19_060_20210827.tif
/hpc/group/borsuklab/csr33/object_detection/naip_tiles/m_2909209_se_15_060_20190706_20191001.tif
/hpc/group/borsuklab/csr33/object_detection/naip_tiles/m_3208153_ne_17_060_20191109_20200102.tif
/hpc/group/borsuklab/csr33/object_detection/naip_tiles/m_3008922_nw_16_030_20211119.tif
/hpc/group/borsuklab/csr33/object_detection/naip_tiles/m_3407852_se_17_060_20200922.tif
m_3008622_sw_16_060_20191109_20200114 340
m_2909209_se_15_060_20190706_20191001 360
m_3411956_se_11_060_20200524 340
m_3507610_nw_18_060_20200922 340
m_3507639_sw_18_060_20201018 340
m_3407831_ne_17_060_20200904 340
m_3208153_ne_17_060_20191109_20200102 340
m_3407852_se_17_060_20200922 357
m_4406942_sw_19_060_20210827 300
m_4107455_se_18_060_20211105 320
m_3009349_nw_15_060_20201102 340
m_3009124_nw_15_030_20211114 1326
m_3008847_ne_16_030_20211113 1400
m_3008922_nw_16_030_20211119 1440
149.90366172790527
