load envirionment

/hpc/group/borsuklab/csr33/object_detection/naip_tiles/m_3009124_se_15_030_20211119.tif
/hpc/group/borsuklab/csr33/object_detection/naip_tiles/m_3507759_se_18_060_20200930.tif
/hpc/group/borsuklab/csr33/object_detection/naip_tiles/m_2809657_ne_14_060_20201116.tif
/hpc/group/borsuklab/csr33/object_detection/naip_tiles/m_4406840_sw_19_060_20210901.tif
/hpc/group/borsuklab/csr33/object_detection/naip_tiles/m_4107310_se_18_060_20211105.tif
/hpc/group/borsuklab/csr33/object_detection/naip_tiles/m_3008628_ne_16_060_20191109_20200114.tif
/hpc/group/borsuklab/csr33/object_detection/naip_tiles/m_3108763_sw_16_030_20211115.tif
/hpc/group/borsuklab/csr33/object_detection/naip_tiles/m_3311628_ne_11_060_20200415.tif
/hpc/group/borsuklab/csr33/object_detection/naip_tiles/m_4306909_nw_19_060_20211006.tif
/hpc/group/borsuklab/csr33/object_detection/naip_tiles/m_2608111_ne_17_060_20191129_20200113.tif
/hpc/group/borsuklab/csr33/object_detection/naip_tiles/m_2809614_nw_14_060_20200501.tif
/hpc/group/borsuklab/csr33/object_detection/naip_tiles/m_3208148_se_17_060_20210507.tif
/hpc/group/borsuklab/csr33/object_detection/naip_tiles/m_2809724_se_14_060_20201029.tif
/hpc/group/borsuklab/csr33/object_detection/naip_tiles/m_3507611_nw_18_060_20201001.tif
m_3008628_ne_16_060_20191109_20200114 340
m_4306909_nw_19_060_20211006 300
m_3311628_ne_11_060_20200415 340
m_4406840_sw_19_060_20210901 300
m_3507759_se_18_060_20200930 357
m_3507611_nw_18_060_20201001 340
m_3208148_se_17_060_20210507 340
m_2809724_se_14_060_20201029 360
m_4107310_se_18_060_20211105 320
m_2809614_nw_14_060_20200501 360
m_2809657_ne_14_060_20201116 360
m_2608111_ne_17_060_20191129_20200113 360
m_3009124_se_15_030_20211119 1326
m_3108763_sw_16_030_20211115 1400
227.98465776443481
