load envirionment

/hpc/group/borsuklab/csr33/object_detection/naip_tiles/m_3507652_ne_18_060_20201018.tif
/hpc/group/borsuklab/csr33/object_detection/naip_tiles/m_3307958_nw_17_060_20210508.tif
/hpc/group/borsuklab/csr33/object_detection/naip_tiles/m_4107338_se_18_060_20211103.tif
/hpc/group/borsuklab/csr33/object_detection/naip_tiles/m_2808261_se_17_060_20211130.tif
/hpc/group/borsuklab/csr33/object_detection/naip_tiles/m_3307946_nw_17_060_20210501.tif
/hpc/group/borsuklab/csr33/object_detection/naip_tiles/m_2709704_ne_14_060_20200430.tif
/hpc/group/borsuklab/csr33/object_detection/naip_tiles/m_3807526_se_18_060_20210618.tif
/hpc/group/borsuklab/csr33/object_detection/naip_tiles/m_3008627_nw_16_060_20191109_20200114.tif
/hpc/group/borsuklab/csr33/object_detection/naip_tiles/m_3311710_sw_11_060_20200424.tif
/hpc/group/borsuklab/csr33/object_detection/naip_tiles/m_3807713_ne_18_060_20210910.tif
/hpc/group/borsuklab/csr33/object_detection/naip_tiles/m_3308039_sw_17_060_20210501.tif
/hpc/group/borsuklab/csr33/object_detection/naip_tiles/m_4307022_sw_19_060_20210722.tif
/hpc/group/borsuklab/csr33/object_detection/naip_tiles/m_3507755_se_18_060_20200930.tif
/hpc/group/borsuklab/csr33/object_detection/naip_tiles/m_2908260_sw_17_060_20211129.tif
m_3008627_nw_16_060_20191109_20200114 340
m_3507652_ne_18_060_20201018 340
m_4307022_sw_19_060_20210722 320
m_3307946_nw_17_060_20210501 340
m_3311710_sw_11_060_20200424 340
m_3307958_nw_17_060_20210508 340
m_2709704_ne_14_060_20200430 360
m_3507755_se_18_060_20200930 357
m_2908260_sw_17_060_20211129 360
m_3807526_se_18_060_20210618 320
m_3308039_sw_17_060_20210501 340
m_4107338_se_18_060_20211103 336
m_3807713_ne_18_060_20210910 340
m_2808261_se_17_060_20211130 360
85.30029392242432
