load envirionment

/hpc/group/borsuklab/csr33/object_detection/naip_tiles/m_2909416_se_15_060_20201102.tif
/hpc/group/borsuklab/csr33/object_detection/naip_tiles/m_2909422_se_15_060_20201112.tif
/hpc/group/borsuklab/csr33/object_detection/naip_tiles/m_2608129_nw_17_060_20191130_20200113.tif
/hpc/group/borsuklab/csr33/object_detection/naip_tiles/m_3507750_se_18_060_20200904.tif
/hpc/group/borsuklab/csr33/object_detection/naip_tiles/m_3607541_sw_18_060_20200516.tif
/hpc/group/borsuklab/csr33/object_detection/naip_tiles/m_4107023_nw_19_060_20210826.tif
/hpc/group/borsuklab/csr33/object_detection/naip_tiles/m_3211629_ne_11_060_20200415.tif
/hpc/group/borsuklab/csr33/object_detection/naip_tiles/m_3407742_nw_18_060_20200904.tif
/hpc/group/borsuklab/csr33/object_detection/naip_tiles/m_2909126_sw_15_060_20190706_20191001.tif
/hpc/group/borsuklab/csr33/object_detection/naip_tiles/m_3108863_se_16_030_20211120.tif
/hpc/group/borsuklab/csr33/object_detection/naip_tiles/m_3008821_ne_16_030_20211119.tif
/hpc/group/borsuklab/csr33/object_detection/naip_tiles/m_3311764_se_11_060_20200428.tif
/hpc/group/borsuklab/csr33/object_detection/naip_tiles/m_2609725_ne_14_060_20200503.tif
/hpc/group/borsuklab/csr33/object_detection/naip_tiles/m_4107125_sw_19_060_20210926.tif
m_4107023_nw_19_060_20210826 320
m_2909416_se_15_060_20201102 340
m_3607541_sw_18_060_20200516 340
m_2608129_nw_17_060_20191130_20200113 360
m_4107125_sw_19_060_20210926 336
m_2909422_se_15_060_20201112 340
m_3211629_ne_11_060_20200415 340
m_3507750_se_18_060_20200904 357
m_3407742_nw_18_060_20200904 360
m_2909126_sw_15_060_20190706_20191001 360
m_3311764_se_11_060_20200428 340
m_2609725_ne_14_060_20200503 360
m_3008821_ne_16_030_20211119 1400
m_3108863_se_16_030_20211120 1400
121.49113965034485
