load envirionment

/hpc/group/borsuklab/csr33/object_detection/naip_tiles/m_2909313_nw_15_060_20190726_20191001.tif
/hpc/group/borsuklab/csr33/object_detection/naip_tiles/m_3807529_se_18_060_20211019.tif
/hpc/group/borsuklab/csr33/object_detection/naip_tiles/m_4107120_nw_19_060_20210826.tif
/hpc/group/borsuklab/csr33/object_detection/naip_tiles/m_3109159_se_15_030_20211130.tif
/hpc/group/borsuklab/csr33/object_detection/naip_tiles/m_2609733_se_14_060_20200503.tif
/hpc/group/borsuklab/csr33/object_detection/naip_tiles/m_3311650_se_11_060_20200415.tif
/hpc/group/borsuklab/csr33/object_detection/naip_tiles/m_4207143_ne_19_060_20210826.tif
/hpc/group/borsuklab/csr33/object_detection/naip_tiles/m_2708134_ne_17_060_20211202.tif
/hpc/group/borsuklab/csr33/object_detection/naip_tiles/m_3807512_nw_18_060_20211019.tif
/hpc/group/borsuklab/csr33/object_detection/naip_tiles/m_3108761_sw_16_030_20211115.tif
/hpc/group/borsuklab/csr33/object_detection/naip_tiles/m_3407742_ne_18_060_20200904.tif
/hpc/group/borsuklab/csr33/object_detection/naip_tiles/m_3009036_se_15_060_20190726_20191001.tif
/hpc/group/borsuklab/csr33/object_detection/naip_tiles/m_3407619_nw_18_060_20201031.tif
/hpc/group/borsuklab/csr33/object_detection/naip_tiles/m_2908209_nw_17_060_20211130.tif
m_2908209_nw_17_060_20211130 360
m_4107120_nw_19_060_20210826 320
m_3009036_se_15_060_20190726_20191001 378
m_3807529_se_18_060_20211019 320
m_3407742_ne_18_060_20200904 340
m_3311650_se_11_060_20200415 340
m_3407619_nw_18_060_20201031 340
m_3807512_nw_18_060_20211019 320
m_4207143_ne_19_060_20210826 320
m_2909313_nw_15_060_20190726_20191001 360
m_2708134_ne_17_060_20211202 360
m_2609733_se_14_060_20200503 360
m_3109159_se_15_030_20211130 1400
m_3108761_sw_16_030_20211115 1400
118.76464819908142
