load envirionment

/hpc/group/borsuklab/csr33/object_detection/naip_tiles/m_3907541_nw_18_060_20211101.tif
/hpc/group/borsuklab/csr33/object_detection/naip_tiles/m_3008918_se_16_030_20211119.tif
/hpc/group/borsuklab/csr33/object_detection/naip_tiles/m_3907748_sw_18_060_20210616.tif
/hpc/group/borsuklab/csr33/object_detection/naip_tiles/m_2508022_sw_17_060_20191126_20200113.tif
/hpc/group/borsuklab/csr33/object_detection/naip_tiles/m_3407830_ne_17_060_20201102.tif
/hpc/group/borsuklab/csr33/object_detection/naip_tiles/m_3807730_sw_18_060_20210910.tif
/hpc/group/borsuklab/csr33/object_detection/naip_tiles/m_3008957_sw_16_030_20211116.tif
/hpc/group/borsuklab/csr33/object_detection/naip_tiles/m_2709749_ne_14_060_20200501.tif
/hpc/group/borsuklab/csr33/object_detection/naip_tiles/m_2909222_ne_15_060_20190706_20191001.tif
/hpc/group/borsuklab/csr33/object_detection/naip_tiles/m_3707754_ne_18_060_20210903.tif
/hpc/group/borsuklab/csr33/object_detection/naip_tiles/m_4306907_ne_19_060_20210907.tif
/hpc/group/borsuklab/csr33/object_detection/naip_tiles/m_4207127_ne_19_060_20211105.tif
/hpc/group/borsuklab/csr33/object_detection/naip_tiles/m_4207351_sw_18_060_20211107.tif
/hpc/group/borsuklab/csr33/object_detection/naip_tiles/m_3507648_nw_18_060_20201018.tif
m_4306907_ne_19_060_20210907 300
m_3807730_sw_18_060_20210910 357
m_3907541_nw_18_060_20211101 320
m_4207127_ne_19_060_20211105 320
m_4207351_sw_18_060_20211107 320
m_3407830_ne_17_060_20201102 340
m_3907748_sw_18_060_20210616 320
m_3707754_ne_18_060_20210903 340
m_3507648_nw_18_060_20201018 340
m_2909222_ne_15_060_20190706_20191001 360
m_2709749_ne_14_060_20200501 360
m_2508022_sw_17_060_20191126_20200113 360
m_3008957_sw_16_030_20211116 1365
m_3008918_se_16_030_20211119 1435
194.6900336742401
