load envirionment

/hpc/group/borsuklab/csr33/object_detection/naip_tiles/m_3407861_ne_17_060_20200922.tif
/hpc/group/borsuklab/csr33/object_detection/naip_tiles/m_2608010_nw_17_060_20191130_20200113.tif
/hpc/group/borsuklab/csr33/object_detection/naip_tiles/m_3907506_sw_18_060_20191019_20191203.tif
/hpc/group/borsuklab/csr33/object_detection/naip_tiles/m_4406703_nw_19_060_20210907.tif
/hpc/group/borsuklab/csr33/object_detection/naip_tiles/m_4307025_se_19_060_20211007.tif
/hpc/group/borsuklab/csr33/object_detection/naip_tiles/m_3507526_nw_18_060_20201018.tif
/hpc/group/borsuklab/csr33/object_detection/naip_tiles/m_2908104_nw_17_060_20211129.tif
/hpc/group/borsuklab/csr33/object_detection/naip_tiles/m_3507759_ne_18_060_20200930.tif
/hpc/group/borsuklab/csr33/object_detection/naip_tiles/m_2809749_se_14_060_20201116.tif
/hpc/group/borsuklab/csr33/object_detection/naip_tiles/m_2809650_ne_14_060_20201029.tif
/hpc/group/borsuklab/csr33/object_detection/naip_tiles/m_3009027_ne_15_030_20211120.tif
/hpc/group/borsuklab/csr33/object_detection/naip_tiles/m_4307010_se_19_060_20211007.tif
/hpc/group/borsuklab/csr33/object_detection/naip_tiles/m_3008904_nw_16_030_20211115.tif
/hpc/group/borsuklab/csr33/object_detection/naip_tiles/m_2608112_se_17_060_20191129_20200113.tif
m_4406703_nw_19_060_20210907 300
m_3407861_ne_17_060_20200922 340
m_4307025_se_19_060_20211007 336
m_2608010_nw_17_060_20191130_20200113 360
m_2608112_se_17_060_20191129_20200113 360
m_3907506_sw_18_060_20191019_20191203 320
m_3507526_nw_18_060_20201018 340
m_4307010_se_19_060_20211007 315
m_2809749_se_14_060_20201116 360
m_2809650_ne_14_060_20201029 360
m_3507759_ne_18_060_20200930 340
m_2908104_nw_17_060_20211129 360
m_3009027_ne_15_030_20211120 1365
m_3008904_nw_16_030_20211115 1440
129.13302373886108
