load envirionment

/hpc/group/borsuklab/csr33/object_detection/naip_tiles/m_3008637_se_16_060_20191109_20200114.tif
/hpc/group/borsuklab/csr33/object_detection/naip_tiles/m_3211605_se_11_060_20200415.tif
/hpc/group/borsuklab/csr33/object_detection/naip_tiles/m_3008801_se_16_030_20211112.tif
/hpc/group/borsuklab/csr33/object_detection/naip_tiles/m_3009549_se_15_060_20201030.tif
/hpc/group/borsuklab/csr33/object_detection/naip_tiles/m_3208160_nw_17_060_20191109_20200102.tif
/hpc/group/borsuklab/csr33/object_detection/naip_tiles/m_3311660_ne_11_060_20200415.tif
/hpc/group/borsuklab/csr33/object_detection/naip_tiles/m_3807510_sw_18_060_20210618.tif
/hpc/group/borsuklab/csr33/object_detection/naip_tiles/m_2909223_se_15_060_20190905_20191001.tif
/hpc/group/borsuklab/csr33/object_detection/naip_tiles/m_3307906_sw_17_060_20210501.tif
/hpc/group/borsuklab/csr33/object_detection/naip_tiles/m_2809626_ne_14_060_20201029.tif
/hpc/group/borsuklab/csr33/object_detection/naip_tiles/m_4307031_sw_19_060_20211007.tif
/hpc/group/borsuklab/csr33/object_detection/naip_tiles/m_3607756_nw_18_060_20200922.tif
/hpc/group/borsuklab/csr33/object_detection/naip_tiles/m_3008525_ne_16_060_20191109_20200114.tif
/hpc/group/borsuklab/csr33/object_detection/naip_tiles/m_2808028_nw_17_060_20191130_20200113.tif
m_3807510_sw_18_060_20210618 320
m_3008525_ne_16_060_20191109_20200114 340
m_3211605_se_11_060_20200415 340
m_3008637_se_16_060_20191109_20200114 340
m_3311660_ne_11_060_20200415 340
m_2909223_se_15_060_20190905_20191001 360
m_4307031_sw_19_060_20211007 320
m_2809626_ne_14_060_20201029 360
m_3009549_se_15_060_20201030 360
m_3208160_nw_17_060_20191109_20200102 340
m_3307906_sw_17_060_20210501 340
m_3607756_nw_18_060_20200922 340
m_2808028_nw_17_060_20191130_20200113 360
m_3008801_se_16_030_20211112 1435
189.25271558761597
