load envirionment

/hpc/group/borsuklab/csr33/object_detection/naip_tiles/m_2809641_ne_14_060_20201116.tif
/hpc/group/borsuklab/csr33/object_detection/naip_tiles/m_3907537_nw_18_060_20190726_20191209.tif
/hpc/group/borsuklab/csr33/object_detection/naip_tiles/m_3507736_ne_18_060_20200930.tif
/hpc/group/borsuklab/csr33/object_detection/naip_tiles/m_3807622_ne_18_060_20211020.tif
/hpc/group/borsuklab/csr33/object_detection/naip_tiles/m_3308049_se_17_060_20210421.tif
/hpc/group/borsuklab/csr33/object_detection/naip_tiles/m_2809708_nw_14_060_20201029.tif
/hpc/group/borsuklab/csr33/object_detection/naip_tiles/m_3807739_ne_18_060_20210617.tif
/hpc/group/borsuklab/csr33/object_detection/naip_tiles/m_2609702_ne_14_060_20200501.tif
/hpc/group/borsuklab/csr33/object_detection/naip_tiles/m_3507720_se_18_060_20200930.tif
/hpc/group/borsuklab/csr33/object_detection/naip_tiles/m_3108113_se_17_060_20191110_20200102.tif
/hpc/group/borsuklab/csr33/object_detection/naip_tiles/m_3311716_nw_11_060_20200422.tif
/hpc/group/borsuklab/csr33/object_detection/naip_tiles/m_3208023_sw_17_060_20210426.tif
/hpc/group/borsuklab/csr33/object_detection/naip_tiles/m_2909221_nw_15_060_20190706_20191001.tif
/hpc/group/borsuklab/csr33/object_detection/naip_tiles/m_2809634_sw_14_060_20201029.tif
m_3807739_ne_18_060_20210617 320
m_2809634_sw_14_060_20201029 360
m_3311716_nw_11_060_20200422 340
m_3108113_se_17_060_20191110_20200102 340
m_3807622_ne_18_060_20211020 320
m_2809708_nw_14_060_20201029 360
m_2609702_ne_14_060_20200501 360
m_3907537_nw_18_060_20190726_20191209 320
m_3507736_ne_18_060_20200930 340
m_3308049_se_17_060_20210421 340
m_2909221_nw_15_060_20190706_20191001 360
m_2809641_ne_14_060_20201116 360
m_3208023_sw_17_060_20210426 340
m_3507720_se_18_060_20200930 357
94.00555610656738
