load envirionment

/hpc/group/borsuklab/csr33/object_detection/naip_tiles/m_2909502_nw_15_060_20201030.tif
/hpc/group/borsuklab/csr33/object_detection/naip_tiles/m_3208018_sw_17_060_20210426.tif
/hpc/group/borsuklab/csr33/object_detection/naip_tiles/m_3907506_ne_18_060_20191019_20191203.tif
/hpc/group/borsuklab/csr33/object_detection/naip_tiles/m_3211622_sw_11_060_20200415.tif
/hpc/group/borsuklab/csr33/object_detection/naip_tiles/m_3008340_se_17_060_20211117.tif
/hpc/group/borsuklab/csr33/object_detection/naip_tiles/m_3008735_ne_16_030_20211113.tif
/hpc/group/borsuklab/csr33/object_detection/naip_tiles/m_3707662_ne_18_060_20210913.tif
/hpc/group/borsuklab/csr33/object_detection/naip_tiles/m_3008806_nw_16_030_20211123.tif
/hpc/group/borsuklab/csr33/object_detection/naip_tiles/m_2709730_se_14_060_20200430.tif
/hpc/group/borsuklab/csr33/object_detection/naip_tiles/m_3807501_ne_18_060_20210606.tif
/hpc/group/borsuklab/csr33/object_detection/naip_tiles/m_4506962_nw_19_060_20210816.tif
/hpc/group/borsuklab/csr33/object_detection/naip_tiles/m_3407734_nw_18_060_20200904.tif
/hpc/group/borsuklab/csr33/object_detection/naip_tiles/m_3707635_se_18_060_20210827.tif
/hpc/group/borsuklab/csr33/object_detection/naip_tiles/m_4606844_ne_19_060_20210817.tif
m_4606844_ne_19_060_20210817 300
m_3407734_nw_18_060_20200904 360
m_3208018_sw_17_060_20210426 340
m_2909502_nw_15_060_20201030 360
m_3008340_se_17_060_20211117 378
m_2709730_se_14_060_20200430 360
m_3707635_se_18_060_20210827 357
m_4506962_nw_19_060_20210816 300
m_3807501_ne_18_060_20210606 320
m_3707662_ne_18_060_20210913 340
m_3907506_ne_18_060_20191019_20191203 320
m_3211622_sw_11_060_20200415 340
m_3008806_nw_16_030_20211123 1400
m_3008735_ne_16_030_20211113 1400
160.25177645683289
