load envirionment

/hpc/group/borsuklab/csr33/object_detection/naip_tiles/m_2809645_ne_14_060_20200501.tif
/hpc/group/borsuklab/csr33/object_detection/naip_tiles/m_3311625_ne_11_060_20200415.tif
/hpc/group/borsuklab/csr33/object_detection/naip_tiles/m_2708125_se_17_060_20211202.tif
/hpc/group/borsuklab/csr33/object_detection/naip_tiles/m_2808212_nw_17_060_20211130.tif
/hpc/group/borsuklab/csr33/object_detection/naip_tiles/m_3308056_nw_17_060_20210501.tif
/hpc/group/borsuklab/csr33/object_detection/naip_tiles/m_3008334_nw_17_060_20191113_20200114.tif
/hpc/group/borsuklab/csr33/object_detection/naip_tiles/m_2708051_ne_17_060_20191215_20200113.tif
/hpc/group/borsuklab/csr33/object_detection/naip_tiles/m_4307005_sw_19_060_20211007.tif
/hpc/group/borsuklab/csr33/object_detection/naip_tiles/m_4107352_se_18_060_20211106.tif
/hpc/group/borsuklab/csr33/object_detection/naip_tiles/m_3311650_ne_11_060_20200415.tif
/hpc/group/borsuklab/csr33/object_detection/naip_tiles/m_3009324_sw_15_060_20190904_20191001.tif
/hpc/group/borsuklab/csr33/object_detection/naip_tiles/m_3311736_se_11_060_20200520.tif
/hpc/group/borsuklab/csr33/object_detection/naip_tiles/m_3211620_sw_11_060_20200415.tif
/hpc/group/borsuklab/csr33/object_detection/naip_tiles/m_3308053_ne_17_060_20210501.tif
m_4307005_sw_19_060_20211007 336
m_3308056_nw_17_060_20210501 340
m_3008334_nw_17_060_20191113_20200114 360
m_2808212_nw_17_060_20211130 360
m_3311650_ne_11_060_20200415 340
m_4107352_se_18_060_20211106 336
m_2708051_ne_17_060_20191215_20200113 360
m_2809645_ne_14_060_20200501 360
m_3211620_sw_11_060_20200415 340
m_3009324_sw_15_060_20190904_20191001 360
m_3311736_se_11_060_20200520 340
m_3311625_ne_11_060_20200415 340
m_3308053_ne_17_060_20210501 340
m_2708125_se_17_060_20211202 360
130.6151828765869
