load envirionment

/hpc/group/borsuklab/csr33/object_detection/naip_tiles/m_2508132_ne_17_060_20211203.tif
/hpc/group/borsuklab/csr33/object_detection/naip_tiles/m_3008157_ne_17_060_20211129.tif
/hpc/group/borsuklab/csr33/object_detection/naip_tiles/m_2508014_ne_17_060_20211207.tif
/hpc/group/borsuklab/csr33/object_detection/naip_tiles/m_2908253_nw_17_060_20211129.tif
/hpc/group/borsuklab/csr33/object_detection/naip_tiles/m_3008451_nw_16_060_20191128_20200114.tif
/hpc/group/borsuklab/csr33/object_detection/naip_tiles/m_3807561_ne_18_060_20210605.tif
/hpc/group/borsuklab/csr33/object_detection/naip_tiles/m_2909104_se_15_060_20190706_20191001.tif
/hpc/group/borsuklab/csr33/object_detection/naip_tiles/m_3108752_sw_16_030_20211115.tif
/hpc/group/borsuklab/csr33/object_detection/naip_tiles/m_4207453_ne_18_060_20211110.tif
/hpc/group/borsuklab/csr33/object_detection/naip_tiles/m_3407844_nw_17_060_20200922.tif
/hpc/group/borsuklab/csr33/object_detection/naip_tiles/m_3407719_ne_18_060_20200930.tif
/hpc/group/borsuklab/csr33/object_detection/naip_tiles/m_2909034_sw_15_060_20190831_20191001.tif
/hpc/group/borsuklab/csr33/object_detection/naip_tiles/m_3607637_se_18_060_20201001.tif
/hpc/group/borsuklab/csr33/object_detection/naip_tiles/m_4007420_nw_18_060_20190830_20191209.tif
m_3407719_ne_18_060_20200930 340
m_2908253_nw_17_060_20211129 360
m_3607637_se_18_060_20201001 340
m_3807561_ne_18_060_20210605 320
m_2508014_ne_17_060_20211207 360
m_4007420_nw_18_060_20190830_20191209 300
m_2508132_ne_17_060_20211203 360
m_4207453_ne_18_060_20211110 320
m_2909104_se_15_060_20190706_20191001 360
m_3008451_nw_16_060_20191128_20200114 360
m_3407844_nw_17_060_20200922 360
m_2909034_sw_15_060_20190831_20191001 378
m_3008157_ne_17_060_20211129 360
m_3108752_sw_16_030_20211115 1400
189.3059012889862
