load envirionment

/hpc/group/borsuklab/csr33/object_detection/naip_tiles/m_2909055_ne_15_030_20211123.tif
/hpc/group/borsuklab/csr33/object_detection/naip_tiles/m_2708157_sw_17_060_20211204.tif
/hpc/group/borsuklab/csr33/object_detection/naip_tiles/m_3009206_ne_15_030_20211222.tif
/hpc/group/borsuklab/csr33/object_detection/naip_tiles/m_3008610_nw_16_060_20191109_20200114.tif
/hpc/group/borsuklab/csr33/object_detection/naip_tiles/m_4207129_nw_19_060_20211024.tif
/hpc/group/borsuklab/csr33/object_detection/naip_tiles/m_3009110_sw_15_030_20211113.tif
/hpc/group/borsuklab/csr33/object_detection/naip_tiles/m_4007531_se_18_060_20191024_20191203.tif
/hpc/group/borsuklab/csr33/object_detection/naip_tiles/m_4107118_ne_19_060_20210926.tif
/hpc/group/borsuklab/csr33/object_detection/naip_tiles/m_2909536_ne_15_060_20201117.tif
/hpc/group/borsuklab/csr33/object_detection/naip_tiles/m_3807517_se_18_060_20210618.tif
/hpc/group/borsuklab/csr33/object_detection/naip_tiles/m_3807631_se_18_060_20210623.tif
/hpc/group/borsuklab/csr33/object_detection/naip_tiles/m_3407818_se_17_060_20200603.tif
/hpc/group/borsuklab/csr33/object_detection/naip_tiles/m_3311620_se_11_060_20200416.tif
/hpc/group/borsuklab/csr33/object_detection/naip_tiles/m_4107114_se_19_060_20210826.tif
m_4107118_ne_19_060_20210926 320
m_2909536_ne_15_060_20201117 360
m_3807631_se_18_060_20210623 320
m_4207129_nw_19_060_20211024 320
m_3807517_se_18_060_20210618 320
m_4007531_se_18_060_20191024_20191203 320
m_3407818_se_17_060_20200603 357
m_2708157_sw_17_060_20211204 360
m_3311620_se_11_060_20200416 340
m_4107114_se_19_060_20210826 336
m_3008610_nw_16_060_20191109_20200114 340
m_3009206_ne_15_030_20211222 1326
m_3009110_sw_15_030_20211113 1326
m_2909055_ne_15_030_20211123 1365
134.43684339523315
