load envirionment

/hpc/group/borsuklab/csr33/object_detection/naip_tiles/m_2609714_nw_14_060_20201029.tif
/hpc/group/borsuklab/csr33/object_detection/naip_tiles/m_3707619_ne_18_060_20210926.tif
/hpc/group/borsuklab/csr33/object_detection/naip_tiles/m_3707606_se_18_060_20210926.tif
/hpc/group/borsuklab/csr33/object_detection/naip_tiles/m_2909041_se_15_060_20190830_20191001.tif
/hpc/group/borsuklab/csr33/object_detection/naip_tiles/m_3807721_sw_18_060_20210903.tif
/hpc/group/borsuklab/csr33/object_detection/naip_tiles/m_2808002_sw_17_060_20211130.tif
/hpc/group/borsuklab/csr33/object_detection/naip_tiles/m_3507621_se_18_060_20200922.tif
/hpc/group/borsuklab/csr33/object_detection/naip_tiles/m_3009025_nw_15_030_20211119.tif
/hpc/group/borsuklab/csr33/object_detection/naip_tiles/m_4207108_nw_19_060_20211024.tif
/hpc/group/borsuklab/csr33/object_detection/naip_tiles/m_4406727_se_19_060_20210907.tif
/hpc/group/borsuklab/csr33/object_detection/naip_tiles/m_3411909_se_11_060_20200523.tif
/hpc/group/borsuklab/csr33/object_detection/naip_tiles/m_4107047_sw_19_060_20210826.tif
/hpc/group/borsuklab/csr33/object_detection/naip_tiles/m_3807559_se_18_060_20210605.tif
/hpc/group/borsuklab/csr33/object_detection/naip_tiles/m_3009359_ne_15_060_20190726_20191001.tif
m_3507621_se_18_060_20200922 340
m_4406727_se_19_060_20210907 300
m_3807559_se_18_060_20210605 320
m_3707606_se_18_060_20210926 340
m_4107047_sw_19_060_20210826 320
m_4207108_nw_19_060_20211024 320
m_2609714_nw_14_060_20201029 360
m_3009359_ne_15_060_20190726_20191001 360
m_3411909_se_11_060_20200523 340
m_3707619_ne_18_060_20210926 340
m_2808002_sw_17_060_20211130 360
m_3807721_sw_18_060_20210903 357
m_2909041_se_15_060_20190830_20191001 378
m_3009025_nw_15_030_20211119 1326
128.02993369102478
