load envirionment

/hpc/group/borsuklab/csr33/object_detection/naip_tiles/m_3108144_ne_17_060_20211203.tif
/hpc/group/borsuklab/csr33/object_detection/naip_tiles/m_3807527_se_18_060_20211019.tif
/hpc/group/borsuklab/csr33/object_detection/naip_tiles/m_3807613_nw_18_060_20211020.tif
/hpc/group/borsuklab/csr33/object_detection/naip_tiles/m_3507644_se_18_060_20201018.tif
/hpc/group/borsuklab/csr33/object_detection/naip_tiles/m_3907547_se_18_060_20190726_20191209.tif
/hpc/group/borsuklab/csr33/object_detection/naip_tiles/m_2908521_ne_16_060_20191118_20200114.tif
/hpc/group/borsuklab/csr33/object_detection/naip_tiles/m_4106941_sw_19_060_20210826.tif
/hpc/group/borsuklab/csr33/object_detection/naip_tiles/m_3407841_sw_17_060_20200603.tif
/hpc/group/borsuklab/csr33/object_detection/naip_tiles/m_2809635_ne_14_060_20201029.tif
/hpc/group/borsuklab/csr33/object_detection/naip_tiles/m_2909313_se_15_060_20190726_20191001.tif
/hpc/group/borsuklab/csr33/object_detection/naip_tiles/m_4506735_nw_19_060_20210815.tif
/hpc/group/borsuklab/csr33/object_detection/naip_tiles/m_3008542_ne_16_060_20191109_20200114.tif
/hpc/group/borsuklab/csr33/object_detection/naip_tiles/m_3507721_ne_18_060_20200930.tif
/hpc/group/borsuklab/csr33/object_detection/naip_tiles/m_3507658_sw_18_060_20201031.tif
m_2809635_ne_14_060_20201029 360
m_3907547_se_18_060_20190726_20191209 320
m_4106941_sw_19_060_20210826 320
m_4506735_nw_19_060_20210815 300
m_3807527_se_18_060_20211019 320
m_3507644_se_18_060_20201018 340
m_3807613_nw_18_060_20211020 320
m_3507721_ne_18_060_20200930 340
m_3008542_ne_16_060_20191109_20200114 340
m_2909313_se_15_060_20190726_20191001 360
m_3507658_sw_18_060_20201031 357
m_2908521_ne_16_060_20191118_20200114 360
m_3407841_sw_17_060_20200603 378
m_3108144_ne_17_060_20211203 340
87.26894068717957
