load envirionment

/hpc/group/borsuklab/csr33/object_detection/naip_tiles/m_3008353_se_17_060_20211130.tif
/hpc/group/borsuklab/csr33/object_detection/naip_tiles/m_2808019_nw_17_060_20191130_20200113.tif
/hpc/group/borsuklab/csr33/object_detection/naip_tiles/m_3707660_ne_18_060_20210926.tif
/hpc/group/borsuklab/csr33/object_detection/naip_tiles/m_3407711_se_18_060_20200904.tif
/hpc/group/borsuklab/csr33/object_detection/naip_tiles/m_2808222_nw_17_060_20211130.tif
/hpc/group/borsuklab/csr33/object_detection/naip_tiles/m_3311614_nw_11_060_20200416.tif
/hpc/group/borsuklab/csr33/object_detection/naip_tiles/m_2908944_ne_16_030_20211202.tif
/hpc/group/borsuklab/csr33/object_detection/naip_tiles/m_3407955_se_17_060_20210508.tif
/hpc/group/borsuklab/csr33/object_detection/naip_tiles/m_4007444_se_18_060_20190830_20191209.tif
/hpc/group/borsuklab/csr33/object_detection/naip_tiles/m_3008149_sw_17_060_20211202.tif
/hpc/group/borsuklab/csr33/object_detection/naip_tiles/m_3008648_se_16_060_20191109_20200114.tif
/hpc/group/borsuklab/csr33/object_detection/naip_tiles/m_3008837_nw_16_030_20211113.tif
/hpc/group/borsuklab/csr33/object_detection/naip_tiles/m_3108862_nw_16_030_20211123.tif
/hpc/group/borsuklab/csr33/object_detection/naip_tiles/m_4107316_se_18_060_20211106.tif
m_2808019_nw_17_060_20191130_20200113 340
m_3311614_nw_11_060_20200416 340
m_4007444_se_18_060_20190830_20191209 300
m_3008648_se_16_060_20191109_20200114 340
m_3008353_se_17_060_20211130 378
m_3008149_sw_17_060_20211202 360
m_3707660_ne_18_060_20210926 340
m_2808222_nw_17_060_20211130 360
m_4107316_se_18_060_20211106 336
m_3407955_se_17_060_20210508 340
m_3407711_se_18_060_20200904 357
m_2908944_ne_16_030_20211202 1365
m_3108862_nw_16_030_20211123 1400
m_3008837_nw_16_030_20211113 1440
126.99703526496887
