load envirionment

/hpc/group/borsuklab/csr33/object_detection/naip_tiles/m_3411934_se_11_060_20200521.tif
/hpc/group/borsuklab/csr33/object_detection/naip_tiles/m_2909512_sw_15_060_20201030.tif
/hpc/group/borsuklab/csr33/object_detection/naip_tiles/m_3907508_se_18_060_20190726_20191209.tif
/hpc/group/borsuklab/csr33/object_detection/naip_tiles/m_3008240_nw_17_060_20191110_20200108.tif
/hpc/group/borsuklab/csr33/object_detection/naip_tiles/m_4207161_se_19_060_20210826.tif
/hpc/group/borsuklab/csr33/object_detection/naip_tiles/m_4107324_se_18_060_20211106.tif
/hpc/group/borsuklab/csr33/object_detection/naip_tiles/m_3009416_nw_15_060_20201030.tif
/hpc/group/borsuklab/csr33/object_detection/naip_tiles/m_3008836_ne_16_030_20211113.tif
/hpc/group/borsuklab/csr33/object_detection/naip_tiles/m_4307023_nw_19_060_20211007.tif
/hpc/group/borsuklab/csr33/object_detection/naip_tiles/m_3208005_sw_17_060_20210426.tif
/hpc/group/borsuklab/csr33/object_detection/naip_tiles/m_4007440_nw_18_060_20190809_20191209.tif
/hpc/group/borsuklab/csr33/object_detection/naip_tiles/m_3607728_sw_18_060_20210910.tif
/hpc/group/borsuklab/csr33/object_detection/naip_tiles/m_3311755_se_11_060_20200520.tif
/hpc/group/borsuklab/csr33/object_detection/naip_tiles/m_3607737_ne_18_060_20200922.tif
m_4007440_nw_18_060_20190809_20191209 320
m_3008240_nw_17_060_20191110_20200108 340
m_4307023_nw_19_060_20211007 320
m_3907508_se_18_060_20190726_20191209 300
m_3411934_se_11_060_20200521 340
m_3208005_sw_17_060_20210426 340
m_3009416_nw_15_060_20201030 340
m_4207161_se_19_060_20210826 336
m_3607737_ne_18_060_20200922 340
m_3311755_se_11_060_20200520 340
m_4107324_se_18_060_20211106 336
m_2909512_sw_15_060_20201030 360
m_3607728_sw_18_060_20210910 357
m_3008836_ne_16_030_20211113 1400
108.9964668750763
