load envirionment

/hpc/group/borsuklab/csr33/object_detection/naip_tiles/m_3407835_se_17_060_20200603.tif
/hpc/group/borsuklab/csr33/object_detection/naip_tiles/m_4207431_ne_18_060_20210920.tif
/hpc/group/borsuklab/csr33/object_detection/naip_tiles/m_2808227_ne_17_060_20211130.tif
/hpc/group/borsuklab/csr33/object_detection/naip_tiles/m_3208147_sw_17_060_20211202.tif
/hpc/group/borsuklab/csr33/object_detection/naip_tiles/m_3607661_nw_18_060_20200922.tif
/hpc/group/borsuklab/csr33/object_detection/naip_tiles/m_3311637_nw_11_060_20200415.tif
/hpc/group/borsuklab/csr33/object_detection/naip_tiles/m_2909131_sw_15_060_20190831_20191001.tif
/hpc/group/borsuklab/csr33/object_detection/naip_tiles/m_3008351_nw_17_060_20191113_20200114.tif
/hpc/group/borsuklab/csr33/object_detection/naip_tiles/m_3707651_sw_18_060_20210827.tif
/hpc/group/borsuklab/csr33/object_detection/naip_tiles/m_3008640_se_16_060_20191109_20200114.tif
/hpc/group/borsuklab/csr33/object_detection/naip_tiles/m_3807606_ne_18_060_20211020.tif
/hpc/group/borsuklab/csr33/object_detection/naip_tiles/m_4506760_ne_19_060_20210723.tif
/hpc/group/borsuklab/csr33/object_detection/naip_tiles/m_2909659_ne_14_060_20201106.tif
/hpc/group/borsuklab/csr33/object_detection/naip_tiles/m_3807739_sw_18_060_20210617.tif
m_4207431_ne_18_060_20210920 300
m_4506760_ne_19_060_20210723 300
m_3807739_sw_18_060_20210617 320
m_3807606_ne_18_060_20211020 320
m_3208147_sw_17_060_20211202 340
m_2808227_ne_17_060_20211130 360
m_2909659_ne_14_060_20201106 360
m_3407835_se_17_060_20200603 357
m_3707651_sw_18_060_20210827 357
m_3008640_se_16_060_20191109_20200114 340
m_3311637_nw_11_060_20200415 340
m_2909131_sw_15_060_20190831_20191001 360
m_3607661_nw_18_060_20200922 340
m_3008351_nw_17_060_20191113_20200114 360
84.94064998626709
