load envirionment

/hpc/group/borsuklab/csr33/object_detection/naip_tiles/m_3008157_se_17_060_20211129.tif
/hpc/group/borsuklab/csr33/object_detection/naip_tiles/m_3407730_ne_18_060_20201031.tif
/hpc/group/borsuklab/csr33/object_detection/naip_tiles/m_2708026_se_17_060_20191129_20200113.tif
/hpc/group/borsuklab/csr33/object_detection/naip_tiles/m_3009057_ne_15_030_20211119.tif
/hpc/group/borsuklab/csr33/object_detection/naip_tiles/m_3008842_ne_16_030_20211114.tif
/hpc/group/borsuklab/csr33/object_detection/naip_tiles/m_3008425_nw_16_060_20191120_20200114.tif
/hpc/group/borsuklab/csr33/object_detection/naip_tiles/m_3311846_se_11_060_20200504.tif
/hpc/group/borsuklab/csr33/object_detection/naip_tiles/m_3807558_ne_18_060_20210618.tif
/hpc/group/borsuklab/csr33/object_detection/naip_tiles/m_3907663_se_18_060_20211020.tif
/hpc/group/borsuklab/csr33/object_detection/naip_tiles/m_3009133_se_15_030_20211113.tif
/hpc/group/borsuklab/csr33/object_detection/naip_tiles/m_4107008_sw_19_060_20210826.tif
/hpc/group/borsuklab/csr33/object_detection/naip_tiles/m_3008726_nw_16_030_20211119.tif
/hpc/group/borsuklab/csr33/object_detection/naip_tiles/m_3009428_se_15_060_20201112.tif
/hpc/group/borsuklab/csr33/object_detection/naip_tiles/m_4406701_se_19_060_20210901.tif
m_3311846_se_11_060_20200504 340
m_4107008_sw_19_060_20210826 320
m_3008425_nw_16_060_20191120_20200114 340
m_3807558_ne_18_060_20210618 320
m_3009428_se_15_060_20201112 340
m_2708026_se_17_060_20191129_20200113 360
m_4406701_se_19_060_20210901 300
m_3907663_se_18_060_20211020 320
m_3407730_ne_18_060_20201031 340
m_3008157_se_17_060_20211129 360
m_3009057_ne_15_030_20211119 1365
m_3009133_se_15_030_20211113 1326
m_3008842_ne_16_030_20211114 1400
m_3008726_nw_16_030_20211119 1400
126.44873213768005
