load envirionment

/hpc/group/borsuklab/csr33/object_detection/naip_tiles/m_3009249_sw_15_060_20190905_20191001.tif
/hpc/group/borsuklab/csr33/object_detection/naip_tiles/m_2608063_sw_17_060_20191120_20200113.tif
/hpc/group/borsuklab/csr33/object_detection/naip_tiles/m_3008712_ne_16_060_20191103_20200114.tif
/hpc/group/borsuklab/csr33/object_detection/naip_tiles/m_2908306_sw_17_060_20211130.tif
/hpc/group/borsuklab/csr33/object_detection/naip_tiles/m_3507755_ne_18_060_20200930.tif
/hpc/group/borsuklab/csr33/object_detection/naip_tiles/m_3907629_ne_18_060_20211101.tif
/hpc/group/borsuklab/csr33/object_detection/naip_tiles/m_4207121_se_19_060_20211024.tif
/hpc/group/borsuklab/csr33/object_detection/naip_tiles/m_3707660_nw_18_060_20210926.tif
/hpc/group/borsuklab/csr33/object_detection/naip_tiles/m_3907433_nw_18_060_20190726_20191209.tif
/hpc/group/borsuklab/csr33/object_detection/naip_tiles/m_3008702_ne_16_030_20211115.tif
/hpc/group/borsuklab/csr33/object_detection/naip_tiles/m_4207353_sw_18_060_20211107.tif
/hpc/group/borsuklab/csr33/object_detection/naip_tiles/m_2909442_ne_15_060_20201116.tif
/hpc/group/borsuklab/csr33/object_detection/naip_tiles/m_2708205_nw_17_060_20211130.tif
/hpc/group/borsuklab/csr33/object_detection/naip_tiles/m_3407813_se_17_060_20200603.tif
m_3009249_sw_15_060_20190905_20191001 360
m_2908306_sw_17_060_20211130 378
m_2909442_ne_15_060_20201116 360
m_3907433_nw_18_060_20190726_20191209 320
m_3407813_se_17_060_20200603 357
m_4207353_sw_18_060_20211107 336
m_3008712_ne_16_060_20191103_20200114 340
m_4207121_se_19_060_20211024 336
m_3907629_ne_18_060_20211101 320
m_3507755_ne_18_060_20200930 340
m_2608063_sw_17_060_20191120_20200113 360
m_3707660_nw_18_060_20210926 340
m_2708205_nw_17_060_20211130 360
m_3008702_ne_16_030_20211115 1400
114.04378747940063
