load envirionment

/hpc/group/borsuklab/csr33/object_detection/naip_tiles/m_3307950_ne_17_060_20210508.tif
/hpc/group/borsuklab/csr33/object_detection/naip_tiles/m_2908323_nw_17_060_20211130.tif
/hpc/group/borsuklab/csr33/object_detection/naip_tiles/m_4307058_sw_19_060_20211024.tif
/hpc/group/borsuklab/csr33/object_detection/naip_tiles/m_3907558_se_18_060_20210606.tif
/hpc/group/borsuklab/csr33/object_detection/naip_tiles/m_2909315_nw_15_060_20190706_20191001.tif
/hpc/group/borsuklab/csr33/object_detection/naip_tiles/m_4406712_ne_19_060_20210907.tif
/hpc/group/borsuklab/csr33/object_detection/naip_tiles/m_2608013_se_17_060_20191203_20200113.tif
/hpc/group/borsuklab/csr33/object_detection/naip_tiles/m_3507764_sw_18_060_20201031.tif
/hpc/group/borsuklab/csr33/object_detection/naip_tiles/m_4107202_se_18_060_20211105.tif
/hpc/group/borsuklab/csr33/object_detection/naip_tiles/m_3108146_sw_17_060_20211203.tif
/hpc/group/borsuklab/csr33/object_detection/naip_tiles/m_3009245_nw_15_030_20211222.tif
/hpc/group/borsuklab/csr33/object_detection/naip_tiles/m_3707505_nw_18_060_20211017.tif
/hpc/group/borsuklab/csr33/object_detection/naip_tiles/m_2709752_ne_14_060_20200430.tif
/hpc/group/borsuklab/csr33/object_detection/naip_tiles/m_3507735_se_18_060_20200930.tif
m_2909315_nw_15_060_20190706_20191001 360
m_2608013_se_17_060_20191203_20200113 360
m_3507764_sw_18_060_20201031 357
m_4406712_ne_19_060_20210907 300
m_3707505_nw_18_060_20211017 340
m_3108146_sw_17_060_20211203 340
m_3907558_se_18_060_20210606 320
m_4307058_sw_19_060_20211024 336
m_4107202_se_18_060_20211105 336
m_3307950_ne_17_060_20210508 340
m_2908323_nw_17_060_20211130 360
m_2709752_ne_14_060_20200430 360
m_3507735_se_18_060_20200930 357
m_3009245_nw_15_030_20211222 1326
160.6079924106598
