load envirionment

/hpc/group/borsuklab/csr33/object_detection/naip_tiles/m_3009216_ne_15_030_20211114.tif
/hpc/group/borsuklab/csr33/object_detection/naip_tiles/m_3807541_sw_18_060_20210618.tif
/hpc/group/borsuklab/csr33/object_detection/naip_tiles/m_3108749_sw_16_030_20211115.tif
/hpc/group/borsuklab/csr33/object_detection/naip_tiles/m_4107134_nw_19_060_20210926.tif
/hpc/group/borsuklab/csr33/object_detection/naip_tiles/m_3407837_nw_17_060_20200922.tif
/hpc/group/borsuklab/csr33/object_detection/naip_tiles/m_4207138_se_19_060_20210826.tif
/hpc/group/borsuklab/csr33/object_detection/naip_tiles/m_3008717_se_16_030_20211119.tif
/hpc/group/borsuklab/csr33/object_detection/naip_tiles/m_2809707_sw_14_060_20200501.tif
/hpc/group/borsuklab/csr33/object_detection/naip_tiles/m_2508017_se_17_060_20211203.tif
/hpc/group/borsuklab/csr33/object_detection/naip_tiles/m_4007445_ne_18_060_20190730_20191209.tif
/hpc/group/borsuklab/csr33/object_detection/naip_tiles/m_4406834_nw_19_060_20210913.tif
/hpc/group/borsuklab/csr33/object_detection/naip_tiles/m_2908235_sw_17_060_20211129.tif
/hpc/group/borsuklab/csr33/object_detection/naip_tiles/m_4406943_sw_19_060_20210827.tif
/hpc/group/borsuklab/csr33/object_detection/naip_tiles/m_2708141_se_17_060_20211202.tif
m_4406943_sw_19_060_20210827 300
m_3807541_sw_18_060_20210618 320
m_4007445_ne_18_060_20190730_20191209 300
m_4107134_nw_19_060_20210926 320
m_2708141_se_17_060_20211202 360
m_4406834_nw_19_060_20210913 300
m_4207138_se_19_060_20210826 336
m_2809707_sw_14_060_20200501 360
m_2508017_se_17_060_20211203 360
m_3407837_nw_17_060_20200922 360
m_2908235_sw_17_060_20211129 360
m_3009216_ne_15_030_20211114 1326
m_3108749_sw_16_030_20211115 1400
m_3008717_se_16_030_20211119 1400
166.64518523216248
