load envirionment

/hpc/group/borsuklab/csr33/object_detection/naip_tiles/m_2909043_nw_15_060_20190830_20191001.tif
/hpc/group/borsuklab/csr33/object_detection/naip_tiles/m_3907635_nw_18_060_20210616.tif
/hpc/group/borsuklab/csr33/object_detection/naip_tiles/m_4107158_sw_19_060_20210926.tif
/hpc/group/borsuklab/csr33/object_detection/naip_tiles/m_2908101_se_17_060_20211129.tif
/hpc/group/borsuklab/csr33/object_detection/naip_tiles/m_2608118_se_17_060_20211223.tif
/hpc/group/borsuklab/csr33/object_detection/naip_tiles/m_3008561_nw_16_060_20191118_20200114.tif
/hpc/group/borsuklab/csr33/object_detection/naip_tiles/m_3008803_se_16_030_20211112.tif
/hpc/group/borsuklab/csr33/object_detection/naip_tiles/m_3607616_se_18_060_20210913.tif
/hpc/group/borsuklab/csr33/object_detection/naip_tiles/m_3411859_ne_11_060_20200515.tif
/hpc/group/borsuklab/csr33/object_detection/naip_tiles/m_3707633_sw_18_060_20210827.tif
/hpc/group/borsuklab/csr33/object_detection/naip_tiles/m_2909009_sw_15_060_20190707_20191001.tif
/hpc/group/borsuklab/csr33/object_detection/naip_tiles/m_4406842_nw_19_060_20210723.tif
/hpc/group/borsuklab/csr33/object_detection/naip_tiles/m_4107327_sw_18_060_20211105.tif
/hpc/group/borsuklab/csr33/object_detection/naip_tiles/m_4107423_sw_18_060_20211105.tif
m_4406842_nw_19_060_20210723 300
m_3907635_nw_18_060_20210616 320
m_4107327_sw_18_060_20211105 320
m_4107158_sw_19_060_20210926 336
m_4107423_sw_18_060_20211105 320
m_3707633_sw_18_060_20210827 357
m_3607616_se_18_060_20210913 340
m_2909043_nw_15_060_20190830_20191001 360
m_3008561_nw_16_060_20191118_20200114 340
m_3411859_ne_11_060_20200515 340
m_2908101_se_17_060_20211129 360
m_2608118_se_17_060_20211223 360
m_2909009_sw_15_060_20190707_20191001 378
m_3008803_se_16_030_20211112 1400
174.29889583587646
