load envirionment

/hpc/group/borsuklab/csr33/object_detection/naip_tiles/m_3907409_ne_18_060_20190830_20191209.tif
/hpc/group/borsuklab/csr33/object_detection/naip_tiles/m_3907441_ne_18_060_20190726_20191209.tif
/hpc/group/borsuklab/csr33/object_detection/naip_tiles/m_3407729_ne_18_060_20200930.tif
/hpc/group/borsuklab/csr33/object_detection/naip_tiles/m_4207051_nw_19_060_20210904.tif
/hpc/group/borsuklab/csr33/object_detection/naip_tiles/m_2608143_sw_17_060_20211223.tif
/hpc/group/borsuklab/csr33/object_detection/naip_tiles/m_3009227_nw_15_060_20190904_20191001.tif
/hpc/group/borsuklab/csr33/object_detection/naip_tiles/m_3311663_nw_11_060_20200415.tif
/hpc/group/borsuklab/csr33/object_detection/naip_tiles/m_2809738_nw_14_060_20200501.tif
/hpc/group/borsuklab/csr33/object_detection/naip_tiles/m_3407620_se_18_060_20201018.tif
/hpc/group/borsuklab/csr33/object_detection/naip_tiles/m_4207353_nw_18_060_20211107.tif
/hpc/group/borsuklab/csr33/object_detection/naip_tiles/m_2708247_sw_17_060_20211130.tif
/hpc/group/borsuklab/csr33/object_detection/naip_tiles/m_2608119_ne_17_060_20191123_20200113.tif
/hpc/group/borsuklab/csr33/object_detection/naip_tiles/m_2608016_sw_17_060_20191120_20200113.tif
/hpc/group/borsuklab/csr33/object_detection/naip_tiles/m_2809761_sw_14_060_20200430.tif
m_3907441_ne_18_060_20190726_20191209 320
m_3907409_ne_18_060_20190830_20191209 300
m_4207051_nw_19_060_20210904 320
m_3407620_se_18_060_20201018 340
m_3407729_ne_18_060_20200930 340
m_4207353_nw_18_060_20211107 320
m_2809761_sw_14_060_20200430 360
m_2708247_sw_17_060_20211130 360
m_2809738_nw_14_060_20200501 360
m_3009227_nw_15_060_20190904_20191001 360
m_3311663_nw_11_060_20200415 340
m_2608016_sw_17_060_20191120_20200113 360
m_2608119_ne_17_060_20191123_20200113 360
m_2608143_sw_17_060_20211223 380
99.09347438812256
