load envirionment

/hpc/group/borsuklab/csr33/object_detection/naip_tiles/m_3707724_ne_18_060_20210827.tif
/hpc/group/borsuklab/csr33/object_detection/naip_tiles/m_3407855_se_17_060_20200603.tif
/hpc/group/borsuklab/csr33/object_detection/naip_tiles/m_3307932_sw_17_060_20210501.tif
/hpc/group/borsuklab/csr33/object_detection/naip_tiles/m_4107107_se_19_060_20210826.tif
/hpc/group/borsuklab/csr33/object_detection/naip_tiles/m_4307004_se_19_060_20211007.tif
/hpc/group/borsuklab/csr33/object_detection/naip_tiles/m_3607635_se_18_060_20200516.tif
/hpc/group/borsuklab/csr33/object_detection/naip_tiles/m_3009318_ne_15_060_20201031.tif
/hpc/group/borsuklab/csr33/object_detection/naip_tiles/m_3008804_ne_16_030_20211123.tif
/hpc/group/borsuklab/csr33/object_detection/naip_tiles/m_4207311_sw_18_060_20211107.tif
/hpc/group/borsuklab/csr33/object_detection/naip_tiles/m_3208019_ne_17_060_20210426.tif
/hpc/group/borsuklab/csr33/object_detection/naip_tiles/m_3507612_sw_18_060_20201001.tif
/hpc/group/borsuklab/csr33/object_detection/naip_tiles/m_3407731_nw_18_060_20201031.tif
/hpc/group/borsuklab/csr33/object_detection/naip_tiles/m_3907551_nw_18_060_20210629.tif
/hpc/group/borsuklab/csr33/object_detection/naip_tiles/m_3008845_nw_16_030_20211114.tif
m_3009318_ne_15_060_20201031 340
m_3307932_sw_17_060_20210501 340
m_3208019_ne_17_060_20210426 340
m_3907551_nw_18_060_20210629 320
m_4207311_sw_18_060_20211107 320
m_4307004_se_19_060_20211007 315
m_4107107_se_19_060_20210826 336
m_3407731_nw_18_060_20201031 360
m_3707724_ne_18_060_20210827 340
m_3507612_sw_18_060_20201001 357
m_3607635_se_18_060_20200516 357
m_3407855_se_17_060_20200603 357
m_3008804_ne_16_030_20211123 1400
m_3008845_nw_16_030_20211114 1440
195.21763944625854
