load envirionment

/hpc/group/borsuklab/csr33/object_detection/naip_tiles/m_2909309_se_15_060_20201102.tif
/hpc/group/borsuklab/csr33/object_detection/naip_tiles/m_3009033_sw_15_030_20211119.tif
/hpc/group/borsuklab/csr33/object_detection/naip_tiles/m_4307132_se_19_060_20211024.tif
/hpc/group/borsuklab/csr33/object_detection/naip_tiles/m_3008361_se_17_060_20211130.tif
/hpc/group/borsuklab/csr33/object_detection/naip_tiles/m_3108838_se_16_030_20211123.tif
/hpc/group/borsuklab/csr33/object_detection/naip_tiles/m_3009449_se_15_060_20201112.tif
/hpc/group/borsuklab/csr33/object_detection/naip_tiles/m_2909415_sw_15_060_20201112.tif
/hpc/group/borsuklab/csr33/object_detection/naip_tiles/m_3907561_sw_18_060_20211019.tif
/hpc/group/borsuklab/csr33/object_detection/naip_tiles/m_3208108_ne_17_060_20210426.tif
/hpc/group/borsuklab/csr33/object_detection/naip_tiles/m_3507658_ne_18_060_20201031.tif
/hpc/group/borsuklab/csr33/object_detection/naip_tiles/m_2909003_sw_15_060_20190707_20191001.tif
/hpc/group/borsuklab/csr33/object_detection/naip_tiles/m_4307023_ne_19_060_20211007.tif
/hpc/group/borsuklab/csr33/object_detection/naip_tiles/m_4207453_sw_18_060_20211110.tif
/hpc/group/borsuklab/csr33/object_detection/naip_tiles/m_4207358_se_18_060_20211105.tif
m_3907561_sw_18_060_20211019 320
m_2909415_sw_15_060_20201112 340
m_4307132_se_19_060_20211024 336
m_4207453_sw_18_060_20211110 320
m_2909003_sw_15_060_20190707_20191001 378
m_4307023_ne_19_060_20211007 300
m_3208108_ne_17_060_20210426 340
m_4207358_se_18_060_20211105 320
m_2909309_se_15_060_20201102 340
m_3507658_ne_18_060_20201031 340
m_3009449_se_15_060_20201112 360
m_3008361_se_17_060_20211130 378
m_3009033_sw_15_030_20211119 1365
m_3108838_se_16_030_20211123 1400
114.69961833953857
