load envirionment

/hpc/group/borsuklab/csr33/object_detection/naip_tiles/m_2708119_se_17_060_20211202.tif
/hpc/group/borsuklab/csr33/object_detection/naip_tiles/m_4007547_nw_18_060_20191019_20191203.tif
/hpc/group/borsuklab/csr33/object_detection/naip_tiles/m_3108159_ne_17_060_20191110_20200102.tif
/hpc/group/borsuklab/csr33/object_detection/naip_tiles/m_3507551_ne_18_060_20201018.tif
/hpc/group/borsuklab/csr33/object_detection/naip_tiles/m_4207445_nw_18_060_20211110.tif
/hpc/group/borsuklab/csr33/object_detection/naip_tiles/m_2909041_ne_15_060_20190830_20191001.tif
/hpc/group/borsuklab/csr33/object_detection/naip_tiles/m_3208016_se_17_060_20210426.tif
/hpc/group/borsuklab/csr33/object_detection/naip_tiles/m_2909046_se_15_030_20211123.tif
/hpc/group/borsuklab/csr33/object_detection/naip_tiles/m_3707648_se_18_060_20210913.tif
/hpc/group/borsuklab/csr33/object_detection/naip_tiles/m_2608010_se_17_060_20191203_20200114.tif
/hpc/group/borsuklab/csr33/object_detection/naip_tiles/m_3607559_se_18_060_20200516.tif
/hpc/group/borsuklab/csr33/object_detection/naip_tiles/m_2909562_nw_15_060_20201117.tif
/hpc/group/borsuklab/csr33/object_detection/naip_tiles/m_2908403_ne_16_060_20191128_20200114.tif
/hpc/group/borsuklab/csr33/object_detection/naip_tiles/m_3807645_ne_18_060_20211020.tif
m_3607559_se_18_060_20200516 340
m_2608010_se_17_060_20191203_20200114 360
m_4207445_nw_18_060_20211110 320
m_4007547_nw_18_060_20191019_20191203 320
m_3208016_se_17_060_20210426 340
m_3507551_ne_18_060_20201018 340
m_3108159_ne_17_060_20191110_20200102 340
m_3707648_se_18_060_20210913 340
m_2909041_ne_15_060_20190830_20191001 360
m_3807645_ne_18_060_20211020 320
m_2909562_nw_15_060_20201117 360
m_2908403_ne_16_060_20191128_20200114 360
m_2708119_se_17_060_20211202 360
m_2909046_se_15_030_20211123 1365
118.30234551429749
