load envirionment

/hpc/group/borsuklab/csr33/object_detection/naip_tiles/m_3907411_sw_18_060_20190730_20191209.tif
/hpc/group/borsuklab/csr33/object_detection/naip_tiles/m_3411909_nw_11_060_20200525.tif
/hpc/group/borsuklab/csr33/object_detection/naip_tiles/m_3807615_sw_18_060_20210623.tif
/hpc/group/borsuklab/csr33/object_detection/naip_tiles/m_2609751_nw_14_060_20201216.tif
/hpc/group/borsuklab/csr33/object_detection/naip_tiles/m_4506745_sw_19_060_20210723.tif
/hpc/group/borsuklab/csr33/object_detection/naip_tiles/m_2809518_nw_15_060_20201029.tif
/hpc/group/borsuklab/csr33/object_detection/naip_tiles/m_2909415_se_15_060_20201102.tif
/hpc/group/borsuklab/csr33/object_detection/naip_tiles/m_3307803_nw_17_060_20210508.tif
/hpc/group/borsuklab/csr33/object_detection/naip_tiles/m_3411842_sw_11_060_20200521.tif
/hpc/group/borsuklab/csr33/object_detection/naip_tiles/m_4406933_sw_19_060_20210827.tif
/hpc/group/borsuklab/csr33/object_detection/naip_tiles/m_3008240_sw_17_060_20191110_20200108.tif
/hpc/group/borsuklab/csr33/object_detection/naip_tiles/m_2909014_se_15_030_20211123.tif
/hpc/group/borsuklab/csr33/object_detection/naip_tiles/m_3009438_sw_15_060_20201104.tif
/hpc/group/borsuklab/csr33/object_detection/naip_tiles/m_4107342_sw_18_060_20211105.tif
m_4506745_sw_19_060_20210723 315
m_3907411_sw_18_060_20190730_20191209 320
m_3009438_sw_15_060_20201104 340
m_4406933_sw_19_060_20210827 300
m_4107342_sw_18_060_20211105 320
m_3807615_sw_18_060_20210623 320
m_3411842_sw_11_060_20200521 340
m_2909415_se_15_060_20201102 340
m_3307803_nw_17_060_20210508 340
m_2609751_nw_14_060_20201216 360
m_3411909_nw_11_060_20200525 340
m_2809518_nw_15_060_20201029 360
m_3008240_sw_17_060_20191110_20200108 340
m_2909014_se_15_030_20211123 1365
115.53866577148438
