load envirionment

/hpc/group/borsuklab/csr33/object_detection/naip_tiles/m_2908955_sw_16_030_20211130.tif
/hpc/group/borsuklab/csr33/object_detection/naip_tiles/m_3009325_nw_15_060_20201102.tif
/hpc/group/borsuklab/csr33/object_detection/naip_tiles/m_3008935_se_16_030_20211115.tif
/hpc/group/borsuklab/csr33/object_detection/naip_tiles/m_3108108_sw_17_060_20211202.tif
/hpc/group/borsuklab/csr33/object_detection/naip_tiles/m_3308052_se_17_060_20210501.tif
/hpc/group/borsuklab/csr33/object_detection/naip_tiles/m_3009356_nw_15_060_20190905_20191001.tif
/hpc/group/borsuklab/csr33/object_detection/naip_tiles/m_4307005_nw_19_060_20211007.tif
/hpc/group/borsuklab/csr33/object_detection/naip_tiles/m_3009122_ne_15_030_20211116.tif
/hpc/group/borsuklab/csr33/object_detection/naip_tiles/m_3208115_nw_17_060_20210426.tif
/hpc/group/borsuklab/csr33/object_detection/naip_tiles/m_3009246_sw_15_030_20211222.tif
/hpc/group/borsuklab/csr33/object_detection/naip_tiles/m_3907643_nw_18_060_20210616.tif
/hpc/group/borsuklab/csr33/object_detection/naip_tiles/m_2608040_sw_17_060_20191120_20200113.tif
/hpc/group/borsuklab/csr33/object_detection/naip_tiles/m_3108001_nw_17_060_20211202.tif
/hpc/group/borsuklab/csr33/object_detection/naip_tiles/m_4506845_se_19_060_20210929.tif
m_4307005_nw_19_060_20211007 320
m_3308052_se_17_060_20210501 340
m_4506845_se_19_060_20210929 300
m_3009325_nw_15_060_20201102 340
m_3907643_nw_18_060_20210616 320
m_3108001_nw_17_060_20211202 340
m_3208115_nw_17_060_20210426 340
m_3009356_nw_15_060_20190905_20191001 360
m_3108108_sw_17_060_20211202 340
m_2608040_sw_17_060_20191120_20200113 360
m_3009246_sw_15_030_20211222 1326
m_3009122_ne_15_030_20211116 1326
m_2908955_sw_16_030_20211130 1365
m_3008935_se_16_030_20211115 1365
149.15984630584717
