load envirionment

/hpc/group/borsuklab/csr33/object_detection/naip_tiles/m_3507754_sw_18_060_20200930.tif
/hpc/group/borsuklab/csr33/object_detection/naip_tiles/m_4406953_se_19_060_20210904.tif
/hpc/group/borsuklab/csr33/object_detection/naip_tiles/m_2909412_se_15_060_20201112.tif
/hpc/group/borsuklab/csr33/object_detection/naip_tiles/m_3108743_se_16_030_20211115.tif
/hpc/group/borsuklab/csr33/object_detection/naip_tiles/m_4107003_nw_19_060_20210904.tif
/hpc/group/borsuklab/csr33/object_detection/naip_tiles/m_3507647_nw_18_060_20201018.tif
/hpc/group/borsuklab/csr33/object_detection/naip_tiles/m_4007406_ne_18_060_20190830_20191209.tif
/hpc/group/borsuklab/csr33/object_detection/naip_tiles/m_2908946_se_16_030_20211130.tif
/hpc/group/borsuklab/csr33/object_detection/naip_tiles/m_3008929_nw_16_030_20211119.tif
/hpc/group/borsuklab/csr33/object_detection/naip_tiles/m_3008242_sw_17_060_20211130.tif
/hpc/group/borsuklab/csr33/object_detection/naip_tiles/m_3009037_se_15_030_20211115.tif
/hpc/group/borsuklab/csr33/object_detection/naip_tiles/m_2708237_ne_17_060_20211130.tif
/hpc/group/borsuklab/csr33/object_detection/naip_tiles/m_3108144_se_17_060_20211203.tif
/hpc/group/borsuklab/csr33/object_detection/naip_tiles/m_3008709_sw_16_030_20211112.tif
m_3108144_se_17_060_20211203 340
m_2708237_ne_17_060_20211130 360
m_4406953_se_19_060_20210904 300
m_4007406_ne_18_060_20190830_20191209 300
m_4107003_nw_19_060_20210904 320
m_3008242_sw_17_060_20211130 378
m_3507647_nw_18_060_20201018 340
m_2909412_se_15_060_20201112 360
m_3507754_sw_18_060_20200930 357
m_3108743_se_16_030_20211115 1400
m_2908946_se_16_030_20211130 1365
m_3008709_sw_16_030_20211112 1400
m_3008929_nw_16_030_20211119 1440
m_3009037_se_15_030_20211115 1365
182.7936511039734
