load envirionment

/hpc/group/borsuklab/csr33/object_detection/naip_tiles/m_3009306_sw_15_060_20190904_20191001.tif
/hpc/group/borsuklab/csr33/object_detection/naip_tiles/m_4307033_sw_19_060_20211007.tif
/hpc/group/borsuklab/csr33/object_detection/naip_tiles/m_3009137_ne_15_030_20211114.tif
/hpc/group/borsuklab/csr33/object_detection/naip_tiles/m_3208162_ne_17_060_20191109_20200102.tif
/hpc/group/borsuklab/csr33/object_detection/naip_tiles/m_3008555_ne_16_060_20191128_20200114.tif
/hpc/group/borsuklab/csr33/object_detection/naip_tiles/m_3607501_sw_18_060_20210913.tif
/hpc/group/borsuklab/csr33/object_detection/naip_tiles/m_4406931_se_19_060_20211006.tif
/hpc/group/borsuklab/csr33/object_detection/naip_tiles/m_4506725_nw_19_060_20210815.tif
/hpc/group/borsuklab/csr33/object_detection/naip_tiles/m_3707722_ne_18_060_20210912.tif
/hpc/group/borsuklab/csr33/object_detection/naip_tiles/m_4107019_nw_19_060_20210904.tif
/hpc/group/borsuklab/csr33/object_detection/naip_tiles/m_3311643_nw_11_060_20200415.tif
/hpc/group/borsuklab/csr33/object_detection/naip_tiles/m_2908102_sw_17_060_20211129.tif
/hpc/group/borsuklab/csr33/object_detection/naip_tiles/m_2709742_se_14_060_20200501.tif
/hpc/group/borsuklab/csr33/object_detection/naip_tiles/m_4406927_ne_19_060_20210827.tif
m_4406927_ne_19_060_20210827 300
m_2709742_se_14_060_20200501 360
m_3311643_nw_11_060_20200415 340
m_2908102_sw_17_060_20211129 360
m_4406931_se_19_060_20211006 300
m_3008555_ne_16_060_20191128_20200114 360
m_4307033_sw_19_060_20211007 336
m_3707722_ne_18_060_20210912 340
m_4506725_nw_19_060_20210815 300
m_4107019_nw_19_060_20210904 320
m_3009306_sw_15_060_20190904_20191001 360
m_3607501_sw_18_060_20210913 340
m_3208162_ne_17_060_20191109_20200102 340
m_3009137_ne_15_030_20211114 1326
95.08459758758545
