load envirionment

/hpc/group/borsuklab/csr33/object_detection/naip_tiles/m_3907441_sw_18_060_20190726_20191209.tif
/hpc/group/borsuklab/csr33/object_detection/naip_tiles/m_3311602_ne_11_060_20200615.tif
/hpc/group/borsuklab/csr33/object_detection/naip_tiles/m_3008213_ne_17_060_20191110_20200108.tif
/hpc/group/borsuklab/csr33/object_detection/naip_tiles/m_4606851_ne_19_060_20210817.tif
/hpc/group/borsuklab/csr33/object_detection/naip_tiles/m_3807756_sw_18_060_20210910.tif
/hpc/group/borsuklab/csr33/object_detection/naip_tiles/m_3009127_ne_15_030_20211113.tif
/hpc/group/borsuklab/csr33/object_detection/naip_tiles/m_2609702_sw_14_060_20201001.tif
/hpc/group/borsuklab/csr33/object_detection/naip_tiles/m_3407705_se_18_060_20200930.tif
/hpc/group/borsuklab/csr33/object_detection/naip_tiles/m_3407821_nw_17_060_20200603.tif
/hpc/group/borsuklab/csr33/object_detection/naip_tiles/m_4107345_sw_18_060_20211106.tif
/hpc/group/borsuklab/csr33/object_detection/naip_tiles/m_3407711_ne_18_060_20200930.tif
/hpc/group/borsuklab/csr33/object_detection/naip_tiles/m_2908127_se_17_060_20211129.tif
/hpc/group/borsuklab/csr33/object_detection/naip_tiles/m_3707756_nw_18_060_20210827.tif
/hpc/group/borsuklab/csr33/object_detection/naip_tiles/m_3807526_ne_18_060_20210618.tif
m_2908127_se_17_060_20211129 360
m_3907441_sw_18_060_20190726_20191209 320
m_3807526_ne_18_060_20210618 320
m_3008213_ne_17_060_20191110_20200108 340
m_4606851_ne_19_060_20210817 300
m_3407705_se_18_060_20200930 357
m_3407821_nw_17_060_20200603 360
m_3807756_sw_18_060_20210910 357
m_3311602_ne_11_060_20200615 340
m_4107345_sw_18_060_20211106 336
m_3407711_ne_18_060_20200930 340
m_3707756_nw_18_060_20210827 340
m_2609702_sw_14_060_20201001 360
m_3009127_ne_15_030_20211113 1326
112.74510264396667
