load envirionment

/hpc/group/borsuklab/csr33/object_detection/naip_tiles/m_3507617_nw_18_060_20200922.tif
/hpc/group/borsuklab/csr33/object_detection/naip_tiles/m_4506832_nw_19_060_20210911.tif
/hpc/group/borsuklab/csr33/object_detection/naip_tiles/m_3009549_sw_15_060_20201030.tif
/hpc/group/borsuklab/csr33/object_detection/naip_tiles/m_3907537_ne_18_060_20190726_20191209.tif
/hpc/group/borsuklab/csr33/object_detection/naip_tiles/m_3707642_nw_18_060_20210827.tif
/hpc/group/borsuklab/csr33/object_detection/naip_tiles/m_3108125_nw_17_060_20191110_20200102.tif
/hpc/group/borsuklab/csr33/object_detection/naip_tiles/m_3009343_ne_15_060_20190901_20191001.tif
/hpc/group/borsuklab/csr33/object_detection/naip_tiles/m_3009349_sw_15_060_20201102.tif
/hpc/group/borsuklab/csr33/object_detection/naip_tiles/m_3407726_ne_18_060_20200904.tif
/hpc/group/borsuklab/csr33/object_detection/naip_tiles/m_4007547_sw_18_060_20191024_20191203.tif
/hpc/group/borsuklab/csr33/object_detection/naip_tiles/m_3211609_se_11_060_20200425.tif
/hpc/group/borsuklab/csr33/object_detection/naip_tiles/m_3807537_se_18_060_20210605.tif
/hpc/group/borsuklab/csr33/object_detection/naip_tiles/m_3008623_ne_16_060_20191109_20200114.tif
/hpc/group/borsuklab/csr33/object_detection/naip_tiles/m_4406836_sw_19_060_20210914.tif
m_3211609_se_11_060_20200425 340
m_4506832_nw_19_060_20210911 300
m_4406836_sw_19_060_20210914 300
m_4007547_sw_18_060_20191024_20191203 320
m_3009343_ne_15_060_20190901_20191001 360
m_3707642_nw_18_060_20210827 340
m_3907537_ne_18_060_20190726_20191209 320
m_3108125_nw_17_060_20191110_20200102 340
m_3807537_se_18_060_20210605 320
m_3009349_sw_15_060_20201102 340
m_3008623_ne_16_060_20191109_20200114 340
m_3507617_nw_18_060_20200922 340
m_3407726_ne_18_060_20200904 340
m_3009549_sw_15_060_20201030 360
65.37302732467651
