load envirionment

/hpc/group/borsuklab/csr33/object_detection/naip_tiles/m_4007428_se_18_060_20190830_20191209.tif
/hpc/group/borsuklab/csr33/object_detection/naip_tiles/m_3009303_nw_15_060_20201006.tif
/hpc/group/borsuklab/csr33/object_detection/naip_tiles/m_3009037_nw_15_030_20211115.tif
/hpc/group/borsuklab/csr33/object_detection/naip_tiles/m_3412006_se_10_060_20200523.tif
/hpc/group/borsuklab/csr33/object_detection/naip_tiles/m_3211606_sw_11_060_20200415.tif
/hpc/group/borsuklab/csr33/object_detection/naip_tiles/m_2608011_nw_17_060_20191203_20200113.tif
/hpc/group/borsuklab/csr33/object_detection/naip_tiles/m_4107407_nw_18_060_20211105.tif
/hpc/group/borsuklab/csr33/object_detection/naip_tiles/m_3008109_se_17_060_20211129.tif
/hpc/group/borsuklab/csr33/object_detection/naip_tiles/m_3008112_sw_17_060_20211203.tif
/hpc/group/borsuklab/csr33/object_detection/naip_tiles/m_3607616_ne_18_060_20210913.tif
/hpc/group/borsuklab/csr33/object_detection/naip_tiles/m_2909436_nw_15_060_20201116.tif
/hpc/group/borsuklab/csr33/object_detection/naip_tiles/m_2708208_ne_17_060_20211202.tif
/hpc/group/borsuklab/csr33/object_detection/naip_tiles/m_2809760_se_14_060_20200430.tif
/hpc/group/borsuklab/csr33/object_detection/naip_tiles/m_3009204_se_15_030_20211223.tif
m_3009303_nw_15_060_20201006 340
m_4107407_nw_18_060_20211105 320
m_3412006_se_10_060_20200523 340
m_3008112_sw_17_060_20211203 340
m_3607616_ne_18_060_20210913 340
m_4007428_se_18_060_20190830_20191209 300
m_2708208_ne_17_060_20211202 360
m_3008109_se_17_060_20211129 360
m_3211606_sw_11_060_20200415 340
m_2608011_nw_17_060_20191203_20200113 360
m_2909436_nw_15_060_20201116 360
m_2809760_se_14_060_20200430 360
m_3009037_nw_15_030_20211115 1365
m_3009204_se_15_030_20211223 1326
141.52786874771118
