load envirionment

/hpc/group/borsuklab/csr33/object_detection/naip_tiles/m_4107126_nw_19_060_20210926.tif
/hpc/group/borsuklab/csr33/object_detection/naip_tiles/m_3008715_nw_16_060_20191103_20200114.tif
/hpc/group/borsuklab/csr33/object_detection/naip_tiles/m_2708012_nw_17_060_20191215_20200113.tif
/hpc/group/borsuklab/csr33/object_detection/naip_tiles/m_2909116_sw_15_060_20190707_20191001.tif
/hpc/group/borsuklab/csr33/object_detection/naip_tiles/m_3008351_se_17_060_20191121_20200114.tif
/hpc/group/borsuklab/csr33/object_detection/naip_tiles/m_3311807_ne_11_060_20200505.tif
/hpc/group/borsuklab/csr33/object_detection/naip_tiles/m_3009461_sw_15_060_20201112.tif
/hpc/group/borsuklab/csr33/object_detection/naip_tiles/m_3307945_sw_17_060_20210501.tif
/hpc/group/borsuklab/csr33/object_detection/naip_tiles/m_2909422_ne_15_060_20201112.tif
/hpc/group/borsuklab/csr33/object_detection/naip_tiles/m_4107447_se_18_060_20211105.tif
/hpc/group/borsuklab/csr33/object_detection/naip_tiles/m_2909663_ne_14_060_20201107.tif
/hpc/group/borsuklab/csr33/object_detection/naip_tiles/m_3009335_sw_15_060_20201031.tif
/hpc/group/borsuklab/csr33/object_detection/naip_tiles/m_2708263_nw_17_060_20211130.tif
/hpc/group/borsuklab/csr33/object_detection/naip_tiles/m_3507759_sw_18_060_20200930.tif
m_2909663_ne_14_060_20201107 360
m_3008351_se_17_060_20191121_20200114 360
m_3008715_nw_16_060_20191103_20200114 340
m_3009461_sw_15_060_20201112 340
m_4107447_se_18_060_20211105 320
m_4107126_nw_19_060_20210926 320
m_3009335_sw_15_060_20201031 340
m_3307945_sw_17_060_20210501 340
m_2708263_nw_17_060_20211130 380
m_3311807_ne_11_060_20200505 340
m_2909422_ne_15_060_20201112 340
m_2708012_nw_17_060_20191215_20200113 360
m_3507759_sw_18_060_20200930 378
m_2909116_sw_15_060_20190707_20191001 378
146.7548587322235
