load envirionment

/hpc/group/borsuklab/csr33/object_detection/naip_tiles/m_3607612_sw_18_060_20210926.tif
/hpc/group/borsuklab/csr33/object_detection/naip_tiles/m_2609717_ne_14_060_20200503.tif
/hpc/group/borsuklab/csr33/object_detection/naip_tiles/m_3108808_nw_16_030_20211120.tif
/hpc/group/borsuklab/csr33/object_detection/naip_tiles/m_3407831_se_17_060_20200904.tif
/hpc/group/borsuklab/csr33/object_detection/naip_tiles/m_2708062_se_17_060_20191215_20200113.tif
/hpc/group/borsuklab/csr33/object_detection/naip_tiles/m_3208145_ne_17_060_20191109_20200102.tif
/hpc/group/borsuklab/csr33/object_detection/naip_tiles/m_4406716_sw_19_060_20210711.tif
/hpc/group/borsuklab/csr33/object_detection/naip_tiles/m_4007546_nw_18_060_20191019_20191203.tif
/hpc/group/borsuklab/csr33/object_detection/naip_tiles/m_2908913_sw_16_030_20211129.tif
/hpc/group/borsuklab/csr33/object_detection/naip_tiles/m_4407056_nw_19_060_20210827.tif
/hpc/group/borsuklab/csr33/object_detection/naip_tiles/m_3507720_nw_18_060_20200922.tif
/hpc/group/borsuklab/csr33/object_detection/naip_tiles/m_4107223_nw_18_060_20210926.tif
/hpc/group/borsuklab/csr33/object_detection/naip_tiles/m_4107218_sw_18_060_20211105.tif
/hpc/group/borsuklab/csr33/object_detection/naip_tiles/m_4207326_nw_18_060_20210920.tif
m_4107223_nw_18_060_20210926 320
m_4207326_nw_18_060_20210920 320
m_4407056_nw_19_060_20210827 300
m_4107218_sw_18_060_20211105 336
m_4007546_nw_18_060_20191019_20191203 320
m_3507720_nw_18_060_20200922 340
m_2708062_se_17_060_20191215_20200113 360
m_3407831_se_17_060_20200904 357
m_3607612_sw_18_060_20210926 357
m_4406716_sw_19_060_20210711 315
m_3208145_ne_17_060_20191109_20200102 340
m_2609717_ne_14_060_20200503 360
m_2908913_sw_16_030_20211129 1365
m_3108808_nw_16_030_20211120 1400
131.64701008796692
