load envirionment

/hpc/group/borsuklab/csr33/object_detection/naip_tiles/m_3907523_se_18_060_20190726_20191209.tif
/hpc/group/borsuklab/csr33/object_detection/naip_tiles/m_4207306_se_18_060_20211106.tif
/hpc/group/borsuklab/csr33/object_detection/naip_tiles/m_3008345_nw_17_060_20191113_20200114.tif
/hpc/group/borsuklab/csr33/object_detection/naip_tiles/m_4107204_ne_18_060_20211001.tif
/hpc/group/borsuklab/csr33/object_detection/naip_tiles/m_3008459_sw_16_060_20191128_20200114.tif
/hpc/group/borsuklab/csr33/object_detection/naip_tiles/m_3607729_sw_18_060_20210910.tif
/hpc/group/borsuklab/csr33/object_detection/naip_tiles/m_3009319_ne_15_060_20201031.tif
/hpc/group/borsuklab/csr33/object_detection/naip_tiles/m_3807640_sw_18_060_20210623.tif
/hpc/group/borsuklab/csr33/object_detection/naip_tiles/m_2909324_nw_15_060_20190726_20191001.tif
/hpc/group/borsuklab/csr33/object_detection/naip_tiles/m_2908314_se_17_060_20211116.tif
/hpc/group/borsuklab/csr33/object_detection/naip_tiles/m_3907660_sw_18_060_20210617.tif
/hpc/group/borsuklab/csr33/object_detection/naip_tiles/m_4506725_ne_19_060_20210815.tif
/hpc/group/borsuklab/csr33/object_detection/naip_tiles/m_2608113_se_17_060_20211203.tif
/hpc/group/borsuklab/csr33/object_detection/naip_tiles/m_3307929_sw_17_060_20210501.tif
m_4207306_se_18_060_20211106 336
m_3607729_sw_18_060_20210910 357
m_4506725_ne_19_060_20210815 300
m_4107204_ne_18_060_20211001 320
m_3907660_sw_18_060_20210617 320
m_3807640_sw_18_060_20210623 320
m_3307929_sw_17_060_20210501 340
m_3907523_se_18_060_20190726_20191209 320
m_3009319_ne_15_060_20201031 340
m_3008345_nw_17_060_20191113_20200114 360
m_2608113_se_17_060_20211203 360
m_3008459_sw_16_060_20191128_20200114 360
m_2909324_nw_15_060_20190726_20191001 360
m_2908314_se_17_060_20211116 378
101.40001845359802
