load envirionment

/hpc/group/borsuklab/csr33/object_detection/naip_tiles/m_2908106_se_17_060_20211130.tif
/hpc/group/borsuklab/csr33/object_detection/naip_tiles/m_2908329_ne_17_060_20211130.tif
/hpc/group/borsuklab/csr33/object_detection/naip_tiles/m_3008739_nw_16_060_20191103_20200114.tif
/hpc/group/borsuklab/csr33/object_detection/naip_tiles/m_4107243_sw_18_060_20211001.tif
/hpc/group/borsuklab/csr33/object_detection/naip_tiles/m_4107131_sw_19_060_20210826.tif
/hpc/group/borsuklab/csr33/object_detection/naip_tiles/m_4207343_se_18_060_20211107.tif
/hpc/group/borsuklab/csr33/object_detection/naip_tiles/m_4506848_se_19_060_20210831.tif
/hpc/group/borsuklab/csr33/object_detection/naip_tiles/m_3211613_ne_11_060_20200415.tif
/hpc/group/borsuklab/csr33/object_detection/naip_tiles/m_4107353_nw_18_060_20211106.tif
/hpc/group/borsuklab/csr33/object_detection/naip_tiles/m_3407735_ne_18_060_20200930.tif
/hpc/group/borsuklab/csr33/object_detection/naip_tiles/m_4007462_ne_18_060_20190730_20191209.tif
/hpc/group/borsuklab/csr33/object_detection/naip_tiles/m_3108137_se_17_060_20211203.tif
/hpc/group/borsuklab/csr33/object_detection/naip_tiles/m_3009035_sw_15_030_20211120.tif
/hpc/group/borsuklab/csr33/object_detection/naip_tiles/m_2808050_ne_17_060_20191202_20200113.tif
m_4007462_ne_18_060_20190730_20191209 320
m_3008739_nw_16_060_20191103_20200114 340
m_4207343_se_18_060_20211107 320
m_4506848_se_19_060_20210831 300
m_4107131_sw_19_060_20210826 336
m_3211613_ne_11_060_20200415 340
m_3108137_se_17_060_20211203 340
m_4107353_nw_18_060_20211106 320
m_3407735_ne_18_060_20200930 340
m_4107243_sw_18_060_20211001 336
m_2908106_se_17_060_20211130 360
m_2908329_ne_17_060_20211130 360
m_2808050_ne_17_060_20191202_20200113 360
m_3009035_sw_15_030_20211120 1365
105.04873633384705
