load envirionment

/hpc/group/borsuklab/csr33/object_detection/naip_tiles/m_3311622_nw_11_060_20200416.tif
/hpc/group/borsuklab/csr33/object_detection/naip_tiles/m_2608016_ne_17_060_20191120_20200113.tif
/hpc/group/borsuklab/csr33/object_detection/naip_tiles/m_4307043_ne_19_060_20211007.tif
/hpc/group/borsuklab/csr33/object_detection/naip_tiles/m_2808235_se_17_060_20211130.tif
/hpc/group/borsuklab/csr33/object_detection/naip_tiles/m_3707704_se_18_060_20210910.tif
/hpc/group/borsuklab/csr33/object_detection/naip_tiles/m_3009262_sw_15_030_20211222.tif
/hpc/group/borsuklab/csr33/object_detection/naip_tiles/m_3907436_se_18_060_20190730_20191209.tif
/hpc/group/borsuklab/csr33/object_detection/naip_tiles/m_2708157_ne_17_060_20211204.tif
/hpc/group/borsuklab/csr33/object_detection/naip_tiles/m_3407838_ne_17_060_20201102.tif
/hpc/group/borsuklab/csr33/object_detection/naip_tiles/m_3411956_ne_11_060_20200524.tif
/hpc/group/borsuklab/csr33/object_detection/naip_tiles/m_3507510_sw_18_060_20200516.tif
/hpc/group/borsuklab/csr33/object_detection/naip_tiles/m_4107446_nw_18_060_20211105.tif
/hpc/group/borsuklab/csr33/object_detection/naip_tiles/m_4307139_se_19_060_20211024.tif
/hpc/group/borsuklab/csr33/object_detection/naip_tiles/m_4406955_ne_19_060_20211006.tif
m_4307139_se_19_060_20211024 336
m_3707704_se_18_060_20210910 357
m_4107446_nw_18_060_20211105 320
m_4406955_ne_19_060_20211006 300
m_3507510_sw_18_060_20200516 340
m_3907436_se_18_060_20190730_20191209 320
m_3407838_ne_17_060_20201102 340
m_3411956_ne_11_060_20200524 340
m_4307043_ne_19_060_20211007 320
m_2608016_ne_17_060_20191120_20200113 360
m_3311622_nw_11_060_20200416 340
m_2708157_ne_17_060_20211204 360
m_2808235_se_17_060_20211130 360
m_3009262_sw_15_030_20211222 1326
180.82447147369385
