load envirionment

/hpc/group/borsuklab/csr33/object_detection/naip_tiles/m_3008446_se_16_060_20191129_20200114.tif
/hpc/group/borsuklab/csr33/object_detection/naip_tiles/m_3407827_ne_17_060_20200903.tif
/hpc/group/borsuklab/csr33/object_detection/naip_tiles/m_3208024_se_17_060_20210426.tif
/hpc/group/borsuklab/csr33/object_detection/naip_tiles/m_2908409_se_16_060_20191128_20200114.tif
/hpc/group/borsuklab/csr33/object_detection/naip_tiles/m_3807728_ne_18_060_20210903.tif
/hpc/group/borsuklab/csr33/object_detection/naip_tiles/m_3009024_nw_15_030_20211123.tif
/hpc/group/borsuklab/csr33/object_detection/naip_tiles/m_3008430_se_16_060_20211116.tif
/hpc/group/borsuklab/csr33/object_detection/naip_tiles/m_4107016_sw_19_060_20210826.tif
/hpc/group/borsuklab/csr33/object_detection/naip_tiles/m_4007451_sw_18_060_20191014_20191203.tif
/hpc/group/borsuklab/csr33/object_detection/naip_tiles/m_4207118_nw_19_060_20211105.tif
/hpc/group/borsuklab/csr33/object_detection/naip_tiles/m_3412029_sw_10_060_20200607.tif
/hpc/group/borsuklab/csr33/object_detection/naip_tiles/m_3311609_ne_11_060_20200422.tif
/hpc/group/borsuklab/csr33/object_detection/naip_tiles/m_3411861_ne_11_060_20200515.tif
/hpc/group/borsuklab/csr33/object_detection/naip_tiles/m_4007209_se_18_060_20211105.tif
m_4107016_sw_19_060_20210826 320
m_3311609_ne_11_060_20200422 340
m_3208024_se_17_060_20210426 340
m_3412029_sw_10_060_20200607 340
m_3807728_ne_18_060_20210903 340
m_2908409_se_16_060_20191128_20200114 360
m_4007209_se_18_060_20211105 336
m_3411861_ne_11_060_20200515 340
m_3008446_se_16_060_20191129_20200114 360
m_4007451_sw_18_060_20191014_20191203 320
m_4207118_nw_19_060_20211105 320
m_3407827_ne_17_060_20200903 340
m_3008430_se_16_060_20211116 378
m_3009024_nw_15_030_20211123 1365
105.56835603713989
