load envirionment

/hpc/group/borsuklab/csr33/object_detection/naip_tiles/m_3307923_se_17_060_20210501.tif
/hpc/group/borsuklab/csr33/object_detection/naip_tiles/m_3208122_sw_17_060_20210426.tif
/hpc/group/borsuklab/csr33/object_detection/naip_tiles/m_3008119_nw_17_060_20211129.tif
/hpc/group/borsuklab/csr33/object_detection/naip_tiles/m_3008701_ne_16_030_20211115.tif
/hpc/group/borsuklab/csr33/object_detection/naip_tiles/m_3507762_se_18_060_20201031.tif
/hpc/group/borsuklab/csr33/object_detection/naip_tiles/m_3407610_se_18_060_20201031.tif
/hpc/group/borsuklab/csr33/object_detection/naip_tiles/m_3512055_se_10_060_20200522.tif
/hpc/group/borsuklab/csr33/object_detection/naip_tiles/m_3407716_sw_18_060_20201031.tif
/hpc/group/borsuklab/csr33/object_detection/naip_tiles/m_2609722_nw_14_060_20201029.tif
/hpc/group/borsuklab/csr33/object_detection/naip_tiles/m_3009459_nw_15_060_20201112.tif
/hpc/group/borsuklab/csr33/object_detection/naip_tiles/m_3507708_nw_18_060_20200922.tif
/hpc/group/borsuklab/csr33/object_detection/naip_tiles/m_3008933_se_16_030_20211115.tif
/hpc/group/borsuklab/csr33/object_detection/naip_tiles/m_3607755_nw_18_060_20200922.tif
/hpc/group/borsuklab/csr33/object_detection/naip_tiles/m_2908901_sw_16_030_20211129.tif
m_3507708_nw_18_060_20200922 340
m_3607755_nw_18_060_20200922 340
m_3208122_sw_17_060_20210426 340
m_3009459_nw_15_060_20201112 340
m_3307923_se_17_060_20210501 340
m_3507762_se_18_060_20201031 357
m_2609722_nw_14_060_20201029 360
m_3407716_sw_18_060_20201031 357
m_3407610_se_18_060_20201031 357
m_3512055_se_10_060_20200522 340
m_3008119_nw_17_060_20211129 360
m_2908901_sw_16_030_20211129 1365
m_3008933_se_16_030_20211115 1365
m_3008701_ne_16_030_20211115 1400
135.12570786476135
