load envirionment

/hpc/group/borsuklab/csr33/object_detection/naip_tiles/m_2808204_sw_17_060_20211130.tif
/hpc/group/borsuklab/csr33/object_detection/naip_tiles/m_2709601_ne_14_060_20200430.tif
/hpc/group/borsuklab/csr33/object_detection/naip_tiles/m_3211604_ne_11_060_20200415.tif
/hpc/group/borsuklab/csr33/object_detection/naip_tiles/m_4307037_sw_19_060_20210722.tif
/hpc/group/borsuklab/csr33/object_detection/naip_tiles/m_4307041_nw_19_060_20211007.tif
/hpc/group/borsuklab/csr33/object_detection/naip_tiles/m_3009337_ne_15_030_20211122.tif
/hpc/group/borsuklab/csr33/object_detection/naip_tiles/m_2909425_nw_15_060_20201116.tif
/hpc/group/borsuklab/csr33/object_detection/naip_tiles/m_3407601_sw_18_060_20201031.tif
/hpc/group/borsuklab/csr33/object_detection/naip_tiles/m_4406810_ne_19_060_20210929.tif
/hpc/group/borsuklab/csr33/object_detection/naip_tiles/m_3008329_nw_17_060_20191113_20200114.tif
/hpc/group/borsuklab/csr33/object_detection/naip_tiles/m_3008911_sw_16_030_20211112.tif
/hpc/group/borsuklab/csr33/object_detection/naip_tiles/m_3008361_sw_17_060_20191121_20200114.tif
/hpc/group/borsuklab/csr33/object_detection/naip_tiles/m_4506836_nw_19_060_20211006.tif
/hpc/group/borsuklab/csr33/object_detection/naip_tiles/m_3009060_ne_15_060_20190831_20191001.tif
m_4307041_nw_19_060_20211007 320
m_2909425_nw_15_060_20201116 360
m_4307037_sw_19_060_20210722 336
m_3008361_sw_17_060_20191121_20200114 360
m_4506836_nw_19_060_20211006 300
m_2709601_ne_14_060_20200430 360
m_4406810_ne_19_060_20210929 300
m_3407601_sw_18_060_20201031 357
m_3009060_ne_15_060_20190831_20191001 360
m_3008329_nw_17_060_20191113_20200114 360
m_3211604_ne_11_060_20200415 340
m_2808204_sw_17_060_20211130 360
m_3008911_sw_16_030_20211112 1476
m_3009337_ne_15_030_20211122 1326
133.34990859031677
