load envirionment

/hpc/group/borsuklab/csr33/object_detection/naip_tiles/m_3008153_nw_17_060_20211130.tif
/hpc/group/borsuklab/csr33/object_detection/naip_tiles/m_2809622_nw_14_060_20200501.tif
/hpc/group/borsuklab/csr33/object_detection/naip_tiles/m_3008462_nw_16_060_20191129_20200114.tif
/hpc/group/borsuklab/csr33/object_detection/naip_tiles/m_3507618_sw_18_060_20201018.tif
/hpc/group/borsuklab/csr33/object_detection/naip_tiles/m_2809615_nw_14_060_20201029.tif
/hpc/group/borsuklab/csr33/object_detection/naip_tiles/m_2709711_ne_14_060_20200501.tif
/hpc/group/borsuklab/csr33/object_detection/naip_tiles/m_2708020_nw_17_060_20191215_20200113.tif
/hpc/group/borsuklab/csr33/object_detection/naip_tiles/m_3108101_ne_17_060_20191109_20200102.tif
/hpc/group/borsuklab/csr33/object_detection/naip_tiles/m_3108152_sw_17_060_20211203.tif
/hpc/group/borsuklab/csr33/object_detection/naip_tiles/m_4406959_sw_19_060_20210827.tif
/hpc/group/borsuklab/csr33/object_detection/naip_tiles/m_3008215_ne_17_060_20191110_20200108.tif
/hpc/group/borsuklab/csr33/object_detection/naip_tiles/m_3211612_nw_11_060_20200415.tif
/hpc/group/borsuklab/csr33/object_detection/naip_tiles/m_3009433_ne_15_060_20201112.tif
/hpc/group/borsuklab/csr33/object_detection/naip_tiles/m_3308164_se_17_060_20210421.tif
m_2708020_nw_17_060_20191215_20200113 360
m_2809622_nw_14_060_20200501 360
m_3507618_sw_18_060_20201018 357
m_3108101_ne_17_060_20191109_20200102 340
m_3211612_nw_11_060_20200415 340
m_3009433_ne_15_060_20201112 340
m_3008153_nw_17_060_20211130 360
m_3008462_nw_16_060_20191129_20200114 360
m_4406959_sw_19_060_20210827 300
m_3108152_sw_17_060_20211203 340
m_3008215_ne_17_060_20191110_20200108 340
m_2809615_nw_14_060_20201029 360
m_2709711_ne_14_060_20200501 360
m_3308164_se_17_060_20210421 340
92.42551684379578
