load envirionment

/hpc/group/borsuklab/csr33/object_detection/naip_tiles/m_3108822_ne_16_030_20211123.tif
/hpc/group/borsuklab/csr33/object_detection/naip_tiles/m_4107017_sw_19_060_20210826.tif
/hpc/group/borsuklab/csr33/object_detection/naip_tiles/m_3407945_sw_17_060_20210508.tif
/hpc/group/borsuklab/csr33/object_detection/naip_tiles/m_3407713_se_18_060_20200930.tif
/hpc/group/borsuklab/csr33/object_detection/naip_tiles/m_3008807_sw_16_030_20211112.tif
/hpc/group/borsuklab/csr33/object_detection/naip_tiles/m_3407850_nw_17_060_20200603.tif
/hpc/group/borsuklab/csr33/object_detection/naip_tiles/m_4107430_se_18_060_20191005_20191209.tif
/hpc/group/borsuklab/csr33/object_detection/naip_tiles/m_3607645_ne_18_060_20201001.tif
/hpc/group/borsuklab/csr33/object_detection/naip_tiles/m_3008609_se_16_060_20191103_20200114.tif
/hpc/group/borsuklab/csr33/object_detection/naip_tiles/m_3807511_ne_18_060_20210623.tif
/hpc/group/borsuklab/csr33/object_detection/naip_tiles/m_3807714_ne_18_060_20210910.tif
/hpc/group/borsuklab/csr33/object_detection/naip_tiles/m_2708215_se_17_060_20211130.tif
/hpc/group/borsuklab/csr33/object_detection/naip_tiles/m_3907522_ne_18_060_20190726_20191209.tif
/hpc/group/borsuklab/csr33/object_detection/naip_tiles/m_3307930_se_17_060_20210501.tif
m_4107430_se_18_060_20191005_20191209 300
m_3807714_ne_18_060_20210910 340
m_3407945_sw_17_060_20210508 340
m_2708215_se_17_060_20211130 360
m_3407713_se_18_060_20200930 357
m_3407850_nw_17_060_20200603 360
m_3907522_ne_18_060_20190726_20191209 320
m_3807511_ne_18_060_20210623 320
m_3607645_ne_18_060_20201001 340
m_3307930_se_17_060_20210501 340
m_3008609_se_16_060_20191103_20200114 340
m_4107017_sw_19_060_20210826 336
m_3008807_sw_16_030_20211112 1400
m_3108822_ne_16_030_20211123 1400
116.39596581459045
