load envirionment

/hpc/group/borsuklab/csr33/object_detection/naip_tiles/m_3311837_se_11_060_20200504.tif
/hpc/group/borsuklab/csr33/object_detection/naip_tiles/m_3008912_se_16_030_20211112.tif
/hpc/group/borsuklab/csr33/object_detection/naip_tiles/m_4107218_ne_18_060_20211105.tif
/hpc/group/borsuklab/csr33/object_detection/naip_tiles/m_3008364_sw_17_060_20211117.tif
/hpc/group/borsuklab/csr33/object_detection/naip_tiles/m_3507641_sw_18_060_20201031.tif
/hpc/group/borsuklab/csr33/object_detection/naip_tiles/m_3507518_sw_18_060_20201018.tif
/hpc/group/borsuklab/csr33/object_detection/naip_tiles/m_2608142_se_17_060_20211223.tif
/hpc/group/borsuklab/csr33/object_detection/naip_tiles/m_2808202_ne_17_060_20211201.tif
/hpc/group/borsuklab/csr33/object_detection/naip_tiles/m_2908403_nw_16_060_20191128_20200114.tif
/hpc/group/borsuklab/csr33/object_detection/naip_tiles/m_3507752_ne_18_060_20200930.tif
/hpc/group/borsuklab/csr33/object_detection/naip_tiles/m_2909028_nw_15_030_20211130.tif
/hpc/group/borsuklab/csr33/object_detection/naip_tiles/m_3008641_nw_16_060_20191103_20200114.tif
/hpc/group/borsuklab/csr33/object_detection/naip_tiles/m_3008737_se_16_030_20211113.tif
/hpc/group/borsuklab/csr33/object_detection/naip_tiles/m_3009348_nw_15_060_20190901_20191001.tif
m_3507752_ne_18_060_20200930 340
m_3008364_sw_17_060_20211117 378
m_3008641_nw_16_060_20191103_20200114 340
m_2908403_nw_16_060_20191128_20200114 360
m_4107218_ne_18_060_20211105 320
m_2808202_ne_17_060_20211201 360
m_3009348_nw_15_060_20190901_20191001 360
m_3507641_sw_18_060_20201031 357
m_3507518_sw_18_060_20201018 340
m_3311837_se_11_060_20200504 340
m_2608142_se_17_060_20211223 360
m_2909028_nw_15_030_20211130 1365
m_3008737_se_16_030_20211113 1400
m_3008912_se_16_030_20211112 1435
123.35680890083313
