load envirionment

/hpc/group/borsuklab/csr33/object_detection/naip_tiles/m_3008622_nw_16_060_20191109_20200114.tif
/hpc/group/borsuklab/csr33/object_detection/naip_tiles/m_4406806_nw_19_060_20210919.tif
/hpc/group/borsuklab/csr33/object_detection/naip_tiles/m_3311846_ne_11_060_20200504.tif
/hpc/group/borsuklab/csr33/object_detection/naip_tiles/m_3307914_nw_17_060_20210501.tif
/hpc/group/borsuklab/csr33/object_detection/naip_tiles/m_3311649_nw_11_060_20200415.tif
/hpc/group/borsuklab/csr33/object_detection/naip_tiles/m_4506853_ne_19_060_20210929.tif
/hpc/group/borsuklab/csr33/object_detection/naip_tiles/m_3907532_se_18_060_20190726_20191209.tif
/hpc/group/borsuklab/csr33/object_detection/naip_tiles/m_3008630_sw_16_060_20191109_20200114.tif
/hpc/group/borsuklab/csr33/object_detection/naip_tiles/m_4107320_sw_18_060_20211106.tif
/hpc/group/borsuklab/csr33/object_detection/naip_tiles/m_4107217_ne_18_060_20211105.tif
/hpc/group/borsuklab/csr33/object_detection/naip_tiles/m_2909146_ne_15_060_20190830_20191001.tif
/hpc/group/borsuklab/csr33/object_detection/naip_tiles/m_4107024_ne_19_060_20210826.tif
/hpc/group/borsuklab/csr33/object_detection/naip_tiles/m_2909022_sw_15_030_20211130.tif
/hpc/group/borsuklab/csr33/object_detection/naip_tiles/m_3008344_ne_17_060_20191113_20200114.tif
m_3008630_sw_16_060_20191109_20200114 340
m_4107024_ne_19_060_20210826 320
m_4406806_nw_19_060_20210919 300
m_4107217_ne_18_060_20211105 320
m_4506853_ne_19_060_20210929 300
m_3311846_ne_11_060_20200504 340
m_3311649_nw_11_060_20200415 340
m_4107320_sw_18_060_20211106 336
m_3907532_se_18_060_20190726_20191209 320
m_3307914_nw_17_060_20210501 340
m_3008344_ne_17_060_20191113_20200114 360
m_3008622_nw_16_060_20191109_20200114 340
m_2909146_ne_15_060_20190830_20191001 360
m_2909022_sw_15_030_20211130 1365
120.32523441314697
