load envirionment

/hpc/group/borsuklab/csr33/object_detection/naip_tiles/m_3009028_se_15_060_20190726_20191001.tif
/hpc/group/borsuklab/csr33/object_detection/naip_tiles/m_2808036_nw_17_060_20191130_20200113.tif
/hpc/group/borsuklab/csr33/object_detection/naip_tiles/m_4307057_ne_19_060_20211024.tif
/hpc/group/borsuklab/csr33/object_detection/naip_tiles/m_3108823_se_16_030_20211120.tif
/hpc/group/borsuklab/csr33/object_detection/naip_tiles/m_3707643_ne_18_060_20210912.tif
/hpc/group/borsuklab/csr33/object_detection/naip_tiles/m_2808220_sw_17_060_20211130.tif
/hpc/group/borsuklab/csr33/object_detection/naip_tiles/m_3907549_ne_18_060_20210606.tif
/hpc/group/borsuklab/csr33/object_detection/naip_tiles/m_3907634_se_18_060_20210616.tif
/hpc/group/borsuklab/csr33/object_detection/naip_tiles/m_3307941_nw_17_060_20210508.tif
/hpc/group/borsuklab/csr33/object_detection/naip_tiles/m_3607645_nw_18_060_20200922.tif
/hpc/group/borsuklab/csr33/object_detection/naip_tiles/m_3407703_se_18_060_20200930.tif
/hpc/group/borsuklab/csr33/object_detection/naip_tiles/m_2709728_ne_14_060_20200430.tif
/hpc/group/borsuklab/csr33/object_detection/naip_tiles/m_3907559_nw_18_060_20210623.tif
/hpc/group/borsuklab/csr33/object_detection/naip_tiles/m_3907533_nw_18_060_20211020.tif
m_2709728_ne_14_060_20200430 360
m_3907634_se_18_060_20210616 320
m_3907559_nw_18_060_20210623 320
m_3407703_se_18_060_20200930 357
m_3307941_nw_17_060_20210508 340
m_3907533_nw_18_060_20211020 320
m_3607645_nw_18_060_20200922 340
m_3907549_ne_18_060_20210606 320
m_4307057_ne_19_060_20211024 320
m_3707643_ne_18_060_20210912 340
m_2808036_nw_17_060_20191130_20200113 360
m_2808220_sw_17_060_20211130 360
m_3009028_se_15_060_20190726_20191001 378
m_3108823_se_16_030_20211120 1400
162.74209904670715
