load envirionment

/hpc/group/borsuklab/csr33/object_detection/naip_tiles/m_3707660_sw_18_060_20210926.tif
/hpc/group/borsuklab/csr33/object_detection/naip_tiles/m_2508049_ne_17_060_20211203.tif
/hpc/group/borsuklab/csr33/object_detection/naip_tiles/m_3009333_se_15_060_20201102.tif
/hpc/group/borsuklab/csr33/object_detection/naip_tiles/m_2508034_nw_17_060_20211203.tif
/hpc/group/borsuklab/csr33/object_detection/naip_tiles/m_4406712_sw_19_060_20210907.tif
/hpc/group/borsuklab/csr33/object_detection/naip_tiles/m_3108858_sw_16_030_20211124.tif
/hpc/group/borsuklab/csr33/object_detection/naip_tiles/m_3307946_ne_17_060_20210501.tif
/hpc/group/borsuklab/csr33/object_detection/naip_tiles/m_4406838_sw_19_060_20210919.tif
/hpc/group/borsuklab/csr33/object_detection/naip_tiles/m_2608018_ne_17_060_20191203_20200113.tif
/hpc/group/borsuklab/csr33/object_detection/naip_tiles/m_3707601_se_18_060_20210827.tif
/hpc/group/borsuklab/csr33/object_detection/naip_tiles/m_3108127_ne_17_060_20191110_20200102.tif
/hpc/group/borsuklab/csr33/object_detection/naip_tiles/m_2909203_se_15_060_20190706_20191001.tif
/hpc/group/borsuklab/csr33/object_detection/naip_tiles/m_2708028_se_17_060_20191215_20200113.tif
/hpc/group/borsuklab/csr33/object_detection/naip_tiles/m_2709752_sw_14_060_20200430.tif
m_3307946_ne_17_060_20210501 340
m_4406838_sw_19_060_20210919 300
m_3108127_ne_17_060_20191110_20200102 340
m_4406712_sw_19_060_20210907 315
m_2708028_se_17_060_20191215_20200113 360
m_3009333_se_15_060_20201102 340
m_2909203_se_15_060_20190706_20191001 360
m_3707660_sw_18_060_20210926 357
m_3707601_se_18_060_20210827 357
m_2608018_ne_17_060_20191203_20200113 360
m_2508034_nw_17_060_20211203 380
m_2508049_ne_17_060_20211203 360
m_2709752_sw_14_060_20200430 360
m_3108858_sw_16_030_20211124 1476
195.79290461540222
