load envirionment

/hpc/group/borsuklab/csr33/object_detection/naip_tiles/m_3009144_sw_15_030_20211114.tif
/hpc/group/borsuklab/csr33/object_detection/naip_tiles/m_4207312_ne_18_060_20211107.tif
/hpc/group/borsuklab/csr33/object_detection/naip_tiles/m_3009120_sw_15_030_20211114.tif
/hpc/group/borsuklab/csr33/object_detection/naip_tiles/m_2909016_nw_15_030_20211123.tif
/hpc/group/borsuklab/csr33/object_detection/naip_tiles/m_3507753_ne_18_060_20200930.tif
/hpc/group/borsuklab/csr33/object_detection/naip_tiles/m_3108752_nw_16_030_20211115.tif
/hpc/group/borsuklab/csr33/object_detection/naip_tiles/m_3307920_ne_17_060_20210501.tif
/hpc/group/borsuklab/csr33/object_detection/naip_tiles/m_2708212_sw_17_060_20211130.tif
/hpc/group/borsuklab/csr33/object_detection/naip_tiles/m_3009209_se_15_030_20211221.tif
/hpc/group/borsuklab/csr33/object_detection/naip_tiles/m_2908921_sw_16_030_20211130.tif
/hpc/group/borsuklab/csr33/object_detection/naip_tiles/m_3507650_ne_18_060_20201031.tif
/hpc/group/borsuklab/csr33/object_detection/naip_tiles/m_2909314_ne_15_060_20190706_20191001.tif
/hpc/group/borsuklab/csr33/object_detection/naip_tiles/m_3009038_nw_15_030_20211115.tif
/hpc/group/borsuklab/csr33/object_detection/naip_tiles/m_3008341_nw_17_060_20191117_20200114.tif
m_2708212_sw_17_060_20211130 360
m_4207312_ne_18_060_20211107 320
m_3507650_ne_18_060_20201031 340
m_3307920_ne_17_060_20210501 340
m_3008341_nw_17_060_20191117_20200114 360
m_2909314_ne_15_060_20190706_20191001 360
m_3507753_ne_18_060_20200930 340
m_2908921_sw_16_030_20211130 1365
m_3009209_se_15_030_20211221 1326
m_3009120_sw_15_030_20211114 1326
m_3009144_sw_15_030_20211114 1326
m_3009038_nw_15_030_20211115 1365
m_3108752_nw_16_030_20211115 1400
m_2909016_nw_15_030_20211123 1365
206.31774520874023
