load envirionment

/hpc/group/borsuklab/csr33/object_detection/naip_tiles/m_2708052_se_17_060_20191215_20200113.tif
/hpc/group/borsuklab/csr33/object_detection/naip_tiles/m_3607605_sw_18_060_20210913.tif
/hpc/group/borsuklab/csr33/object_detection/naip_tiles/m_2809626_nw_14_060_20201029.tif
/hpc/group/borsuklab/csr33/object_detection/naip_tiles/m_4406711_sw_19_060_20210907.tif
/hpc/group/borsuklab/csr33/object_detection/naip_tiles/m_2908348_sw_17_060_20211117.tif
/hpc/group/borsuklab/csr33/object_detection/naip_tiles/m_2908305_nw_17_060_20211130.tif
/hpc/group/borsuklab/csr33/object_detection/naip_tiles/m_3407604_se_18_060_20201018.tif
/hpc/group/borsuklab/csr33/object_detection/naip_tiles/m_4107346_se_18_060_20211103.tif
/hpc/group/borsuklab/csr33/object_detection/naip_tiles/m_3008843_nw_16_030_20211114.tif
/hpc/group/borsuklab/csr33/object_detection/naip_tiles/m_3009448_nw_15_060_20201102.tif
/hpc/group/borsuklab/csr33/object_detection/naip_tiles/m_3008135_nw_17_060_20211129.tif
/hpc/group/borsuklab/csr33/object_detection/naip_tiles/m_4406812_se_19_060_20210914.tif
/hpc/group/borsuklab/csr33/object_detection/naip_tiles/m_2909315_se_15_060_20190726_20191001.tif
/hpc/group/borsuklab/csr33/object_detection/naip_tiles/m_4107106_nw_19_060_20210826.tif
m_4406711_sw_19_060_20210907 300
m_4406812_se_19_060_20210914 300
m_3009448_nw_15_060_20201102 340
m_4107106_nw_19_060_20210826 320
m_2708052_se_17_060_20191215_20200113 360
m_4107346_se_18_060_20211103 336
m_3607605_sw_18_060_20210913 340
m_2909315_se_15_060_20190726_20191001 360
m_3407604_se_18_060_20201018 340
m_3008135_nw_17_060_20211129 360
m_2809626_nw_14_060_20201029 360
m_2908305_nw_17_060_20211130 360
m_2908348_sw_17_060_20211117 378
m_3008843_nw_16_030_20211114 1440
120.36456561088562
