load envirionment

/hpc/group/borsuklab/csr33/object_detection/naip_tiles/m_4007451_ne_18_060_20190730_20191209.tif
/hpc/group/borsuklab/csr33/object_detection/naip_tiles/m_3008932_ne_16_030_20211119.tif
/hpc/group/borsuklab/csr33/object_detection/naip_tiles/m_2709707_nw_14_060_20200430.tif
/hpc/group/borsuklab/csr33/object_detection/naip_tiles/m_3407839_sw_17_060_20201102.tif
/hpc/group/borsuklab/csr33/object_detection/naip_tiles/m_3907636_sw_18_060_20210617.tif
/hpc/group/borsuklab/csr33/object_detection/naip_tiles/m_3208001_nw_17_060_20210426.tif
/hpc/group/borsuklab/csr33/object_detection/naip_tiles/m_2708157_se_17_060_20211204.tif
/hpc/group/borsuklab/csr33/object_detection/naip_tiles/m_3807731_nw_18_060_20210617.tif
/hpc/group/borsuklab/csr33/object_detection/naip_tiles/m_2709720_sw_14_060_20200430.tif
/hpc/group/borsuklab/csr33/object_detection/naip_tiles/m_3009129_ne_15_030_20211114.tif
/hpc/group/borsuklab/csr33/object_detection/naip_tiles/m_2909411_nw_15_060_20201112.tif
/hpc/group/borsuklab/csr33/object_detection/naip_tiles/m_3412027_se_10_1_20140926_20150115.tif
/hpc/group/borsuklab/csr33/object_detection/naip_tiles/m_2909412_nw_15_060_20201112.tif
/hpc/group/borsuklab/csr33/object_detection/naip_tiles/m_2909550_sw_15_060_20201031.tif
m_3412027_se_10_1_20140926_20150115 132
m_3208001_nw_17_060_20210426 340
m_3807731_nw_18_060_20210617 320
m_4007451_ne_18_060_20190730_20191209 300
m_2708157_se_17_060_20211204 360
m_2709720_sw_14_060_20200430 360
m_2909550_sw_15_060_20201031 360
m_2909411_nw_15_060_20201112 360
m_3907636_sw_18_060_20210617 320
m_3407839_sw_17_060_20201102 378
m_2709707_nw_14_060_20200430 360
m_2909412_nw_15_060_20201112 360
m_3009129_ne_15_030_20211114 1326
m_3008932_ne_16_030_20211119 1400
112.36295580863953
