load envirionment

/hpc/group/borsuklab/csr33/object_detection/naip_tiles/m_3108114_se_17_060_20191110_20200102.tif
/hpc/group/borsuklab/csr33/object_detection/naip_tiles/m_2909543_sw_15_060_20201117.tif
/hpc/group/borsuklab/csr33/object_detection/naip_tiles/m_2608216_sw_17_060_20211217.tif
/hpc/group/borsuklab/csr33/object_detection/naip_tiles/m_3009132_nw_15_030_20211119.tif
/hpc/group/borsuklab/csr33/object_detection/naip_tiles/m_3009151_se_15_030_20211114.tif
/hpc/group/borsuklab/csr33/object_detection/naip_tiles/m_3009035_se_15_030_20211120.tif
/hpc/group/borsuklab/csr33/object_detection/naip_tiles/m_3008249_se_17_060_20211129.tif
/hpc/group/borsuklab/csr33/object_detection/naip_tiles/m_3008550_ne_16_060_20191109_20200114.tif
/hpc/group/borsuklab/csr33/object_detection/naip_tiles/m_4207058_se_19_060_20210904.tif
/hpc/group/borsuklab/csr33/object_detection/naip_tiles/m_2909114_nw_15_060_20190707_20191001.tif
/hpc/group/borsuklab/csr33/object_detection/naip_tiles/m_4107362_ne_18_060_20211103.tif
/hpc/group/borsuklab/csr33/object_detection/naip_tiles/m_3008206_ne_17_060_20191110_20200108.tif
/hpc/group/borsuklab/csr33/object_detection/naip_tiles/m_3008824_sw_16_030_20211119.tif
/hpc/group/borsuklab/csr33/object_detection/naip_tiles/m_2908235_se_17_060_20211129.tif
m_4107362_ne_18_060_20211103 320
m_4207058_se_19_060_20210904 336
m_2909543_sw_15_060_20201117 360
m_3008550_ne_16_060_20191109_20200114 340
m_3108114_se_17_060_20191110_20200102 340
m_2909114_nw_15_060_20190707_20191001 360
m_3008206_ne_17_060_20191110_20200108 340
m_3008249_se_17_060_20211129 378
m_2908235_se_17_060_20211129 360
m_2608216_sw_17_060_20211217 380
m_3009132_nw_15_030_20211119 1326
m_3009151_se_15_030_20211114 1326
m_3009035_se_15_030_20211120 1365
m_3008824_sw_16_030_20211119 1400
214.63725185394287
