load envirionment

/hpc/group/borsuklab/csr33/object_detection/naip_tiles/m_3807535_sw_18_060_20210605.tif
/hpc/group/borsuklab/csr33/object_detection/naip_tiles/m_3008825_nw_16_030_20211119.tif
/hpc/group/borsuklab/csr33/object_detection/naip_tiles/m_3008455_ne_16_060_20191205_20200114.tif
/hpc/group/borsuklab/csr33/object_detection/naip_tiles/m_3009433_sw_15_060_20201112.tif
/hpc/group/borsuklab/csr33/object_detection/naip_tiles/m_3108151_se_17_060_20191110_20200102.tif
/hpc/group/borsuklab/csr33/object_detection/naip_tiles/m_3108743_sw_16_030_20211115.tif
/hpc/group/borsuklab/csr33/object_detection/naip_tiles/m_3008626_nw_16_060_20191109_20200114.tif
/hpc/group/borsuklab/csr33/object_detection/naip_tiles/m_3009163_ne_15_030_20211120.tif
/hpc/group/borsuklab/csr33/object_detection/naip_tiles/m_2709757_ne_14_060_20200501.tif
/hpc/group/borsuklab/csr33/object_detection/naip_tiles/m_4007432_ne_18_060_20211105.tif
/hpc/group/borsuklab/csr33/object_detection/naip_tiles/m_3407862_nw_17_060_20200922.tif
/hpc/group/borsuklab/csr33/object_detection/naip_tiles/m_3907644_sw_18_060_20210617.tif
/hpc/group/borsuklab/csr33/object_detection/naip_tiles/m_2808035_nw_17_060_20191130_20200113.tif
/hpc/group/borsuklab/csr33/object_detection/naip_tiles/m_3008950_ne_16_030_20211116.tif
m_3108151_se_17_060_20191110_20200102 340
m_4007432_ne_18_060_20211105 320
m_3907644_sw_18_060_20210617 320
m_3009433_sw_15_060_20201112 340
m_3807535_sw_18_060_20210605 320
m_2709757_ne_14_060_20200501 360
m_3008455_ne_16_060_20191205_20200114 360
m_2808035_nw_17_060_20191130_20200113 360
m_3008626_nw_16_060_20191109_20200114 340
m_3407862_nw_17_060_20200922 360
m_3008950_ne_16_030_20211116 1365
m_3009163_ne_15_030_20211120 1365
m_3108743_sw_16_030_20211115 1400
m_3008825_nw_16_030_20211119 1440
155.3861322402954
