load envirionment

/hpc/group/borsuklab/csr33/object_detection/naip_tiles/m_3807562_nw_18_060_20210605.tif
/hpc/group/borsuklab/csr33/object_detection/naip_tiles/m_3311717_nw_11_060_20200505.tif
/hpc/group/borsuklab/csr33/object_detection/naip_tiles/m_4506864_se_19_060_20210831.tif
/hpc/group/borsuklab/csr33/object_detection/naip_tiles/m_3907402_nw_18_060_20190830_20191209.tif
/hpc/group/borsuklab/csr33/object_detection/naip_tiles/m_3407726_nw_18_060_20200904.tif
/hpc/group/borsuklab/csr33/object_detection/naip_tiles/m_2909520_se_15_060_20201118.tif
/hpc/group/borsuklab/csr33/object_detection/naip_tiles/m_3807732_sw_18_060_20210617.tif
/hpc/group/borsuklab/csr33/object_detection/naip_tiles/m_3009557_ne_15_060_20201030.tif
/hpc/group/borsuklab/csr33/object_detection/naip_tiles/m_3311625_se_11_060_20200415.tif
/hpc/group/borsuklab/csr33/object_detection/naip_tiles/m_3311604_se_11_060_20200416.tif
/hpc/group/borsuklab/csr33/object_detection/naip_tiles/m_3009260_nw_15_060_20190706_20191001.tif
/hpc/group/borsuklab/csr33/object_detection/naip_tiles/m_3211619_nw_11_060_20200425.tif
/hpc/group/borsuklab/csr33/object_detection/naip_tiles/m_3008562_sw_16_060_20191118_20200114.tif
/hpc/group/borsuklab/csr33/object_detection/naip_tiles/m_3607634_ne_18_060_20200516.tif
m_3311625_se_11_060_20200415 340
m_3008562_sw_16_060_20191118_20200114 360
m_4506864_se_19_060_20210831 300
m_3311604_se_11_060_20200416 340
m_3907402_nw_18_060_20190830_20191209 300
m_3407726_nw_18_060_20200904 360
m_3807562_nw_18_060_20210605 320
m_2909520_se_15_060_20201118 360
m_3009557_ne_15_060_20201030 360
m_3311717_nw_11_060_20200505 340
m_3607634_ne_18_060_20200516 340
m_3211619_nw_11_060_20200425 340
m_3009260_nw_15_060_20190706_20191001 360
m_3807732_sw_18_060_20210617 320
76.56296277046204
