load envirionment

/hpc/group/borsuklab/csr33/object_detection/naip_tiles/m_4506851_se_19_060_20211006.tif
/hpc/group/borsuklab/csr33/object_detection/naip_tiles/m_3907629_se_18_060_20211101.tif
/hpc/group/borsuklab/csr33/object_detection/naip_tiles/m_2508019_nw_17_060_20211203.tif
/hpc/group/borsuklab/csr33/object_detection/naip_tiles/m_3008816_sw_16_030_20211112.tif
/hpc/group/borsuklab/csr33/object_detection/naip_tiles/m_3008450_sw_16_060_20191128_20200114.tif
/hpc/group/borsuklab/csr33/object_detection/naip_tiles/m_2908134_ne_17_060_20211129.tif
/hpc/group/borsuklab/csr33/object_detection/naip_tiles/m_3008553_nw_16_060_20191118_20200114.tif
/hpc/group/borsuklab/csr33/object_detection/naip_tiles/m_3208152_nw_17_060_20191109_20200102.tif
/hpc/group/borsuklab/csr33/object_detection/naip_tiles/m_4007423_nw_18_060_20190917_20191209.tif
/hpc/group/borsuklab/csr33/object_detection/naip_tiles/m_2508106_ne_17_060_20211203.tif
/hpc/group/borsuklab/csr33/object_detection/naip_tiles/m_3407856_se_17_060_20200603.tif
/hpc/group/borsuklab/csr33/object_detection/naip_tiles/m_3707610_se_18_060_20210827.tif
/hpc/group/borsuklab/csr33/object_detection/naip_tiles/m_2809628_se_14_060_20200501.tif
/hpc/group/borsuklab/csr33/object_detection/naip_tiles/m_2709721_se_14_060_20201001.tif
m_3707610_se_18_060_20210827 357
m_2508019_nw_17_060_20211203 380
m_3008553_nw_16_060_20191118_20200114 340
m_3208152_nw_17_060_20191109_20200102 340
m_2908134_ne_17_060_20211129 360
m_2709721_se_14_060_20201001 360
m_3407856_se_17_060_20200603 357
m_2809628_se_14_060_20200501 360
m_2508106_ne_17_060_20211203 360
m_3008450_sw_16_060_20191128_20200114 360
m_4007423_nw_18_060_20190917_20191209 300
m_3907629_se_18_060_20211101 320
m_4506851_se_19_060_20211006 300
m_3008816_sw_16_030_20211112 1400
114.54896998405457
