load envirionment

/hpc/group/borsuklab/csr33/object_detection/naip_tiles/m_3507737_se_18_060_20200930.tif
/hpc/group/borsuklab/csr33/object_detection/naip_tiles/m_2708046_nw_17_060_20191215_20200113.tif
/hpc/group/borsuklab/csr33/object_detection/naip_tiles/m_2608159_se_17_060_20211223.tif
/hpc/group/borsuklab/csr33/object_detection/naip_tiles/m_2908947_ne_16_030_20211202.tif
/hpc/group/borsuklab/csr33/object_detection/naip_tiles/m_3507525_ne_18_060_20200516.tif
/hpc/group/borsuklab/csr33/object_detection/naip_tiles/m_3308051_nw_17_060_20210507.tif
/hpc/group/borsuklab/csr33/object_detection/naip_tiles/m_3108118_se_17_060_20191110_20200102.tif
/hpc/group/borsuklab/csr33/object_detection/naip_tiles/m_3108853_nw_16_030_20211123.tif
/hpc/group/borsuklab/csr33/object_detection/naip_tiles/m_3008833_sw_16_030_20211114.tif
/hpc/group/borsuklab/csr33/object_detection/naip_tiles/m_3008836_nw_16_030_20211113.tif
/hpc/group/borsuklab/csr33/object_detection/naip_tiles/m_3008119_ne_17_060_20211129.tif
/hpc/group/borsuklab/csr33/object_detection/naip_tiles/m_3008545_se_16_060_20191118_20200114.tif
/hpc/group/borsuklab/csr33/object_detection/naip_tiles/m_2608040_nw_17_060_20191120_20200113.tif
/hpc/group/borsuklab/csr33/object_detection/naip_tiles/m_3008126_se_17_060_20211129.tif
m_3507737_se_18_060_20200930 357
m_3008545_se_16_060_20191118_20200114 340
m_3108118_se_17_060_20191110_20200102 340
m_2608159_se_17_060_20211223 360
m_3008126_se_17_060_20211129 360
m_3308051_nw_17_060_20210507 340
m_2608040_nw_17_060_20191120_20200113 360
m_3008119_ne_17_060_20211129 360
m_3507525_ne_18_060_20200516 340
m_2708046_nw_17_060_20191215_20200113 360
m_2908947_ne_16_030_20211202 1365
m_3008833_sw_16_030_20211114 1476
m_3008836_nw_16_030_20211113 1440
m_3108853_nw_16_030_20211123 1400
236.25259518623352
