load envirionment

/hpc/group/borsuklab/csr33/object_detection/naip_tiles/m_3008604_ne_16_030_20211112.tif
/hpc/group/borsuklab/csr33/object_detection/naip_tiles/m_3311630_sw_11_060_20200415.tif
/hpc/group/borsuklab/csr33/object_detection/naip_tiles/m_3907514_ne_18_060_20191019_20191203.tif
/hpc/group/borsuklab/csr33/object_detection/naip_tiles/m_3407721_nw_18_060_20200930.tif
/hpc/group/borsuklab/csr33/object_detection/naip_tiles/m_4207325_se_18_060_20210920.tif
/hpc/group/borsuklab/csr33/object_detection/naip_tiles/m_3108848_ne_16_030_20211120.tif
/hpc/group/borsuklab/csr33/object_detection/naip_tiles/m_2909402_nw_15_060_20201112.tif
/hpc/group/borsuklab/csr33/object_detection/naip_tiles/m_3008338_nw_17_060_20211130.tif
/hpc/group/borsuklab/csr33/object_detection/naip_tiles/m_4007201_ne_18_060_20211105.tif
/hpc/group/borsuklab/csr33/object_detection/naip_tiles/m_4406936_sw_19_060_20210904.tif
/hpc/group/borsuklab/csr33/object_detection/naip_tiles/m_4007319_se_18_060_20211106.tif
/hpc/group/borsuklab/csr33/object_detection/naip_tiles/m_3411926_nw_11_060_20200523.tif
/hpc/group/borsuklab/csr33/object_detection/naip_tiles/m_3008620_sw_16_060_20191109_20200114.tif
/hpc/group/borsuklab/csr33/object_detection/naip_tiles/m_3008919_sw_16_030_20211119.tif
m_3008620_sw_16_060_20191109_20200114 340
m_3311630_sw_11_060_20200415 340
m_4406936_sw_19_060_20210904 300
m_3008338_nw_17_060_20211130 360
m_4007319_se_18_060_20211106 320
m_4207325_se_18_060_20210920 320
m_3907514_ne_18_060_20191019_20191203 320
m_3411926_nw_11_060_20200523 340
m_2909402_nw_15_060_20201112 360
m_3407721_nw_18_060_20200930 360
m_4007201_ne_18_060_20211105 320
m_3108848_ne_16_030_20211120 1400
m_3008604_ne_16_030_20211112 1400
m_3008919_sw_16_030_20211119 1476
116.69880485534668
