load envirionment

/hpc/group/borsuklab/csr33/object_detection/naip_tiles/m_2809753_sw_14_060_20201116.tif
/hpc/group/borsuklab/csr33/object_detection/naip_tiles/m_3009148_sw_15_030_20211119.tif
/hpc/group/borsuklab/csr33/object_detection/naip_tiles/m_2809504_nw_15_060_20201117.tif
/hpc/group/borsuklab/csr33/object_detection/naip_tiles/m_3607732_ne_18_060_20210827.tif
/hpc/group/borsuklab/csr33/object_detection/naip_tiles/m_4306901_ne_19_060_20211006.tif
/hpc/group/borsuklab/csr33/object_detection/naip_tiles/m_4107337_sw_18_060_20211106.tif
/hpc/group/borsuklab/csr33/object_detection/naip_tiles/m_2909319_nw_15_060_20190726_20191001.tif
/hpc/group/borsuklab/csr33/object_detection/naip_tiles/m_3108129_sw_17_060_20191110_20200102.tif
/hpc/group/borsuklab/csr33/object_detection/naip_tiles/m_3009138_sw_15_030_20211114.tif
/hpc/group/borsuklab/csr33/object_detection/naip_tiles/m_2909506_sw_15_060_20201130.tif
/hpc/group/borsuklab/csr33/object_detection/naip_tiles/m_2709761_ne_14_060_20200430.tif
/hpc/group/borsuklab/csr33/object_detection/naip_tiles/m_4307004_nw_19_060_20211007.tif
/hpc/group/borsuklab/csr33/object_detection/naip_tiles/m_4207115_se_19_060_20211024.tif
/hpc/group/borsuklab/csr33/object_detection/naip_tiles/m_3907451_sw_18_060_20190730_20191209.tif
m_3607732_ne_18_060_20210827 340
m_3907451_sw_18_060_20190730_20191209 320
m_4306901_ne_19_060_20211006 300
m_4207115_se_19_060_20211024 336
m_4107337_sw_18_060_20211106 336
m_4307004_nw_19_060_20211007 320
m_2709761_ne_14_060_20200430 360
m_3108129_sw_17_060_20191110_20200102 340
m_2809753_sw_14_060_20201116 360
m_2909319_nw_15_060_20190726_20191001 360
m_2809504_nw_15_060_20201117 360
m_2909506_sw_15_060_20201130 360
m_3009148_sw_15_030_20211119 1326
m_3009138_sw_15_030_20211114 1326
139.95593237876892
