load envirionment

/hpc/group/borsuklab/csr33/object_detection/naip_tiles/m_3009460_sw_15_060_20201112.tif
/hpc/group/borsuklab/csr33/object_detection/naip_tiles/m_2709730_sw_14_060_20200430.tif
/hpc/group/borsuklab/csr33/object_detection/naip_tiles/m_2908507_ne_16_060_20191118_20200114.tif
/hpc/group/borsuklab/csr33/object_detection/naip_tiles/m_3307953_ne_17_060_20210501.tif
/hpc/group/borsuklab/csr33/object_detection/naip_tiles/m_4406701_sw_19_060_20210901.tif
/hpc/group/borsuklab/csr33/object_detection/naip_tiles/m_3109352_ne_15_030_20211122.tif
/hpc/group/borsuklab/csr33/object_detection/naip_tiles/m_3009053_sw_15_030_20211115.tif
/hpc/group/borsuklab/csr33/object_detection/naip_tiles/m_2809624_ne_14_060_20201029.tif
/hpc/group/borsuklab/csr33/object_detection/naip_tiles/m_4007530_ne_18_060_20191019_20191203.tif
/hpc/group/borsuklab/csr33/object_detection/naip_tiles/m_4107408_sw_18_060_20211105.tif
/hpc/group/borsuklab/csr33/object_detection/naip_tiles/m_2908304_ne_17_060_20211130.tif
/hpc/group/borsuklab/csr33/object_detection/naip_tiles/m_2809501_ne_15_060_20201029.tif
/hpc/group/borsuklab/csr33/object_detection/naip_tiles/m_3008844_ne_16_030_20211114.tif
/hpc/group/borsuklab/csr33/object_detection/naip_tiles/m_2908927_nw_16_030_20211202.tif
m_4007530_ne_18_060_20191019_20191203 320
m_2809501_ne_15_060_20201029 360
m_4406701_sw_19_060_20210901 300
m_3307953_ne_17_060_20210501 340
m_2709730_sw_14_060_20200430 360
m_2908304_ne_17_060_20211130 360
m_4107408_sw_18_060_20211105 320
m_3009460_sw_15_060_20201112 340
m_2809624_ne_14_060_20201029 360
m_2908507_ne_16_060_20191118_20200114 360
m_2908927_nw_16_030_20211202 1365
m_3109352_ne_15_030_20211122 1326
m_3009053_sw_15_030_20211115 1365
m_3008844_ne_16_030_20211114 1400
166.10061502456665
