load envirionment

/hpc/group/borsuklab/csr33/object_detection/naip_tiles/m_2908321_sw_17_060_20191121_20200114.tif
/hpc/group/borsuklab/csr33/object_detection/naip_tiles/m_4207152_sw_19_060_20211024.tif
/hpc/group/borsuklab/csr33/object_detection/naip_tiles/m_3507740_se_18_060_20201031.tif
/hpc/group/borsuklab/csr33/object_detection/naip_tiles/m_3311763_nw_11_060_20200520.tif
/hpc/group/borsuklab/csr33/object_detection/naip_tiles/m_3307910_sw_17_060_20210508.tif
/hpc/group/borsuklab/csr33/object_detection/naip_tiles/m_4107320_se_18_060_20211106.tif
/hpc/group/borsuklab/csr33/object_detection/naip_tiles/m_2909764_sw_14_060_20201116.tif
/hpc/group/borsuklab/csr33/object_detection/naip_tiles/m_4107220_sw_18_060_20210904.tif
/hpc/group/borsuklab/csr33/object_detection/naip_tiles/m_3311643_se_11_060_20200415.tif
/hpc/group/borsuklab/csr33/object_detection/naip_tiles/m_3009142_nw_15_030_20211113.tif
/hpc/group/borsuklab/csr33/object_detection/naip_tiles/m_3208155_ne_17_060_20210507.tif
/hpc/group/borsuklab/csr33/object_detection/naip_tiles/m_2608038_nw_17_060_20191203_20200113.tif
/hpc/group/borsuklab/csr33/object_detection/naip_tiles/m_2909007_ne_15_060_20190707_20191001.tif
/hpc/group/borsuklab/csr33/object_detection/naip_tiles/m_3009355_nw_15_060_20190905_20191001.tif
m_2909007_ne_15_060_20190707_20191001 360
m_2908321_sw_17_060_20191121_20200114 360
m_4207152_sw_19_060_20211024 336
m_4107220_sw_18_060_20210904 336
m_3009355_nw_15_060_20190905_20191001 360
m_3307910_sw_17_060_20210508 340
m_2608038_nw_17_060_20191203_20200113 360
m_2909764_sw_14_060_20201116 360
m_3208155_ne_17_060_20210507 340
m_4107320_se_18_060_20211106 336
m_3311643_se_11_060_20200415 340
m_3311763_nw_11_060_20200520 340
m_3507740_se_18_060_20201031 357
m_3009142_nw_15_030_20211113 1326
112.047278881073
