load envirionment

/hpc/group/borsuklab/csr33/object_detection/naip_tiles/m_3008616_se_16_060_20191109_20200114.tif
/hpc/group/borsuklab/csr33/object_detection/naip_tiles/m_3707634_nw_18_060_20210827.tif
/hpc/group/borsuklab/csr33/object_detection/naip_tiles/m_3407620_ne_18_060_20201018.tif
/hpc/group/borsuklab/csr33/object_detection/naip_tiles/m_2608015_sw_17_060_20191120_20200113.tif
/hpc/group/borsuklab/csr33/object_detection/naip_tiles/m_3208155_nw_17_060_20211202.tif
/hpc/group/borsuklab/csr33/object_detection/naip_tiles/m_2909515_ne_15_060_20201130.tif
/hpc/group/borsuklab/csr33/object_detection/naip_tiles/m_4207138_ne_19_060_20211024.tif
/hpc/group/borsuklab/csr33/object_detection/naip_tiles/m_3607623_nw_18_060_20210913.tif
/hpc/group/borsuklab/csr33/object_detection/naip_tiles/m_4406818_se_19_060_20210723.tif
/hpc/group/borsuklab/csr33/object_detection/naip_tiles/m_2709722_nw_14_060_20200430.tif
/hpc/group/borsuklab/csr33/object_detection/naip_tiles/m_4007412_sw_18_060_20190830_20191209.tif
/hpc/group/borsuklab/csr33/object_detection/naip_tiles/m_4107135_se_19_060_20210826.tif
/hpc/group/borsuklab/csr33/object_detection/naip_tiles/m_3907518_ne_18_060_20211019.tif
/hpc/group/borsuklab/csr33/object_detection/naip_tiles/m_3108657_sw_16_030_20211110.tif
m_3607623_nw_18_060_20210913 340
m_4207138_ne_19_060_20211024 320
m_4007412_sw_18_060_20190830_20191209 300
m_4406818_se_19_060_20210723 300
m_3707634_nw_18_060_20210827 340
m_3907518_ne_18_060_20211019 320
m_2909515_ne_15_060_20201130 360
m_2709722_nw_14_060_20200430 360
m_4107135_se_19_060_20210826 336
m_3208155_nw_17_060_20211202 340
m_3407620_ne_18_060_20201018 340
m_3008616_se_16_060_20191109_20200114 340
m_2608015_sw_17_060_20191120_20200113 360
m_3108657_sw_16_030_20211110 1400
139.27707314491272
