load envirionment

/hpc/group/borsuklab/csr33/object_detection/naip_tiles/m_4107349_nw_18_060_20211105.tif
/hpc/group/borsuklab/csr33/object_detection/naip_tiles/m_3108824_nw_16_030_20211120.tif
/hpc/group/borsuklab/csr33/object_detection/naip_tiles/m_3009451_se_15_060_20201112.tif
/hpc/group/borsuklab/csr33/object_detection/naip_tiles/m_4107022_se_19_060_20210826.tif
/hpc/group/borsuklab/csr33/object_detection/naip_tiles/m_2808213_sw_17_060_20211130.tif
/hpc/group/borsuklab/csr33/object_detection/naip_tiles/m_2908926_ne_16_060_20190906_20191015.tif
/hpc/group/borsuklab/csr33/object_detection/naip_tiles/m_3807530_sw_18_060_20211019.tif
/hpc/group/borsuklab/csr33/object_detection/naip_tiles/m_2909008_sw_15_060_20190707_20191001.tif
/hpc/group/borsuklab/csr33/object_detection/naip_tiles/m_3707748_nw_18_060_20210912.tif
/hpc/group/borsuklab/csr33/object_detection/naip_tiles/m_3008747_nw_16_060_20191103_20200114.tif
/hpc/group/borsuklab/csr33/object_detection/naip_tiles/m_3707728_ne_18_060_20210910.tif
/hpc/group/borsuklab/csr33/object_detection/naip_tiles/m_3009453_sw_15_060_20201112.tif
/hpc/group/borsuklab/csr33/object_detection/naip_tiles/m_2909532_sw_15_060_20201116.tif
/hpc/group/borsuklab/csr33/object_detection/naip_tiles/m_3208155_sw_17_060_20211202.tif
m_2908926_ne_16_060_20190906_20191015 360
m_3807530_sw_18_060_20211019 320
m_4107349_nw_18_060_20211105 320
m_3008747_nw_16_060_20191103_20200114 340
m_3707748_nw_18_060_20210912 340
m_3208155_sw_17_060_20211202 340
m_4107022_se_19_060_20210826 320
m_3009451_se_15_060_20201112 340
m_2909008_sw_15_060_20190707_20191001 378
m_3009453_sw_15_060_20201112 340
m_2909532_sw_15_060_20201116 360
m_3707728_ne_18_060_20210910 340
m_2808213_sw_17_060_20211130 360
m_3108824_nw_16_030_20211120 1400
119.6441216468811
