load envirionment

/hpc/group/borsuklab/csr33/object_detection/naip_tiles/m_3907556_ne_18_060_20190726_20191209.tif
/hpc/group/borsuklab/csr33/object_detection/naip_tiles/m_3008224_ne_17_060_20211202.tif
/hpc/group/borsuklab/csr33/object_detection/naip_tiles/m_4506850_ne_19_060_20210816.tif
/hpc/group/borsuklab/csr33/object_detection/naip_tiles/m_2508043_se_17_060_20211203.tif
/hpc/group/borsuklab/csr33/object_detection/naip_tiles/m_4207448_nw_18_060_20210920.tif
/hpc/group/borsuklab/csr33/object_detection/naip_tiles/m_2909040_se_15_030_20211202.tif
/hpc/group/borsuklab/csr33/object_detection/naip_tiles/m_3807617_se_18_060_20210617.tif
/hpc/group/borsuklab/csr33/object_detection/naip_tiles/m_3807522_sw_18_060_20211019.tif
/hpc/group/borsuklab/csr33/object_detection/naip_tiles/m_3507552_ne_18_060_20201018.tif
/hpc/group/borsuklab/csr33/object_detection/naip_tiles/m_3008913_sw_16_030_20211112.tif
/hpc/group/borsuklab/csr33/object_detection/naip_tiles/m_3407720_ne_18_060_20200930.tif
/hpc/group/borsuklab/csr33/object_detection/naip_tiles/m_4306907_nw_19_060_20210907.tif
/hpc/group/borsuklab/csr33/object_detection/naip_tiles/m_3411858_nw_11_060_20200515.tif
/hpc/group/borsuklab/csr33/object_detection/naip_tiles/m_3308044_sw_17_060_20210501.tif
m_4306907_nw_19_060_20210907 300
m_3807617_se_18_060_20210617 320
m_4506850_ne_19_060_20210816 300
m_4207448_nw_18_060_20210920 320
m_3308044_sw_17_060_20210501 340
m_3807522_sw_18_060_20211019 320
m_2508043_se_17_060_20211203 360
m_3907556_ne_18_060_20190726_20191209 320
m_3008224_ne_17_060_20211202 360
m_3411858_nw_11_060_20200515 340
m_3407720_ne_18_060_20200930 340
m_3507552_ne_18_060_20201018 340
m_2909040_se_15_030_20211202 1365
m_3008913_sw_16_030_20211112 1476
232.4044704437256
