load envirionment

/hpc/group/borsuklab/csr33/object_detection/naip_tiles/m_2508014_se_17_060_20191126_20200113.tif
/hpc/group/borsuklab/csr33/object_detection/naip_tiles/m_3008158_sw_17_060_20211129.tif
/hpc/group/borsuklab/csr33/object_detection/naip_tiles/m_4107213_nw_18_060_20210904.tif
/hpc/group/borsuklab/csr33/object_detection/naip_tiles/m_3607608_sw_18_060_20210913.tif
/hpc/group/borsuklab/csr33/object_detection/naip_tiles/m_3109463_ne_15_060_20201030.tif
/hpc/group/borsuklab/csr33/object_detection/naip_tiles/m_3008625_ne_16_060_20191103_20200114.tif
/hpc/group/borsuklab/csr33/object_detection/naip_tiles/m_3008906_sw_16_030_20211112.tif
/hpc/group/borsuklab/csr33/object_detection/naip_tiles/m_3807525_sw_18_060_20210618.tif
/hpc/group/borsuklab/csr33/object_detection/naip_tiles/m_4207310_sw_18_060_20210920.tif
/hpc/group/borsuklab/csr33/object_detection/naip_tiles/m_2909441_ne_15_060_20201116.tif
/hpc/group/borsuklab/csr33/object_detection/naip_tiles/m_3211619_sw_11_060_20200425.tif
/hpc/group/borsuklab/csr33/object_detection/naip_tiles/m_3008431_se_16_060_20191205_20200114.tif
/hpc/group/borsuklab/csr33/object_detection/naip_tiles/m_3008537_se_16_060_20191118_20200114.tif
/hpc/group/borsuklab/csr33/object_detection/naip_tiles/m_2808203_ne_17_060_20211130.tif
m_3008158_sw_17_060_20211129 360
m_4107213_nw_18_060_20210904 320
m_3607608_sw_18_060_20210913 340
m_4207310_sw_18_060_20210920 320
m_3008625_ne_16_060_20191103_20200114 340
m_3008537_se_16_060_20191118_20200114 340
m_2508014_se_17_060_20191126_20200113 360
m_3807525_sw_18_060_20210618 320
m_3109463_ne_15_060_20201030 340
m_3211619_sw_11_060_20200425 340
m_2909441_ne_15_060_20201116 360
m_2808203_ne_17_060_20211130 360
m_3008431_se_16_060_20191205_20200114 360
m_3008906_sw_16_030_20211112 1476
129.4017994403839
