load envirionment

/hpc/group/borsuklab/csr33/object_detection/naip_tiles/m_4107359_se_18_060_20211105.tif
/hpc/group/borsuklab/csr33/object_detection/naip_tiles/m_3008335_sw_17_060_20191113_20200114.tif
/hpc/group/borsuklab/csr33/object_detection/naip_tiles/m_3311709_nw_11_060_20200505.tif
/hpc/group/borsuklab/csr33/object_detection/naip_tiles/m_2908322_nw_17_060_20211130.tif
/hpc/group/borsuklab/csr33/object_detection/naip_tiles/m_4406836_nw_19_060_20210914.tif
/hpc/group/borsuklab/csr33/object_detection/naip_tiles/m_4406962_nw_19_060_20210904.tif
/hpc/group/borsuklab/csr33/object_detection/naip_tiles/m_2709734_ne_14_060_20200501.tif
/hpc/group/borsuklab/csr33/object_detection/naip_tiles/m_3108114_nw_17_060_20191110_20200102.tif
/hpc/group/borsuklab/csr33/object_detection/naip_tiles/m_3507644_nw_18_060_20201018.tif
/hpc/group/borsuklab/csr33/object_detection/naip_tiles/m_3407819_nw_17_060_20200603.tif
/hpc/group/borsuklab/csr33/object_detection/naip_tiles/m_3208002_se_17_060_20210426.tif
/hpc/group/borsuklab/csr33/object_detection/naip_tiles/m_4506802_nw_19_060_20210816.tif
/hpc/group/borsuklab/csr33/object_detection/naip_tiles/m_3407708_ne_18_060_20201031.tif
/hpc/group/borsuklab/csr33/object_detection/naip_tiles/m_3907546_sw_18_060_20190726_20191209.tif
m_3907546_sw_18_060_20190726_20191209 320
m_3507644_nw_18_060_20201018 340
m_3208002_se_17_060_20210426 340
m_3407708_ne_18_060_20201031 340
m_4506802_nw_19_060_20210816 300
m_4406962_nw_19_060_20210904 300
m_4406836_nw_19_060_20210914 300
m_3311709_nw_11_060_20200505 340
m_2908322_nw_17_060_20211130 360
m_2709734_ne_14_060_20200501 360
m_3108114_nw_17_060_20191110_20200102 340
m_3008335_sw_17_060_20191113_20200114 360
m_4107359_se_18_060_20211105 320
m_3407819_nw_17_060_20200603 340
81.98177361488342
