load envirionment

/hpc/group/borsuklab/csr33/object_detection/naip_tiles/m_4506839_sw_19_060_20210929.tif
/hpc/group/borsuklab/csr33/object_detection/naip_tiles/m_4107239_nw_18_060_20210926.tif
/hpc/group/borsuklab/csr33/object_detection/naip_tiles/m_4207132_sw_19_060_20211024.tif
/hpc/group/borsuklab/csr33/object_detection/naip_tiles/m_2609743_nw_14_060_20201216.tif
/hpc/group/borsuklab/csr33/object_detection/naip_tiles/m_3008102_sw_17_060_20191110_20200108.tif
/hpc/group/borsuklab/csr33/object_detection/naip_tiles/m_4107024_nw_19_060_20210826.tif
/hpc/group/borsuklab/csr33/object_detection/naip_tiles/m_3907521_nw_18_060_20210630.tif
/hpc/group/borsuklab/csr33/object_detection/naip_tiles/m_3311736_nw_11_060_20200520.tif
/hpc/group/borsuklab/csr33/object_detection/naip_tiles/m_3311718_se_11_060_20200424.tif
/hpc/group/borsuklab/csr33/object_detection/naip_tiles/m_3311755_sw_11_060_20200520.tif
/hpc/group/borsuklab/csr33/object_detection/naip_tiles/m_2909405_nw_15_060_20201112.tif
/hpc/group/borsuklab/csr33/object_detection/naip_tiles/m_4107309_sw_18_060_20211105.tif
/hpc/group/borsuklab/csr33/object_detection/naip_tiles/m_3008704_ne_16_030_20211115.tif
/hpc/group/borsuklab/csr33/object_detection/naip_tiles/m_2909224_sw_15_060_20190905_20191001.tif
m_4207132_sw_19_060_20211024 336
m_2909405_nw_15_060_20201112 340
m_4506839_sw_19_060_20210929 300
m_2909224_sw_15_060_20190905_20191001 360
m_3311755_sw_11_060_20200520 340
m_2609743_nw_14_060_20201216 360
m_3008102_sw_17_060_20191110_20200108 340
m_4107024_nw_19_060_20210826 320
m_3311736_nw_11_060_20200520 340
m_4107309_sw_18_060_20211105 320
m_3907521_nw_18_060_20210630 320
m_4107239_nw_18_060_20210926 320
m_3311718_se_11_060_20200424 340
m_3008704_ne_16_030_20211115 1400
117.0467483997345
