load envirionment

/hpc/group/borsuklab/csr33/object_detection/naip_tiles/m_3008538_ne_16_060_20191118_20200114.tif
/hpc/group/borsuklab/csr33/object_detection/naip_tiles/m_3311633_sw_11_060_20200415.tif
/hpc/group/borsuklab/csr33/object_detection/naip_tiles/m_3607653_se_18_060_20200922.tif
/hpc/group/borsuklab/csr33/object_detection/naip_tiles/m_4007429_nw_18_060_20190830_20191209.tif
/hpc/group/borsuklab/csr33/object_detection/naip_tiles/m_3607640_nw_18_060_20200516.tif
/hpc/group/borsuklab/csr33/object_detection/naip_tiles/m_3607622_ne_18_060_20210913.tif
/hpc/group/borsuklab/csr33/object_detection/naip_tiles/m_2709753_sw_14_060_20200430.tif
/hpc/group/borsuklab/csr33/object_detection/naip_tiles/m_3009206_sw_15_030_20211222.tif
/hpc/group/borsuklab/csr33/object_detection/naip_tiles/m_3008947_ne_16_030_20211114.tif
/hpc/group/borsuklab/csr33/object_detection/naip_tiles/m_3211626_se_11_060_20200425.tif
/hpc/group/borsuklab/csr33/object_detection/naip_tiles/m_4606853_sw_19_060_20210817.tif
/hpc/group/borsuklab/csr33/object_detection/naip_tiles/m_3907443_se_18_060_20190730_20191209.tif
/hpc/group/borsuklab/csr33/object_detection/naip_tiles/m_3807753_ne_18_060_20210630.tif
/hpc/group/borsuklab/csr33/object_detection/naip_tiles/m_3907642_ne_18_060_20210616.tif
m_3607622_ne_18_060_20210913 340
m_3907443_se_18_060_20190730_20191209 320
m_3807753_ne_18_060_20210630 340
m_4606853_sw_19_060_20210817 300
m_3008538_ne_16_060_20191118_20200114 340
m_3607653_se_18_060_20200922 340
m_4007429_nw_18_060_20190830_20191209 300
m_2709753_sw_14_060_20200430 360
m_3907642_ne_18_060_20210616 320
m_3607640_nw_18_060_20200516 340
m_3211626_se_11_060_20200425 340
m_3311633_sw_11_060_20200415 340
m_3009206_sw_15_030_20211222 1326
m_3008947_ne_16_030_20211114 1400
130.5145981311798
