load envirionment

/hpc/group/borsuklab/csr33/object_detection/naip_tiles/m_4406847_sw_19_060_20210920.tif
/hpc/group/borsuklab/csr33/object_detection/naip_tiles/m_2708046_ne_17_060_20191215_20200113.tif
/hpc/group/borsuklab/csr33/object_detection/naip_tiles/m_2809748_sw_14_060_20201029.tif
/hpc/group/borsuklab/csr33/object_detection/naip_tiles/m_4107157_sw_19_060_20210926.tif
/hpc/group/borsuklab/csr33/object_detection/naip_tiles/m_2909559_ne_15_060_20201117.tif
/hpc/group/borsuklab/csr33/object_detection/naip_tiles/m_3807715_nw_18_060_20210630.tif
/hpc/group/borsuklab/csr33/object_detection/naip_tiles/m_3407821_se_17_060_20200603.tif
/hpc/group/borsuklab/csr33/object_detection/naip_tiles/m_3907631_sw_18_060_20211101.tif
/hpc/group/borsuklab/csr33/object_detection/naip_tiles/m_3807549_ne_18_060_20210618.tif
/hpc/group/borsuklab/csr33/object_detection/naip_tiles/m_3807714_sw_18_060_20210910.tif
/hpc/group/borsuklab/csr33/object_detection/naip_tiles/m_3211724_nw_11_060_20200520.tif
/hpc/group/borsuklab/csr33/object_detection/naip_tiles/m_3009005_se_15_030_20211115.tif
/hpc/group/borsuklab/csr33/object_detection/naip_tiles/m_3512061_se_10_060_20200607.tif
/hpc/group/borsuklab/csr33/object_detection/naip_tiles/m_3507614_se_18_060_20200922.tif
m_2708046_ne_17_060_20191215_20200113 360
m_4107157_sw_19_060_20210926 336
m_3907631_sw_18_060_20211101 320
m_4406847_sw_19_060_20210920 300
m_2909559_ne_15_060_20201117 360
m_3507614_se_18_060_20200922 340
m_3807715_nw_18_060_20210630 340
m_2809748_sw_14_060_20201029 360
m_3807714_sw_18_060_20210910 357
m_3807549_ne_18_060_20210618 320
m_3512061_se_10_060_20200607 340
m_3407821_se_17_060_20200603 357
m_3211724_nw_11_060_20200520 340
m_3009005_se_15_030_20211115 1365
113.125333070755
