load envirionment

/hpc/group/borsuklab/csr33/object_detection/naip_tiles/m_3008637_nw_16_060_20191109_20200114.tif
/hpc/group/borsuklab/csr33/object_detection/naip_tiles/m_4207120_sw_19_060_20211105.tif
/hpc/group/borsuklab/csr33/object_detection/naip_tiles/m_4307050_se_19_060_20211007.tif
/hpc/group/borsuklab/csr33/object_detection/naip_tiles/m_4406915_se_19_060_20211006.tif
/hpc/group/borsuklab/csr33/object_detection/naip_tiles/m_3407726_sw_18_060_20200904.tif
/hpc/group/borsuklab/csr33/object_detection/naip_tiles/m_4406711_nw_19_060_20210907.tif
/hpc/group/borsuklab/csr33/object_detection/naip_tiles/m_2909421_nw_15_060_20201112.tif
/hpc/group/borsuklab/csr33/object_detection/naip_tiles/m_3008346_ne_17_060_20211116.tif
/hpc/group/borsuklab/csr33/object_detection/naip_tiles/m_3907756_ne_18_060_20210617.tif
/hpc/group/borsuklab/csr33/object_detection/naip_tiles/m_2708059_sw_17_060_20191215_20200113.tif
/hpc/group/borsuklab/csr33/object_detection/naip_tiles/m_4406707_ne_19_060_20210711.tif
/hpc/group/borsuklab/csr33/object_detection/naip_tiles/m_3109349_se_15_060_20201006.tif
/hpc/group/borsuklab/csr33/object_detection/naip_tiles/m_3008440_nw_16_060_20191205_20200114.tif
/hpc/group/borsuklab/csr33/object_detection/naip_tiles/m_2909128_se_15_060_20190706_20191001.tif
m_2909128_se_15_060_20190706_20191001 360
m_4406707_ne_19_060_20210711 300
m_4406711_nw_19_060_20210907 300
m_4307050_se_19_060_20211007 336
m_3008637_nw_16_060_20191109_20200114 340
m_3008440_nw_16_060_20191205_20200114 360
m_3008346_ne_17_060_20211116 360
m_4406915_se_19_060_20211006 300
m_3907756_ne_18_060_20210617 320
m_3109349_se_15_060_20201006 340
m_2708059_sw_17_060_20191215_20200113 360
m_4207120_sw_19_060_20211105 336
m_3407726_sw_18_060_20200904 378
m_2909421_nw_15_060_20201112 360
83.25864362716675
