load envirionment

/hpc/group/borsuklab/csr33/object_detection/naip_tiles/m_3907405_nw_18_060_20190730_20191209.tif
/hpc/group/borsuklab/csr33/object_detection/naip_tiles/m_2908211_nw_17_060_20211129.tif
/hpc/group/borsuklab/csr33/object_detection/naip_tiles/m_2909019_nw_15_060_20190707_20191001.tif
/hpc/group/borsuklab/csr33/object_detection/naip_tiles/m_3807512_se_18_060_20210624.tif
/hpc/group/borsuklab/csr33/object_detection/naip_tiles/m_4506855_se_19_060_20210911.tif
/hpc/group/borsuklab/csr33/object_detection/naip_tiles/m_2909006_nw_15_030_20211130.tif
/hpc/group/borsuklab/csr33/object_detection/naip_tiles/m_2908218_nw_17_060_20211117.tif
/hpc/group/borsuklab/csr33/object_detection/naip_tiles/m_3009219_sw_15_060_20190904_20191001.tif
/hpc/group/borsuklab/csr33/object_detection/naip_tiles/m_3607648_ne_18_060_20200516.tif
/hpc/group/borsuklab/csr33/object_detection/naip_tiles/m_3307909_ne_17_060_20210508.tif
/hpc/group/borsuklab/csr33/object_detection/naip_tiles/m_2908156_sw_17_060_20211130.tif
/hpc/group/borsuklab/csr33/object_detection/naip_tiles/m_4207448_se_18_060_20210920.tif
/hpc/group/borsuklab/csr33/object_detection/naip_tiles/m_4007301_se_18_060_20211105.tif
/hpc/group/borsuklab/csr33/object_detection/naip_tiles/m_4406916_se_19_060_20211006.tif
m_3807512_se_18_060_20210624 320
m_4007301_se_18_060_20211105 320
m_4506855_se_19_060_20210911 300
m_3009219_sw_15_060_20190904_20191001 360
m_3307909_ne_17_060_20210508 340
m_3907405_nw_18_060_20190730_20191209 320
m_4406916_se_19_060_20211006 300
m_2908156_sw_17_060_20211130 360
m_2908211_nw_17_060_20211129 360
m_3607648_ne_18_060_20200516 340
m_2909019_nw_15_060_20190707_20191001 360
m_2908218_nw_17_060_20211117 360
m_4207448_se_18_060_20210920 320
m_2909006_nw_15_030_20211130 1365
130.5833716392517
