load envirionment

/hpc/group/borsuklab/csr33/object_detection/naip_tiles/m_2608134_ne_17_060_20211223.tif
/hpc/group/borsuklab/csr33/object_detection/naip_tiles/m_4406940_nw_19_060_20211006.tif
/hpc/group/borsuklab/csr33/object_detection/naip_tiles/m_2608006_ne_17_060_20191215_20200113.tif
/hpc/group/borsuklab/csr33/object_detection/naip_tiles/m_2908242_ne_17_060_20211129.tif
/hpc/group/borsuklab/csr33/object_detection/naip_tiles/m_2909304_sw_15_060_20190726_20191001.tif
/hpc/group/borsuklab/csr33/object_detection/naip_tiles/m_3008325_nw_17_060_20191117_20200114.tif
/hpc/group/borsuklab/csr33/object_detection/naip_tiles/m_4107405_se_18_060_20211106.tif
/hpc/group/borsuklab/csr33/object_detection/naip_tiles/m_2709741_nw_14_060_20200501.tif
/hpc/group/borsuklab/csr33/object_detection/naip_tiles/m_3108223_se_17_060_20191110_20200102.tif
/hpc/group/borsuklab/csr33/object_detection/naip_tiles/m_3407724_sw_18_060_20201031.tif
/hpc/group/borsuklab/csr33/object_detection/naip_tiles/m_3907630_nw_18_060_20211101.tif
/hpc/group/borsuklab/csr33/object_detection/naip_tiles/m_2909545_ne_15_060_20201117.tif
/hpc/group/borsuklab/csr33/object_detection/naip_tiles/m_3607602_se_18_060_20210827.tif
/hpc/group/borsuklab/csr33/object_detection/naip_tiles/m_3308048_se_17_060_20210501.tif
m_4107405_se_18_060_20211106 320
m_3108223_se_17_060_20191110_20200102 340
m_3407724_sw_18_060_20201031 357
m_4406940_nw_19_060_20211006 300
m_3308048_se_17_060_20210501 340
m_3008325_nw_17_060_20191117_20200114 360
m_2908242_ne_17_060_20211129 360
m_2709741_nw_14_060_20200501 360
m_2608006_ne_17_060_20191215_20200113 360
m_3907630_nw_18_060_20211101 320
m_2909545_ne_15_060_20201117 360
m_2608134_ne_17_060_20211223 360
m_3607602_se_18_060_20210827 357
m_2909304_sw_15_060_20190726_20191001 360
89.24734902381897
