load envirionment

/hpc/group/borsuklab/csr33/object_detection/naip_tiles/m_4106941_nw_19_060_20210826.tif
/hpc/group/borsuklab/csr33/object_detection/naip_tiles/m_3412038_ne_10_060_20200522.tif
/hpc/group/borsuklab/csr33/object_detection/naip_tiles/m_3008716_nw_16_060_20191103_20200114.tif
/hpc/group/borsuklab/csr33/object_detection/naip_tiles/m_3009343_se_15_060_20190901_20191001.tif
/hpc/group/borsuklab/csr33/object_detection/naip_tiles/m_3008944_ne_16_030_20211114.tif
/hpc/group/borsuklab/csr33/object_detection/naip_tiles/m_4107228_sw_18_060_20211001.tif
/hpc/group/borsuklab/csr33/object_detection/naip_tiles/m_2709727_sw_14_060_20200501.tif
/hpc/group/borsuklab/csr33/object_detection/naip_tiles/m_2909147_se_15_060_20190830_20191001.tif
/hpc/group/borsuklab/csr33/object_detection/naip_tiles/m_3311611_se_11_060_20200615.tif
/hpc/group/borsuklab/csr33/object_detection/naip_tiles/m_2609762_se_14_060_20200430.tif
/hpc/group/borsuklab/csr33/object_detection/naip_tiles/m_3311860_se_11_060_20200504.tif
/hpc/group/borsuklab/csr33/object_detection/naip_tiles/m_3009140_ne_15_030_20211119.tif
/hpc/group/borsuklab/csr33/object_detection/naip_tiles/m_2908925_se_16_030_20211202.tif
/hpc/group/borsuklab/csr33/object_detection/naip_tiles/m_3108142_se_17_060_20191110_20200102.tif
m_3412038_ne_10_060_20200522 340
m_2909147_se_15_060_20190830_20191001 360
m_3311611_se_11_060_20200615 340
m_3009343_se_15_060_20190901_20191001 360
m_3108142_se_17_060_20191110_20200102 340
m_3008716_nw_16_060_20191103_20200114 340
m_4106941_nw_19_060_20210826 320
m_4107228_sw_18_060_20211001 336
m_3311860_se_11_060_20200504 340
m_2609762_se_14_060_20200430 360
m_2709727_sw_14_060_20200501 360
m_2908925_se_16_030_20211202 1365
m_3008944_ne_16_030_20211114 1400
m_3009140_ne_15_030_20211119 1326
123.69629693031311
