load envirionment

/hpc/group/borsuklab/csr33/object_detection/naip_tiles/m_3211708_se_11_060_20200428.tif
/hpc/group/borsuklab/csr33/object_detection/naip_tiles/m_3607653_sw_18_060_20200922.tif
/hpc/group/borsuklab/csr33/object_detection/naip_tiles/m_2609747_nw_14_060_20201029.tif
/hpc/group/borsuklab/csr33/object_detection/naip_tiles/m_4207432_sw_18_060_20210920.tif
/hpc/group/borsuklab/csr33/object_detection/naip_tiles/m_3108136_sw_17_060_20211203.tif
/hpc/group/borsuklab/csr33/object_detection/naip_tiles/m_4207027_nw_19_060_20210904.tif
/hpc/group/borsuklab/csr33/object_detection/naip_tiles/m_3108862_se_16_030_20211123.tif
/hpc/group/borsuklab/csr33/object_detection/naip_tiles/m_3211716_se_11_060_20200428.tif
/hpc/group/borsuklab/csr33/object_detection/naip_tiles/m_3008215_sw_17_060_20191110_20200108.tif
/hpc/group/borsuklab/csr33/object_detection/naip_tiles/m_4107002_ne_19_060_20210904.tif
/hpc/group/borsuklab/csr33/object_detection/naip_tiles/m_3008812_ne_16_030_20211112.tif
/hpc/group/borsuklab/csr33/object_detection/naip_tiles/m_3008456_sw_16_060_20191129_20200114.tif
/hpc/group/borsuklab/csr33/object_detection/naip_tiles/m_2909306_nw_15_060_20190706_20191001.tif
/hpc/group/borsuklab/csr33/object_detection/naip_tiles/m_3307942_nw_17_060_20210508.tif
m_4107002_ne_19_060_20210904 320
m_3108136_sw_17_060_20211203 340
m_3307942_nw_17_060_20210508 340
m_4207027_nw_19_060_20210904 320
m_3211716_se_11_060_20200428 340
m_3607653_sw_18_060_20200922 340
m_2609747_nw_14_060_20201029 360
m_2909306_nw_15_060_20190706_20191001 360
m_3008456_sw_16_060_20191129_20200114 360
m_3008215_sw_17_060_20191110_20200108 340
m_3211708_se_11_060_20200428 340
m_4207432_sw_18_060_20210920 320
m_3008812_ne_16_030_20211112 1400
m_3108862_se_16_030_20211123 1400
115.89389061927795
