load envirionment

/hpc/group/borsuklab/csr33/object_detection/naip_tiles/m_2608153_nw_17_060_20191128_20200113.tif
/hpc/group/borsuklab/csr33/object_detection/naip_tiles/m_3009161_nw_15_030_20211114.tif
/hpc/group/borsuklab/csr33/object_detection/naip_tiles/m_3211621_ne_11_060_20200415.tif
/hpc/group/borsuklab/csr33/object_detection/naip_tiles/m_4307140_nw_19_060_20211024.tif
/hpc/group/borsuklab/csr33/object_detection/naip_tiles/m_2608032_sw_17_060_20191120_20200113.tif
/hpc/group/borsuklab/csr33/object_detection/naip_tiles/m_3707621_nw_18_060_20210914.tif
/hpc/group/borsuklab/csr33/object_detection/naip_tiles/m_3009149_ne_15_030_20211113.tif
/hpc/group/borsuklab/csr33/object_detection/naip_tiles/m_2709751_sw_14_060_20200501.tif
/hpc/group/borsuklab/csr33/object_detection/naip_tiles/m_3807544_ne_18_060_20210605.tif
/hpc/group/borsuklab/csr33/object_detection/naip_tiles/m_3008554_ne_16_060_20191118_20200114.tif
/hpc/group/borsuklab/csr33/object_detection/naip_tiles/m_4307146_se_19_060_20211024.tif
/hpc/group/borsuklab/csr33/object_detection/naip_tiles/m_3507639_ne_18_060_20201018.tif
/hpc/group/borsuklab/csr33/object_detection/naip_tiles/m_4007316_ne_18_060_20211105.tif
/hpc/group/borsuklab/csr33/object_detection/naip_tiles/m_3307923_ne_17_060_20210501.tif
m_4307140_nw_19_060_20211024 320
m_4007316_ne_18_060_20211105 320
m_3008554_ne_16_060_20191118_20200114 340
m_3507639_ne_18_060_20201018 340
m_3307923_ne_17_060_20210501 340
m_2709751_sw_14_060_20200501 360
m_2608032_sw_17_060_20191120_20200113 360
m_3707621_nw_18_060_20210914 340
m_3211621_ne_11_060_20200415 340
m_4307146_se_19_060_20211024 336
m_3807544_ne_18_060_20210605 320
m_2608153_nw_17_060_20191128_20200113 360
m_3009149_ne_15_030_20211113 1326
m_3009161_nw_15_030_20211114 1326
187.0766429901123
