load envirionment

/hpc/group/borsuklab/csr33/object_detection/naip_tiles/m_3009147_se_15_030_20211114.tif
/hpc/group/borsuklab/csr33/object_detection/naip_tiles/m_3009164_ne_15_030_20211119.tif
/hpc/group/borsuklab/csr33/object_detection/naip_tiles/m_4007303_se_18_060_20211105.tif
/hpc/group/borsuklab/csr33/object_detection/naip_tiles/m_3707612_ne_18_060_20210926.tif
/hpc/group/borsuklab/csr33/object_detection/naip_tiles/m_2908129_ne_17_060_20211130.tif
/hpc/group/borsuklab/csr33/object_detection/naip_tiles/m_3311718_ne_11_060_20200424.tif
/hpc/group/borsuklab/csr33/object_detection/naip_tiles/m_4207147_sw_19_060_20210826.tif
/hpc/group/borsuklab/csr33/object_detection/naip_tiles/m_3009311_sw_15_060_20201006.tif
/hpc/group/borsuklab/csr33/object_detection/naip_tiles/m_3707761_ne_18_060_20210903.tif
/hpc/group/borsuklab/csr33/object_detection/naip_tiles/m_4107104_sw_19_060_20210926.tif
/hpc/group/borsuklab/csr33/object_detection/naip_tiles/m_2909116_se_15_060_20190707_20191001.tif
/hpc/group/borsuklab/csr33/object_detection/naip_tiles/m_3009215_nw_15_030_20211222.tif
/hpc/group/borsuklab/csr33/object_detection/naip_tiles/m_4107139_ne_19_060_20210826.tif
/hpc/group/borsuklab/csr33/object_detection/naip_tiles/m_3311754_sw_11_060_20200520.tif
m_3707761_ne_18_060_20210903 340
m_4007303_se_18_060_20211105 320
m_4207147_sw_19_060_20210826 336
m_4107139_ne_19_060_20210826 320
m_4107104_sw_19_060_20210926 336
m_3311754_sw_11_060_20200520 340
m_3311718_ne_11_060_20200424 340
m_3707612_ne_18_060_20210926 340
m_3009311_sw_15_060_20201006 340
m_2908129_ne_17_060_20211130 360
m_2909116_se_15_060_20190707_20191001 378
m_3009147_se_15_030_20211114 1326
m_3009215_nw_15_030_20211222 1326
m_3009164_ne_15_030_20211119 1365
126.10819888114929
