load envirionment

/hpc/group/borsuklab/csr33/object_detection/naip_tiles/m_3108115_sw_17_060_20211202.tif
/hpc/group/borsuklab/csr33/object_detection/naip_tiles/m_4007460_nw_18_060_20190730_20191209.tif
/hpc/group/borsuklab/csr33/object_detection/naip_tiles/m_4406821_nw_19_060_20210914.tif
/hpc/group/borsuklab/csr33/object_detection/naip_tiles/m_3008619_sw_16_060_20191109_20200114.tif
/hpc/group/borsuklab/csr33/object_detection/naip_tiles/m_2908934_ne_16_030_20211202.tif
/hpc/group/borsuklab/csr33/object_detection/naip_tiles/m_2909026_se_15_060_20190831_20191001.tif
/hpc/group/borsuklab/csr33/object_detection/naip_tiles/m_2809753_nw_14_060_20201116.tif
/hpc/group/borsuklab/csr33/object_detection/naip_tiles/m_3211620_ne_11_060_20200415.tif
/hpc/group/borsuklab/csr33/object_detection/naip_tiles/m_3008113_ne_17_060_20211203.tif
/hpc/group/borsuklab/csr33/object_detection/naip_tiles/m_3208131_se_17_060_20210426.tif
/hpc/group/borsuklab/csr33/object_detection/naip_tiles/m_4506813_sw_19_060_20210921.tif
/hpc/group/borsuklab/csr33/object_detection/naip_tiles/m_2809624_se_14_060_20201029.tif
/hpc/group/borsuklab/csr33/object_detection/naip_tiles/m_4406728_ne_19_060_20210907.tif
/hpc/group/borsuklab/csr33/object_detection/naip_tiles/m_4107103_sw_19_060_20210926.tif
m_4107103_sw_19_060_20210926 336
m_4506813_sw_19_060_20210921 300
m_3208131_se_17_060_20210426 340
m_4406728_ne_19_060_20210907 300
m_3008113_ne_17_060_20211203 340
m_3008619_sw_16_060_20191109_20200114 340
m_2809624_se_14_060_20201029 360
m_4007460_nw_18_060_20190730_20191209 300
m_4406821_nw_19_060_20210914 300
m_3211620_ne_11_060_20200415 340
m_3108115_sw_17_060_20211202 340
m_2809753_nw_14_060_20201116 360
m_2909026_se_15_060_20190831_20191001 378
m_2908934_ne_16_030_20211202 1365
120.49173355102539
