load envirionment

/hpc/group/borsuklab/csr33/object_detection/naip_tiles/m_3208023_nw_17_060_20210426.tif
/hpc/group/borsuklab/csr33/object_detection/naip_tiles/m_4406829_ne_19_060_20210914.tif
/hpc/group/borsuklab/csr33/object_detection/naip_tiles/m_3907650_ne_18_060_20210617.tif
/hpc/group/borsuklab/csr33/object_detection/naip_tiles/m_3009143_se_15_030_20211114.tif
/hpc/group/borsuklab/csr33/object_detection/naip_tiles/m_3008805_nw_16_030_20211123.tif
/hpc/group/borsuklab/csr33/object_detection/naip_tiles/m_3907536_nw_18_060_20210630.tif
/hpc/group/borsuklab/csr33/object_detection/naip_tiles/m_3311732_nw_11_060_20200422.tif
/hpc/group/borsuklab/csr33/object_detection/naip_tiles/m_3907634_nw_18_060_20210616.tif
/hpc/group/borsuklab/csr33/object_detection/naip_tiles/m_3907435_se_18_060_20190730_20191209.tif
/hpc/group/borsuklab/csr33/object_detection/naip_tiles/m_4007443_ne_18_060_20190730_20191209.tif
/hpc/group/borsuklab/csr33/object_detection/naip_tiles/m_2909529_ne_15_060_20201117.tif
/hpc/group/borsuklab/csr33/object_detection/naip_tiles/m_3407727_se_18_060_20200930.tif
/hpc/group/borsuklab/csr33/object_detection/naip_tiles/m_3607630_nw_18_060_20210913.tif
/hpc/group/borsuklab/csr33/object_detection/naip_tiles/m_3311754_nw_11_060_20200520.tif
m_4406829_ne_19_060_20210914 300
m_4007443_ne_18_060_20190730_20191209 300
m_3907650_ne_18_060_20210617 320
m_3907536_nw_18_060_20210630 320
m_3907634_nw_18_060_20210616 320
m_3907435_se_18_060_20190730_20191209 320
m_3208023_nw_17_060_20210426 340
m_3311732_nw_11_060_20200422 340
m_3311754_nw_11_060_20200520 340
m_3607630_nw_18_060_20210913 340
m_2909529_ne_15_060_20201117 360
m_3407727_se_18_060_20200930 357
m_3009143_se_15_030_20211114 1326
m_3008805_nw_16_030_20211123 1400
124.63639569282532
