load envirionment

/hpc/group/borsuklab/csr33/object_detection/naip_tiles/m_4107455_ne_18_060_20211105.tif
/hpc/group/borsuklab/csr33/object_detection/naip_tiles/m_2709717_ne_14_060_20200501.tif
/hpc/group/borsuklab/csr33/object_detection/naip_tiles/m_4007309_se_18_060_20211105.tif
/hpc/group/borsuklab/csr33/object_detection/naip_tiles/m_3108128_se_17_060_20191110_20200102.tif
/hpc/group/borsuklab/csr33/object_detection/naip_tiles/m_3009329_ne_15_030_20211122.tif
/hpc/group/borsuklab/csr33/object_detection/naip_tiles/m_3208020_ne_17_060_20210426.tif
/hpc/group/borsuklab/csr33/object_detection/naip_tiles/m_2508041_se_17_060_20211203.tif
/hpc/group/borsuklab/csr33/object_detection/naip_tiles/m_2909519_nw_15_060_20201030.tif
/hpc/group/borsuklab/csr33/object_detection/naip_tiles/m_4007435_nw_18_060_20190917_20191209.tif
/hpc/group/borsuklab/csr33/object_detection/naip_tiles/m_3607747_sw_18_060_20200922.tif
/hpc/group/borsuklab/csr33/object_detection/naip_tiles/m_2508051_se_17_060_20211203.tif
/hpc/group/borsuklab/csr33/object_detection/naip_tiles/m_3311637_ne_11_060_20200415.tif
/hpc/group/borsuklab/csr33/object_detection/naip_tiles/m_4506803_sw_19_060_20210816.tif
/hpc/group/borsuklab/csr33/object_detection/naip_tiles/m_2709722_se_14_060_20200430.tif
m_4107455_ne_18_060_20211105 320
m_3108128_se_17_060_20191110_20200102 340
m_2508041_se_17_060_20211203 360
m_4007435_nw_18_060_20190917_20191209 300
m_4007309_se_18_060_20211105 320
m_4506803_sw_19_060_20210816 300
m_3208020_ne_17_060_20210426 340
m_3311637_ne_11_060_20200415 340
m_3607747_sw_18_060_20200922 357
m_2909519_nw_15_060_20201030 360
m_2508051_se_17_060_20211203 360
m_2709717_ne_14_060_20200501 360
m_2709722_se_14_060_20200430 360
m_3009329_ne_15_030_20211122 1326
106.28321266174316
