load envirionment

/hpc/group/borsuklab/csr33/object_detection/naip_tiles/m_3907407_sw_18_060_20190809_20191209.tif
/hpc/group/borsuklab/csr33/object_detection/naip_tiles/m_2708027_ne_17_060_20191215_20200113.tif
/hpc/group/borsuklab/csr33/object_detection/naip_tiles/m_4107111_ne_19_060_20210926.tif
/hpc/group/borsuklab/csr33/object_detection/naip_tiles/m_3607629_sw_18_060_20210913.tif
/hpc/group/borsuklab/csr33/object_detection/naip_tiles/m_3607541_nw_18_060_20200516.tif
/hpc/group/borsuklab/csr33/object_detection/naip_tiles/m_3707745_ne_18_060_20210903.tif
/hpc/group/borsuklab/csr33/object_detection/naip_tiles/m_3008248_nw_17_060_20211202.tif
/hpc/group/borsuklab/csr33/object_detection/naip_tiles/m_4207146_ne_19_060_20210826.tif
/hpc/group/borsuklab/csr33/object_detection/naip_tiles/m_4207010_se_19_060_20211024.tif
/hpc/group/borsuklab/csr33/object_detection/naip_tiles/m_3807723_nw_18_060_20210630.tif
/hpc/group/borsuklab/csr33/object_detection/naip_tiles/m_2909148_ne_15_060_20190830_20191001.tif
/hpc/group/borsuklab/csr33/object_detection/naip_tiles/m_2508053_ne_17_060_20191126_20200114.tif
/hpc/group/borsuklab/csr33/object_detection/naip_tiles/m_3009248_sw_15_030_20211212.tif
/hpc/group/borsuklab/csr33/object_detection/naip_tiles/m_3411859_nw_11_060_20200515.tif
m_3707745_ne_18_060_20210903 340
m_3607629_sw_18_060_20210913 340
m_2708027_ne_17_060_20191215_20200113 360
m_3008248_nw_17_060_20211202 360
m_4207010_se_19_060_20211024 336
m_3807723_nw_18_060_20210630 340
m_4107111_ne_19_060_20210926 320
m_3411859_nw_11_060_20200515 340
m_3607541_nw_18_060_20200516 340
m_3907407_sw_18_060_20190809_20191209 320
m_4207146_ne_19_060_20210826 320
m_2909148_ne_15_060_20190830_20191001 360
m_2508053_ne_17_060_20191126_20200114 360
m_3009248_sw_15_030_20211212 1326
122.15123844146729
