load envirionment

/hpc/group/borsuklab/csr33/object_detection/naip_tiles/m_4207454_nw_18_060_20211110.tif
/hpc/group/borsuklab/csr33/object_detection/naip_tiles/m_2908252_nw_17_060_20211129.tif
/hpc/group/borsuklab/csr33/object_detection/naip_tiles/m_3008347_sw_17_060_20211116.tif
/hpc/group/borsuklab/csr33/object_detection/naip_tiles/m_3907626_se_18_060_20210616.tif
/hpc/group/borsuklab/csr33/object_detection/naip_tiles/m_4506750_se_19_060_20210815.tif
/hpc/group/borsuklab/csr33/object_detection/naip_tiles/m_4406807_ne_19_060_20210920.tif
/hpc/group/borsuklab/csr33/object_detection/naip_tiles/m_3108110_sw_17_060_20191110_20200102.tif
/hpc/group/borsuklab/csr33/object_detection/naip_tiles/m_3008807_ne_16_030_20211120.tif
/hpc/group/borsuklab/csr33/object_detection/naip_tiles/m_2808059_ne_17_060_20191130_20200113.tif
/hpc/group/borsuklab/csr33/object_detection/naip_tiles/m_3407742_se_18_060_20200904.tif
/hpc/group/borsuklab/csr33/object_detection/naip_tiles/m_4107029_nw_19_060_20210904.tif
/hpc/group/borsuklab/csr33/object_detection/naip_tiles/m_3008742_ne_16_030_20211113.tif
/hpc/group/borsuklab/csr33/object_detection/naip_tiles/m_3009060_nw_15_030_20211120.tif
/hpc/group/borsuklab/csr33/object_detection/naip_tiles/m_2608102_sw_17_060_20211223.tif
m_4107029_nw_19_060_20210904 320
m_3108110_sw_17_060_20191110_20200102 340
m_4207454_nw_18_060_20211110 320
m_3008347_sw_17_060_20211116 378
m_4406807_ne_19_060_20210920 300
m_3407742_se_18_060_20200904 357
m_2908252_nw_17_060_20211129 360
m_2808059_ne_17_060_20191130_20200113 360
m_3907626_se_18_060_20210616 320
m_4506750_se_19_060_20210815 300
m_2608102_sw_17_060_20211223 360
m_3008742_ne_16_030_20211113 1400
m_3008807_ne_16_030_20211120 1400
m_3009060_nw_15_030_20211120 1365
175.4748306274414
