load envirionment

/hpc/group/borsuklab/csr33/object_detection/naip_tiles/m_2708029_se_17_060_20191215_20200113.tif
/hpc/group/borsuklab/csr33/object_detection/naip_tiles/m_2808240_ne_17_060_20211202.tif
/hpc/group/borsuklab/csr33/object_detection/naip_tiles/m_3607745_sw_18_060_20200922.tif
/hpc/group/borsuklab/csr33/object_detection/naip_tiles/m_3211601_se_11_060_20200425.tif
/hpc/group/borsuklab/csr33/object_detection/naip_tiles/m_4007430_se_18_060_20211105.tif
/hpc/group/borsuklab/csr33/object_detection/naip_tiles/m_3008948_ne_16_030_20211114.tif
/hpc/group/borsuklab/csr33/object_detection/naip_tiles/m_3009023_se_15_030_20211116.tif
/hpc/group/borsuklab/csr33/object_detection/naip_tiles/m_3208037_sw_17_060_20210426.tif
/hpc/group/borsuklab/csr33/object_detection/naip_tiles/m_2909532_se_15_060_20201116.tif
/hpc/group/borsuklab/csr33/object_detection/naip_tiles/m_3707736_nw_18_060_20210910.tif
/hpc/group/borsuklab/csr33/object_detection/naip_tiles/m_3108108_ne_17_060_20211202.tif
/hpc/group/borsuklab/csr33/object_detection/naip_tiles/m_2809506_sw_15_060_20201117.tif
/hpc/group/borsuklab/csr33/object_detection/naip_tiles/m_3108710_nw_16_030_20211115.tif
/hpc/group/borsuklab/csr33/object_detection/naip_tiles/m_2908118_nw_17_060_20211129.tif
m_3108108_ne_17_060_20211202 340
m_3208037_sw_17_060_20210426 340
m_4007430_se_18_060_20211105 320
m_2708029_se_17_060_20191215_20200113 360
m_3707736_nw_18_060_20210910 340
m_2809506_sw_15_060_20201117 360
m_3211601_se_11_060_20200425 340
m_2909532_se_15_060_20201116 360
m_3607745_sw_18_060_20200922 357
m_2908118_nw_17_060_20211129 360
m_2808240_ne_17_060_20211202 360
m_3009023_se_15_030_20211116 1365
m_3008948_ne_16_030_20211114 1400
m_3108710_nw_16_030_20211115 1400
189.0766725540161
