load envirionment

/hpc/group/borsuklab/csr33/object_detection/naip_tiles/m_4107303_sw_18_060_20211105.tif
/hpc/group/borsuklab/csr33/object_detection/naip_tiles/m_4107239_se_18_060_20210926.tif
/hpc/group/borsuklab/csr33/object_detection/naip_tiles/m_3907631_ne_18_060_20211101.tif
/hpc/group/borsuklab/csr33/object_detection/naip_tiles/m_3307924_sw_17_060_20210501.tif
/hpc/group/borsuklab/csr33/object_detection/naip_tiles/m_2809636_sw_14_060_20201029.tif
/hpc/group/borsuklab/csr33/object_detection/naip_tiles/m_4406813_ne_19_060_20210914.tif
/hpc/group/borsuklab/csr33/object_detection/naip_tiles/m_3807643_se_18_060_20210617.tif
/hpc/group/borsuklab/csr33/object_detection/naip_tiles/m_3807737_se_18_060_20210903.tif
/hpc/group/borsuklab/csr33/object_detection/naip_tiles/m_3008822_se_16_030_20211119.tif
/hpc/group/borsuklab/csr33/object_detection/naip_tiles/m_2808239_ne_17_060_20211130.tif
/hpc/group/borsuklab/csr33/object_detection/naip_tiles/m_3507551_nw_18_060_20201018.tif
/hpc/group/borsuklab/csr33/object_detection/naip_tiles/m_3411863_sw_11_060_20200505.tif
/hpc/group/borsuklab/csr33/object_detection/naip_tiles/m_2708202_se_17_060_20211201.tif
/hpc/group/borsuklab/csr33/object_detection/naip_tiles/m_3009063_sw_15_030_20211123.tif
m_3807643_se_18_060_20210617 320
m_4406813_ne_19_060_20210914 300
m_3507551_nw_18_060_20201018 340
m_2809636_sw_14_060_20201029 360
m_3807737_se_18_060_20210903 357
m_4107303_sw_18_060_20211105 320
m_4107239_se_18_060_20210926 336
m_3907631_ne_18_060_20211101 320
m_3411863_sw_11_060_20200505 340
m_3307924_sw_17_060_20210501 340
m_2708202_se_17_060_20211201 360
m_2808239_ne_17_060_20211130 360
m_3009063_sw_15_030_20211123 1365
m_3008822_se_16_030_20211119 1400
121.98844742774963
