load envirionment

/hpc/group/borsuklab/csr33/object_detection/naip_tiles/m_2708160_sw_17_060_20191129_20200113.tif
/hpc/group/borsuklab/csr33/object_detection/naip_tiles/m_2709730_ne_14_060_20200430.tif
/hpc/group/borsuklab/csr33/object_detection/naip_tiles/m_3807716_nw_18_060_20210910.tif
/hpc/group/borsuklab/csr33/object_detection/naip_tiles/m_2908925_nw_16_030_20211202.tif
/hpc/group/borsuklab/csr33/object_detection/naip_tiles/m_4506849_sw_19_060_20210816.tif
/hpc/group/borsuklab/csr33/object_detection/naip_tiles/m_2908919_se_16_030_20211130.tif
/hpc/group/borsuklab/csr33/object_detection/naip_tiles/m_4007537_se_18_060_20191019_20191203.tif
/hpc/group/borsuklab/csr33/object_detection/naip_tiles/m_3311725_ne_11_060_20200424.tif
/hpc/group/borsuklab/csr33/object_detection/naip_tiles/m_4406943_se_19_060_20210904.tif
/hpc/group/borsuklab/csr33/object_detection/naip_tiles/m_4107231_nw_18_060_20210926.tif
/hpc/group/borsuklab/csr33/object_detection/naip_tiles/m_4107042_nw_19_060_20210904.tif
/hpc/group/borsuklab/csr33/object_detection/naip_tiles/m_3009356_ne_15_060_20190905_20191001.tif
/hpc/group/borsuklab/csr33/object_detection/naip_tiles/m_3507762_sw_18_060_20201031.tif
/hpc/group/borsuklab/csr33/object_detection/naip_tiles/m_4007556_se_18_060_20191014_20191203.tif
m_4406943_se_19_060_20210904 300
m_4506849_sw_19_060_20210816 300
m_4107042_nw_19_060_20210904 320
m_3807716_nw_18_060_20210910 340
m_4007537_se_18_060_20191019_20191203 320
m_3311725_ne_11_060_20200424 340
m_4107231_nw_18_060_20210926 320
m_4007556_se_18_060_20191014_20191203 320
m_2709730_ne_14_060_20200430 360
m_2708160_sw_17_060_20191129_20200113 360
m_3009356_ne_15_060_20190905_20191001 360
m_3507762_sw_18_060_20201031 357
m_2908925_nw_16_030_20211202 1365
m_2908919_se_16_030_20211130 1365
126.89802360534668
