load envirionment

/hpc/group/borsuklab/csr33/object_detection/naip_tiles/m_2608119_sw_17_060_20211223.tif
/hpc/group/borsuklab/csr33/object_detection/naip_tiles/m_3208043_sw_17_060_20210507.tif
/hpc/group/borsuklab/csr33/object_detection/naip_tiles/m_3607654_se_18_060_20200922.tif
/hpc/group/borsuklab/csr33/object_detection/naip_tiles/m_3307946_sw_17_060_20210501.tif
/hpc/group/borsuklab/csr33/object_detection/naip_tiles/m_2908240_ne_17_060_20211202.tif
/hpc/group/borsuklab/csr33/object_detection/naip_tiles/m_3108111_nw_17_060_20191110_20200102.tif
/hpc/group/borsuklab/csr33/object_detection/naip_tiles/m_2709721_sw_14_060_20200430.tif
/hpc/group/borsuklab/csr33/object_detection/naip_tiles/m_4406924_ne_19_060_20211006.tif
/hpc/group/borsuklab/csr33/object_detection/naip_tiles/m_3208015_nw_17_060_20210426.tif
/hpc/group/borsuklab/csr33/object_detection/naip_tiles/m_3009144_ne_15_030_20211114.tif
/hpc/group/borsuklab/csr33/object_detection/naip_tiles/m_3512060_se_10_060_20200607.tif
/hpc/group/borsuklab/csr33/object_detection/naip_tiles/m_3707549_ne_18_060_20210913.tif
/hpc/group/borsuklab/csr33/object_detection/naip_tiles/m_2608036_ne_17_060_20191203_20200113.tif
/hpc/group/borsuklab/csr33/object_detection/naip_tiles/m_4207155_sw_19_060_20210826.tif
m_2709721_sw_14_060_20200430 360
m_3307946_sw_17_060_20210501 340
m_3512060_se_10_060_20200607 340
m_3607654_se_18_060_20200922 340
m_4406924_ne_19_060_20211006 300
m_3707549_ne_18_060_20210913 340
m_2908240_ne_17_060_20211202 360
m_3108111_nw_17_060_20191110_20200102 340
m_3208015_nw_17_060_20210426 340
m_3208043_sw_17_060_20210507 340
m_4207155_sw_19_060_20210826 336
m_2608119_sw_17_060_20211223 360
m_2608036_ne_17_060_20191203_20200113 360
m_3009144_ne_15_030_20211114 1326
131.97146248817444
