load envirionment

/hpc/group/borsuklab/csr33/object_detection/naip_tiles/m_3307923_sw_17_060_20210501.tif
/hpc/group/borsuklab/csr33/object_detection/naip_tiles/m_3308032_se_17_060_20210501.tif
/hpc/group/borsuklab/csr33/object_detection/naip_tiles/m_2909131_ne_15_060_20190902_20191001.tif
/hpc/group/borsuklab/csr33/object_detection/naip_tiles/m_3807552_nw_18_060_20210605.tif
/hpc/group/borsuklab/csr33/object_detection/naip_tiles/m_2809707_ne_14_060_20200501.tif
/hpc/group/borsuklab/csr33/object_detection/naip_tiles/m_3907527_ne_18_060_20210630.tif
/hpc/group/borsuklab/csr33/object_detection/naip_tiles/m_2608031_se_17_060_20191120_20200113.tif
/hpc/group/borsuklab/csr33/object_detection/naip_tiles/m_2709729_sw_14_060_20200430.tif
/hpc/group/borsuklab/csr33/object_detection/naip_tiles/m_4107021_ne_19_060_20210904.tif
/hpc/group/borsuklab/csr33/object_detection/naip_tiles/m_3008426_sw_16_060_20191128_20200114.tif
/hpc/group/borsuklab/csr33/object_detection/naip_tiles/m_4307052_sw_19_060_20211007.tif
/hpc/group/borsuklab/csr33/object_detection/naip_tiles/m_3008632_ne_16_060_20191109_20200114.tif
/hpc/group/borsuklab/csr33/object_detection/naip_tiles/m_4307163_nw_19_060_20211024.tif
/hpc/group/borsuklab/csr33/object_detection/naip_tiles/m_2908953_se_16_030_20211130.tif
m_4307163_nw_19_060_20211024 320
m_3308032_se_17_060_20210501 340
m_3008426_sw_16_060_20191128_20200114 360
m_2709729_sw_14_060_20200430 360
m_3307923_sw_17_060_20210501 340
m_3907527_ne_18_060_20210630 320
m_2809707_ne_14_060_20200501 360
m_4107021_ne_19_060_20210904 320
m_3807552_nw_18_060_20210605 320
m_2909131_ne_15_060_20190902_20191001 360
m_4307052_sw_19_060_20211007 336
m_3008632_ne_16_060_20191109_20200114 340
m_2608031_se_17_060_20191120_20200113 360
m_2908953_se_16_030_20211130 1365
140.39535474777222
