load envirionment

/hpc/group/borsuklab/csr33/object_detection/naip_tiles/m_2908401_sw_16_060_20191120_20200114.tif
/hpc/group/borsuklab/csr33/object_detection/naip_tiles/m_3009340_nw_15_060_20190901_20191001.tif
/hpc/group/borsuklab/csr33/object_detection/naip_tiles/m_3008422_sw_16_060_20211222.tif
/hpc/group/borsuklab/csr33/object_detection/naip_tiles/m_3807610_nw_18_060_20210617.tif
/hpc/group/borsuklab/csr33/object_detection/naip_tiles/m_3208115_se_17_060_20210426.tif
/hpc/group/borsuklab/csr33/object_detection/naip_tiles/m_3009261_ne_15_030_20211222.tif
/hpc/group/borsuklab/csr33/object_detection/naip_tiles/m_2609710_nw_14_060_20201001.tif
/hpc/group/borsuklab/csr33/object_detection/naip_tiles/m_3008810_ne_16_030_20211112.tif
/hpc/group/borsuklab/csr33/object_detection/naip_tiles/m_2809758_ne_14_060_20201116.tif
/hpc/group/borsuklab/csr33/object_detection/naip_tiles/m_4506828_se_19_060_20211006.tif
/hpc/group/borsuklab/csr33/object_detection/naip_tiles/m_3707611_se_18_060_20210912.tif
/hpc/group/borsuklab/csr33/object_detection/naip_tiles/m_3308043_se_17_060_20210501.tif
/hpc/group/borsuklab/csr33/object_detection/naip_tiles/m_3008358_sw_17_060_20191117_20200114.tif
/hpc/group/borsuklab/csr33/object_detection/naip_tiles/m_3008518_se_16_060_20191109_20200114.tif
m_4506828_se_19_060_20211006 300
m_2908401_sw_16_060_20191120_20200114 360
m_3807610_nw_18_060_20210617 320
m_3208115_se_17_060_20210426 340
m_3008358_sw_17_060_20191117_20200114 360
m_3308043_se_17_060_20210501 340
m_3008518_se_16_060_20191109_20200114 340
m_3707611_se_18_060_20210912 357
m_3008422_sw_16_060_20211222 360
m_3009340_nw_15_060_20190901_20191001 360
m_2609710_nw_14_060_20201001 360
m_2809758_ne_14_060_20201116 360
m_3009261_ne_15_030_20211222 1326
m_3008810_ne_16_030_20211112 1400
291.52398800849915
