load envirionment

/hpc/group/borsuklab/csr33/object_detection/naip_tiles/m_2708256_nw_17_060_20211202.tif
/hpc/group/borsuklab/csr33/object_detection/naip_tiles/m_3108119_nw_17_060_20191110_20200102.tif
/hpc/group/borsuklab/csr33/object_detection/naip_tiles/m_4107224_se_18_060_20210926.tif
/hpc/group/borsuklab/csr33/object_detection/naip_tiles/m_3207917_ne_17_060_20210426.tif
/hpc/group/borsuklab/csr33/object_detection/naip_tiles/m_3607604_nw_18_060_20210926.tif
/hpc/group/borsuklab/csr33/object_detection/naip_tiles/m_2708120_se_17_060_20191129_20200113.tif
/hpc/group/borsuklab/csr33/object_detection/naip_tiles/m_2909537_nw_15_060_20201117.tif
/hpc/group/borsuklab/csr33/object_detection/naip_tiles/m_4207313_sw_18_060_20211107.tif
/hpc/group/borsuklab/csr33/object_detection/naip_tiles/m_4406811_nw_19_060_20210929.tif
/hpc/group/borsuklab/csr33/object_detection/naip_tiles/m_4307026_ne_19_060_20211007.tif
/hpc/group/borsuklab/csr33/object_detection/naip_tiles/m_3707645_ne_18_060_20210926.tif
/hpc/group/borsuklab/csr33/object_detection/naip_tiles/m_4207445_se_18_060_20211110.tif
/hpc/group/borsuklab/csr33/object_detection/naip_tiles/m_3009464_ne_15_060_20201102.tif
/hpc/group/borsuklab/csr33/object_detection/naip_tiles/m_3411917_ne_11_060_20200523.tif
m_3207917_ne_17_060_20210426 340
m_4406811_nw_19_060_20210929 300
m_2708256_nw_17_060_20211202 360
m_3009464_ne_15_060_20201102 340
m_3108119_nw_17_060_20191110_20200102 340
m_3411917_ne_11_060_20200523 340
m_4207445_se_18_060_20211110 320
m_4207313_sw_18_060_20211107 336
m_4307026_ne_19_060_20211007 300
m_3707645_ne_18_060_20210926 340
m_2708120_se_17_060_20191129_20200113 360
m_2909537_nw_15_060_20201117 360
m_4107224_se_18_060_20210926 336
m_3607604_nw_18_060_20210926 340
74.39094996452332
