load envirionment

/hpc/group/borsuklab/csr33/object_detection/naip_tiles/m_4207337_ne_18_060_20211107.tif
/hpc/group/borsuklab/csr33/object_detection/naip_tiles/m_2809505_sw_15_060_20201117.tif
/hpc/group/borsuklab/csr33/object_detection/naip_tiles/m_2908128_se_17_060_20211129.tif
/hpc/group/borsuklab/csr33/object_detection/naip_tiles/m_3407852_ne_17_060_20200922.tif
/hpc/group/borsuklab/csr33/object_detection/naip_tiles/m_3407828_se_17_060_20200603.tif
/hpc/group/borsuklab/csr33/object_detection/naip_tiles/m_2909204_sw_15_060_20190706_20191001.tif
/hpc/group/borsuklab/csr33/object_detection/naip_tiles/m_4207454_sw_18_060_20211106.tif
/hpc/group/borsuklab/csr33/object_detection/naip_tiles/m_4506736_se_19_060_20210723.tif
/hpc/group/borsuklab/csr33/object_detection/naip_tiles/m_4406957_ne_19_060_20210827.tif
/hpc/group/borsuklab/csr33/object_detection/naip_tiles/m_3707533_nw_18_060_20210926.tif
/hpc/group/borsuklab/csr33/object_detection/naip_tiles/m_4007202_nw_18_060_20211105.tif
/hpc/group/borsuklab/csr33/object_detection/naip_tiles/m_3008917_se_16_030_20211115.tif
/hpc/group/borsuklab/csr33/object_detection/naip_tiles/m_4506825_ne_19_060_20210816.tif
/hpc/group/borsuklab/csr33/object_detection/naip_tiles/m_3308051_se_17_060_20210501.tif
m_4406957_ne_19_060_20210827 300
m_4506825_ne_19_060_20210816 300
m_4207454_sw_18_060_20211106 320
m_2909204_sw_15_060_20190706_20191001 360
m_3707533_nw_18_060_20210926 340
m_4506736_se_19_060_20210723 315
m_3308051_se_17_060_20210501 340
m_4007202_nw_18_060_20211105 320
m_4207337_ne_18_060_20211107 320
m_2908128_se_17_060_20211129 360
m_3407852_ne_17_060_20200922 340
m_3407828_se_17_060_20200603 357
m_2809505_sw_15_060_20201117 360
m_3008917_se_16_030_20211115 1365
104.242360830307
