load envirionment

/hpc/group/borsuklab/csr33/object_detection/naip_tiles/m_2708063_se_17_060_20191215_20200113.tif
/hpc/group/borsuklab/csr33/object_detection/naip_tiles/m_3807715_sw_18_060_20210630.tif
/hpc/group/borsuklab/csr33/object_detection/naip_tiles/m_3407832_ne_17_060_20200904.tif
/hpc/group/borsuklab/csr33/object_detection/naip_tiles/m_2908904_ne_16_030_20211129.tif
/hpc/group/borsuklab/csr33/object_detection/naip_tiles/m_3311638_ne_11_060_20200415.tif
/hpc/group/borsuklab/csr33/object_detection/naip_tiles/m_4406710_se_19_060_20210907.tif
/hpc/group/borsuklab/csr33/object_detection/naip_tiles/m_3009548_sw_15_060_20201118.tif
/hpc/group/borsuklab/csr33/object_detection/naip_tiles/m_3211805_se_11_060_20200504.tif
/hpc/group/borsuklab/csr33/object_detection/naip_tiles/m_3108115_nw_17_060_20211202.tif
/hpc/group/borsuklab/csr33/object_detection/naip_tiles/m_3109464_sw_15_060_20201030.tif
/hpc/group/borsuklab/csr33/object_detection/naip_tiles/m_3307954_ne_17_060_20210501.tif
/hpc/group/borsuklab/csr33/object_detection/naip_tiles/m_2908164_ne_17_060_20211130.tif
/hpc/group/borsuklab/csr33/object_detection/naip_tiles/m_2809740_ne_14_060_20201029.tif
/hpc/group/borsuklab/csr33/object_detection/naip_tiles/m_3707630_se_18_060_20210926.tif
m_4406710_se_19_060_20210907 300
m_2708063_se_17_060_20191215_20200113 360
m_3211805_se_11_060_20200504 340
m_3108115_nw_17_060_20211202 340
m_3707630_se_18_060_20210926 340
m_3109464_sw_15_060_20201030 340
m_3307954_ne_17_060_20210501 340
m_3407832_ne_17_060_20200904 340
m_3311638_ne_11_060_20200415 340
m_3807715_sw_18_060_20210630 357
m_2809740_ne_14_060_20201029 360
m_2908164_ne_17_060_20211130 360
m_3009548_sw_15_060_20201118 360
m_2908904_ne_16_030_20211129 1365
175.65100693702698
