load envirionment

/hpc/group/borsuklab/csr33/object_detection/naip_tiles/m_2908102_se_17_060_20211129.tif
/hpc/group/borsuklab/csr33/object_detection/naip_tiles/m_3307901_se_17_060_20210508.tif
/hpc/group/borsuklab/csr33/object_detection/naip_tiles/m_2909005_ne_15_030_20211130.tif
/hpc/group/borsuklab/csr33/object_detection/naip_tiles/m_3009059_nw_15_030_20211120.tif
/hpc/group/borsuklab/csr33/object_detection/naip_tiles/m_3407824_se_17_060_20200904.tif
/hpc/group/borsuklab/csr33/object_detection/naip_tiles/m_3707657_ne_18_060_20210827.tif
/hpc/group/borsuklab/csr33/object_detection/naip_tiles/m_3108831_ne_16_030_20211120.tif
/hpc/group/borsuklab/csr33/object_detection/naip_tiles/m_3507763_ne_18_060_20201031.tif
/hpc/group/borsuklab/csr33/object_detection/naip_tiles/m_2908135_nw_17_060_20211129.tif
/hpc/group/borsuklab/csr33/object_detection/naip_tiles/m_2908120_ne_17_060_20211129.tif
/hpc/group/borsuklab/csr33/object_detection/naip_tiles/m_3807532_nw_18_060_20210624.tif
/hpc/group/borsuklab/csr33/object_detection/naip_tiles/m_4007445_sw_18_060_20190730_20191209.tif
/hpc/group/borsuklab/csr33/object_detection/naip_tiles/m_3009006_se_15_030_20211116.tif
/hpc/group/borsuklab/csr33/object_detection/naip_tiles/m_3707638_sw_18_060_20210926.tif
m_3807532_nw_18_060_20210624 320
m_3707638_sw_18_060_20210926 340
m_2908120_ne_17_060_20211129 360
m_4007445_sw_18_060_20190730_20191209 300
m_3707657_ne_18_060_20210827 340
m_3307901_se_17_060_20210508 340
m_3507763_ne_18_060_20201031 340
m_3407824_se_17_060_20200904 357
m_2908135_nw_17_060_20211129 360
m_2908102_se_17_060_20211129 360
m_2909005_ne_15_030_20211130 1365
m_3009006_se_15_030_20211116 1365
m_3009059_nw_15_030_20211120 1365
m_3108831_ne_16_030_20211120 1400
162.74635934829712
