load envirionment

/hpc/group/borsuklab/csr33/object_detection/naip_tiles/m_2809518_se_15_060_20201029.tif
/hpc/group/borsuklab/csr33/object_detection/naip_tiles/m_3108845_se_16_030_20211123.tif
/hpc/group/borsuklab/csr33/object_detection/naip_tiles/m_3907434_se_18_060_20190730_20191209.tif
/hpc/group/borsuklab/csr33/object_detection/naip_tiles/m_4107348_se_18_060_20211105.tif
/hpc/group/borsuklab/csr33/object_detection/naip_tiles/m_3807724_sw_18_060_20210617.tif
/hpc/group/borsuklab/csr33/object_detection/naip_tiles/m_3008608_nw_16_030_20211103.tif
/hpc/group/borsuklab/csr33/object_detection/naip_tiles/m_2908120_se_17_060_20211129.tif
/hpc/group/borsuklab/csr33/object_detection/naip_tiles/m_3009030_sw_15_030_20211115.tif
/hpc/group/borsuklab/csr33/object_detection/naip_tiles/m_4506727_sw_19_060_20210815.tif
/hpc/group/borsuklab/csr33/object_detection/naip_tiles/m_2908901_ne_16_030_20211129.tif
/hpc/group/borsuklab/csr33/object_detection/naip_tiles/m_2608160_se_17_060_20211203.tif
/hpc/group/borsuklab/csr33/object_detection/naip_tiles/m_3907452_nw_18_060_20190730_20191209.tif
/hpc/group/borsuklab/csr33/object_detection/naip_tiles/m_3311638_se_11_060_20200415.tif
/hpc/group/borsuklab/csr33/object_detection/naip_tiles/m_3108718_nw_16_030_20211115.tif
m_4506727_sw_19_060_20210815 300
m_3907434_se_18_060_20190730_20191209 320
m_3311638_se_11_060_20200415 340
m_2608160_se_17_060_20211203 360
m_2908120_se_17_060_20211129 360
m_4107348_se_18_060_20211105 336
m_3807724_sw_18_060_20210617 320
m_3907452_nw_18_060_20190730_20191209 320
m_2809518_se_15_060_20201029 360
m_3008608_nw_16_030_20211103 1400
m_2908901_ne_16_030_20211129 1365
m_3108845_se_16_030_20211123 1400
m_3108718_nw_16_030_20211115 1400
m_3009030_sw_15_030_20211115 1365
305.12960028648376
