load envirionment

/hpc/group/borsuklab/csr33/object_detection/naip_tiles/m_3008453_ne_16_060_20191129_20200114.tif
/hpc/group/borsuklab/csr33/object_detection/naip_tiles/m_4506844_se_19_060_20210929.tif
/hpc/group/borsuklab/csr33/object_detection/naip_tiles/m_2808020_sw_17_060_20191130_20200113.tif
/hpc/group/borsuklab/csr33/object_detection/naip_tiles/m_4207001_ne_19_060_20211024.tif
/hpc/group/borsuklab/csr33/object_detection/naip_tiles/m_3008824_se_16_030_20211119.tif
/hpc/group/borsuklab/csr33/object_detection/naip_tiles/m_2609718_nw_14_060_20201001.tif
/hpc/group/borsuklab/csr33/object_detection/naip_tiles/m_2908126_se_17_060_20211129.tif
/hpc/group/borsuklab/csr33/object_detection/naip_tiles/m_2508139_nw_17_060_20211203.tif
/hpc/group/borsuklab/csr33/object_detection/naip_tiles/m_3009235_se_15_060_20190706_20191001.tif
/hpc/group/borsuklab/csr33/object_detection/naip_tiles/m_4406827_nw_19_060_20210723.tif
/hpc/group/borsuklab/csr33/object_detection/naip_tiles/m_3008357_sw_17_060_20191117_20200114.tif
/hpc/group/borsuklab/csr33/object_detection/naip_tiles/m_2808231_nw_17_060_20211130.tif
/hpc/group/borsuklab/csr33/object_detection/naip_tiles/m_4207161_nw_19_060_20210826.tif
/hpc/group/borsuklab/csr33/object_detection/naip_tiles/m_3707606_sw_18_060_20210926.tif
m_3009235_se_15_060_20190706_20191001 360
m_4506844_se_19_060_20210929 300
m_3707606_sw_18_060_20210926 340
m_4207161_nw_19_060_20210826 320
m_4406827_nw_19_060_20210723 300
m_2808020_sw_17_060_20191130_20200113 340
m_2908126_se_17_060_20211129 360
m_4207001_ne_19_060_20211024 320
m_2609718_nw_14_060_20201001 360
m_3008357_sw_17_060_20191117_20200114 360
m_3008453_ne_16_060_20191129_20200114 360
m_2808231_nw_17_060_20211130 360
m_2508139_nw_17_060_20211203 380
m_3008824_se_16_030_20211119 1400
121.44335007667542
