load envirionment

/hpc/group/borsuklab/csr33/object_detection/naip_tiles/m_3307915_ne_17_060_20210501.tif
/hpc/group/borsuklab/csr33/object_detection/naip_tiles/m_4406924_sw_19_060_20211006.tif
/hpc/group/borsuklab/csr33/object_detection/naip_tiles/m_3008941_sw_16_030_20211115.tif
/hpc/group/borsuklab/csr33/object_detection/naip_tiles/m_4107461_se_18_060_20190830_20191209.tif
/hpc/group/borsuklab/csr33/object_detection/naip_tiles/m_3009254_nw_15_030_20211222.tif
/hpc/group/borsuklab/csr33/object_detection/naip_tiles/m_2808245_se_17_060_20211130.tif
/hpc/group/borsuklab/csr33/object_detection/naip_tiles/m_4107141_ne_19_060_20210926.tif
/hpc/group/borsuklab/csr33/object_detection/naip_tiles/m_2508025_sw_17_060_20211203.tif
/hpc/group/borsuklab/csr33/object_detection/naip_tiles/m_4406926_sw_19_060_20210827.tif
/hpc/group/borsuklab/csr33/object_detection/naip_tiles/m_2909038_nw_15_030_20211130.tif
/hpc/group/borsuklab/csr33/object_detection/naip_tiles/m_2908314_ne_17_060_20211116.tif
/hpc/group/borsuklab/csr33/object_detection/naip_tiles/m_4406955_nw_19_060_20211006.tif
/hpc/group/borsuklab/csr33/object_detection/naip_tiles/m_3009363_ne_15_060_20190905_20191001.tif
/hpc/group/borsuklab/csr33/object_detection/naip_tiles/m_3008528_se_16_060_20191118_20200114.tif
m_4406926_sw_19_060_20210827 300
m_4406924_sw_19_060_20211006 300
m_4107141_ne_19_060_20210926 320
m_2508025_sw_17_060_20211203 380
m_3008528_se_16_060_20191118_20200114 340
m_2908314_ne_17_060_20211116 360
m_4107461_se_18_060_20190830_20191209 300
m_4406955_nw_19_060_20211006 300
m_2808245_se_17_060_20211130 360
m_3307915_ne_17_060_20210501 340
m_3009363_ne_15_060_20190905_20191001 360
m_2909038_nw_15_030_20211130 1365
m_3008941_sw_16_030_20211115 1365
m_3009254_nw_15_030_20211222 1326
118.79378533363342
