load envirionment

/hpc/group/borsuklab/csr33/object_detection/naip_tiles/m_3407719_se_18_060_20200930.tif
/hpc/group/borsuklab/csr33/object_detection/naip_tiles/m_4207311_nw_18_060_20211107.tif
/hpc/group/borsuklab/csr33/object_detection/naip_tiles/m_2708231_nw_17_060_20211130.tif
/hpc/group/borsuklab/csr33/object_detection/naip_tiles/m_3008543_ne_16_060_20191118_20200114.tif
/hpc/group/borsuklab/csr33/object_detection/naip_tiles/m_4107223_sw_18_060_20210926.tif
/hpc/group/borsuklab/csr33/object_detection/naip_tiles/m_4407058_nw_19_060_20211008.tif
/hpc/group/borsuklab/csr33/object_detection/naip_tiles/m_2608039_sw_17_060_20191120_20200113.tif
/hpc/group/borsuklab/csr33/object_detection/naip_tiles/m_4007531_ne_18_060_20191019_20191203.tif
/hpc/group/borsuklab/csr33/object_detection/naip_tiles/m_3008446_nw_16_060_20191129_20200114.tif
/hpc/group/borsuklab/csr33/object_detection/naip_tiles/m_2608118_ne_17_060_20211223.tif
/hpc/group/borsuklab/csr33/object_detection/naip_tiles/m_2808036_se_17_060_20191130_20200113.tif
/hpc/group/borsuklab/csr33/object_detection/naip_tiles/m_4107126_se_19_060_20210926.tif
/hpc/group/borsuklab/csr33/object_detection/naip_tiles/m_3507641_se_18_060_20201018.tif
/hpc/group/borsuklab/csr33/object_detection/naip_tiles/m_2909017_ne_15_060_20190707_20191001.tif
m_4407058_nw_19_060_20211008 320
m_4207311_nw_18_060_20211107 320
m_2608039_sw_17_060_20191120_20200113 360
m_3407719_se_18_060_20200930 357
m_2808036_se_17_060_20191130_20200113 360
m_3008446_nw_16_060_20191129_20200114 360
m_4107223_sw_18_060_20210926 336
m_4007531_ne_18_060_20191019_20191203 320
m_4107126_se_19_060_20210926 336
m_2608118_ne_17_060_20211223 360
m_3008543_ne_16_060_20191118_20200114 340
m_2708231_nw_17_060_20211130 360
m_2909017_ne_15_060_20190707_20191001 360
m_3507641_se_18_060_20201018 357
77.87742829322815
