load envirionment

/hpc/group/borsuklab/csr33/object_detection/naip_tiles/m_4506837_sw_19_060_20210929.tif
/hpc/group/borsuklab/csr33/object_detection/naip_tiles/m_3707747_nw_18_060_20210912.tif
/hpc/group/borsuklab/csr33/object_detection/naip_tiles/m_3907653_sw_18_060_20210606.tif
/hpc/group/borsuklab/csr33/object_detection/naip_tiles/m_3108832_nw_16_030_20211120.tif
/hpc/group/borsuklab/csr33/object_detection/naip_tiles/m_2809738_ne_14_060_20200501.tif
/hpc/group/borsuklab/csr33/object_detection/naip_tiles/m_3009221_nw_15_030_20211222.tif
/hpc/group/borsuklab/csr33/object_detection/naip_tiles/m_2908129_sw_17_060_20211129.tif
/hpc/group/borsuklab/csr33/object_detection/naip_tiles/m_2909002_nw_15_060_20190707_20191001.tif
/hpc/group/borsuklab/csr33/object_detection/naip_tiles/m_2909421_ne_15_060_20201112.tif
/hpc/group/borsuklab/csr33/object_detection/naip_tiles/m_4107341_ne_18_060_20211105.tif
/hpc/group/borsuklab/csr33/object_detection/naip_tiles/m_3307920_se_17_060_20210501.tif
/hpc/group/borsuklab/csr33/object_detection/naip_tiles/m_3607542_ne_18_060_20200516.tif
/hpc/group/borsuklab/csr33/object_detection/naip_tiles/m_3211607_ne_11_060_20200420.tif
/hpc/group/borsuklab/csr33/object_detection/naip_tiles/m_3507657_se_18_060_20201031.tif
m_3607542_ne_18_060_20200516 340
m_3507657_se_18_060_20201031 357
m_3907653_sw_18_060_20210606 320
m_2908129_sw_17_060_20211129 360
m_4107341_ne_18_060_20211105 320
m_4506837_sw_19_060_20210929 300
m_2809738_ne_14_060_20200501 360
m_3707747_nw_18_060_20210912 340
m_3211607_ne_11_060_20200420 340
m_3307920_se_17_060_20210501 340
m_2909421_ne_15_060_20201112 360
m_2909002_nw_15_060_20190707_20191001 360
m_3108832_nw_16_030_20211120 1400
m_3009221_nw_15_030_20211222 1326
122.78880834579468
