load envirionment

/hpc/group/borsuklab/csr33/object_detection/naip_tiles/m_3907451_nw_18_060_20190730_20191209.tif
/hpc/group/borsuklab/csr33/object_detection/naip_tiles/m_3307914_sw_17_060_20210501.tif
/hpc/group/borsuklab/csr33/object_detection/naip_tiles/m_2908127_sw_17_060_20211129.tif
/hpc/group/borsuklab/csr33/object_detection/naip_tiles/m_3108130_se_17_060_20211203.tif
/hpc/group/borsuklab/csr33/object_detection/naip_tiles/m_3807605_sw_18_060_20211020.tif
/hpc/group/borsuklab/csr33/object_detection/naip_tiles/m_3707718_ne_18_060_20210628.tif
/hpc/group/borsuklab/csr33/object_detection/naip_tiles/m_3009022_nw_15_030_20211201.tif
/hpc/group/borsuklab/csr33/object_detection/naip_tiles/m_3907535_sw_18_060_20211019.tif
/hpc/group/borsuklab/csr33/object_detection/naip_tiles/m_4107220_se_18_060_20210904.tif
/hpc/group/borsuklab/csr33/object_detection/naip_tiles/m_3208015_sw_17_060_20210426.tif
/hpc/group/borsuklab/csr33/object_detection/naip_tiles/m_3108837_sw_16_030_20211123.tif
/hpc/group/borsuklab/csr33/object_detection/naip_tiles/m_2909441_se_15_060_20201116.tif
/hpc/group/borsuklab/csr33/object_detection/naip_tiles/m_2909044_se_15_030_20211130.tif
/hpc/group/borsuklab/csr33/object_detection/naip_tiles/m_2708004_nw_17_060_20191215_20200113.tif
m_3108130_se_17_060_20211203 340
m_2909441_se_15_060_20201116 360
m_3307914_sw_17_060_20210501 340
m_3208015_sw_17_060_20210426 340
m_3907451_nw_18_060_20190730_20191209 320
m_3807605_sw_18_060_20211020 320
m_3907535_sw_18_060_20211019 320
m_3707718_ne_18_060_20210628 340
m_2708004_nw_17_060_20191215_20200113 360
m_4107220_se_18_060_20210904 336
m_2908127_sw_17_060_20211129 360
m_2909044_se_15_030_20211130 1365
m_3009022_nw_15_030_20211201 1365
m_3108837_sw_16_030_20211123 1400
135.18420433998108
