load envirionment

/hpc/group/borsuklab/csr33/object_detection/naip_tiles/m_4406958_se_19_060_20210827.tif
/hpc/group/borsuklab/csr33/object_detection/naip_tiles/m_3008910_se_16_030_20211116.tif
/hpc/group/borsuklab/csr33/object_detection/naip_tiles/m_3907530_ne_18_060_20190726_20191209.tif
/hpc/group/borsuklab/csr33/object_detection/naip_tiles/m_3307918_nw_17_060_20210508.tif
/hpc/group/borsuklab/csr33/object_detection/naip_tiles/m_4506830_sw_19_060_20210921.tif
/hpc/group/borsuklab/csr33/object_detection/naip_tiles/m_2908339_sw_17_060_20211116.tif
/hpc/group/borsuklab/csr33/object_detection/naip_tiles/m_2909551_sw_15_060_20201117.tif
/hpc/group/borsuklab/csr33/object_detection/naip_tiles/m_3109062_sw_15_030_20211120.tif
/hpc/group/borsuklab/csr33/object_detection/naip_tiles/m_3009033_se_15_030_20211119.tif
/hpc/group/borsuklab/csr33/object_detection/naip_tiles/m_2908952_ne_16_030_20211130.tif
/hpc/group/borsuklab/csr33/object_detection/naip_tiles/m_3407811_nw_17_060_20200903.tif
/hpc/group/borsuklab/csr33/object_detection/naip_tiles/m_2908417_nw_16_060_20191128_20200114.tif
/hpc/group/borsuklab/csr33/object_detection/naip_tiles/m_3407820_nw_17_060_20200903.tif
/hpc/group/borsuklab/csr33/object_detection/naip_tiles/m_3807633_ne_18_060_20210617.tif
m_3307918_nw_17_060_20210508 340
m_4406958_se_19_060_20210827 300
m_4506830_sw_19_060_20210921 300
m_3407811_nw_17_060_20200903 340
m_2909551_sw_15_060_20201117 360
m_3807633_ne_18_060_20210617 320
m_2908417_nw_16_060_20191128_20200114 360
m_3907530_ne_18_060_20190726_20191209 320
m_2908339_sw_17_060_20211116 378
m_3407820_nw_17_060_20200903 360
m_2908952_ne_16_030_20211130 1365
m_3009033_se_15_030_20211119 1365
m_3008910_se_16_030_20211116 1365
m_3109062_sw_15_030_20211120 1476
148.27108073234558
