load envirionment

/hpc/group/borsuklab/csr33/object_detection/naip_tiles/m_4207064_sw_19_060_20210826.tif
/hpc/group/borsuklab/csr33/object_detection/naip_tiles/m_3009262_se_15_030_20211222.tif
/hpc/group/borsuklab/csr33/object_detection/naip_tiles/m_4107420_nw_18_060_20211106.tif
/hpc/group/borsuklab/csr33/object_detection/naip_tiles/m_2908933_ne_16_030_20211202.tif
/hpc/group/borsuklab/csr33/object_detection/naip_tiles/m_2508053_nw_17_060_20191126_20200113.tif
/hpc/group/borsuklab/csr33/object_detection/naip_tiles/m_3407841_nw_17_060_20200603.tif
/hpc/group/borsuklab/csr33/object_detection/naip_tiles/m_3907539_se_18_060_20190726_20191209.tif
/hpc/group/borsuklab/csr33/object_detection/naip_tiles/m_3009339_ne_15_060_20190901_20191001.tif
/hpc/group/borsuklab/csr33/object_detection/naip_tiles/m_3008713_ne_16_060_20191103_20200114.tif
/hpc/group/borsuklab/csr33/object_detection/naip_tiles/m_3407735_sw_18_060_20200904.tif
/hpc/group/borsuklab/csr33/object_detection/naip_tiles/m_3009445_se_15_060_20201112.tif
/hpc/group/borsuklab/csr33/object_detection/naip_tiles/m_4406945_ne_19_060_20210904.tif
/hpc/group/borsuklab/csr33/object_detection/naip_tiles/m_2908305_se_17_060_20211130.tif
/hpc/group/borsuklab/csr33/object_detection/naip_tiles/m_4406841_sw_19_060_20210913.tif
m_4406841_sw_19_060_20210913 300
m_4406945_ne_19_060_20210904 300
m_2508053_nw_17_060_20191126_20200113 360
m_4207064_sw_19_060_20210826 320
m_3407841_nw_17_060_20200603 360
m_3907539_se_18_060_20190726_20191209 320
m_4107420_nw_18_060_20211106 320
m_3009339_ne_15_060_20190901_20191001 360
m_3008713_ne_16_060_20191103_20200114 340
m_3009445_se_15_060_20201112 340
m_3407735_sw_18_060_20200904 378
m_2908305_se_17_060_20211130 378
m_3009262_se_15_030_20211222 1326
m_2908933_ne_16_030_20211202 1365
126.18497276306152
