load envirionment

/hpc/group/borsuklab/csr33/object_detection/naip_tiles/m_4307021_nw_19_060_20210722.tif
/hpc/group/borsuklab/csr33/object_detection/naip_tiles/m_2709718_se_14_060_20200501.tif
/hpc/group/borsuklab/csr33/object_detection/naip_tiles/m_3208010_sw_17_060_20210426.tif
/hpc/group/borsuklab/csr33/object_detection/naip_tiles/m_3008535_se_16_060_20191118_20200114.tif
/hpc/group/borsuklab/csr33/object_detection/naip_tiles/m_4107254_sw_18_060_20210926.tif
/hpc/group/borsuklab/csr33/object_detection/naip_tiles/m_3009118_sw_15_030_20211113.tif
/hpc/group/borsuklab/csr33/object_detection/naip_tiles/m_3008930_sw_16_030_20211119.tif
/hpc/group/borsuklab/csr33/object_detection/naip_tiles/m_3208024_ne_17_060_20210426.tif
/hpc/group/borsuklab/csr33/object_detection/naip_tiles/m_4406707_nw_19_060_20210711.tif
/hpc/group/borsuklab/csr33/object_detection/naip_tiles/m_3407716_se_18_060_20201031.tif
/hpc/group/borsuklab/csr33/object_detection/naip_tiles/m_3307927_ne_17_060_20210501.tif
/hpc/group/borsuklab/csr33/object_detection/naip_tiles/m_4007442_nw_18_060_20190830_20191209.tif
/hpc/group/borsuklab/csr33/object_detection/naip_tiles/m_2909205_se_15_060_20190706_20191001.tif
/hpc/group/borsuklab/csr33/object_detection/naip_tiles/m_2709702_se_14_060_20200501.tif
m_4007442_nw_18_060_20190830_20191209 300
m_3307927_ne_17_060_20210501 340
m_4406707_nw_19_060_20210711 300
m_4307021_nw_19_060_20210722 320
m_3008535_se_16_060_20191118_20200114 340
m_4107254_sw_18_060_20210926 336
m_2709718_se_14_060_20200501 360
m_3208024_ne_17_060_20210426 340
m_3208010_sw_17_060_20210426 340
m_3407716_se_18_060_20201031 357
m_2709702_se_14_060_20200501 360
m_2909205_se_15_060_20190706_20191001 360
m_3009118_sw_15_030_20211113 1326
m_3008930_sw_16_030_20211119 1476
141.99668645858765
