load envirionment

/hpc/group/borsuklab/csr33/object_detection/naip_tiles/m_2808010_se_17_060_20191130_20200113.tif
/hpc/group/borsuklab/csr33/object_detection/naip_tiles/m_3507636_ne_18_060_20201018.tif
/hpc/group/borsuklab/csr33/object_detection/naip_tiles/m_2908242_nw_17_060_20211129.tif
/hpc/group/borsuklab/csr33/object_detection/naip_tiles/m_4406840_se_19_060_20210815.tif
/hpc/group/borsuklab/csr33/object_detection/naip_tiles/m_2908936_ne_16_030_20211202.tif
/hpc/group/borsuklab/csr33/object_detection/naip_tiles/m_4007438_se_18_060_20190830_20191209.tif
/hpc/group/borsuklab/csr33/object_detection/naip_tiles/m_4307012_nw_19_060_20211007.tif
/hpc/group/borsuklab/csr33/object_detection/naip_tiles/m_3607638_ne_18_060_20201001.tif
/hpc/group/borsuklab/csr33/object_detection/naip_tiles/m_4506821_sw_19_060_20210929.tif
/hpc/group/borsuklab/csr33/object_detection/naip_tiles/m_2508023_nw_17_060_20191126_20200113.tif
/hpc/group/borsuklab/csr33/object_detection/naip_tiles/m_2909033_nw_15_060_20190831_20191001.tif
/hpc/group/borsuklab/csr33/object_detection/naip_tiles/m_2909055_se_15_030_20211202.tif
/hpc/group/borsuklab/csr33/object_detection/naip_tiles/m_4207447_ne_18_060_20210920.tif
/hpc/group/borsuklab/csr33/object_detection/naip_tiles/m_3008839_ne_16_030_20211113.tif
m_4207447_ne_18_060_20210920 320
m_4506821_sw_19_060_20210929 300
m_4307012_nw_19_060_20211007 320
m_2508023_nw_17_060_20191126_20200113 360
m_4007438_se_18_060_20190830_20191209 300
m_3507636_ne_18_060_20201018 340
m_4406840_se_19_060_20210815 300
m_2808010_se_17_060_20191130_20200113 340
m_3607638_ne_18_060_20201001 340
m_2909033_nw_15_060_20190831_20191001 360
m_2908242_nw_17_060_20211129 360
m_2908936_ne_16_030_20211202 1365
m_2909055_se_15_030_20211202 1365
m_3008839_ne_16_030_20211113 1400
153.99920201301575
