load envirionment

/hpc/group/borsuklab/csr33/object_detection/naip_tiles/m_3009121_nw_15_030_20211114.tif
/hpc/group/borsuklab/csr33/object_detection/naip_tiles/m_3907411_ne_18_060_20190730_20191209.tif
/hpc/group/borsuklab/csr33/object_detection/naip_tiles/m_3208025_sw_17_060_20210426.tif
/hpc/group/borsuklab/csr33/object_detection/naip_tiles/m_3108758_ne_16_030_20211115.tif
/hpc/group/borsuklab/csr33/object_detection/naip_tiles/m_2809731_ne_14_060_20201029.tif
/hpc/group/borsuklab/csr33/object_detection/naip_tiles/m_3807653_ne_18_060_20211020.tif
/hpc/group/borsuklab/csr33/object_detection/naip_tiles/m_2708158_ne_17_060_20191129_20200113.tif
/hpc/group/borsuklab/csr33/object_detection/naip_tiles/m_2508035_sw_17_060_20211203.tif
/hpc/group/borsuklab/csr33/object_detection/naip_tiles/m_3907411_nw_18_060_20190730_20191209.tif
/hpc/group/borsuklab/csr33/object_detection/naip_tiles/m_3607533_sw_18_060_20200516.tif
/hpc/group/borsuklab/csr33/object_detection/naip_tiles/m_3208145_nw_17_060_20191109_20200102.tif
/hpc/group/borsuklab/csr33/object_detection/naip_tiles/m_3307925_nw_17_060_20210508.tif
/hpc/group/borsuklab/csr33/object_detection/naip_tiles/m_3311659_sw_11_060_20200415.tif
/hpc/group/borsuklab/csr33/object_detection/naip_tiles/m_4107423_nw_18_060_20211105.tif
m_2708158_ne_17_060_20191129_20200113 360
m_2508035_sw_17_060_20211203 380
m_3208025_sw_17_060_20210426 340
m_3807653_ne_18_060_20211020 320
m_3907411_ne_18_060_20190730_20191209 320
m_3311659_sw_11_060_20200415 340
m_3607533_sw_18_060_20200516 340
m_4107423_nw_18_060_20211105 320
m_2809731_ne_14_060_20201029 360
m_3907411_nw_18_060_20190730_20191209 320
m_3307925_nw_17_060_20210508 340
m_3208145_nw_17_060_20191109_20200102 340
m_3108758_ne_16_030_20211115 1400
m_3009121_nw_15_030_20211114 1326
137.7947072982788
