load envirionment

/hpc/group/borsuklab/csr33/object_detection/naip_tiles/m_4406718_nw_19_060_20210914.tif
/hpc/group/borsuklab/csr33/object_detection/naip_tiles/m_2908128_sw_17_060_20211129.tif
/hpc/group/borsuklab/csr33/object_detection/naip_tiles/m_3407855_nw_17_060_20200603.tif
/hpc/group/borsuklab/csr33/object_detection/naip_tiles/m_4007445_se_18_060_20190730_20191209.tif
/hpc/group/borsuklab/csr33/object_detection/naip_tiles/m_3108154_ne_17_060_20211203.tif
/hpc/group/borsuklab/csr33/object_detection/naip_tiles/m_4506834_sw_19_060_20210816.tif
/hpc/group/borsuklab/csr33/object_detection/naip_tiles/m_4107234_se_18_060_20211001.tif
/hpc/group/borsuklab/csr33/object_detection/naip_tiles/m_3507503_sw_18_060_20200516.tif
/hpc/group/borsuklab/csr33/object_detection/naip_tiles/m_4107137_nw_19_060_20210826.tif
/hpc/group/borsuklab/csr33/object_detection/naip_tiles/m_2908935_se_16_030_20211202.tif
/hpc/group/borsuklab/csr33/object_detection/naip_tiles/m_3308054_ne_17_060_20210501.tif
/hpc/group/borsuklab/csr33/object_detection/naip_tiles/m_2608010_sw_17_060_20191130_20200114.tif
/hpc/group/borsuklab/csr33/object_detection/naip_tiles/m_2909146_nw_15_060_20190830_20191001.tif
/hpc/group/borsuklab/csr33/object_detection/naip_tiles/m_3308061_nw_17_060_20210501.tif
m_2909146_nw_15_060_20190830_20191001 360
m_4007445_se_18_060_20190730_20191209 300
m_4406718_nw_19_060_20210914 300
m_4506834_sw_19_060_20210816 300
m_3407855_nw_17_060_20200603 360
m_3108154_ne_17_060_20211203 340
m_3507503_sw_18_060_20200516 340
m_2908128_sw_17_060_20211129 360
m_3308054_ne_17_060_20210501 340
m_3308061_nw_17_060_20210501 340
m_4107234_se_18_060_20211001 336
m_2608010_sw_17_060_20191130_20200114 360
m_4107137_nw_19_060_20210826 320
m_2908935_se_16_030_20211202 1365
257.2977557182312
