load envirionment

/hpc/group/borsuklab/csr33/object_detection/naip_tiles/m_3311605_ne_11_060_20200416.tif
/hpc/group/borsuklab/csr33/object_detection/naip_tiles/m_2808259_ne_17_060_20211130.tif
/hpc/group/borsuklab/csr33/object_detection/naip_tiles/m_4406956_sw_19_060_20211006.tif
/hpc/group/borsuklab/csr33/object_detection/naip_tiles/m_3707658_ne_18_060_20210827.tif
/hpc/group/borsuklab/csr33/object_detection/naip_tiles/m_3907412_sw_18_060_20190730_20191209.tif
/hpc/group/borsuklab/csr33/object_detection/naip_tiles/m_3307953_nw_17_060_20210501.tif
/hpc/group/borsuklab/csr33/object_detection/naip_tiles/m_3009041_se_15_030_20211119.tif
/hpc/group/borsuklab/csr33/object_detection/naip_tiles/m_3008348_nw_17_060_20211117.tif
/hpc/group/borsuklab/csr33/object_detection/naip_tiles/m_4107009_nw_19_060_20210826.tif
/hpc/group/borsuklab/csr33/object_detection/naip_tiles/m_2608104_se_17_060_20191129_20200113.tif
/hpc/group/borsuklab/csr33/object_detection/naip_tiles/m_3108815_se_16_030_20211120.tif
/hpc/group/borsuklab/csr33/object_detection/naip_tiles/m_3707611_sw_18_060_20210912.tif
/hpc/group/borsuklab/csr33/object_detection/naip_tiles/m_4307042_ne_19_060_20211007.tif
/hpc/group/borsuklab/csr33/object_detection/naip_tiles/m_3008958_nw_16_030_20211116.tif
m_4107009_nw_19_060_20210826 320
m_3307953_nw_17_060_20210501 340
m_2808259_ne_17_060_20211130 360
m_3907412_sw_18_060_20190730_20191209 320
m_4307042_ne_19_060_20211007 320
m_4406956_sw_19_060_20211006 300
m_3707611_sw_18_060_20210912 357
m_3311605_ne_11_060_20200416 340
m_3707658_ne_18_060_20210827 340
m_2608104_se_17_060_20191129_20200113 360
m_3008348_nw_17_060_20211117 360
m_3008958_nw_16_030_20211116 1365
m_3009041_se_15_030_20211119 1365
m_3108815_se_16_030_20211120 1400
114.92158675193787
