load envirionment

/hpc/group/borsuklab/csr33/object_detection/naip_tiles/m_2908945_se_16_030_20211130.tif
/hpc/group/borsuklab/csr33/object_detection/naip_tiles/m_2908210_ne_17_060_20211129.tif
/hpc/group/borsuklab/csr33/object_detection/naip_tiles/m_4107332_se_18_060_20211106.tif
/hpc/group/borsuklab/csr33/object_detection/naip_tiles/m_2708236_sw_17_060_20211130.tif
/hpc/group/borsuklab/csr33/object_detection/naip_tiles/m_2608158_se_17_060_20211223.tif
/hpc/group/borsuklab/csr33/object_detection/naip_tiles/m_3008559_ne_16_060_20191118_20200114.tif
/hpc/group/borsuklab/csr33/object_detection/naip_tiles/m_2609705_ne_14_060_20200430.tif
/hpc/group/borsuklab/csr33/object_detection/naip_tiles/m_2809732_sw_14_060_20201029.tif
/hpc/group/borsuklab/csr33/object_detection/naip_tiles/m_3907628_se_18_060_20210606.tif
/hpc/group/borsuklab/csr33/object_detection/naip_tiles/m_4407048_nw_19_060_20210827.tif
/hpc/group/borsuklab/csr33/object_detection/naip_tiles/m_3009340_se_15_060_20190901_20191001.tif
/hpc/group/borsuklab/csr33/object_detection/naip_tiles/m_3807756_se_18_060_20210910.tif
/hpc/group/borsuklab/csr33/object_detection/naip_tiles/m_3108760_se_16_030_20211115.tif
/hpc/group/borsuklab/csr33/object_detection/naip_tiles/m_3009013_sw_15_060_20190726_20191001.tif
m_2809732_sw_14_060_20201029 360
m_2609705_ne_14_060_20200430 360
m_3907628_se_18_060_20210606 320
m_4107332_se_18_060_20211106 336
m_3008559_ne_16_060_20191118_20200114 340
m_2908210_ne_17_060_20211129 360
m_3807756_se_18_060_20210910 357
m_2708236_sw_17_060_20211130 380
m_3009340_se_15_060_20190901_20191001 360
m_4407048_nw_19_060_20210827 300
m_2608158_se_17_060_20211223 360
m_3009013_sw_15_060_20190726_20191001 378
m_2908945_se_16_030_20211130 1365
m_3108760_se_16_030_20211115 1400
119.57271432876587
