load envirionment

/hpc/group/borsuklab/csr33/object_detection/naip_tiles/m_3008728_sw_16_030_20211113.tif
/hpc/group/borsuklab/csr33/object_detection/naip_tiles/m_3008518_sw_16_060_20191109_20200114.tif
/hpc/group/borsuklab/csr33/object_detection/naip_tiles/m_3009040_nw_15_030_20211123.tif
/hpc/group/borsuklab/csr33/object_detection/naip_tiles/m_2808018_sw_17_060_20191202_20200113.tif
/hpc/group/borsuklab/csr33/object_detection/naip_tiles/m_3108959_sw_16_030_20211115.tif
/hpc/group/borsuklab/csr33/object_detection/naip_tiles/m_4007537_nw_18_060_20191019_20191203.tif
/hpc/group/borsuklab/csr33/object_detection/naip_tiles/m_2809519_ne_15_060_20201117.tif
/hpc/group/borsuklab/csr33/object_detection/naip_tiles/m_4406820_ne_19_060_20210914.tif
/hpc/group/borsuklab/csr33/object_detection/naip_tiles/m_3009217_ne_15_030_20211221.tif
/hpc/group/borsuklab/csr33/object_detection/naip_tiles/m_3009209_sw_15_060_20190904_20191001.tif
/hpc/group/borsuklab/csr33/object_detection/naip_tiles/m_2709705_ne_14_060_20200430.tif
/hpc/group/borsuklab/csr33/object_detection/naip_tiles/m_2608056_nw_17_060_20191120_20200113.tif
/hpc/group/borsuklab/csr33/object_detection/naip_tiles/m_3008802_ne_16_030_20211124.tif
/hpc/group/borsuklab/csr33/object_detection/naip_tiles/m_3407863_sw_17_060_20200603.tif
m_3009209_sw_15_060_20190904_20191001 360
m_2809519_ne_15_060_20201117 360
m_3008518_sw_16_060_20191109_20200114 340
m_2608056_nw_17_060_20191120_20200113 360
m_2709705_ne_14_060_20200430 360
m_2808018_sw_17_060_20191202_20200113 340
m_4406820_ne_19_060_20210914 300
m_3407863_sw_17_060_20200603 378
m_4007537_nw_18_060_20191019_20191203 320
m_3008728_sw_16_030_20211113 1400
m_3009217_ne_15_030_20211221 1326
m_3009040_nw_15_030_20211123 1365
m_3008802_ne_16_030_20211124 1400
m_3108959_sw_16_030_20211115 1365
148.96594285964966
