load envirionment

/hpc/group/borsuklab/csr33/object_detection/naip_tiles/m_3311902_nw_11_060_20200607.tif
/hpc/group/borsuklab/csr33/object_detection/naip_tiles/m_4107311_nw_18_060_20211105.tif
/hpc/group/borsuklab/csr33/object_detection/naip_tiles/m_3907638_sw_18_060_20211101.tif
/hpc/group/borsuklab/csr33/object_detection/naip_tiles/m_3211606_nw_11_060_20200415.tif
/hpc/group/borsuklab/csr33/object_detection/naip_tiles/m_2808246_se_17_060_20211130.tif
/hpc/group/borsuklab/csr33/object_detection/naip_tiles/m_3807731_sw_18_060_20210617.tif
/hpc/group/borsuklab/csr33/object_detection/naip_tiles/m_3008627_sw_16_060_20191109_20200114.tif
/hpc/group/borsuklab/csr33/object_detection/naip_tiles/m_2508018_ne_17_060_20211203.tif
/hpc/group/borsuklab/csr33/object_detection/naip_tiles/m_2809618_sw_14_060_20201029.tif
/hpc/group/borsuklab/csr33/object_detection/naip_tiles/m_3507651_se_18_060_20201031.tif
/hpc/group/borsuklab/csr33/object_detection/naip_tiles/m_3008905_ne_16_030_20211114.tif
/hpc/group/borsuklab/csr33/object_detection/naip_tiles/m_3208023_ne_17_060_20210426.tif
/hpc/group/borsuklab/csr33/object_detection/naip_tiles/m_4207459_ne_18_060_20190826_20191209.tif
/hpc/group/borsuklab/csr33/object_detection/naip_tiles/m_3407835_sw_17_060_20200603.tif
m_3008627_sw_16_060_20191109_20200114 340
m_2508018_ne_17_060_20211203 360
m_3208023_ne_17_060_20210426 340
m_3507651_se_18_060_20201031 357
m_3807731_sw_18_060_20210617 320
m_3907638_sw_18_060_20211101 320
m_4207459_ne_18_060_20190826_20191209 300
m_2808246_se_17_060_20211130 360
m_4107311_nw_18_060_20211105 320
m_3311902_nw_11_060_20200607 340
m_2809618_sw_14_060_20201029 360
m_3211606_nw_11_060_20200415 340
m_3407835_sw_17_060_20200603 378
m_3008905_ne_16_030_20211114 1400
214.23159337043762
