load envirionment

/hpc/group/borsuklab/csr33/object_detection/naip_tiles/m_3311702_se_11_060_20200424.tif
/hpc/group/borsuklab/csr33/object_detection/naip_tiles/m_4606842_nw_19_060_20210817.tif
/hpc/group/borsuklab/csr33/object_detection/naip_tiles/m_2508036_sw_17_060_20211203.tif
/hpc/group/borsuklab/csr33/object_detection/naip_tiles/m_3507730_se_18_060_20200930.tif
/hpc/group/borsuklab/csr33/object_detection/naip_tiles/m_3108123_ne_17_060_20211202.tif
/hpc/group/borsuklab/csr33/object_detection/naip_tiles/m_4307030_sw_19_060_20210722.tif
/hpc/group/borsuklab/csr33/object_detection/naip_tiles/m_2909539_se_15_060_20201116.tif
/hpc/group/borsuklab/csr33/object_detection/naip_tiles/m_3211621_nw_11_060_20200415.tif
/hpc/group/borsuklab/csr33/object_detection/naip_tiles/m_3807519_sw_18_060_20210623.tif
/hpc/group/borsuklab/csr33/object_detection/naip_tiles/m_3311805_sw_11_060_20200515.tif
/hpc/group/borsuklab/csr33/object_detection/naip_tiles/m_3307805_sw_17_060_20200603.tif
/hpc/group/borsuklab/csr33/object_detection/naip_tiles/m_3108712_nw_16_030_20211115.tif
/hpc/group/borsuklab/csr33/object_detection/naip_tiles/m_3507708_sw_18_060_20200922.tif
/hpc/group/borsuklab/csr33/object_detection/naip_tiles/m_4107247_nw_18_060_20210926.tif
m_2909539_se_15_060_20201116 360
m_3507708_sw_18_060_20200922 357
m_3807519_sw_18_060_20210623 320
m_4307030_sw_19_060_20210722 320
m_3211621_nw_11_060_20200415 340
m_3311805_sw_11_060_20200515 340
m_2508036_sw_17_060_20211203 380
m_4107247_nw_18_060_20210926 320
m_4606842_nw_19_060_20210817 300
m_3311702_se_11_060_20200424 340
m_3108123_ne_17_060_20211202 340
m_3507730_se_18_060_20200930 357
m_3307805_sw_17_060_20200603 378
m_3108712_nw_16_030_20211115 1400
109.43338179588318
