load envirionment

/hpc/group/borsuklab/csr33/object_detection/naip_tiles/m_3707723_nw_18_060_20210912.tif
/hpc/group/borsuklab/csr33/object_detection/naip_tiles/m_2809635_nw_14_060_20201029.tif
/hpc/group/borsuklab/csr33/object_detection/naip_tiles/m_2508050_ne_17_060_20211203.tif
/hpc/group/borsuklab/csr33/object_detection/naip_tiles/m_2508037_sw_17_060_20191126_20200113.tif
/hpc/group/borsuklab/csr33/object_detection/naip_tiles/m_4406963_ne_19_060_20211006.tif
/hpc/group/borsuklab/csr33/object_detection/naip_tiles/m_2508123_se_17_060_20211203.tif
/hpc/group/borsuklab/csr33/object_detection/naip_tiles/m_3807601_ne_18_060_20210617.tif
/hpc/group/borsuklab/csr33/object_detection/naip_tiles/m_3807540_se_18_060_20210605.tif
/hpc/group/borsuklab/csr33/object_detection/naip_tiles/m_3807714_nw_18_060_20210910.tif
/hpc/group/borsuklab/csr33/object_detection/naip_tiles/m_2908514_se_16_060_20191118_20200114.tif
/hpc/group/borsuklab/csr33/object_detection/naip_tiles/m_3009225_sw_15_060_20190905_20191001.tif
/hpc/group/borsuklab/csr33/object_detection/naip_tiles/m_4406824_sw_19_060_20210901.tif
/hpc/group/borsuklab/csr33/object_detection/naip_tiles/m_3009249_se_15_030_20211221.tif
/hpc/group/borsuklab/csr33/object_detection/naip_tiles/m_3108861_sw_16_030_20211123.tif
m_3707723_nw_18_060_20210912 340
m_3807714_nw_18_060_20210910 340
m_2508123_se_17_060_20211203 360
m_2908514_se_16_060_20191118_20200114 360
m_2809635_nw_14_060_20201029 360
m_3009225_sw_15_060_20190905_20191001 360
m_2508050_ne_17_060_20211203 360
m_3807540_se_18_060_20210605 320
m_4406824_sw_19_060_20210901 300
m_4406963_ne_19_060_20211006 300
m_3807601_ne_18_060_20210617 320
m_2508037_sw_17_060_20191126_20200113 360
m_3009249_se_15_030_20211221 1326
m_3108861_sw_16_030_20211123 1400
116.02485585212708
