load envirionment

/hpc/group/borsuklab/csr33/object_detection/naip_tiles/m_3307921_ne_17_060_20210501.tif
/hpc/group/borsuklab/csr33/object_detection/naip_tiles/m_3008809_se_16_030_20211112.tif
/hpc/group/borsuklab/csr33/object_detection/naip_tiles/m_2909315_sw_15_060_20190726_20191001.tif
/hpc/group/borsuklab/csr33/object_detection/naip_tiles/m_3208009_ne_17_060_20210426.tif
/hpc/group/borsuklab/csr33/object_detection/naip_tiles/m_4306902_sw_19_060_20211006.tif
/hpc/group/borsuklab/csr33/object_detection/naip_tiles/m_2908135_ne_17_060_20211129.tif
/hpc/group/borsuklab/csr33/object_detection/naip_tiles/m_3707740_sw_18_060_20210912.tif
/hpc/group/borsuklab/csr33/object_detection/naip_tiles/m_4307034_ne_19_060_20211007.tif
/hpc/group/borsuklab/csr33/object_detection/naip_tiles/m_2909550_nw_15_060_20201031.tif
/hpc/group/borsuklab/csr33/object_detection/naip_tiles/m_3008718_sw_16_030_20211119.tif
/hpc/group/borsuklab/csr33/object_detection/naip_tiles/m_2508019_se_17_060_20211203.tif
/hpc/group/borsuklab/csr33/object_detection/naip_tiles/m_2909056_sw_15_030_20211115.tif
/hpc/group/borsuklab/csr33/object_detection/naip_tiles/m_3807610_ne_18_060_20210617.tif
/hpc/group/borsuklab/csr33/object_detection/naip_tiles/m_3208016_sw_17_060_20210426.tif
m_3208016_sw_17_060_20210426 340
m_3807610_ne_18_060_20210617 320
m_3307921_ne_17_060_20210501 340
m_4307034_ne_19_060_20211007 320
m_4306902_sw_19_060_20211006 300
m_3208009_ne_17_060_20210426 340
m_3707740_sw_18_060_20210912 357
m_2909550_nw_15_060_20201031 360
m_2908135_ne_17_060_20211129 360
m_2909315_sw_15_060_20190726_20191001 360
m_2508019_se_17_060_20211203 360
m_2909056_sw_15_030_20211115 1365
m_3008718_sw_16_030_20211119 1400
m_3008809_se_16_030_20211112 1435
129.92376399040222
