load envirionment

/hpc/group/borsuklab/csr33/object_detection/naip_tiles/m_3008545_nw_16_060_20191118_20200114.tif
/hpc/group/borsuklab/csr33/object_detection/naip_tiles/m_4606853_ne_19_060_20210817.tif
/hpc/group/borsuklab/csr33/object_detection/naip_tiles/m_4007538_ne_18_060_20191024_20191203.tif
/hpc/group/borsuklab/csr33/object_detection/naip_tiles/m_3008553_se_16_060_20191118_20200114.tif
/hpc/group/borsuklab/csr33/object_detection/naip_tiles/m_3507552_nw_18_060_20201018.tif
/hpc/group/borsuklab/csr33/object_detection/naip_tiles/m_3411957_se_11_060_20200607.tif
/hpc/group/borsuklab/csr33/object_detection/naip_tiles/m_4406830_nw_19_060_20210919.tif
/hpc/group/borsuklab/csr33/object_detection/naip_tiles/m_2909507_sw_15_060_20201130.tif
/hpc/group/borsuklab/csr33/object_detection/naip_tiles/m_3311644_nw_11_060_20200525.tif
/hpc/group/borsuklab/csr33/object_detection/naip_tiles/m_3008936_ne_16_030_20211114.tif
/hpc/group/borsuklab/csr33/object_detection/naip_tiles/m_2908121_sw_17_060_20211130.tif
/hpc/group/borsuklab/csr33/object_detection/naip_tiles/m_2708228_nw_17_060_20211130.tif
/hpc/group/borsuklab/csr33/object_detection/naip_tiles/m_3008821_se_16_030_20211119.tif
/hpc/group/borsuklab/csr33/object_detection/naip_tiles/m_3008813_nw_16_030_20211112.tif
m_4406830_nw_19_060_20210919 300
m_3008545_nw_16_060_20191118_20200114 340
m_4007538_ne_18_060_20191024_20191203 320
m_3008553_se_16_060_20191118_20200114 340
m_2708228_nw_17_060_20211130 360
m_2909507_sw_15_060_20201130 360
m_2908121_sw_17_060_20211130 360
m_4606853_ne_19_060_20210817 300
m_3311644_nw_11_060_20200525 340
m_3411957_se_11_060_20200607 340
m_3507552_nw_18_060_20201018 340
m_3008936_ne_16_030_20211114 1400
m_3008813_nw_16_030_20211112 1400
m_3008821_se_16_030_20211119 1400
125.50174593925476
