load envirionment

/hpc/group/borsuklab/csr33/object_detection/naip_tiles/m_3008322_se_17_060_20211116.tif
/hpc/group/borsuklab/csr33/object_detection/naip_tiles/m_3411909_ne_11_060_20200523.tif
/hpc/group/borsuklab/csr33/object_detection/naip_tiles/m_2908105_se_17_060_20211129.tif
/hpc/group/borsuklab/csr33/object_detection/naip_tiles/m_3208044_sw_17_060_20210507.tif
/hpc/group/borsuklab/csr33/object_detection/naip_tiles/m_3507614_nw_18_060_20200922.tif
/hpc/group/borsuklab/csr33/object_detection/naip_tiles/m_4207349_se_18_060_20210920.tif
/hpc/group/borsuklab/csr33/object_detection/naip_tiles/m_3707651_se_18_060_20210827.tif
/hpc/group/borsuklab/csr33/object_detection/naip_tiles/m_2909107_se_15_060_20190707_20191001.tif
/hpc/group/borsuklab/csr33/object_detection/naip_tiles/m_3907647_nw_18_1_20150815_20150914.tif
/hpc/group/borsuklab/csr33/object_detection/naip_tiles/m_3008353_sw_17_060_20191121_20200114.tif
/hpc/group/borsuklab/csr33/object_detection/naip_tiles/m_3008542_se_16_060_20191109_20200114.tif
/hpc/group/borsuklab/csr33/object_detection/naip_tiles/m_2509707_nw_14_060_20201029.tif
/hpc/group/borsuklab/csr33/object_detection/naip_tiles/m_3009114_sw_15_030_20211114.tif
/hpc/group/borsuklab/csr33/object_detection/naip_tiles/m_3008718_nw_16_030_20211119.tif
m_3907647_nw_18_1_20150815_20150914 120
m_3411909_ne_11_060_20200523 340
m_3507614_nw_18_060_20200922 340
m_2908105_se_17_060_20211129 360
m_3008353_sw_17_060_20191121_20200114 360
m_4207349_se_18_060_20210920 320
m_2909107_se_15_060_20190707_20191001 360
m_3008542_se_16_060_20191109_20200114 340
m_3208044_sw_17_060_20210507 340
m_3707651_se_18_060_20210827 357
m_2509707_nw_14_060_20201029 360
m_3008322_se_17_060_20211116 378
m_3008718_nw_16_030_20211119 1400
m_3009114_sw_15_030_20211114 1326
113.58619356155396
