load envirionment

/hpc/group/borsuklab/csr33/object_detection/naip_tiles/m_2808263_sw_17_060_20211130.tif
/hpc/group/borsuklab/csr33/object_detection/naip_tiles/m_3008634_ne_16_060_20191109_20200114.tif
/hpc/group/borsuklab/csr33/object_detection/naip_tiles/m_4007307_se_18_060_20211106.tif
/hpc/group/borsuklab/csr33/object_detection/naip_tiles/m_3009326_se_15_060_20201031.tif
/hpc/group/borsuklab/csr33/object_detection/naip_tiles/m_3607652_ne_18_060_20200922.tif
/hpc/group/borsuklab/csr33/object_detection/naip_tiles/m_3807728_nw_18_060_20210903.tif
/hpc/group/borsuklab/csr33/object_detection/naip_tiles/m_4506751_sw_19_060_20210723.tif
/hpc/group/borsuklab/csr33/object_detection/naip_tiles/m_3008550_nw_16_060_20191109_20200114.tif
/hpc/group/borsuklab/csr33/object_detection/naip_tiles/m_3507728_se_18_060_20200930.tif
/hpc/group/borsuklab/csr33/object_detection/naip_tiles/m_3008327_sw_17_060_20191113_20200114.tif
/hpc/group/borsuklab/csr33/object_detection/naip_tiles/m_3008335_ne_17_060_20191113_20200114.tif
/hpc/group/borsuklab/csr33/object_detection/naip_tiles/m_3907620_nw_18_060_20210617.tif
/hpc/group/borsuklab/csr33/object_detection/naip_tiles/m_4007461_se_18_060_20190730_20191209.tif
/hpc/group/borsuklab/csr33/object_detection/naip_tiles/m_3707720_nw_18_060_20210910.tif
m_3008634_ne_16_060_20191109_20200114 340
m_4506751_sw_19_060_20210723 300
m_3907620_nw_18_060_20210617 320
m_4007461_se_18_060_20190730_20191209 320
m_3009326_se_15_060_20201031 340
m_3707720_nw_18_060_20210910 340
m_3807728_nw_18_060_20210903 340
m_3008335_ne_17_060_20191113_20200114 360
m_4007307_se_18_060_20211106 336
m_3008550_nw_16_060_20191109_20200114 340
m_2808263_sw_17_060_20211130 360
m_3607652_ne_18_060_20200922 340
m_3008327_sw_17_060_20191113_20200114 360
m_3507728_se_18_060_20200930 357
76.20029401779175
