load envirionment

/hpc/group/borsuklab/csr33/object_detection/naip_tiles/m_2909520_nw_15_060_20201030.tif
/hpc/group/borsuklab/csr33/object_detection/naip_tiles/m_3507633_nw_18_060_20201031.tif
/hpc/group/borsuklab/csr33/object_detection/naip_tiles/m_4406838_ne_19_060_20210919.tif
/hpc/group/borsuklab/csr33/object_detection/naip_tiles/m_3207903_ne_17_060_20210501.tif
/hpc/group/borsuklab/csr33/object_detection/naip_tiles/m_3707618_sw_18_060_20210912.tif
/hpc/group/borsuklab/csr33/object_detection/naip_tiles/m_3008633_se_16_060_20191103_20200114.tif
/hpc/group/borsuklab/csr33/object_detection/naip_tiles/m_4506819_sw_19_060_20210816.tif
/hpc/group/borsuklab/csr33/object_detection/naip_tiles/m_3807653_se_18_060_20211020.tif
/hpc/group/borsuklab/csr33/object_detection/naip_tiles/m_2808245_nw_17_060_20211130.tif
/hpc/group/borsuklab/csr33/object_detection/naip_tiles/m_3009006_nw_15_030_20211201.tif
/hpc/group/borsuklab/csr33/object_detection/naip_tiles/m_2908919_sw_16_030_20211130.tif
/hpc/group/borsuklab/csr33/object_detection/naip_tiles/m_4107437_sw_18_060_20211106.tif
/hpc/group/borsuklab/csr33/object_detection/naip_tiles/m_2909558_nw_15_060_20201031.tif
/hpc/group/borsuklab/csr33/object_detection/naip_tiles/m_4007430_nw_18_060_20190830_20191209.tif
m_4406838_ne_19_060_20210919 300
m_4506819_sw_19_060_20210816 300
m_3707618_sw_18_060_20210912 357
m_2909558_nw_15_060_20201031 360
m_4007430_nw_18_060_20190830_20191209 300
m_4107437_sw_18_060_20211106 320
m_3807653_se_18_060_20211020 320
m_3008633_se_16_060_20191103_20200114 340
m_3207903_ne_17_060_20210501 340
m_3507633_nw_18_060_20201031 340
m_2909520_nw_15_060_20201030 360
m_2808245_nw_17_060_20211130 360
m_2908919_sw_16_030_20211130 1365
m_3009006_nw_15_030_20211201 1365
122.21133017539978
