load envirionment

/hpc/group/borsuklab/csr33/object_detection/naip_tiles/m_3807537_sw_18_060_20210605.tif
/hpc/group/borsuklab/csr33/object_detection/naip_tiles/m_3607627_ne_18_060_20210827.tif
/hpc/group/borsuklab/csr33/object_detection/naip_tiles/m_4207342_nw_18_060_20210920.tif
/hpc/group/borsuklab/csr33/object_detection/naip_tiles/m_3807628_se_18_060_20211020.tif
/hpc/group/borsuklab/csr33/object_detection/naip_tiles/m_3311633_se_11_060_20200525.tif
/hpc/group/borsuklab/csr33/object_detection/naip_tiles/m_3108854_nw_16_030_20211123.tif
/hpc/group/borsuklab/csr33/object_detection/naip_tiles/m_4107309_ne_18_060_20211105.tif
/hpc/group/borsuklab/csr33/object_detection/naip_tiles/m_3807661_nw_18_060_20211020.tif
/hpc/group/borsuklab/csr33/object_detection/naip_tiles/m_3411936_ne_11_060_20200521.tif
/hpc/group/borsuklab/csr33/object_detection/naip_tiles/m_3907434_nw_18_060_20190830_20191209.tif
/hpc/group/borsuklab/csr33/object_detection/naip_tiles/m_3208124_se_17_060_20210426.tif
/hpc/group/borsuklab/csr33/object_detection/naip_tiles/m_2909312_ne_15_060_20190726_20191001.tif
/hpc/group/borsuklab/csr33/object_detection/naip_tiles/m_4107226_ne_18_060_20211105.tif
/hpc/group/borsuklab/csr33/object_detection/naip_tiles/m_4007449_sw_18_060_20191014_20191203.tif
m_4007449_sw_18_060_20191014_20191203 320
m_3208124_se_17_060_20210426 340
m_4107309_ne_18_060_20211105 320
m_3311633_se_11_060_20200525 340
m_3807537_sw_18_060_20210605 320
m_3807661_nw_18_060_20211020 320
m_4207342_nw_18_060_20210920 320
m_3807628_se_18_060_20211020 320
m_2909312_ne_15_060_20190726_20191001 360
m_3907434_nw_18_060_20190830_20191209 320
m_3607627_ne_18_060_20210827 340
m_3411936_ne_11_060_20200521 340
m_4107226_ne_18_060_20211105 320
m_3108854_nw_16_030_20211123 1400
111.08239102363586
