load envirionment

/hpc/group/borsuklab/csr33/object_detection/naip_tiles/m_2609752_ne_14_060_20201029.tif
/hpc/group/borsuklab/csr33/object_detection/naip_tiles/m_3311637_se_11_060_20200415.tif
/hpc/group/borsuklab/csr33/object_detection/naip_tiles/m_3009436_sw_15_060_20201112.tif
/hpc/group/borsuklab/csr33/object_detection/naip_tiles/m_4107406_ne_18_060_20211106.tif
/hpc/group/borsuklab/csr33/object_detection/naip_tiles/m_2909507_se_15_060_20201130.tif
/hpc/group/borsuklab/csr33/object_detection/naip_tiles/m_4007313_ne_18_060_20211103.tif
/hpc/group/borsuklab/csr33/object_detection/naip_tiles/m_3307930_nw_17_060_20210501.tif
/hpc/group/borsuklab/csr33/object_detection/naip_tiles/m_2709723_ne_14_060_20200430.tif
/hpc/group/borsuklab/csr33/object_detection/naip_tiles/m_3009339_nw_15_060_20190901_20191001.tif
/hpc/group/borsuklab/csr33/object_detection/naip_tiles/m_2809746_sw_14_060_20200501.tif
/hpc/group/borsuklab/csr33/object_detection/naip_tiles/m_4307156_se_19_060_20211024.tif
/hpc/group/borsuklab/csr33/object_detection/naip_tiles/m_3807651_sw_18_060_20210910.tif
/hpc/group/borsuklab/csr33/object_detection/naip_tiles/m_4406811_ne_19_060_20210914.tif
/hpc/group/borsuklab/csr33/object_detection/naip_tiles/m_3108142_nw_17_060_20191110_20200102.tif
m_4406811_ne_19_060_20210914 300
m_4107406_ne_18_060_20211106 320
m_4007313_ne_18_060_20211103 320
m_4307156_se_19_060_20211024 336
m_3307930_nw_17_060_20210501 340
m_3108142_nw_17_060_20191110_20200102 340
m_3009436_sw_15_060_20201112 340
m_3311637_se_11_060_20200415 340
m_2709723_ne_14_060_20200430 360
m_2609752_ne_14_060_20201029 360
m_2809746_sw_14_060_20200501 360
m_3807651_sw_18_060_20210910 357
m_3009339_nw_15_060_20190901_20191001 360
m_2909507_se_15_060_20201130 360
125.52675151824951
