load envirionment

/hpc/group/borsuklab/csr33/object_detection/naip_tiles/m_2809503_sw_15_060_20201117.tif
/hpc/group/borsuklab/csr33/object_detection/naip_tiles/m_3507635_ne_18_060_20201018.tif
/hpc/group/borsuklab/csr33/object_detection/naip_tiles/m_4307035_se_19_060_20211007.tif
/hpc/group/borsuklab/csr33/object_detection/naip_tiles/m_3009125_nw_15_030_20211113.tif
/hpc/group/borsuklab/csr33/object_detection/naip_tiles/m_3407948_ne_17_060_20200930.tif
/hpc/group/borsuklab/csr33/object_detection/naip_tiles/m_4107326_nw_18_060_20211105.tif
/hpc/group/borsuklab/csr33/object_detection/naip_tiles/m_2708246_se_17_060_20211130.tif
/hpc/group/borsuklab/csr33/object_detection/naip_tiles/m_3009130_sw_15_030_20211114.tif
/hpc/group/borsuklab/csr33/object_detection/naip_tiles/m_3407855_ne_17_060_20200603.tif
/hpc/group/borsuklab/csr33/object_detection/naip_tiles/m_2909042_ne_15_060_20190830_20191001.tif
/hpc/group/borsuklab/csr33/object_detection/naip_tiles/m_3407857_sw_17_060_20210513.tif
/hpc/group/borsuklab/csr33/object_detection/naip_tiles/m_3311808_se_11_060_20200505.tif
/hpc/group/borsuklab/csr33/object_detection/naip_tiles/m_3307937_sw_17_060_20210501.tif
/hpc/group/borsuklab/csr33/object_detection/naip_tiles/m_3009344_nw_15_060_20190901_20191001.tif
m_3407857_sw_17_060_20210513 340
m_4307035_se_19_060_20211007 315
m_2909042_ne_15_060_20190830_20191001 360
m_3307937_sw_17_060_20210501 340
m_4107326_nw_18_060_20211105 320
m_2708246_se_17_060_20211130 360
m_2809503_sw_15_060_20201117 360
m_3009344_nw_15_060_20190901_20191001 360
m_3311808_se_11_060_20200505 340
m_3407855_ne_17_060_20200603 340
m_3407948_ne_17_060_20200930 340
m_3507635_ne_18_060_20201018 340
m_3009130_sw_15_030_20211114 1326
m_3009125_nw_15_030_20211113 1326
113.73152756690979
