load envirionment

/hpc/group/borsuklab/csr33/object_detection/naip_tiles/m_3607662_ne_18_060_20200922.tif
/hpc/group/borsuklab/csr33/object_detection/naip_tiles/m_4406939_se_19_060_20211006.tif
/hpc/group/borsuklab/csr33/object_detection/naip_tiles/m_4107360_ne_18_060_20211106.tif
/hpc/group/borsuklab/csr33/object_detection/naip_tiles/m_2708220_ne_17_060_20211130.tif
/hpc/group/borsuklab/csr33/object_detection/naip_tiles/m_3707657_nw_18_060_20210827.tif
/hpc/group/borsuklab/csr33/object_detection/naip_tiles/m_3807643_nw_18_060_20210617.tif
/hpc/group/borsuklab/csr33/object_detection/naip_tiles/m_4107461_nw_18_060_20190830_20191209.tif
/hpc/group/borsuklab/csr33/object_detection/naip_tiles/m_3009210_sw_15_030_20211221.tif
/hpc/group/borsuklab/csr33/object_detection/naip_tiles/m_4007444_ne_18_060_20190830_20191209.tif
/hpc/group/borsuklab/csr33/object_detection/naip_tiles/m_4406939_sw_19_060_20211006.tif
/hpc/group/borsuklab/csr33/object_detection/naip_tiles/m_3208004_sw_17_060_20210507.tif
/hpc/group/borsuklab/csr33/object_detection/naip_tiles/m_4207123_se_19_060_20211024.tif
/hpc/group/borsuklab/csr33/object_detection/naip_tiles/m_3707712_nw_18_060_20210910.tif
/hpc/group/borsuklab/csr33/object_detection/naip_tiles/m_3008944_sw_16_030_20211114.tif
m_4107360_ne_18_060_20211106 320
m_4406939_se_19_060_20211006 300
m_4406939_sw_19_060_20211006 300
m_4007444_ne_18_060_20190830_20191209 300
m_4107461_nw_18_060_20190830_20191209 300
m_4207123_se_19_060_20211024 336
m_3607662_ne_18_060_20200922 340
m_3707712_nw_18_060_20210910 340
m_3807643_nw_18_060_20210617 320
m_3208004_sw_17_060_20210507 340
m_3707657_nw_18_060_20210827 340
m_2708220_ne_17_060_20211130 360
m_3009210_sw_15_030_20211221 1326
m_3008944_sw_16_030_20211114 1476
135.14944911003113
