load envirionment

/hpc/group/borsuklab/csr33/object_detection/naip_tiles/m_2508028_se_17_060_20211203.tif
/hpc/group/borsuklab/csr33/object_detection/naip_tiles/m_3008552_ne_16_060_20191128_20200114.tif
/hpc/group/borsuklab/csr33/object_detection/naip_tiles/m_4407051_se_19_060_20211007.tif
/hpc/group/borsuklab/csr33/object_detection/naip_tiles/m_4406828_ne_19_060_20210914.tif
/hpc/group/borsuklab/csr33/object_detection/naip_tiles/m_4307049_nw_19_060_20211024.tif
/hpc/group/borsuklab/csr33/object_detection/naip_tiles/m_3807511_sw_18_060_20210623.tif
/hpc/group/borsuklab/csr33/object_detection/naip_tiles/m_3009044_sw_15_030_20211120.tif
/hpc/group/borsuklab/csr33/object_detection/naip_tiles/m_3307931_se_17_060_20210501.tif
/hpc/group/borsuklab/csr33/object_detection/naip_tiles/m_4207002_ne_19_060_20211024.tif
/hpc/group/borsuklab/csr33/object_detection/naip_tiles/m_3807640_nw_18_060_20210623.tif
/hpc/group/borsuklab/csr33/object_detection/naip_tiles/m_4606850_se_19_060_20210817.tif
/hpc/group/borsuklab/csr33/object_detection/naip_tiles/m_3807543_sw_18_060_20210605.tif
/hpc/group/borsuklab/csr33/object_detection/naip_tiles/m_3707638_ne_18_060_20210926.tif
/hpc/group/borsuklab/csr33/object_detection/naip_tiles/m_4107056_ne_19_060_20210826.tif
m_4107056_ne_19_060_20210826 320
m_4606850_se_19_060_20210817 300
m_4406828_ne_19_060_20210914 300
m_4207002_ne_19_060_20211024 320
m_4307049_nw_19_060_20211024 320
m_2508028_se_17_060_20211203 360
m_4407051_se_19_060_20211007 315
m_3707638_ne_18_060_20210926 340
m_3008552_ne_16_060_20191128_20200114 340
m_3807640_nw_18_060_20210623 320
m_3807543_sw_18_060_20210605 320
m_3807511_sw_18_060_20210623 320
m_3307931_se_17_060_20210501 340
m_3009044_sw_15_030_20211120 1365
100.56402468681335
