load envirionment

/hpc/group/borsuklab/csr33/object_detection/naip_tiles/m_2908962_nw_16_030_20211130.tif
/hpc/group/borsuklab/csr33/object_detection/naip_tiles/m_2709703_ne_14_060_20200501.tif
/hpc/group/borsuklab/csr33/object_detection/naip_tiles/m_3807506_ne_18_060_20210624.tif
/hpc/group/borsuklab/csr33/object_detection/naip_tiles/m_2809635_se_14_060_20201029.tif
/hpc/group/borsuklab/csr33/object_detection/naip_tiles/m_3008822_ne_16_030_20211119.tif
/hpc/group/borsuklab/csr33/object_detection/naip_tiles/m_3009547_ne_15_060_20201118.tif
/hpc/group/borsuklab/csr33/object_detection/naip_tiles/m_3412020_nw_10_1_20140926_20150115.tif
/hpc/group/borsuklab/csr33/object_detection/naip_tiles/m_2608018_sw_17_060_20191130_20200113.tif
/hpc/group/borsuklab/csr33/object_detection/naip_tiles/m_3009029_sw_15_030_20211115.tif
/hpc/group/borsuklab/csr33/object_detection/naip_tiles/m_4107113_se_19_060_20210826.tif
/hpc/group/borsuklab/csr33/object_detection/naip_tiles/m_3311735_se_11_060_20200424.tif
/hpc/group/borsuklab/csr33/object_detection/naip_tiles/m_3607550_ne_18_060_20200516.tif
/hpc/group/borsuklab/csr33/object_detection/naip_tiles/m_3008926_se_16_030_20211116.tif
/hpc/group/borsuklab/csr33/object_detection/naip_tiles/m_4307013_se_19_060_20210722.tif
m_3412020_nw_10_1_20140926_20150115 132
m_3311735_se_11_060_20200424 340
m_3807506_ne_18_060_20210624 320
m_2608018_sw_17_060_20191130_20200113 360
m_4307013_se_19_060_20210722 315
m_4107113_se_19_060_20210826 336
m_3607550_ne_18_060_20200516 340
m_3009547_ne_15_060_20201118 360
m_2709703_ne_14_060_20200501 360
m_2809635_se_14_060_20201029 360
m_2908962_nw_16_030_20211130 1365
m_3009029_sw_15_030_20211115 1365
m_3008926_se_16_030_20211116 1365
m_3008822_ne_16_030_20211119 1400
134.41986727714539
