load envirionment

/hpc/group/borsuklab/csr33/object_detection/naip_tiles/m_3807657_sw_18_060_20210910.tif
/hpc/group/borsuklab/csr33/object_detection/naip_tiles/m_3707734_ne_18_060_20210628.tif
/hpc/group/borsuklab/csr33/object_detection/naip_tiles/m_3009222_nw_15_030_20211222.tif
/hpc/group/borsuklab/csr33/object_detection/naip_tiles/m_3008703_nw_16_030_20211115.tif
/hpc/group/borsuklab/csr33/object_detection/naip_tiles/m_2508114_se_17_060_20211203.tif
/hpc/group/borsuklab/csr33/object_detection/naip_tiles/m_3311703_sw_11_060_20200424.tif
/hpc/group/borsuklab/csr33/object_detection/naip_tiles/m_4207314_sw_18_060_20211106.tif
/hpc/group/borsuklab/csr33/object_detection/naip_tiles/m_2909213_sw_15_060_20190706_20191001.tif
/hpc/group/borsuklab/csr33/object_detection/naip_tiles/m_3009214_se_15_030_20211222.tif
/hpc/group/borsuklab/csr33/object_detection/naip_tiles/m_3108718_se_16_030_20211115.tif
/hpc/group/borsuklab/csr33/object_detection/naip_tiles/m_4107133_ne_19_060_20210926.tif
/hpc/group/borsuklab/csr33/object_detection/naip_tiles/m_3009061_ne_15_030_20211115.tif
/hpc/group/borsuklab/csr33/object_detection/naip_tiles/m_3008320_se_17_060_20211130.tif
/hpc/group/borsuklab/csr33/object_detection/naip_tiles/m_3707715_nw_18_060_20210912.tif
m_3707734_ne_18_060_20210628 340
m_3008320_se_17_060_20211130 378
m_3311703_sw_11_060_20200424 340
m_4207314_sw_18_060_20211106 336
m_2508114_se_17_060_20211203 360
m_3807657_sw_18_060_20210910 357
m_3707715_nw_18_060_20210912 340
m_4107133_ne_19_060_20210926 320
m_2909213_sw_15_060_20190706_20191001 360
m_3009222_nw_15_030_20211222 1326
m_3009214_se_15_030_20211222 1326
m_3009061_ne_15_030_20211115 1365
m_3108718_se_16_030_20211115 1400
m_3008703_nw_16_030_20211115 1400
163.05679988861084
