load envirionment

/hpc/group/borsuklab/csr33/object_detection/naip_tiles/m_4506804_ne_19_060_20211006.tif
/hpc/group/borsuklab/csr33/object_detection/naip_tiles/m_4406721_se_19_060_20210711.tif
/hpc/group/borsuklab/csr33/object_detection/naip_tiles/m_2709840_ne_14_060_20200501.tif
/hpc/group/borsuklab/csr33/object_detection/naip_tiles/m_3307925_sw_17_060_20210508.tif
/hpc/group/borsuklab/csr33/object_detection/naip_tiles/m_3108256_nw_17_060_20191110_20200102.tif
/hpc/group/borsuklab/csr33/object_detection/naip_tiles/m_3009360_se_15_060_20190726_20191001.tif
/hpc/group/borsuklab/csr33/object_detection/naip_tiles/m_3507728_ne_18_060_20200930.tif
/hpc/group/borsuklab/csr33/object_detection/naip_tiles/m_2909519_se_15_060_20201030.tif
/hpc/group/borsuklab/csr33/object_detection/naip_tiles/m_3008957_nw_16_030_20211116.tif
/hpc/group/borsuklab/csr33/object_detection/naip_tiles/m_3907516_se_18_060_20190726_20191209.tif
/hpc/group/borsuklab/csr33/object_detection/naip_tiles/m_3507634_se_18_060_20201018.tif
/hpc/group/borsuklab/csr33/object_detection/naip_tiles/m_3907428_sw_18_060_20190730_20191209.tif
/hpc/group/borsuklab/csr33/object_detection/naip_tiles/m_3607654_ne_18_060_20200922.tif
/hpc/group/borsuklab/csr33/object_detection/naip_tiles/m_4406710_ne_19_060_20210907.tif
m_4506804_ne_19_060_20211006 300
m_3507634_se_18_060_20201018 357
m_3009360_se_15_060_20190726_20191001 360
m_3108256_nw_17_060_20191110_20200102 340
m_3507728_ne_18_060_20200930 340
m_2909519_se_15_060_20201030 360
m_3607654_ne_18_060_20200922 340
m_3307925_sw_17_060_20210508 340
m_4406710_ne_19_060_20210907 300
m_3907516_se_18_060_20190726_20191209 300
m_3907428_sw_18_060_20190730_20191209 320
m_4406721_se_19_060_20210711 315
m_2709840_ne_14_060_20200501 360
m_3008957_nw_16_030_20211116 1365
189.53040218353271
