load envirionment

/hpc/group/borsuklab/csr33/object_detection/naip_tiles/m_4107230_ne_18_060_20210926.tif
/hpc/group/borsuklab/csr33/object_detection/naip_tiles/m_3807635_se_18_060_20210617.tif
/hpc/group/borsuklab/csr33/object_detection/naip_tiles/m_3707728_nw_18_060_20210910.tif
/hpc/group/borsuklab/csr33/object_detection/naip_tiles/m_3009443_se_15_060_20201112.tif
/hpc/group/borsuklab/csr33/object_detection/naip_tiles/m_3008931_nw_16_030_20211119.tif
/hpc/group/borsuklab/csr33/object_detection/naip_tiles/m_2809604_se_14_060_20201106.tif
/hpc/group/borsuklab/csr33/object_detection/naip_tiles/m_3008248_se_17_060_20211202.tif
/hpc/group/borsuklab/csr33/object_detection/naip_tiles/m_4306904_nw_19_060_20211006.tif
/hpc/group/borsuklab/csr33/object_detection/naip_tiles/m_2609711_sw_14_060_20201216.tif
/hpc/group/borsuklab/csr33/object_detection/naip_tiles/m_4506812_nw_19_060_20211006.tif
/hpc/group/borsuklab/csr33/object_detection/naip_tiles/m_3008326_se_17_060_20191113_20200114.tif
/hpc/group/borsuklab/csr33/object_detection/naip_tiles/m_3208140_ne_17_060_20210426.tif
/hpc/group/borsuklab/csr33/object_detection/naip_tiles/m_4207113_ne_19_060_20211024.tif
/hpc/group/borsuklab/csr33/object_detection/naip_tiles/m_3707735_se_18_060_20210628.tif
m_3707728_nw_18_060_20210910 340
m_3807635_se_18_060_20210617 320
m_3707735_se_18_060_20210628 357
m_4306904_nw_19_060_20211006 300
m_4506812_nw_19_060_20211006 300
m_2609711_sw_14_060_20201216 360
m_4107230_ne_18_060_20210926 320
m_4207113_ne_19_060_20211024 320
m_3208140_ne_17_060_20210426 340
m_3009443_se_15_060_20201112 340
m_3008248_se_17_060_20211202 360
m_2809604_se_14_060_20201106 360
m_3008326_se_17_060_20191113_20200114 360
m_3008931_nw_16_030_20211119 1440
125.04166078567505
