load envirionment

/hpc/group/borsuklab/csr33/object_detection/naip_tiles/m_3009439_sw_15_060_20201104.tif
/hpc/group/borsuklab/csr33/object_detection/naip_tiles/m_4007531_sw_18_060_20191024_20191203.tif
/hpc/group/borsuklab/csr33/object_detection/naip_tiles/m_3108725_nw_16_030_20211115.tif
/hpc/group/borsuklab/csr33/object_detection/naip_tiles/m_4107245_ne_18_060_20210926.tif
/hpc/group/borsuklab/csr33/object_detection/naip_tiles/m_3807735_ne_18_060_20210903.tif
/hpc/group/borsuklab/csr33/object_detection/naip_tiles/m_4406915_nw_19_060_20211006.tif
/hpc/group/borsuklab/csr33/object_detection/naip_tiles/m_4406947_sw_19_060_20211006.tif
/hpc/group/borsuklab/csr33/object_detection/naip_tiles/m_4107012_ne_19_060_20210904.tif
/hpc/group/borsuklab/csr33/object_detection/naip_tiles/m_4406822_nw_19_060_20210919.tif
/hpc/group/borsuklab/csr33/object_detection/naip_tiles/m_3907518_sw_18_060_20210606.tif
/hpc/group/borsuklab/csr33/object_detection/naip_tiles/m_3108126_se_17_060_20191110_20200102.tif
/hpc/group/borsuklab/csr33/object_detection/naip_tiles/m_2708214_nw_17_060_20211130.tif
/hpc/group/borsuklab/csr33/object_detection/naip_tiles/m_4207025_ne_19_060_20211024.tif
/hpc/group/borsuklab/csr33/object_detection/naip_tiles/m_2808223_nw_17_060_20211130.tif
m_4007531_sw_18_060_20191024_20191203 320
m_4406915_nw_19_060_20211006 300
m_4406947_sw_19_060_20211006 300
m_4107245_ne_18_060_20210926 320
m_3907518_sw_18_060_20210606 320
m_3009439_sw_15_060_20201104 340
m_4207025_ne_19_060_20211024 320
m_3807735_ne_18_060_20210903 340
m_3108126_se_17_060_20191110_20200102 340
m_4406822_nw_19_060_20210919 300
m_4107012_ne_19_060_20210904 320
m_2708214_nw_17_060_20211130 360
m_2808223_nw_17_060_20211130 360
m_3108725_nw_16_030_20211115 1400
112.72761559486389
