load envirionment

/hpc/group/borsuklab/csr33/object_detection/naip_tiles/m_4107422_sw_18_060_20211106.tif
/hpc/group/borsuklab/csr33/object_detection/naip_tiles/m_2908411_nw_16_060_20191128_20200114.tif
/hpc/group/borsuklab/csr33/object_detection/naip_tiles/m_3109352_se_15_030_20211122.tif
/hpc/group/borsuklab/csr33/object_detection/naip_tiles/m_3407841_se_17_060_20200603.tif
/hpc/group/borsuklab/csr33/object_detection/naip_tiles/m_3307961_nw_17_060_20210501.tif
/hpc/group/borsuklab/csr33/object_detection/naip_tiles/m_3208057_ne_17_060_20210507.tif
/hpc/group/borsuklab/csr33/object_detection/naip_tiles/m_3507762_nw_18_060_20201031.tif
/hpc/group/borsuklab/csr33/object_detection/naip_tiles/m_3009120_ne_15_030_20211114.tif
/hpc/group/borsuklab/csr33/object_detection/naip_tiles/m_4207344_nw_18_060_20211107.tif
/hpc/group/borsuklab/csr33/object_detection/naip_tiles/m_3407864_ne_17_060_20200904.tif
/hpc/group/borsuklab/csr33/object_detection/naip_tiles/m_3208034_se_17_060_20210507.tif
/hpc/group/borsuklab/csr33/object_detection/naip_tiles/m_3707721_ne_18_060_20210910.tif
/hpc/group/borsuklab/csr33/object_detection/naip_tiles/m_3008917_sw_16_030_20211115.tif
/hpc/group/borsuklab/csr33/object_detection/naip_tiles/m_4107004_sw_19_060_20210904.tif
m_3707721_ne_18_060_20210910 340
m_3407841_se_17_060_20200603 357
m_3208057_ne_17_060_20210507 340
m_4107422_sw_18_060_20211106 320
m_3307961_nw_17_060_20210501 340
m_3507762_nw_18_060_20201031 340
m_4207344_nw_18_060_20211107 320
m_2908411_nw_16_060_20191128_20200114 360
m_3208034_se_17_060_20210507 340
m_4107004_sw_19_060_20210904 336
m_3407864_ne_17_060_20200904 340
m_3109352_se_15_030_20211122 1326
m_3009120_ne_15_030_20211114 1326
m_3008917_sw_16_030_20211115 1365
144.54779505729675
