load envirionment

/hpc/group/borsuklab/csr33/object_detection/naip_tiles/m_3009251_sw_15_060_20190905_20191001.tif
/hpc/group/borsuklab/csr33/object_detection/naip_tiles/m_3411958_nw_11_060_20200607.tif
/hpc/group/borsuklab/csr33/object_detection/naip_tiles/m_4107113_nw_19_060_20210826.tif
/hpc/group/borsuklab/csr33/object_detection/naip_tiles/m_3008560_ne_16_060_20191128_20200114.tif
/hpc/group/borsuklab/csr33/object_detection/naip_tiles/m_4207463_se_18_060_20211105.tif
/hpc/group/borsuklab/csr33/object_detection/naip_tiles/m_4406822_sw_19_060_20210919.tif
/hpc/group/borsuklab/csr33/object_detection/naip_tiles/m_3507611_se_18_060_20201001.tif
/hpc/group/borsuklab/csr33/object_detection/naip_tiles/m_3009440_nw_15_060_20201102.tif
/hpc/group/borsuklab/csr33/object_detection/naip_tiles/m_3307957_sw_17_060_20210426.tif
/hpc/group/borsuklab/csr33/object_detection/naip_tiles/m_3308057_ne_17_060_20210421.tif
/hpc/group/borsuklab/csr33/object_detection/naip_tiles/m_3008457_ne_16_060_20191128_20200114.tif
/hpc/group/borsuklab/csr33/object_detection/naip_tiles/m_3008733_se_16_030_20211113.tif
/hpc/group/borsuklab/csr33/object_detection/naip_tiles/m_3807763_nw_18_060_20210630.tif
/hpc/group/borsuklab/csr33/object_detection/naip_tiles/m_3008232_nw_17_060_20191110_20200108.tif
m_3507611_se_18_060_20201001 357
m_3008457_ne_16_060_20191128_20200114 360
m_3009251_sw_15_060_20190905_20191001 360
m_3008232_nw_17_060_20191110_20200108 340
m_4406822_sw_19_060_20210919 300
m_4207463_se_18_060_20211105 320
m_4107113_nw_19_060_20210826 320
m_3307957_sw_17_060_20210426 340
m_3008560_ne_16_060_20191128_20200114 340
m_3308057_ne_17_060_20210421 340
m_3009440_nw_15_060_20201102 340
m_3411958_nw_11_060_20200607 340
m_3807763_nw_18_060_20210630 340
m_3008733_se_16_030_20211113 1400
149.54506826400757
