load envirionment

/hpc/group/borsuklab/csr33/object_detection/naip_tiles/m_3907555_se_18_060_20190726_20191209.tif
/hpc/group/borsuklab/csr33/object_detection/naip_tiles/m_3907650_sw_18_060_20210617.tif
/hpc/group/borsuklab/csr33/object_detection/naip_tiles/m_4406952_nw_19_060_20210904.tif
/hpc/group/borsuklab/csr33/object_detection/naip_tiles/m_4606835_se_19_060_20210817.tif
/hpc/group/borsuklab/csr33/object_detection/naip_tiles/m_3108855_se_16_030_20211120.tif
/hpc/group/borsuklab/csr33/object_detection/naip_tiles/m_3311660_sw_11_060_20200415.tif
/hpc/group/borsuklab/csr33/object_detection/naip_tiles/m_3607653_nw_18_060_20201001.tif
/hpc/group/borsuklab/csr33/object_detection/naip_tiles/m_4207317_sw_18_060_20210920.tif
/hpc/group/borsuklab/csr33/object_detection/naip_tiles/m_2708211_nw_17_060_20211130.tif
/hpc/group/borsuklab/csr33/object_detection/naip_tiles/m_2808034_se_17_060_20191202_20200113.tif
/hpc/group/borsuklab/csr33/object_detection/naip_tiles/m_2909419_se_15_060_20201112.tif
/hpc/group/borsuklab/csr33/object_detection/naip_tiles/m_2909132_sw_15_060_20190831_20191001.tif
/hpc/group/borsuklab/csr33/object_detection/naip_tiles/m_2909134_ne_15_060_20190706_20191001.tif
/hpc/group/borsuklab/csr33/object_detection/naip_tiles/m_3009051_ne_15_030_20211120.tif
m_4606835_se_19_060_20210817 300
m_3907650_sw_18_060_20210617 320
m_3311660_sw_11_060_20200415 340
m_2909134_ne_15_060_20190706_20191001 360
m_4406952_nw_19_060_20210904 300
m_4207317_sw_18_060_20210920 320
m_3607653_nw_18_060_20201001 340
m_3907555_se_18_060_20190726_20191209 320
m_2808034_se_17_060_20191202_20200113 360
m_2909419_se_15_060_20201112 360
m_2708211_nw_17_060_20211130 360
m_2909132_sw_15_060_20190831_20191001 378
m_3009051_ne_15_030_20211120 1365
m_3108855_se_16_030_20211120 1400
131.79147839546204
