load envirionment

/hpc/group/borsuklab/csr33/object_detection/naip_tiles/m_3407611_se_18_060_20201031.tif
/hpc/group/borsuklab/csr33/object_detection/naip_tiles/m_2908926_sw_16_060_20190707_20191015.tif
/hpc/group/borsuklab/csr33/object_detection/naip_tiles/m_3109462_nw_15_060_20201030.tif
/hpc/group/borsuklab/csr33/object_detection/naip_tiles/m_3412014_nw_10_060_20200607.tif
/hpc/group/borsuklab/csr33/object_detection/naip_tiles/m_2809503_nw_15_060_20201117.tif
/hpc/group/borsuklab/csr33/object_detection/naip_tiles/m_3008928_sw_16_030_20211119.tif
/hpc/group/borsuklab/csr33/object_detection/naip_tiles/m_2909230_nw_15_060_20190706_20191001.tif
/hpc/group/borsuklab/csr33/object_detection/naip_tiles/m_3411933_se_11_060_20200521.tif
/hpc/group/borsuklab/csr33/object_detection/naip_tiles/m_2908910_ne_16_030_20211129.tif
/hpc/group/borsuklab/csr33/object_detection/naip_tiles/m_4207314_se_18_060_20211106.tif
/hpc/group/borsuklab/csr33/object_detection/naip_tiles/m_4107227_nw_18_060_20211001.tif
/hpc/group/borsuklab/csr33/object_detection/naip_tiles/m_2608160_ne_17_060_20211203.tif
/hpc/group/borsuklab/csr33/object_detection/naip_tiles/m_3407832_sw_17_060_20200904.tif
/hpc/group/borsuklab/csr33/object_detection/naip_tiles/m_3009437_sw_15_060_20201112.tif
m_4107227_nw_18_060_20211001 320
m_4207314_se_18_060_20211106 336
m_3411933_se_11_060_20200521 340
m_2608160_ne_17_060_20211203 360
m_3109462_nw_15_060_20201030 340
m_3412014_nw_10_060_20200607 340
m_2809503_nw_15_060_20201117 360
m_3407832_sw_17_060_20200904 378
m_3009437_sw_15_060_20201112 340
m_3407611_se_18_060_20201031 357
m_2909230_nw_15_060_20190706_20191001 360
m_2908926_sw_16_060_20190707_20191015 378
m_2908910_ne_16_030_20211129 1365
m_3008928_sw_16_030_20211119 1476
120.0699143409729
