load envirionment

/hpc/group/borsuklab/csr33/object_detection/naip_tiles/m_3008914_nw_16_030_20211112.tif
/hpc/group/borsuklab/csr33/object_detection/naip_tiles/m_3009103_ne_15_030_20211114.tif
/hpc/group/borsuklab/csr33/object_detection/naip_tiles/m_3407842_se_17_060_20200603.tif
/hpc/group/borsuklab/csr33/object_detection/naip_tiles/m_3407727_sw_18_060_20200930.tif
/hpc/group/borsuklab/csr33/object_detection/naip_tiles/m_4007408_nw_18_060_20190917_20191209.tif
/hpc/group/borsuklab/csr33/object_detection/naip_tiles/m_2909015_sw_15_030_20211123.tif
/hpc/group/borsuklab/csr33/object_detection/naip_tiles/m_3008101_nw_17_060_20191110_20200108.tif
/hpc/group/borsuklab/csr33/object_detection/naip_tiles/m_2909514_se_15_060_20201130.tif
/hpc/group/borsuklab/csr33/object_detection/naip_tiles/m_3108129_se_17_060_20191110_20200102.tif
/hpc/group/borsuklab/csr33/object_detection/naip_tiles/m_4007202_ne_18_060_20211105.tif
/hpc/group/borsuklab/csr33/object_detection/naip_tiles/m_2808235_ne_17_060_20211130.tif
/hpc/group/borsuklab/csr33/object_detection/naip_tiles/m_3008839_nw_16_030_20211113.tif
/hpc/group/borsuklab/csr33/object_detection/naip_tiles/m_4107013_se_19_060_20210826.tif
/hpc/group/borsuklab/csr33/object_detection/naip_tiles/m_3009134_ne_15_030_20211113.tif
m_3407842_se_17_060_20200603 357
m_3008101_nw_17_060_20191110_20200108 340
m_2909514_se_15_060_20201130 360
m_4007408_nw_18_060_20190917_20191209 300
m_2808235_ne_17_060_20211130 360
m_4107013_se_19_060_20210826 320
m_3108129_se_17_060_20191110_20200102 340
m_3407727_sw_18_060_20200930 378
m_4007202_ne_18_060_20211105 320
m_3009103_ne_15_030_20211114 1326
m_3008839_nw_16_030_20211113 1440
m_3009134_ne_15_030_20211113 1326
m_2909015_sw_15_030_20211123 1365
m_3008914_nw_16_030_20211112 1440
194.1602885723114
