load envirionment

/hpc/group/borsuklab/csr33/object_detection/naip_tiles/m_4506744_se_19_060_20210723.tif
/hpc/group/borsuklab/csr33/object_detection/naip_tiles/m_4007436_ne_18_060_20190830_20191209.tif
/hpc/group/borsuklab/csr33/object_detection/naip_tiles/m_4307026_sw_19_060_20211007.tif
/hpc/group/borsuklab/csr33/object_detection/naip_tiles/m_4107114_sw_19_060_20210826.tif
/hpc/group/borsuklab/csr33/object_detection/naip_tiles/m_3407717_ne_18_060_20200904.tif
/hpc/group/borsuklab/csr33/object_detection/naip_tiles/m_3008337_nw_17_060_20191113_20200114.tif
/hpc/group/borsuklab/csr33/object_detection/naip_tiles/m_3607731_nw_18_060_20210903.tif
/hpc/group/borsuklab/csr33/object_detection/naip_tiles/m_4007432_nw_18_060_20211105.tif
/hpc/group/borsuklab/csr33/object_detection/naip_tiles/m_3207904_nw_17_060_20210501.tif
/hpc/group/borsuklab/csr33/object_detection/naip_tiles/m_3008142_ne_17_060_20211129.tif
/hpc/group/borsuklab/csr33/object_detection/naip_tiles/m_4207129_ne_19_060_20211024.tif
/hpc/group/borsuklab/csr33/object_detection/naip_tiles/m_2909117_se_15_060_20190706_20191001.tif
/hpc/group/borsuklab/csr33/object_detection/naip_tiles/m_3009141_sw_15_030_20211113.tif
/hpc/group/borsuklab/csr33/object_detection/naip_tiles/m_3009327_sw_15_060_20201031.tif
m_3607731_nw_18_060_20210903 340
m_4007436_ne_18_060_20190830_20191209 300
m_3009327_sw_15_060_20201031 340
m_4506744_se_19_060_20210723 315
m_4007432_nw_18_060_20211105 320
m_4207129_ne_19_060_20211024 320
m_3008337_nw_17_060_20191113_20200114 360
m_3207904_nw_17_060_20210501 340
m_4107114_sw_19_060_20210826 336
m_4307026_sw_19_060_20211007 336
m_3407717_ne_18_060_20200904 340
m_3008142_ne_17_060_20211129 360
m_2909117_se_15_060_20190706_20191001 360
m_3009141_sw_15_030_20211113 1326
148.2428641319275
