load envirionment

/hpc/group/borsuklab/csr33/object_detection/naip_tiles/m_2809525_nw_15_060_20201029.tif
/hpc/group/borsuklab/csr33/object_detection/naip_tiles/m_2808051_sw_17_060_20191130_20200113.tif
/hpc/group/borsuklab/csr33/object_detection/naip_tiles/m_4506838_se_19_060_20210929.tif
/hpc/group/borsuklab/csr33/object_detection/naip_tiles/m_4107350_nw_18_060_20211105.tif
/hpc/group/borsuklab/csr33/object_detection/naip_tiles/m_3807716_sw_18_060_20210910.tif
/hpc/group/borsuklab/csr33/object_detection/naip_tiles/m_4606858_nw_19_060_20210817.tif
/hpc/group/borsuklab/csr33/object_detection/naip_tiles/m_3607618_nw_18_060_20210827.tif
/hpc/group/borsuklab/csr33/object_detection/naip_tiles/m_3707638_nw_18_060_20210926.tif
/hpc/group/borsuklab/csr33/object_detection/naip_tiles/m_2908508_sw_16_060_20191118_20200114.tif
/hpc/group/borsuklab/csr33/object_detection/naip_tiles/m_3108159_se_17_060_20191110_20200102.tif
/hpc/group/borsuklab/csr33/object_detection/naip_tiles/m_3009331_sw_15_060_20190905_20191001.tif
/hpc/group/borsuklab/csr33/object_detection/naip_tiles/m_2808228_nw_17_060_20211130.tif
/hpc/group/borsuklab/csr33/object_detection/naip_tiles/m_2608216_se_17_060_20211217.tif
/hpc/group/borsuklab/csr33/object_detection/naip_tiles/m_3311715_ne_11_060_20200422.tif
m_4506838_se_19_060_20210929 300
m_3108159_se_17_060_20191110_20200102 340
m_3607618_nw_18_060_20210827 340
m_3311715_ne_11_060_20200422 340
m_4107350_nw_18_060_20211105 320
m_2908508_sw_16_060_20191118_20200114 360
m_2808228_nw_17_060_20211130 360
m_2608216_se_17_060_20211217 360
m_4606858_nw_19_060_20210817 300
m_2809525_nw_15_060_20201029 360
m_3707638_nw_18_060_20210926 340
m_3009331_sw_15_060_20190905_20191001 360
m_3807716_sw_18_060_20210910 357
m_2808051_sw_17_060_20191130_20200113 360
161.84731221199036
