load envirionment

/hpc/group/borsuklab/csr33/object_detection/naip_tiles/m_3807542_sw_18_060_20210618.tif
/hpc/group/borsuklab/csr33/object_detection/naip_tiles/m_2809506_se_15_060_20201029.tif
/hpc/group/borsuklab/csr33/object_detection/naip_tiles/m_3009119_nw_15_060_20190706_20191001.tif
/hpc/group/borsuklab/csr33/object_detection/naip_tiles/m_3208007_sw_17_060_20210426.tif
/hpc/group/borsuklab/csr33/object_detection/naip_tiles/m_3707721_sw_18_060_20210910.tif
/hpc/group/borsuklab/csr33/object_detection/naip_tiles/m_3008129_nw_17_060_20211130.tif
/hpc/group/borsuklab/csr33/object_detection/naip_tiles/m_3008919_se_16_030_20211119.tif
/hpc/group/borsuklab/csr33/object_detection/naip_tiles/m_3807625_ne_18_060_20210617.tif
/hpc/group/borsuklab/csr33/object_detection/naip_tiles/m_4007454_ne_18_060_20190730_20191209.tif
/hpc/group/borsuklab/csr33/object_detection/naip_tiles/m_3008726_se_16_030_20211113.tif
/hpc/group/borsuklab/csr33/object_detection/naip_tiles/m_3108710_se_16_030_20211115.tif
/hpc/group/borsuklab/csr33/object_detection/naip_tiles/m_3108149_ne_17_060_20191110_20200102.tif
/hpc/group/borsuklab/csr33/object_detection/naip_tiles/m_4107028_se_19_060_20210904.tif
/hpc/group/borsuklab/csr33/object_detection/naip_tiles/m_3208108_se_17_060_20210426.tif
m_3008129_nw_17_060_20211130 360
m_3707721_sw_18_060_20210910 357
m_3208108_se_17_060_20210426 340
m_2809506_se_15_060_20201029 360
m_3807625_ne_18_060_20210617 320
m_4007454_ne_18_060_20190730_20191209 320
m_3807542_sw_18_060_20210618 320
m_3108149_ne_17_060_20191110_20200102 340
m_3208007_sw_17_060_20210426 340
m_3009119_nw_15_060_20190706_20191001 360
m_4107028_se_19_060_20210904 336
m_3108710_se_16_030_20211115 1360
m_3008726_se_16_030_20211113 1400
m_3008919_se_16_030_20211119 1435
146.84954643249512
