load envirionment

/hpc/group/borsuklab/csr33/object_detection/naip_tiles/m_3311710_nw_11_060_20200424.tif
/hpc/group/borsuklab/csr33/object_detection/naip_tiles/m_3009135_ne_15_030_20211113.tif
/hpc/group/borsuklab/csr33/object_detection/naip_tiles/m_3311836_ne_11_060_20200504.tif
/hpc/group/borsuklab/csr33/object_detection/naip_tiles/m_3607756_ne_18_060_20200922.tif
/hpc/group/borsuklab/csr33/object_detection/naip_tiles/m_3008640_nw_16_060_20191109_20200114.tif
/hpc/group/borsuklab/csr33/object_detection/naip_tiles/m_4207009_sw_19_060_20211024.tif
/hpc/group/borsuklab/csr33/object_detection/naip_tiles/m_4307155_ne_19_060_20211024.tif
/hpc/group/borsuklab/csr33/object_detection/naip_tiles/m_4506837_se_19_060_20210929.tif
/hpc/group/borsuklab/csr33/object_detection/naip_tiles/m_3009049_sw_15_030_20211119.tif
/hpc/group/borsuklab/csr33/object_detection/naip_tiles/m_3907513_sw_18_060_20210630.tif
/hpc/group/borsuklab/csr33/object_detection/naip_tiles/m_3109456_se_15_060_20201014.tif
/hpc/group/borsuklab/csr33/object_detection/naip_tiles/m_3008549_nw_16_060_20191109_20200114.tif
/hpc/group/borsuklab/csr33/object_detection/naip_tiles/m_4406829_sw_19_060_20210914.tif
/hpc/group/borsuklab/csr33/object_detection/naip_tiles/m_3211625_se_11_060_20200425.tif
m_3109456_se_15_060_20201014 340
m_4307155_ne_19_060_20211024 320
m_3311836_ne_11_060_20200504 340
m_3607756_ne_18_060_20200922 340
m_3907513_sw_18_060_20210630 320
m_4406829_sw_19_060_20210914 300
m_3311710_nw_11_060_20200424 340
m_4207009_sw_19_060_20211024 336
m_4506837_se_19_060_20210929 300
m_3211625_se_11_060_20200425 340
m_3008549_nw_16_060_20191109_20200114 340
m_3008640_nw_16_060_20191109_20200114 340
m_3009049_sw_15_030_20211119 1365
m_3009135_ne_15_030_20211113 1326
116.43081498146057
