load envirionment

/hpc/group/borsuklab/csr33/object_detection/naip_tiles/m_3008926_ne_16_030_20211116.tif
/hpc/group/borsuklab/csr33/object_detection/naip_tiles/m_3807551_ne_18_060_20210605.tif
/hpc/group/borsuklab/csr33/object_detection/naip_tiles/m_2808026_ne_17_060_20191130_20200113.tif
/hpc/group/borsuklab/csr33/object_detection/naip_tiles/m_2908913_ne_16_030_20211129.tif
/hpc/group/borsuklab/csr33/object_detection/naip_tiles/m_3108121_nw_17_060_20191110_20200102.tif
/hpc/group/borsuklab/csr33/object_detection/naip_tiles/m_4107264_se_18_060_20210926.tif
/hpc/group/borsuklab/csr33/object_detection/naip_tiles/m_3907543_se_18_060_20210630.tif
/hpc/group/borsuklab/csr33/object_detection/naip_tiles/m_2609752_sw_14_060_20201209.tif
/hpc/group/borsuklab/csr33/object_detection/naip_tiles/m_4606850_sw_19_060_20210817.tif
/hpc/group/borsuklab/csr33/object_detection/naip_tiles/m_3009317_nw_15_060_20201102.tif
/hpc/group/borsuklab/csr33/object_detection/naip_tiles/m_3211618_nw_11_060_20200425.tif
/hpc/group/borsuklab/csr33/object_detection/naip_tiles/m_3009338_ne_15_060_20190901_20191001.tif
/hpc/group/borsuklab/csr33/object_detection/naip_tiles/m_2508010_se_17_060_20211203.tif
/hpc/group/borsuklab/csr33/object_detection/naip_tiles/m_2708263_ne_17_060_20211130.tif
m_2508010_se_17_060_20211203 360
m_3108121_nw_17_060_20191110_20200102 340
m_3807551_ne_18_060_20210605 320
m_3009338_ne_15_060_20190901_20191001 360
m_3211618_nw_11_060_20200425 340
m_2708263_ne_17_060_20211130 360
m_3009317_nw_15_060_20201102 340
m_4606850_sw_19_060_20210817 300
m_4107264_se_18_060_20210926 336
m_3907543_se_18_060_20210630 320
m_2808026_ne_17_060_20191130_20200113 340
m_2609752_sw_14_060_20201209 360
m_3008926_ne_16_030_20211116 1365
m_2908913_ne_16_030_20211129 1365
122.26169419288635
