load envirionment

/hpc/group/borsuklab/csr33/object_detection/naip_tiles/m_3008640_ne_16_060_20191109_20200114.tif
/hpc/group/borsuklab/csr33/object_detection/naip_tiles/m_4506717_sw_19_060_20210815.tif
/hpc/group/borsuklab/csr33/object_detection/naip_tiles/m_4107118_se_19_060_20210926.tif
/hpc/group/borsuklab/csr33/object_detection/naip_tiles/m_3009304_ne_15_030_20211122.tif
/hpc/group/borsuklab/csr33/object_detection/naip_tiles/m_4107235_se_18_060_20211001.tif
/hpc/group/borsuklab/csr33/object_detection/naip_tiles/m_4207148_ne_19_060_20211024.tif
/hpc/group/borsuklab/csr33/object_detection/naip_tiles/m_4007314_nw_18_060_20211103.tif
/hpc/group/borsuklab/csr33/object_detection/naip_tiles/m_3008250_se_17_060_20211129.tif
/hpc/group/borsuklab/csr33/object_detection/naip_tiles/m_4406720_nw_19_060_20210907.tif
/hpc/group/borsuklab/csr33/object_detection/naip_tiles/m_3009013_ne_15_030_20211115.tif
/hpc/group/borsuklab/csr33/object_detection/naip_tiles/m_3507615_ne_18_060_20201001.tif
/hpc/group/borsuklab/csr33/object_detection/naip_tiles/m_3008145_sw_17_060_20211130.tif
/hpc/group/borsuklab/csr33/object_detection/naip_tiles/m_4207325_nw_18_060_20210920.tif
/hpc/group/borsuklab/csr33/object_detection/naip_tiles/m_3008943_nw_16_030_20211116.tif
m_4207148_ne_19_060_20211024 320
m_4107235_se_18_060_20211001 336
m_3008640_ne_16_060_20191109_20200114 340
m_4207325_nw_18_060_20210920 320
m_4107118_se_19_060_20210926 336
m_4007314_nw_18_060_20211103 320
m_3507615_ne_18_060_20201001 340
m_4406720_nw_19_060_20210907 300
m_4506717_sw_19_060_20210815 300
m_3008145_sw_17_060_20211130 360
m_3008250_se_17_060_20211129 360
m_3009304_ne_15_030_20211122 1326
m_3009013_ne_15_030_20211115 1365
m_3008943_nw_16_030_20211116 1365
132.29222297668457
