load envirionment

/hpc/group/borsuklab/csr33/object_detection/naip_tiles/m_4107406_nw_18_060_20211106.tif
/hpc/group/borsuklab/csr33/object_detection/naip_tiles/m_3907427_nw_18_060_20190730_20191209.tif
/hpc/group/borsuklab/csr33/object_detection/naip_tiles/m_2808219_se_17_060_20211130.tif
/hpc/group/borsuklab/csr33/object_detection/naip_tiles/m_2508104_sw_17_060_20211223.tif
/hpc/group/borsuklab/csr33/object_detection/naip_tiles/m_3807554_sw_18_060_20210605.tif
/hpc/group/borsuklab/csr33/object_detection/naip_tiles/m_3009126_sw_15_030_20211113.tif
/hpc/group/borsuklab/csr33/object_detection/naip_tiles/m_3507521_nw_18_060_20200516.tif
/hpc/group/borsuklab/csr33/object_detection/naip_tiles/m_2908321_nw_17_060_20191121_20200114.tif
/hpc/group/borsuklab/csr33/object_detection/naip_tiles/m_3207911_nw_17_060_20210426.tif
/hpc/group/borsuklab/csr33/object_detection/naip_tiles/m_3009205_ne_15_030_20211222.tif
/hpc/group/borsuklab/csr33/object_detection/naip_tiles/m_2709736_se_14_060_20200430.tif
/hpc/group/borsuklab/csr33/object_detection/naip_tiles/m_3707625_se_18_060_20210827.tif
/hpc/group/borsuklab/csr33/object_detection/naip_tiles/m_4307013_nw_19_060_20210722.tif
/hpc/group/borsuklab/csr33/object_detection/naip_tiles/m_3407955_nw_17_060_20210508.tif
m_3807554_sw_18_060_20210605 320
m_4307013_nw_19_060_20210722 320
m_4107406_nw_18_060_20211106 320
m_3907427_nw_18_060_20190730_20191209 320
m_2709736_se_14_060_20200430 360
m_3507521_nw_18_060_20200516 340
m_3407955_nw_17_060_20210508 340
m_3207911_nw_17_060_20210426 340
m_3707625_se_18_060_20210827 357
m_2908321_nw_17_060_20191121_20200114 360
m_2808219_se_17_060_20211130 360
m_2508104_sw_17_060_20211223 380
m_3009126_sw_15_030_20211113 1326
m_3009205_ne_15_030_20211222 1326
177.13026881217957
