load envirionment

/hpc/group/borsuklab/csr33/object_detection/naip_tiles/m_4107234_sw_18_060_20211105.tif
/hpc/group/borsuklab/csr33/object_detection/naip_tiles/m_2909051_nw_15_060_20190830_20191001.tif
/hpc/group/borsuklab/csr33/object_detection/naip_tiles/m_2808001_ne_17_060_20211130.tif
/hpc/group/borsuklab/csr33/object_detection/naip_tiles/m_4406937_sw_19_060_20210904.tif
/hpc/group/borsuklab/csr33/object_detection/naip_tiles/m_2909205_sw_15_060_20190706_20191001.tif
/hpc/group/borsuklab/csr33/object_detection/naip_tiles/m_4007434_sw_18_060_20190917_20191209.tif
/hpc/group/borsuklab/csr33/object_detection/naip_tiles/m_3412015_sw_10_060_20200522.tif
/hpc/group/borsuklab/csr33/object_detection/naip_tiles/m_3311635_ne_11_060_20200415.tif
/hpc/group/borsuklab/csr33/object_detection/naip_tiles/m_2608207_se_17_060_20211217.tif
/hpc/group/borsuklab/csr33/object_detection/naip_tiles/m_3009229_se_15_030_20211222.tif
/hpc/group/borsuklab/csr33/object_detection/naip_tiles/m_3807611_nw_18_060_20210617.tif
/hpc/group/borsuklab/csr33/object_detection/naip_tiles/m_3208016_ne_17_060_20210426.tif
/hpc/group/borsuklab/csr33/object_detection/naip_tiles/m_3311601_nw_11_060_20200615.tif
/hpc/group/borsuklab/csr33/object_detection/naip_tiles/m_2908226_se_17_060_20211129.tif
m_4406937_sw_19_060_20210904 300
m_3412015_sw_10_060_20200522 340
m_2608207_se_17_060_20211217 360
m_4007434_sw_18_060_20190917_20191209 300
m_3807611_nw_18_060_20210617 320
m_3311601_nw_11_060_20200615 340
m_3311635_ne_11_060_20200415 340
m_2909051_nw_15_060_20190830_20191001 360
m_3208016_ne_17_060_20210426 340
m_4107234_sw_18_060_20211105 336
m_2908226_se_17_060_20211129 360
m_2909205_sw_15_060_20190706_20191001 360
m_2808001_ne_17_060_20211130 360
m_3009229_se_15_030_20211222 1326
125.4951651096344
