load envirionment

/hpc/group/borsuklab/csr33/object_detection/naip_tiles/m_3308053_sw_17_060_20210501.tif
/hpc/group/borsuklab/csr33/object_detection/naip_tiles/m_2708245_nw_17_060_20211130.tif
/hpc/group/borsuklab/csr33/object_detection/naip_tiles/m_3208022_nw_17_060_20210426.tif
/hpc/group/borsuklab/csr33/object_detection/naip_tiles/m_3707763_sw_18_060_20210903.tif
/hpc/group/borsuklab/csr33/object_detection/naip_tiles/m_3009310_ne_15_060_20201006.tif
/hpc/group/borsuklab/csr33/object_detection/naip_tiles/m_4207438_sw_18_060_20211110.tif
/hpc/group/borsuklab/csr33/object_detection/naip_tiles/m_4406722_sw_19_060_20210711.tif
/hpc/group/borsuklab/csr33/object_detection/naip_tiles/m_2909313_ne_15_060_20190726_20191001.tif
/hpc/group/borsuklab/csr33/object_detection/naip_tiles/m_2608109_nw_17_060_20211223.tif
/hpc/group/borsuklab/csr33/object_detection/naip_tiles/m_3008213_se_17_060_20191110_20200108.tif
/hpc/group/borsuklab/csr33/object_detection/naip_tiles/m_4107460_ne_18_060_20190830_20191209.tif
/hpc/group/borsuklab/csr33/object_detection/naip_tiles/m_2909124_se_15_060_20190707_20191001.tif
/hpc/group/borsuklab/csr33/object_detection/naip_tiles/m_4107435_nw_18_060_20211106.tif
/hpc/group/borsuklab/csr33/object_detection/naip_tiles/m_3307962_nw_17_060_20210501.tif
m_4107460_ne_18_060_20190830_20191209 300
m_4107435_nw_18_060_20211106 320
m_3307962_nw_17_060_20210501 340
m_4207438_sw_18_060_20211110 320
m_3707763_sw_18_060_20210903 357
m_3208022_nw_17_060_20210426 340
m_3009310_ne_15_060_20201006 340
m_2708245_nw_17_060_20211130 380
m_2608109_nw_17_060_20211223 360
m_3308053_sw_17_060_20210501 340
m_2909313_ne_15_060_20190726_20191001 360
m_2909124_se_15_060_20190707_20191001 378
m_4406722_sw_19_060_20210711 315
m_3008213_se_17_060_20191110_20200108 340
77.49070692062378
