load envirionment

/hpc/group/borsuklab/csr33/object_detection/naip_tiles/m_3607656_sw_18_060_20200516.tif
/hpc/group/borsuklab/csr33/object_detection/naip_tiles/m_2908305_sw_17_060_20211130.tif
/hpc/group/borsuklab/csr33/object_detection/naip_tiles/m_4007316_nw_18_060_20211106.tif
/hpc/group/borsuklab/csr33/object_detection/naip_tiles/m_3008743_se_16_030_20211113.tif
/hpc/group/borsuklab/csr33/object_detection/naip_tiles/m_2909146_sw_15_060_20190830_20191001.tif
/hpc/group/borsuklab/csr33/object_detection/naip_tiles/m_4207456_ne_18_060_20210920.tif
/hpc/group/borsuklab/csr33/object_detection/naip_tiles/m_2809633_se_14_060_20201116.tif
/hpc/group/borsuklab/csr33/object_detection/naip_tiles/m_4207116_sw_19_060_20211024.tif
/hpc/group/borsuklab/csr33/object_detection/naip_tiles/m_3211715_nw_11_060_20200520.tif
/hpc/group/borsuklab/csr33/object_detection/naip_tiles/m_2909020_se_15_060_20190707_20191001.tif
/hpc/group/borsuklab/csr33/object_detection/naip_tiles/m_2908102_nw_17_060_20211129.tif
/hpc/group/borsuklab/csr33/object_detection/naip_tiles/m_3311807_se_11_060_20200505.tif
/hpc/group/borsuklab/csr33/object_detection/naip_tiles/m_2809512_se_15_060_20201117.tif
/hpc/group/borsuklab/csr33/object_detection/naip_tiles/m_3009264_nw_15_030_20211212.tif
m_2809633_se_14_060_20201116 360
m_4207456_ne_18_060_20210920 320
m_4007316_nw_18_060_20211106 320
m_2909020_se_15_060_20190707_20191001 378
m_4207116_sw_19_060_20211024 336
m_2809512_se_15_060_20201117 360
m_2908102_nw_17_060_20211129 360
m_3211715_nw_11_060_20200520 340
m_2909146_sw_15_060_20190830_20191001 360
m_2908305_sw_17_060_20211130 378
m_3607656_sw_18_060_20200516 340
m_3311807_se_11_060_20200505 340
m_3009264_nw_15_030_20211212 1326
m_3008743_se_16_030_20211113 1400
133.70778918266296
