load envirionment

/hpc/group/borsuklab/csr33/object_detection/naip_tiles/m_2608018_se_17_060_20191207_20200113.tif
/hpc/group/borsuklab/csr33/object_detection/naip_tiles/m_2908964_nw_16_030_20211130.tif
/hpc/group/borsuklab/csr33/object_detection/naip_tiles/m_4506963_nw_19_060_20210816.tif
/hpc/group/borsuklab/csr33/object_detection/naip_tiles/m_4307019_ne_19_060_20211007.tif
/hpc/group/borsuklab/csr33/object_detection/naip_tiles/m_3407860_se_17_060_20200922.tif
/hpc/group/borsuklab/csr33/object_detection/naip_tiles/m_2809643_se_14_060_20201029.tif
/hpc/group/borsuklab/csr33/object_detection/naip_tiles/m_3607601_ne_18_060_20210827.tif
/hpc/group/borsuklab/csr33/object_detection/naip_tiles/m_3008346_sw_17_060_20211116.tif
/hpc/group/borsuklab/csr33/object_detection/naip_tiles/m_2608215_sw_17_060_20211217.tif
/hpc/group/borsuklab/csr33/object_detection/naip_tiles/m_3009564_sw_15_060_20201118.tif
/hpc/group/borsuklab/csr33/object_detection/naip_tiles/m_3009407_ne_15_060_20201030.tif
/hpc/group/borsuklab/csr33/object_detection/naip_tiles/m_3008619_nw_16_060_20191109_20200114.tif
/hpc/group/borsuklab/csr33/object_detection/naip_tiles/m_3008103_se_17_060_20191110_20200108.tif
/hpc/group/borsuklab/csr33/object_detection/naip_tiles/m_3108133_se_17_060_20191110_20200102.tif
m_3407860_se_17_060_20200922 357
m_4506963_nw_19_060_20210816 300
m_3008103_se_17_060_20191110_20200108 340
m_3008619_nw_16_060_20191109_20200114 340
m_4307019_ne_19_060_20211007 300
m_3009407_ne_15_060_20201030 340
m_3009564_sw_15_060_20201118 360
m_3607601_ne_18_060_20210827 340
m_2809643_se_14_060_20201029 360
m_2608018_se_17_060_20191207_20200113 360
m_2608215_sw_17_060_20211217 380
m_3108133_se_17_060_20191110_20200102 340
m_3008346_sw_17_060_20211116 378
m_2908964_nw_16_030_20211130 1365
115.29892992973328
