load envirionment

/hpc/group/borsuklab/csr33/object_detection/naip_tiles/m_3208152_sw_17_060_20191109_20200102.tif
/hpc/group/borsuklab/csr33/object_detection/naip_tiles/m_4407039_se_19_060_20210919.tif
/hpc/group/borsuklab/csr33/object_detection/naip_tiles/m_3208049_sw_17_060_20210507.tif
/hpc/group/borsuklab/csr33/object_detection/naip_tiles/m_3807723_ne_18_060_20210630.tif
/hpc/group/borsuklab/csr33/object_detection/naip_tiles/m_3208025_nw_17_060_20210426.tif
/hpc/group/borsuklab/csr33/object_detection/naip_tiles/m_3607604_sw_18_060_20210926.tif
/hpc/group/borsuklab/csr33/object_detection/naip_tiles/m_4506745_ne_19_060_20210723.tif
/hpc/group/borsuklab/csr33/object_detection/naip_tiles/m_2909433_nw_15_060_20201116.tif
/hpc/group/borsuklab/csr33/object_detection/naip_tiles/m_3807721_ne_18_060_20210903.tif
/hpc/group/borsuklab/csr33/object_detection/naip_tiles/m_3407860_sw_17_060_20200922.tif
/hpc/group/borsuklab/csr33/object_detection/naip_tiles/m_2908210_se_17_060_20211129.tif
/hpc/group/borsuklab/csr33/object_detection/naip_tiles/m_4107105_se_19_060_20210826.tif
/hpc/group/borsuklab/csr33/object_detection/naip_tiles/m_3507637_nw_18_060_20201018.tif
/hpc/group/borsuklab/csr33/object_detection/naip_tiles/m_3108151_ne_17_060_20191110_20200102.tif
m_4506745_ne_19_060_20210723 300
m_4407039_se_19_060_20210919 300
m_3208152_sw_17_060_20191109_20200102 340
m_3208025_nw_17_060_20210426 340
m_3607604_sw_18_060_20210926 357
m_4107105_se_19_060_20210826 336
m_3507637_nw_18_060_20201018 340
m_3208049_sw_17_060_20210507 340
m_3807723_ne_18_060_20210630 340
m_3807721_ne_18_060_20210903 340
m_3407860_sw_17_060_20200922 378
m_2908210_se_17_060_20211129 360
m_3108151_ne_17_060_20191110_20200102 340
m_2909433_nw_15_060_20201116 360
74.6347758769989
