load envirionment

/hpc/group/borsuklab/csr33/object_detection/naip_tiles/m_4107447_ne_18_060_20211105.tif
/hpc/group/borsuklab/csr33/object_detection/naip_tiles/m_3707620_nw_18_060_20210926.tif
/hpc/group/borsuklab/csr33/object_detection/naip_tiles/m_3407706_nw_18_060_20201031.tif
/hpc/group/borsuklab/csr33/object_detection/naip_tiles/m_3009261_nw_15_030_20211222.tif
/hpc/group/borsuklab/csr33/object_detection/naip_tiles/m_3311638_sw_11_060_20200415.tif
/hpc/group/borsuklab/csr33/object_detection/naip_tiles/m_4307131_ne_19_060_20211024.tif
/hpc/group/borsuklab/csr33/object_detection/naip_tiles/m_2908110_nw_17_060_20211129.tif
/hpc/group/borsuklab/csr33/object_detection/naip_tiles/m_3907561_se_18_060_20211019.tif
/hpc/group/borsuklab/csr33/object_detection/naip_tiles/m_2909301_sw_15_060_20201102.tif
/hpc/group/borsuklab/csr33/object_detection/naip_tiles/m_3008621_se_16_060_20191109_20200114.tif
/hpc/group/borsuklab/csr33/object_detection/naip_tiles/m_3307905_sw_17_060_20210501.tif
/hpc/group/borsuklab/csr33/object_detection/naip_tiles/m_3008349_sw_17_060_20191117_20200114.tif
/hpc/group/borsuklab/csr33/object_detection/naip_tiles/m_4406927_sw_19_060_20210827.tif
/hpc/group/borsuklab/csr33/object_detection/naip_tiles/m_3208031_sw_17_060_20210426.tif
m_3008621_se_16_060_20191109_20200114 340
m_4107447_ne_18_060_20211105 320
m_4406927_sw_19_060_20210827 300
m_2909301_sw_15_060_20201102 340
m_4307131_ne_19_060_20211024 320
m_3707620_nw_18_060_20210926 340
m_3208031_sw_17_060_20210426 340
m_3907561_se_18_060_20211019 320
m_3307905_sw_17_060_20210501 340
m_3407706_nw_18_060_20201031 340
m_3311638_sw_11_060_20200415 340
m_2908110_nw_17_060_20211129 360
m_3008349_sw_17_060_20191117_20200114 360
m_3009261_nw_15_030_20211222 1326
129.8851990699768
