load envirionment

/hpc/group/borsuklab/csr33/object_detection/naip_tiles/m_4107002_sw_19_060_20210904.tif
/hpc/group/borsuklab/csr33/object_detection/naip_tiles/m_2809608_sw_14_060_20201029.tif
/hpc/group/borsuklab/csr33/object_detection/naip_tiles/m_4307015_sw_19_060_20211007.tif
/hpc/group/borsuklab/csr33/object_detection/naip_tiles/m_3009301_ne_15_060_20201006.tif
/hpc/group/borsuklab/csr33/object_detection/naip_tiles/m_4207156_sw_19_060_20210826.tif
/hpc/group/borsuklab/csr33/object_detection/naip_tiles/m_3008805_sw_16_030_20211112.tif
/hpc/group/borsuklab/csr33/object_detection/naip_tiles/m_2909004_sw_15_030_20211130.tif
/hpc/group/borsuklab/csr33/object_detection/naip_tiles/m_3108119_se_17_060_20191110_20200102.tif
/hpc/group/borsuklab/csr33/object_detection/naip_tiles/m_2909562_ne_15_060_20201029.tif
/hpc/group/borsuklab/csr33/object_detection/naip_tiles/m_3211618_se_11_060_20200425.tif
/hpc/group/borsuklab/csr33/object_detection/naip_tiles/m_4307016_sw_19_060_20211006.tif
/hpc/group/borsuklab/csr33/object_detection/naip_tiles/m_3008534_se_16_060_20191109_20200114.tif
/hpc/group/borsuklab/csr33/object_detection/naip_tiles/m_3009561_nw_15_060_20201118.tif
/hpc/group/borsuklab/csr33/object_detection/naip_tiles/m_3507606_sw_18_060_20200922.tif
m_3507606_sw_18_060_20200922 340
m_4207156_sw_19_060_20210826 336
m_2809608_sw_14_060_20201029 360
m_3108119_se_17_060_20191110_20200102 340
m_4307015_sw_19_060_20211007 320
m_3009301_ne_15_060_20201006 340
m_4307016_sw_19_060_20211006 320
m_3008534_se_16_060_20191109_20200114 340
m_2909562_ne_15_060_20201029 360
m_4107002_sw_19_060_20210904 336
m_3211618_se_11_060_20200425 340
m_3009561_nw_15_060_20201118 360
m_2909004_sw_15_030_20211130 1365
m_3008805_sw_16_030_20211112 1400
149.9141345024109
