load envirionment

/hpc/group/borsuklab/csr33/object_detection/naip_tiles/m_4107141_se_19_060_20210926.tif
/hpc/group/borsuklab/csr33/object_detection/naip_tiles/m_4306906_ne_19_060_20210907.tif
/hpc/group/borsuklab/csr33/object_detection/naip_tiles/m_3108855_nw_16_030_20211123.tif
/hpc/group/borsuklab/csr33/object_detection/naip_tiles/m_4606851_se_19_060_20210817.tif
/hpc/group/borsuklab/csr33/object_detection/naip_tiles/m_2908963_ne_16_030_20211130.tif
/hpc/group/borsuklab/csr33/object_detection/naip_tiles/m_3009456_se_15_060_20201102.tif
/hpc/group/borsuklab/csr33/object_detection/naip_tiles/m_2608005_se_17_060_20191207_20200113.tif
/hpc/group/borsuklab/csr33/object_detection/naip_tiles/m_4107202_ne_18_060_20211105.tif
/hpc/group/borsuklab/csr33/object_detection/naip_tiles/m_3008837_ne_16_030_20211113.tif
/hpc/group/borsuklab/csr33/object_detection/naip_tiles/m_3907544_ne_18_060_20210630.tif
/hpc/group/borsuklab/csr33/object_detection/naip_tiles/m_3008461_se_16_060_20191129_20200114.tif
/hpc/group/borsuklab/csr33/object_detection/naip_tiles/m_3008727_se_16_030_20211113.tif
/hpc/group/borsuklab/csr33/object_detection/naip_tiles/m_3009310_nw_15_060_20200822.tif
/hpc/group/borsuklab/csr33/object_detection/naip_tiles/m_3407605_ne_18_060_20201018.tif
m_4107141_se_19_060_20210926 336
m_2608005_se_17_060_20191207_20200113 360
m_3008461_se_16_060_20191129_20200114 360
m_3407605_ne_18_060_20201018 340
m_3907544_ne_18_060_20210630 320
m_3009310_nw_15_060_20200822 340
m_4306906_ne_19_060_20210907 300
m_4606851_se_19_060_20210817 300
m_4107202_ne_18_060_20211105 320
m_3009456_se_15_060_20201102 340
m_2908963_ne_16_030_20211130 1365
m_3008727_se_16_030_20211113 1400
m_3108855_nw_16_030_20211123 1400
m_3008837_ne_16_030_20211113 1400
151.57067608833313
