load envirionment

/hpc/group/borsuklab/csr33/object_detection/naip_tiles/m_3008433_se_16_060_20191128_20200114.tif
/hpc/group/borsuklab/csr33/object_detection/naip_tiles/m_4107349_se_18_060_20211105.tif
/hpc/group/borsuklab/csr33/object_detection/naip_tiles/m_2708240_ne_17_060_20211202.tif
/hpc/group/borsuklab/csr33/object_detection/naip_tiles/m_3407834_ne_17_060_20200603.tif
/hpc/group/borsuklab/csr33/object_detection/naip_tiles/m_3507735_ne_18_060_20200904.tif
/hpc/group/borsuklab/csr33/object_detection/naip_tiles/m_3211626_nw_11_060_20200425.tif
/hpc/group/borsuklab/csr33/object_detection/naip_tiles/m_3108109_sw_17_060_20191110_20200102.tif
/hpc/group/borsuklab/csr33/object_detection/naip_tiles/m_3311662_se_11_060_20200415.tif
/hpc/group/borsuklab/csr33/object_detection/naip_tiles/m_2508156_sw_17_060_20211203.tif
/hpc/group/borsuklab/csr33/object_detection/naip_tiles/m_3707715_ne_18_060_20210912.tif
/hpc/group/borsuklab/csr33/object_detection/naip_tiles/m_3008629_ne_16_060_20191109_20200114.tif
/hpc/group/borsuklab/csr33/object_detection/naip_tiles/m_2608018_nw_17_060_20191130_20200113.tif
/hpc/group/borsuklab/csr33/object_detection/naip_tiles/m_4506752_ne_19_060_20210723.tif
/hpc/group/borsuklab/csr33/object_detection/naip_tiles/m_2909026_sw_15_060_20190831_20191001.tif
m_3008629_ne_16_060_20191109_20200114 340
m_4506752_ne_19_060_20210723 300
m_3507735_ne_18_060_20200904 340
m_4107349_se_18_060_20211105 320
m_3707715_ne_18_060_20210912 340
m_3211626_nw_11_060_20200425 340
m_3311662_se_11_060_20200415 340
m_2909026_sw_15_060_20190831_20191001 378
m_3108109_sw_17_060_20191110_20200102 340
m_3407834_ne_17_060_20200603 340
m_2708240_ne_17_060_20211202 360
m_2608018_nw_17_060_20191130_20200113 360
m_3008433_se_16_060_20191128_20200114 360
m_2508156_sw_17_060_20211203 380
72.45580410957336
