load envirionment

/hpc/group/borsuklab/csr33/object_detection/naip_tiles/m_3512061_sw_10_060_20200607.tif
/hpc/group/borsuklab/csr33/object_detection/naip_tiles/m_2808260_se_17_060_20211130.tif
/hpc/group/borsuklab/csr33/object_detection/naip_tiles/m_3807659_nw_18_060_20210910.tif
/hpc/group/borsuklab/csr33/object_detection/naip_tiles/m_3807553_se_18_060_20210605.tif
/hpc/group/borsuklab/csr33/object_detection/naip_tiles/m_4107438_nw_18_060_20211106.tif
/hpc/group/borsuklab/csr33/object_detection/naip_tiles/m_3108137_sw_17_060_20211203.tif
/hpc/group/borsuklab/csr33/object_detection/naip_tiles/m_2609728_nw_14_060_20201209.tif
/hpc/group/borsuklab/csr33/object_detection/naip_tiles/m_3307928_nw_17_060_20210501.tif
/hpc/group/borsuklab/csr33/object_detection/naip_tiles/m_2908117_se_17_060_20211129.tif
/hpc/group/borsuklab/csr33/object_detection/naip_tiles/m_3907543_sw_18_060_20210629.tif
/hpc/group/borsuklab/csr33/object_detection/naip_tiles/m_4207115_nw_19_060_20211024.tif
/hpc/group/borsuklab/csr33/object_detection/naip_tiles/m_4506803_nw_19_060_20210816.tif
/hpc/group/borsuklab/csr33/object_detection/naip_tiles/m_4107347_sw_18_060_20211103.tif
/hpc/group/borsuklab/csr33/object_detection/naip_tiles/m_2909661_ne_14_060_20200501.tif
m_4107438_nw_18_060_20211106 320
m_4107347_sw_18_060_20211103 336
m_4506803_nw_19_060_20210816 300
m_3807659_nw_18_060_20210910 340
m_3907543_sw_18_060_20210629 320
m_4207115_nw_19_060_20211024 320
m_2808260_se_17_060_20211130 360
m_3807553_se_18_060_20210605 320
m_3307928_nw_17_060_20210501 340
m_2909661_ne_14_060_20200501 360
m_2908117_se_17_060_20211129 360
m_3512061_sw_10_060_20200607 340
m_3108137_sw_17_060_20211203 340
m_2609728_nw_14_060_20201209 360
78.60615754127502
