load envirionment

/hpc/group/borsuklab/csr33/object_detection/naip_tiles/m_3407849_se_17_060_20210513.tif
/hpc/group/borsuklab/csr33/object_detection/naip_tiles/m_4107350_sw_18_060_20211105.tif
/hpc/group/borsuklab/csr33/object_detection/naip_tiles/m_3307939_ne_17_060_20210501.tif
/hpc/group/borsuklab/csr33/object_detection/naip_tiles/m_2909108_nw_15_060_20190707_20191001.tif
/hpc/group/borsuklab/csr33/object_detection/naip_tiles/m_2808043_nw_17_060_20191130_20200113.tif
/hpc/group/borsuklab/csr33/object_detection/naip_tiles/m_3607609_se_18_060_20210827.tif
/hpc/group/borsuklab/csr33/object_detection/naip_tiles/m_4307017_nw_19_060_20211007.tif
/hpc/group/borsuklab/csr33/object_detection/naip_tiles/m_2909215_se_15_060_20190706_20191001.tif
/hpc/group/borsuklab/csr33/object_detection/naip_tiles/m_3208154_sw_17_060_20191109_20200102.tif
/hpc/group/borsuklab/csr33/object_detection/naip_tiles/m_2808263_se_17_060_20211201.tif
/hpc/group/borsuklab/csr33/object_detection/naip_tiles/m_3008425_sw_16_060_20191120_20200114.tif
/hpc/group/borsuklab/csr33/object_detection/naip_tiles/m_3308064_ne_17_060_20210501.tif
/hpc/group/borsuklab/csr33/object_detection/naip_tiles/m_3108726_nw_16_030_20211115.tif
/hpc/group/borsuklab/csr33/object_detection/naip_tiles/m_2709719_se_14_060_20200501.tif
m_3208154_sw_17_060_20191109_20200102 340
m_3307939_ne_17_060_20210501 340
m_4307017_nw_19_060_20211007 320
m_2808263_se_17_060_20211201 360
m_2909108_nw_15_060_20190707_20191001 360
m_3308064_ne_17_060_20210501 340
m_2909215_se_15_060_20190706_20191001 360
m_4107350_sw_18_060_20211105 320
m_3407849_se_17_060_20210513 340
m_3008425_sw_16_060_20191120_20200114 340
m_3607609_se_18_060_20210827 357
m_2808043_nw_17_060_20191130_20200113 360
m_2709719_se_14_060_20200501 360
m_3108726_nw_16_030_20211115 1400
122.48396897315979
