load envirionment

/hpc/group/borsuklab/csr33/object_detection/naip_tiles/m_3008804_nw_16_030_20211123.tif
/hpc/group/borsuklab/csr33/object_detection/naip_tiles/m_2708126_sw_17_060_20211202.tif
/hpc/group/borsuklab/csr33/object_detection/naip_tiles/m_3412028_nw_10_1_20140924_20150115.tif
/hpc/group/borsuklab/csr33/object_detection/naip_tiles/m_3008813_sw_16_030_20211112.tif
/hpc/group/borsuklab/csr33/object_detection/naip_tiles/m_2608030_nw_17_060_20191203_20200113.tif
/hpc/group/borsuklab/csr33/object_detection/naip_tiles/m_2909558_se_15_060_20201031.tif
/hpc/group/borsuklab/csr33/object_detection/naip_tiles/m_4107427_se_18_060_20211106.tif
/hpc/group/borsuklab/csr33/object_detection/naip_tiles/m_3907663_nw_18_060_20211020.tif
/hpc/group/borsuklab/csr33/object_detection/naip_tiles/m_2709743_sw_14_060_20200501.tif
/hpc/group/borsuklab/csr33/object_detection/naip_tiles/m_3208108_sw_17_060_20210426.tif
/hpc/group/borsuklab/csr33/object_detection/naip_tiles/m_3308044_se_17_060_20210501.tif
/hpc/group/borsuklab/csr33/object_detection/naip_tiles/m_2808223_sw_17_060_20211130.tif
/hpc/group/borsuklab/csr33/object_detection/naip_tiles/m_2809635_sw_14_060_20201029.tif
/hpc/group/borsuklab/csr33/object_detection/naip_tiles/m_3208107_ne_17_060_20210426.tif
m_3412028_nw_10_1_20140924_20150115 132
m_3907663_nw_18_060_20211020 320
m_4107427_se_18_060_20211106 320
m_3308044_se_17_060_20210501 340
m_2608030_nw_17_060_20191203_20200113 360
m_2808223_sw_17_060_20211130 360
m_2708126_sw_17_060_20211202 360
m_2809635_sw_14_060_20201029 360
m_2909558_se_15_060_20201031 360
m_3208107_ne_17_060_20210426 340
m_2709743_sw_14_060_20200501 360
m_3208108_sw_17_060_20210426 340
m_3008804_nw_16_030_20211123 1400
m_3008813_sw_16_030_20211112 1440
125.15467858314514
