load envirionment

/hpc/group/borsuklab/csr33/object_detection/naip_tiles/m_3009307_sw_15_060_20190904_20191001.tif
/hpc/group/borsuklab/csr33/object_detection/naip_tiles/m_3008341_se_17_060_20191117_20200114.tif
/hpc/group/borsuklab/csr33/object_detection/naip_tiles/m_4406718_ne_19_060_20210907.tif
/hpc/group/borsuklab/csr33/object_detection/naip_tiles/m_2908113_sw_17_060_20211130.tif
/hpc/group/borsuklab/csr33/object_detection/naip_tiles/m_2608029_se_17_060_20191207_20200113.tif
/hpc/group/borsuklab/csr33/object_detection/naip_tiles/m_3407728_nw_18_060_20200930.tif
/hpc/group/borsuklab/csr33/object_detection/naip_tiles/m_2809607_ne_14_060_20201107.tif
/hpc/group/borsuklab/csr33/object_detection/naip_tiles/m_3008529_ne_16_060_20191118_20200114.tif
/hpc/group/borsuklab/csr33/object_detection/naip_tiles/m_3311627_nw_11_060_20200415.tif
/hpc/group/borsuklab/csr33/object_detection/naip_tiles/m_3311641_sw_11_060_20200415.tif
/hpc/group/borsuklab/csr33/object_detection/naip_tiles/m_3008553_sw_16_060_20191118_20200114.tif
/hpc/group/borsuklab/csr33/object_detection/naip_tiles/m_4106917_nw_19_060_20210826.tif
/hpc/group/borsuklab/csr33/object_detection/naip_tiles/m_4107136_se_19_060_20210826.tif
/hpc/group/borsuklab/csr33/object_detection/naip_tiles/m_3607612_se_18_060_20210926.tif
m_3008553_sw_16_060_20191118_20200114 340
m_3311627_nw_11_060_20200415 340
m_4106917_nw_19_060_20210826 320
m_3607612_se_18_060_20210926 340
m_4406718_ne_19_060_20210907 300
m_3311641_sw_11_060_20200415 340
m_4107136_se_19_060_20210826 336
m_3008529_ne_16_060_20191118_20200114 340
m_3008341_se_17_060_20191117_20200114 360
m_3009307_sw_15_060_20190904_20191001 360
m_2809607_ne_14_060_20201107 360
m_2908113_sw_17_060_20211130 360
m_3407728_nw_18_060_20200930 360
m_2608029_se_17_060_20191207_20200113 360
70.85091781616211
