load envirionment

/hpc/group/borsuklab/csr33/object_detection/naip_tiles/m_3507609_nw_18_060_20200922.tif
/hpc/group/borsuklab/csr33/object_detection/naip_tiles/m_3311704_sw_11_060_20200423.tif
/hpc/group/borsuklab/csr33/object_detection/naip_tiles/m_3707732_se_18_060_20210827.tif
/hpc/group/borsuklab/csr33/object_detection/naip_tiles/m_3009448_ne_15_060_20201102.tif
/hpc/group/borsuklab/csr33/object_detection/naip_tiles/m_2408004_ne_17_060_20211207.tif
/hpc/group/borsuklab/csr33/object_detection/naip_tiles/m_2908307_ne_17_060_20211116.tif
/hpc/group/borsuklab/csr33/object_detection/naip_tiles/m_3407628_ne_18_060_20201018.tif
/hpc/group/borsuklab/csr33/object_detection/naip_tiles/m_3009311_ne_15_060_20201104.tif
/hpc/group/borsuklab/csr33/object_detection/naip_tiles/m_2909211_ne_15_060_20190706_20191001.tif
/hpc/group/borsuklab/csr33/object_detection/naip_tiles/m_2809761_se_14_060_20200430.tif
/hpc/group/borsuklab/csr33/object_detection/naip_tiles/m_2908409_ne_16_060_20191128_20200114.tif
/hpc/group/borsuklab/csr33/object_detection/naip_tiles/m_3707660_se_18_060_20210926.tif
/hpc/group/borsuklab/csr33/object_detection/naip_tiles/m_2908508_ne_16_060_20191120_20200114.tif
/hpc/group/borsuklab/csr33/object_detection/naip_tiles/m_3208049_se_17_060_20210507.tif
m_3311704_sw_11_060_20200423 340
m_3507609_nw_18_060_20200922 340
m_2908307_ne_17_060_20211116 360
m_3009448_ne_15_060_20201102 340
m_3707660_se_18_060_20210926 340
m_2908508_ne_16_060_20191120_20200114 360
m_2908409_ne_16_060_20191128_20200114 360
m_2408004_ne_17_060_20211207 360
m_3407628_ne_18_060_20201018 340
m_3208049_se_17_060_20210507 340
m_2909211_ne_15_060_20190706_20191001 360
m_3009311_ne_15_060_20201104 340
m_3707732_se_18_060_20210827 357
m_2809761_se_14_060_20200430 360
128.51152086257935
