load envirionment

/hpc/group/borsuklab/csr33/object_detection/naip_tiles/m_3008929_se_16_030_20211119.tif
/hpc/group/borsuklab/csr33/object_detection/naip_tiles/m_4107311_ne_18_060_20211106.tif
/hpc/group/borsuklab/csr33/object_detection/naip_tiles/m_3907512_nw_18_060_20211019.tif
/hpc/group/borsuklab/csr33/object_detection/naip_tiles/m_4406724_nw_19_060_20210711.tif
/hpc/group/borsuklab/csr33/object_detection/naip_tiles/m_2908917_ne_16_030_20211129.tif
/hpc/group/borsuklab/csr33/object_detection/naip_tiles/m_3008612_sw_16_060_20191109_20200114.tif
/hpc/group/borsuklab/csr33/object_detection/naip_tiles/m_4007459_se_18_060_20190730_20191209.tif
/hpc/group/borsuklab/csr33/object_detection/naip_tiles/m_4107430_sw_18_060_20211106.tif
/hpc/group/borsuklab/csr33/object_detection/naip_tiles/m_3607723_se_18_060_20210827.tif
/hpc/group/borsuklab/csr33/object_detection/naip_tiles/m_3108734_se_16_030_20211115.tif
/hpc/group/borsuklab/csr33/object_detection/naip_tiles/m_3507627_sw_18_060_20201018.tif
/hpc/group/borsuklab/csr33/object_detection/naip_tiles/m_3208010_nw_17_060_20210426.tif
/hpc/group/borsuklab/csr33/object_detection/naip_tiles/m_3507626_se_18_060_20201018.tif
/hpc/group/borsuklab/csr33/object_detection/naip_tiles/m_3907639_sw_18_060_20180826_20190212.tif
m_3907639_sw_18_060_20180826_20190212 320
m_4107311_ne_18_060_20211106 320
m_4406724_nw_19_060_20210711 300
m_4007459_se_18_060_20190730_20191209 300
m_4107430_sw_18_060_20211106 320
m_3907512_nw_18_060_20211019 320
m_3008612_sw_16_060_20191109_20200114 340
m_3208010_nw_17_060_20210426 340
m_3507627_sw_18_060_20201018 357
m_3507626_se_18_060_20201018 357
m_3607723_se_18_060_20210827 357
m_2908917_ne_16_030_20211129 1365
m_3108734_se_16_030_20211115 1400
m_3008929_se_16_030_20211119 1435
125.27073383331299
