load envirionment

/hpc/group/borsuklab/csr33/object_detection/naip_tiles/m_3008144_sw_17_060_20211129.tif
/hpc/group/borsuklab/csr33/object_detection/naip_tiles/m_3607745_nw_18_060_20200922.tif
/hpc/group/borsuklab/csr33/object_detection/naip_tiles/m_4106909_ne_19_060_20210826.tif
/hpc/group/borsuklab/csr33/object_detection/naip_tiles/m_4406801_sw_19_060_20211006.tif
/hpc/group/borsuklab/csr33/object_detection/naip_tiles/m_3411841_se_11_060_20200521.tif
/hpc/group/borsuklab/csr33/object_detection/naip_tiles/m_3008540_sw_16_060_20191128_20200114.tif
/hpc/group/borsuklab/csr33/object_detection/naip_tiles/m_2908139_sw_17_060_20211130.tif
/hpc/group/borsuklab/csr33/object_detection/naip_tiles/m_3211716_sw_11_060_20200520.tif
/hpc/group/borsuklab/csr33/object_detection/naip_tiles/m_3308058_sw_17_060_20210421.tif
/hpc/group/borsuklab/csr33/object_detection/naip_tiles/m_3507743_sw_18_060_20200930.tif
/hpc/group/borsuklab/csr33/object_detection/naip_tiles/m_3109060_sw_15_030_20211120.tif
/hpc/group/borsuklab/csr33/object_detection/naip_tiles/m_4007416_nw_18_060_20190830_20191209.tif
/hpc/group/borsuklab/csr33/object_detection/naip_tiles/m_3311727_se_11_060_20200424.tif
/hpc/group/borsuklab/csr33/object_detection/naip_tiles/m_2809509_ne_15_060_20201029.tif
m_3507743_sw_18_060_20200930 357
m_3308058_sw_17_060_20210421 340
m_3607745_nw_18_060_20200922 340
m_2809509_ne_15_060_20201029 360
m_2908139_sw_17_060_20211130 360
m_3008144_sw_17_060_20211129 360
m_3211716_sw_11_060_20200520 340
m_4106909_ne_19_060_20210826 320
m_3008540_sw_16_060_20191128_20200114 340
m_4007416_nw_18_060_20190830_20191209 300
m_4406801_sw_19_060_20211006 300
m_3311727_se_11_060_20200424 340
m_3411841_se_11_060_20200521 340
m_3109060_sw_15_030_20211120 1476
159.1085410118103
