load envirionment

/hpc/group/borsuklab/csr33/object_detection/naip_tiles/m_3008818_nw_16_030_20211119.tif
/hpc/group/borsuklab/csr33/object_detection/naip_tiles/m_3707609_se_18_060_20210827.tif
/hpc/group/borsuklab/csr33/object_detection/naip_tiles/m_3008707_ne_16_030_20211109.tif
/hpc/group/borsuklab/csr33/object_detection/naip_tiles/m_3607614_ne_18_060_20210913.tif
/hpc/group/borsuklab/csr33/object_detection/naip_tiles/m_3807753_nw_18_060_20210903.tif
/hpc/group/borsuklab/csr33/object_detection/naip_tiles/m_4107413_ne_18_060_20211106.tif
/hpc/group/borsuklab/csr33/object_detection/naip_tiles/m_3311730_ne_11_060_20200423.tif
/hpc/group/borsuklab/csr33/object_detection/naip_tiles/m_3211708_sw_11_060_20200428.tif
/hpc/group/borsuklab/csr33/object_detection/naip_tiles/m_2708126_ne_17_060_20211202.tif
/hpc/group/borsuklab/csr33/object_detection/naip_tiles/m_3108862_ne_16_030_20211123.tif
/hpc/group/borsuklab/csr33/object_detection/naip_tiles/m_3311719_ne_11_060_20200424.tif
/hpc/group/borsuklab/csr33/object_detection/naip_tiles/m_3907435_ne_18_060_20190730_20191209.tif
/hpc/group/borsuklab/csr33/object_detection/naip_tiles/m_3009453_nw_15_060_20201112.tif
/hpc/group/borsuklab/csr33/object_detection/naip_tiles/m_2909419_ne_15_060_20201112.tif
m_3807753_nw_18_060_20210903 340
m_3607614_ne_18_060_20210913 340
m_4107413_ne_18_060_20211106 320
m_3211708_sw_11_060_20200428 340
m_3907435_ne_18_060_20190730_20191209 320
m_3311719_ne_11_060_20200424 340
m_3009453_nw_15_060_20201112 340
m_2708126_ne_17_060_20211202 360
m_3311730_ne_11_060_20200423 340
m_2909419_ne_15_060_20201112 360
m_3707609_se_18_060_20210827 357
m_3008707_ne_16_030_20211109 1365
m_3108862_ne_16_030_20211123 1400
m_3008818_nw_16_030_20211119 1440
252.17769956588745
