load envirionment

/hpc/group/borsuklab/csr33/object_detection/naip_tiles/m_3008527_se_16_060_20191118_20200114.tif
/hpc/group/borsuklab/csr33/object_detection/naip_tiles/m_3008833_se_16_030_20211114.tif
/hpc/group/borsuklab/csr33/object_detection/naip_tiles/m_3211605_nw_11_060_20200415.tif
/hpc/group/borsuklab/csr33/object_detection/naip_tiles/m_2908402_nw_16_060_20191128_20200114.tif
/hpc/group/borsuklab/csr33/object_detection/naip_tiles/m_3607656_nw_18_060_20200516.tif
/hpc/group/borsuklab/csr33/object_detection/naip_tiles/m_2508042_nw_17_060_20211203.tif
/hpc/group/borsuklab/csr33/object_detection/naip_tiles/m_3307910_se_17_060_20210508.tif
/hpc/group/borsuklab/csr33/object_detection/naip_tiles/m_3807528_ne_18_060_20210624.tif
/hpc/group/borsuklab/csr33/object_detection/naip_tiles/m_3008337_se_17_060_20211130.tif
/hpc/group/borsuklab/csr33/object_detection/naip_tiles/m_3307802_nw_17_060_20210508.tif
/hpc/group/borsuklab/csr33/object_detection/naip_tiles/m_3807523_sw_18_060_20210624.tif
/hpc/group/borsuklab/csr33/object_detection/naip_tiles/m_3407819_ne_17_060_20200603.tif
/hpc/group/borsuklab/csr33/object_detection/naip_tiles/m_3009062_sw_15_060_20190831_20191001.tif
/hpc/group/borsuklab/csr33/object_detection/naip_tiles/m_4307051_se_19_060_20211007.tif
m_4307051_se_19_060_20211007 336
m_3307802_nw_17_060_20210508 340
m_3211605_nw_11_060_20200415 340
m_3807528_ne_18_060_20210624 320
m_2908402_nw_16_060_20191128_20200114 360
m_3407819_ne_17_060_20200603 340
m_3807523_sw_18_060_20210624 320
m_3307910_se_17_060_20210508 340
m_3008337_se_17_060_20211130 378
m_3008527_se_16_060_20191118_20200114 340
m_3009062_sw_15_060_20190831_20191001 378
m_3607656_nw_18_060_20200516 340
m_2508042_nw_17_060_20211203 380
m_3008833_se_16_030_20211114 1435
147.5950107574463
