load envirionment

/hpc/group/borsuklab/csr33/object_detection/naip_tiles/m_4406801_ne_19_060_20211006.tif
/hpc/group/borsuklab/csr33/object_detection/naip_tiles/m_2909536_sw_15_060_20201117.tif
/hpc/group/borsuklab/csr33/object_detection/naip_tiles/m_3507634_nw_18_060_20201031.tif
/hpc/group/borsuklab/csr33/object_detection/naip_tiles/m_3507739_sw_18_060_20200930.tif
/hpc/group/borsuklab/csr33/object_detection/naip_tiles/m_2909434_sw_15_060_20201116.tif
/hpc/group/borsuklab/csr33/object_detection/naip_tiles/m_3607645_se_18_060_20201001.tif
/hpc/group/borsuklab/csr33/object_detection/naip_tiles/m_3108741_sw_16_030_20211115.tif
/hpc/group/borsuklab/csr33/object_detection/naip_tiles/m_3009246_ne_15_030_20211222.tif
/hpc/group/borsuklab/csr33/object_detection/naip_tiles/m_3108119_ne_17_060_20191110_20200102.tif
/hpc/group/borsuklab/csr33/object_detection/naip_tiles/m_4207359_sw_18_060_20211107.tif
/hpc/group/borsuklab/csr33/object_detection/naip_tiles/m_3807561_se_18_060_20210605.tif
/hpc/group/borsuklab/csr33/object_detection/naip_tiles/m_2609726_ne_14_060_20201001.tif
/hpc/group/borsuklab/csr33/object_detection/naip_tiles/m_4506856_nw_19_060_20210911.tif
/hpc/group/borsuklab/csr33/object_detection/naip_tiles/m_3807713_se_18_060_20210910.tif
m_4506856_nw_19_060_20210911 300
m_3108119_ne_17_060_20191110_20200102 340
m_3507739_sw_18_060_20200930 357
m_4406801_ne_19_060_20211006 300
m_3807561_se_18_060_20210605 320
m_3807713_se_18_060_20210910 357
m_3507634_nw_18_060_20201031 340
m_2609726_ne_14_060_20201001 360
m_2909434_sw_15_060_20201116 360
m_2909536_sw_15_060_20201117 360
m_3607645_se_18_060_20201001 340
m_4207359_sw_18_060_20211107 320
m_3009246_ne_15_030_20211222 1326
m_3108741_sw_16_030_20211115 1400
252.47913765907288
