load envirionment

/hpc/group/borsuklab/csr33/object_detection/naip_tiles/m_2609759_sw_14_060_20201216.tif
/hpc/group/borsuklab/csr33/object_detection/naip_tiles/m_2809746_se_14_060_20200501.tif
/hpc/group/borsuklab/csr33/object_detection/naip_tiles/m_3311737_nw_11_060_20200423.tif
/hpc/group/borsuklab/csr33/object_detection/naip_tiles/m_3008830_se_16_030_20211119.tif
/hpc/group/borsuklab/csr33/object_detection/naip_tiles/m_3507706_nw_18_060_20200922.tif
/hpc/group/borsuklab/csr33/object_detection/naip_tiles/m_2508019_sw_17_060_20211203.tif
/hpc/group/borsuklab/csr33/object_detection/naip_tiles/m_2909433_se_15_060_20201116.tif
/hpc/group/borsuklab/csr33/object_detection/naip_tiles/m_2909004_ne_15_030_20211130.tif
/hpc/group/borsuklab/csr33/object_detection/naip_tiles/m_4007422_se_18_060_20190830_20191209.tif
/hpc/group/borsuklab/csr33/object_detection/naip_tiles/m_2909010_ne_15_060_20190707_20191001.tif
/hpc/group/borsuklab/csr33/object_detection/naip_tiles/m_4406843_ne_19_060_20210914.tif
/hpc/group/borsuklab/csr33/object_detection/naip_tiles/m_2708158_se_17_060_20211223.tif
/hpc/group/borsuklab/csr33/object_detection/naip_tiles/m_3108116_ne_17_060_20211202.tif
/hpc/group/borsuklab/csr33/object_detection/naip_tiles/m_3507509_ne_18_060_20200516.tif
m_4007422_se_18_060_20190830_20191209 300
m_2809746_se_14_060_20200501 360
m_4406843_ne_19_060_20210914 300
m_3507509_ne_18_060_20200516 340
m_2609759_sw_14_060_20201216 360
m_3507706_nw_18_060_20200922 340
m_2909010_ne_15_060_20190707_20191001 360
m_3311737_nw_11_060_20200423 340
m_3108116_ne_17_060_20211202 340
m_2708158_se_17_060_20211223 360
m_2508019_sw_17_060_20211203 380
m_2909433_se_15_060_20201116 360
m_2909004_ne_15_030_20211130 1365
m_3008830_se_16_030_20211119 1400
112.40207815170288
