load envirionment

/hpc/group/borsuklab/csr33/object_detection/naip_tiles/m_4207446_se_18_060_20210920.tif
/hpc/group/borsuklab/csr33/object_detection/naip_tiles/m_3607618_se_18_060_20210827.tif
/hpc/group/borsuklab/csr33/object_detection/naip_tiles/m_3807513_se_18_060_20211019.tif
/hpc/group/borsuklab/csr33/object_detection/naip_tiles/m_3009326_nw_15_060_20201031.tif
/hpc/group/borsuklab/csr33/object_detection/naip_tiles/m_4207357_ne_18_060_20210920.tif
/hpc/group/borsuklab/csr33/object_detection/naip_tiles/m_3208011_sw_17_060_20210426.tif
/hpc/group/borsuklab/csr33/object_detection/naip_tiles/m_3009129_se_15_030_20211114.tif
/hpc/group/borsuklab/csr33/object_detection/naip_tiles/m_3008445_ne_16_060_20191129_20200114.tif
/hpc/group/borsuklab/csr33/object_detection/naip_tiles/m_3008844_nw_16_030_20211114.tif
/hpc/group/borsuklab/csr33/object_detection/naip_tiles/m_4207302_sw_18_060_20210920.tif
/hpc/group/borsuklab/csr33/object_detection/naip_tiles/m_2508029_sw_17_060_20191126_20200113.tif
/hpc/group/borsuklab/csr33/object_detection/naip_tiles/m_2908313_nw_17_060_20191121_20200114.tif
/hpc/group/borsuklab/csr33/object_detection/naip_tiles/m_2708144_sw_17_060_20191129_20200113.tif
/hpc/group/borsuklab/csr33/object_detection/naip_tiles/m_3009349_ne_15_060_20201102.tif
m_4207357_ne_18_060_20210920 320
m_3009326_nw_15_060_20201031 340
m_4207446_se_18_060_20210920 320
m_3208011_sw_17_060_20210426 340
m_2708144_sw_17_060_20191129_20200113 360
m_2908313_nw_17_060_20191121_20200114 360
m_3008445_ne_16_060_20191129_20200114 360
m_2508029_sw_17_060_20191126_20200113 360
m_3807513_se_18_060_20211019 320
m_3009349_ne_15_060_20201102 340
m_4207302_sw_18_060_20210920 320
m_3607618_se_18_060_20210827 357
m_3009129_se_15_030_20211114 1326
m_3008844_nw_16_030_20211114 1440
125.28418636322021
