load envirionment

/hpc/group/borsuklab/csr33/object_detection/naip_tiles/m_3607738_ne_18_060_20200922.tif
/hpc/group/borsuklab/csr33/object_detection/naip_tiles/m_3707746_se_18_060_20210903.tif
/hpc/group/borsuklab/csr33/object_detection/naip_tiles/m_4406847_nw_19_060_20210920.tif
/hpc/group/borsuklab/csr33/object_detection/naip_tiles/m_4107018_ne_19_060_20210904.tif
/hpc/group/borsuklab/csr33/object_detection/naip_tiles/m_3907421_nw_18_060_20190730_20191209.tif
/hpc/group/borsuklab/csr33/object_detection/naip_tiles/m_2708061_se_17_060_20191215_20200113.tif
/hpc/group/borsuklab/csr33/object_detection/naip_tiles/m_3307949_sw_17_060_20210508.tif
/hpc/group/borsuklab/csr33/object_detection/naip_tiles/m_3807512_ne_18_060_20210624.tif
/hpc/group/borsuklab/csr33/object_detection/naip_tiles/m_2709760_ne_14_060_20200430.tif
/hpc/group/borsuklab/csr33/object_detection/naip_tiles/m_3507728_nw_18_060_20200930.tif
/hpc/group/borsuklab/csr33/object_detection/naip_tiles/m_2909018_ne_15_060_20190707_20191001.tif
/hpc/group/borsuklab/csr33/object_detection/naip_tiles/m_2609735_se_14_060_20201216.tif
/hpc/group/borsuklab/csr33/object_detection/naip_tiles/m_4207018_nw_19_060_20211024.tif
/hpc/group/borsuklab/csr33/object_detection/naip_tiles/m_3907515_ne_18_060_20190726_20191209.tif
m_3907421_nw_18_060_20190730_20191209 320
m_3707746_se_18_060_20210903 357
m_3907515_ne_18_060_20190726_20191209 300
m_3607738_ne_18_060_20200922 340
m_3507728_nw_18_060_20200930 340
m_2609735_se_14_060_20201216 360
m_2909018_ne_15_060_20190707_20191001 360
m_2709760_ne_14_060_20200430 360
m_4406847_nw_19_060_20210920 300
m_2708061_se_17_060_20191215_20200113 360
m_3807512_ne_18_060_20210624 320
m_4207018_nw_19_060_20211024 320
m_3307949_sw_17_060_20210508 340
m_4107018_ne_19_060_20210904 320
131.33616495132446
