load envirionment

/hpc/group/borsuklab/csr33/object_detection/naip_tiles/m_4107241_se_18_060_20211105.tif
/hpc/group/borsuklab/csr33/object_detection/naip_tiles/m_4307139_ne_19_060_20211024.tif
/hpc/group/borsuklab/csr33/object_detection/naip_tiles/m_2709721_ne_14_060_20200430.tif
/hpc/group/borsuklab/csr33/object_detection/naip_tiles/m_3907529_ne_18_060_20190726_20191209.tif
/hpc/group/borsuklab/csr33/object_detection/naip_tiles/m_3008920_ne_16_030_20211119.tif
/hpc/group/borsuklab/csr33/object_detection/naip_tiles/m_4207159_se_19_060_20210826.tif
/hpc/group/borsuklab/csr33/object_detection/naip_tiles/m_3507659_nw_18_060_20201031.tif
/hpc/group/borsuklab/csr33/object_detection/naip_tiles/m_3009133_nw_15_030_20211113.tif
/hpc/group/borsuklab/csr33/object_detection/naip_tiles/m_3108837_se_16_030_20211123.tif
/hpc/group/borsuklab/csr33/object_detection/naip_tiles/m_3211715_ne_11_060_20200520.tif
/hpc/group/borsuklab/csr33/object_detection/naip_tiles/m_4007324_se_18_060_20211105.tif
/hpc/group/borsuklab/csr33/object_detection/naip_tiles/m_4007436_nw_18_060_20190830_20191209.tif
/hpc/group/borsuklab/csr33/object_detection/naip_tiles/m_3707716_ne_18_060_20210827.tif
/hpc/group/borsuklab/csr33/object_detection/naip_tiles/m_3208023_se_17_060_20210426.tif
m_4007436_nw_18_060_20190830_20191209 300
m_3907529_ne_18_060_20190726_20191209 320
m_3507659_nw_18_060_20201031 340
m_4207159_se_19_060_20210826 336
m_3208023_se_17_060_20210426 340
m_4307139_ne_19_060_20211024 320
m_3211715_ne_11_060_20200520 340
m_4107241_se_18_060_20211105 336
m_3707716_ne_18_060_20210827 340
m_2709721_ne_14_060_20200430 360
m_4007324_se_18_060_20211105 336
m_3009133_nw_15_030_20211113 1326
m_3108837_se_16_030_20211123 1400
m_3008920_ne_16_030_20211119 1400
138.4103970527649
