load envirionment

/hpc/group/borsuklab/csr33/object_detection/naip_tiles/m_3008625_sw_16_060_20191103_20200114.tif
/hpc/group/borsuklab/csr33/object_detection/naip_tiles/m_4307044_sw_19_060_20211007.tif
/hpc/group/borsuklab/csr33/object_detection/naip_tiles/m_4107242_se_18_060_20211105.tif
/hpc/group/borsuklab/csr33/object_detection/naip_tiles/m_3008805_se_16_030_20211112.tif
/hpc/group/borsuklab/csr33/object_detection/naip_tiles/m_3412004_ne_10_060_20200607.tif
/hpc/group/borsuklab/csr33/object_detection/naip_tiles/m_3807759_se_18_060_20210910.tif
/hpc/group/borsuklab/csr33/object_detection/naip_tiles/m_3009205_sw_15_030_20211222.tif
/hpc/group/borsuklab/csr33/object_detection/naip_tiles/m_2909652_se_14_060_20201102.tif
/hpc/group/borsuklab/csr33/object_detection/naip_tiles/m_2909111_nw_15_060_20190706_20191001.tif
/hpc/group/borsuklab/csr33/object_detection/naip_tiles/m_4007310_nw_18_060_20211105.tif
/hpc/group/borsuklab/csr33/object_detection/naip_tiles/m_2909651_ne_14_060_20201031.tif
/hpc/group/borsuklab/csr33/object_detection/naip_tiles/m_3208035_se_17_060_20210426.tif
/hpc/group/borsuklab/csr33/object_detection/naip_tiles/m_3008925_ne_16_030_20211115.tif
/hpc/group/borsuklab/csr33/object_detection/naip_tiles/m_3311746_se_11_060_20200520.tif
m_3412004_ne_10_060_20200607 340
m_4307044_sw_19_060_20211007 336
m_4107242_se_18_060_20211105 336
m_3311746_se_11_060_20200520 340
m_3807759_se_18_060_20210910 357
m_4007310_nw_18_060_20211105 320
m_3008625_sw_16_060_20191103_20200114 340
m_2909111_nw_15_060_20190706_20191001 360
m_2909651_ne_14_060_20201031 360
m_2909652_se_14_060_20201102 360
m_3208035_se_17_060_20210426 340
m_3009205_sw_15_030_20211222 1326
m_3008925_ne_16_030_20211115 1365
m_3008805_se_16_030_20211112 1400
142.28063797950745
