load envirionment

/hpc/group/borsuklab/csr33/object_detection/naip_tiles/m_2908347_ne_17_060_20211116.tif
/hpc/group/borsuklab/csr33/object_detection/naip_tiles/m_3009020_sw_15_030_20211120.tif
/hpc/group/borsuklab/csr33/object_detection/naip_tiles/m_3311628_sw_11_060_20200415.tif
/hpc/group/borsuklab/csr33/object_detection/naip_tiles/m_4007420_se_18_060_20190830_20191209.tif
/hpc/group/borsuklab/csr33/object_detection/naip_tiles/m_2809739_nw_14_060_20200501.tif
/hpc/group/borsuklab/csr33/object_detection/naip_tiles/m_4406908_ne_19_060_20211006.tif
/hpc/group/borsuklab/csr33/object_detection/naip_tiles/m_3807649_sw_18_060_20210910.tif
/hpc/group/borsuklab/csr33/object_detection/naip_tiles/m_3009013_nw_15_060_20190726_20191001.tif
/hpc/group/borsuklab/csr33/object_detection/naip_tiles/m_4207461_ne_18_060_20211110.tif
/hpc/group/borsuklab/csr33/object_detection/naip_tiles/m_4007208_nw_18_060_20210926.tif
/hpc/group/borsuklab/csr33/object_detection/naip_tiles/m_2709758_sw_14_060_20200501.tif
/hpc/group/borsuklab/csr33/object_detection/naip_tiles/m_2908312_ne_17_060_20191121_20200114.tif
/hpc/group/borsuklab/csr33/object_detection/naip_tiles/m_3707735_nw_18_060_20210910.tif
/hpc/group/borsuklab/csr33/object_detection/naip_tiles/m_4007448_sw_18_060_20190809_20191209.tif
m_3707735_nw_18_060_20210910 340
m_4007420_se_18_060_20190830_20191209 300
m_4007208_nw_18_060_20210926 320
m_2709758_sw_14_060_20200501 360
m_2809739_nw_14_060_20200501 360
m_3311628_sw_11_060_20200415 340
m_4406908_ne_19_060_20211006 300
m_4207461_ne_18_060_20211110 320
m_4007448_sw_18_060_20190809_20191209 320
m_2908312_ne_17_060_20191121_20200114 360
m_3009013_nw_15_060_20190726_20191001 360
m_2908347_ne_17_060_20211116 360
m_3807649_sw_18_060_20210910 357
m_3009020_sw_15_030_20211120 1365
129.6138858795166
