load envirionment

/hpc/group/borsuklab/csr33/object_detection/naip_tiles/m_3008518_nw_16_060_20191109_20200114.tif
/hpc/group/borsuklab/csr33/object_detection/naip_tiles/m_4007561_ne_18_060_20191019_20191203.tif
/hpc/group/borsuklab/csr33/object_detection/naip_tiles/m_3009225_nw_15_060_20190904_20191001.tif
/hpc/group/borsuklab/csr33/object_detection/naip_tiles/m_3208042_ne_17_060_20210507.tif
/hpc/group/borsuklab/csr33/object_detection/naip_tiles/m_2908942_ne_16_030_20211202.tif
/hpc/group/borsuklab/csr33/object_detection/naip_tiles/m_2809636_nw_14_060_20201029.tif
/hpc/group/borsuklab/csr33/object_detection/naip_tiles/m_2709727_nw_14_060_20200501.tif
/hpc/group/borsuklab/csr33/object_detection/naip_tiles/m_3707743_se_18_060_20210910.tif
/hpc/group/borsuklab/csr33/object_detection/naip_tiles/m_2909021_nw_15_030_20211130.tif
/hpc/group/borsuklab/csr33/object_detection/naip_tiles/m_2809752_ne_14_060_20201116.tif
/hpc/group/borsuklab/csr33/object_detection/naip_tiles/m_3907637_ne_18_060_20211101.tif
/hpc/group/borsuklab/csr33/object_detection/naip_tiles/m_3008425_se_16_060_20191128_20200114.tif
/hpc/group/borsuklab/csr33/object_detection/naip_tiles/m_2708216_ne_17_060_20211202.tif
/hpc/group/borsuklab/csr33/object_detection/naip_tiles/m_3807505_nw_18_060_20211019.tif
m_3907637_ne_18_060_20211101 320
m_4007561_ne_18_060_20191019_20191203 320
m_2708216_ne_17_060_20211202 360
m_3009225_nw_15_060_20190904_20191001 360
m_3807505_nw_18_060_20211019 320
m_3208042_ne_17_060_20210507 340
m_2709727_nw_14_060_20200501 360
m_3707743_se_18_060_20210910 357
m_3008518_nw_16_060_20191109_20200114 340
m_3008425_se_16_060_20191128_20200114 340
m_2809636_nw_14_060_20201029 360
m_2809752_ne_14_060_20201116 360
m_2908942_ne_16_030_20211202 1365
m_2909021_nw_15_030_20211130 1365
247.80284023284912
