load envirionment

/hpc/group/borsuklab/csr33/object_detection/naip_tiles/m_3008547_nw_16_060_20191128_20200114.tif
/hpc/group/borsuklab/csr33/object_detection/naip_tiles/m_3208049_nw_17_060_20210507.tif
/hpc/group/borsuklab/csr33/object_detection/naip_tiles/m_3907404_se_18_060_20190830_20191209.tif
/hpc/group/borsuklab/csr33/object_detection/naip_tiles/m_3008322_sw_17_060_20211116.tif
/hpc/group/borsuklab/csr33/object_detection/naip_tiles/m_2708134_sw_17_060_20211202.tif
/hpc/group/borsuklab/csr33/object_detection/naip_tiles/m_2908347_se_17_060_20211116.tif
/hpc/group/borsuklab/csr33/object_detection/naip_tiles/m_3807615_ne_18_060_20210623.tif
/hpc/group/borsuklab/csr33/object_detection/naip_tiles/m_3009329_sw_15_060_20190905_20191001.tif
/hpc/group/borsuklab/csr33/object_detection/naip_tiles/m_3008527_nw_16_060_20191118_20200114.tif
/hpc/group/borsuklab/csr33/object_detection/naip_tiles/m_4107355_nw_18_060_20211103.tif
/hpc/group/borsuklab/csr33/object_detection/naip_tiles/m_2909661_sw_14_060_20200501.tif
/hpc/group/borsuklab/csr33/object_detection/naip_tiles/m_3311716_ne_11_060_20200422.tif
/hpc/group/borsuklab/csr33/object_detection/naip_tiles/m_2608046_sw_17_060_20191120_20200113.tif
/hpc/group/borsuklab/csr33/object_detection/naip_tiles/m_2608030_sw_17_060_20191203_20200113.tif
m_4107355_nw_18_060_20211103 320
m_3008322_sw_17_060_20211116 378
m_3009329_sw_15_060_20190905_20191001 360
m_2908347_se_17_060_20211116 378
m_3907404_se_18_060_20190830_20191209 320
m_2608046_sw_17_060_20191120_20200113 360
m_3311716_ne_11_060_20200422 340
m_3807615_ne_18_060_20210623 320
m_2708134_sw_17_060_20211202 360
m_3208049_nw_17_060_20210507 340
m_3008527_nw_16_060_20191118_20200114 340
m_3008547_nw_16_060_20191128_20200114 340
m_2608030_sw_17_060_20191203_20200113 360
m_2909661_sw_14_060_20200501 360
79.32052636146545
