load envirionment

/hpc/group/borsuklab/csr33/object_detection/naip_tiles/m_3707518_se_18_060_20211017.tif
/hpc/group/borsuklab/csr33/object_detection/naip_tiles/m_3008160_nw_17_060_20211129.tif
/hpc/group/borsuklab/csr33/object_detection/naip_tiles/m_3807648_nw_18_060_20210623.tif
/hpc/group/borsuklab/csr33/object_detection/naip_tiles/m_2908117_ne_17_060_20211129.tif
/hpc/group/borsuklab/csr33/object_detection/naip_tiles/m_2909147_ne_15_060_20190830_20191001.tif
/hpc/group/borsuklab/csr33/object_detection/naip_tiles/m_2508009_se_17_060_20211203.tif
/hpc/group/borsuklab/csr33/object_detection/naip_tiles/m_2609702_nw_14_060_20200501.tif
/hpc/group/borsuklab/csr33/object_detection/naip_tiles/m_2809762_nw_14_060_20200501.tif
/hpc/group/borsuklab/csr33/object_detection/naip_tiles/m_3311602_sw_11_060_20200415.tif
/hpc/group/borsuklab/csr33/object_detection/naip_tiles/m_3211624_nw_11_060_20200420.tif
/hpc/group/borsuklab/csr33/object_detection/naip_tiles/m_3108232_sw_17_060_20191110_20200102.tif
/hpc/group/borsuklab/csr33/object_detection/naip_tiles/m_3507625_sw_18_060_20201031.tif
/hpc/group/borsuklab/csr33/object_detection/naip_tiles/m_4207448_sw_18_060_20210920.tif
/hpc/group/borsuklab/csr33/object_detection/naip_tiles/m_2909416_ne_15_060_20201102.tif
m_4207448_sw_18_060_20210920 320
m_2909416_ne_15_060_20201102 340
m_3707518_se_18_060_20211017 320
m_2508009_se_17_060_20211203 360
m_3807648_nw_18_060_20210623 320
m_3211624_nw_11_060_20200420 340
m_3507625_sw_18_060_20201031 357
m_3311602_sw_11_060_20200415 340
m_2609702_nw_14_060_20200501 360
m_3008160_nw_17_060_20211129 360
m_3108232_sw_17_060_20191110_20200102 340
m_2909147_ne_15_060_20190830_20191001 360
m_2908117_ne_17_060_20211129 360
m_2809762_nw_14_060_20200501 360
68.04555082321167
