load envirionment

/hpc/group/borsuklab/csr33/object_detection/naip_tiles/m_3008833_nw_16_030_20211114.tif
/hpc/group/borsuklab/csr33/object_detection/naip_tiles/m_4007457_se_18_060_20190730_20191209.tif
/hpc/group/borsuklab/csr33/object_detection/naip_tiles/m_2909543_nw_15_060_20201117.tif
/hpc/group/borsuklab/csr33/object_detection/naip_tiles/m_4307034_nw_19_060_20211007.tif
/hpc/group/borsuklab/csr33/object_detection/naip_tiles/m_3907449_nw_18_060_20190726_20191209.tif
/hpc/group/borsuklab/csr33/object_detection/naip_tiles/m_2908135_se_17_060_20211129.tif
/hpc/group/borsuklab/csr33/object_detection/naip_tiles/m_2608122_sw_17_060_20191128_20200113.tif
/hpc/group/borsuklab/csr33/object_detection/naip_tiles/m_3512062_sw_10_060_20200607.tif
/hpc/group/borsuklab/csr33/object_detection/naip_tiles/m_3907426_nw_18_060_20190830_20191209.tif
/hpc/group/borsuklab/csr33/object_detection/naip_tiles/m_3907519_se_18_060_20210630.tif
/hpc/group/borsuklab/csr33/object_detection/naip_tiles/m_3507643_ne_18_060_20201018.tif
/hpc/group/borsuklab/csr33/object_detection/naip_tiles/m_2608009_ne_17_060_20191129_20200113.tif
/hpc/group/borsuklab/csr33/object_detection/naip_tiles/m_3907633_ne_18_060_20210616.tif
/hpc/group/borsuklab/csr33/object_detection/naip_tiles/m_4207338_sw_18_060_20211106.tif
m_4307034_nw_19_060_20211007 320
m_4207338_sw_18_060_20211106 336
m_3907449_nw_18_060_20190726_20191209 320
m_2909543_nw_15_060_20201117 360
m_3907426_nw_18_060_20190830_20191209 320
m_3907633_ne_18_060_20210616 320
m_3512062_sw_10_060_20200607 340
m_4007457_se_18_060_20190730_20191209 300
m_3907519_se_18_060_20210630 320
m_2608122_sw_17_060_20191128_20200113 360
m_3507643_ne_18_060_20201018 340
m_2908135_se_17_060_20211129 360
m_2608009_ne_17_060_20191129_20200113 360
m_3008833_nw_16_030_20211114 1440
135.08938074111938
