load envirionment

/hpc/group/borsuklab/csr33/object_detection/naip_tiles/m_4406941_ne_19_060_20210827.tif
/hpc/group/borsuklab/csr33/object_detection/naip_tiles/m_2508106_nw_17_060_20211203.tif
/hpc/group/borsuklab/csr33/object_detection/naip_tiles/m_3009452_nw_15_060_20201112.tif
/hpc/group/borsuklab/csr33/object_detection/naip_tiles/m_4207453_nw_18_060_20211110.tif
/hpc/group/borsuklab/csr33/object_detection/naip_tiles/m_4406960_se_19_060_20210904.tif
/hpc/group/borsuklab/csr33/object_detection/naip_tiles/m_4207459_sw_18_060_20211106.tif
/hpc/group/borsuklab/csr33/object_detection/naip_tiles/m_3707710_se_18_060_20210628.tif
/hpc/group/borsuklab/csr33/object_detection/naip_tiles/m_2909201_ne_15_060_20190706_20191001.tif
/hpc/group/borsuklab/csr33/object_detection/naip_tiles/m_2809621_ne_14_060_20200501.tif
/hpc/group/borsuklab/csr33/object_detection/naip_tiles/m_4107414_se_18_060_20211106.tif
/hpc/group/borsuklab/csr33/object_detection/naip_tiles/m_2809611_sw_14_060_20201029.tif
/hpc/group/borsuklab/csr33/object_detection/naip_tiles/m_3707762_sw_18_060_20210903.tif
/hpc/group/borsuklab/csr33/object_detection/naip_tiles/m_4606844_se_19_060_20210817.tif
/hpc/group/borsuklab/csr33/object_detection/naip_tiles/m_3108757_nw_16_030_20211115.tif
m_4606844_se_19_060_20210817 300
m_4107414_se_18_060_20211106 320
m_3707710_se_18_060_20210628 357
m_2508106_nw_17_060_20211203 380
m_3009452_nw_15_060_20201112 340
m_4406960_se_19_060_20210904 300
m_4406941_ne_19_060_20210827 300
m_2809621_ne_14_060_20200501 360
m_2809611_sw_14_060_20201029 360
m_2909201_ne_15_060_20190706_20191001 360
m_4207459_sw_18_060_20211106 320
m_4207453_nw_18_060_20211110 320
m_3707762_sw_18_060_20210903 357
m_3108757_nw_16_030_20211115 1400
112.96218132972717
