load envirionment

/hpc/group/borsuklab/csr33/object_detection/naip_tiles/m_3009552_sw_15_060_20201030.tif
/hpc/group/borsuklab/csr33/object_detection/naip_tiles/m_4207146_se_19_060_20210826.tif
/hpc/group/borsuklab/csr33/object_detection/naip_tiles/m_3211707_se_11_060_20200520.tif
/hpc/group/borsuklab/csr33/object_detection/naip_tiles/m_3008344_se_17_060_20211130.tif
/hpc/group/borsuklab/csr33/object_detection/naip_tiles/m_2908111_sw_17_060_20211129.tif
/hpc/group/borsuklab/csr33/object_detection/naip_tiles/m_3008615_nw_16_060_20191109_20200114.tif
/hpc/group/borsuklab/csr33/object_detection/naip_tiles/m_3307807_se_17_060_20200603.tif
/hpc/group/borsuklab/csr33/object_detection/naip_tiles/m_2909523_nw_15_060_20201130.tif
/hpc/group/borsuklab/csr33/object_detection/naip_tiles/m_2908315_nw_17_060_20211130.tif
/hpc/group/borsuklab/csr33/object_detection/naip_tiles/m_3307907_sw_17_060_20210501.tif
/hpc/group/borsuklab/csr33/object_detection/naip_tiles/m_3008647_ne_16_060_20191109_20200114.tif
/hpc/group/borsuklab/csr33/object_detection/naip_tiles/m_3607611_se_18_060_20210912.tif
/hpc/group/borsuklab/csr33/object_detection/naip_tiles/m_3211617_se_11_060_20200425.tif
/hpc/group/borsuklab/csr33/object_detection/naip_tiles/m_3008422_ne_16_060_20211222.tif
m_4207146_se_19_060_20210826 336
m_3008615_nw_16_060_20191109_20200114 340
m_3307907_sw_17_060_20210501 340
m_3008422_ne_16_060_20211222 360
m_3307807_se_17_060_20200603 357
m_3008647_ne_16_060_20191109_20200114 340
m_2908111_sw_17_060_20211129 360
m_3211617_se_11_060_20200425 340
m_3009552_sw_15_060_20201030 360
m_3211707_se_11_060_20200520 340
m_3607611_se_18_060_20210912 357
m_2908315_nw_17_060_20211130 360
m_2909523_nw_15_060_20201130 360
m_3008344_se_17_060_20211130 378
94.65303897857666
