load envirionment

/hpc/group/borsuklab/csr33/object_detection/naip_tiles/m_3208011_ne_17_060_20210426.tif
/hpc/group/borsuklab/csr33/object_detection/naip_tiles/m_3907520_ne_18_060_20211019.tif
/hpc/group/borsuklab/csr33/object_detection/naip_tiles/m_2908112_nw_17_060_20211129.tif
/hpc/group/borsuklab/csr33/object_detection/naip_tiles/m_4107343_ne_18_060_20211106.tif
/hpc/group/borsuklab/csr33/object_detection/naip_tiles/m_4007453_ne_18_060_20190730_20191209.tif
/hpc/group/borsuklab/csr33/object_detection/naip_tiles/m_4406717_ne_19_060_20210815.tif
/hpc/group/borsuklab/csr33/object_detection/naip_tiles/m_2909312_nw_15_060_20190726_20191001.tif
/hpc/group/borsuklab/csr33/object_detection/naip_tiles/m_4107203_nw_18_060_20211019.tif
/hpc/group/borsuklab/csr33/object_detection/naip_tiles/m_3208122_ne_17_060_20210426.tif
/hpc/group/borsuklab/csr33/object_detection/naip_tiles/m_3807754_nw_18_060_20210630.tif
/hpc/group/borsuklab/csr33/object_detection/naip_tiles/m_3507719_ne_18_060_20200922.tif
/hpc/group/borsuklab/csr33/object_detection/naip_tiles/m_3208029_sw_17_060_20210426.tif
/hpc/group/borsuklab/csr33/object_detection/naip_tiles/m_4406721_ne_19_060_20210711.tif
/hpc/group/borsuklab/csr33/object_detection/naip_tiles/m_3008345_ne_17_060_20211130.tif
m_4107343_ne_18_060_20211106 320
m_3208011_ne_17_060_20210426 340
m_3807754_nw_18_060_20210630 340
m_3208122_ne_17_060_20210426 340
m_3507719_ne_18_060_20200922 340
m_3907520_ne_18_060_20211019 320
m_4007453_ne_18_060_20190730_20191209 320
m_3008345_ne_17_060_20211130 360
m_3208029_sw_17_060_20210426 340
m_4406717_ne_19_060_20210815 300
m_2908112_nw_17_060_20211129 360
m_4107203_nw_18_060_20211019 320
m_4406721_ne_19_060_20210711 300
m_2909312_nw_15_060_20190726_20191001 360
129.36269426345825
