load envirionment

/hpc/group/borsuklab/csr33/object_detection/naip_tiles/m_3607558_nw_18_060_20200516.tif
/hpc/group/borsuklab/csr33/object_detection/naip_tiles/m_3108139_nw_17_060_20211203.tif
/hpc/group/borsuklab/csr33/object_detection/naip_tiles/m_2609725_nw_14_060_20200503.tif
/hpc/group/borsuklab/csr33/object_detection/naip_tiles/m_3407704_se_18_060_20200930.tif
/hpc/group/borsuklab/csr33/object_detection/naip_tiles/m_4506811_ne_19_060_20211006.tif
/hpc/group/borsuklab/csr33/object_detection/naip_tiles/m_3008633_nw_16_060_20191103_20200114.tif
/hpc/group/borsuklab/csr33/object_detection/naip_tiles/m_3308051_ne_17_060_20210501.tif
/hpc/group/borsuklab/csr33/object_detection/naip_tiles/m_3307951_nw_17_060_20210501.tif
/hpc/group/borsuklab/csr33/object_detection/naip_tiles/m_3407948_se_17_060_20210513.tif
/hpc/group/borsuklab/csr33/object_detection/naip_tiles/m_3008829_nw_16_030_20211119.tif
/hpc/group/borsuklab/csr33/object_detection/naip_tiles/m_3307912_se_17_060_20210501.tif
/hpc/group/borsuklab/csr33/object_detection/naip_tiles/m_4007424_nw_18_060_20190830_20191209.tif
/hpc/group/borsuklab/csr33/object_detection/naip_tiles/m_4107312_nw_18_060_20211106.tif
/hpc/group/borsuklab/csr33/object_detection/naip_tiles/m_2909560_sw_15_060_20201117.tif
m_3308051_ne_17_060_20210501 340
m_4107312_nw_18_060_20211106 320
m_3108139_nw_17_060_20211203 340
m_2609725_nw_14_060_20200503 360
m_4506811_ne_19_060_20211006 300
m_4007424_nw_18_060_20190830_20191209 300
m_3008633_nw_16_060_20191103_20200114 340
m_3407948_se_17_060_20210513 340
m_3307912_se_17_060_20210501 340
m_3607558_nw_18_060_20200516 340
m_3307951_nw_17_060_20210501 340
m_3407704_se_18_060_20200930 357
m_2909560_sw_15_060_20201117 360
m_3008829_nw_16_030_20211119 1440
122.34139728546143
