load envirionment

/hpc/group/borsuklab/csr33/object_detection/naip_tiles/m_2608005_ne_17_060_20191215_20200113.tif
/hpc/group/borsuklab/csr33/object_detection/naip_tiles/m_2809616_se_14_060_20201029.tif
/hpc/group/borsuklab/csr33/object_detection/naip_tiles/m_3707654_sw_18_060_20210913.tif
/hpc/group/borsuklab/csr33/object_detection/naip_tiles/m_2808043_sw_17_060_20191130_20200113.tif
/hpc/group/borsuklab/csr33/object_detection/naip_tiles/m_3507724_se_18_060_20201031.tif
/hpc/group/borsuklab/csr33/object_detection/naip_tiles/m_4506813_ne_19_060_20210921.tif
/hpc/group/borsuklab/csr33/object_detection/naip_tiles/m_3009019_sw_15_030_20211120.tif
/hpc/group/borsuklab/csr33/object_detection/naip_tiles/m_3108129_ne_17_060_20191110_20200102.tif
/hpc/group/borsuklab/csr33/object_detection/naip_tiles/m_4207059_ne_19_060_20210904.tif
/hpc/group/borsuklab/csr33/object_detection/naip_tiles/m_2708204_nw_17_060_20211130.tif
/hpc/group/borsuklab/csr33/object_detection/naip_tiles/m_2809621_se_14_060_20200501.tif
/hpc/group/borsuklab/csr33/object_detection/naip_tiles/m_2908148_se_17_060_20211130.tif
/hpc/group/borsuklab/csr33/object_detection/naip_tiles/m_3008556_nw_16_060_20191128_20200114.tif
/hpc/group/borsuklab/csr33/object_detection/naip_tiles/m_3407954_se_17_060_20210508.tif
m_3407954_se_17_060_20210508 340
m_4207059_ne_19_060_20210904 320
m_4506813_ne_19_060_20210921 300
m_2608005_ne_17_060_20191215_20200113 360
m_2809621_se_14_060_20200501 360
m_2808043_sw_17_060_20191130_20200113 360
m_3108129_ne_17_060_20191110_20200102 340
m_3707654_sw_18_060_20210913 340
m_3008556_nw_16_060_20191128_20200114 360
m_2809616_se_14_060_20201029 360
m_2708204_nw_17_060_20211130 360
m_2908148_se_17_060_20211130 360
m_3507724_se_18_060_20201031 357
m_3009019_sw_15_030_20211120 1365
116.57781767845154
