load envirionment

/hpc/group/borsuklab/csr33/object_detection/naip_tiles/m_2608117_ne_17_060_20211223.tif
/hpc/group/borsuklab/csr33/object_detection/naip_tiles/m_2608136_ne_17_060_20191123_20200113.tif
/hpc/group/borsuklab/csr33/object_detection/naip_tiles/m_3009436_ne_15_060_20201112.tif
/hpc/group/borsuklab/csr33/object_detection/naip_tiles/m_3407614_ne_18_060_20201018.tif
/hpc/group/borsuklab/csr33/object_detection/naip_tiles/m_2808002_se_17_060_20191119_20200113.tif
/hpc/group/borsuklab/csr33/object_detection/naip_tiles/m_3311726_ne_11_060_20200424.tif
/hpc/group/borsuklab/csr33/object_detection/naip_tiles/m_4207107_ne_19_060_20211024.tif
/hpc/group/borsuklab/csr33/object_detection/naip_tiles/m_3607624_sw_18_060_20210913.tif
/hpc/group/borsuklab/csr33/object_detection/naip_tiles/m_3607651_sw_18_060_20200516.tif
/hpc/group/borsuklab/csr33/object_detection/naip_tiles/m_3008436_ne_16_060_20191129_20200114.tif
/hpc/group/borsuklab/csr33/object_detection/naip_tiles/m_3307920_nw_17_060_20210501.tif
/hpc/group/borsuklab/csr33/object_detection/naip_tiles/m_4406843_nw_19_060_20210723.tif
/hpc/group/borsuklab/csr33/object_detection/naip_tiles/m_4107332_nw_18_060_20211106.tif
/hpc/group/borsuklab/csr33/object_detection/naip_tiles/m_3311822_nw_11_060_20200505.tif
m_3307920_nw_17_060_20210501 340
m_3008436_ne_16_060_20191129_20200114 360
m_2808002_se_17_060_20191119_20200113 340
m_4406843_nw_19_060_20210723 300
m_3407614_ne_18_060_20201018 340
m_2608136_ne_17_060_20191123_20200113 360
m_3607624_sw_18_060_20210913 340
m_3311726_ne_11_060_20200424 340
m_3607651_sw_18_060_20200516 357
m_4107332_nw_18_060_20211106 320
m_3009436_ne_15_060_20201112 340
m_4207107_ne_19_060_20211024 320
m_2608117_ne_17_060_20211223 360
m_3311822_nw_11_060_20200505 340
77.80483984947205
