load envirionment

/hpc/group/borsuklab/csr33/object_detection/naip_tiles/m_3411933_sw_11_060_20200521.tif
/hpc/group/borsuklab/csr33/object_detection/naip_tiles/m_2609721_sw_14_060_20201029.tif
/hpc/group/borsuklab/csr33/object_detection/naip_tiles/m_3008820_se_16_030_20211119.tif
/hpc/group/borsuklab/csr33/object_detection/naip_tiles/m_3507637_sw_18_060_20201018.tif
/hpc/group/borsuklab/csr33/object_detection/naip_tiles/m_4107249_ne_18_060_20211105.tif
/hpc/group/borsuklab/csr33/object_detection/naip_tiles/m_3407609_se_18_060_20201024.tif
/hpc/group/borsuklab/csr33/object_detection/naip_tiles/m_2809621_nw_14_060_20200501.tif
/hpc/group/borsuklab/csr33/object_detection/naip_tiles/m_3008636_ne_16_060_20191109_20200114.tif
/hpc/group/borsuklab/csr33/object_detection/naip_tiles/m_3807748_se_18_060_20210910.tif
/hpc/group/borsuklab/csr33/object_detection/naip_tiles/m_3407846_ne_17_060_20201102.tif
/hpc/group/borsuklab/csr33/object_detection/naip_tiles/m_3307962_sw_17_060_20210501.tif
/hpc/group/borsuklab/csr33/object_detection/naip_tiles/m_3009560_ne_15_060_20201118.tif
/hpc/group/borsuklab/csr33/object_detection/naip_tiles/m_3807534_se_18_060_20210618.tif
/hpc/group/borsuklab/csr33/object_detection/naip_tiles/m_4107225_se_18_060_20211105.tif
m_3807534_se_18_060_20210618 320
m_2809621_nw_14_060_20200501 360
m_4107249_ne_18_060_20211105 320
m_3008636_ne_16_060_20191109_20200114 340
m_3009560_ne_15_060_20201118 360
m_3407609_se_18_060_20201024 357
m_3411933_sw_11_060_20200521 340
m_3507637_sw_18_060_20201018 340
m_3407846_ne_17_060_20201102 340
m_3307962_sw_17_060_20210501 340
m_3807748_se_18_060_20210910 357
m_4107225_se_18_060_20211105 336
m_2609721_sw_14_060_20201029 360
m_3008820_se_16_030_20211119 1400
112.46782732009888
