load envirionment

/hpc/group/borsuklab/csr33/object_detection/naip_tiles/m_3009021_sw_15_060_20190830_20191002.tif
/hpc/group/borsuklab/csr33/object_detection/naip_tiles/m_4207121_sw_19_060_20211024.tif
/hpc/group/borsuklab/csr33/object_detection/naip_tiles/m_4106909_nw_19_060_20210826.tif
/hpc/group/borsuklab/csr33/object_detection/naip_tiles/m_3307804_sw_17_060_20210508.tif
/hpc/group/borsuklab/csr33/object_detection/naip_tiles/m_3108109_se_17_060_20191110_20200102.tif
/hpc/group/borsuklab/csr33/object_detection/naip_tiles/m_3507635_se_18_060_20201018.tif
/hpc/group/borsuklab/csr33/object_detection/naip_tiles/m_3108135_se_17_060_20191110_20200102.tif
/hpc/group/borsuklab/csr33/object_detection/naip_tiles/m_3411937_sw_11_060_20200521.tif
/hpc/group/borsuklab/csr33/object_detection/naip_tiles/m_2908356_nw_17_060_20211117.tif
/hpc/group/borsuklab/csr33/object_detection/naip_tiles/m_3009415_se_15_060_20201030.tif
/hpc/group/borsuklab/csr33/object_detection/naip_tiles/m_3907515_sw_18_060_20190726_20191209.tif
/hpc/group/borsuklab/csr33/object_detection/naip_tiles/m_3211631_nw_11_060_20200415.tif
/hpc/group/borsuklab/csr33/object_detection/naip_tiles/m_3807550_nw_18_060_20210618.tif
/hpc/group/borsuklab/csr33/object_detection/naip_tiles/m_4406723_ne_19_060_20210711.tif
m_2908356_nw_17_060_20211117 360
m_3307804_sw_17_060_20210508 340
m_3009415_se_15_060_20201030 340
m_4406723_ne_19_060_20210711 300
m_3108109_se_17_060_20191110_20200102 340
m_3807550_nw_18_060_20210618 320
m_4106909_nw_19_060_20210826 320
m_3507635_se_18_060_20201018 357
m_4207121_sw_19_060_20211024 336
m_3907515_sw_18_060_20190726_20191209 320
m_3108135_se_17_060_20191110_20200102 340
m_3411937_sw_11_060_20200521 340
m_3211631_nw_11_060_20200415 340
m_3009021_sw_15_060_20190830_20191002 378
69.20579648017883
