load envirionment

/hpc/group/borsuklab/csr33/object_detection/naip_tiles/m_3009103_nw_15_030_20211113.tif
/hpc/group/borsuklab/csr33/object_detection/naip_tiles/m_3208145_se_17_060_20191109_20200102.tif
/hpc/group/borsuklab/csr33/object_detection/naip_tiles/m_3009346_ne_15_060_20190901_20191001.tif
/hpc/group/borsuklab/csr33/object_detection/naip_tiles/m_3009225_se_15_030_20211221.tif
/hpc/group/borsuklab/csr33/object_detection/naip_tiles/m_3108145_se_17_060_20211203.tif
/hpc/group/borsuklab/csr33/object_detection/naip_tiles/m_2909310_se_15_060_20190726_20191001.tif
/hpc/group/borsuklab/csr33/object_detection/naip_tiles/m_3009117_se_15_030_20211113.tif
/hpc/group/borsuklab/csr33/object_detection/naip_tiles/m_2608022_nw_17_060_20191203_20200113.tif
/hpc/group/borsuklab/csr33/object_detection/naip_tiles/m_2708238_ne_17_060_20211130.tif
/hpc/group/borsuklab/csr33/object_detection/naip_tiles/m_3411910_se_11_060_20200521.tif
/hpc/group/borsuklab/csr33/object_detection/naip_tiles/m_4207318_se_18_060_20211107.tif
/hpc/group/borsuklab/csr33/object_detection/naip_tiles/m_3009059_sw_15_030_20211120.tif
/hpc/group/borsuklab/csr33/object_detection/naip_tiles/m_4506810_ne_19_060_20210816.tif
/hpc/group/borsuklab/csr33/object_detection/naip_tiles/m_2809615_se_14_060_20201029.tif
m_2909310_se_15_060_20190726_20191001 360
m_2608022_nw_17_060_20191203_20200113 360
m_3411910_se_11_060_20200521 340
m_3208145_se_17_060_20191109_20200102 340
m_3009346_ne_15_060_20190901_20191001 360
m_4207318_se_18_060_20211107 320
m_4506810_ne_19_060_20210816 300
m_3108145_se_17_060_20211203 340
m_2708238_ne_17_060_20211130 360
m_2809615_se_14_060_20201029 360
m_3009225_se_15_030_20211221 1326
m_3009103_nw_15_030_20211113 1326
m_3009117_se_15_030_20211113 1326
m_3009059_sw_15_030_20211120 1365
114.97814583778381
