load envirionment

/hpc/group/borsuklab/csr33/object_detection/naip_tiles/m_3108702_se_16_030_20211115.tif
/hpc/group/borsuklab/csr33/object_detection/naip_tiles/m_2908947_nw_16_030_20211202.tif
/hpc/group/borsuklab/csr33/object_detection/naip_tiles/m_4107112_sw_19_060_20210826.tif
/hpc/group/borsuklab/csr33/object_detection/naip_tiles/m_2708020_ne_17_060_20191215_20200113.tif
/hpc/group/borsuklab/csr33/object_detection/naip_tiles/m_3707627_nw_18_060_20210912.tif
/hpc/group/borsuklab/csr33/object_detection/naip_tiles/m_3008938_sw_16_030_20211114.tif
/hpc/group/borsuklab/csr33/object_detection/naip_tiles/m_2909119_nw_15_060_20190706_20191001.tif
/hpc/group/borsuklab/csr33/object_detection/naip_tiles/m_3311711_se_11_060_20200424.tif
/hpc/group/borsuklab/csr33/object_detection/naip_tiles/m_3308046_se_17_060_20210501.tif
/hpc/group/borsuklab/csr33/object_detection/naip_tiles/m_4307147_se_19_060_20211024.tif
/hpc/group/borsuklab/csr33/object_detection/naip_tiles/m_2909214_nw_15_060_20190706_20191001.tif
/hpc/group/borsuklab/csr33/object_detection/naip_tiles/m_3009429_sw_15_060_20201112.tif
/hpc/group/borsuklab/csr33/object_detection/naip_tiles/m_2608055_ne_17_060_20191120_20200113.tif
/hpc/group/borsuklab/csr33/object_detection/naip_tiles/m_3807550_sw_18_060_20210618.tif
m_4107112_sw_19_060_20210826 336
m_4307147_se_19_060_20211024 336
m_3807550_sw_18_060_20210618 320
m_2708020_ne_17_060_20191215_20200113 360
m_3308046_se_17_060_20210501 340
m_2909214_nw_15_060_20190706_20191001 360
m_3311711_se_11_060_20200424 340
m_3009429_sw_15_060_20201112 340
m_3707627_nw_18_060_20210912 340
m_2909119_nw_15_060_20190706_20191001 360
m_2608055_ne_17_060_20191120_20200113 360
m_2908947_nw_16_030_20211202 1365
m_3108702_se_16_030_20211115 1360
m_3008938_sw_16_030_20211114 1476
136.05811476707458
