load envirionment

/hpc/group/borsuklab/csr33/object_detection/naip_tiles/m_2809631_se_14_060_20201029.tif
/hpc/group/borsuklab/csr33/object_detection/naip_tiles/m_4506829_nw_19_060_20210929.tif
/hpc/group/borsuklab/csr33/object_detection/naip_tiles/m_3008544_sw_16_060_20191118_20200114.tif
/hpc/group/borsuklab/csr33/object_detection/naip_tiles/m_3008707_sw_16_060_20191103_20200114.tif
/hpc/group/borsuklab/csr33/object_detection/naip_tiles/m_2909005_se_15_030_20211130.tif
/hpc/group/borsuklab/csr33/object_detection/naip_tiles/m_3407953_nw_17_060_20210508.tif
/hpc/group/borsuklab/csr33/object_detection/naip_tiles/m_4406963_se_19_060_20211006.tif
/hpc/group/borsuklab/csr33/object_detection/naip_tiles/m_3807639_sw_18_060_20210623.tif
/hpc/group/borsuklab/csr33/object_detection/naip_tiles/m_3108137_ne_17_060_20211203.tif
/hpc/group/borsuklab/csr33/object_detection/naip_tiles/m_2608012_se_17_060_20191207_20200113.tif
/hpc/group/borsuklab/csr33/object_detection/naip_tiles/m_3807536_sw_18_060_20210605.tif
/hpc/group/borsuklab/csr33/object_detection/naip_tiles/m_3407734_se_18_060_20200904.tif
/hpc/group/borsuklab/csr33/object_detection/naip_tiles/m_2809754_nw_14_060_20200501.tif
/hpc/group/borsuklab/csr33/object_detection/naip_tiles/m_3008450_se_16_060_20191128_20200114.tif
m_4506829_nw_19_060_20210929 300
m_2809754_nw_14_060_20200501 360
m_3807639_sw_18_060_20210623 320
m_4406963_se_19_060_20211006 300
m_3407953_nw_17_060_20210508 340
m_3008450_se_16_060_20191128_20200114 360
m_2809631_se_14_060_20201029 360
m_3407734_se_18_060_20200904 357
m_3807536_sw_18_060_20210605 320
m_3008544_sw_16_060_20191118_20200114 340
m_3008707_sw_16_060_20191103_20200114 340
m_3108137_ne_17_060_20211203 340
m_2608012_se_17_060_20191207_20200113 360
m_2909005_se_15_030_20211130 1365
129.48896980285645
