load envirionment

/hpc/group/borsuklab/csr33/object_detection/naip_tiles/m_2909051_se_15_030_20211130.tif
/hpc/group/borsuklab/csr33/object_detection/naip_tiles/m_3009230_nw_15_030_20211222.tif
/hpc/group/borsuklab/csr33/object_detection/naip_tiles/m_2809505_se_15_060_20201117.tif
/hpc/group/borsuklab/csr33/object_detection/naip_tiles/m_3008745_nw_16_030_20211113.tif
/hpc/group/borsuklab/csr33/object_detection/naip_tiles/m_4107348_ne_18_060_20211105.tif
/hpc/group/borsuklab/csr33/object_detection/naip_tiles/m_3009444_sw_15_060_20201112.tif
/hpc/group/borsuklab/csr33/object_detection/naip_tiles/m_4506749_ne_19_060_20210815.tif
/hpc/group/borsuklab/csr33/object_detection/naip_tiles/m_3008943_sw_16_030_20211116.tif
/hpc/group/borsuklab/csr33/object_detection/naip_tiles/m_3009219_se_15_060_20190904_20191001.tif
/hpc/group/borsuklab/csr33/object_detection/naip_tiles/m_2609735_nw_14_060_20201216.tif
/hpc/group/borsuklab/csr33/object_detection/naip_tiles/m_2909121_sw_15_060_20190706_20191001.tif
/hpc/group/borsuklab/csr33/object_detection/naip_tiles/m_4107340_ne_18_060_20211106.tif
/hpc/group/borsuklab/csr33/object_detection/naip_tiles/m_3607640_se_18_060_20200516.tif
/hpc/group/borsuklab/csr33/object_detection/naip_tiles/m_3108161_sw_17_060_20211203.tif
m_3009444_sw_15_060_20201112 340
m_2909121_sw_15_060_20190706_20191001 360
m_4107340_ne_18_060_20211106 320
m_3607640_se_18_060_20200516 340
m_4107348_ne_18_060_20211105 320
m_4506749_ne_19_060_20210815 300
m_3108161_sw_17_060_20211203 340
m_2609735_nw_14_060_20201216 360
m_2809505_se_15_060_20201117 360
m_3009219_se_15_060_20190904_20191001 360
m_2909051_se_15_030_20211130 1365
m_3008745_nw_16_030_20211113 1400
m_3008943_sw_16_030_20211116 1365
m_3009230_nw_15_030_20211222 1326
135.61955046653748
