load envirionment

/hpc/group/borsuklab/csr33/object_detection/naip_tiles/m_2909548_nw_15_060_20201116.tif
/hpc/group/borsuklab/csr33/object_detection/naip_tiles/m_3907659_se_18_060_20210617.tif
/hpc/group/borsuklab/csr33/object_detection/naip_tiles/m_4207163_ne_19_060_20210826.tif
/hpc/group/borsuklab/csr33/object_detection/naip_tiles/m_3008728_ne_16_030_20211119.tif
/hpc/group/borsuklab/csr33/object_detection/naip_tiles/m_3311711_sw_11_060_20200424.tif
/hpc/group/borsuklab/csr33/object_detection/naip_tiles/m_3108816_nw_16_030_20211120.tif
/hpc/group/borsuklab/csr33/object_detection/naip_tiles/m_2908130_se_17_060_20211130.tif
/hpc/group/borsuklab/csr33/object_detection/naip_tiles/m_2709751_se_14_060_20200501.tif
/hpc/group/borsuklab/csr33/object_detection/naip_tiles/m_3607549_se_18_060_20200516.tif
/hpc/group/borsuklab/csr33/object_detection/naip_tiles/m_3008459_nw_16_060_20191128_20200114.tif
/hpc/group/borsuklab/csr33/object_detection/naip_tiles/m_3507609_sw_18_060_20200922.tif
/hpc/group/borsuklab/csr33/object_detection/naip_tiles/m_3907536_se_18_060_20210630.tif
/hpc/group/borsuklab/csr33/object_detection/naip_tiles/m_3407706_ne_18_060_20201031.tif
/hpc/group/borsuklab/csr33/object_detection/naip_tiles/m_2708256_sw_17_060_20211202.tif
m_4207163_ne_19_060_20210826 320
m_3907659_se_18_060_20210617 320
m_3507609_sw_18_060_20200922 357
m_3607549_se_18_060_20200516 340
m_3907536_se_18_060_20210630 320
m_3008459_nw_16_060_20191128_20200114 360
m_3311711_sw_11_060_20200424 340
m_3407706_ne_18_060_20201031 340
m_2708256_sw_17_060_20211202 360
m_2709751_se_14_060_20200501 360
m_2909548_nw_15_060_20201116 360
m_2908130_se_17_060_20211130 360
m_3008728_ne_16_030_20211119 1400
m_3108816_nw_16_030_20211120 1400
143.33284711837769
