load envirionment

/hpc/group/borsuklab/csr33/object_detection/naip_tiles/m_3008328_sw_17_060_20191113_20200114.tif
/hpc/group/borsuklab/csr33/object_detection/naip_tiles/m_2708058_sw_17_060_20191129_20200113.tif
/hpc/group/borsuklab/csr33/object_detection/naip_tiles/m_3507760_se_18_060_20200930.tif
/hpc/group/borsuklab/csr33/object_detection/naip_tiles/m_3009435_ne_15_060_20201112.tif
/hpc/group/borsuklab/csr33/object_detection/naip_tiles/m_3907762_se_18_060_20210617.tif
/hpc/group/borsuklab/csr33/object_detection/naip_tiles/m_2908133_nw_17_060_20211202.tif
/hpc/group/borsuklab/csr33/object_detection/naip_tiles/m_3008731_se_16_060_20191103_20200114.tif
/hpc/group/borsuklab/csr33/object_detection/naip_tiles/m_4406725_se_19_060_20210914.tif
/hpc/group/borsuklab/csr33/object_detection/naip_tiles/m_3008827_ne_16_030_20211119.tif
/hpc/group/borsuklab/csr33/object_detection/naip_tiles/m_3008716_ne_16_060_20191103_20200114.tif
/hpc/group/borsuklab/csr33/object_detection/naip_tiles/m_3008318_se_17_060_20211222.tif
/hpc/group/borsuklab/csr33/object_detection/naip_tiles/m_2909513_sw_15_060_20201118.tif
/hpc/group/borsuklab/csr33/object_detection/naip_tiles/m_4207361_nw_18_060_20211107.tif
/hpc/group/borsuklab/csr33/object_detection/naip_tiles/m_2909024_nw_15_030_20211123.tif
m_3008731_se_16_060_20191103_20200114 340
m_4406725_se_19_060_20210914 300
m_3907762_se_18_060_20210617 320
m_3008716_ne_16_060_20191103_20200114 340
m_4207361_nw_18_060_20211107 320
m_3008318_se_17_060_20211222 360
m_2708058_sw_17_060_20191129_20200113 360
m_3009435_ne_15_060_20201112 340
m_3008328_sw_17_060_20191113_20200114 360
m_2909513_sw_15_060_20201118 360
m_2908133_nw_17_060_20211202 360
m_3507760_se_18_060_20200930 357
m_3008827_ne_16_030_20211119 1400
m_2909024_nw_15_030_20211123 1365
127.97218036651611
