load envirionment

/hpc/group/borsuklab/csr33/object_detection/naip_tiles/m_4406702_se_19_060_20210914.tif
/hpc/group/borsuklab/csr33/object_detection/naip_tiles/m_2708246_nw_17_060_20211130.tif
/hpc/group/borsuklab/csr33/object_detection/naip_tiles/m_3008838_ne_16_030_20211113.tif
/hpc/group/borsuklab/csr33/object_detection/naip_tiles/m_4107422_nw_18_060_20211106.tif
/hpc/group/borsuklab/csr33/object_detection/naip_tiles/m_3507603_nw_18_060_20201001.tif
/hpc/group/borsuklab/csr33/object_detection/naip_tiles/m_4107129_se_19_060_20210826.tif
/hpc/group/borsuklab/csr33/object_detection/naip_tiles/m_4007532_se_18_060_20190917_20191209.tif
/hpc/group/borsuklab/csr33/object_detection/naip_tiles/m_3008256_ne_17_060_20211202.tif
/hpc/group/borsuklab/csr33/object_detection/naip_tiles/m_2809511_ne_15_060_20201117.tif
/hpc/group/borsuklab/csr33/object_detection/naip_tiles/m_4506859_se_19_060_20211006.tif
/hpc/group/borsuklab/csr33/object_detection/naip_tiles/m_4406813_sw_19_060_20210914.tif
/hpc/group/borsuklab/csr33/object_detection/naip_tiles/m_4506832_se_19_060_20210831.tif
/hpc/group/borsuklab/csr33/object_detection/naip_tiles/m_3009357_nw_15_060_20201102.tif
/hpc/group/borsuklab/csr33/object_detection/naip_tiles/m_3307952_se_17_060_20210501.tif
m_4107129_se_19_060_20210826 336
m_3008256_ne_17_060_20211202 360
m_4506859_se_19_060_20211006 300
m_4007532_se_18_060_20190917_20191209 300
m_4406702_se_19_060_20210914 300
m_3507603_nw_18_060_20201001 340
m_4506832_se_19_060_20210831 300
m_4107422_nw_18_060_20211106 320
m_4406813_sw_19_060_20210914 300
m_2809511_ne_15_060_20201117 360
m_3009357_nw_15_060_20201102 340
m_3307952_se_17_060_20210501 340
m_2708246_nw_17_060_20211130 360
m_3008838_ne_16_030_20211113 1400
119.16800332069397
