load envirionment

/hpc/group/borsuklab/csr33/object_detection/naip_tiles/m_4307036_ne_19_060_20211007.tif
/hpc/group/borsuklab/csr33/object_detection/naip_tiles/m_2808263_nw_17_060_20211130.tif
/hpc/group/borsuklab/csr33/object_detection/naip_tiles/m_3108719_sw_16_030_20211115.tif
/hpc/group/borsuklab/csr33/object_detection/naip_tiles/m_4107333_sw_18_060_20211105.tif
/hpc/group/borsuklab/csr33/object_detection/naip_tiles/m_3008446_sw_16_060_20191129_20200114.tif
/hpc/group/borsuklab/csr33/object_detection/naip_tiles/m_2809609_sw_14_060_20201116.tif
/hpc/group/borsuklab/csr33/object_detection/naip_tiles/m_3108717_sw_16_030_20211115.tif
/hpc/group/borsuklab/csr33/object_detection/naip_tiles/m_3607722_se_18_060_20210827.tif
/hpc/group/borsuklab/csr33/object_detection/naip_tiles/m_2909449_ne_15_060_20201116.tif
/hpc/group/borsuklab/csr33/object_detection/naip_tiles/m_4506820_nw_19_060_20211006.tif
/hpc/group/borsuklab/csr33/object_detection/naip_tiles/m_3009052_ne_15_060_20190831_20191001.tif
/hpc/group/borsuklab/csr33/object_detection/naip_tiles/m_2909554_sw_15_060_20201117.tif
/hpc/group/borsuklab/csr33/object_detection/naip_tiles/m_3407829_se_17_060_20200603.tif
/hpc/group/borsuklab/csr33/object_detection/naip_tiles/m_3807628_nw_18_060_20211020.tif
m_3008446_sw_16_060_20191129_20200114 360
m_4307036_ne_19_060_20211007 300
m_4506820_nw_19_060_20211006 300
m_4107333_sw_18_060_20211105 320
m_3407829_se_17_060_20200603 357
m_2809609_sw_14_060_20201116 360
m_3807628_nw_18_060_20211020 320
m_2909554_sw_15_060_20201117 360
m_3009052_ne_15_060_20190831_20191001 360
m_3607722_se_18_060_20210827 357
m_2909449_ne_15_060_20201116 360
m_2808263_nw_17_060_20211130 360
m_3108717_sw_16_030_20211115 1400
m_3108719_sw_16_030_20211115 1400
207.63403844833374
