load envirionment

/hpc/group/borsuklab/csr33/object_detection/naip_tiles/m_2909049_nw_15_060_20190830_20191001.tif
/hpc/group/borsuklab/csr33/object_detection/naip_tiles/m_3008545_ne_16_060_20191118_20200114.tif
/hpc/group/borsuklab/csr33/object_detection/naip_tiles/m_2708004_se_17_060_20191215_20200113.tif
/hpc/group/borsuklab/csr33/object_detection/naip_tiles/m_3008707_nw_16_030_20211115.tif
/hpc/group/borsuklab/csr33/object_detection/naip_tiles/m_4207118_ne_19_060_20211105.tif
/hpc/group/borsuklab/csr33/object_detection/naip_tiles/m_3707513_nw_18_060_20211017.tif
/hpc/group/borsuklab/csr33/object_detection/naip_tiles/m_4107240_se_18_060_20210926.tif
/hpc/group/borsuklab/csr33/object_detection/naip_tiles/m_2908131_ne_17_060_20211130.tif
/hpc/group/borsuklab/csr33/object_detection/naip_tiles/m_3009064_sw_15_030_20211123.tif
/hpc/group/borsuklab/csr33/object_detection/naip_tiles/m_3307801_sw_17_060_20210501.tif
/hpc/group/borsuklab/csr33/object_detection/naip_tiles/m_3008960_se_16_030_20211116.tif
/hpc/group/borsuklab/csr33/object_detection/naip_tiles/m_3008603_nw_16_030_20211109.tif
/hpc/group/borsuklab/csr33/object_detection/naip_tiles/m_4007537_sw_18_060_20191019_20191203.tif
/hpc/group/borsuklab/csr33/object_detection/naip_tiles/m_4406718_sw_19_060_20210907.tif
m_3707513_nw_18_060_20211017 340
m_2908131_ne_17_060_20211130 360
m_3008545_ne_16_060_20191118_20200114 340
m_2708004_se_17_060_20191215_20200113 360
m_3307801_sw_17_060_20210501 340
m_4207118_ne_19_060_20211105 320
m_4107240_se_18_060_20210926 336
m_4406718_sw_19_060_20210907 300
m_4007537_sw_18_060_20191019_20191203 320
m_2909049_nw_15_060_20190830_20191001 360
m_3008603_nw_16_030_20211109 1365
m_3009064_sw_15_030_20211123 1365
m_3008960_se_16_030_20211116 1365
m_3008707_nw_16_030_20211115 1365
161.2957944869995
