load envirionment

/hpc/group/borsuklab/csr33/object_detection/naip_tiles/m_3008820_ne_16_030_20211119.tif
/hpc/group/borsuklab/csr33/object_detection/naip_tiles/m_3907627_sw_18_060_20210616.tif
/hpc/group/borsuklab/csr33/object_detection/naip_tiles/m_2908920_se_16_030_20211130.tif
/hpc/group/borsuklab/csr33/object_detection/naip_tiles/m_3008258_se_17_060_20211129.tif
/hpc/group/borsuklab/csr33/object_detection/naip_tiles/m_3211707_sw_11_060_20200520.tif
/hpc/group/borsuklab/csr33/object_detection/naip_tiles/m_2608030_ne_17_060_20191120_20200113.tif
/hpc/group/borsuklab/csr33/object_detection/naip_tiles/m_3009057_sw_15_030_20211119.tif
/hpc/group/borsuklab/csr33/object_detection/naip_tiles/m_3008626_se_16_060_20191109_20200114.tif
/hpc/group/borsuklab/csr33/object_detection/naip_tiles/m_3607738_se_18_060_20200922.tif
/hpc/group/borsuklab/csr33/object_detection/naip_tiles/m_2909035_se_15_030_20211130.tif
/hpc/group/borsuklab/csr33/object_detection/naip_tiles/m_3108149_se_17_060_20191110_20200102.tif
/hpc/group/borsuklab/csr33/object_detection/naip_tiles/m_2909103_sw_15_060_20190706_20191001.tif
/hpc/group/borsuklab/csr33/object_detection/naip_tiles/m_3208035_ne_17_060_20210426.tif
/hpc/group/borsuklab/csr33/object_detection/naip_tiles/m_2809732_ne_14_060_20201116.tif
m_3008626_se_16_060_20191109_20200114 340
m_3907627_sw_18_060_20210616 320
m_3208035_ne_17_060_20210426 340
m_3108149_se_17_060_20191110_20200102 340
m_3211707_sw_11_060_20200520 340
m_2909103_sw_15_060_20190706_20191001 360
m_2809732_ne_14_060_20201116 360
m_3607738_se_18_060_20200922 357
m_2608030_ne_17_060_20191120_20200113 360
m_3008258_se_17_060_20211129 360
m_2908920_se_16_030_20211130 1365
m_2909035_se_15_030_20211130 1365
m_3008820_ne_16_030_20211119 1400
m_3009057_sw_15_030_20211119 1365
150.10260725021362
