load envirionment

/hpc/group/borsuklab/csr33/object_detection/naip_tiles/m_3607647_nw_18_060_20201001.tif
/hpc/group/borsuklab/csr33/object_detection/naip_tiles/m_2809739_ne_14_060_20201029.tif
/hpc/group/borsuklab/csr33/object_detection/naip_tiles/m_3907436_ne_18_060_20190730_20191209.tif
/hpc/group/borsuklab/csr33/object_detection/naip_tiles/m_3009244_se_15_030_20211223.tif
/hpc/group/borsuklab/csr33/object_detection/naip_tiles/m_4506741_nw_19_060_20210815.tif
/hpc/group/borsuklab/csr33/object_detection/naip_tiles/m_3707764_ne_18_060_20210827.tif
/hpc/group/borsuklab/csr33/object_detection/naip_tiles/m_3807601_se_18_060_20210617.tif
/hpc/group/borsuklab/csr33/object_detection/naip_tiles/m_3907408_nw_18_060_20190809_20191209.tif
/hpc/group/borsuklab/csr33/object_detection/naip_tiles/m_3308031_se_17_060_20210501.tif
/hpc/group/borsuklab/csr33/object_detection/naip_tiles/m_3307945_nw_17_060_20210501.tif
/hpc/group/borsuklab/csr33/object_detection/naip_tiles/m_2908936_sw_16_030_20211202.tif
/hpc/group/borsuklab/csr33/object_detection/naip_tiles/m_3008920_sw_16_030_20211119.tif
/hpc/group/borsuklab/csr33/object_detection/naip_tiles/m_2809616_ne_14_060_20201029.tif
/hpc/group/borsuklab/csr33/object_detection/naip_tiles/m_3311756_ne_11_060_20200428.tif
m_3907408_nw_18_060_20190809_20191209 320
m_3307945_nw_17_060_20210501 340
m_4506741_nw_19_060_20210815 300
m_3907436_ne_18_060_20190730_20191209 320
m_3308031_se_17_060_20210501 340
m_3707764_ne_18_060_20210827 340
m_2809616_ne_14_060_20201029 360
m_3311756_ne_11_060_20200428 340
m_3607647_nw_18_060_20201001 340
m_3807601_se_18_060_20210617 320
m_2809739_ne_14_060_20201029 360
m_3009244_se_15_030_20211223 1326
m_2908936_sw_16_030_20211202 1365
m_3008920_sw_16_030_20211119 1476
133.15356040000916
