load envirionment

/hpc/group/borsuklab/csr33/object_detection/naip_tiles/m_2608010_ne_17_060_20191203_20200113.tif
/hpc/group/borsuklab/csr33/object_detection/naip_tiles/m_3607605_se_18_060_20210913.tif
/hpc/group/borsuklab/csr33/object_detection/naip_tiles/m_4506760_nw_19_060_20210723.tif
/hpc/group/borsuklab/csr33/object_detection/naip_tiles/m_2809604_sw_14_060_20201029.tif
/hpc/group/borsuklab/csr33/object_detection/naip_tiles/m_3009248_ne_15_030_20211114.tif
/hpc/group/borsuklab/csr33/object_detection/naip_tiles/m_2608214_ne_17_060_20211204.tif
/hpc/group/borsuklab/csr33/object_detection/naip_tiles/m_4506734_se_19_060_20210815.tif
/hpc/group/borsuklab/csr33/object_detection/naip_tiles/m_3507722_se_18_060_20200922.tif
/hpc/group/borsuklab/csr33/object_detection/naip_tiles/m_3008951_sw_16_030_20211115.tif
/hpc/group/borsuklab/csr33/object_detection/naip_tiles/m_3607549_ne_18_060_20200516.tif
/hpc/group/borsuklab/csr33/object_detection/naip_tiles/m_3008561_ne_16_060_20191118_20200114.tif
/hpc/group/borsuklab/csr33/object_detection/naip_tiles/m_3807744_nw_18_060_20210903.tif
/hpc/group/borsuklab/csr33/object_detection/naip_tiles/m_3907531_sw_18_060_20190726_20191209.tif
/hpc/group/borsuklab/csr33/object_detection/naip_tiles/m_4307003_sw_19_060_20211007.tif
m_3607605_se_18_060_20210913 340
m_3507722_se_18_060_20200922 357
m_2608214_ne_17_060_20211204 360
m_3807744_nw_18_060_20210903 340
m_4506734_se_19_060_20210815 300
m_4506760_nw_19_060_20210723 300
m_3907531_sw_18_060_20190726_20191209 320
m_4307003_sw_19_060_20211007 336
m_3607549_ne_18_060_20200516 340
m_3008561_ne_16_060_20191118_20200114 340
m_2809604_sw_14_060_20201029 360
m_2608010_ne_17_060_20191203_20200113 360
m_3009248_ne_15_030_20211114 1326
m_3008951_sw_16_030_20211115 1365
219.16349029541016
