load envirionment

/hpc/group/borsuklab/csr33/object_detection/naip_tiles/m_2809761_nw_14_060_20201116.tif
/hpc/group/borsuklab/csr33/object_detection/naip_tiles/m_4406824_se_19_060_20210815.tif
/hpc/group/borsuklab/csr33/object_detection/naip_tiles/m_3311635_sw_11_060_20200415.tif
/hpc/group/borsuklab/csr33/object_detection/naip_tiles/m_4007457_nw_18_060_20191014_20191203.tif
/hpc/group/borsuklab/csr33/object_detection/naip_tiles/m_2808009_ne_17_060_20211202.tif
/hpc/group/borsuklab/csr33/object_detection/naip_tiles/m_3108854_ne_16_030_20211123.tif
/hpc/group/borsuklab/csr33/object_detection/naip_tiles/m_3208159_ne_17_060_20191109_20200102.tif
/hpc/group/borsuklab/csr33/object_detection/naip_tiles/m_3008460_se_16_060_20191129_20200114.tif
/hpc/group/borsuklab/csr33/object_detection/naip_tiles/m_3009053_ne_15_060_20190831_20191001.tif
/hpc/group/borsuklab/csr33/object_detection/naip_tiles/m_3807616_se_18_060_20210618.tif
/hpc/group/borsuklab/csr33/object_detection/naip_tiles/m_3411849_nw_11_060_20200522.tif
/hpc/group/borsuklab/csr33/object_detection/naip_tiles/m_3311610_ne_11_060_20200615.tif
/hpc/group/borsuklab/csr33/object_detection/naip_tiles/m_2508013_nw_17_060_20191126_20200113.tif
/hpc/group/borsuklab/csr33/object_detection/naip_tiles/m_2808019_sw_17_060_20191130_20200113.tif
m_4406824_se_19_060_20210815 300
m_3311610_ne_11_060_20200615 340
m_3311635_sw_11_060_20200415 340
m_3807616_se_18_060_20210618 320
m_2809761_nw_14_060_20201116 360
m_2808009_ne_17_060_20211202 360
m_3009053_ne_15_060_20190831_20191001 360
m_3411849_nw_11_060_20200522 340
m_2508013_nw_17_060_20191126_20200113 360
m_2808019_sw_17_060_20191130_20200113 340
m_3008460_se_16_060_20191129_20200114 360
m_4007457_nw_18_060_20191014_20191203 320
m_3208159_ne_17_060_20191109_20200102 340
m_3108854_ne_16_030_20211123 1400
120.76411557197571
