load envirionment

/hpc/group/borsuklab/csr33/object_detection/naip_tiles/m_3009155_se_15_030_20211120.tif
/hpc/group/borsuklab/csr33/object_detection/naip_tiles/m_4007449_se_18_060_20191014_20191203.tif
/hpc/group/borsuklab/csr33/object_detection/naip_tiles/m_4307015_ne_19_060_20211007.tif
/hpc/group/borsuklab/csr33/object_detection/naip_tiles/m_3507727_ne_18_060_20200930.tif
/hpc/group/borsuklab/csr33/object_detection/naip_tiles/m_4307026_nw_19_060_20211007.tif
/hpc/group/borsuklab/csr33/object_detection/naip_tiles/m_4207305_ne_18_060_20211106.tif
/hpc/group/borsuklab/csr33/object_detection/naip_tiles/m_3009564_nw_15_060_20201118.tif
/hpc/group/borsuklab/csr33/object_detection/naip_tiles/m_3108103_nw_17_060_20191109_20200102.tif
/hpc/group/borsuklab/csr33/object_detection/naip_tiles/m_4207152_ne_19_060_20210826.tif
/hpc/group/borsuklab/csr33/object_detection/naip_tiles/m_3008431_nw_16_060_20191205_20200114.tif
/hpc/group/borsuklab/csr33/object_detection/naip_tiles/m_3907514_se_18_060_20190726_20191209.tif
/hpc/group/borsuklab/csr33/object_detection/naip_tiles/m_2708059_se_17_060_20191215_20200113.tif
/hpc/group/borsuklab/csr33/object_detection/naip_tiles/m_3607747_se_18_060_20200922.tif
/hpc/group/borsuklab/csr33/object_detection/naip_tiles/m_3211617_sw_11_060_20200425.tif
m_4207305_ne_18_060_20211106 320
m_3211617_sw_11_060_20200425 340
m_4307015_ne_19_060_20211007 300
m_3008431_nw_16_060_20191205_20200114 360
m_3907514_se_18_060_20190726_20191209 320
m_4207152_ne_19_060_20210826 320
m_3108103_nw_17_060_20191109_20200102 340
m_4007449_se_18_060_20191014_20191203 320
m_2708059_se_17_060_20191215_20200113 360
m_4307026_nw_19_060_20211007 320
m_3507727_ne_18_060_20200930 340
m_3607747_se_18_060_20200922 357
m_3009564_nw_15_060_20201118 360
m_3009155_se_15_030_20211120 1365
278.3319354057312
