load envirionment

/hpc/group/borsuklab/csr33/object_detection/naip_tiles/m_4107334_nw_18_060_20211105.tif
/hpc/group/borsuklab/csr33/object_detection/naip_tiles/m_2809513_ne_15_060_20201117.tif
/hpc/group/borsuklab/csr33/object_detection/naip_tiles/m_4506838_sw_19_060_20210929.tif
/hpc/group/borsuklab/csr33/object_detection/naip_tiles/m_2909125_nw_15_060_20190706_20191001.tif
/hpc/group/borsuklab/csr33/object_detection/naip_tiles/m_4406933_nw_19_060_20210827.tif
/hpc/group/borsuklab/csr33/object_detection/naip_tiles/m_3507603_ne_18_060_20201001.tif
/hpc/group/borsuklab/csr33/object_detection/naip_tiles/m_3009012_se_15_060_20190726_20191001.tif
/hpc/group/borsuklab/csr33/object_detection/naip_tiles/m_3009353_sw_15_060_20190901_20191001.tif
/hpc/group/borsuklab/csr33/object_detection/naip_tiles/m_4406935_sw_19_060_20210827.tif
/hpc/group/borsuklab/csr33/object_detection/naip_tiles/m_4007302_sw_18_060_20211105.tif
/hpc/group/borsuklab/csr33/object_detection/naip_tiles/m_3507624_se_18_060_20200516.tif
/hpc/group/borsuklab/csr33/object_detection/naip_tiles/m_4007562_se_18_060_20191019_20191203.tif
/hpc/group/borsuklab/csr33/object_detection/naip_tiles/m_3607724_ne_18_060_20210827.tif
/hpc/group/borsuklab/csr33/object_detection/naip_tiles/m_2508028_nw_17_060_20211203.tif
m_3507603_ne_18_060_20201001 340
m_4506838_sw_19_060_20210929 300
m_3009012_se_15_060_20190726_20191001 378
m_2809513_ne_15_060_20201117 360
m_2909125_nw_15_060_20190706_20191001 360
m_4007302_sw_18_060_20211105 320
m_4406933_nw_19_060_20210827 300
m_3507624_se_18_060_20200516 340
m_2508028_nw_17_060_20211203 380
m_3009353_sw_15_060_20190901_20191001 360
m_4107334_nw_18_060_20211105 320
m_4406935_sw_19_060_20210827 300
m_4007562_se_18_060_20191019_20191203 320
m_3607724_ne_18_060_20210827 340
79.48707509040833
