load envirionment

/hpc/group/borsuklab/csr33/object_detection/naip_tiles/m_3507518_ne_18_060_20200516.tif
/hpc/group/borsuklab/csr33/object_detection/naip_tiles/m_4207309_se_18_060_20210920.tif
/hpc/group/borsuklab/csr33/object_detection/naip_tiles/m_3307935_nw_17_060_20210501.tif
/hpc/group/borsuklab/csr33/object_detection/naip_tiles/m_2708218_ne_17_060_20211201.tif
/hpc/group/borsuklab/csr33/object_detection/naip_tiles/m_3407839_se_17_060_20200904.tif
/hpc/group/borsuklab/csr33/object_detection/naip_tiles/m_2608145_sw_17_060_20191128_20200113.tif
/hpc/group/borsuklab/csr33/object_detection/naip_tiles/m_3311633_nw_11_060_20200415.tif
/hpc/group/borsuklab/csr33/object_detection/naip_tiles/m_3411934_nw_11_060_20200521.tif
/hpc/group/borsuklab/csr33/object_detection/naip_tiles/m_3009104_se_15_030_20211114.tif
/hpc/group/borsuklab/csr33/object_detection/naip_tiles/m_2708151_se_17_060_20191129_20200113.tif
/hpc/group/borsuklab/csr33/object_detection/naip_tiles/m_3907458_nw_18_060_20190830_20191209.tif
/hpc/group/borsuklab/csr33/object_detection/naip_tiles/m_3507722_sw_18_060_20200922.tif
/hpc/group/borsuklab/csr33/object_detection/naip_tiles/m_2909542_sw_15_060_20201031.tif
/hpc/group/borsuklab/csr33/object_detection/naip_tiles/m_2708142_ne_17_060_20191129_20200113.tif
m_2708151_se_17_060_20191129_20200113 360
m_3311633_nw_11_060_20200415 340
m_3507518_ne_18_060_20200516 340
m_4207309_se_18_060_20210920 320
m_3411934_nw_11_060_20200521 340
m_2608145_sw_17_060_20191128_20200113 360
m_2708218_ne_17_060_20211201 360
m_2909542_sw_15_060_20201031 360
m_3507722_sw_18_060_20200922 357
m_3407839_se_17_060_20200904 357
m_2708142_ne_17_060_20191129_20200113 360
m_3307935_nw_17_060_20210501 340
m_3907458_nw_18_060_20190830_20191209 320
m_3009104_se_15_030_20211114 1326
130.5296881198883
