load envirionment

/hpc/group/borsuklab/csr33/object_detection/naip_tiles/m_3607647_sw_18_060_20201001.tif
/hpc/group/borsuklab/csr33/object_detection/naip_tiles/m_3008827_nw_16_030_20211119.tif
/hpc/group/borsuklab/csr33/object_detection/naip_tiles/m_3707707_sw_18_060_20210912.tif
/hpc/group/borsuklab/csr33/object_detection/naip_tiles/m_3009359_se_15_060_20190726_20191001.tif
/hpc/group/borsuklab/csr33/object_detection/naip_tiles/m_4406946_se_19_060_20211006.tif
/hpc/group/borsuklab/csr33/object_detection/naip_tiles/m_3407819_se_17_060_20200903.tif
/hpc/group/borsuklab/csr33/object_detection/naip_tiles/m_3308058_nw_17_060_20210421.tif
/hpc/group/borsuklab/csr33/object_detection/naip_tiles/m_2909036_se_15_030_20211130.tif
/hpc/group/borsuklab/csr33/object_detection/naip_tiles/m_2909522_se_15_060_20201130.tif
/hpc/group/borsuklab/csr33/object_detection/naip_tiles/m_4306905_nw_19_060_20211006.tif
/hpc/group/borsuklab/csr33/object_detection/naip_tiles/m_4107352_sw_18_060_20211106.tif
/hpc/group/borsuklab/csr33/object_detection/naip_tiles/m_4007461_sw_18_060_20190730_20191209.tif
/hpc/group/borsuklab/csr33/object_detection/naip_tiles/m_4506759_se_19_060_20210723.tif
/hpc/group/borsuklab/csr33/object_detection/naip_tiles/m_2909510_nw_15_060_20201030.tif
m_4406946_se_19_060_20211006 300
m_4306905_nw_19_060_20211006 300
m_3009359_se_15_060_20190726_20191001 360
m_2909510_nw_15_060_20201030 360
m_4107352_sw_18_060_20211106 320
m_3607647_sw_18_060_20201001 340
m_4506759_se_19_060_20210723 300
m_2909522_se_15_060_20201130 360
m_4007461_sw_18_060_20190730_20191209 320
m_3308058_nw_17_060_20210421 340
m_3407819_se_17_060_20200903 357
m_3707707_sw_18_060_20210912 357
m_2909036_se_15_030_20211130 1365
m_3008827_nw_16_030_20211119 1440
148.42556810379028
