load envirionment

/hpc/group/borsuklab/csr33/object_detection/naip_tiles/m_3009312_sw_15_060_20201031.tif
/hpc/group/borsuklab/csr33/object_detection/naip_tiles/m_3008719_se_16_030_20211119.tif
/hpc/group/borsuklab/csr33/object_detection/naip_tiles/m_3108822_sw_16_030_20211123.tif
/hpc/group/borsuklab/csr33/object_detection/naip_tiles/m_3311658_ne_11_060_20200415.tif
/hpc/group/borsuklab/csr33/object_detection/naip_tiles/m_2908140_sw_17_060_20211130.tif
/hpc/group/borsuklab/csr33/object_detection/naip_tiles/m_3009324_se_15_060_20190904_20191001.tif
/hpc/group/borsuklab/csr33/object_detection/naip_tiles/m_4307148_nw_19_060_20211024.tif
/hpc/group/borsuklab/csr33/object_detection/naip_tiles/m_2808263_ne_17_060_20211130.tif
/hpc/group/borsuklab/csr33/object_detection/naip_tiles/m_4107010_sw_19_060_20210904.tif
/hpc/group/borsuklab/csr33/object_detection/naip_tiles/m_3907407_ne_18_060_20190809_20191209.tif
/hpc/group/borsuklab/csr33/object_detection/naip_tiles/m_3008529_se_16_060_20191118_20200114.tif
/hpc/group/borsuklab/csr33/object_detection/naip_tiles/m_2808059_sw_17_060_20191215_20200113.tif
/hpc/group/borsuklab/csr33/object_detection/naip_tiles/m_3807504_se_18_060_20210624.tif
/hpc/group/borsuklab/csr33/object_detection/naip_tiles/m_3008333_sw_17_060_20191117_20200114.tif
m_3907407_ne_18_060_20190809_20191209 320
m_3807504_se_18_060_20210624 320
m_3008529_se_16_060_20191118_20200114 340
m_4307148_nw_19_060_20211024 320
m_3008333_sw_17_060_20191117_20200114 360
m_2908140_sw_17_060_20211130 360
m_3009312_sw_15_060_20201031 340
m_3311658_ne_11_060_20200415 340
m_4107010_sw_19_060_20210904 336
m_3009324_se_15_060_20190904_20191001 360
m_2808059_sw_17_060_20191215_20200113 360
m_2808263_ne_17_060_20211130 360
m_3108822_sw_16_030_20211123 1400
m_3008719_se_16_030_20211119 1400
134.2884430885315
