load envirionment

/hpc/group/borsuklab/csr33/object_detection/naip_tiles/m_4107037_sw_19_060_20210904.tif
/hpc/group/borsuklab/csr33/object_detection/naip_tiles/m_3211716_nw_11_060_20200428.tif
/hpc/group/borsuklab/csr33/object_detection/naip_tiles/m_2608014_ne_17_060_20211207.tif
/hpc/group/borsuklab/csr33/object_detection/naip_tiles/m_2508013_se_17_060_20191126_20200113.tif
/hpc/group/borsuklab/csr33/object_detection/naip_tiles/m_4506863_se_19_060_20210911.tif
/hpc/group/borsuklab/csr33/object_detection/naip_tiles/m_4406609_sw_19_060_20210711.tif
/hpc/group/borsuklab/csr33/object_detection/naip_tiles/m_4406938_se_19_060_20211006.tif
/hpc/group/borsuklab/csr33/object_detection/naip_tiles/m_4307042_sw_19_060_20211007.tif
/hpc/group/borsuklab/csr33/object_detection/naip_tiles/m_3607755_sw_18_060_20200922.tif
/hpc/group/borsuklab/csr33/object_detection/naip_tiles/m_2908962_se_16_030_20211130.tif
/hpc/group/borsuklab/csr33/object_detection/naip_tiles/m_3208164_nw_17_060_20210507.tif
/hpc/group/borsuklab/csr33/object_detection/naip_tiles/m_4107445_se_18_060_20211106.tif
/hpc/group/borsuklab/csr33/object_detection/naip_tiles/m_3008103_nw_17_060_20191110_20200108.tif
/hpc/group/borsuklab/csr33/object_detection/naip_tiles/m_4406907_se_19_060_20211006.tif
m_4107037_sw_19_060_20210904 336
m_4506863_se_19_060_20210911 300
m_4406907_se_19_060_20211006 300
m_4406938_se_19_060_20211006 300
m_3211716_nw_11_060_20200428 340
m_4307042_sw_19_060_20211007 336
m_3008103_nw_17_060_20191110_20200108 340
m_2508013_se_17_060_20191126_20200113 360
m_3607755_sw_18_060_20200922 357
m_4406609_sw_19_060_20210711 315
m_2608014_ne_17_060_20211207 360
m_3208164_nw_17_060_20210507 340
m_4107445_se_18_060_20211106 320
m_2908962_se_16_030_20211130 1365
123.6527624130249
