load envirionment

/hpc/group/borsuklab/csr33/object_detection/naip_tiles/m_3311709_sw_11_060_20200505.tif
/hpc/group/borsuklab/csr33/object_detection/naip_tiles/m_3707619_sw_18_060_20210912.tif
/hpc/group/borsuklab/csr33/object_detection/naip_tiles/m_4306918_nw_19_060_20211006.tif
/hpc/group/borsuklab/csr33/object_detection/naip_tiles/m_2909508_sw_15_060_20201118.tif
/hpc/group/borsuklab/csr33/object_detection/naip_tiles/m_4207350_sw_18_060_20210920.tif
/hpc/group/borsuklab/csr33/object_detection/naip_tiles/m_3707703_nw_18_060_20210623.tif
/hpc/group/borsuklab/csr33/object_detection/naip_tiles/m_3008563_sw_16_060_20191118_20200114.tif
/hpc/group/borsuklab/csr33/object_detection/naip_tiles/m_3807627_se_18_060_20210617.tif
/hpc/group/borsuklab/csr33/object_detection/naip_tiles/m_2908139_nw_17_060_20211130.tif
/hpc/group/borsuklab/csr33/object_detection/naip_tiles/m_3607646_ne_18_060_20201001.tif
/hpc/group/borsuklab/csr33/object_detection/naip_tiles/m_3208003_ne_17_060_20210426.tif
/hpc/group/borsuklab/csr33/object_detection/naip_tiles/m_3108751_se_16_030_20211115.tif
/hpc/group/borsuklab/csr33/object_detection/naip_tiles/m_3208057_sw_17_060_20210507.tif
/hpc/group/borsuklab/csr33/object_detection/naip_tiles/m_3807721_nw_18_060_20210903.tif
m_3208003_ne_17_060_20210426 340
m_3707619_sw_18_060_20210912 357
m_3707703_nw_18_060_20210623 340
m_2908139_nw_17_060_20211130 360
m_4306918_nw_19_060_20211006 300
m_4207350_sw_18_060_20210920 320
m_3807721_nw_18_060_20210903 340
m_3807627_se_18_060_20210617 320
m_3607646_ne_18_060_20201001 340
m_3208057_sw_17_060_20210507 340
m_2909508_sw_15_060_20201118 360
m_3311709_sw_11_060_20200505 340
m_3008563_sw_16_060_20191118_20200114 360
m_3108751_se_16_030_20211115 1400
112.96572399139404
