load envirionment

/hpc/group/borsuklab/csr33/object_detection/naip_tiles/m_4506735_sw_19_060_20210815.tif
/hpc/group/borsuklab/csr33/object_detection/naip_tiles/m_3211723_ne_11_060_20200520.tif
/hpc/group/borsuklab/csr33/object_detection/naip_tiles/m_2708240_se_17_060_20211202.tif
/hpc/group/borsuklab/csr33/object_detection/naip_tiles/m_2708136_nw_17_060_20191129_20200113.tif
/hpc/group/borsuklab/csr33/object_detection/naip_tiles/m_4406908_nw_19_060_20211006.tif
/hpc/group/borsuklab/csr33/object_detection/naip_tiles/m_3008101_se_17_060_20191110_20200108.tif
/hpc/group/borsuklab/csr33/object_detection/naip_tiles/m_3307909_se_17_060_20210508.tif
/hpc/group/borsuklab/csr33/object_detection/naip_tiles/m_2808264_sw_17_060_20211202.tif
/hpc/group/borsuklab/csr33/object_detection/naip_tiles/m_2909201_nw_15_060_20190706_20191001.tif
/hpc/group/borsuklab/csr33/object_detection/naip_tiles/m_2708240_sw_17_060_20211202.tif
/hpc/group/borsuklab/csr33/object_detection/naip_tiles/m_3008520_nw_16_060_20191118_20200114.tif
/hpc/group/borsuklab/csr33/object_detection/naip_tiles/m_2809510_sw_15_060_20201029.tif
/hpc/group/borsuklab/csr33/object_detection/naip_tiles/m_3108709_sw_16_030_20211115.tif
/hpc/group/borsuklab/csr33/object_detection/naip_tiles/m_3208147_se_17_060_20210507.tif
m_2808264_sw_17_060_20211202 360
m_4506735_sw_19_060_20210815 300
m_2909201_nw_15_060_20190706_20191001 360
m_4406908_nw_19_060_20211006 300
m_3008101_se_17_060_20191110_20200108 340
m_3008520_nw_16_060_20191118_20200114 340
m_3208147_se_17_060_20210507 340
m_3211723_ne_11_060_20200520 340
m_3307909_se_17_060_20210508 340
m_2809510_sw_15_060_20201029 360
m_2708136_nw_17_060_20191129_20200113 360
m_2708240_sw_17_060_20211202 360
m_2708240_se_17_060_20211202 360
m_3108709_sw_16_030_20211115 1400
164.6552712917328
