load envirionment

/hpc/group/borsuklab/csr33/object_detection/naip_tiles/m_2909521_ne_15_060_20201118.tif
/hpc/group/borsuklab/csr33/object_detection/naip_tiles/m_2909553_ne_15_060_20201117.tif
/hpc/group/borsuklab/csr33/object_detection/naip_tiles/m_4506760_sw_19_060_20210723.tif
/hpc/group/borsuklab/csr33/object_detection/naip_tiles/m_2608060_se_17_060_20191203_20200114.tif
/hpc/group/borsuklab/csr33/object_detection/naip_tiles/m_2909208_nw_15_060_20190706_20191001.tif
/hpc/group/borsuklab/csr33/object_detection/naip_tiles/m_2708018_sw_17_060_20191129_20200113.tif
/hpc/group/borsuklab/csr33/object_detection/naip_tiles/m_4207333_ne_18_060_20210920.tif
/hpc/group/borsuklab/csr33/object_detection/naip_tiles/m_4107116_nw_19_060_20210826.tif
/hpc/group/borsuklab/csr33/object_detection/naip_tiles/m_4107112_nw_19_060_20210926.tif
/hpc/group/borsuklab/csr33/object_detection/naip_tiles/m_3407864_nw_17_060_20200904.tif
/hpc/group/borsuklab/csr33/object_detection/naip_tiles/m_3008957_se_16_030_20211116.tif
/hpc/group/borsuklab/csr33/object_detection/naip_tiles/m_3707630_nw_18_060_20210926.tif
/hpc/group/borsuklab/csr33/object_detection/naip_tiles/m_3807642_sw_18_060_20210617.tif
/hpc/group/borsuklab/csr33/object_detection/naip_tiles/m_2908945_nw_16_030_20211202.tif
m_3707630_nw_18_060_20210926 340
m_2909208_nw_15_060_20190706_20191001 360
m_4506760_sw_19_060_20210723 315
m_3407864_nw_17_060_20200904 360
m_4107112_nw_19_060_20210926 320
m_2909553_ne_15_060_20201117 360
m_2909521_ne_15_060_20201118 360
m_3807642_sw_18_060_20210617 320
m_2708018_sw_17_060_20191129_20200113 360
m_4207333_ne_18_060_20210920 320
m_4107116_nw_19_060_20210826 320
m_2608060_se_17_060_20191203_20200114 360
m_3008957_se_16_030_20211116 1365
m_2908945_nw_16_030_20211202 1365
140.33973479270935
