load envirionment

/hpc/group/borsuklab/csr33/object_detection/naip_tiles/m_3208152_ne_17_060_20191109_20200102.tif
/hpc/group/borsuklab/csr33/object_detection/naip_tiles/m_3607747_nw_18_060_20200922.tif
/hpc/group/borsuklab/csr33/object_detection/naip_tiles/m_2909554_se_15_060_20201029.tif
/hpc/group/borsuklab/csr33/object_detection/naip_tiles/m_2909308_ne_15_060_20190706_20191001.tif
/hpc/group/borsuklab/csr33/object_detection/naip_tiles/m_3607657_se_18_060_20200922.tif
/hpc/group/borsuklab/csr33/object_detection/naip_tiles/m_3607605_nw_18_060_20210926.tif
/hpc/group/borsuklab/csr33/object_detection/naip_tiles/m_4107431_nw_18_060_20211105.tif
/hpc/group/borsuklab/csr33/object_detection/naip_tiles/m_3807603_se_18_060_20210617.tif
/hpc/group/borsuklab/csr33/object_detection/naip_tiles/m_2608023_se_17_060_20191120_20200114.tif
/hpc/group/borsuklab/csr33/object_detection/naip_tiles/m_3008461_nw_16_060_20191129_20200114.tif
/hpc/group/borsuklab/csr33/object_detection/naip_tiles/m_3108134_nw_17_060_20191110_20200102.tif
/hpc/group/borsuklab/csr33/object_detection/naip_tiles/m_4007455_nw_18_060_20190809_20191209.tif
/hpc/group/borsuklab/csr33/object_detection/naip_tiles/m_3311629_ne_11_060_20200415.tif
/hpc/group/borsuklab/csr33/object_detection/naip_tiles/m_3307957_se_17_060_20210426.tif
m_4007455_nw_18_060_20190809_20191209 320
m_3607747_nw_18_060_20200922 340
m_3607605_nw_18_060_20210926 340
m_3008461_nw_16_060_20191129_20200114 360
m_3307957_se_17_060_20210426 340
m_2909554_se_15_060_20201029 360
m_3807603_se_18_060_20210617 320
m_2608023_se_17_060_20191120_20200114 360
m_2909308_ne_15_060_20190706_20191001 360
m_3607657_se_18_060_20200922 357
m_4107431_nw_18_060_20211105 320
m_3108134_nw_17_060_20191110_20200102 340
m_3208152_ne_17_060_20191109_20200102 340
m_3311629_ne_11_060_20200415 340
84.66119694709778
