load envirionment

/hpc/group/borsuklab/csr33/object_detection/naip_tiles/m_2908242_se_17_060_20211129.tif
/hpc/group/borsuklab/csr33/object_detection/naip_tiles/m_3807401_nw_18_060_20190730_20191209.tif
/hpc/group/borsuklab/csr33/object_detection/naip_tiles/m_3008724_nw_16_060_20191103_20200114.tif
/hpc/group/borsuklab/csr33/object_detection/naip_tiles/m_3807649_nw_18_060_20210910.tif
/hpc/group/borsuklab/csr33/object_detection/naip_tiles/m_4207305_sw_18_060_20211107.tif
/hpc/group/borsuklab/csr33/object_detection/naip_tiles/m_4007555_ne_18_060_20191015_20191203.tif
/hpc/group/borsuklab/csr33/object_detection/naip_tiles/m_3307817_sw_17_060_20210501.tif
/hpc/group/borsuklab/csr33/object_detection/naip_tiles/m_4307156_nw_19_060_20211024.tif
/hpc/group/borsuklab/csr33/object_detection/naip_tiles/m_3008451_se_16_060_20191128_20200114.tif
/hpc/group/borsuklab/csr33/object_detection/naip_tiles/m_2808240_sw_17_060_20211202.tif
/hpc/group/borsuklab/csr33/object_detection/naip_tiles/m_4007446_sw_18_060_20190730_20191209.tif
/hpc/group/borsuklab/csr33/object_detection/naip_tiles/m_3507607_se_18_060_20201001.tif
/hpc/group/borsuklab/csr33/object_detection/naip_tiles/m_3707541_se_18_060_20210913.tif
/hpc/group/borsuklab/csr33/object_detection/naip_tiles/m_3009333_nw_15_060_20201102.tif
m_4007555_ne_18_060_20191015_20191203 320
m_3307817_sw_17_060_20210501 340
m_3707541_se_18_060_20210913 340
m_3807401_nw_18_060_20190730_20191209 320
m_4007446_sw_18_060_20190730_20191209 320
m_4207305_sw_18_060_20211107 336
m_2908242_se_17_060_20211129 360
m_4307156_nw_19_060_20211024 320
m_3507607_se_18_060_20201001 340
m_3807649_nw_18_060_20210910 340
m_3008724_nw_16_060_20191103_20200114 340
m_3008451_se_16_060_20191128_20200114 360
m_3009333_nw_15_060_20201102 340
m_2808240_sw_17_060_20211202 360
134.52654147148132
