load envirionment

/hpc/group/borsuklab/csr33/object_detection/naip_tiles/m_3907545_ne_18_060_20190726_20191209.tif
/hpc/group/borsuklab/csr33/object_detection/naip_tiles/m_3008342_nw_17_060_20191113_20200114.tif
/hpc/group/borsuklab/csr33/object_detection/naip_tiles/m_4606837_sw_19_060_20210817.tif
/hpc/group/borsuklab/csr33/object_detection/naip_tiles/m_4107405_ne_18_060_20211106.tif
/hpc/group/borsuklab/csr33/object_detection/naip_tiles/m_4506753_sw_19_060_20210723.tif
/hpc/group/borsuklab/csr33/object_detection/naip_tiles/m_3807503_se_18_060_20210623.tif
/hpc/group/borsuklab/csr33/object_detection/naip_tiles/m_3009234_se_15_030_20211221.tif
/hpc/group/borsuklab/csr33/object_detection/naip_tiles/m_2909660_se_14_060_20201029.tif
/hpc/group/borsuklab/csr33/object_detection/naip_tiles/m_3407750_ne_18_060_20200904.tif
/hpc/group/borsuklab/csr33/object_detection/naip_tiles/m_3907560_nw_18_060_20211019.tif
/hpc/group/borsuklab/csr33/object_detection/naip_tiles/m_3008912_nw_16_030_20211112.tif
/hpc/group/borsuklab/csr33/object_detection/naip_tiles/m_2909507_nw_15_060_20201130.tif
/hpc/group/borsuklab/csr33/object_detection/naip_tiles/m_2909522_nw_15_060_20201130.tif
/hpc/group/borsuklab/csr33/object_detection/naip_tiles/m_4107431_se_18_060_20211105.tif
m_3907545_ne_18_060_20190726_20191209 320
m_3407750_ne_18_060_20200904 340
m_4107405_ne_18_060_20211106 320
m_2909660_se_14_060_20201029 360
m_3008342_nw_17_060_20191113_20200114 360
m_4606837_sw_19_060_20210817 300
m_4506753_sw_19_060_20210723 315
m_4107431_se_18_060_20211105 320
m_2909522_nw_15_060_20201130 360
m_3807503_se_18_060_20210623 320
m_3907560_nw_18_060_20211019 320
m_2909507_nw_15_060_20201130 360
m_3009234_se_15_030_20211221 1326
m_3008912_nw_16_030_20211112 1440
126.90141415596008
