load envirionment

/hpc/group/borsuklab/csr33/object_detection/naip_tiles/m_2909106_se_15_060_20190707_20191001.tif
/hpc/group/borsuklab/csr33/object_detection/naip_tiles/m_4107237_se_18_060_20210926.tif
/hpc/group/borsuklab/csr33/object_detection/naip_tiles/m_3008932_se_16_030_20211119.tif
/hpc/group/borsuklab/csr33/object_detection/naip_tiles/m_2808221_se_17_060_20211130.tif
/hpc/group/borsuklab/csr33/object_detection/naip_tiles/m_4207358_ne_18_060_20211105.tif
/hpc/group/borsuklab/csr33/object_detection/naip_tiles/m_2909146_se_15_060_20190830_20191001.tif
/hpc/group/borsuklab/csr33/object_detection/naip_tiles/m_3009037_ne_15_030_20211115.tif
/hpc/group/borsuklab/csr33/object_detection/naip_tiles/m_3308039_ne_17_060_20210501.tif
/hpc/group/borsuklab/csr33/object_detection/naip_tiles/m_4007419_sw_18_060_20190917_20191209.tif
/hpc/group/borsuklab/csr33/object_detection/naip_tiles/m_3307810_se_17_060_20210508.tif
/hpc/group/borsuklab/csr33/object_detection/naip_tiles/m_4207305_se_18_060_20211107.tif
/hpc/group/borsuklab/csr33/object_detection/naip_tiles/m_4506733_se_19_060_20210815.tif
/hpc/group/borsuklab/csr33/object_detection/naip_tiles/m_4506858_ne_19_060_20210816.tif
/hpc/group/borsuklab/csr33/object_detection/naip_tiles/m_2508155_ne_17_060_20211203.tif
m_4506733_se_19_060_20210815 300
m_4007419_sw_18_060_20190917_20191209 300
m_4506858_ne_19_060_20210816 300
m_3308039_ne_17_060_20210501 340
m_4207358_ne_18_060_20211105 320
m_3307810_se_17_060_20210508 340
m_4207305_se_18_060_20211107 336
m_4107237_se_18_060_20210926 336
m_2909146_se_15_060_20190830_20191001 360
m_2909106_se_15_060_20190707_20191001 360
m_2808221_se_17_060_20211130 360
m_2508155_ne_17_060_20211203 360
m_3009037_ne_15_030_20211115 1365
m_3008932_se_16_030_20211119 1435
242.66626739501953
