load envirionment

/hpc/group/borsuklab/csr33/object_detection/naip_tiles/m_3208034_ne_17_060_20210507.tif
/hpc/group/borsuklab/csr33/object_detection/naip_tiles/m_3311712_sw_11_060_20200423.tif
/hpc/group/borsuklab/csr33/object_detection/naip_tiles/m_3008938_nw_16_030_20211114.tif
/hpc/group/borsuklab/csr33/object_detection/naip_tiles/m_3008912_sw_16_030_20211112.tif
/hpc/group/borsuklab/csr33/object_detection/naip_tiles/m_3907418_nw_18_060_20190830_20191209.tif
/hpc/group/borsuklab/csr33/object_detection/naip_tiles/m_3311719_nw_11_060_20200424.tif
/hpc/group/borsuklab/csr33/object_detection/naip_tiles/m_3707652_nw_18_060_20210926.tif
/hpc/group/borsuklab/csr33/object_detection/naip_tiles/m_4107211_ne_18_060_20211019.tif
/hpc/group/borsuklab/csr33/object_detection/naip_tiles/m_4106901_nw_19_060_20210826.tif
/hpc/group/borsuklab/csr33/object_detection/naip_tiles/m_3807642_ne_18_060_20210617.tif
/hpc/group/borsuklab/csr33/object_detection/naip_tiles/m_3108128_nw_17_060_20191110_20200102.tif
/hpc/group/borsuklab/csr33/object_detection/naip_tiles/m_2808254_nw_17_060_20211130.tif
/hpc/group/borsuklab/csr33/object_detection/naip_tiles/m_2908242_sw_17_060_20211129.tif
/hpc/group/borsuklab/csr33/object_detection/naip_tiles/m_2809511_se_15_060_20201117.tif
m_4106901_nw_19_060_20210826 320
m_3707652_nw_18_060_20210926 340
m_3311719_nw_11_060_20200424 340
m_3311712_sw_11_060_20200423 340
m_2908242_sw_17_060_20211129 360
m_3208034_ne_17_060_20210507 340
m_3108128_nw_17_060_20191110_20200102 340
m_3807642_ne_18_060_20210617 320
m_3907418_nw_18_060_20190830_20191209 320
m_4107211_ne_18_060_20211019 320
m_2809511_se_15_060_20201117 360
m_2808254_nw_17_060_20211130 360
m_3008938_nw_16_030_20211114 1440
m_3008912_sw_16_030_20211112 1476
173.16367530822754
