load envirionment

/hpc/group/borsuklab/csr33/object_detection/naip_tiles/m_2809613_sw_14_060_20200501.tif
/hpc/group/borsuklab/csr33/object_detection/naip_tiles/m_3009131_ne_15_030_20211114.tif
/hpc/group/borsuklab/csr33/object_detection/naip_tiles/m_4107421_ne_18_060_20211106.tif
/hpc/group/borsuklab/csr33/object_detection/naip_tiles/m_4107445_sw_18_060_20211106.tif
/hpc/group/borsuklab/csr33/object_detection/naip_tiles/m_2609701_sw_14_060_20200503.tif
/hpc/group/borsuklab/csr33/object_detection/naip_tiles/m_3008208_nw_17_060_20191110_20200108.tif
/hpc/group/borsuklab/csr33/object_detection/naip_tiles/m_4207131_nw_19_060_20211024.tif
/hpc/group/borsuklab/csr33/object_detection/naip_tiles/m_4406827_sw_19_060_20210723.tif
/hpc/group/borsuklab/csr33/object_detection/naip_tiles/m_3108838_nw_16_030_20211123.tif
/hpc/group/borsuklab/csr33/object_detection/naip_tiles/m_3008541_nw_16_060_20191109_20200114.tif
/hpc/group/borsuklab/csr33/object_detection/naip_tiles/m_3009218_se_15_030_20211221.tif
/hpc/group/borsuklab/csr33/object_detection/naip_tiles/m_3407724_nw_18_060_20201031.tif
/hpc/group/borsuklab/csr33/object_detection/naip_tiles/m_4406951_nw_19_060_20210827.tif
/hpc/group/borsuklab/csr33/object_detection/naip_tiles/m_2909020_sw_15_030_20211130.tif
m_4406827_sw_19_060_20210723 300
m_4406951_nw_19_060_20210827 300
m_4107445_sw_18_060_20211106 320
m_3407724_nw_18_060_20201031 340
m_2609701_sw_14_060_20200503 360
m_3008208_nw_17_060_20191110_20200108 340
m_4207131_nw_19_060_20211024 320
m_4107421_ne_18_060_20211106 320
m_2809613_sw_14_060_20200501 360
m_3008541_nw_16_060_20191109_20200114 340
m_2909020_sw_15_030_20211130 1365
m_3009218_se_15_030_20211221 1326
m_3009131_ne_15_030_20211114 1326
m_3108838_nw_16_030_20211123 1400
141.59375023841858
