load envirionment

/hpc/group/borsuklab/csr33/object_detection/naip_tiles/m_2708220_se_17_060_20211130.tif
/hpc/group/borsuklab/csr33/object_detection/naip_tiles/m_2909202_se_15_060_20190706_20191001.tif
/hpc/group/borsuklab/csr33/object_detection/naip_tiles/m_4207144_ne_19_060_20210826.tif
/hpc/group/borsuklab/csr33/object_detection/naip_tiles/m_4107261_ne_18_060_20210904.tif
/hpc/group/borsuklab/csr33/object_detection/naip_tiles/m_3008840_nw_16_030_20211113.tif
/hpc/group/borsuklab/csr33/object_detection/naip_tiles/m_2909008_se_15_030_20211129.tif
/hpc/group/borsuklab/csr33/object_detection/naip_tiles/m_3907516_ne_18_060_20190726_20191209.tif
/hpc/group/borsuklab/csr33/object_detection/naip_tiles/m_4107420_ne_18_060_20211106.tif
/hpc/group/borsuklab/csr33/object_detection/naip_tiles/m_3607636_nw_18_060_20200922.tif
/hpc/group/borsuklab/csr33/object_detection/naip_tiles/m_3308047_ne_17_060_20210501.tif
/hpc/group/borsuklab/csr33/object_detection/naip_tiles/m_4107353_sw_18_060_20211106.tif
/hpc/group/borsuklab/csr33/object_detection/naip_tiles/m_4207026_ne_19_060_20210904.tif
/hpc/group/borsuklab/csr33/object_detection/naip_tiles/m_3907514_nw_18_060_20191019_20191203.tif
/hpc/group/borsuklab/csr33/object_detection/naip_tiles/m_3008452_se_16_060_20191129_20200114.tif
m_3907514_nw_18_060_20191019_20191203 320
m_2909202_se_15_060_20190706_20191001 360
m_4107261_ne_18_060_20210904 320
m_3008452_se_16_060_20191129_20200114 360
m_4207144_ne_19_060_20210826 320
m_4107353_sw_18_060_20211106 336
m_4107420_ne_18_060_20211106 320
m_3907516_ne_18_060_20190726_20191209 300
m_3308047_ne_17_060_20210501 340
m_4207026_ne_19_060_20210904 320
m_3607636_nw_18_060_20200922 340
m_2708220_se_17_060_20211130 360
m_2909008_se_15_030_20211129 1365
m_3008840_nw_16_030_20211113 1400
150.69043898582458
