load envirionment

/hpc/group/borsuklab/csr33/object_detection/naip_tiles/m_3008918_sw_16_030_20211116.tif
/hpc/group/borsuklab/csr33/object_detection/naip_tiles/m_3009239_se_15_030_20211212.tif
/hpc/group/borsuklab/csr33/object_detection/naip_tiles/m_3507544_se_18_060_20201018.tif
/hpc/group/borsuklab/csr33/object_detection/naip_tiles/m_4506962_se_19_060_20210816.tif
/hpc/group/borsuklab/csr33/object_detection/naip_tiles/m_2709735_se_14_060_20200501.tif
/hpc/group/borsuklab/csr33/object_detection/naip_tiles/m_3008454_nw_16_060_20191129_20200114.tif
/hpc/group/borsuklab/csr33/object_detection/naip_tiles/m_4107237_sw_18_060_20210904.tif
/hpc/group/borsuklab/csr33/object_detection/naip_tiles/m_3009036_sw_15_030_20211120.tif
/hpc/group/borsuklab/csr33/object_detection/naip_tiles/m_3807505_ne_18_060_20211019.tif
/hpc/group/borsuklab/csr33/object_detection/naip_tiles/m_2909232_ne_15_060_20190706_20191001.tif
/hpc/group/borsuklab/csr33/object_detection/naip_tiles/m_2709720_ne_14_060_20200430.tif
/hpc/group/borsuklab/csr33/object_detection/naip_tiles/m_4406923_se_19_060_20211006.tif
/hpc/group/borsuklab/csr33/object_detection/naip_tiles/m_3008702_nw_16_030_20211115.tif
/hpc/group/borsuklab/csr33/object_detection/naip_tiles/m_3311630_nw_11_060_20200415.tif
m_3008454_nw_16_060_20191129_20200114 360
m_4506962_se_19_060_20210816 300
m_2709720_ne_14_060_20200430 360
m_4406923_se_19_060_20211006 300
m_2909232_ne_15_060_20190706_20191001 360
m_3507544_se_18_060_20201018 340
m_3311630_nw_11_060_20200415 340
m_4107237_sw_18_060_20210904 336
m_2709735_se_14_060_20200501 360
m_3807505_ne_18_060_20211019 320
m_3009036_sw_15_030_20211120 1365
m_3008918_sw_16_030_20211116 1365
m_3009239_se_15_030_20211212 1326
m_3008702_nw_16_030_20211115 1400
130.7341661453247
