load envirionment

/hpc/group/borsuklab/csr33/object_detection/naip_tiles/m_3008622_ne_16_060_20191109_20200114.tif
/hpc/group/borsuklab/csr33/object_detection/naip_tiles/m_3009228_se_15_030_20211223.tif
/hpc/group/borsuklab/csr33/object_detection/naip_tiles/m_3907420_sw_18_060_20190730_20191209.tif
/hpc/group/borsuklab/csr33/object_detection/naip_tiles/m_4107124_nw_19_060_20210826.tif
/hpc/group/borsuklab/csr33/object_detection/naip_tiles/m_3008607_sw_16_060_20191109_20200114.tif
/hpc/group/borsuklab/csr33/object_detection/naip_tiles/m_3907524_nw_18_060_20190726_20191209.tif
/hpc/group/borsuklab/csr33/object_detection/naip_tiles/m_3707620_ne_18_060_20210926.tif
/hpc/group/borsuklab/csr33/object_detection/naip_tiles/m_2909206_sw_15_060_20190706_20191001.tif
/hpc/group/borsuklab/csr33/object_detection/naip_tiles/m_2808245_ne_17_060_20211130.tif
/hpc/group/borsuklab/csr33/object_detection/naip_tiles/m_3009229_sw_15_030_20211222.tif
/hpc/group/borsuklab/csr33/object_detection/naip_tiles/m_2709738_se_14_060_20200430.tif
/hpc/group/borsuklab/csr33/object_detection/naip_tiles/m_3807538_nw_18_060_20211019.tif
/hpc/group/borsuklab/csr33/object_detection/naip_tiles/m_3807708_sw_18_060_20210617.tif
/hpc/group/borsuklab/csr33/object_detection/naip_tiles/m_3208159_sw_17_060_20191109_20200102.tif
m_3008622_ne_16_060_20191109_20200114 340
m_3907420_sw_18_060_20190730_20191209 320
m_3208159_sw_17_060_20191109_20200102 340
m_3907524_nw_18_060_20190726_20191209 320
m_3807708_sw_18_060_20210617 320
m_3008607_sw_16_060_20191109_20200114 340
m_3707620_ne_18_060_20210926 340
m_2709738_se_14_060_20200430 360
m_4107124_nw_19_060_20210826 320
m_2909206_sw_15_060_20190706_20191001 360
m_3807538_nw_18_060_20211019 320
m_2808245_ne_17_060_20211130 360
m_3009228_se_15_030_20211223 1326
m_3009229_sw_15_030_20211222 1326
108.77443075180054
