load envirionment

/hpc/group/borsuklab/csr33/object_detection/naip_tiles/m_4406709_sw_19_060_20210815.tif
/hpc/group/borsuklab/csr33/object_detection/naip_tiles/m_4207357_nw_18_060_20211105.tif
/hpc/group/borsuklab/csr33/object_detection/naip_tiles/m_4506811_nw_19_060_20210816.tif
/hpc/group/borsuklab/csr33/object_detection/naip_tiles/m_3311735_nw_11_060_20200424.tif
/hpc/group/borsuklab/csr33/object_detection/naip_tiles/m_2508021_sw_17_060_20191126_20200113.tif
/hpc/group/borsuklab/csr33/object_detection/naip_tiles/m_3411860_se_11_060_20200425.tif
/hpc/group/borsuklab/csr33/object_detection/naip_tiles/m_4107319_se_18_060_20211106.tif
/hpc/group/borsuklab/csr33/object_detection/naip_tiles/m_3507640_nw_18_060_20201018.tif
/hpc/group/borsuklab/csr33/object_detection/naip_tiles/m_3807544_se_18_060_20210605.tif
/hpc/group/borsuklab/csr33/object_detection/naip_tiles/m_2908102_ne_17_060_20211129.tif
/hpc/group/borsuklab/csr33/object_detection/naip_tiles/m_4007540_ne_18_060_20191021_20191203.tif
/hpc/group/borsuklab/csr33/object_detection/naip_tiles/m_3211625_nw_11_060_20200425.tif
/hpc/group/borsuklab/csr33/object_detection/naip_tiles/m_2909309_sw_15_060_20201102.tif
/hpc/group/borsuklab/csr33/object_detection/naip_tiles/m_4007204_sw_18_060_20211105.tif
m_4007204_sw_18_060_20211105 336
m_3807544_se_18_060_20210605 320
m_4406709_sw_19_060_20210815 300
m_4107319_se_18_060_20211106 320
m_3411860_se_11_060_20200425 340
m_2508021_sw_17_060_20191126_20200113 360
m_2909309_sw_15_060_20201102 340
m_3211625_nw_11_060_20200425 340
m_3507640_nw_18_060_20201018 340
m_4506811_nw_19_060_20210816 300
m_4207357_nw_18_060_20211105 320
m_4007540_ne_18_060_20191021_20191203 320
m_3311735_nw_11_060_20200424 340
m_2908102_ne_17_060_20211129 360
87.91824531555176
