load envirionment

/hpc/group/borsuklab/csr33/object_detection/naip_tiles/m_4007459_ne_18_060_20190730_20191209.tif
/hpc/group/borsuklab/csr33/object_detection/naip_tiles/m_3009128_sw_15_030_20211114.tif
/hpc/group/borsuklab/csr33/object_detection/naip_tiles/m_2909131_se_15_060_20190831_20191001.tif
/hpc/group/borsuklab/csr33/object_detection/naip_tiles/m_3307939_sw_17_060_20210501.tif
/hpc/group/borsuklab/csr33/object_detection/naip_tiles/m_2908338_ne_17_060_20211116.tif
/hpc/group/borsuklab/csr33/object_detection/naip_tiles/m_3807640_ne_18_060_20210618.tif
/hpc/group/borsuklab/csr33/object_detection/naip_tiles/m_4007439_nw_18_060_20211105.tif
/hpc/group/borsuklab/csr33/object_detection/naip_tiles/m_2708204_ne_17_060_20211130.tif
/hpc/group/borsuklab/csr33/object_detection/naip_tiles/m_3009144_nw_15_030_20211114.tif
/hpc/group/borsuklab/csr33/object_detection/naip_tiles/m_3807510_ne_18_060_20210618.tif
/hpc/group/borsuklab/csr33/object_detection/naip_tiles/m_3807604_sw_18_060_20211020.tif
/hpc/group/borsuklab/csr33/object_detection/naip_tiles/m_2909043_se_15_030_20211130.tif
/hpc/group/borsuklab/csr33/object_detection/naip_tiles/m_3407839_nw_17_060_20201102.tif
/hpc/group/borsuklab/csr33/object_detection/naip_tiles/m_2909317_nw_15_060_20201102.tif
m_4007459_ne_18_060_20190730_20191209 300
m_3807510_ne_18_060_20210618 320
m_4007439_nw_18_060_20211105 320
m_3807604_sw_18_060_20211020 320
m_3407839_nw_17_060_20201102 360
m_2909131_se_15_060_20190831_20191001 360
m_2908338_ne_17_060_20211116 360
m_2708204_ne_17_060_20211130 360
m_3807640_ne_18_060_20210618 320
m_2909317_nw_15_060_20201102 340
m_3307939_sw_17_060_20210501 340
m_3009128_sw_15_030_20211114 1326
m_2909043_se_15_030_20211130 1365
m_3009144_nw_15_030_20211114 1326
147.61180353164673
