load envirionment

/hpc/group/borsuklab/csr33/object_detection/naip_tiles/m_3907443_sw_18_060_20190730_20191209.tif
/hpc/group/borsuklab/csr33/object_detection/naip_tiles/m_2909660_nw_14_060_20201106.tif
/hpc/group/borsuklab/csr33/object_detection/naip_tiles/m_2708230_ne_17_060_20211130.tif
/hpc/group/borsuklab/csr33/object_detection/naip_tiles/m_3311609_sw_11_060_20200422.tif
/hpc/group/borsuklab/csr33/object_detection/naip_tiles/m_3009017_sw_15_030_20211119.tif
/hpc/group/borsuklab/csr33/object_detection/naip_tiles/m_3407850_ne_17_060_20200922.tif
/hpc/group/borsuklab/csr33/object_detection/naip_tiles/m_2809619_se_14_060_20201029.tif
/hpc/group/borsuklab/csr33/object_detection/naip_tiles/m_2909004_nw_15_030_20211130.tif
/hpc/group/borsuklab/csr33/object_detection/naip_tiles/m_4107043_nw_19_060_20210904.tif
/hpc/group/borsuklab/csr33/object_detection/naip_tiles/m_3207903_sw_17_060_20210426.tif
/hpc/group/borsuklab/csr33/object_detection/naip_tiles/m_3411859_se_11_060_20200515.tif
/hpc/group/borsuklab/csr33/object_detection/naip_tiles/m_3507713_sw_18_060_20200922.tif
/hpc/group/borsuklab/csr33/object_detection/naip_tiles/m_4107424_nw_18_060_20211105.tif
/hpc/group/borsuklab/csr33/object_detection/naip_tiles/m_3208012_ne_17_060_20210426.tif
m_4107424_nw_18_060_20211105 320
m_3207903_sw_17_060_20210426 340
m_3907443_sw_18_060_20190730_20191209 320
m_3507713_sw_18_060_20200922 357
m_3407850_ne_17_060_20200922 340
m_3311609_sw_11_060_20200422 340
m_4107043_nw_19_060_20210904 320
m_3208012_ne_17_060_20210426 340
m_2809619_se_14_060_20201029 360
m_3411859_se_11_060_20200515 340
m_2909660_nw_14_060_20201106 360
m_2708230_ne_17_060_20211130 360
m_2909004_nw_15_030_20211130 1365
m_3009017_sw_15_030_20211119 1326
120.09233403205872
