load envirionment

/hpc/group/borsuklab/csr33/object_detection/naip_tiles/m_3008531_nw_16_060_20191118_20200114.tif
/hpc/group/borsuklab/csr33/object_detection/naip_tiles/m_4406810_nw_19_060_20211006.tif
/hpc/group/borsuklab/csr33/object_detection/naip_tiles/m_3009462_sw_15_060_20201112.tif
/hpc/group/borsuklab/csr33/object_detection/naip_tiles/m_2908117_nw_17_060_20211202.tif
/hpc/group/borsuklab/csr33/object_detection/naip_tiles/m_3207901_ne_17_060_20210426.tif
/hpc/group/borsuklab/csr33/object_detection/naip_tiles/m_4207336_nw_18_060_20211107.tif
/hpc/group/borsuklab/csr33/object_detection/naip_tiles/m_3807704_se_18_060_20210903.tif
/hpc/group/borsuklab/csr33/object_detection/naip_tiles/m_3311903_ne_11_060_20200607.tif
/hpc/group/borsuklab/csr33/object_detection/naip_tiles/m_3411946_ne_11_060_20200521.tif
/hpc/group/borsuklab/csr33/object_detection/naip_tiles/m_4007562_nw_18_060_20191024_20191203.tif
/hpc/group/borsuklab/csr33/object_detection/naip_tiles/m_4207462_sw_18_060_20211106.tif
/hpc/group/borsuklab/csr33/object_detection/naip_tiles/m_2808260_sw_17_060_20211130.tif
/hpc/group/borsuklab/csr33/object_detection/naip_tiles/m_3008350_se_17_060_20191117_20200114.tif
/hpc/group/borsuklab/csr33/object_detection/naip_tiles/m_4207064_se_19_060_20210826.tif
m_4207462_sw_18_060_20211106 320
m_3008531_nw_16_060_20191118_20200114 340
m_4406810_nw_19_060_20211006 300
m_4007562_nw_18_060_20191024_20191203 320
m_3009462_sw_15_060_20201112 340
m_3411946_ne_11_060_20200521 340
m_4207336_nw_18_060_20211107 320
m_4207064_se_19_060_20210826 320
m_3311903_ne_11_060_20200607 340
m_3207901_ne_17_060_20210426 340
m_2808260_sw_17_060_20211130 360
m_3807704_se_18_060_20210903 357
m_3008350_se_17_060_20191117_20200114 360
m_2908117_nw_17_060_20211202 360
72.73077249526978
