load envirionment

/hpc/group/borsuklab/csr33/object_detection/naip_tiles/m_3009350_nw_15_060_20201031.tif
/hpc/group/borsuklab/csr33/object_detection/naip_tiles/m_3009112_sw_15_030_20211114.tif
/hpc/group/borsuklab/csr33/object_detection/naip_tiles/m_3507723_ne_18_060_20200922.tif
/hpc/group/borsuklab/csr33/object_detection/naip_tiles/m_3707720_sw_18_060_20210910.tif
/hpc/group/borsuklab/csr33/object_detection/naip_tiles/m_2708027_sw_17_060_20191215_20200113.tif
/hpc/group/borsuklab/csr33/object_detection/naip_tiles/m_3108138_ne_17_060_20211203.tif
/hpc/group/borsuklab/csr33/object_detection/naip_tiles/m_3807620_ne_18_060_20211020.tif
/hpc/group/borsuklab/csr33/object_detection/naip_tiles/m_4306904_ne_19_060_20211006.tif
/hpc/group/borsuklab/csr33/object_detection/naip_tiles/m_4107025_nw_19_060_20210826.tif
/hpc/group/borsuklab/csr33/object_detection/naip_tiles/m_3009224_nw_15_030_20211212.tif
/hpc/group/borsuklab/csr33/object_detection/naip_tiles/m_2708018_ne_17_060_20191129_20200113.tif
/hpc/group/borsuklab/csr33/object_detection/naip_tiles/m_3307701_nw_18_060_20200904.tif
/hpc/group/borsuklab/csr33/object_detection/naip_tiles/m_2808259_se_17_060_20211130.tif
/hpc/group/borsuklab/csr33/object_detection/naip_tiles/m_4107360_sw_18_060_20211106.tif
m_4107025_nw_19_060_20210826 320
m_3307701_nw_18_060_20200904 360
m_4107360_sw_18_060_20211106 320
m_4306904_ne_19_060_20211006 300
m_3807620_ne_18_060_20211020 320
m_3707720_sw_18_060_20210910 357
m_2808259_se_17_060_20211130 360
m_3108138_ne_17_060_20211203 340
m_3507723_ne_18_060_20200922 340
m_2708027_sw_17_060_20191215_20200113 360
m_2708018_ne_17_060_20191129_20200113 360
m_3009350_nw_15_060_20201031 340
m_3009112_sw_15_030_20211114 1326
m_3009224_nw_15_030_20211212 1326
116.61298441886902
