load envirionment

/hpc/group/borsuklab/csr33/object_detection/naip_tiles/m_2708256_se_17_060_20211202.tif
/hpc/group/borsuklab/csr33/object_detection/naip_tiles/m_3807706_sw_18_060_20210910.tif
/hpc/group/borsuklab/csr33/object_detection/naip_tiles/m_3907519_ne_18_060_20210630.tif
/hpc/group/borsuklab/csr33/object_detection/naip_tiles/m_3009326_ne_15_060_20201031.tif
/hpc/group/borsuklab/csr33/object_detection/naip_tiles/m_3507734_ne_18_060_20200904.tif
/hpc/group/borsuklab/csr33/object_detection/naip_tiles/m_3009433_se_15_060_20201112.tif
/hpc/group/borsuklab/csr33/object_detection/naip_tiles/m_3407717_nw_18_060_20200904.tif
/hpc/group/borsuklab/csr33/object_detection/naip_tiles/m_2708017_ne_17_060_20191129_20200113.tif
/hpc/group/borsuklab/csr33/object_detection/naip_tiles/m_3311619_nw_11_060_20200615.tif
/hpc/group/borsuklab/csr33/object_detection/naip_tiles/m_3507620_se_18_060_20201018.tif
/hpc/group/borsuklab/csr33/object_detection/naip_tiles/m_3407961_nw_17_060_20210508.tif
/hpc/group/borsuklab/csr33/object_detection/naip_tiles/m_3807504_sw_18_060_20211019.tif
/hpc/group/borsuklab/csr33/object_detection/naip_tiles/m_4107444_nw_18_060_20211106.tif
/hpc/group/borsuklab/csr33/object_detection/naip_tiles/m_3311723_sw_11_060_20200423.tif
m_4107444_nw_18_060_20211106 320
m_3507734_ne_18_060_20200904 340
m_3807504_sw_18_060_20211019 320
m_3507620_se_18_060_20201018 340
m_3807706_sw_18_060_20210910 357
m_3311723_sw_11_060_20200423 340
m_3907519_ne_18_060_20210630 320
m_3009433_se_15_060_20201112 340
m_2708256_se_17_060_20211202 360
m_3407961_nw_17_060_20210508 340
m_3311619_nw_11_060_20200615 340
m_3009326_ne_15_060_20201031 340
m_2708017_ne_17_060_20191129_20200113 360
m_3407717_nw_18_060_20200904 360
84.54158210754395
