load envirionment

/hpc/group/borsuklab/csr33/object_detection/naip_tiles/m_3607732_sw_18_060_20210827.tif
/hpc/group/borsuklab/csr33/object_detection/naip_tiles/m_2908954_nw_16_030_20211130.tif
/hpc/group/borsuklab/csr33/object_detection/naip_tiles/m_4307045_nw_19_060_20210722.tif
/hpc/group/borsuklab/csr33/object_detection/naip_tiles/m_3108757_sw_16_030_20211115.tif
/hpc/group/borsuklab/csr33/object_detection/naip_tiles/m_4107357_sw_18_060_20211105.tif
/hpc/group/borsuklab/csr33/object_detection/naip_tiles/m_3009027_nw_15_030_20211120.tif
/hpc/group/borsuklab/csr33/object_detection/naip_tiles/m_4506835_ne_19_060_20210816.tif
/hpc/group/borsuklab/csr33/object_detection/naip_tiles/m_4107304_nw_18_060_20211106.tif
/hpc/group/borsuklab/csr33/object_detection/naip_tiles/m_4606843_se_19_060_20210817.tif
/hpc/group/borsuklab/csr33/object_detection/naip_tiles/m_3407863_nw_17_060_20200603.tif
/hpc/group/borsuklab/csr33/object_detection/naip_tiles/m_2708150_sw_17_060_20211204.tif
/hpc/group/borsuklab/csr33/object_detection/naip_tiles/m_3707735_ne_18_060_20210910.tif
/hpc/group/borsuklab/csr33/object_detection/naip_tiles/m_3607615_sw_18_060_20210913.tif
/hpc/group/borsuklab/csr33/object_detection/naip_tiles/m_3208058_nw_17_060_20210507.tif
m_4107304_nw_18_060_20211106 320
m_4107357_sw_18_060_20211105 320
m_4606843_se_19_060_20210817 300
m_4506835_ne_19_060_20210816 300
m_4307045_nw_19_060_20210722 320
m_3707735_ne_18_060_20210910 340
m_3208058_nw_17_060_20210507 340
m_2708150_sw_17_060_20211204 360
m_3607615_sw_18_060_20210913 340
m_3407863_nw_17_060_20200603 360
m_3607732_sw_18_060_20210827 357
m_2908954_nw_16_030_20211130 1365
m_3009027_nw_15_030_20211120 1365
m_3108757_sw_16_030_20211115 1400
127.73344326019287
