load envirionment

/hpc/group/borsuklab/csr33/object_detection/naip_tiles/m_4107446_sw_18_060_20211105.tif
/hpc/group/borsuklab/csr33/object_detection/naip_tiles/m_4207139_ne_19_060_20211024.tif
/hpc/group/borsuklab/csr33/object_detection/naip_tiles/m_3707601_sw_18_060_20210827.tif
/hpc/group/borsuklab/csr33/object_detection/naip_tiles/m_3607734_ne_18_060_20200922.tif
/hpc/group/borsuklab/csr33/object_detection/naip_tiles/m_3507724_nw_18_060_20200922.tif
/hpc/group/borsuklab/csr33/object_detection/naip_tiles/m_4207309_sw_18_060_20210920.tif
/hpc/group/borsuklab/csr33/object_detection/naip_tiles/m_3307911_nw_17_060_20210501.tif
/hpc/group/borsuklab/csr33/object_detection/naip_tiles/m_3407812_se_17_060_20200603.tif
/hpc/group/borsuklab/csr33/object_detection/naip_tiles/m_2809502_se_15_060_20201029.tif
/hpc/group/borsuklab/csr33/object_detection/naip_tiles/m_3009361_nw_15_060_20190905_20191001.tif
/hpc/group/borsuklab/csr33/object_detection/naip_tiles/m_4506862_ne_19_060_20210929.tif
/hpc/group/borsuklab/csr33/object_detection/naip_tiles/m_2908405_se_16_060_20191129_20200114.tif
/hpc/group/borsuklab/csr33/object_detection/naip_tiles/m_2708058_ne_17_060_20191129_20200113.tif
/hpc/group/borsuklab/csr33/object_detection/naip_tiles/m_2608020_sw_17_060_20191203_20200113.tif
m_4207139_ne_19_060_20211024 320
m_2908405_se_16_060_20191129_20200114 360
m_4506862_ne_19_060_20210929 300
m_4107446_sw_18_060_20211105 320
m_3507724_nw_18_060_20200922 340
m_3607734_ne_18_060_20200922 340
m_4207309_sw_18_060_20210920 320
m_3307911_nw_17_060_20210501 340
m_2809502_se_15_060_20201029 360
m_3707601_sw_18_060_20210827 357
m_3407812_se_17_060_20200603 357
m_2708058_ne_17_060_20191129_20200113 360
m_3009361_nw_15_060_20190905_20191001 360
m_2608020_sw_17_060_20191203_20200113 360
87.0915458202362
