load envirionment

/hpc/group/borsuklab/csr33/object_detection/naip_tiles/m_4007415_se_18_060_20190830_20191209.tif
/hpc/group/borsuklab/csr33/object_detection/naip_tiles/m_4007441_se_18_060_20191014_20191203.tif
/hpc/group/borsuklab/csr33/object_detection/naip_tiles/m_3008706_nw_16_030_20211115.tif
/hpc/group/borsuklab/csr33/object_detection/naip_tiles/m_3008826_sw_16_030_20211119.tif
/hpc/group/borsuklab/csr33/object_detection/naip_tiles/m_3507724_sw_18_060_20201031.tif
/hpc/group/borsuklab/csr33/object_detection/naip_tiles/m_3707653_ne_18_060_20210913.tif
/hpc/group/borsuklab/csr33/object_detection/naip_tiles/m_2508011_sw_17_060_20211203.tif
/hpc/group/borsuklab/csr33/object_detection/naip_tiles/m_4207259_se_18_060_20211019.tif
/hpc/group/borsuklab/csr33/object_detection/naip_tiles/m_4107133_se_19_060_20210926.tif
/hpc/group/borsuklab/csr33/object_detection/naip_tiles/m_3008552_se_16_060_20191128_20200114.tif
/hpc/group/borsuklab/csr33/object_detection/naip_tiles/m_4307164_sw_19_060_20211024.tif
/hpc/group/borsuklab/csr33/object_detection/naip_tiles/m_3607635_nw_18_060_20200516.tif
/hpc/group/borsuklab/csr33/object_detection/naip_tiles/m_2808211_ne_17_060_20211130.tif
/hpc/group/borsuklab/csr33/object_detection/naip_tiles/m_3208019_nw_17_060_20210426.tif
m_3707653_ne_18_060_20210913 340
m_4107133_se_19_060_20210926 336
m_4207259_se_18_060_20211019 336
m_2508011_sw_17_060_20211203 380
m_4007441_se_18_060_20191014_20191203 320
m_4007415_se_18_060_20190830_20191209 300
m_3008552_se_16_060_20191128_20200114 340
m_4307164_sw_19_060_20211024 336
m_3507724_sw_18_060_20201031 357
m_2808211_ne_17_060_20211130 360
m_3208019_nw_17_060_20210426 340
m_3607635_nw_18_060_20200516 340
m_3008706_nw_16_030_20211115 1400
m_3008826_sw_16_030_20211119 1476
117.48616671562195
