load envirionment

/hpc/group/borsuklab/csr33/object_detection/naip_tiles/m_3807608_sw_18_060_20210623.tif
/hpc/group/borsuklab/csr33/object_detection/naip_tiles/m_2809505_ne_15_060_20201117.tif
/hpc/group/borsuklab/csr33/object_detection/naip_tiles/m_3009319_sw_15_060_20201031.tif
/hpc/group/borsuklab/csr33/object_detection/naip_tiles/m_4107036_se_19_060_20210904.tif
/hpc/group/borsuklab/csr33/object_detection/naip_tiles/m_3008158_nw_17_060_20211129.tif
/hpc/group/borsuklab/csr33/object_detection/naip_tiles/m_4506848_ne_19_060_20210831.tif
/hpc/group/borsuklab/csr33/object_detection/naip_tiles/m_3407849_ne_17_060_20200603.tif
/hpc/group/borsuklab/csr33/object_detection/naip_tiles/m_3211613_sw_11_060_20200415.tif
/hpc/group/borsuklab/csr33/object_detection/naip_tiles/m_4107422_se_18_060_20211106.tif
/hpc/group/borsuklab/csr33/object_detection/naip_tiles/m_2809738_se_14_060_20200501.tif
/hpc/group/borsuklab/csr33/object_detection/naip_tiles/m_3008562_nw_16_060_20191118_20200114.tif
/hpc/group/borsuklab/csr33/object_detection/naip_tiles/m_2908308_ne_17_060_20211130.tif
/hpc/group/borsuklab/csr33/object_detection/naip_tiles/m_3308061_sw_17_060_20210501.tif
/hpc/group/borsuklab/csr33/object_detection/naip_tiles/m_4406805_sw_19_060_20210914.tif
m_2809505_ne_15_060_20201117 360
m_4506848_ne_19_060_20210831 300
m_4107422_se_18_060_20211106 320
m_3807608_sw_18_060_20210623 320
m_3308061_sw_17_060_20210501 340
m_2809738_se_14_060_20200501 360
m_3211613_sw_11_060_20200415 340
m_4107036_se_19_060_20210904 336
m_2908308_ne_17_060_20211130 360
m_3008562_nw_16_060_20191118_20200114 340
m_4406805_sw_19_060_20210914 300
m_3008158_nw_17_060_20211129 360
m_3009319_sw_15_060_20201031 340
m_3407849_ne_17_060_20200603 340
96.02871036529541
