load envirionment

/hpc/group/borsuklab/csr33/object_detection/naip_tiles/m_3208146_nw_17_060_20191109_20200102.tif
/hpc/group/borsuklab/csr33/object_detection/naip_tiles/m_2708229_nw_17_060_20211130.tif
/hpc/group/borsuklab/csr33/object_detection/naip_tiles/m_2709737_ne_14_060_20200430.tif
/hpc/group/borsuklab/csr33/object_detection/naip_tiles/m_3407843_ne_17_060_20200922.tif
/hpc/group/borsuklab/csr33/object_detection/naip_tiles/m_3207909_sw_17_060_20210426.tif
/hpc/group/borsuklab/csr33/object_detection/naip_tiles/m_3009463_ne_15_060_20201102.tif
/hpc/group/borsuklab/csr33/object_detection/naip_tiles/m_4406938_ne_19_060_20211006.tif
/hpc/group/borsuklab/csr33/object_detection/naip_tiles/m_3008351_sw_17_060_20191121_20200114.tif
/hpc/group/borsuklab/csr33/object_detection/naip_tiles/m_3009232_ne_15_030_20211114.tif
/hpc/group/borsuklab/csr33/object_detection/naip_tiles/m_2708214_ne_17_060_20211130.tif
/hpc/group/borsuklab/csr33/object_detection/naip_tiles/m_3507646_ne_18_060_20201018.tif
/hpc/group/borsuklab/csr33/object_detection/naip_tiles/m_3707533_ne_18_060_20211017.tif
/hpc/group/borsuklab/csr33/object_detection/naip_tiles/m_3607655_nw_18_060_20200516.tif
/hpc/group/borsuklab/csr33/object_detection/naip_tiles/m_2509707_ne_14_060_20201029.tif
m_3208146_nw_17_060_20191109_20200102 340
m_3008351_sw_17_060_20191121_20200114 360
m_4406938_ne_19_060_20211006 300
m_3009463_ne_15_060_20201102 340
m_3407843_ne_17_060_20200922 340
m_3707533_ne_18_060_20211017 340
m_3507646_ne_18_060_20201018 340
m_3607655_nw_18_060_20200516 340
m_3207909_sw_17_060_20210426 340
m_2509707_ne_14_060_20201029 360
m_2708229_nw_17_060_20211130 360
m_2708214_ne_17_060_20211130 360
m_2709737_ne_14_060_20200430 360
m_3009232_ne_15_030_20211114 1326
215.94406390190125
