load envirionment

/hpc/group/borsuklab/csr33/object_detection/naip_tiles/m_2909055_sw_15_030_20211123.tif
/hpc/group/borsuklab/csr33/object_detection/naip_tiles/m_2908331_nw_17_060_20211116.tif
/hpc/group/borsuklab/csr33/object_detection/naip_tiles/m_4506803_ne_19_060_20211006.tif
/hpc/group/borsuklab/csr33/object_detection/naip_tiles/m_2708045_nw_17_060_20191215_20200113.tif
/hpc/group/borsuklab/csr33/object_detection/naip_tiles/m_3208036_ne_17_060_20210426.tif
/hpc/group/borsuklab/csr33/object_detection/naip_tiles/m_2809723_ne_14_060_20200501.tif
/hpc/group/borsuklab/csr33/object_detection/naip_tiles/m_2808043_se_17_060_20191130_20200113.tif
/hpc/group/borsuklab/csr33/object_detection/naip_tiles/m_3307951_se_17_060_20210501.tif
/hpc/group/borsuklab/csr33/object_detection/naip_tiles/m_2709717_sw_14_060_20200501.tif
/hpc/group/borsuklab/csr33/object_detection/naip_tiles/m_2908225_nw_17_060_20211117.tif
/hpc/group/borsuklab/csr33/object_detection/naip_tiles/m_3311730_se_11_060_20200423.tif
/hpc/group/borsuklab/csr33/object_detection/naip_tiles/m_3311617_se_11_060_20200415.tif
/hpc/group/borsuklab/csr33/object_detection/naip_tiles/m_4107327_nw_18_060_20211105.tif
/hpc/group/borsuklab/csr33/object_detection/naip_tiles/m_4406923_ne_19_060_20211006.tif
m_4406923_ne_19_060_20211006 300
m_3311730_se_11_060_20200423 340
m_4107327_nw_18_060_20211105 320
m_3208036_ne_17_060_20210426 340
m_2808043_se_17_060_20191130_20200113 360
m_4506803_ne_19_060_20211006 300
m_2709717_sw_14_060_20200501 360
m_2809723_ne_14_060_20200501 360
m_2908331_nw_17_060_20211116 360
m_3307951_se_17_060_20210501 340
m_2708045_nw_17_060_20191215_20200113 360
m_3311617_se_11_060_20200415 340
m_2908225_nw_17_060_20211117 360
m_2909055_sw_15_030_20211123 1365
138.44175910949707
