load envirionment

/hpc/group/borsuklab/csr33/object_detection/naip_tiles/m_4506743_se_19_060_20210723.tif
/hpc/group/borsuklab/csr33/object_detection/naip_tiles/m_2609745_sw_14_060_20201029.tif
/hpc/group/borsuklab/csr33/object_detection/naip_tiles/m_3307927_nw_17_060_20210501.tif
/hpc/group/borsuklab/csr33/object_detection/naip_tiles/m_3311726_nw_11_060_20200424.tif
/hpc/group/borsuklab/csr33/object_detection/naip_tiles/m_3208163_nw_17_060_20211202.tif
/hpc/group/borsuklab/csr33/object_detection/naip_tiles/m_4007205_ne_18_060_20210926.tif
/hpc/group/borsuklab/csr33/object_detection/naip_tiles/m_3707721_se_18_060_20210910.tif
/hpc/group/borsuklab/csr33/object_detection/naip_tiles/m_2708019_nw_17_060_20191215_20200113.tif
/hpc/group/borsuklab/csr33/object_detection/naip_tiles/m_4307038_nw_19_060_20210722.tif
/hpc/group/borsuklab/csr33/object_detection/naip_tiles/m_3208022_se_17_060_20210426.tif
/hpc/group/borsuklab/csr33/object_detection/naip_tiles/m_3009301_sw_15_060_20201006.tif
/hpc/group/borsuklab/csr33/object_detection/naip_tiles/m_2708143_se_17_060_20191129_20200113.tif
/hpc/group/borsuklab/csr33/object_detection/naip_tiles/m_3607604_se_18_060_20210913.tif
/hpc/group/borsuklab/csr33/object_detection/naip_tiles/m_3507712_se_18_060_20200922.tif
m_4506743_se_19_060_20210723 300
m_3707721_se_18_060_20210910 357
m_4307038_nw_19_060_20210722 320
m_4007205_ne_18_060_20210926 320
m_3208022_se_17_060_20210426 340
m_2708019_nw_17_060_20191215_20200113 360
m_3307927_nw_17_060_20210501 340
m_3208163_nw_17_060_20211202 340
m_3009301_sw_15_060_20201006 340
m_3311726_nw_11_060_20200424 340
m_3607604_se_18_060_20210913 340
m_2609745_sw_14_060_20201029 360
m_3507712_se_18_060_20200922 357
m_2708143_se_17_060_20191129_20200113 360
76.25890612602234
