load envirionment

/hpc/group/borsuklab/csr33/object_detection/naip_tiles/m_3507631_sw_18_060_20201018.tif
/hpc/group/borsuklab/csr33/object_detection/naip_tiles/m_3208043_nw_17_060_20210426.tif
/hpc/group/borsuklab/csr33/object_detection/naip_tiles/m_3211615_sw_11_060_20200415.tif
/hpc/group/borsuklab/csr33/object_detection/naip_tiles/m_3607634_se_18_060_20200922.tif
/hpc/group/borsuklab/csr33/object_detection/naip_tiles/m_2608161_ne_17_060_20211203.tif
/hpc/group/borsuklab/csr33/object_detection/naip_tiles/m_4207437_se_18_060_20211110.tif
/hpc/group/borsuklab/csr33/object_detection/naip_tiles/m_3311706_se_11_060_20200423.tif
/hpc/group/borsuklab/csr33/object_detection/naip_tiles/m_3307921_sw_17_060_20210501.tif
/hpc/group/borsuklab/csr33/object_detection/naip_tiles/m_4107312_sw_18_060_20211106.tif
/hpc/group/borsuklab/csr33/object_detection/naip_tiles/m_3807652_se_18_060_20211020.tif
/hpc/group/borsuklab/csr33/object_detection/naip_tiles/m_3108761_se_16_030_20211115.tif
/hpc/group/borsuklab/csr33/object_detection/naip_tiles/m_4406933_ne_19_060_20210827.tif
/hpc/group/borsuklab/csr33/object_detection/naip_tiles/m_3008359_nw_17_060_20191121_20200114.tif
/hpc/group/borsuklab/csr33/object_detection/naip_tiles/m_2708003_ne_17_060_20191215_20200113.tif
m_4107312_sw_18_060_20211106 336
m_3211615_sw_11_060_20200415 340
m_3311706_se_11_060_20200423 340
m_3507631_sw_18_060_20201018 340
m_3607634_se_18_060_20200922 357
m_3208043_nw_17_060_20210426 340
m_2608161_ne_17_060_20211203 360
m_4207437_se_18_060_20211110 300
m_4406933_ne_19_060_20210827 300
m_3807652_se_18_060_20211020 320
m_2708003_ne_17_060_20191215_20200113 360
m_3307921_sw_17_060_20210501 340
m_3008359_nw_17_060_20191121_20200114 360
m_3108761_se_16_030_20211115 1400
112.86684131622314
