load envirionment

/hpc/group/borsuklab/csr33/object_detection/naip_tiles/m_3907504_ne_18_060_20191019_20191203.tif
/hpc/group/borsuklab/csr33/object_detection/naip_tiles/m_4207106_nw_19_060_20211024.tif
/hpc/group/borsuklab/csr33/object_detection/naip_tiles/m_3009240_ne_15_030_20211114.tif
/hpc/group/borsuklab/csr33/object_detection/naip_tiles/m_3807513_sw_18_060_20211019.tif
/hpc/group/borsuklab/csr33/object_detection/naip_tiles/m_3411918_se_11_060_20200521.tif
/hpc/group/borsuklab/csr33/object_detection/naip_tiles/m_2508021_ne_17_060_20191126_20200113.tif
/hpc/group/borsuklab/csr33/object_detection/naip_tiles/m_3108823_sw_16_030_20211123.tif
/hpc/group/borsuklab/csr33/object_detection/naip_tiles/m_2709718_nw_14_060_20200501.tif
/hpc/group/borsuklab/csr33/object_detection/naip_tiles/m_4107351_ne_18_060_20211106.tif
/hpc/group/borsuklab/csr33/object_detection/naip_tiles/m_3009137_nw_15_030_20211114.tif
/hpc/group/borsuklab/csr33/object_detection/naip_tiles/m_4107241_ne_18_060_20211105.tif
/hpc/group/borsuklab/csr33/object_detection/naip_tiles/m_3407962_ne_17_060_20210508.tif
/hpc/group/borsuklab/csr33/object_detection/naip_tiles/m_3807761_se_18_060_20210910.tif
/hpc/group/borsuklab/csr33/object_detection/naip_tiles/m_2709750_sw_14_060_20200501.tif
m_2508021_ne_17_060_20191126_20200113 360
m_4207106_nw_19_060_20211024 320
m_3807513_sw_18_060_20211019 320
m_4107241_ne_18_060_20211105 320
m_2709718_nw_14_060_20200501 360
m_3907504_ne_18_060_20191019_20191203 320
m_2709750_sw_14_060_20200501 360
m_3807761_se_18_060_20210910 357
m_3411918_se_11_060_20200521 340
m_4107351_ne_18_060_20211106 320
m_3407962_ne_17_060_20210508 340
m_3009137_nw_15_030_20211114 1326
m_3108823_sw_16_030_20211123 1400
m_3009240_ne_15_030_20211114 1326
142.55024814605713
