load envirionment

/hpc/group/borsuklab/csr33/object_detection/naip_tiles/m_3311740_se_11_060_20200428.tif
/hpc/group/borsuklab/csr33/object_detection/naip_tiles/m_3009331_ne_15_060_20190904_20191001.tif
/hpc/group/borsuklab/csr33/object_detection/naip_tiles/m_3907658_nw_18_060_20210617.tif
/hpc/group/borsuklab/csr33/object_detection/naip_tiles/m_4606852_sw_19_060_20210817.tif
/hpc/group/borsuklab/csr33/object_detection/naip_tiles/m_2609734_nw_14_060_20201001.tif
/hpc/group/borsuklab/csr33/object_detection/naip_tiles/m_2909409_ne_15_060_20201112.tif
/hpc/group/borsuklab/csr33/object_detection/naip_tiles/m_2709707_se_14_060_20200430.tif
/hpc/group/borsuklab/csr33/object_detection/naip_tiles/m_3507521_sw_18_060_20200516.tif
/hpc/group/borsuklab/csr33/object_detection/naip_tiles/m_3208150_se_17_060_20191109_20200106.tif
/hpc/group/borsuklab/csr33/object_detection/naip_tiles/m_3507605_nw_18_060_20200922.tif
/hpc/group/borsuklab/csr33/object_detection/naip_tiles/m_3009555_se_15_060_20201118.tif
/hpc/group/borsuklab/csr33/object_detection/naip_tiles/m_3607559_nw_18_060_20200516.tif
/hpc/group/borsuklab/csr33/object_detection/naip_tiles/m_3108134_ne_17_060_20191110_20200102.tif
/hpc/group/borsuklab/csr33/object_detection/naip_tiles/m_3108104_ne_17_060_20191110_20200102.tif
m_3208150_se_17_060_20191109_20200106 340
m_3607559_nw_18_060_20200516 340
m_4606852_sw_19_060_20210817 300
m_3507521_sw_18_060_20200516 340
m_3009331_ne_15_060_20190904_20191001 360
m_3009555_se_15_060_20201118 360
m_2609734_nw_14_060_20201001 360
m_3108134_ne_17_060_20191110_20200102 340
m_3108104_ne_17_060_20191110_20200102 340
m_3907658_nw_18_060_20210617 320
m_2709707_se_14_060_20200430 360
m_3311740_se_11_060_20200428 340
m_3507605_nw_18_060_20200922 340
m_2909409_ne_15_060_20201112 360
75.74121189117432
