load envirionment

/hpc/group/borsuklab/csr33/object_detection/naip_tiles/m_3208130_nw_17_060_20210426.tif
/hpc/group/borsuklab/csr33/object_detection/naip_tiles/m_3707621_se_18_060_20210914.tif
/hpc/group/borsuklab/csr33/object_detection/naip_tiles/m_3008715_se_16_060_20191103_20200114.tif
/hpc/group/borsuklab/csr33/object_detection/naip_tiles/m_2909539_ne_15_060_20201116.tif
/hpc/group/borsuklab/csr33/object_detection/naip_tiles/m_3008740_sw_16_060_20191103_20200114.tif
/hpc/group/borsuklab/csr33/object_detection/naip_tiles/m_3008831_ne_16_030_20211119.tif
/hpc/group/borsuklab/csr33/object_detection/naip_tiles/m_3807544_sw_18_060_20210605.tif
/hpc/group/borsuklab/csr33/object_detection/naip_tiles/m_3108832_ne_16_030_20211120.tif
/hpc/group/borsuklab/csr33/object_detection/naip_tiles/m_3311813_ne_11_060_20200515.tif
/hpc/group/borsuklab/csr33/object_detection/naip_tiles/m_3807525_se_18_060_20210618.tif
/hpc/group/borsuklab/csr33/object_detection/naip_tiles/m_3008162_nw_17_060_20211130.tif
/hpc/group/borsuklab/csr33/object_detection/naip_tiles/m_4007457_sw_18_060_20191014_20191203.tif
/hpc/group/borsuklab/csr33/object_detection/naip_tiles/m_3108131_nw_17_060_20211202.tif
/hpc/group/borsuklab/csr33/object_detection/naip_tiles/m_2709706_nw_14_060_20200430.tif
m_3807525_se_18_060_20210618 320
m_3008715_se_16_060_20191103_20200114 340
m_4007457_sw_18_060_20191014_20191203 320
m_3807544_sw_18_060_20210605 320
m_2909539_ne_15_060_20201116 360
m_3707621_se_18_060_20210914 340
m_3008740_sw_16_060_20191103_20200114 340
m_3311813_ne_11_060_20200515 340
m_3108131_nw_17_060_20211202 340
m_3208130_nw_17_060_20210426 340
m_3008162_nw_17_060_20211130 360
m_2709706_nw_14_060_20200430 360
m_3008831_ne_16_030_20211119 1400
m_3108832_ne_16_030_20211120 1400
156.5998055934906
