load envirionment

/hpc/group/borsuklab/csr33/object_detection/naip_tiles/m_2608061_sw_17_060_20191203_20200113.tif
/hpc/group/borsuklab/csr33/object_detection/naip_tiles/m_3907548_ne_18_060_20190726_20191209.tif
/hpc/group/borsuklab/csr33/object_detection/naip_tiles/m_2609745_nw_14_060_20201029.tif
/hpc/group/borsuklab/csr33/object_detection/naip_tiles/m_4207455_nw_18_060_20210920.tif
/hpc/group/borsuklab/csr33/object_detection/naip_tiles/m_3607617_ne_18_060_20210827.tif
/hpc/group/borsuklab/csr33/object_detection/naip_tiles/m_4107102_se_19_060_20210926.tif
/hpc/group/borsuklab/csr33/object_detection/naip_tiles/m_3707724_sw_18_060_20210912.tif
/hpc/group/borsuklab/csr33/object_detection/naip_tiles/m_4207444_se_18_060_20190826_20191209.tif
/hpc/group/borsuklab/csr33/object_detection/naip_tiles/m_3008327_se_17_060_20191113_20200114.tif
/hpc/group/borsuklab/csr33/object_detection/naip_tiles/m_3008811_sw_16_030_20211112.tif
/hpc/group/borsuklab/csr33/object_detection/naip_tiles/m_2909426_ne_15_060_20201116.tif
/hpc/group/borsuklab/csr33/object_detection/naip_tiles/m_4207460_sw_18_060_20190826_20191209.tif
/hpc/group/borsuklab/csr33/object_detection/naip_tiles/m_4406713_nw_19_060_20210711.tif
/hpc/group/borsuklab/csr33/object_detection/naip_tiles/m_2609736_nw_14_060_20201209.tif
m_4207455_nw_18_060_20210920 320
m_3008327_se_17_060_20191113_20200114 360
m_4207460_sw_18_060_20190826_20191209 300
m_4207444_se_18_060_20190826_20191209 300
m_4107102_se_19_060_20210926 336
m_3607617_ne_18_060_20210827 340
m_2909426_ne_15_060_20201116 360
m_2609745_nw_14_060_20201029 360
m_2609736_nw_14_060_20201209 360
m_4406713_nw_19_060_20210711 300
m_2608061_sw_17_060_20191203_20200113 360
m_3907548_ne_18_060_20190726_20191209 320
m_3707724_sw_18_060_20210912 357
m_3008811_sw_16_030_20211112 1440
127.3577151298523
