load envirionment

/hpc/group/borsuklab/csr33/object_detection/naip_tiles/m_4406958_nw_19_060_20210827.tif
/hpc/group/borsuklab/csr33/object_detection/naip_tiles/m_4107464_nw_18_060_20211105.tif
/hpc/group/borsuklab/csr33/object_detection/naip_tiles/m_2909106_sw_15_060_20190707_20191001.tif
/hpc/group/borsuklab/csr33/object_detection/naip_tiles/m_3108725_se_16_030_20211115.tif
/hpc/group/borsuklab/csr33/object_detection/naip_tiles/m_3411955_ne_11_060_20200524.tif
/hpc/group/borsuklab/csr33/object_detection/naip_tiles/m_4506752_nw_19_060_20210723.tif
/hpc/group/borsuklab/csr33/object_detection/naip_tiles/m_3807644_ne_18_060_20211020.tif
/hpc/group/borsuklab/csr33/object_detection/naip_tiles/m_3807547_sw_18_060_20210605.tif
/hpc/group/borsuklab/csr33/object_detection/naip_tiles/m_3009340_sw_15_060_20190901_20191001.tif
/hpc/group/borsuklab/csr33/object_detection/naip_tiles/m_2908956_sw_16_030_20211130.tif
/hpc/group/borsuklab/csr33/object_detection/naip_tiles/m_4007315_nw_18_060_20211103.tif
/hpc/group/borsuklab/csr33/object_detection/naip_tiles/m_3707711_ne_18_060_20210910.tif
/hpc/group/borsuklab/csr33/object_detection/naip_tiles/m_4007310_ne_18_060_20211105.tif
/hpc/group/borsuklab/csr33/object_detection/naip_tiles/m_4207317_ne_18_060_20210920.tif
m_4406958_nw_19_060_20210827 300
m_4007310_ne_18_060_20211105 320
m_4107464_nw_18_060_20211105 320
m_2909106_sw_15_060_20190707_20191001 360
m_3411955_ne_11_060_20200524 340
m_3807644_ne_18_060_20211020 320
m_4007315_nw_18_060_20211103 320
m_4506752_nw_19_060_20210723 300
m_3009340_sw_15_060_20190901_20191001 360
m_3807547_sw_18_060_20210605 320
m_4207317_ne_18_060_20210920 320
m_3707711_ne_18_060_20210910 340
m_2908956_sw_16_030_20211130 1365
m_3108725_se_16_030_20211115 1400
115.83253145217896
