load envirionment

/hpc/group/borsuklab/csr33/object_detection/naip_tiles/m_3607533_se_18_060_20200516.tif
/hpc/group/borsuklab/csr33/object_detection/naip_tiles/m_3008727_ne_16_030_20211119.tif
/hpc/group/borsuklab/csr33/object_detection/naip_tiles/m_3208026_sw_17_060_20210426.tif
/hpc/group/borsuklab/csr33/object_detection/naip_tiles/m_4307025_sw_19_060_20211007.tif
/hpc/group/borsuklab/csr33/object_detection/naip_tiles/m_3311610_nw_11_060_20200415.tif
/hpc/group/borsuklab/csr33/object_detection/naip_tiles/m_4506802_ne_19_060_20210816.tif
/hpc/group/borsuklab/csr33/object_detection/naip_tiles/m_3607644_nw_18_060_20200922.tif
/hpc/group/borsuklab/csr33/object_detection/naip_tiles/m_3411925_sw_11_060_20200522.tif
/hpc/group/borsuklab/csr33/object_detection/naip_tiles/m_3507752_nw_18_060_20200930.tif
/hpc/group/borsuklab/csr33/object_detection/naip_tiles/m_3009217_nw_15_060_20190904_20191001.tif
/hpc/group/borsuklab/csr33/object_detection/naip_tiles/m_2608150_nw_17_060_20211223.tif
/hpc/group/borsuklab/csr33/object_detection/naip_tiles/m_3009119_sw_15_060_20190904_20191001.tif
/hpc/group/borsuklab/csr33/object_detection/naip_tiles/m_2909039_ne_15_030_20211123.tif
/hpc/group/borsuklab/csr33/object_detection/naip_tiles/m_3009161_ne_15_030_20211114.tif
m_3411925_sw_11_060_20200522 340
m_3607644_nw_18_060_20200922 340
m_2608150_nw_17_060_20211223 380
m_4307025_sw_19_060_20211007 336
m_3009217_nw_15_060_20190904_20191001 360
m_4506802_ne_19_060_20210816 300
m_3311610_nw_11_060_20200415 340
m_3607533_se_18_060_20200516 340
m_3507752_nw_18_060_20200930 340
m_3208026_sw_17_060_20210426 340
m_3009119_sw_15_060_20190904_20191001 360
m_2909039_ne_15_030_20211123 1365
m_3009161_ne_15_030_20211114 1326
m_3008727_ne_16_030_20211119 1400
159.668803691864
