load envirionment

/hpc/group/borsuklab/csr33/object_detection/naip_tiles/m_2808017_ne_17_060_20191202_20200113.tif
/hpc/group/borsuklab/csr33/object_detection/naip_tiles/m_2909002_se_15_060_20190707_20191001.tif
/hpc/group/borsuklab/csr33/object_detection/naip_tiles/m_3907631_nw_18_060_20211101.tif
/hpc/group/borsuklab/csr33/object_detection/naip_tiles/m_3108831_sw_16_030_20211123.tif
/hpc/group/borsuklab/csr33/object_detection/naip_tiles/m_3807502_sw_18_060_20210606.tif
/hpc/group/borsuklab/csr33/object_detection/naip_tiles/m_3907443_nw_18_060_20190730_20191209.tif
/hpc/group/borsuklab/csr33/object_detection/naip_tiles/m_2608121_nw_17_060_20211203.tif
/hpc/group/borsuklab/csr33/object_detection/naip_tiles/m_3211626_ne_11_060_20200425.tif
/hpc/group/borsuklab/csr33/object_detection/naip_tiles/m_3008928_ne_16_030_20211119.tif
/hpc/group/borsuklab/csr33/object_detection/naip_tiles/m_3009248_se_15_030_20211114.tif
/hpc/group/borsuklab/csr33/object_detection/naip_tiles/m_2508115_ne_17_060_20211203.tif
/hpc/group/borsuklab/csr33/object_detection/naip_tiles/m_3008940_se_16_030_20211114.tif
/hpc/group/borsuklab/csr33/object_detection/naip_tiles/m_3008739_sw_16_060_20191103_20200114.tif
/hpc/group/borsuklab/csr33/object_detection/naip_tiles/m_2708037_ne_17_060_20191215_20200113.tif
m_2508115_ne_17_060_20211203 360
m_3907631_nw_18_060_20211101 320
m_3008739_sw_16_060_20191103_20200114 340
m_3807502_sw_18_060_20210606 320
m_3907443_nw_18_060_20190730_20191209 320
m_3211626_ne_11_060_20200425 340
m_2808017_ne_17_060_20191202_20200113 340
m_2909002_se_15_060_20190707_20191001 378
m_2708037_ne_17_060_20191215_20200113 360
m_2608121_nw_17_060_20211203 360
m_3009248_se_15_030_20211114 1326
m_3008940_se_16_030_20211114 1435
m_3108831_sw_16_030_20211123 1400
m_3008928_ne_16_030_20211119 1400
120.5779128074646
