load envirionment

/hpc/group/borsuklab/csr33/object_detection/naip_tiles/m_3009125_se_15_030_20211113.tif
/hpc/group/borsuklab/csr33/object_detection/naip_tiles/m_2908508_nw_16_060_20191118_20200114.tif
/hpc/group/borsuklab/csr33/object_detection/naip_tiles/m_3009043_ne_15_030_20211120.tif
/hpc/group/borsuklab/csr33/object_detection/naip_tiles/m_3211609_nw_11_060_20200425.tif
/hpc/group/borsuklab/csr33/object_detection/naip_tiles/m_3109360_se_15_030_20211122.tif
/hpc/group/borsuklab/csr33/object_detection/naip_tiles/m_4506840_se_19_060_20210831.tif
/hpc/group/borsuklab/csr33/object_detection/naip_tiles/m_3009320_sw_15_060_20190904_20191001.tif
/hpc/group/borsuklab/csr33/object_detection/naip_tiles/m_4007439_sw_18_060_20190809_20191209.tif
/hpc/group/borsuklab/csr33/object_detection/naip_tiles/m_2608024_se_17_060_20191120_20200113.tif
/hpc/group/borsuklab/csr33/object_detection/naip_tiles/m_3009253_sw_15_030_20211222.tif
/hpc/group/borsuklab/csr33/object_detection/naip_tiles/m_3008257_sw_17_060_20211117.tif
/hpc/group/borsuklab/csr33/object_detection/naip_tiles/m_2909223_nw_15_060_20190706_20191001.tif
/hpc/group/borsuklab/csr33/object_detection/naip_tiles/m_4406920_nw_19_060_20210904.tif
/hpc/group/borsuklab/csr33/object_detection/naip_tiles/m_3607606_se_18_060_20210913.tif
m_3211609_nw_11_060_20200425 340
m_3009320_sw_15_060_20190904_20191001 360
m_4406920_nw_19_060_20210904 300
m_3008257_sw_17_060_20211117 378
m_4506840_se_19_060_20210831 300
m_2909223_nw_15_060_20190706_20191001 360
m_4007439_sw_18_060_20190809_20191209 320
m_2608024_se_17_060_20191120_20200113 360
m_2908508_nw_16_060_20191118_20200114 360
m_3607606_se_18_060_20210913 340
m_3009253_sw_15_030_20211222 1326
m_3009125_se_15_030_20211113 1326
m_3109360_se_15_030_20211122 1326
m_3009043_ne_15_030_20211120 1365
121.41863942146301
