load envirionment

/hpc/group/borsuklab/csr33/object_detection/naip_tiles/m_4406835_nw_19_060_20210723.tif
/hpc/group/borsuklab/csr33/object_detection/naip_tiles/m_4207138_sw_19_060_20211024.tif
/hpc/group/borsuklab/csr33/object_detection/naip_tiles/m_2808229_nw_17_060_20211130.tif
/hpc/group/borsuklab/csr33/object_detection/naip_tiles/m_3008429_se_16_060_20191129_20200114.tif
/hpc/group/borsuklab/csr33/object_detection/naip_tiles/m_2908909_se_16_030_20211129.tif
/hpc/group/borsuklab/csr33/object_detection/naip_tiles/m_3009332_sw_15_060_20190905_20191001.tif
/hpc/group/borsuklab/csr33/object_detection/naip_tiles/m_2708232_ne_17_060_20211202.tif
/hpc/group/borsuklab/csr33/object_detection/naip_tiles/m_3507619_nw_18_060_20201001.tif
/hpc/group/borsuklab/csr33/object_detection/naip_tiles/m_2608152_se_17_060_20191123_20200113.tif
/hpc/group/borsuklab/csr33/object_detection/naip_tiles/m_4406942_ne_19_060_20210827.tif
/hpc/group/borsuklab/csr33/object_detection/naip_tiles/m_4207440_nw_18_060_20210920.tif
/hpc/group/borsuklab/csr33/object_detection/naip_tiles/m_3009123_se_15_030_20211114.tif
/hpc/group/borsuklab/csr33/object_detection/naip_tiles/m_3807545_ne_18_060_20210605.tif
/hpc/group/borsuklab/csr33/object_detection/naip_tiles/m_2809509_se_15_060_20201029.tif
m_2809509_se_15_060_20201029 360
m_4406942_ne_19_060_20210827 300
m_4207440_nw_18_060_20210920 320
m_3008429_se_16_060_20191129_20200114 360
m_3807545_ne_18_060_20210605 320
m_2708232_ne_17_060_20211202 360
m_2808229_nw_17_060_20211130 360
m_3507619_nw_18_060_20201001 340
m_4406835_nw_19_060_20210723 300
m_3009332_sw_15_060_20190905_20191001 360
m_4207138_sw_19_060_20211024 336
m_2608152_se_17_060_20191123_20200113 360
m_3009123_se_15_030_20211114 1326
m_2908909_se_16_030_20211129 1365
119.51424503326416
