load envirionment

/hpc/group/borsuklab/csr33/object_detection/naip_tiles/m_3008611_nw_16_060_20191109_20200114.tif
/hpc/group/borsuklab/csr33/object_detection/naip_tiles/m_3607603_sw_18_060_20210827.tif
/hpc/group/borsuklab/csr33/object_detection/naip_tiles/m_2909211_sw_15_060_20190706_20191001.tif
/hpc/group/borsuklab/csr33/object_detection/naip_tiles/m_3707610_sw_18_060_20210827.tif
/hpc/group/borsuklab/csr33/object_detection/naip_tiles/m_4407064_ne_19_060_20210827.tif
/hpc/group/borsuklab/csr33/object_detection/naip_tiles/m_2708061_nw_17_060_20191215_20200113.tif
/hpc/group/borsuklab/csr33/object_detection/naip_tiles/m_3008918_ne_16_030_20211119.tif
/hpc/group/borsuklab/csr33/object_detection/naip_tiles/m_3008561_sw_16_060_20191118_20200114.tif
/hpc/group/borsuklab/csr33/object_detection/naip_tiles/m_3307934_ne_17_060_20210508.tif
/hpc/group/borsuklab/csr33/object_detection/naip_tiles/m_4007445_nw_18_060_20190730_20191209.tif
/hpc/group/borsuklab/csr33/object_detection/naip_tiles/m_3707737_ne_18_060_20210910.tif
/hpc/group/borsuklab/csr33/object_detection/naip_tiles/m_3108830_sw_16_030_20211123.tif
/hpc/group/borsuklab/csr33/object_detection/naip_tiles/m_3807509_se_18_060_20210618.tif
/hpc/group/borsuklab/csr33/object_detection/naip_tiles/m_3108216_ne_17_060_20191110_20200102.tif
m_3108216_ne_17_060_20191110_20200102 340
m_3008561_sw_16_060_20191118_20200114 340
m_3707610_sw_18_060_20210827 357
m_3607603_sw_18_060_20210827 357
m_4007445_nw_18_060_20190730_20191209 300
m_2708061_nw_17_060_20191215_20200113 360
m_4407064_ne_19_060_20210827 300
m_3807509_se_18_060_20210618 320
m_3307934_ne_17_060_20210508 340
m_3707737_ne_18_060_20210910 340
m_3008611_nw_16_060_20191109_20200114 340
m_2909211_sw_15_060_20190706_20191001 360
m_3108830_sw_16_030_20211123 1400
m_3008918_ne_16_030_20211119 1400
132.56487488746643
