load envirionment

/hpc/group/borsuklab/csr33/object_detection/naip_tiles/m_2909105_ne_15_060_20190707_20191001.tif
/hpc/group/borsuklab/csr33/object_detection/naip_tiles/m_3009134_sw_15_030_20211113.tif
/hpc/group/borsuklab/csr33/object_detection/naip_tiles/m_3008613_ne_16_060_20191109_20200114.tif
/hpc/group/borsuklab/csr33/object_detection/naip_tiles/m_4506850_se_19_060_20210816.tif
/hpc/group/borsuklab/csr33/object_detection/naip_tiles/m_2909140_ne_15_060_20190831_20191001.tif
/hpc/group/borsuklab/csr33/object_detection/naip_tiles/m_3008928_nw_16_030_20211119.tif
/hpc/group/borsuklab/csr33/object_detection/naip_tiles/m_2809738_sw_14_060_20200501.tif
/hpc/group/borsuklab/csr33/object_detection/naip_tiles/m_3307914_se_17_060_20210501.tif
/hpc/group/borsuklab/csr33/object_detection/naip_tiles/m_2809632_sw_14_060_20201029.tif
/hpc/group/borsuklab/csr33/object_detection/naip_tiles/m_3108863_ne_16_030_20211120.tif
/hpc/group/borsuklab/csr33/object_detection/naip_tiles/m_4107128_se_19_060_20210826.tif
/hpc/group/borsuklab/csr33/object_detection/naip_tiles/m_3707612_nw_18_060_20210912.tif
/hpc/group/borsuklab/csr33/object_detection/naip_tiles/m_3907622_se_18_060_20211020.tif
/hpc/group/borsuklab/csr33/object_detection/naip_tiles/m_2909132_ne_15_060_20190902_20191001.tif
m_3907622_se_18_060_20211020 320
m_4506850_se_19_060_20210816 300
m_3307914_se_17_060_20210501 340
m_4107128_se_19_060_20210826 336
m_2809632_sw_14_060_20201029 360
m_3008613_ne_16_060_20191109_20200114 340
m_2909132_ne_15_060_20190902_20191001 360
m_3707612_nw_18_060_20210912 340
m_2909140_ne_15_060_20190831_20191001 360
m_2909105_ne_15_060_20190707_20191001 360
m_2809738_sw_14_060_20200501 360
m_3009134_sw_15_030_20211113 1326
m_3108863_ne_16_030_20211120 1400
m_3008928_nw_16_030_20211119 1440
153.510671377182
