load envirionment

/hpc/group/borsuklab/csr33/object_detection/naip_tiles/m_4207351_se_18_060_20211107.tif
/hpc/group/borsuklab/csr33/object_detection/naip_tiles/m_3009257_nw_15_060_20190905_20191001.tif
/hpc/group/borsuklab/csr33/object_detection/naip_tiles/m_4406808_sw_19_060_20210901.tif
/hpc/group/borsuklab/csr33/object_detection/naip_tiles/m_3009124_ne_15_030_20211119.tif
/hpc/group/borsuklab/csr33/object_detection/naip_tiles/m_3009201_sw_15_060_20190904_20191001.tif
/hpc/group/borsuklab/csr33/object_detection/naip_tiles/m_3507611_sw_18_060_20201001.tif
/hpc/group/borsuklab/csr33/object_detection/naip_tiles/m_2908946_ne_16_030_20211202.tif
/hpc/group/borsuklab/csr33/object_detection/naip_tiles/m_3008945_se_16_030_20211114.tif
/hpc/group/borsuklab/csr33/object_detection/naip_tiles/m_3707754_nw_18_060_20210910.tif
/hpc/group/borsuklab/csr33/object_detection/naip_tiles/m_3108118_ne_17_060_20191110_20200102.tif
/hpc/group/borsuklab/csr33/object_detection/naip_tiles/m_3507742_se_18_060_20200904.tif
/hpc/group/borsuklab/csr33/object_detection/naip_tiles/m_4207063_sw_19_060_20210826.tif
/hpc/group/borsuklab/csr33/object_detection/naip_tiles/m_3507623_ne_18_060_20201001.tif
/hpc/group/borsuklab/csr33/object_detection/naip_tiles/m_2808026_se_17_060_20191130_20200113.tif
m_3108118_ne_17_060_20191110_20200102 340
m_3009257_nw_15_060_20190905_20191001 360
m_4406808_sw_19_060_20210901 300
m_4207063_sw_19_060_20210826 320
m_3707754_nw_18_060_20210910 340
m_3507623_ne_18_060_20201001 340
m_3009201_sw_15_060_20190904_20191001 360
m_2808026_se_17_060_20191130_20200113 360
m_4207351_se_18_060_20211107 320
m_3507742_se_18_060_20200904 357
m_3507611_sw_18_060_20201001 357
m_2908946_ne_16_030_20211202 1365
m_3009124_ne_15_030_20211119 1326
m_3008945_se_16_030_20211114 1435
125.16148781776428
