load envirionment

/hpc/group/borsuklab/csr33/object_detection/naip_tiles/m_3507618_nw_18_060_20200922.tif
/hpc/group/borsuklab/csr33/object_detection/naip_tiles/m_2809603_se_14_060_20201106.tif
/hpc/group/borsuklab/csr33/object_detection/naip_tiles/m_3507743_se_18_060_20200930.tif
/hpc/group/borsuklab/csr33/object_detection/naip_tiles/m_3009456_sw_15_060_20201102.tif
/hpc/group/borsuklab/csr33/object_detection/naip_tiles/m_2908905_nw_16_030_20211129.tif
/hpc/group/borsuklab/csr33/object_detection/naip_tiles/m_3211804_nw_11_060_20200504.tif
/hpc/group/borsuklab/csr33/object_detection/naip_tiles/m_3009415_ne_15_060_20201030.tif
/hpc/group/borsuklab/csr33/object_detection/naip_tiles/m_4506753_nw_19_060_20210723.tif
/hpc/group/borsuklab/csr33/object_detection/naip_tiles/m_3507726_ne_18_060_20200922.tif
/hpc/group/borsuklab/csr33/object_detection/naip_tiles/m_4107143_nw_19_060_20210926.tif
/hpc/group/borsuklab/csr33/object_detection/naip_tiles/m_3907523_ne_18_060_20190726_20191209.tif
/hpc/group/borsuklab/csr33/object_detection/naip_tiles/m_4406929_ne_19_060_20210904.tif
/hpc/group/borsuklab/csr33/object_detection/naip_tiles/m_3008118_se_17_060_20211129.tif
/hpc/group/borsuklab/csr33/object_detection/naip_tiles/m_2909023_nw_15_030_20211123.tif
m_4406929_ne_19_060_20210904 300
m_4506753_nw_19_060_20210723 300
m_3907523_ne_18_060_20190726_20191209 320
m_4107143_nw_19_060_20210926 320
m_3009415_ne_15_060_20201030 340
m_3211804_nw_11_060_20200504 340
m_3507618_nw_18_060_20200922 340
m_3009456_sw_15_060_20201102 340
m_3008118_se_17_060_20211129 360
m_3507726_ne_18_060_20200922 340
m_2809603_se_14_060_20201106 360
m_3507743_se_18_060_20200930 357
m_2908905_nw_16_030_20211129 1365
m_2909023_nw_15_030_20211123 1365
182.88266897201538
