load envirionment

/hpc/group/borsuklab/csr33/object_detection/naip_tiles/m_3208050_sw_17_060_20210507.tif
/hpc/group/borsuklab/csr33/object_detection/naip_tiles/m_4406954_ne_19_060_20211006.tif
/hpc/group/borsuklab/csr33/object_detection/naip_tiles/m_2708062_nw_17_060_20191215_20200113.tif
/hpc/group/borsuklab/csr33/object_detection/naip_tiles/m_2709720_se_14_060_20200430.tif
/hpc/group/borsuklab/csr33/object_detection/naip_tiles/m_3108150_ne_17_060_20191110_20200102.tif
/hpc/group/borsuklab/csr33/object_detection/naip_tiles/m_2908324_ne_17_060_20211117.tif
/hpc/group/borsuklab/csr33/object_detection/naip_tiles/m_4107210_nw_18_060_20211105.tif
/hpc/group/borsuklab/csr33/object_detection/naip_tiles/m_3907508_sw_18_060_20190726_20191209.tif
/hpc/group/borsuklab/csr33/object_detection/naip_tiles/m_3009228_ne_15_030_20211223.tif
/hpc/group/borsuklab/csr33/object_detection/naip_tiles/m_3009440_sw_15_060_20201102.tif
/hpc/group/borsuklab/csr33/object_detection/naip_tiles/m_4107204_sw_18_060_20211001.tif
/hpc/group/borsuklab/csr33/object_detection/naip_tiles/m_3008354_ne_17_060_20211116.tif
/hpc/group/borsuklab/csr33/object_detection/naip_tiles/m_3211616_nw_11_060_20200420.tif
/hpc/group/borsuklab/csr33/object_detection/naip_tiles/m_4107017_ne_19_060_20210826.tif
m_3907508_sw_18_060_20190726_20191209 300
m_4107204_sw_18_060_20211001 336
m_4406954_ne_19_060_20211006 300
m_4107017_ne_19_060_20210826 320
m_3008354_ne_17_060_20211116 360
m_4107210_nw_18_060_20211105 320
m_3211616_nw_11_060_20200420 340
m_3009440_sw_15_060_20201102 340
m_3208050_sw_17_060_20210507 340
m_2708062_nw_17_060_20191215_20200113 360
m_3108150_ne_17_060_20191110_20200102 340
m_2709720_se_14_060_20200430 360
m_2908324_ne_17_060_20211117 360
m_3009228_ne_15_030_20211223 1326
108.86196208000183
