load envirionment

/hpc/group/borsuklab/csr33/object_detection/naip_tiles/m_4007530_se_18_060_20191024_20191203.tif
/hpc/group/borsuklab/csr33/object_detection/naip_tiles/m_3407708_sw_18_060_20201031.tif
/hpc/group/borsuklab/csr33/object_detection/naip_tiles/m_2909416_nw_15_060_20201102.tif
/hpc/group/borsuklab/csr33/object_detection/naip_tiles/m_3907527_sw_18_060_20210629.tif
/hpc/group/borsuklab/csr33/object_detection/naip_tiles/m_2708261_ne_17_060_20211130.tif
/hpc/group/borsuklab/csr33/object_detection/naip_tiles/m_4107332_sw_18_060_20211106.tif
/hpc/group/borsuklab/csr33/object_detection/naip_tiles/m_2809602_se_14_060_20201116.tif
/hpc/group/borsuklab/csr33/object_detection/naip_tiles/m_3707637_nw_18_060_20210914.tif
/hpc/group/borsuklab/csr33/object_detection/naip_tiles/m_4406715_nw_19_060_20210711.tif
/hpc/group/borsuklab/csr33/object_detection/naip_tiles/m_3707637_sw_18_060_20210926.tif
/hpc/group/borsuklab/csr33/object_detection/naip_tiles/m_2508122_ne_17_060_20211203.tif
/hpc/group/borsuklab/csr33/object_detection/naip_tiles/m_2708227_se_17_060_20211130.tif
/hpc/group/borsuklab/csr33/object_detection/naip_tiles/m_3108113_nw_17_060_20191110_20200102.tif
/hpc/group/borsuklab/csr33/object_detection/naip_tiles/m_2909303_ne_15_060_20190726_20191001.tif
m_3707637_sw_18_060_20210926 340
m_3707637_nw_18_060_20210914 340
m_2708261_ne_17_060_20211130 360
m_4406715_nw_19_060_20210711 300
m_3907527_sw_18_060_20210629 320
m_4007530_se_18_060_20191024_20191203 320
m_3108113_nw_17_060_20191110_20200102 340
m_2909416_nw_15_060_20201102 340
m_2809602_se_14_060_20201116 360
m_4107332_sw_18_060_20211106 336
m_3407708_sw_18_060_20201031 357
m_2909303_ne_15_060_20190726_20191001 360
m_2708227_se_17_060_20211130 360
m_2508122_ne_17_060_20211203 360
68.94860482215881
