load envirionment

/hpc/group/borsuklab/csr33/object_detection/naip_tiles/m_3407956_se_17_060_20210513.tif
/hpc/group/borsuklab/csr33/object_detection/naip_tiles/m_2608231_ne_17_060_20211217.tif
/hpc/group/borsuklab/csr33/object_detection/naip_tiles/m_3807658_ne_18_060_20210910.tif
/hpc/group/borsuklab/csr33/object_detection/naip_tiles/m_2908316_sw_17_060_20211130.tif
/hpc/group/borsuklab/csr33/object_detection/naip_tiles/m_2809748_se_14_060_20201029.tif
/hpc/group/borsuklab/csr33/object_detection/naip_tiles/m_3412007_nw_10_060_20200522.tif
/hpc/group/borsuklab/csr33/object_detection/naip_tiles/m_3311824_ne_11_060_20200505.tif
/hpc/group/borsuklab/csr33/object_detection/naip_tiles/m_3311642_sw_11_060_20200525.tif
/hpc/group/borsuklab/csr33/object_detection/naip_tiles/m_3807562_se_18_060_20210605.tif
/hpc/group/borsuklab/csr33/object_detection/naip_tiles/m_2909035_nw_15_060_20190831_20191001.tif
/hpc/group/borsuklab/csr33/object_detection/naip_tiles/m_3907557_sw_18_060_20210606.tif
/hpc/group/borsuklab/csr33/object_detection/naip_tiles/m_3008513_sw_16_060_20191118_20200114.tif
/hpc/group/borsuklab/csr33/object_detection/naip_tiles/m_4606836_se_19_060_20210817.tif
/hpc/group/borsuklab/csr33/object_detection/naip_tiles/m_4107132_se_19_060_20210826.tif
m_2909035_nw_15_060_20190831_20191001 360
m_4606836_se_19_060_20210817 300
m_3807658_ne_18_060_20210910 340
m_3412007_nw_10_060_20200522 340
m_3907557_sw_18_060_20210606 320
m_3008513_sw_16_060_20191118_20200114 340
m_2809748_se_14_060_20201029 360
m_3407956_se_17_060_20210513 340
m_3807562_se_18_060_20210605 320
m_2908316_sw_17_060_20211130 378
m_3311824_ne_11_060_20200505 340
m_3311642_sw_11_060_20200525 340
m_4107132_se_19_060_20210826 336
m_2608231_ne_17_060_20211217 360
76.802006483078
