load envirionment

/hpc/group/borsuklab/csr33/object_detection/naip_tiles/m_3311658_sw_11_060_20200415.tif
/hpc/group/borsuklab/csr33/object_detection/naip_tiles/m_4406817_sw_19_060_20211006.tif
/hpc/group/borsuklab/csr33/object_detection/naip_tiles/m_3307804_nw_17_060_20200922.tif
/hpc/group/borsuklab/csr33/object_detection/naip_tiles/m_4007464_ne_18_060_20190809_20191209.tif
/hpc/group/borsuklab/csr33/object_detection/naip_tiles/m_3507606_ne_18_060_20200922.tif
/hpc/group/borsuklab/csr33/object_detection/naip_tiles/m_3009231_se_15_030_20211212.tif
/hpc/group/borsuklab/csr33/object_detection/naip_tiles/m_3009328_se_15_060_20190905_20191001.tif
/hpc/group/borsuklab/csr33/object_detection/naip_tiles/m_3009334_ne_15_060_20201031.tif
/hpc/group/borsuklab/csr33/object_detection/naip_tiles/m_3008462_sw_16_060_20191129_20200114.tif
/hpc/group/borsuklab/csr33/object_detection/naip_tiles/m_4307154_sw_19_060_20211024.tif
/hpc/group/borsuklab/csr33/object_detection/naip_tiles/m_2908219_ne_17_060_20211129.tif
/hpc/group/borsuklab/csr33/object_detection/naip_tiles/m_2909203_nw_15_060_20190706_20191001.tif
/hpc/group/borsuklab/csr33/object_detection/naip_tiles/m_3407955_sw_17_060_20210508.tif
/hpc/group/borsuklab/csr33/object_detection/naip_tiles/m_3308059_nw_17_060_20210507.tif
m_4007464_ne_18_060_20190809_20191209 320
m_3507606_ne_18_060_20200922 340
m_2909203_nw_15_060_20190706_20191001 360
m_3308059_nw_17_060_20210507 340
m_4406817_sw_19_060_20211006 300
m_4307154_sw_19_060_20211024 336
m_3009334_ne_15_060_20201031 340
m_3311658_sw_11_060_20200415 340
m_2908219_ne_17_060_20211129 360
m_3008462_sw_16_060_20191129_20200114 360
m_3307804_nw_17_060_20200922 360
m_3407955_sw_17_060_20210508 340
m_3009328_se_15_060_20190905_20191001 360
m_3009231_se_15_030_20211212 1326
146.52050018310547
