load envirionment

/hpc/group/borsuklab/csr33/object_detection/naip_tiles/m_3807628_ne_18_060_20211020.tif
/hpc/group/borsuklab/csr33/object_detection/naip_tiles/m_2909406_nw_15_060_20201112.tif
/hpc/group/borsuklab/csr33/object_detection/naip_tiles/m_3208004_ne_17_060_20210426.tif
/hpc/group/borsuklab/csr33/object_detection/naip_tiles/m_2909314_nw_15_060_20190726_20191001.tif
/hpc/group/borsuklab/csr33/object_detection/naip_tiles/m_2908147_se_17_060_20211130.tif
/hpc/group/borsuklab/csr33/object_detection/naip_tiles/m_3009138_se_15_030_20211116.tif
/hpc/group/borsuklab/csr33/object_detection/naip_tiles/m_2909504_nw_15_060_20201030.tif
/hpc/group/borsuklab/csr33/object_detection/naip_tiles/m_3907429_sw_18_060_20190730_20191209.tif
/hpc/group/borsuklab/csr33/object_detection/naip_tiles/m_4107130_ne_19_060_20210826.tif
/hpc/group/borsuklab/csr33/object_detection/naip_tiles/m_4606843_sw_19_060_20210817.tif
/hpc/group/borsuklab/csr33/object_detection/naip_tiles/m_3008728_nw_16_030_20211119.tif
/hpc/group/borsuklab/csr33/object_detection/naip_tiles/m_2909764_se_14_060_20201029.tif
/hpc/group/borsuklab/csr33/object_detection/naip_tiles/m_3008105_nw_17_060_20211203.tif
/hpc/group/borsuklab/csr33/object_detection/naip_tiles/m_3607641_sw_18_060_20200922.tif
m_3008105_nw_17_060_20211203 340
m_4606843_sw_19_060_20210817 300
m_4107130_ne_19_060_20210826 320
m_3607641_sw_18_060_20200922 357
m_3807628_ne_18_060_20211020 320
m_3907429_sw_18_060_20190730_20191209 320
m_2909406_nw_15_060_20201112 340
m_3208004_ne_17_060_20210426 340
m_2908147_se_17_060_20211130 360
m_2909314_nw_15_060_20190726_20191001 360
m_2909764_se_14_060_20201029 360
m_2909504_nw_15_060_20201030 360
m_3009138_se_15_030_20211116 1326
m_3008728_nw_16_030_20211119 1400
116.84289574623108
