load envirionment

/hpc/group/borsuklab/csr33/object_detection/naip_tiles/m_3009157_sw_15_030_20211113.tif
/hpc/group/borsuklab/csr33/object_detection/naip_tiles/m_4207424_sw_18_060_20210920.tif
/hpc/group/borsuklab/csr33/object_detection/naip_tiles/m_3407818_nw_17_060_20200603.tif
/hpc/group/borsuklab/csr33/object_detection/naip_tiles/m_3707764_se_18_060_20210827.tif
/hpc/group/borsuklab/csr33/object_detection/naip_tiles/m_2908515_se_16_060_20191118_20200114.tif
/hpc/group/borsuklab/csr33/object_detection/naip_tiles/m_3507744_nw_18_060_20200930.tif
/hpc/group/borsuklab/csr33/object_detection/naip_tiles/m_2909506_ne_15_060_20201130.tif
/hpc/group/borsuklab/csr33/object_detection/naip_tiles/m_3009136_ne_15_030_20211114.tif
/hpc/group/borsuklab/csr33/object_detection/naip_tiles/m_2608101_se_17_060_20211223.tif
/hpc/group/borsuklab/csr33/object_detection/naip_tiles/m_3907546_se_18_060_20190726_20191209.tif
/hpc/group/borsuklab/csr33/object_detection/naip_tiles/m_2909306_sw_15_060_20190706_20191001.tif
/hpc/group/borsuklab/csr33/object_detection/naip_tiles/m_3308045_sw_17_060_20210501.tif
/hpc/group/borsuklab/csr33/object_detection/naip_tiles/m_2708045_sw_17_060_20191215_20200113.tif
/hpc/group/borsuklab/csr33/object_detection/naip_tiles/m_3411910_nw_11_060_20200521.tif
m_4207424_sw_18_060_20210920 320
m_3507744_nw_18_060_20200930 340
m_3907546_se_18_060_20190726_20191209 320
m_3411910_nw_11_060_20200521 340
m_3308045_sw_17_060_20210501 340
m_3707764_se_18_060_20210827 357
m_2708045_sw_17_060_20191215_20200113 360
m_2909306_sw_15_060_20190706_20191001 360
m_2908515_se_16_060_20191118_20200114 360
m_2909506_ne_15_060_20201130 360
m_3407818_nw_17_060_20200603 340
m_2608101_se_17_060_20211223 360
m_3009136_ne_15_030_20211114 1326
m_3009157_sw_15_030_20211113 1326
122.04134726524353
