load envirionment

/hpc/group/borsuklab/csr33/object_detection/naip_tiles/m_2708208_se_17_060_20211202.tif
/hpc/group/borsuklab/csr33/object_detection/naip_tiles/m_4007303_ne_18_060_20211106.tif
/hpc/group/borsuklab/csr33/object_detection/naip_tiles/m_3009159_ne_15_030_20211114.tif
/hpc/group/borsuklab/csr33/object_detection/naip_tiles/m_3707527_ne_18_060_20211017.tif
/hpc/group/borsuklab/csr33/object_detection/naip_tiles/m_3211708_nw_11_060_20200428.tif
/hpc/group/borsuklab/csr33/object_detection/naip_tiles/m_4007435_se_18_060_20190917_20191209.tif
/hpc/group/borsuklab/csr33/object_detection/naip_tiles/m_2909429_nw_15_060_20201116.tif
/hpc/group/borsuklab/csr33/object_detection/naip_tiles/m_3008360_sw_17_060_20191121_20200114.tif
/hpc/group/borsuklab/csr33/object_detection/naip_tiles/m_4406809_sw_19_060_20211006.tif
/hpc/group/borsuklab/csr33/object_detection/naip_tiles/m_4506733_sw_19_060_20210815.tif
/hpc/group/borsuklab/csr33/object_detection/naip_tiles/m_3607629_ne_18_060_20210913.tif
/hpc/group/borsuklab/csr33/object_detection/naip_tiles/m_3607731_ne_18_060_20210827.tif
/hpc/group/borsuklab/csr33/object_detection/naip_tiles/m_3008443_se_16_060_20191128_20200114.tif
/hpc/group/borsuklab/csr33/object_detection/naip_tiles/m_3507729_sw_18_060_20200930.tif
m_4007435_se_18_060_20190917_20191209 300
m_4406809_sw_19_060_20211006 300
m_3211708_nw_11_060_20200428 340
m_3008443_se_16_060_20191128_20200114 360
m_4007303_ne_18_060_20211106 320
m_3607629_ne_18_060_20210913 340
m_2708208_se_17_060_20211202 360
m_3707527_ne_18_060_20211017 320
m_4506733_sw_19_060_20210815 300
m_3607731_ne_18_060_20210827 340
m_3507729_sw_18_060_20200930 357
m_2909429_nw_15_060_20201116 360
m_3008360_sw_17_060_20191121_20200114 360
m_3009159_ne_15_030_20211114 1326
120.50212287902832
