load envirionment

/hpc/group/borsuklab/csr33/object_detection/naip_tiles/m_3008702_se_16_030_20211112.tif
/hpc/group/borsuklab/csr33/object_detection/naip_tiles/m_2809641_nw_14_060_20201116.tif
/hpc/group/borsuklab/csr33/object_detection/naip_tiles/m_3008540_se_16_060_20191120_20200114.tif
/hpc/group/borsuklab/csr33/object_detection/naip_tiles/m_3009314_nw_15_060_20190904_20191001.tif
/hpc/group/borsuklab/csr33/object_detection/naip_tiles/m_3009330_se_15_060_20190905_20191001.tif
/hpc/group/borsuklab/csr33/object_detection/naip_tiles/m_4207325_ne_18_060_20210920.tif
/hpc/group/borsuklab/csr33/object_detection/naip_tiles/m_3407749_sw_18_060_20200904.tif
/hpc/group/borsuklab/csr33/object_detection/naip_tiles/m_2908956_nw_16_030_20211130.tif
/hpc/group/borsuklab/csr33/object_detection/naip_tiles/m_3009243_nw_15_060_20190706_20191001.tif
/hpc/group/borsuklab/csr33/object_detection/naip_tiles/m_2609734_sw_14_060_20201001.tif
/hpc/group/borsuklab/csr33/object_detection/naip_tiles/m_3407618_ne_18_060_20201024.tif
/hpc/group/borsuklab/csr33/object_detection/naip_tiles/m_3807712_nw_18_060_20210903.tif
/hpc/group/borsuklab/csr33/object_detection/naip_tiles/m_3008924_sw_16_030_20211119.tif
/hpc/group/borsuklab/csr33/object_detection/naip_tiles/m_4107310_sw_18_060_20211105.tif
m_2609734_sw_14_060_20201001 360
m_3407618_ne_18_060_20201024 340
m_4207325_ne_18_060_20210920 320
m_3407749_sw_18_060_20200904 378
m_3008540_se_16_060_20191120_20200114 340
m_3009243_nw_15_060_20190706_20191001 360
m_3009314_nw_15_060_20190904_20191001 360
m_3009330_se_15_060_20190905_20191001 360
m_2809641_nw_14_060_20201116 360
m_3807712_nw_18_060_20210903 340
m_4107310_sw_18_060_20211105 320
m_2908956_nw_16_030_20211130 1365
m_3008702_se_16_030_20211112 1400
m_3008924_sw_16_030_20211119 1476
126.60141348838806
