load envirionment

/hpc/group/borsuklab/csr33/object_detection/naip_tiles/m_2708060_nw_17_060_20191215_20200113.tif
/hpc/group/borsuklab/csr33/object_detection/naip_tiles/m_4406808_se_19_060_20210815.tif
/hpc/group/borsuklab/csr33/object_detection/naip_tiles/m_3208009_se_17_060_20210426.tif
/hpc/group/borsuklab/csr33/object_detection/naip_tiles/m_2808042_nw_17_060_20191207_20200113.tif
/hpc/group/borsuklab/csr33/object_detection/naip_tiles/m_3308062_ne_17_060_20210501.tif
/hpc/group/borsuklab/csr33/object_detection/naip_tiles/m_4406937_se_19_060_20210904.tif
/hpc/group/borsuklab/csr33/object_detection/naip_tiles/m_3407842_ne_17_060_20200603.tif
/hpc/group/borsuklab/csr33/object_detection/naip_tiles/m_3108159_sw_17_060_20191110_20200102.tif
/hpc/group/borsuklab/csr33/object_detection/naip_tiles/m_3208107_se_17_060_20210426.tif
/hpc/group/borsuklab/csr33/object_detection/naip_tiles/m_3907747_nw_18_060_20210616.tif
/hpc/group/borsuklab/csr33/object_detection/naip_tiles/m_2908964_ne_16_030_20211130.tif
/hpc/group/borsuklab/csr33/object_detection/naip_tiles/m_2909231_sw_15_060_20190706_20191001.tif
/hpc/group/borsuklab/csr33/object_detection/naip_tiles/m_4406935_ne_19_060_20210827.tif
/hpc/group/borsuklab/csr33/object_detection/naip_tiles/m_2908303_nw_17_060_20191113_20200114.tif
m_4406935_ne_19_060_20210827 300
m_4406808_se_19_060_20210815 300
m_3208107_se_17_060_20210426 340
m_2909231_sw_15_060_20190706_20191001 360
m_3308062_ne_17_060_20210501 340
m_2908303_nw_17_060_20191113_20200114 360
m_3108159_sw_17_060_20191110_20200102 340
m_2808042_nw_17_060_20191207_20200113 360
m_2708060_nw_17_060_20191215_20200113 360
m_4406937_se_19_060_20210904 300
m_3907747_nw_18_060_20210616 320
m_3208009_se_17_060_20210426 340
m_3407842_ne_17_060_20200603 340
m_2908964_ne_16_030_20211130 1365
104.63692426681519
