load envirionment

/hpc/group/borsuklab/csr33/object_detection/naip_tiles/m_3311614_sw_11_060_20200416.tif
/hpc/group/borsuklab/csr33/object_detection/naip_tiles/m_3507761_sw_18_060_20200930.tif
/hpc/group/borsuklab/csr33/object_detection/naip_tiles/m_3009234_sw_15_030_20211221.tif
/hpc/group/borsuklab/csr33/object_detection/naip_tiles/m_3008939_se_16_030_20211114.tif
/hpc/group/borsuklab/csr33/object_detection/naip_tiles/m_2908505_se_16_060_20191118_20200114.tif
/hpc/group/borsuklab/csr33/object_detection/naip_tiles/m_3807636_ne_18_060_20211020.tif
/hpc/group/borsuklab/csr33/object_detection/naip_tiles/m_3009322_ne_15_060_20190904_20191001.tif
/hpc/group/borsuklab/csr33/object_detection/naip_tiles/m_3009044_nw_15_030_20211120.tif
/hpc/group/borsuklab/csr33/object_detection/naip_tiles/m_3008602_sw_16_060_20191109_20200114.tif
/hpc/group/borsuklab/csr33/object_detection/naip_tiles/m_3008931_se_16_030_20211119.tif
/hpc/group/borsuklab/csr33/object_detection/naip_tiles/m_2909008_ne_15_060_20190707_20191001.tif
/hpc/group/borsuklab/csr33/object_detection/naip_tiles/m_3008205_se_17_060_20191110_20200108.tif
/hpc/group/borsuklab/csr33/object_detection/naip_tiles/m_4207313_ne_18_060_20211107.tif
/hpc/group/borsuklab/csr33/object_detection/naip_tiles/m_3009325_ne_15_060_20201102.tif
m_4207313_ne_18_060_20211107 320
m_2909008_ne_15_060_20190707_20191001 360
m_3311614_sw_11_060_20200416 340
m_2908505_se_16_060_20191118_20200114 360
m_3807636_ne_18_060_20211020 320
m_3009325_ne_15_060_20201102 340
m_3009322_ne_15_060_20190904_20191001 360
m_3008205_se_17_060_20191110_20200108 340
m_3507761_sw_18_060_20200930 357
m_3008602_sw_16_060_20191109_20200114 340
m_3009234_sw_15_030_20211221 1326
m_3009044_nw_15_030_20211120 1365
m_3008939_se_16_030_20211114 1435
m_3008931_se_16_030_20211119 1435
198.18355345726013
