load envirionment

/hpc/group/borsuklab/csr33/object_detection/naip_tiles/m_3008942_ne_16_030_20211116.tif
/hpc/group/borsuklab/csr33/object_detection/naip_tiles/m_2909204_nw_15_060_20190706_20191001.tif
/hpc/group/borsuklab/csr33/object_detection/naip_tiles/m_3009564_se_15_060_20201118.tif
/hpc/group/borsuklab/csr33/object_detection/naip_tiles/m_2908127_nw_17_060_20211129.tif
/hpc/group/borsuklab/csr33/object_detection/naip_tiles/m_3412029_nw_10_060_20200607.tif
/hpc/group/borsuklab/csr33/object_detection/naip_tiles/m_4207333_sw_18_060_20210920.tif
/hpc/group/borsuklab/csr33/object_detection/naip_tiles/m_3108114_ne_17_060_20191110_20200102.tif
/hpc/group/borsuklab/csr33/object_detection/naip_tiles/m_3108750_se_16_030_20211115.tif
/hpc/group/borsuklab/csr33/object_detection/naip_tiles/m_3507651_ne_18_060_20201031.tif
/hpc/group/borsuklab/csr33/object_detection/naip_tiles/m_3807638_se_18_060_20211020.tif
/hpc/group/borsuklab/csr33/object_detection/naip_tiles/m_2908516_nw_16_060_20191118_20200114.tif
/hpc/group/borsuklab/csr33/object_detection/naip_tiles/m_3009323_sw_15_060_20190904_20191001.tif
/hpc/group/borsuklab/csr33/object_detection/naip_tiles/m_3607534_nw_18_060_20200516.tif
/hpc/group/borsuklab/csr33/object_detection/naip_tiles/m_3907414_ne_18_060_20190920_20191209.tif
m_3507651_ne_18_060_20201031 340
m_3807638_se_18_060_20211020 320
m_3607534_nw_18_060_20200516 340
m_3108114_ne_17_060_20191110_20200102 340
m_3009564_se_15_060_20201118 360
m_2908127_nw_17_060_20211129 360
m_3907414_ne_18_060_20190920_20191209 320
m_2908516_nw_16_060_20191118_20200114 360
m_3009323_sw_15_060_20190904_20191001 360
m_4207333_sw_18_060_20210920 320
m_3412029_nw_10_060_20200607 340
m_2909204_nw_15_060_20190706_20191001 360
m_3108750_se_16_030_20211115 1400
m_3008942_ne_16_030_20211116 1365
268.67000555992126
