load envirionment

/hpc/group/borsuklab/csr33/object_detection/naip_tiles/m_3008621_sw_16_060_20191109_20200114.tif
/hpc/group/borsuklab/csr33/object_detection/naip_tiles/m_3407824_nw_17_060_20200904.tif
/hpc/group/borsuklab/csr33/object_detection/naip_tiles/m_3907531_ne_18_060_20190726_20191209.tif
/hpc/group/borsuklab/csr33/object_detection/naip_tiles/m_4606834_se_19_060_20210817.tif
/hpc/group/borsuklab/csr33/object_detection/naip_tiles/m_3009357_ne_15_060_20201102.tif
/hpc/group/borsuklab/csr33/object_detection/naip_tiles/m_3707525_se_18_060_20210913.tif
/hpc/group/borsuklab/csr33/object_detection/naip_tiles/m_3009026_nw_15_030_20211119.tif
/hpc/group/borsuklab/csr33/object_detection/naip_tiles/m_4107448_nw_18_060_20211105.tif
/hpc/group/borsuklab/csr33/object_detection/naip_tiles/m_3008957_ne_16_030_20211116.tif
/hpc/group/borsuklab/csr33/object_detection/naip_tiles/m_4107120_ne_19_060_20210826.tif
/hpc/group/borsuklab/csr33/object_detection/naip_tiles/m_3311729_ne_11_060_20200423.tif
/hpc/group/borsuklab/csr33/object_detection/naip_tiles/m_3108240_nw_17_060_20191110_20200102.tif
/hpc/group/borsuklab/csr33/object_detection/naip_tiles/m_2909540_nw_15_060_20201116.tif
/hpc/group/borsuklab/csr33/object_detection/naip_tiles/m_3008808_nw_16_030_20211120.tif
m_3008621_sw_16_060_20191109_20200114 340
m_4107120_ne_19_060_20210826 320
m_3907531_ne_18_060_20190726_20191209 320
m_3009357_ne_15_060_20201102 340
m_4107448_nw_18_060_20211105 320
m_3707525_se_18_060_20210913 340
m_3108240_nw_17_060_20191110_20200102 340
m_4606834_se_19_060_20210817 300
m_3407824_nw_17_060_20200904 360
m_2909540_nw_15_060_20201116 360
m_3311729_ne_11_060_20200423 340
m_3009026_nw_15_030_20211119 1326
m_3008957_ne_16_030_20211116 1365
m_3008808_nw_16_030_20211120 1400
113.56373071670532
