load envirionment

/hpc/group/borsuklab/csr33/object_detection/naip_tiles/m_3008709_ne_16_030_20211112.tif
/hpc/group/borsuklab/csr33/object_detection/naip_tiles/m_3008926_nw_16_030_20211116.tif
/hpc/group/borsuklab/csr33/object_detection/naip_tiles/m_2909207_nw_15_060_20190706_20191001.tif
/hpc/group/borsuklab/csr33/object_detection/naip_tiles/m_4107317_nw_18_060_20211105.tif
/hpc/group/borsuklab/csr33/object_detection/naip_tiles/m_4207136_nw_19_060_20211105.tif
/hpc/group/borsuklab/csr33/object_detection/naip_tiles/m_3009351_sw_15_060_20201031.tif
/hpc/group/borsuklab/csr33/object_detection/naip_tiles/m_2708205_sw_17_060_20211130.tif
/hpc/group/borsuklab/csr33/object_detection/naip_tiles/m_3607754_se_18_060_20200922.tif
/hpc/group/borsuklab/csr33/object_detection/naip_tiles/m_2608054_se_17_060_20191120_20200113.tif
/hpc/group/borsuklab/csr33/object_detection/naip_tiles/m_3407736_sw_18_060_20200930.tif
/hpc/group/borsuklab/csr33/object_detection/naip_tiles/m_3009304_se_15_060_20201104.tif
/hpc/group/borsuklab/csr33/object_detection/naip_tiles/m_3407849_nw_17_060_20210513.tif
/hpc/group/borsuklab/csr33/object_detection/naip_tiles/m_2909134_nw_15_060_20190706_20191001.tif
/hpc/group/borsuklab/csr33/object_detection/naip_tiles/m_4307057_sw_19_060_20211024.tif
m_4207136_nw_19_060_20211105 320
m_3407849_nw_17_060_20210513 340
m_4107317_nw_18_060_20211105 320
m_3009351_sw_15_060_20201031 340
m_3009304_se_15_060_20201104 340
m_2708205_sw_17_060_20211130 360
m_4307057_sw_19_060_20211024 336
m_2909207_nw_15_060_20190706_20191001 360
m_2909134_nw_15_060_20190706_20191001 360
m_3607754_se_18_060_20200922 357
m_2608054_se_17_060_20191120_20200113 360
m_3407736_sw_18_060_20200930 378
m_3008926_nw_16_030_20211116 1365
m_3008709_ne_16_030_20211112 1400
121.220947265625
