load envirionment

/hpc/group/borsuklab/csr33/object_detection/naip_tiles/m_3211723_nw_11_060_20200520.tif
/hpc/group/borsuklab/csr33/object_detection/naip_tiles/m_4107424_ne_18_060_20211105.tif
/hpc/group/borsuklab/csr33/object_detection/naip_tiles/m_3008814_ne_16_030_20211112.tif
/hpc/group/borsuklab/csr33/object_detection/naip_tiles/m_2909412_ne_15_060_20201112.tif
/hpc/group/borsuklab/csr33/object_detection/naip_tiles/m_4207018_se_19_060_20211024.tif
/hpc/group/borsuklab/csr33/object_detection/naip_tiles/m_3507735_nw_18_060_20200930.tif
/hpc/group/borsuklab/csr33/object_detection/naip_tiles/m_4406716_se_19_060_20210711.tif
/hpc/group/borsuklab/csr33/object_detection/naip_tiles/m_4107121_ne_19_060_20210826.tif
/hpc/group/borsuklab/csr33/object_detection/naip_tiles/m_4107124_se_19_060_20210826.tif
/hpc/group/borsuklab/csr33/object_detection/naip_tiles/m_3211602_se_11_060_20200415.tif
/hpc/group/borsuklab/csr33/object_detection/naip_tiles/m_2508155_se_17_060_20211203.tif
/hpc/group/borsuklab/csr33/object_detection/naip_tiles/m_3009146_sw_15_030_20211114.tif
/hpc/group/borsuklab/csr33/object_detection/naip_tiles/m_2908330_ne_17_060_20211116.tif
/hpc/group/borsuklab/csr33/object_detection/naip_tiles/m_2809747_ne_14_060_20201029.tif
m_4107121_ne_19_060_20210826 320
m_4406716_se_19_060_20210711 315
m_4107124_se_19_060_20210826 336
m_2909412_ne_15_060_20201112 340
m_2508155_se_17_060_20211203 360
m_4107424_ne_18_060_20211105 320
m_3211723_nw_11_060_20200520 340
m_3211602_se_11_060_20200415 340
m_2809747_ne_14_060_20201029 360
m_4207018_se_19_060_20211024 336
m_3507735_nw_18_060_20200930 340
m_2908330_ne_17_060_20211116 360
m_3008814_ne_16_030_20211112 1400
m_3009146_sw_15_030_20211114 1326
125.518887758255
