load envirionment

/hpc/group/borsuklab/csr33/object_detection/naip_tiles/m_3807762_ne_18_060_20210630.tif
/hpc/group/borsuklab/csr33/object_detection/naip_tiles/m_3208131_ne_17_060_20210426.tif
/hpc/group/borsuklab/csr33/object_detection/naip_tiles/m_3507715_se_18_060_20200922.tif
/hpc/group/borsuklab/csr33/object_detection/naip_tiles/m_3208115_sw_17_060_20210426.tif
/hpc/group/borsuklab/csr33/object_detection/naip_tiles/m_2708004_sw_17_060_20191215_20200113.tif
/hpc/group/borsuklab/csr33/object_detection/naip_tiles/m_2809757_ne_14_060_20201116.tif
/hpc/group/borsuklab/csr33/object_detection/naip_tiles/m_2508041_nw_17_060_20211203.tif
/hpc/group/borsuklab/csr33/object_detection/naip_tiles/m_3008460_sw_16_060_20191129_20200114.tif
/hpc/group/borsuklab/csr33/object_detection/naip_tiles/m_3507650_nw_18_060_20201031.tif
/hpc/group/borsuklab/csr33/object_detection/naip_tiles/m_2508025_se_17_060_20211203.tif
/hpc/group/borsuklab/csr33/object_detection/naip_tiles/m_3008525_nw_16_060_20191109_20200114.tif
/hpc/group/borsuklab/csr33/object_detection/naip_tiles/m_3008355_ne_17_060_20211116.tif
/hpc/group/borsuklab/csr33/object_detection/naip_tiles/m_4307023_sw_19_060_20211007.tif
/hpc/group/borsuklab/csr33/object_detection/naip_tiles/m_3412031_sw_10_060_20200522.tif
m_3208115_sw_17_060_20210426 340
m_3412031_sw_10_060_20200522 340
m_3507650_nw_18_060_20201031 340
m_3008355_ne_17_060_20211116 360
m_3807762_ne_18_060_20210630 340
m_4307023_sw_19_060_20211007 320
m_2508025_se_17_060_20211203 360
m_3208131_ne_17_060_20210426 340
m_3008525_nw_16_060_20191109_20200114 340
m_3008460_sw_16_060_20191129_20200114 360
m_2708004_sw_17_060_20191215_20200113 360
m_2809757_ne_14_060_20201116 360
m_3507715_se_18_060_20200922 357
m_2508041_nw_17_060_20211203 380
87.53324174880981
