load envirionment

/hpc/group/borsuklab/csr33/object_detection/naip_tiles/m_2908208_se_17_060_20211202.tif
/hpc/group/borsuklab/csr33/object_detection/naip_tiles/m_3907549_nw_18_060_20210606.tif
/hpc/group/borsuklab/csr33/object_detection/naip_tiles/m_2609722_se_14_060_20200430.tif
/hpc/group/borsuklab/csr33/object_detection/naip_tiles/m_3311652_se_11_060_20200415.tif
/hpc/group/borsuklab/csr33/object_detection/naip_tiles/m_3211611_se_11_060_20200415.tif
/hpc/group/borsuklab/csr33/object_detection/naip_tiles/m_3707610_nw_18_060_20210912.tif
/hpc/group/borsuklab/csr33/object_detection/naip_tiles/m_3108157_se_17_060_20191110_20200102.tif
/hpc/group/borsuklab/csr33/object_detection/naip_tiles/m_2708060_sw_17_060_20191215_20200113.tif
/hpc/group/borsuklab/csr33/object_detection/naip_tiles/m_3512062_nw_10_060_20200607.tif
/hpc/group/borsuklab/csr33/object_detection/naip_tiles/m_3208057_nw_17_060_20210507.tif
/hpc/group/borsuklab/csr33/object_detection/naip_tiles/m_2909557_se_15_060_20201029.tif
/hpc/group/borsuklab/csr33/object_detection/naip_tiles/m_2609709_nw_14_060_20200503.tif
/hpc/group/borsuklab/csr33/object_detection/naip_tiles/m_3008136_nw_17_060_20211129.tif
/hpc/group/borsuklab/csr33/object_detection/naip_tiles/m_3311815_se_11_060_20200505.tif
m_3311652_se_11_060_20200415 340
m_2609722_se_14_060_20200430 360
m_3512062_nw_10_060_20200607 340
m_3008136_nw_17_060_20211129 360
m_2609709_nw_14_060_20200503 360
m_3907549_nw_18_060_20210606 320
m_3311815_se_11_060_20200505 340
m_3707610_nw_18_060_20210912 340
m_3211611_se_11_060_20200415 340
m_2708060_sw_17_060_20191215_20200113 360
m_3208057_nw_17_060_20210507 340
m_2908208_se_17_060_20211202 360
m_3108157_se_17_060_20191110_20200102 340
m_2909557_se_15_060_20201029 360
76.81319761276245
