load envirionment

/hpc/group/borsuklab/csr33/object_detection/naip_tiles/m_3707613_se_18_060_20210926.tif
/hpc/group/borsuklab/csr33/object_detection/naip_tiles/m_2908402_ne_16_060_20191128_20200114.tif
/hpc/group/borsuklab/csr33/object_detection/naip_tiles/m_3807754_sw_18_060_20210903.tif
/hpc/group/borsuklab/csr33/object_detection/naip_tiles/m_2609728_se_14_060_20201029.tif
/hpc/group/borsuklab/csr33/object_detection/naip_tiles/m_3208004_se_17_060_20210426.tif
/hpc/group/borsuklab/csr33/object_detection/naip_tiles/m_3407716_nw_18_060_20201031.tif
/hpc/group/borsuklab/csr33/object_detection/naip_tiles/m_4307020_sw_19_060_20211007.tif
/hpc/group/borsuklab/csr33/object_detection/naip_tiles/m_2909037_sw_15_030_20211130.tif
/hpc/group/borsuklab/csr33/object_detection/naip_tiles/m_3311620_sw_11_060_20200615.tif
/hpc/group/borsuklab/csr33/object_detection/naip_tiles/m_2909420_nw_15_060_20201112.tif
/hpc/group/borsuklab/csr33/object_detection/naip_tiles/m_3707644_ne_18_060_20210926.tif
/hpc/group/borsuklab/csr33/object_detection/naip_tiles/m_4406828_sw_19_060_20210914.tif
/hpc/group/borsuklab/csr33/object_detection/naip_tiles/m_4007439_ne_18_060_20190809_20191209.tif
/hpc/group/borsuklab/csr33/object_detection/naip_tiles/m_4207009_ne_19_060_20211024.tif
m_3707644_ne_18_060_20210926 340
m_4307020_sw_19_060_20211007 336
m_4207009_ne_19_060_20211024 320
m_3407716_nw_18_060_20201031 340
m_3208004_se_17_060_20210426 340
m_4406828_sw_19_060_20210914 300
m_3707613_se_18_060_20210926 340
m_4007439_ne_18_060_20190809_20191209 320
m_2609728_se_14_060_20201029 360
m_2908402_ne_16_060_20191128_20200114 360
m_3807754_sw_18_060_20210903 357
m_3311620_sw_11_060_20200615 340
m_2909420_nw_15_060_20201112 360
m_2909037_sw_15_030_20211130 1365
153.94281005859375
