load envirionment

/hpc/group/borsuklab/csr33/object_detection/naip_tiles/m_3009229_nw_15_030_20211222.tif
/hpc/group/borsuklab/csr33/object_detection/naip_tiles/m_3008746_ne_16_060_20191103_20200114.tif
/hpc/group/borsuklab/csr33/object_detection/naip_tiles/m_4506742_se_19_060_20210815.tif
/hpc/group/borsuklab/csr33/object_detection/naip_tiles/m_3407723_nw_18_060_20201031.tif
/hpc/group/borsuklab/csr33/object_detection/naip_tiles/m_4107025_ne_19_060_20210826.tif
/hpc/group/borsuklab/csr33/object_detection/naip_tiles/m_2908251_ne_17_060_20211129.tif
/hpc/group/borsuklab/csr33/object_detection/naip_tiles/m_3009352_sw_15_060_20190726_20191001.tif
/hpc/group/borsuklab/csr33/object_detection/naip_tiles/m_4107444_ne_18_060_20211106.tif
/hpc/group/borsuklab/csr33/object_detection/naip_tiles/m_3008441_nw_16_060_20191120_20200114.tif
/hpc/group/borsuklab/csr33/object_detection/naip_tiles/m_3009226_se_15_030_20211221.tif
/hpc/group/borsuklab/csr33/object_detection/naip_tiles/m_4107342_ne_18_060_20211105.tif
/hpc/group/borsuklab/csr33/object_detection/naip_tiles/m_3208028_se_17_060_20210426.tif
/hpc/group/borsuklab/csr33/object_detection/naip_tiles/m_4506728_ne_19_060_20210723.tif
/hpc/group/borsuklab/csr33/object_detection/naip_tiles/m_3208107_sw_17_060_20210426.tif
m_4107444_ne_18_060_20211106 320
m_3208107_sw_17_060_20210426 340
m_4506728_ne_19_060_20210723 300
m_4506742_se_19_060_20210815 300
m_4107342_ne_18_060_20211105 320
m_4107025_ne_19_060_20210826 320
m_3208028_se_17_060_20210426 340
m_3008746_ne_16_060_20191103_20200114 340
m_3407723_nw_18_060_20201031 340
m_3009352_sw_15_060_20190726_20191001 360
m_3008441_nw_16_060_20191120_20200114 360
m_2908251_ne_17_060_20211129 360
m_3009229_nw_15_030_20211222 1326
m_3009226_se_15_030_20211221 1326
123.28202080726624
