load envirionment

/hpc/group/borsuklab/csr33/object_detection/naip_tiles/m_2909010_nw_15_060_20190707_20191001.tif
/hpc/group/borsuklab/csr33/object_detection/naip_tiles/m_3009424_ne_15_060_20201112.tif
/hpc/group/borsuklab/csr33/object_detection/naip_tiles/m_2809657_sw_14_060_20200430.tif
/hpc/group/borsuklab/csr33/object_detection/naip_tiles/m_4107118_sw_19_060_20210926.tif
/hpc/group/borsuklab/csr33/object_detection/naip_tiles/m_2909108_se_15_060_20190707_20191001.tif
/hpc/group/borsuklab/csr33/object_detection/naip_tiles/m_3008802_se_16_030_20211112.tif
/hpc/group/borsuklab/csr33/object_detection/naip_tiles/m_2808051_nw_17_060_20191130_20200113.tif
/hpc/group/borsuklab/csr33/object_detection/naip_tiles/m_4007208_ne_18_060_20210926.tif
/hpc/group/borsuklab/csr33/object_detection/naip_tiles/m_3008258_sw_17_060_20211117.tif
/hpc/group/borsuklab/csr33/object_detection/naip_tiles/m_4406830_ne_19_060_20210919.tif
/hpc/group/borsuklab/csr33/object_detection/naip_tiles/m_3008347_nw_17_060_20211130.tif
/hpc/group/borsuklab/csr33/object_detection/naip_tiles/m_3407952_ne_17_060_20210508.tif
/hpc/group/borsuklab/csr33/object_detection/naip_tiles/m_3108816_se_16_030_20211120.tif
/hpc/group/borsuklab/csr33/object_detection/naip_tiles/m_3008328_nw_17_060_20191113_20200114.tif
m_3008328_nw_17_060_20191113_20200114 360
m_4406830_ne_19_060_20210919 300
m_2808051_nw_17_060_20191130_20200113 360
m_3407952_ne_17_060_20210508 340
m_4107118_sw_19_060_20210926 336
m_2809657_sw_14_060_20200430 360
m_4007208_ne_18_060_20210926 320
m_3008258_sw_17_060_20211117 378
m_2909108_se_15_060_20190707_20191001 378
m_3009424_ne_15_060_20201112 340
m_3008347_nw_17_060_20211130 360
m_2909010_nw_15_060_20190707_20191001 360
m_3108816_se_16_030_20211120 1400
m_3008802_se_16_030_20211112 1400
134.17503476142883
