load envirionment

/hpc/group/borsuklab/csr33/object_detection/naip_tiles/m_2809626_sw_14_060_20201029.tif
/hpc/group/borsuklab/csr33/object_detection/naip_tiles/m_3307910_nw_17_060_20210508.tif
/hpc/group/borsuklab/csr33/object_detection/naip_tiles/m_4506835_nw_19_060_20210816.tif
/hpc/group/borsuklab/csr33/object_detection/naip_tiles/m_3009044_ne_15_060_20190830_20191001.tif
/hpc/group/borsuklab/csr33/object_detection/naip_tiles/m_2608110_ne_17_060_20211223.tif
/hpc/group/borsuklab/csr33/object_detection/naip_tiles/m_4307163_ne_19_060_20211024.tif
/hpc/group/borsuklab/csr33/object_detection/naip_tiles/m_3407758_nw_18_060_20200904.tif
/hpc/group/borsuklab/csr33/object_detection/naip_tiles/m_4207116_nw_19_060_20211024.tif
/hpc/group/borsuklab/csr33/object_detection/naip_tiles/m_2808229_ne_17_060_20211130.tif
/hpc/group/borsuklab/csr33/object_detection/naip_tiles/m_3008611_sw_16_060_20191109_20200114.tif
/hpc/group/borsuklab/csr33/object_detection/naip_tiles/m_3008137_nw_17_060_20211130.tif
/hpc/group/borsuklab/csr33/object_detection/naip_tiles/m_2608037_ne_17_060_20191207_20200113.tif
/hpc/group/borsuklab/csr33/object_detection/naip_tiles/m_4207322_ne_18_060_20211106.tif
/hpc/group/borsuklab/csr33/object_detection/naip_tiles/m_3907541_sw_18_060_20210606.tif
m_3907541_sw_18_060_20210606 320
m_4207322_ne_18_060_20211106 320
m_4307163_ne_19_060_20211024 320
m_3008611_sw_16_060_20191109_20200114 340
m_4506835_nw_19_060_20210816 300
m_2808229_ne_17_060_20211130 360
m_2608037_ne_17_060_20191207_20200113 360
m_3307910_nw_17_060_20210508 340
m_3407758_nw_18_060_20200904 360
m_2608110_ne_17_060_20211223 360
m_4207116_nw_19_060_20211024 320
m_3009044_ne_15_060_20190830_20191001 360
m_2809626_sw_14_060_20201029 360
m_3008137_nw_17_060_20211130 360
88.02849245071411
