load envirionment

/hpc/group/borsuklab/csr33/object_detection/naip_tiles/m_3009245_sw_15_030_20211222.tif
/hpc/group/borsuklab/csr33/object_detection/naip_tiles/m_2908402_sw_16_060_20191128_20200114.tif
/hpc/group/borsuklab/csr33/object_detection/naip_tiles/m_3009206_nw_15_030_20211222.tif
/hpc/group/borsuklab/csr33/object_detection/naip_tiles/m_3009207_sw_15_030_20211222.tif
/hpc/group/borsuklab/csr33/object_detection/naip_tiles/m_3807657_se_18_060_20210910.tif
/hpc/group/borsuklab/csr33/object_detection/naip_tiles/m_3307945_se_17_060_20210501.tif
/hpc/group/borsuklab/csr33/object_detection/naip_tiles/m_3009439_se_15_060_20201102.tif
/hpc/group/borsuklab/csr33/object_detection/naip_tiles/m_3807531_sw_18_060_20211019.tif
/hpc/group/borsuklab/csr33/object_detection/naip_tiles/m_3907450_nw_18_060_20190830_20191209.tif
/hpc/group/borsuklab/csr33/object_detection/naip_tiles/m_2908232_se_17_060_20211202.tif
/hpc/group/borsuklab/csr33/object_detection/naip_tiles/m_3807517_ne_18_060_20210618.tif
/hpc/group/borsuklab/csr33/object_detection/naip_tiles/m_3807760_ne_18_060_20210903.tif
/hpc/group/borsuklab/csr33/object_detection/naip_tiles/m_4307003_se_19_060_20211007.tif
/hpc/group/borsuklab/csr33/object_detection/naip_tiles/m_4207452_se_18_060_20190826_20191209.tif
m_4207452_se_18_060_20190826_20191209 300
m_3907450_nw_18_060_20190830_20191209 320
m_3807760_ne_18_060_20210903 340
m_4307003_se_19_060_20211007 315
m_2908232_se_17_060_20211202 360
m_2908402_sw_16_060_20191128_20200114 360
m_3807531_sw_18_060_20211019 320
m_3807657_se_18_060_20210910 357
m_3807517_ne_18_060_20210618 320
m_3009439_se_15_060_20201102 340
m_3307945_se_17_060_20210501 340
m_3009245_sw_15_030_20211222 1326
m_3009206_nw_15_030_20211222 1326
m_3009207_sw_15_030_20211222 1326
122.19796085357666
