load envirionment

/hpc/group/borsuklab/csr33/object_detection/naip_tiles/m_2909147_sw_15_060_20190830_20191001.tif
/hpc/group/borsuklab/csr33/object_detection/naip_tiles/m_3411929_sw_11_060_20200521.tif
/hpc/group/borsuklab/csr33/object_detection/naip_tiles/m_3407832_se_17_060_20200904.tif
/hpc/group/borsuklab/csr33/object_detection/naip_tiles/m_3907640_nw_18_060_20180930_20190212.tif
/hpc/group/borsuklab/csr33/object_detection/naip_tiles/m_3607619_nw_18_060_20210912.tif
/hpc/group/borsuklab/csr33/object_detection/naip_tiles/m_4107124_ne_19_060_20210826.tif
/hpc/group/borsuklab/csr33/object_detection/naip_tiles/m_3407956_sw_17_060_20210513.tif
/hpc/group/borsuklab/csr33/object_detection/naip_tiles/m_3009407_nw_15_060_20201030.tif
/hpc/group/borsuklab/csr33/object_detection/naip_tiles/m_3008923_se_16_030_20211119.tif
/hpc/group/borsuklab/csr33/object_detection/naip_tiles/m_3108864_nw_16_030_20211120.tif
/hpc/group/borsuklab/csr33/object_detection/naip_tiles/m_2908955_nw_16_030_20211130.tif
/hpc/group/borsuklab/csr33/object_detection/naip_tiles/m_4107136_ne_19_060_20210826.tif
/hpc/group/borsuklab/csr33/object_detection/naip_tiles/m_3807731_se_18_060_20210617.tif
/hpc/group/borsuklab/csr33/object_detection/naip_tiles/m_4107415_sw_18_060_20211106.tif
m_3907640_nw_18_060_20180930_20190212 320
m_3407956_sw_17_060_20210513 340
m_4107124_ne_19_060_20210826 320
m_4107136_ne_19_060_20210826 320
m_4107415_sw_18_060_20211106 320
m_3807731_se_18_060_20210617 320
m_2909147_sw_15_060_20190830_20191001 360
m_3607619_nw_18_060_20210912 340
m_3411929_sw_11_060_20200521 340
m_3407832_se_17_060_20200904 357
m_3009407_nw_15_060_20201030 340
m_2908955_nw_16_030_20211130 1365
m_3108864_nw_16_030_20211120 1400
m_3008923_se_16_030_20211119 1435
177.54782819747925
