load envirionment

/hpc/group/borsuklab/csr33/object_detection/naip_tiles/m_4307017_sw_19_060_20211007.tif
/hpc/group/borsuklab/csr33/object_detection/naip_tiles/m_2909420_sw_15_060_20201112.tif
/hpc/group/borsuklab/csr33/object_detection/naip_tiles/m_3707535_nw_18_060_20211017.tif
/hpc/group/borsuklab/csr33/object_detection/naip_tiles/m_3407947_se_17_060_20210508.tif
/hpc/group/borsuklab/csr33/object_detection/naip_tiles/m_4407064_se_19_060_20210827.tif
/hpc/group/borsuklab/csr33/object_detection/naip_tiles/m_2609720_sw_14_060_20201209.tif
/hpc/group/borsuklab/csr33/object_detection/naip_tiles/m_3907557_ne_18_060_20210606.tif
/hpc/group/borsuklab/csr33/object_detection/naip_tiles/m_3307810_sw_17_060_20210508.tif
/hpc/group/borsuklab/csr33/object_detection/naip_tiles/m_2909003_nw_15_060_20190707_20191001.tif
/hpc/group/borsuklab/csr33/object_detection/naip_tiles/m_2508049_se_17_060_20211203.tif
/hpc/group/borsuklab/csr33/object_detection/naip_tiles/m_4506728_nw_19_060_20210723.tif
/hpc/group/borsuklab/csr33/object_detection/naip_tiles/m_4207344_ne_18_060_20211107.tif
/hpc/group/borsuklab/csr33/object_detection/naip_tiles/m_3009029_ne_15_030_20211115.tif
/hpc/group/borsuklab/csr33/object_detection/naip_tiles/m_2908504_ne_16_060_20191128_20200114.tif
m_4407064_se_19_060_20210827 300
m_2908504_ne_16_060_20191128_20200114 340
m_4506728_nw_19_060_20210723 300
m_4307017_sw_19_060_20211007 336
m_3307810_sw_17_060_20210508 340
m_3907557_ne_18_060_20210606 320
m_4207344_ne_18_060_20211107 320
m_3407947_se_17_060_20210508 340
m_3707535_nw_18_060_20211017 340
m_2508049_se_17_060_20211203 360
m_2909420_sw_15_060_20201112 360
m_2909003_nw_15_060_20190707_20191001 360
m_2609720_sw_14_060_20201209 360
m_3009029_ne_15_030_20211115 1365
169.1635980606079
