load envirionment

/hpc/group/borsuklab/csr33/object_detection/naip_tiles/m_4406964_nw_19_060_20211006.tif
/hpc/group/borsuklab/csr33/object_detection/naip_tiles/m_4107437_nw_18_060_20211106.tif
/hpc/group/borsuklab/csr33/object_detection/naip_tiles/m_3807643_sw_18_060_20210617.tif
/hpc/group/borsuklab/csr33/object_detection/naip_tiles/m_3008738_nw_16_060_20191103_20200114.tif
/hpc/group/borsuklab/csr33/object_detection/naip_tiles/m_3009317_se_15_060_20201102.tif
/hpc/group/borsuklab/csr33/object_detection/naip_tiles/m_3907645_sw_18_060_20210606.tif
/hpc/group/borsuklab/csr33/object_detection/naip_tiles/m_4107047_se_19_060_20210826.tif
/hpc/group/borsuklab/csr33/object_detection/naip_tiles/m_3907422_nw_18_060_20190920_20191209.tif
/hpc/group/borsuklab/csr33/object_detection/naip_tiles/m_3707651_ne_18_060_20210912.tif
/hpc/group/borsuklab/csr33/object_detection/naip_tiles/m_3008726_sw_16_030_20211113.tif
/hpc/group/borsuklab/csr33/object_detection/naip_tiles/m_4107335_nw_18_060_20211105.tif
/hpc/group/borsuklab/csr33/object_detection/naip_tiles/m_4307140_se_19_060_20211024.tif
/hpc/group/borsuklab/csr33/object_detection/naip_tiles/m_3008938_se_16_030_20211114.tif
/hpc/group/borsuklab/csr33/object_detection/naip_tiles/m_3008623_nw_16_060_20191109_20200114.tif
m_4307140_se_19_060_20211024 336
m_4406964_nw_19_060_20211006 300
m_4107335_nw_18_060_20211105 320
m_3008623_nw_16_060_20191109_20200114 340
m_3807643_sw_18_060_20210617 320
m_3907645_sw_18_060_20210606 320
m_3008738_nw_16_060_20191103_20200114 340
m_4107437_nw_18_060_20211106 320
m_3907422_nw_18_060_20190920_20191209 320
m_3009317_se_15_060_20201102 340
m_4107047_se_19_060_20210826 320
m_3707651_ne_18_060_20210912 340
m_3008726_sw_16_030_20211113 1400
m_3008938_se_16_030_20211114 1435
132.16648983955383
