load envirionment

/hpc/group/borsuklab/csr33/object_detection/naip_tiles/m_3009155_sw_15_030_20211119.tif
/hpc/group/borsuklab/csr33/object_detection/naip_tiles/m_2908902_se_16_030_20211129.tif
/hpc/group/borsuklab/csr33/object_detection/naip_tiles/m_2608118_sw_17_060_20211223.tif
/hpc/group/borsuklab/csr33/object_detection/naip_tiles/m_2809612_ne_14_060_20201106.tif
/hpc/group/borsuklab/csr33/object_detection/naip_tiles/m_4407062_sw_19_060_20210919.tif
/hpc/group/borsuklab/csr33/object_detection/naip_tiles/m_3407962_nw_17_060_20210508.tif
/hpc/group/borsuklab/csr33/object_detection/naip_tiles/m_3607636_se_18_060_20200922.tif
/hpc/group/borsuklab/csr33/object_detection/naip_tiles/m_2708228_se_17_060_20211130.tif
/hpc/group/borsuklab/csr33/object_detection/naip_tiles/m_4506819_se_19_060_20211006.tif
/hpc/group/borsuklab/csr33/object_detection/naip_tiles/m_3407854_sw_17_060_20200922.tif
/hpc/group/borsuklab/csr33/object_detection/naip_tiles/m_3907429_se_18_060_20190730_20191209.tif
/hpc/group/borsuklab/csr33/object_detection/naip_tiles/m_3009343_sw_15_060_20201031.tif
/hpc/group/borsuklab/csr33/object_detection/naip_tiles/m_3907449_se_18_060_20190730_20191209.tif
/hpc/group/borsuklab/csr33/object_detection/naip_tiles/m_4007408_ne_18_060_20190917_20191209.tif
m_2809612_ne_14_060_20201106 360
m_3907449_se_18_060_20190730_20191209 320
m_3009343_sw_15_060_20201031 340
m_4407062_sw_19_060_20210919 320
m_2708228_se_17_060_20211130 360
m_4506819_se_19_060_20211006 300
m_3407854_sw_17_060_20200922 378
m_4007408_ne_18_060_20190917_20191209 300
m_3907429_se_18_060_20190730_20191209 320
m_3607636_se_18_060_20200922 340
m_3407962_nw_17_060_20210508 340
m_2608118_sw_17_060_20211223 380
m_3009155_sw_15_030_20211119 1326
m_2908902_se_16_030_20211129 1365
129.60084414482117
