load envirionment

/hpc/group/borsuklab/csr33/object_detection/naip_tiles/m_3008607_se_16_060_20191109_20200114.tif
/hpc/group/borsuklab/csr33/object_detection/naip_tiles/m_4107132_nw_19_060_20210826.tif
/hpc/group/borsuklab/csr33/object_detection/naip_tiles/m_3507761_nw_18_060_20200930.tif
/hpc/group/borsuklab/csr33/object_detection/naip_tiles/m_3008639_ne_16_060_20191109_20200114.tif
/hpc/group/borsuklab/csr33/object_detection/naip_tiles/m_3108264_sw_17_060_20191110_20200102.tif
/hpc/group/borsuklab/csr33/object_detection/naip_tiles/m_3807501_nw_18_060_20210606.tif
/hpc/group/borsuklab/csr33/object_detection/naip_tiles/m_3009157_ne_15_030_20211113.tif
/hpc/group/borsuklab/csr33/object_detection/naip_tiles/m_4506824_se_19_060_20210831.tif
/hpc/group/borsuklab/csr33/object_detection/naip_tiles/m_3707504_sw_18_060_20211017.tif
/hpc/group/borsuklab/csr33/object_detection/naip_tiles/m_4307057_se_19_060_20211024.tif
/hpc/group/borsuklab/csr33/object_detection/naip_tiles/m_3907407_se_18_060_20190809_20191209.tif
/hpc/group/borsuklab/csr33/object_detection/naip_tiles/m_3311714_se_11_060_20200423.tif
/hpc/group/borsuklab/csr33/object_detection/naip_tiles/m_3009236_se_15_030_20211223.tif
/hpc/group/borsuklab/csr33/object_detection/naip_tiles/m_3108808_se_16_030_20211120.tif
m_4107132_nw_19_060_20210826 320
m_4307057_se_19_060_20211024 336
m_3907407_se_18_060_20190809_20191209 320
m_3311714_se_11_060_20200423 340
m_4506824_se_19_060_20210831 300
m_3807501_nw_18_060_20210606 320
m_3108264_sw_17_060_20191110_20200102 340
m_3507761_nw_18_060_20200930 340
m_3707504_sw_18_060_20211017 340
m_3008607_se_16_060_20191109_20200114 340
m_3008639_ne_16_060_20191109_20200114 340
m_3009236_se_15_030_20211223 1326
m_3009157_ne_15_030_20211113 1326
m_3108808_se_16_030_20211120 1400
165.56558561325073
