load envirionment

/hpc/group/borsuklab/csr33/object_detection/naip_tiles/m_3311629_nw_11_060_20200525.tif
/hpc/group/borsuklab/csr33/object_detection/naip_tiles/m_4107348_sw_18_060_20211106.tif
/hpc/group/borsuklab/csr33/object_detection/naip_tiles/m_2608150_se_17_060_20211223.tif
/hpc/group/borsuklab/csr33/object_detection/naip_tiles/m_4007429_se_18_060_20190830_20191209.tif
/hpc/group/borsuklab/csr33/object_detection/naip_tiles/m_4506836_sw_19_060_20211006.tif
/hpc/group/borsuklab/csr33/object_detection/naip_tiles/m_3009243_sw_15_060_20190905_20191001.tif
/hpc/group/borsuklab/csr33/object_detection/naip_tiles/m_2909220_nw_15_060_20190706_20191001.tif
/hpc/group/borsuklab/csr33/object_detection/naip_tiles/m_3307801_se_17_060_20210508.tif
/hpc/group/borsuklab/csr33/object_detection/naip_tiles/m_2909523_ne_15_060_20201130.tif
/hpc/group/borsuklab/csr33/object_detection/naip_tiles/m_3008706_ne_16_030_20211115.tif
/hpc/group/borsuklab/csr33/object_detection/naip_tiles/m_3108859_se_16_030_20211123.tif
/hpc/group/borsuklab/csr33/object_detection/naip_tiles/m_2909425_sw_15_060_20201116.tif
/hpc/group/borsuklab/csr33/object_detection/naip_tiles/m_3807764_nw_18_060_20210630.tif
/hpc/group/borsuklab/csr33/object_detection/naip_tiles/m_3907627_ne_18_060_20210616.tif
m_3907627_ne_18_060_20210616 320
m_3311629_nw_11_060_20200525 340
m_4107348_sw_18_060_20211106 336
m_4506836_sw_19_060_20211006 300
m_2608150_se_17_060_20211223 360
m_2909220_nw_15_060_20190706_20191001 360
m_3807764_nw_18_060_20210630 340
m_3307801_se_17_060_20210508 340
m_2909425_sw_15_060_20201116 360
m_3009243_sw_15_060_20190905_20191001 360
m_2909523_ne_15_060_20201130 360
m_4007429_se_18_060_20190830_20191209 300
m_3108859_se_16_030_20211123 1400
m_3008706_ne_16_030_20211115 1365
144.83888459205627
