load envirionment

/hpc/group/borsuklab/csr33/object_detection/naip_tiles/m_3607620_sw_18_060_20210926.tif
/hpc/group/borsuklab/csr33/object_detection/naip_tiles/m_3108145_ne_17_060_20211203.tif
/hpc/group/borsuklab/csr33/object_detection/naip_tiles/m_3008811_ne_16_030_20211112.tif
/hpc/group/borsuklab/csr33/object_detection/naip_tiles/m_2609761_nw_14_060_20201029.tif
/hpc/group/borsuklab/csr33/object_detection/naip_tiles/m_2508105_nw_17_060_20211203.tif
/hpc/group/borsuklab/csr33/object_detection/naip_tiles/m_3108815_ne_16_030_20211120.tif
/hpc/group/borsuklab/csr33/object_detection/naip_tiles/m_3008353_nw_17_060_20191121_20200114.tif
/hpc/group/borsuklab/csr33/object_detection/naip_tiles/m_3807517_nw_18_060_20210618.tif
/hpc/group/borsuklab/csr33/object_detection/naip_tiles/m_4107233_nw_18_060_20211105.tif
/hpc/group/borsuklab/csr33/object_detection/naip_tiles/m_2909113_nw_15_060_20190706_20191001.tif
/hpc/group/borsuklab/csr33/object_detection/naip_tiles/m_2708055_nw_17_060_20191215_20200113.tif
/hpc/group/borsuklab/csr33/object_detection/naip_tiles/m_3507636_sw_18_060_20201018.tif
/hpc/group/borsuklab/csr33/object_detection/naip_tiles/m_2708246_ne_17_060_20211130.tif
/hpc/group/borsuklab/csr33/object_detection/naip_tiles/m_2708126_nw_17_060_20211202.tif
m_4107233_nw_18_060_20211105 320
m_3807517_nw_18_060_20210618 320
m_3108145_ne_17_060_20211203 340
m_3607620_sw_18_060_20210926 357
m_2708126_nw_17_060_20211202 360
m_2708246_ne_17_060_20211130 360
m_3008353_nw_17_060_20191121_20200114 360
m_2909113_nw_15_060_20190706_20191001 360
m_2708055_nw_17_060_20191215_20200113 360
m_3507636_sw_18_060_20201018 340
m_2609761_nw_14_060_20201029 360
m_2508105_nw_17_060_20211203 380
m_3008811_ne_16_030_20211112 1400
m_3108815_ne_16_030_20211120 1400
119.65560531616211
