load envirionment

/hpc/group/borsuklab/csr33/object_detection/naip_tiles/m_3407712_sw_18_060_20200930.tif
/hpc/group/borsuklab/csr33/object_detection/naip_tiles/m_3907541_se_18_060_20210606.tif
/hpc/group/borsuklab/csr33/object_detection/naip_tiles/m_3707736_ne_18_060_20210910.tif
/hpc/group/borsuklab/csr33/object_detection/naip_tiles/m_2708159_nw_17_060_20191129_20200113.tif
/hpc/group/borsuklab/csr33/object_detection/naip_tiles/m_2808250_se_17_1_20171103_20180201.tif
/hpc/group/borsuklab/csr33/object_detection/naip_tiles/m_2909545_nw_15_060_20201117.tif
/hpc/group/borsuklab/csr33/object_detection/naip_tiles/m_3211610_se_11_060_20200425.tif
/hpc/group/borsuklab/csr33/object_detection/naip_tiles/m_2909001_nw_15_060_20190707_20191001.tif
/hpc/group/borsuklab/csr33/object_detection/naip_tiles/m_2909123_nw_15_060_20190707_20191001.tif
/hpc/group/borsuklab/csr33/object_detection/naip_tiles/m_3009442_nw_15_060_20201112.tif
/hpc/group/borsuklab/csr33/object_detection/naip_tiles/m_3707602_sw_18_060_20210912.tif
/hpc/group/borsuklab/csr33/object_detection/naip_tiles/m_3008530_nw_16_060_20191118_20200114.tif
/hpc/group/borsuklab/csr33/object_detection/naip_tiles/m_2809512_ne_15_060_20201117.tif
/hpc/group/borsuklab/csr33/object_detection/naip_tiles/m_4506847_nw_19_060_20210929.tif
m_2808250_se_17_1_20171103_20180201 132
m_3907541_se_18_060_20210606 320
m_2809512_ne_15_060_20201117 360
m_3009442_nw_15_060_20201112 340
m_2909545_nw_15_060_20201117 360
m_4506847_nw_19_060_20210929 300
m_2909001_nw_15_060_20190707_20191001 360
m_3211610_se_11_060_20200425 340
m_2708159_nw_17_060_20191129_20200113 360
m_3707736_ne_18_060_20210910 340
m_3707602_sw_18_060_20210912 357
m_2909123_nw_15_060_20190707_20191001 360
m_3008530_nw_16_060_20191118_20200114 340
m_3407712_sw_18_060_20200930 378
67.98230457305908
