load envirionment

/hpc/group/borsuklab/csr33/object_detection/naip_tiles/m_4007545_ne_18_060_20191019_20191203.tif
/hpc/group/borsuklab/csr33/object_detection/naip_tiles/m_3308064_sw_17_060_20210426.tif
/hpc/group/borsuklab/csr33/object_detection/naip_tiles/m_4107430_ne_18_060_20211106.tif
/hpc/group/borsuklab/csr33/object_detection/naip_tiles/m_2909516_sw_15_060_20201118.tif
/hpc/group/borsuklab/csr33/object_detection/naip_tiles/m_3407723_sw_18_060_20201031.tif
/hpc/group/borsuklab/csr33/object_detection/naip_tiles/m_2708030_nw_17_060_20191215_20200113.tif
/hpc/group/borsuklab/csr33/object_detection/naip_tiles/m_3307941_se_17_060_20210508.tif
/hpc/group/borsuklab/csr33/object_detection/naip_tiles/m_2709734_nw_14_060_20200501.tif
/hpc/group/borsuklab/csr33/object_detection/naip_tiles/m_2809509_sw_15_060_20201029.tif
/hpc/group/borsuklab/csr33/object_detection/naip_tiles/m_2908123_nw_17_060_20211130.tif
/hpc/group/borsuklab/csr33/object_detection/naip_tiles/m_3208042_sw_17_060_20210507.tif
/hpc/group/borsuklab/csr33/object_detection/naip_tiles/m_2909657_ne_14_060_20201116.tif
/hpc/group/borsuklab/csr33/object_detection/naip_tiles/m_2908313_se_17_060_20211130.tif
/hpc/group/borsuklab/csr33/object_detection/naip_tiles/m_3407743_nw_18_060_20200930.tif
m_3208042_sw_17_060_20210507 340
m_3308064_sw_17_060_20210426 340
m_2809509_sw_15_060_20201029 360
m_2709734_nw_14_060_20200501 360
m_4107430_ne_18_060_20211106 320
m_4007545_ne_18_060_20191019_20191203 320
m_3407743_nw_18_060_20200930 360
m_2908313_se_17_060_20211130 378
m_2708030_nw_17_060_20191215_20200113 360
m_2909516_sw_15_060_20201118 360
m_2908123_nw_17_060_20211130 360
m_2909657_ne_14_060_20201116 360
m_3307941_se_17_060_20210508 340
m_3407723_sw_18_060_20201031 378
84.02482342720032
