load envirionment

/hpc/group/borsuklab/csr33/object_detection/naip_tiles/m_2808261_sw_17_060_20211130.tif
/hpc/group/borsuklab/csr33/object_detection/naip_tiles/m_3009160_nw_15_030_20211114.tif
/hpc/group/borsuklab/csr33/object_detection/naip_tiles/m_2909208_sw_15_060_20190706_20191001.tif
/hpc/group/borsuklab/csr33/object_detection/naip_tiles/m_4007451_nw_18_060_20190730_20191209.tif
/hpc/group/borsuklab/csr33/object_detection/naip_tiles/m_3807520_sw_18_060_20211019.tif
/hpc/group/borsuklab/csr33/object_detection/naip_tiles/m_3307928_sw_17_060_20210501.tif
/hpc/group/borsuklab/csr33/object_detection/naip_tiles/m_4406831_se_19_060_20210920.tif
/hpc/group/borsuklab/csr33/object_detection/naip_tiles/m_4007433_sw_18_060_20191014_20191203.tif
/hpc/group/borsuklab/csr33/object_detection/naip_tiles/m_3009244_sw_15_060_20190706_20191001.tif
/hpc/group/borsuklab/csr33/object_detection/naip_tiles/m_3307913_ne_17_060_20210501.tif
/hpc/group/borsuklab/csr33/object_detection/naip_tiles/m_2909011_ne_15_060_20190707_20191001.tif
/hpc/group/borsuklab/csr33/object_detection/naip_tiles/m_3507617_sw_18_060_20200922.tif
/hpc/group/borsuklab/csr33/object_detection/naip_tiles/m_3008456_ne_16_060_20191205_20200114.tif
/hpc/group/borsuklab/csr33/object_detection/naip_tiles/m_2809510_ne_15_060_20201029.tif
m_3307928_sw_17_060_20210501 340
m_3009244_sw_15_060_20190706_20191001 360
m_4406831_se_19_060_20210920 300
m_4007451_nw_18_060_20190730_20191209 300
m_3807520_sw_18_060_20211019 320
m_4007433_sw_18_060_20191014_20191203 320
m_3307913_ne_17_060_20210501 340
m_2809510_ne_15_060_20201029 360
m_3507617_sw_18_060_20200922 357
m_2808261_sw_17_060_20211130 360
m_2909011_ne_15_060_20190707_20191001 360
m_3008456_ne_16_060_20191205_20200114 360
m_2909208_sw_15_060_20190706_20191001 360
m_3009160_nw_15_030_20211114 1326
122.2401225566864
