load envirionment

/hpc/group/borsuklab/csr33/object_detection/naip_tiles/m_3407621_nw_18_060_20201018.tif
/hpc/group/borsuklab/csr33/object_detection/naip_tiles/m_4307154_se_19_060_20211024.tif
/hpc/group/borsuklab/csr33/object_detection/naip_tiles/m_2908259_sw_17_060_20211129.tif
/hpc/group/borsuklab/csr33/object_detection/naip_tiles/m_3308039_nw_17_060_20210501.tif
/hpc/group/borsuklab/csr33/object_detection/naip_tiles/m_2909420_ne_15_060_20201112.tif
/hpc/group/borsuklab/csr33/object_detection/naip_tiles/m_3607659_ne_18_060_20200516.tif
/hpc/group/borsuklab/csr33/object_detection/naip_tiles/m_3607637_ne_18_060_20201001.tif
/hpc/group/borsuklab/csr33/object_detection/naip_tiles/m_4207138_nw_19_060_20211024.tif
/hpc/group/borsuklab/csr33/object_detection/naip_tiles/m_2809715_se_14_060_20200501.tif
/hpc/group/borsuklab/csr33/object_detection/naip_tiles/m_2908312_nw_17_060_20191121_20200114.tif
/hpc/group/borsuklab/csr33/object_detection/naip_tiles/m_2708213_se_17_060_20211130.tif
/hpc/group/borsuklab/csr33/object_detection/naip_tiles/m_3009331_se_15_060_20190905_20191001.tif
/hpc/group/borsuklab/csr33/object_detection/naip_tiles/m_3907428_se_18_060_20190730_20191209.tif
/hpc/group/borsuklab/csr33/object_detection/naip_tiles/m_2808215_nw_17_060_20211130.tif
m_2909420_ne_15_060_20201112 360
m_3308039_nw_17_060_20210501 340
m_2908259_sw_17_060_20211129 360
m_4207138_nw_19_060_20211024 320
m_2809715_se_14_060_20200501 360
m_2808215_nw_17_060_20211130 360
m_3907428_se_18_060_20190730_20191209 320
m_2908312_nw_17_060_20191121_20200114 360
m_3009331_se_15_060_20190905_20191001 360
m_3407621_nw_18_060_20201018 340
m_4307154_se_19_060_20211024 336
m_3607637_ne_18_060_20201001 340
m_2708213_se_17_060_20211130 360
m_3607659_ne_18_060_20200516 340
86.20750522613525
