load envirionment

/hpc/group/borsuklab/csr33/object_detection/naip_tiles/m_3607642_nw_18_060_20200922.tif
/hpc/group/borsuklab/csr33/object_detection/naip_tiles/m_2508140_se_17_060_20211203.tif
/hpc/group/borsuklab/csr33/object_detection/naip_tiles/m_4307045_ne_19_060_20210722.tif
/hpc/group/borsuklab/csr33/object_detection/naip_tiles/m_4307004_ne_19_060_20211007.tif
/hpc/group/borsuklab/csr33/object_detection/naip_tiles/m_4307010_nw_19_060_20211007.tif
/hpc/group/borsuklab/csr33/object_detection/naip_tiles/m_2909407_ne_15_060_20201102.tif
/hpc/group/borsuklab/csr33/object_detection/naip_tiles/m_3707711_se_18_060_20210910.tif
/hpc/group/borsuklab/csr33/object_detection/naip_tiles/m_4406819_nw_19_060_20210723.tif
/hpc/group/borsuklab/csr33/object_detection/naip_tiles/m_2909113_ne_15_060_20190706_20191001.tif
/hpc/group/borsuklab/csr33/object_detection/naip_tiles/m_3907521_ne_18_060_20190726_20191209.tif
/hpc/group/borsuklab/csr33/object_detection/naip_tiles/m_3008623_se_16_060_20191109_20200114.tif
/hpc/group/borsuklab/csr33/object_detection/naip_tiles/m_4307029_nw_19_060_20210722.tif
/hpc/group/borsuklab/csr33/object_detection/naip_tiles/m_3907437_nw_18_060_20190730_20191209.tif
/hpc/group/borsuklab/csr33/object_detection/naip_tiles/m_4406952_sw_19_060_20210904.tif
m_4307045_ne_19_060_20210722 300
m_3907521_ne_18_060_20190726_20191209 320
m_4307010_nw_19_060_20211007 320
m_4406819_nw_19_060_20210723 300
m_3607642_nw_18_060_20200922 340
m_3008623_se_16_060_20191109_20200114 340
m_2909407_ne_15_060_20201102 340
m_2508140_se_17_060_20211203 360
m_2909113_ne_15_060_20190706_20191001 360
m_3707711_se_18_060_20210910 357
m_4307004_ne_19_060_20211007 300
m_4406952_sw_19_060_20210904 300
m_3907437_nw_18_060_20190730_20191209 320
m_4307029_nw_19_060_20210722 320
147.8556022644043
