load envirionment

/hpc/group/borsuklab/csr33/object_detection/naip_tiles/m_3311646_nw_11_060_20200415.tif
/hpc/group/borsuklab/csr33/object_detection/naip_tiles/m_2608154_sw_17_060_20191128_20200113.tif
/hpc/group/borsuklab/csr33/object_detection/naip_tiles/m_4107201_se_18_060_20211105.tif
/hpc/group/borsuklab/csr33/object_detection/naip_tiles/m_4506751_nw_19_060_20210815.tif
/hpc/group/borsuklab/csr33/object_detection/naip_tiles/m_4107448_sw_18_060_20211105.tif
/hpc/group/borsuklab/csr33/object_detection/naip_tiles/m_2908148_sw_17_060_20211130.tif
/hpc/group/borsuklab/csr33/object_detection/naip_tiles/m_3008104_se_17_060_20211203.tif
/hpc/group/borsuklab/csr33/object_detection/naip_tiles/m_3009026_ne_15_030_20211120.tif
/hpc/group/borsuklab/csr33/object_detection/naip_tiles/m_3607533_ne_18_060_20200516.tif
/hpc/group/borsuklab/csr33/object_detection/naip_tiles/m_3008731_sw_16_060_20191103_20200114.tif
/hpc/group/borsuklab/csr33/object_detection/naip_tiles/m_3009329_se_15_030_20211122.tif
/hpc/group/borsuklab/csr33/object_detection/naip_tiles/m_2908120_nw_17_060_20211129.tif
/hpc/group/borsuklab/csr33/object_detection/naip_tiles/m_3008803_ne_16_030_20211123.tif
/hpc/group/borsuklab/csr33/object_detection/naip_tiles/m_3907430_ne_18_060_20190730_20191209.tif
m_3008731_sw_16_060_20191103_20200114 340
m_2908120_nw_17_060_20211129 360
m_4107201_se_18_060_20211105 336
m_3311646_nw_11_060_20200415 340
m_3008104_se_17_060_20211203 340
m_2908148_sw_17_060_20211130 360
m_4506751_nw_19_060_20210815 300
m_4107448_sw_18_060_20211105 320
m_3907430_ne_18_060_20190730_20191209 320
m_3607533_ne_18_060_20200516 340
m_2608154_sw_17_060_20191128_20200113 360
m_3009026_ne_15_030_20211120 1326
m_3009329_se_15_030_20211122 1326
m_3008803_ne_16_030_20211123 1400
132.9819996356964
