load envirionment

/hpc/group/borsuklab/csr33/object_detection/naip_tiles/m_4007320_nw_18_060_20211106.tif
/hpc/group/borsuklab/csr33/object_detection/naip_tiles/m_3008526_nw_16_060_20191109_20200114.tif
/hpc/group/borsuklab/csr33/object_detection/naip_tiles/m_4007206_ne_18_060_20210926.tif
/hpc/group/borsuklab/csr33/object_detection/naip_tiles/m_4406712_se_19_060_20210907.tif
/hpc/group/borsuklab/csr33/object_detection/naip_tiles/m_4406845_ne_19_060_20210914.tif
/hpc/group/borsuklab/csr33/object_detection/naip_tiles/m_3208036_sw_17_060_20210507.tif
/hpc/group/borsuklab/csr33/object_detection/naip_tiles/m_2908243_se_17_060_20211129.tif
/hpc/group/borsuklab/csr33/object_detection/naip_tiles/m_3009053_se_15_030_20211115.tif
/hpc/group/borsuklab/csr33/object_detection/naip_tiles/m_3307808_nw_17_060_20200904.tif
/hpc/group/borsuklab/csr33/object_detection/naip_tiles/m_4307008_nw_19_060_20211006.tif
/hpc/group/borsuklab/csr33/object_detection/naip_tiles/m_2708211_sw_17_060_20211201.tif
/hpc/group/borsuklab/csr33/object_detection/naip_tiles/m_2909125_se_15_060_20190706_20191001.tif
/hpc/group/borsuklab/csr33/object_detection/naip_tiles/m_3009142_ne_15_030_20211113.tif
/hpc/group/borsuklab/csr33/object_detection/naip_tiles/m_3008727_nw_16_030_20211119.tif
m_4406845_ne_19_060_20210914 300
m_3008526_nw_16_060_20191109_20200114 340
m_4007320_nw_18_060_20211106 320
m_4007206_ne_18_060_20210926 320
m_2908243_se_17_060_20211129 360
m_2909125_se_15_060_20190706_20191001 360
m_4307008_nw_19_060_20211006 300
m_4406712_se_19_060_20210907 315
m_3208036_sw_17_060_20210507 340
m_3307808_nw_17_060_20200904 360
m_2708211_sw_17_060_20211201 360
m_3009053_se_15_030_20211115 1365
m_3009142_ne_15_030_20211113 1326
m_3008727_nw_16_030_20211119 1400
137.51211619377136
