load envirionment

/hpc/group/borsuklab/csr33/object_detection/naip_tiles/m_3411919_sw_11_060_20200521.tif
/hpc/group/borsuklab/csr33/object_detection/naip_tiles/m_2708221_se_17_060_20211130.tif
/hpc/group/borsuklab/csr33/object_detection/naip_tiles/m_3009241_sw_15_060_20190905_20191001.tif
/hpc/group/borsuklab/csr33/object_detection/naip_tiles/m_2809609_ne_14_060_20201116.tif
/hpc/group/borsuklab/csr33/object_detection/naip_tiles/m_2908403_sw_16_060_20191128_20200114.tif
/hpc/group/borsuklab/csr33/object_detection/naip_tiles/m_3707659_se_18_060_20210912.tif
/hpc/group/borsuklab/csr33/object_detection/naip_tiles/m_4107106_se_19_060_20210826.tif
/hpc/group/borsuklab/csr33/object_detection/naip_tiles/m_2608052_ne_17_060_20191203_20200113.tif
/hpc/group/borsuklab/csr33/object_detection/naip_tiles/m_3108122_nw_17_060_20191110_20200102.tif
/hpc/group/borsuklab/csr33/object_detection/naip_tiles/m_3008932_nw_16_030_20211119.tif
/hpc/group/borsuklab/csr33/object_detection/naip_tiles/m_4406831_ne_19_060_20210920.tif
/hpc/group/borsuklab/csr33/object_detection/naip_tiles/m_3407850_se_17_060_20200922.tif
/hpc/group/borsuklab/csr33/object_detection/naip_tiles/m_3009241_nw_15_060_20190901_20191001.tif
/hpc/group/borsuklab/csr33/object_detection/naip_tiles/m_4207328_ne_18_060_20211107.tif
m_3009241_nw_15_060_20190901_20191001 360
m_2608052_ne_17_060_20191203_20200113 360
m_3707659_se_18_060_20210912 357
m_2908403_sw_16_060_20191128_20200114 360
m_3411919_sw_11_060_20200521 340
m_4107106_se_19_060_20210826 336
m_2708221_se_17_060_20211130 360
m_4207328_ne_18_060_20211107 320
m_3108122_nw_17_060_20191110_20200102 340
m_4406831_ne_19_060_20210920 300
m_2809609_ne_14_060_20201116 360
m_3009241_sw_15_060_20190905_20191001 360
m_3407850_se_17_060_20200922 357
m_3008932_nw_16_030_20211119 1440
115.56782245635986
