load envirionment

/work/csr33/images_for_predictions/naip_tiles/m_4307033_nw_19_060_20211007.tif
/work/csr33/images_for_predictions/naip_tiles/m_4407040_ne_19_060_20210827.tif
/work/csr33/images_for_predictions/naip_tiles/m_3208151_ne_17_060_20191109_20200102.tif
/work/csr33/images_for_predictions/naip_tiles/m_3607662_nw_18_060_20200922.tif
/work/csr33/images_for_predictions/naip_tiles/m_3008357_ne_17_060_20191117_20200114.tif
/work/csr33/images_for_predictions/naip_tiles/m_2908522_ne_16_060_20191118_20200114.tif
/work/csr33/images_for_predictions/naip_tiles/m_3008120_ne_17_060_20211203.tif
/work/csr33/images_for_predictions/naip_tiles/m_3009436_se_15_060_20201112.tif
/work/csr33/images_for_predictions/naip_tiles/m_4406726_nw_19_060_20210907.tif
/work/csr33/images_for_predictions/naip_tiles/m_4307018_ne_19_060_20211007.tif
/work/csr33/images_for_predictions/naip_tiles/m_3208138_ne_17_060_20191109_20200102.tif
/work/csr33/images_for_predictions/naip_tiles/m_3311612_nw_11_060_20200416.tif
/work/csr33/images_for_predictions/naip_tiles/m_4107209_sw_18_060_20211106.tif
/work/csr33/images_for_predictions/naip_tiles/m_3009344_ne_15_060_20190901_20191001.tif
/work/csr33/images_for_predictions/naip_tiles/m_4007321_se_18_060_20211103.tif
/work/csr33/images_for_predictions/naip_tiles/m_3009241_ne_15_030_20211221.tif
/work/csr33/images_for_predictions/naip_tiles/m_4506821_ne_19_060_20210921.tif
m_4406726_nw_19_060_20210907 300
/work/csr33/images_for_predictions/naip_tiles/m_3507606_nw_18_060_20200922.tif
m_4407040_ne_19_060_20210827 300
m_4307018_ne_19_060_20211007 300
m_4307033_nw_19_060_20211007 320
m_4007321_se_18_060_20211103 336
m_3208151_ne_17_060_20191109_20200102 340
m_3311612_nw_11_060_20200416 340
m_3208138_ne_17_060_20191109_20200102 340
m_3607662_nw_18_060_20200922 340
m_3009436_se_15_060_20201112 340
m_3008120_ne_17_060_20211203 340
m_4107209_sw_18_060_20211106 336
m_3008357_ne_17_060_20191117_20200114 360
m_2908522_ne_16_060_20191118_20200114 360
m_3009344_ne_15_060_20190901_20191001 360
m_4506821_ne_19_060_20210921 300
m_3507606_nw_18_060_20200922 340
m_3009241_ne_15_030_20211221 1326
887.0298008918762
