Traceback (most recent call last):
  File "/hpc/home/csr33/ast_object_detection/src/predict.py", line 320, in <module>
    predict(args)
  File "/hpc/home/csr33/ast_object_detection/src/predict.py", line 299, in predict
    merged_df_by_tank[["utm_coords","latlon_coords"]] = merged_df_by_tank["bbox_pixel_coords"].apply(\
                                                        ^^^^^^^^^^^^^^^^^^^^^^^^^^^^^^^^^^^^^^^^^^^^^^
  File "/hpc/group/borsuklab/cred/.conda/envs/yolov8/lib/python3.11/site-packages/pandas/core/series.py", line 4904, in apply
    ).apply()
      ^^^^^^^
  File "/hpc/group/borsuklab/cred/.conda/envs/yolov8/lib/python3.11/site-packages/pandas/core/apply.py", line 1427, in apply
    return self.apply_standard()
           ^^^^^^^^^^^^^^^^^^^^^
  File "/hpc/group/borsuklab/cred/.conda/envs/yolov8/lib/python3.11/site-packages/pandas/core/apply.py", line 1507, in apply_standard
    mapped = obj._map_values(
             ^^^^^^^^^^^^^^^^
  File "/hpc/group/borsuklab/cred/.conda/envs/yolov8/lib/python3.11/site-packages/pandas/core/base.py", line 921, in _map_values
    return algorithms.map_array(arr, mapper, na_action=na_action, convert=convert)
           ^^^^^^^^^^^^^^^^^^^^^^^^^^^^^^^^^^^^^^^^^^^^^^^^^^^^^^^^^^^^^^^^^^^^^^^
  File "/hpc/group/borsuklab/cred/.conda/envs/yolov8/lib/python3.11/site-packages/pandas/core/algorithms.py", line 1743, in map_array
    return lib.map_infer(values, mapper, convert=convert)
           ^^^^^^^^^^^^^^^^^^^^^^^^^^^^^^^^^^^^^^^^^^^^^^
  File "lib.pyx", line 2972, in pandas._libs.lib.map_infer
  File "/hpc/home/csr33/ast_object_detection/src/predict.py", line 300, in <lambda>
    lambda box: get_crs_coords(box, utmx, utmy, utm_proj))
                ^^^^^^^^^^^^^^^^^^^^^^^^^^^^^^^^^^^^^^^^^
  File "/hpc/home/csr33/ast_object_detection/src/predict.py", line 143, in get_crs_coords
    nw_lon, nw_lat = transform_point_utm_to_wgs84(utm_proj, utmx[minx], utmy[miny])
                     ^^^^^^^^^^^^^^^^^^^^^^^^^^^^^^^^^^^^^^^^^^^^^^^^^^^^^^^^^^^^^^
  File "/hpc/home/csr33/ast_object_detection/src/predict.py", line 129, in transform_point_utm_to_wgs84
    utm = pyproj.CRS(utm_proj)
          ^^^^^^
NameError: name 'pyproj' is not defined
